[2024-11-14T00:17:54.207+0000] {processor.py:186} INFO - Started process (PID=683) to work on /opt/airflow/dags/sample_dag.py
[2024-11-14T00:17:54.208+0000] {processor.py:914} INFO - Processing file /opt/airflow/dags/sample_dag.py for tasks to queue
[2024-11-14T00:17:54.210+0000] {logging_mixin.py:190} INFO - [2024-11-14T00:17:54.210+0000] {dagbag.py:588} INFO - Filling up the DagBag from /opt/airflow/dags/sample_dag.py
[2024-11-14T00:17:54.221+0000] {processor.py:925} INFO - DAG(s) 'weather_etl' retrieved from /opt/airflow/dags/sample_dag.py
[2024-11-14T00:17:54.271+0000] {logging_mixin.py:190} INFO - [2024-11-14T00:17:54.270+0000] {override.py:1911} INFO - Created Permission View: can delete on DAG:weather_etl
[2024-11-14T00:17:54.274+0000] {logging_mixin.py:190} INFO - [2024-11-14T00:17:54.274+0000] {override.py:1911} INFO - Created Permission View: can read on DAG:weather_etl
[2024-11-14T00:17:54.276+0000] {logging_mixin.py:190} INFO - [2024-11-14T00:17:54.276+0000] {override.py:1911} INFO - Created Permission View: can edit on DAG:weather_etl
[2024-11-14T00:17:54.279+0000] {logging_mixin.py:190} INFO - [2024-11-14T00:17:54.279+0000] {override.py:1911} INFO - Created Permission View: can delete on DAG Run:weather_etl
[2024-11-14T00:17:54.280+0000] {logging_mixin.py:190} INFO - [2024-11-14T00:17:54.280+0000] {override.py:1911} INFO - Created Permission View: can read on DAG Run:weather_etl
[2024-11-14T00:17:54.282+0000] {logging_mixin.py:190} INFO - [2024-11-14T00:17:54.282+0000] {override.py:1911} INFO - Created Permission View: can create on DAG Run:weather_etl
[2024-11-14T00:17:54.283+0000] {logging_mixin.py:190} INFO - [2024-11-14T00:17:54.283+0000] {override.py:1911} INFO - Created Permission View: menu access on DAG Run:weather_etl
[2024-11-14T00:17:54.284+0000] {logging_mixin.py:190} INFO - [2024-11-14T00:17:54.284+0000] {dag.py:3239} INFO - Sync 1 DAGs
[2024-11-14T00:17:54.289+0000] {logging_mixin.py:190} INFO - [2024-11-14T00:17:54.289+0000] {dag.py:3262} INFO - Creating ORM DAG for weather_etl
[2024-11-14T00:17:54.293+0000] {logging_mixin.py:190} INFO - [2024-11-14T00:17:54.293+0000] {dag.py:4180} INFO - Setting next_dagrun for weather_etl to 2024-01-02 00:00:00+00:00, run_after=2024-01-03 00:00:00+00:00
[2024-11-14T00:17:54.299+0000] {processor.py:208} INFO - Processing /opt/airflow/dags/sample_dag.py took 0.095 seconds
[2024-11-14T00:18:24.525+0000] {processor.py:186} INFO - Started process (PID=748) to work on /opt/airflow/dags/sample_dag.py
[2024-11-14T00:18:24.526+0000] {processor.py:914} INFO - Processing file /opt/airflow/dags/sample_dag.py for tasks to queue
[2024-11-14T00:18:24.529+0000] {logging_mixin.py:190} INFO - [2024-11-14T00:18:24.529+0000] {dagbag.py:588} INFO - Filling up the DagBag from /opt/airflow/dags/sample_dag.py
[2024-11-14T00:18:24.537+0000] {processor.py:925} INFO - DAG(s) 'weather_etl' retrieved from /opt/airflow/dags/sample_dag.py
[2024-11-14T00:18:24.550+0000] {logging_mixin.py:190} INFO - [2024-11-14T00:18:24.550+0000] {dag.py:3239} INFO - Sync 1 DAGs
[2024-11-14T00:18:24.565+0000] {logging_mixin.py:190} INFO - [2024-11-14T00:18:24.565+0000] {dag.py:4180} INFO - Setting next_dagrun for weather_etl to 2024-01-02 00:00:00+00:00, run_after=2024-01-03 00:00:00+00:00
[2024-11-14T00:18:24.575+0000] {processor.py:208} INFO - Processing /opt/airflow/dags/sample_dag.py took 0.055 seconds
[2024-11-14T00:18:26.563+0000] {processor.py:186} INFO - Started process (PID=749) to work on /opt/airflow/dags/sample_dag.py
[2024-11-14T00:18:26.564+0000] {processor.py:914} INFO - Processing file /opt/airflow/dags/sample_dag.py for tasks to queue
[2024-11-14T00:18:26.566+0000] {logging_mixin.py:190} INFO - [2024-11-14T00:18:26.566+0000] {dagbag.py:588} INFO - Filling up the DagBag from /opt/airflow/dags/sample_dag.py
[2024-11-14T00:18:26.576+0000] {processor.py:925} INFO - DAG(s) 'weather_etl' retrieved from /opt/airflow/dags/sample_dag.py
[2024-11-14T00:18:26.589+0000] {logging_mixin.py:190} INFO - [2024-11-14T00:18:26.589+0000] {dag.py:3239} INFO - Sync 1 DAGs
[2024-11-14T00:18:26.602+0000] {logging_mixin.py:190} INFO - [2024-11-14T00:18:26.601+0000] {dag.py:4180} INFO - Setting next_dagrun for weather_etl to 2024-01-02 00:00:00+00:00, run_after=2024-01-03 00:00:00+00:00
[2024-11-14T00:18:26.610+0000] {processor.py:208} INFO - Processing /opt/airflow/dags/sample_dag.py took 0.053 seconds
[2024-11-14T00:18:56.989+0000] {processor.py:186} INFO - Started process (PID=814) to work on /opt/airflow/dags/sample_dag.py
[2024-11-14T00:18:56.990+0000] {processor.py:914} INFO - Processing file /opt/airflow/dags/sample_dag.py for tasks to queue
[2024-11-14T00:18:56.991+0000] {logging_mixin.py:190} INFO - [2024-11-14T00:18:56.991+0000] {dagbag.py:588} INFO - Filling up the DagBag from /opt/airflow/dags/sample_dag.py
[2024-11-14T00:18:56.999+0000] {processor.py:925} INFO - DAG(s) 'weather_etl' retrieved from /opt/airflow/dags/sample_dag.py
[2024-11-14T00:18:57.009+0000] {logging_mixin.py:190} INFO - [2024-11-14T00:18:57.009+0000] {dag.py:3239} INFO - Sync 1 DAGs
[2024-11-14T00:18:57.020+0000] {logging_mixin.py:190} INFO - [2024-11-14T00:18:57.020+0000] {dag.py:4180} INFO - Setting next_dagrun for weather_etl to 2024-01-02 00:00:00+00:00, run_after=2024-01-03 00:00:00+00:00
[2024-11-14T00:18:57.028+0000] {processor.py:208} INFO - Processing /opt/airflow/dags/sample_dag.py took 0.043 seconds
[2024-11-14T00:23:09.414+0000] {processor.py:186} INFO - Started process (PID=35) to work on /opt/airflow/dags/sample_dag.py
[2024-11-14T00:23:09.415+0000] {processor.py:914} INFO - Processing file /opt/airflow/dags/sample_dag.py for tasks to queue
[2024-11-14T00:23:09.417+0000] {logging_mixin.py:190} INFO - [2024-11-14T00:23:09.417+0000] {dagbag.py:588} INFO - Filling up the DagBag from /opt/airflow/dags/sample_dag.py
[2024-11-14T00:23:09.441+0000] {processor.py:925} INFO - DAG(s) 'weather_etl' retrieved from /opt/airflow/dags/sample_dag.py
[2024-11-14T00:23:09.468+0000] {logging_mixin.py:190} INFO - [2024-11-14T00:23:09.467+0000] {dag.py:3239} INFO - Sync 1 DAGs
[2024-11-14T00:23:09.485+0000] {logging_mixin.py:190} INFO - [2024-11-14T00:23:09.484+0000] {dag.py:4180} INFO - Setting next_dagrun for weather_etl to 2024-01-02 00:00:00+00:00, run_after=2024-01-03 00:00:00+00:00
[2024-11-14T00:23:09.497+0000] {processor.py:208} INFO - Processing /opt/airflow/dags/sample_dag.py took 0.087 seconds
[2024-11-14T00:23:39.551+0000] {processor.py:186} INFO - Started process (PID=100) to work on /opt/airflow/dags/sample_dag.py
[2024-11-14T00:23:39.552+0000] {processor.py:914} INFO - Processing file /opt/airflow/dags/sample_dag.py for tasks to queue
[2024-11-14T00:23:39.554+0000] {logging_mixin.py:190} INFO - [2024-11-14T00:23:39.554+0000] {dagbag.py:588} INFO - Filling up the DagBag from /opt/airflow/dags/sample_dag.py
[2024-11-14T00:23:39.562+0000] {processor.py:925} INFO - DAG(s) 'weather_etl' retrieved from /opt/airflow/dags/sample_dag.py
[2024-11-14T00:23:39.573+0000] {logging_mixin.py:190} INFO - [2024-11-14T00:23:39.573+0000] {dag.py:3239} INFO - Sync 1 DAGs
[2024-11-14T00:23:39.585+0000] {logging_mixin.py:190} INFO - [2024-11-14T00:23:39.585+0000] {dag.py:4180} INFO - Setting next_dagrun for weather_etl to 2024-01-02 00:00:00+00:00, run_after=2024-01-03 00:00:00+00:00
[2024-11-14T00:23:39.594+0000] {processor.py:208} INFO - Processing /opt/airflow/dags/sample_dag.py took 0.045 seconds
[2024-11-14T00:24:10.000+0000] {processor.py:186} INFO - Started process (PID=165) to work on /opt/airflow/dags/sample_dag.py
[2024-11-14T00:24:10.002+0000] {processor.py:914} INFO - Processing file /opt/airflow/dags/sample_dag.py for tasks to queue
[2024-11-14T00:24:10.003+0000] {logging_mixin.py:190} INFO - [2024-11-14T00:24:10.003+0000] {dagbag.py:588} INFO - Filling up the DagBag from /opt/airflow/dags/sample_dag.py
[2024-11-14T00:24:10.013+0000] {processor.py:925} INFO - DAG(s) 'weather_etl' retrieved from /opt/airflow/dags/sample_dag.py
[2024-11-14T00:24:10.025+0000] {logging_mixin.py:190} INFO - [2024-11-14T00:24:10.025+0000] {dag.py:3239} INFO - Sync 1 DAGs
[2024-11-14T00:24:10.039+0000] {logging_mixin.py:190} INFO - [2024-11-14T00:24:10.039+0000] {dag.py:4180} INFO - Setting next_dagrun for weather_etl to 2024-01-02 00:00:00+00:00, run_after=2024-01-03 00:00:00+00:00
[2024-11-14T00:24:10.048+0000] {processor.py:208} INFO - Processing /opt/airflow/dags/sample_dag.py took 0.052 seconds
[2024-11-14T00:24:40.190+0000] {processor.py:186} INFO - Started process (PID=230) to work on /opt/airflow/dags/sample_dag.py
[2024-11-14T00:24:40.190+0000] {processor.py:914} INFO - Processing file /opt/airflow/dags/sample_dag.py for tasks to queue
[2024-11-14T00:24:40.192+0000] {logging_mixin.py:190} INFO - [2024-11-14T00:24:40.192+0000] {dagbag.py:588} INFO - Filling up the DagBag from /opt/airflow/dags/sample_dag.py
[2024-11-14T00:24:40.206+0000] {processor.py:925} INFO - DAG(s) 'weather_etl' retrieved from /opt/airflow/dags/sample_dag.py
[2024-11-14T00:24:40.222+0000] {logging_mixin.py:190} INFO - [2024-11-14T00:24:40.221+0000] {dag.py:3239} INFO - Sync 1 DAGs
[2024-11-14T00:24:40.235+0000] {logging_mixin.py:190} INFO - [2024-11-14T00:24:40.234+0000] {dag.py:4180} INFO - Setting next_dagrun for weather_etl to 2024-01-02 00:00:00+00:00, run_after=2024-01-03 00:00:00+00:00
[2024-11-14T00:24:40.246+0000] {processor.py:208} INFO - Processing /opt/airflow/dags/sample_dag.py took 0.064 seconds
[2024-11-14T00:25:10.673+0000] {processor.py:186} INFO - Started process (PID=295) to work on /opt/airflow/dags/sample_dag.py
[2024-11-14T00:25:10.674+0000] {processor.py:914} INFO - Processing file /opt/airflow/dags/sample_dag.py for tasks to queue
[2024-11-14T00:25:10.676+0000] {logging_mixin.py:190} INFO - [2024-11-14T00:25:10.676+0000] {dagbag.py:588} INFO - Filling up the DagBag from /opt/airflow/dags/sample_dag.py
[2024-11-14T00:25:10.689+0000] {processor.py:925} INFO - DAG(s) 'weather_etl' retrieved from /opt/airflow/dags/sample_dag.py
[2024-11-14T00:25:10.707+0000] {logging_mixin.py:190} INFO - [2024-11-14T00:25:10.707+0000] {dag.py:3239} INFO - Sync 1 DAGs
[2024-11-14T00:25:10.724+0000] {logging_mixin.py:190} INFO - [2024-11-14T00:25:10.724+0000] {dag.py:4180} INFO - Setting next_dagrun for weather_etl to 2024-01-02 00:00:00+00:00, run_after=2024-01-03 00:00:00+00:00
[2024-11-14T00:25:10.735+0000] {processor.py:208} INFO - Processing /opt/airflow/dags/sample_dag.py took 0.068 seconds
[2024-11-14T00:25:41.211+0000] {processor.py:186} INFO - Started process (PID=360) to work on /opt/airflow/dags/sample_dag.py
[2024-11-14T00:25:41.211+0000] {processor.py:914} INFO - Processing file /opt/airflow/dags/sample_dag.py for tasks to queue
[2024-11-14T00:25:41.213+0000] {logging_mixin.py:190} INFO - [2024-11-14T00:25:41.213+0000] {dagbag.py:588} INFO - Filling up the DagBag from /opt/airflow/dags/sample_dag.py
[2024-11-14T00:25:41.221+0000] {processor.py:925} INFO - DAG(s) 'weather_etl' retrieved from /opt/airflow/dags/sample_dag.py
[2024-11-14T00:25:41.235+0000] {logging_mixin.py:190} INFO - [2024-11-14T00:25:41.235+0000] {dag.py:3239} INFO - Sync 1 DAGs
[2024-11-14T00:25:41.258+0000] {processor.py:208} INFO - Processing /opt/airflow/dags/sample_dag.py took 0.052 seconds
[2024-11-14T00:26:11.531+0000] {processor.py:186} INFO - Started process (PID=425) to work on /opt/airflow/dags/sample_dag.py
[2024-11-14T00:26:11.532+0000] {processor.py:914} INFO - Processing file /opt/airflow/dags/sample_dag.py for tasks to queue
[2024-11-14T00:26:11.535+0000] {logging_mixin.py:190} INFO - [2024-11-14T00:26:11.534+0000] {dagbag.py:588} INFO - Filling up the DagBag from /opt/airflow/dags/sample_dag.py
[2024-11-14T00:26:11.547+0000] {processor.py:925} INFO - DAG(s) 'weather_etl' retrieved from /opt/airflow/dags/sample_dag.py
[2024-11-14T00:26:11.565+0000] {logging_mixin.py:190} INFO - [2024-11-14T00:26:11.565+0000] {dag.py:3239} INFO - Sync 1 DAGs
[2024-11-14T00:26:11.594+0000] {processor.py:208} INFO - Processing /opt/airflow/dags/sample_dag.py took 0.070 seconds
[2024-11-14T00:32:40.970+0000] {processor.py:186} INFO - Started process (PID=37) to work on /opt/airflow/dags/sample_dag.py
[2024-11-14T00:32:40.972+0000] {processor.py:914} INFO - Processing file /opt/airflow/dags/sample_dag.py for tasks to queue
[2024-11-14T00:32:40.975+0000] {logging_mixin.py:190} INFO - [2024-11-14T00:32:40.975+0000] {dagbag.py:588} INFO - Filling up the DagBag from /opt/airflow/dags/sample_dag.py
[2024-11-14T00:32:41.004+0000] {processor.py:925} INFO - DAG(s) 'weather_etl' retrieved from /opt/airflow/dags/sample_dag.py
[2024-11-14T00:32:41.206+0000] {logging_mixin.py:190} INFO - [2024-11-14T00:32:41.205+0000] {override.py:1911} INFO - Created Permission View: can read on DAG:weather_etl
[2024-11-14T00:32:41.212+0000] {logging_mixin.py:190} INFO - [2024-11-14T00:32:41.212+0000] {override.py:1911} INFO - Created Permission View: can edit on DAG:weather_etl
[2024-11-14T00:32:41.215+0000] {logging_mixin.py:190} INFO - [2024-11-14T00:32:41.215+0000] {override.py:1911} INFO - Created Permission View: can delete on DAG:weather_etl
[2024-11-14T00:32:41.219+0000] {logging_mixin.py:190} INFO - [2024-11-14T00:32:41.219+0000] {override.py:1911} INFO - Created Permission View: can read on DAG Run:weather_etl
[2024-11-14T00:32:41.222+0000] {logging_mixin.py:190} INFO - [2024-11-14T00:32:41.222+0000] {override.py:1911} INFO - Created Permission View: can create on DAG Run:weather_etl
[2024-11-14T00:32:41.228+0000] {logging_mixin.py:190} INFO - [2024-11-14T00:32:41.228+0000] {override.py:1911} INFO - Created Permission View: menu access on DAG Run:weather_etl
[2024-11-14T00:32:41.230+0000] {logging_mixin.py:190} INFO - [2024-11-14T00:32:41.230+0000] {override.py:1911} INFO - Created Permission View: can delete on DAG Run:weather_etl
[2024-11-14T00:32:41.230+0000] {logging_mixin.py:190} INFO - [2024-11-14T00:32:41.230+0000] {dag.py:3239} INFO - Sync 1 DAGs
[2024-11-14T00:32:41.243+0000] {logging_mixin.py:190} INFO - [2024-11-14T00:32:41.243+0000] {dag.py:3262} INFO - Creating ORM DAG for weather_etl
[2024-11-14T00:32:41.252+0000] {logging_mixin.py:190} INFO - [2024-11-14T00:32:41.251+0000] {dag.py:4180} INFO - Setting next_dagrun for weather_etl to 2024-01-02 00:00:00+00:00, run_after=2024-01-03 00:00:00+00:00
[2024-11-14T00:32:41.273+0000] {processor.py:208} INFO - Processing /opt/airflow/dags/sample_dag.py took 0.321 seconds
[2024-11-14T00:33:12.022+0000] {processor.py:186} INFO - Started process (PID=108) to work on /opt/airflow/dags/sample_dag.py
[2024-11-14T00:33:12.023+0000] {processor.py:914} INFO - Processing file /opt/airflow/dags/sample_dag.py for tasks to queue
[2024-11-14T00:33:12.025+0000] {logging_mixin.py:190} INFO - [2024-11-14T00:33:12.025+0000] {dagbag.py:588} INFO - Filling up the DagBag from /opt/airflow/dags/sample_dag.py
[2024-11-14T00:33:12.034+0000] {processor.py:925} INFO - DAG(s) 'weather_etl' retrieved from /opt/airflow/dags/sample_dag.py
[2024-11-14T00:33:12.045+0000] {logging_mixin.py:190} INFO - [2024-11-14T00:33:12.045+0000] {dag.py:3239} INFO - Sync 1 DAGs
[2024-11-14T00:33:12.058+0000] {logging_mixin.py:190} INFO - [2024-11-14T00:33:12.058+0000] {dag.py:4180} INFO - Setting next_dagrun for weather_etl to 2024-01-02 00:00:00+00:00, run_after=2024-01-03 00:00:00+00:00
[2024-11-14T00:33:12.069+0000] {processor.py:208} INFO - Processing /opt/airflow/dags/sample_dag.py took 0.051 seconds
[2024-11-14T00:33:42.681+0000] {processor.py:186} INFO - Started process (PID=173) to work on /opt/airflow/dags/sample_dag.py
[2024-11-14T00:33:42.684+0000] {processor.py:914} INFO - Processing file /opt/airflow/dags/sample_dag.py for tasks to queue
[2024-11-14T00:33:42.691+0000] {logging_mixin.py:190} INFO - [2024-11-14T00:33:42.690+0000] {dagbag.py:588} INFO - Filling up the DagBag from /opt/airflow/dags/sample_dag.py
[2024-11-14T00:33:42.729+0000] {processor.py:925} INFO - DAG(s) 'weather_etl' retrieved from /opt/airflow/dags/sample_dag.py
[2024-11-14T00:33:42.769+0000] {logging_mixin.py:190} INFO - [2024-11-14T00:33:42.768+0000] {dag.py:3239} INFO - Sync 1 DAGs
[2024-11-14T00:33:42.817+0000] {logging_mixin.py:190} INFO - [2024-11-14T00:33:42.817+0000] {dag.py:4180} INFO - Setting next_dagrun for weather_etl to 2024-01-02 00:00:00+00:00, run_after=2024-01-03 00:00:00+00:00
[2024-11-14T00:33:42.846+0000] {processor.py:208} INFO - Processing /opt/airflow/dags/sample_dag.py took 0.178 seconds
[2024-11-14T00:41:58.166+0000] {processor.py:186} INFO - Started process (PID=39) to work on /opt/airflow/dags/sample_dag.py
[2024-11-14T00:41:58.166+0000] {processor.py:914} INFO - Processing file /opt/airflow/dags/sample_dag.py for tasks to queue
[2024-11-14T00:41:58.168+0000] {logging_mixin.py:190} INFO - [2024-11-14T00:41:58.168+0000] {dagbag.py:588} INFO - Filling up the DagBag from /opt/airflow/dags/sample_dag.py
[2024-11-14T00:41:59.555+0000] {processor.py:925} INFO - DAG(s) 'weather_etl' retrieved from /opt/airflow/dags/sample_dag.py
[2024-11-14T00:41:59.616+0000] {logging_mixin.py:190} INFO - [2024-11-14T00:41:59.615+0000] {override.py:1911} INFO - Created Permission View: can read on DAG:weather_etl
[2024-11-14T00:41:59.619+0000] {logging_mixin.py:190} INFO - [2024-11-14T00:41:59.619+0000] {override.py:1911} INFO - Created Permission View: can delete on DAG:weather_etl
[2024-11-14T00:41:59.621+0000] {logging_mixin.py:190} INFO - [2024-11-14T00:41:59.621+0000] {override.py:1911} INFO - Created Permission View: can edit on DAG:weather_etl
[2024-11-14T00:41:59.622+0000] {logging_mixin.py:190} INFO - [2024-11-14T00:41:59.622+0000] {override.py:1911} INFO - Created Permission View: can read on DAG Run:weather_etl
[2024-11-14T00:41:59.624+0000] {logging_mixin.py:190} INFO - [2024-11-14T00:41:59.623+0000] {override.py:1911} INFO - Created Permission View: can delete on DAG Run:weather_etl
[2024-11-14T00:41:59.625+0000] {logging_mixin.py:190} INFO - [2024-11-14T00:41:59.625+0000] {override.py:1911} INFO - Created Permission View: menu access on DAG Run:weather_etl
[2024-11-14T00:41:59.626+0000] {logging_mixin.py:190} INFO - [2024-11-14T00:41:59.626+0000] {override.py:1911} INFO - Created Permission View: can create on DAG Run:weather_etl
[2024-11-14T00:41:59.627+0000] {logging_mixin.py:190} INFO - [2024-11-14T00:41:59.626+0000] {dag.py:3239} INFO - Sync 1 DAGs
[2024-11-14T00:41:59.631+0000] {logging_mixin.py:190} INFO - [2024-11-14T00:41:59.631+0000] {dag.py:3262} INFO - Creating ORM DAG for weather_etl
[2024-11-14T00:41:59.634+0000] {logging_mixin.py:190} INFO - [2024-11-14T00:41:59.634+0000] {dag.py:4180} INFO - Setting next_dagrun for weather_etl to 2024-01-02 00:00:00+00:00, run_after=2024-01-03 00:00:00+00:00
[2024-11-14T00:41:59.639+0000] {processor.py:208} INFO - Processing /opt/airflow/dags/sample_dag.py took 1.479 seconds
[2024-11-14T00:42:29.916+0000] {processor.py:186} INFO - Started process (PID=53) to work on /opt/airflow/dags/sample_dag.py
[2024-11-14T00:42:29.917+0000] {processor.py:914} INFO - Processing file /opt/airflow/dags/sample_dag.py for tasks to queue
[2024-11-14T00:42:29.919+0000] {logging_mixin.py:190} INFO - [2024-11-14T00:42:29.918+0000] {dagbag.py:588} INFO - Filling up the DagBag from /opt/airflow/dags/sample_dag.py
[2024-11-14T00:42:30.190+0000] {processor.py:925} INFO - DAG(s) 'weather_etl' retrieved from /opt/airflow/dags/sample_dag.py
[2024-11-14T00:42:30.200+0000] {logging_mixin.py:190} INFO - [2024-11-14T00:42:30.199+0000] {dag.py:3239} INFO - Sync 1 DAGs
[2024-11-14T00:42:30.208+0000] {logging_mixin.py:190} INFO - [2024-11-14T00:42:30.207+0000] {dag.py:4180} INFO - Setting next_dagrun for weather_etl to 2024-01-02 00:00:00+00:00, run_after=2024-01-03 00:00:00+00:00
[2024-11-14T00:42:30.215+0000] {processor.py:208} INFO - Processing /opt/airflow/dags/sample_dag.py took 0.305 seconds
[2024-11-14T00:43:00.261+0000] {processor.py:186} INFO - Started process (PID=61) to work on /opt/airflow/dags/sample_dag.py
[2024-11-14T00:43:00.262+0000] {processor.py:914} INFO - Processing file /opt/airflow/dags/sample_dag.py for tasks to queue
[2024-11-14T00:43:00.264+0000] {logging_mixin.py:190} INFO - [2024-11-14T00:43:00.264+0000] {dagbag.py:588} INFO - Filling up the DagBag from /opt/airflow/dags/sample_dag.py
[2024-11-14T00:43:00.522+0000] {processor.py:925} INFO - DAG(s) 'weather_etl' retrieved from /opt/airflow/dags/sample_dag.py
[2024-11-14T00:43:00.531+0000] {logging_mixin.py:190} INFO - [2024-11-14T00:43:00.531+0000] {dag.py:3239} INFO - Sync 1 DAGs
[2024-11-14T00:43:00.539+0000] {logging_mixin.py:190} INFO - [2024-11-14T00:43:00.539+0000] {dag.py:4180} INFO - Setting next_dagrun for weather_etl to 2024-01-02 00:00:00+00:00, run_after=2024-01-03 00:00:00+00:00
[2024-11-14T00:43:00.545+0000] {processor.py:208} INFO - Processing /opt/airflow/dags/sample_dag.py took 0.291 seconds
