[2024-11-20T06:41:17.652+0000] {local_task_job_runner.py:123} INFO - ::group::Pre task execution logs
[2024-11-20T06:41:17.663+0000] {taskinstance.py:2613} INFO - Dependencies all met for dep_context=non-requeueable deps ti=<TaskInstance: en_species_etl.load_code_description_data manual__2024-11-20T06:41:12.688840+00:00 [queued]>
[2024-11-20T06:41:17.668+0000] {taskinstance.py:2613} INFO - Dependencies all met for dep_context=requeueable deps ti=<TaskInstance: en_species_etl.load_code_description_data manual__2024-11-20T06:41:12.688840+00:00 [queued]>
[2024-11-20T06:41:17.668+0000] {taskinstance.py:2866} INFO - Starting attempt 1 of 1
[2024-11-20T06:41:17.674+0000] {taskinstance.py:2889} INFO - Executing <Task(PythonOperator): load_code_description_data> on 2024-11-20 06:41:12.688840+00:00
[2024-11-20T06:41:17.678+0000] {warnings.py:112} WARNING - /home/***/.local/lib/python3.12/site-packages/***/task/task_runner/standard_task_runner.py:70: DeprecationWarning: This process (pid=66) is multi-threaded, use of fork() may lead to deadlocks in the child.
  pid = os.fork()

[2024-11-20T06:41:17.679+0000] {standard_task_runner.py:72} INFO - Started process 67 to run task
[2024-11-20T06:41:17.680+0000] {standard_task_runner.py:104} INFO - Running: ['***', 'tasks', 'run', 'en_species_etl', 'load_code_description_data', 'manual__2024-11-20T06:41:12.688840+00:00', '--job-id', '22', '--raw', '--subdir', 'DAGS_FOLDER/en_species_dag.py', '--cfg-path', '/tmp/tmppl5kcynq']
[2024-11-20T06:41:17.682+0000] {standard_task_runner.py:105} INFO - Job 22: Subtask load_code_description_data
[2024-11-20T06:41:17.715+0000] {task_command.py:467} INFO - Running <TaskInstance: en_species_etl.load_code_description_data manual__2024-11-20T06:41:12.688840+00:00 [running]> on host e292f706ccf8
[2024-11-20T06:41:17.764+0000] {taskinstance.py:3132} INFO - Exporting env vars: AIRFLOW_CTX_DAG_OWNER='***' AIRFLOW_CTX_DAG_ID='en_species_etl' AIRFLOW_CTX_TASK_ID='load_code_description_data' AIRFLOW_CTX_EXECUTION_DATE='2024-11-20T06:41:12.688840+00:00' AIRFLOW_CTX_TRY_NUMBER='1' AIRFLOW_CTX_DAG_RUN_ID='manual__2024-11-20T06:41:12.688840+00:00'
[2024-11-20T06:41:17.765+0000] {taskinstance.py:731} INFO - ::endgroup::
[2024-11-20T06:41:17.783+0000] {base.py:84} INFO - Retrieving connection 's3_conn'
[2024-11-20T06:41:17.783+0000] {connection_wrapper.py:328} INFO - AWS Connection (conn_id='s3_conn', conn_type='aws') credentials retrieved from extra.
[2024-11-20T06:41:18.836+0000] {hook.py:208} WARNING - Data lineage tracking is disabled. Register a hook lineage reader to start tracking hook lineage.
[2024-11-20T06:41:18.990+0000] {hook.py:208} WARNING - Data lineage tracking is disabled. Register a hook lineage reader to start tracking hook lineage.
[2024-11-20T06:41:18.991+0000] {hook.py:208} WARNING - Data lineage tracking is disabled. Register a hook lineage reader to start tracking hook lineage.
[2024-11-20T06:41:19.218+0000] {hook.py:208} WARNING - Data lineage tracking is disabled. Register a hook lineage reader to start tracking hook lineage.
[2024-11-20T06:41:19.218+0000] {hook.py:208} WARNING - Data lineage tracking is disabled. Register a hook lineage reader to start tracking hook lineage.
[2024-11-20T06:41:19.220+0000] {python.py:240} INFO - Done. Returned value was: None
[2024-11-20T06:41:19.229+0000] {taskinstance.py:340} INFO - ::group::Post task execution logs
[2024-11-20T06:41:19.230+0000] {taskinstance.py:352} INFO - Marking task as SUCCESS. dag_id=en_species_etl, task_id=load_code_description_data, run_id=manual__2024-11-20T06:41:12.688840+00:00, execution_date=20241120T064112, start_date=20241120T064117, end_date=20241120T064119
[2024-11-20T06:41:19.267+0000] {local_task_job_runner.py:266} INFO - Task exited with return code 0
[2024-11-20T06:41:19.281+0000] {taskinstance.py:3895} INFO - 0 downstream tasks scheduled from follow-on schedule check
[2024-11-20T06:41:19.282+0000] {local_task_job_runner.py:245} INFO - ::endgroup::
