[2024-11-14T00:58:21.872+0000] {processor.py:186} INFO - Started process (PID=36) to work on /opt/airflow/dags/en_species_dag.py
[2024-11-14T00:58:21.874+0000] {processor.py:914} INFO - Processing file /opt/airflow/dags/en_species_dag.py for tasks to queue
[2024-11-14T00:58:21.881+0000] {logging_mixin.py:190} INFO - [2024-11-14T00:58:21.880+0000] {dagbag.py:588} INFO - Filling up the DagBag from /opt/airflow/dags/en_species_dag.py
[2024-11-14T00:58:21.958+0000] {logging_mixin.py:190} INFO - IUCN token does not exists!
[2024-11-14T00:59:09.091+0000] {processor.py:186} INFO - Started process (PID=36) to work on /opt/airflow/dags/en_species_dag.py
[2024-11-14T00:59:09.092+0000] {processor.py:914} INFO - Processing file /opt/airflow/dags/en_species_dag.py for tasks to queue
[2024-11-14T00:59:09.093+0000] {logging_mixin.py:190} INFO - [2024-11-14T00:59:09.093+0000] {dagbag.py:588} INFO - Filling up the DagBag from /opt/airflow/dags/en_species_dag.py
[2024-11-14T00:59:09.108+0000] {logging_mixin.py:190} INFO - IUCN token does not exists!
[2024-11-14T00:59:39.329+0000] {processor.py:186} INFO - Started process (PID=44) to work on /opt/airflow/dags/en_species_dag.py
[2024-11-14T00:59:39.330+0000] {processor.py:914} INFO - Processing file /opt/airflow/dags/en_species_dag.py for tasks to queue
[2024-11-14T00:59:39.333+0000] {logging_mixin.py:190} INFO - [2024-11-14T00:59:39.332+0000] {dagbag.py:588} INFO - Filling up the DagBag from /opt/airflow/dags/en_species_dag.py
[2024-11-14T00:59:39.341+0000] {logging_mixin.py:190} INFO - IUCN token does not exists!
[2024-11-14T00:59:49.425+0000] {processor.py:186} INFO - Started process (PID=52) to work on /opt/airflow/dags/en_species_dag.py
[2024-11-14T00:59:49.426+0000] {processor.py:914} INFO - Processing file /opt/airflow/dags/en_species_dag.py for tasks to queue
[2024-11-14T00:59:49.429+0000] {logging_mixin.py:190} INFO - [2024-11-14T00:59:49.428+0000] {dagbag.py:588} INFO - Filling up the DagBag from /opt/airflow/dags/en_species_dag.py
[2024-11-14T00:59:49.438+0000] {logging_mixin.py:190} INFO - IUCN token does not exists!
[2024-11-14T00:59:52.455+0000] {processor.py:186} INFO - Started process (PID=53) to work on /opt/airflow/dags/en_species_dag.py
[2024-11-14T00:59:52.456+0000] {processor.py:914} INFO - Processing file /opt/airflow/dags/en_species_dag.py for tasks to queue
[2024-11-14T00:59:52.457+0000] {logging_mixin.py:190} INFO - [2024-11-14T00:59:52.457+0000] {dagbag.py:588} INFO - Filling up the DagBag from /opt/airflow/dags/en_species_dag.py
[2024-11-14T00:59:52.466+0000] {logging_mixin.py:190} INFO - IUCN token does not exists!
[2024-11-14T01:00:21.607+0000] {processor.py:186} INFO - Started process (PID=36) to work on /opt/airflow/dags/en_species_dag.py
[2024-11-14T01:00:21.609+0000] {processor.py:914} INFO - Processing file /opt/airflow/dags/en_species_dag.py for tasks to queue
[2024-11-14T01:00:21.612+0000] {logging_mixin.py:190} INFO - [2024-11-14T01:00:21.611+0000] {dagbag.py:588} INFO - Filling up the DagBag from /opt/airflow/dags/en_species_dag.py
[2024-11-14T01:00:21.625+0000] {logging_mixin.py:190} INFO - IUCN token does not exists!
[2024-11-14T01:00:51.898+0000] {processor.py:186} INFO - Started process (PID=44) to work on /opt/airflow/dags/en_species_dag.py
[2024-11-14T01:00:51.899+0000] {processor.py:914} INFO - Processing file /opt/airflow/dags/en_species_dag.py for tasks to queue
[2024-11-14T01:00:51.902+0000] {logging_mixin.py:190} INFO - [2024-11-14T01:00:51.902+0000] {dagbag.py:588} INFO - Filling up the DagBag from /opt/airflow/dags/en_species_dag.py
[2024-11-14T01:00:52.079+0000] {logging_mixin.py:190} INFO - IUCN token does not exists!
[2024-11-14T01:01:22.381+0000] {processor.py:186} INFO - Started process (PID=52) to work on /opt/airflow/dags/en_species_dag.py
[2024-11-14T01:01:22.381+0000] {processor.py:914} INFO - Processing file /opt/airflow/dags/en_species_dag.py for tasks to queue
[2024-11-14T01:01:22.382+0000] {logging_mixin.py:190} INFO - [2024-11-14T01:01:22.382+0000] {dagbag.py:588} INFO - Filling up the DagBag from /opt/airflow/dags/en_species_dag.py
[2024-11-14T01:01:22.387+0000] {logging_mixin.py:190} INFO - IUCN token does not exists!
[2024-11-14T01:02:00.445+0000] {processor.py:186} INFO - Started process (PID=37) to work on /opt/airflow/dags/en_species_dag.py
[2024-11-14T01:02:00.446+0000] {processor.py:914} INFO - Processing file /opt/airflow/dags/en_species_dag.py for tasks to queue
[2024-11-14T01:02:00.451+0000] {logging_mixin.py:190} INFO - [2024-11-14T01:02:00.450+0000] {dagbag.py:588} INFO - Filling up the DagBag from /opt/airflow/dags/en_species_dag.py
[2024-11-14T01:02:00.469+0000] {logging_mixin.py:190} INFO - IUCN token does not exists!
[2024-11-14T01:02:30.729+0000] {processor.py:186} INFO - Started process (PID=45) to work on /opt/airflow/dags/en_species_dag.py
[2024-11-14T01:02:30.730+0000] {processor.py:914} INFO - Processing file /opt/airflow/dags/en_species_dag.py for tasks to queue
[2024-11-14T01:02:30.733+0000] {logging_mixin.py:190} INFO - [2024-11-14T01:02:30.733+0000] {dagbag.py:588} INFO - Filling up the DagBag from /opt/airflow/dags/en_species_dag.py
[2024-11-14T01:02:30.740+0000] {logging_mixin.py:190} INFO - IUCN token does not exists!
[2024-11-14T01:03:01.015+0000] {processor.py:186} INFO - Started process (PID=53) to work on /opt/airflow/dags/en_species_dag.py
[2024-11-14T01:03:01.016+0000] {processor.py:914} INFO - Processing file /opt/airflow/dags/en_species_dag.py for tasks to queue
[2024-11-14T01:03:01.017+0000] {logging_mixin.py:190} INFO - [2024-11-14T01:03:01.017+0000] {dagbag.py:588} INFO - Filling up the DagBag from /opt/airflow/dags/en_species_dag.py
[2024-11-14T01:03:01.025+0000] {logging_mixin.py:190} INFO - IUCN token does not exists!
[2024-11-14T01:05:34.989+0000] {processor.py:186} INFO - Started process (PID=36) to work on /opt/airflow/dags/en_species_dag.py
[2024-11-14T01:05:34.990+0000] {processor.py:914} INFO - Processing file /opt/airflow/dags/en_species_dag.py for tasks to queue
[2024-11-14T01:05:34.994+0000] {logging_mixin.py:190} INFO - [2024-11-14T01:05:34.994+0000] {dagbag.py:588} INFO - Filling up the DagBag from /opt/airflow/dags/en_species_dag.py
[2024-11-14T01:05:35.016+0000] {logging_mixin.py:190} INFO - IUCN token does not exists!
[2024-11-14T01:06:05.309+0000] {processor.py:186} INFO - Started process (PID=44) to work on /opt/airflow/dags/en_species_dag.py
[2024-11-14T01:06:05.310+0000] {processor.py:914} INFO - Processing file /opt/airflow/dags/en_species_dag.py for tasks to queue
[2024-11-14T01:06:05.313+0000] {logging_mixin.py:190} INFO - [2024-11-14T01:06:05.312+0000] {dagbag.py:588} INFO - Filling up the DagBag from /opt/airflow/dags/en_species_dag.py
[2024-11-14T01:06:05.320+0000] {logging_mixin.py:190} INFO - IUCN token does not exists!
[2024-11-14T01:06:35.594+0000] {processor.py:186} INFO - Started process (PID=52) to work on /opt/airflow/dags/en_species_dag.py
[2024-11-14T01:06:35.594+0000] {processor.py:914} INFO - Processing file /opt/airflow/dags/en_species_dag.py for tasks to queue
[2024-11-14T01:06:35.596+0000] {logging_mixin.py:190} INFO - [2024-11-14T01:06:35.596+0000] {dagbag.py:588} INFO - Filling up the DagBag from /opt/airflow/dags/en_species_dag.py
[2024-11-14T01:06:35.603+0000] {logging_mixin.py:190} INFO - IUCN token does not exists!
[2024-11-14T01:07:05.878+0000] {processor.py:186} INFO - Started process (PID=66) to work on /opt/airflow/dags/en_species_dag.py
[2024-11-14T01:07:05.878+0000] {processor.py:914} INFO - Processing file /opt/airflow/dags/en_species_dag.py for tasks to queue
[2024-11-14T01:07:05.880+0000] {logging_mixin.py:190} INFO - [2024-11-14T01:07:05.880+0000] {dagbag.py:588} INFO - Filling up the DagBag from /opt/airflow/dags/en_species_dag.py
[2024-11-14T01:07:05.886+0000] {logging_mixin.py:190} INFO - IUCN token does not exists!
[2024-11-14T01:07:22.315+0000] {processor.py:186} INFO - Started process (PID=68) to work on /opt/airflow/dags/en_species_dag.py
[2024-11-14T01:07:22.317+0000] {processor.py:914} INFO - Processing file /opt/airflow/dags/en_species_dag.py for tasks to queue
[2024-11-14T01:07:22.319+0000] {logging_mixin.py:190} INFO - [2024-11-14T01:07:22.319+0000] {dagbag.py:588} INFO - Filling up the DagBag from /opt/airflow/dags/en_species_dag.py
[2024-11-14T01:07:22.327+0000] {logging_mixin.py:190} INFO - IUCN token does not exists!
[2024-11-14T01:07:26.356+0000] {processor.py:186} INFO - Started process (PID=69) to work on /opt/airflow/dags/en_species_dag.py
[2024-11-14T01:07:26.358+0000] {processor.py:914} INFO - Processing file /opt/airflow/dags/en_species_dag.py for tasks to queue
[2024-11-14T01:07:26.360+0000] {logging_mixin.py:190} INFO - [2024-11-14T01:07:26.360+0000] {dagbag.py:588} INFO - Filling up the DagBag from /opt/airflow/dags/en_species_dag.py
[2024-11-14T01:07:26.372+0000] {logging_mixin.py:190} INFO - IUCN token does not exists!
[2024-11-14T01:08:01.804+0000] {processor.py:186} INFO - Started process (PID=37) to work on /opt/airflow/dags/en_species_dag.py
[2024-11-14T01:08:01.807+0000] {processor.py:914} INFO - Processing file /opt/airflow/dags/en_species_dag.py for tasks to queue
[2024-11-14T01:08:01.809+0000] {logging_mixin.py:190} INFO - [2024-11-14T01:08:01.809+0000] {dagbag.py:588} INFO - Filling up the DagBag from /opt/airflow/dags/en_species_dag.py
[2024-11-14T01:08:01.844+0000] {logging_mixin.py:190} INFO - IUCN token does not exists!
[2024-11-14T01:08:32.095+0000] {processor.py:186} INFO - Started process (PID=45) to work on /opt/airflow/dags/en_species_dag.py
[2024-11-14T01:08:32.096+0000] {processor.py:914} INFO - Processing file /opt/airflow/dags/en_species_dag.py for tasks to queue
[2024-11-14T01:08:32.099+0000] {logging_mixin.py:190} INFO - [2024-11-14T01:08:32.099+0000] {dagbag.py:588} INFO - Filling up the DagBag from /opt/airflow/dags/en_species_dag.py
[2024-11-14T01:08:32.110+0000] {logging_mixin.py:190} INFO - IUCN token does not exists!
[2024-11-14T01:09:02.355+0000] {processor.py:186} INFO - Started process (PID=53) to work on /opt/airflow/dags/en_species_dag.py
[2024-11-14T01:09:02.355+0000] {processor.py:914} INFO - Processing file /opt/airflow/dags/en_species_dag.py for tasks to queue
[2024-11-14T01:09:02.356+0000] {logging_mixin.py:190} INFO - [2024-11-14T01:09:02.356+0000] {dagbag.py:588} INFO - Filling up the DagBag from /opt/airflow/dags/en_species_dag.py
[2024-11-14T01:09:02.360+0000] {logging_mixin.py:190} INFO - IUCN token does not exists!
[2024-11-14T01:09:32.631+0000] {processor.py:186} INFO - Started process (PID=61) to work on /opt/airflow/dags/en_species_dag.py
[2024-11-14T01:09:32.631+0000] {processor.py:914} INFO - Processing file /opt/airflow/dags/en_species_dag.py for tasks to queue
[2024-11-14T01:09:32.632+0000] {logging_mixin.py:190} INFO - [2024-11-14T01:09:32.632+0000] {dagbag.py:588} INFO - Filling up the DagBag from /opt/airflow/dags/en_species_dag.py
[2024-11-14T01:09:32.640+0000] {logging_mixin.py:190} INFO - IUCN token does not exists!
[2024-11-14T01:10:02.935+0000] {processor.py:186} INFO - Started process (PID=75) to work on /opt/airflow/dags/en_species_dag.py
[2024-11-14T01:10:02.936+0000] {processor.py:914} INFO - Processing file /opt/airflow/dags/en_species_dag.py for tasks to queue
[2024-11-14T01:10:02.938+0000] {logging_mixin.py:190} INFO - [2024-11-14T01:10:02.937+0000] {dagbag.py:588} INFO - Filling up the DagBag from /opt/airflow/dags/en_species_dag.py
[2024-11-14T01:10:02.946+0000] {logging_mixin.py:190} INFO - IUCN token does not exists!
[2024-11-14T01:10:33.249+0000] {processor.py:186} INFO - Started process (PID=83) to work on /opt/airflow/dags/en_species_dag.py
[2024-11-14T01:10:33.250+0000] {processor.py:914} INFO - Processing file /opt/airflow/dags/en_species_dag.py for tasks to queue
[2024-11-14T01:10:33.252+0000] {logging_mixin.py:190} INFO - [2024-11-14T01:10:33.252+0000] {dagbag.py:588} INFO - Filling up the DagBag from /opt/airflow/dags/en_species_dag.py
[2024-11-14T01:10:33.261+0000] {logging_mixin.py:190} INFO - IUCN token does not exists!
[2024-11-14T01:17:06.492+0000] {processor.py:186} INFO - Started process (PID=37) to work on /opt/airflow/dags/en_species_dag.py
[2024-11-14T01:17:06.495+0000] {processor.py:914} INFO - Processing file /opt/airflow/dags/en_species_dag.py for tasks to queue
[2024-11-14T01:17:06.496+0000] {logging_mixin.py:190} INFO - [2024-11-14T01:17:06.496+0000] {dagbag.py:588} INFO - Filling up the DagBag from /opt/airflow/dags/en_species_dag.py
[2024-11-14T01:17:06.515+0000] {processor.py:925} INFO - DAG(s) 'en_species_etl' retrieved from /opt/airflow/dags/en_species_dag.py
[2024-11-14T01:17:06.855+0000] {logging_mixin.py:190} INFO - [2024-11-14T01:17:06.854+0000] {override.py:1911} INFO - Created Permission View: can edit on DAG:en_species_etl
[2024-11-14T01:17:06.862+0000] {logging_mixin.py:190} INFO - [2024-11-14T01:17:06.862+0000] {override.py:1911} INFO - Created Permission View: can read on DAG:en_species_etl
[2024-11-14T01:17:06.865+0000] {logging_mixin.py:190} INFO - [2024-11-14T01:17:06.865+0000] {override.py:1911} INFO - Created Permission View: can delete on DAG:en_species_etl
[2024-11-14T01:17:06.868+0000] {logging_mixin.py:190} INFO - [2024-11-14T01:17:06.868+0000] {override.py:1911} INFO - Created Permission View: can create on DAG Run:en_species_etl
[2024-11-14T01:17:06.872+0000] {logging_mixin.py:190} INFO - [2024-11-14T01:17:06.872+0000] {override.py:1911} INFO - Created Permission View: menu access on DAG Run:en_species_etl
[2024-11-14T01:17:06.878+0000] {logging_mixin.py:190} INFO - [2024-11-14T01:17:06.878+0000] {override.py:1911} INFO - Created Permission View: can read on DAG Run:en_species_etl
[2024-11-14T01:17:06.880+0000] {logging_mixin.py:190} INFO - [2024-11-14T01:17:06.880+0000] {override.py:1911} INFO - Created Permission View: can delete on DAG Run:en_species_etl
[2024-11-14T01:17:06.880+0000] {logging_mixin.py:190} INFO - [2024-11-14T01:17:06.880+0000] {dag.py:3239} INFO - Sync 1 DAGs
[2024-11-14T01:17:06.896+0000] {logging_mixin.py:190} INFO - [2024-11-14T01:17:06.895+0000] {dag.py:3262} INFO - Creating ORM DAG for en_species_etl
[2024-11-14T01:17:06.906+0000] {logging_mixin.py:190} INFO - [2024-11-14T01:17:06.905+0000] {dag.py:4180} INFO - Setting next_dagrun for en_species_etl to 2024-01-01 09:00:00+00:00, run_after=2024-01-31 09:00:00+00:00
[2024-11-14T01:17:06.920+0000] {processor.py:208} INFO - Processing /opt/airflow/dags/en_species_dag.py took 0.435 seconds
[2024-11-14T01:17:34.166+0000] {processor.py:186} INFO - Started process (PID=45) to work on /opt/airflow/dags/en_species_dag.py
[2024-11-14T01:17:34.167+0000] {processor.py:914} INFO - Processing file /opt/airflow/dags/en_species_dag.py for tasks to queue
[2024-11-14T01:17:34.170+0000] {logging_mixin.py:190} INFO - [2024-11-14T01:17:34.169+0000] {dagbag.py:588} INFO - Filling up the DagBag from /opt/airflow/dags/en_species_dag.py
[2024-11-14T01:17:34.183+0000] {processor.py:925} INFO - DAG(s) 'en_species_etl' retrieved from /opt/airflow/dags/en_species_dag.py
[2024-11-14T01:17:34.192+0000] {logging_mixin.py:190} INFO - [2024-11-14T01:17:34.192+0000] {dag.py:3239} INFO - Sync 1 DAGs
[2024-11-14T01:17:34.206+0000] {logging_mixin.py:190} INFO - [2024-11-14T01:17:34.205+0000] {dag.py:4180} INFO - Setting next_dagrun for en_species_etl to 2024-11-01 00:00:00+00:00, run_after=2024-12-01 00:00:00+00:00
[2024-11-14T01:17:34.228+0000] {processor.py:208} INFO - Processing /opt/airflow/dags/en_species_dag.py took 0.070 seconds
[2024-11-14T01:17:41.623+0000] {processor.py:186} INFO - Started process (PID=53) to work on /opt/airflow/dags/en_species_dag.py
[2024-11-14T01:17:41.624+0000] {processor.py:914} INFO - Processing file /opt/airflow/dags/en_species_dag.py for tasks to queue
[2024-11-14T01:17:41.626+0000] {logging_mixin.py:190} INFO - [2024-11-14T01:17:41.626+0000] {dagbag.py:588} INFO - Filling up the DagBag from /opt/airflow/dags/en_species_dag.py
[2024-11-14T01:17:41.636+0000] {processor.py:925} INFO - DAG(s) 'en_species_etl' retrieved from /opt/airflow/dags/en_species_dag.py
[2024-11-14T01:17:41.798+0000] {logging_mixin.py:190} INFO - [2024-11-14T01:17:41.798+0000] {dag.py:3239} INFO - Sync 1 DAGs
[2024-11-14T01:17:41.806+0000] {logging_mixin.py:190} INFO - [2024-11-14T01:17:41.806+0000] {dag.py:4180} INFO - Setting next_dagrun for en_species_etl to 2024-11-01 00:00:00+00:00, run_after=2025-02-21 00:00:00+00:00
[2024-11-14T01:17:41.812+0000] {processor.py:208} INFO - Processing /opt/airflow/dags/en_species_dag.py took 0.195 seconds
[2024-11-14T01:18:22.380+0000] {processor.py:186} INFO - Started process (PID=37) to work on /opt/airflow/dags/en_species_dag.py
[2024-11-14T01:18:22.381+0000] {processor.py:914} INFO - Processing file /opt/airflow/dags/en_species_dag.py for tasks to queue
[2024-11-14T01:18:22.383+0000] {logging_mixin.py:190} INFO - [2024-11-14T01:18:22.383+0000] {dagbag.py:588} INFO - Filling up the DagBag from /opt/airflow/dags/en_species_dag.py
[2024-11-14T01:18:22.398+0000] {processor.py:925} INFO - DAG(s) 'en_species_etl' retrieved from /opt/airflow/dags/en_species_dag.py
[2024-11-14T01:18:22.436+0000] {logging_mixin.py:190} INFO - [2024-11-14T01:18:22.436+0000] {dag.py:3239} INFO - Sync 1 DAGs
[2024-11-14T01:18:22.455+0000] {logging_mixin.py:190} INFO - [2024-11-14T01:18:22.455+0000] {dag.py:4180} INFO - Setting next_dagrun for en_species_etl to 2024-11-01 00:00:00+00:00, run_after=2025-02-21 00:00:00+00:00
[2024-11-14T01:18:22.470+0000] {processor.py:208} INFO - Processing /opt/airflow/dags/en_species_dag.py took 0.094 seconds
[2024-11-14T01:18:52.718+0000] {processor.py:186} INFO - Started process (PID=44) to work on /opt/airflow/dags/en_species_dag.py
[2024-11-14T01:18:52.718+0000] {processor.py:914} INFO - Processing file /opt/airflow/dags/en_species_dag.py for tasks to queue
[2024-11-14T01:18:52.720+0000] {logging_mixin.py:190} INFO - [2024-11-14T01:18:52.720+0000] {dagbag.py:588} INFO - Filling up the DagBag from /opt/airflow/dags/en_species_dag.py
[2024-11-14T01:18:52.727+0000] {processor.py:925} INFO - DAG(s) 'en_species_etl' retrieved from /opt/airflow/dags/en_species_dag.py
[2024-11-14T01:18:52.741+0000] {logging_mixin.py:190} INFO - [2024-11-14T01:18:52.741+0000] {dag.py:3239} INFO - Sync 1 DAGs
[2024-11-14T01:18:52.759+0000] {processor.py:208} INFO - Processing /opt/airflow/dags/en_species_dag.py took 0.045 seconds
[2024-11-14T01:19:23.037+0000] {processor.py:186} INFO - Started process (PID=52) to work on /opt/airflow/dags/en_species_dag.py
[2024-11-14T01:19:23.038+0000] {processor.py:914} INFO - Processing file /opt/airflow/dags/en_species_dag.py for tasks to queue
[2024-11-14T01:19:23.040+0000] {logging_mixin.py:190} INFO - [2024-11-14T01:19:23.040+0000] {dagbag.py:588} INFO - Filling up the DagBag from /opt/airflow/dags/en_species_dag.py
[2024-11-14T01:19:23.046+0000] {processor.py:925} INFO - DAG(s) 'en_species_etl' retrieved from /opt/airflow/dags/en_species_dag.py
[2024-11-14T01:19:23.061+0000] {logging_mixin.py:190} INFO - [2024-11-14T01:19:23.061+0000] {dag.py:3239} INFO - Sync 1 DAGs
[2024-11-14T01:19:23.071+0000] {logging_mixin.py:190} INFO - [2024-11-14T01:19:23.071+0000] {dag.py:4180} INFO - Setting next_dagrun for en_species_etl to 2024-11-01 00:00:00+00:00, run_after=2025-02-21 00:00:00+00:00
[2024-11-14T01:19:23.218+0000] {processor.py:208} INFO - Processing /opt/airflow/dags/en_species_dag.py took 0.183 seconds
[2024-11-14T01:19:53.510+0000] {processor.py:186} INFO - Started process (PID=60) to work on /opt/airflow/dags/en_species_dag.py
[2024-11-14T01:19:53.510+0000] {processor.py:914} INFO - Processing file /opt/airflow/dags/en_species_dag.py for tasks to queue
[2024-11-14T01:19:53.511+0000] {logging_mixin.py:190} INFO - [2024-11-14T01:19:53.511+0000] {dagbag.py:588} INFO - Filling up the DagBag from /opt/airflow/dags/en_species_dag.py
[2024-11-14T01:19:53.517+0000] {processor.py:925} INFO - DAG(s) 'en_species_etl' retrieved from /opt/airflow/dags/en_species_dag.py
[2024-11-14T01:19:53.529+0000] {logging_mixin.py:190} INFO - [2024-11-14T01:19:53.529+0000] {dag.py:3239} INFO - Sync 1 DAGs
[2024-11-14T01:19:53.635+0000] {logging_mixin.py:190} INFO - [2024-11-14T01:19:53.635+0000] {dag.py:4180} INFO - Setting next_dagrun for en_species_etl to 2024-11-01 00:00:00+00:00, run_after=2025-02-21 00:00:00+00:00
[2024-11-14T01:19:53.642+0000] {processor.py:208} INFO - Processing /opt/airflow/dags/en_species_dag.py took 0.135 seconds
[2024-11-14T01:20:23.951+0000] {processor.py:186} INFO - Started process (PID=74) to work on /opt/airflow/dags/en_species_dag.py
[2024-11-14T01:20:23.951+0000] {processor.py:914} INFO - Processing file /opt/airflow/dags/en_species_dag.py for tasks to queue
[2024-11-14T01:20:23.953+0000] {logging_mixin.py:190} INFO - [2024-11-14T01:20:23.953+0000] {dagbag.py:588} INFO - Filling up the DagBag from /opt/airflow/dags/en_species_dag.py
[2024-11-14T01:20:23.961+0000] {processor.py:925} INFO - DAG(s) 'en_species_etl' retrieved from /opt/airflow/dags/en_species_dag.py
[2024-11-14T01:20:23.978+0000] {logging_mixin.py:190} INFO - [2024-11-14T01:20:23.978+0000] {dag.py:3239} INFO - Sync 1 DAGs
[2024-11-14T01:20:24.099+0000] {logging_mixin.py:190} INFO - [2024-11-14T01:20:24.099+0000] {dag.py:4180} INFO - Setting next_dagrun for en_species_etl to 2024-11-01 00:00:00+00:00, run_after=2025-02-21 00:00:00+00:00
[2024-11-14T01:20:24.106+0000] {processor.py:208} INFO - Processing /opt/airflow/dags/en_species_dag.py took 0.159 seconds
[2024-11-14T01:20:54.420+0000] {processor.py:186} INFO - Started process (PID=82) to work on /opt/airflow/dags/en_species_dag.py
[2024-11-14T01:20:54.421+0000] {processor.py:914} INFO - Processing file /opt/airflow/dags/en_species_dag.py for tasks to queue
[2024-11-14T01:20:54.423+0000] {logging_mixin.py:190} INFO - [2024-11-14T01:20:54.422+0000] {dagbag.py:588} INFO - Filling up the DagBag from /opt/airflow/dags/en_species_dag.py
[2024-11-14T01:20:54.433+0000] {processor.py:925} INFO - DAG(s) 'en_species_etl' retrieved from /opt/airflow/dags/en_species_dag.py
[2024-11-14T01:20:54.536+0000] {logging_mixin.py:190} INFO - [2024-11-14T01:20:54.536+0000] {dag.py:3239} INFO - Sync 1 DAGs
[2024-11-14T01:20:54.543+0000] {logging_mixin.py:190} INFO - [2024-11-14T01:20:54.543+0000] {dag.py:4180} INFO - Setting next_dagrun for en_species_etl to 2024-11-01 00:00:00+00:00, run_after=2025-02-21 00:00:00+00:00
[2024-11-14T01:20:54.548+0000] {processor.py:208} INFO - Processing /opt/airflow/dags/en_species_dag.py took 0.133 seconds
[2024-11-14T01:21:24.841+0000] {processor.py:186} INFO - Started process (PID=90) to work on /opt/airflow/dags/en_species_dag.py
[2024-11-14T01:21:24.842+0000] {processor.py:914} INFO - Processing file /opt/airflow/dags/en_species_dag.py for tasks to queue
[2024-11-14T01:21:24.843+0000] {logging_mixin.py:190} INFO - [2024-11-14T01:21:24.843+0000] {dagbag.py:588} INFO - Filling up the DagBag from /opt/airflow/dags/en_species_dag.py
[2024-11-14T01:21:24.850+0000] {processor.py:925} INFO - DAG(s) 'en_species_etl' retrieved from /opt/airflow/dags/en_species_dag.py
[2024-11-14T01:21:24.864+0000] {logging_mixin.py:190} INFO - [2024-11-14T01:21:24.863+0000] {dag.py:3239} INFO - Sync 1 DAGs
[2024-11-14T01:21:24.877+0000] {logging_mixin.py:190} INFO - [2024-11-14T01:21:24.877+0000] {dag.py:4180} INFO - Setting next_dagrun for en_species_etl to 2024-11-01 00:00:00+00:00, run_after=2025-02-21 00:00:00+00:00
[2024-11-14T01:21:24.885+0000] {processor.py:208} INFO - Processing /opt/airflow/dags/en_species_dag.py took 0.050 seconds
[2024-11-14T01:21:55.145+0000] {processor.py:186} INFO - Started process (PID=98) to work on /opt/airflow/dags/en_species_dag.py
[2024-11-14T01:21:55.146+0000] {processor.py:914} INFO - Processing file /opt/airflow/dags/en_species_dag.py for tasks to queue
[2024-11-14T01:21:55.149+0000] {logging_mixin.py:190} INFO - [2024-11-14T01:21:55.148+0000] {dagbag.py:588} INFO - Filling up the DagBag from /opt/airflow/dags/en_species_dag.py
[2024-11-14T01:21:55.163+0000] {processor.py:925} INFO - DAG(s) 'en_species_etl' retrieved from /opt/airflow/dags/en_species_dag.py
[2024-11-14T01:21:55.179+0000] {logging_mixin.py:190} INFO - [2024-11-14T01:21:55.179+0000] {dag.py:3239} INFO - Sync 1 DAGs
[2024-11-14T01:21:55.190+0000] {logging_mixin.py:190} INFO - [2024-11-14T01:21:55.190+0000] {dag.py:4180} INFO - Setting next_dagrun for en_species_etl to 2024-11-01 00:00:00+00:00, run_after=2025-02-21 00:00:00+00:00
[2024-11-14T01:21:55.198+0000] {processor.py:208} INFO - Processing /opt/airflow/dags/en_species_dag.py took 0.060 seconds
[2024-11-14T01:22:25.497+0000] {processor.py:186} INFO - Started process (PID=106) to work on /opt/airflow/dags/en_species_dag.py
[2024-11-14T01:22:25.498+0000] {processor.py:914} INFO - Processing file /opt/airflow/dags/en_species_dag.py for tasks to queue
[2024-11-14T01:22:25.500+0000] {logging_mixin.py:190} INFO - [2024-11-14T01:22:25.500+0000] {dagbag.py:588} INFO - Filling up the DagBag from /opt/airflow/dags/en_species_dag.py
[2024-11-14T01:22:25.511+0000] {processor.py:925} INFO - DAG(s) 'en_species_etl' retrieved from /opt/airflow/dags/en_species_dag.py
[2024-11-14T01:22:25.536+0000] {logging_mixin.py:190} INFO - [2024-11-14T01:22:25.536+0000] {dag.py:3239} INFO - Sync 1 DAGs
[2024-11-14T01:22:25.554+0000] {logging_mixin.py:190} INFO - [2024-11-14T01:22:25.553+0000] {dag.py:4180} INFO - Setting next_dagrun for en_species_etl to 2024-11-01 00:00:00+00:00, run_after=2025-02-21 00:00:00+00:00
[2024-11-14T01:22:25.563+0000] {processor.py:208} INFO - Processing /opt/airflow/dags/en_species_dag.py took 0.076 seconds
[2024-11-14T01:22:55.884+0000] {processor.py:186} INFO - Started process (PID=114) to work on /opt/airflow/dags/en_species_dag.py
[2024-11-14T01:22:55.885+0000] {processor.py:914} INFO - Processing file /opt/airflow/dags/en_species_dag.py for tasks to queue
[2024-11-14T01:22:55.888+0000] {logging_mixin.py:190} INFO - [2024-11-14T01:22:55.887+0000] {dagbag.py:588} INFO - Filling up the DagBag from /opt/airflow/dags/en_species_dag.py
[2024-11-14T01:22:55.900+0000] {processor.py:925} INFO - DAG(s) 'en_species_etl' retrieved from /opt/airflow/dags/en_species_dag.py
[2024-11-14T01:22:55.921+0000] {logging_mixin.py:190} INFO - [2024-11-14T01:22:55.921+0000] {dag.py:3239} INFO - Sync 1 DAGs
[2024-11-14T01:22:55.936+0000] {logging_mixin.py:190} INFO - [2024-11-14T01:22:55.935+0000] {dag.py:4180} INFO - Setting next_dagrun for en_species_etl to 2024-11-01 00:00:00+00:00, run_after=2025-02-21 00:00:00+00:00
[2024-11-14T01:22:55.944+0000] {processor.py:208} INFO - Processing /opt/airflow/dags/en_species_dag.py took 0.067 seconds
[2024-11-14T01:23:26.268+0000] {processor.py:186} INFO - Started process (PID=122) to work on /opt/airflow/dags/en_species_dag.py
[2024-11-14T01:23:26.269+0000] {processor.py:914} INFO - Processing file /opt/airflow/dags/en_species_dag.py for tasks to queue
[2024-11-14T01:23:26.271+0000] {logging_mixin.py:190} INFO - [2024-11-14T01:23:26.271+0000] {dagbag.py:588} INFO - Filling up the DagBag from /opt/airflow/dags/en_species_dag.py
[2024-11-14T01:23:26.283+0000] {processor.py:925} INFO - DAG(s) 'en_species_etl' retrieved from /opt/airflow/dags/en_species_dag.py
[2024-11-14T01:23:26.301+0000] {logging_mixin.py:190} INFO - [2024-11-14T01:23:26.301+0000] {dag.py:3239} INFO - Sync 1 DAGs
[2024-11-14T01:23:26.313+0000] {logging_mixin.py:190} INFO - [2024-11-14T01:23:26.313+0000] {dag.py:4180} INFO - Setting next_dagrun for en_species_etl to 2024-11-01 00:00:00+00:00, run_after=2025-02-21 00:00:00+00:00
[2024-11-14T01:23:26.325+0000] {processor.py:208} INFO - Processing /opt/airflow/dags/en_species_dag.py took 0.063 seconds
[2024-11-14T01:23:56.656+0000] {processor.py:186} INFO - Started process (PID=130) to work on /opt/airflow/dags/en_species_dag.py
[2024-11-14T01:23:56.657+0000] {processor.py:914} INFO - Processing file /opt/airflow/dags/en_species_dag.py for tasks to queue
[2024-11-14T01:23:56.660+0000] {logging_mixin.py:190} INFO - [2024-11-14T01:23:56.660+0000] {dagbag.py:588} INFO - Filling up the DagBag from /opt/airflow/dags/en_species_dag.py
[2024-11-14T01:23:56.672+0000] {processor.py:925} INFO - DAG(s) 'en_species_etl' retrieved from /opt/airflow/dags/en_species_dag.py
[2024-11-14T01:23:56.687+0000] {logging_mixin.py:190} INFO - [2024-11-14T01:23:56.686+0000] {dag.py:3239} INFO - Sync 1 DAGs
[2024-11-14T01:23:56.698+0000] {logging_mixin.py:190} INFO - [2024-11-14T01:23:56.698+0000] {dag.py:4180} INFO - Setting next_dagrun for en_species_etl to 2024-11-01 00:00:00+00:00, run_after=2025-02-21 00:00:00+00:00
[2024-11-14T01:23:56.705+0000] {processor.py:208} INFO - Processing /opt/airflow/dags/en_species_dag.py took 0.056 seconds
[2024-11-14T01:24:27.011+0000] {processor.py:186} INFO - Started process (PID=138) to work on /opt/airflow/dags/en_species_dag.py
[2024-11-14T01:24:27.012+0000] {processor.py:914} INFO - Processing file /opt/airflow/dags/en_species_dag.py for tasks to queue
[2024-11-14T01:24:27.014+0000] {logging_mixin.py:190} INFO - [2024-11-14T01:24:27.014+0000] {dagbag.py:588} INFO - Filling up the DagBag from /opt/airflow/dags/en_species_dag.py
[2024-11-14T01:24:27.026+0000] {processor.py:925} INFO - DAG(s) 'en_species_etl' retrieved from /opt/airflow/dags/en_species_dag.py
[2024-11-14T01:24:27.041+0000] {logging_mixin.py:190} INFO - [2024-11-14T01:24:27.041+0000] {dag.py:3239} INFO - Sync 1 DAGs
[2024-11-14T01:24:27.053+0000] {logging_mixin.py:190} INFO - [2024-11-14T01:24:27.053+0000] {dag.py:4180} INFO - Setting next_dagrun for en_species_etl to 2024-11-01 00:00:00+00:00, run_after=2025-02-21 00:00:00+00:00
[2024-11-14T01:24:27.061+0000] {processor.py:208} INFO - Processing /opt/airflow/dags/en_species_dag.py took 0.055 seconds
[2024-11-14T01:24:57.341+0000] {processor.py:186} INFO - Started process (PID=146) to work on /opt/airflow/dags/en_species_dag.py
[2024-11-14T01:24:57.342+0000] {processor.py:914} INFO - Processing file /opt/airflow/dags/en_species_dag.py for tasks to queue
[2024-11-14T01:24:57.345+0000] {logging_mixin.py:190} INFO - [2024-11-14T01:24:57.345+0000] {dagbag.py:588} INFO - Filling up the DagBag from /opt/airflow/dags/en_species_dag.py
[2024-11-14T01:24:57.352+0000] {processor.py:925} INFO - DAG(s) 'en_species_etl' retrieved from /opt/airflow/dags/en_species_dag.py
[2024-11-14T01:24:57.368+0000] {logging_mixin.py:190} INFO - [2024-11-14T01:24:57.368+0000] {dag.py:3239} INFO - Sync 1 DAGs
[2024-11-14T01:24:57.385+0000] {logging_mixin.py:190} INFO - [2024-11-14T01:24:57.385+0000] {dag.py:4180} INFO - Setting next_dagrun for en_species_etl to 2024-11-01 00:00:00+00:00, run_after=2025-02-21 00:00:00+00:00
[2024-11-14T01:24:57.392+0000] {processor.py:208} INFO - Processing /opt/airflow/dags/en_species_dag.py took 0.058 seconds
[2024-11-14T01:25:27.698+0000] {processor.py:186} INFO - Started process (PID=154) to work on /opt/airflow/dags/en_species_dag.py
[2024-11-14T01:25:27.698+0000] {processor.py:914} INFO - Processing file /opt/airflow/dags/en_species_dag.py for tasks to queue
[2024-11-14T01:25:27.701+0000] {logging_mixin.py:190} INFO - [2024-11-14T01:25:27.700+0000] {dagbag.py:588} INFO - Filling up the DagBag from /opt/airflow/dags/en_species_dag.py
[2024-11-14T01:25:27.713+0000] {processor.py:925} INFO - DAG(s) 'en_species_etl' retrieved from /opt/airflow/dags/en_species_dag.py
[2024-11-14T01:25:27.735+0000] {logging_mixin.py:190} INFO - [2024-11-14T01:25:27.735+0000] {dag.py:3239} INFO - Sync 1 DAGs
[2024-11-14T01:25:27.750+0000] {logging_mixin.py:190} INFO - [2024-11-14T01:25:27.750+0000] {dag.py:4180} INFO - Setting next_dagrun for en_species_etl to 2024-11-01 00:00:00+00:00, run_after=2025-02-21 00:00:00+00:00
[2024-11-14T01:25:27.760+0000] {processor.py:208} INFO - Processing /opt/airflow/dags/en_species_dag.py took 0.071 seconds
[2024-11-14T01:25:58.045+0000] {processor.py:186} INFO - Started process (PID=162) to work on /opt/airflow/dags/en_species_dag.py
[2024-11-14T01:25:58.046+0000] {processor.py:914} INFO - Processing file /opt/airflow/dags/en_species_dag.py for tasks to queue
[2024-11-14T01:25:58.047+0000] {logging_mixin.py:190} INFO - [2024-11-14T01:25:58.047+0000] {dagbag.py:588} INFO - Filling up the DagBag from /opt/airflow/dags/en_species_dag.py
[2024-11-14T01:25:58.056+0000] {processor.py:925} INFO - DAG(s) 'en_species_etl' retrieved from /opt/airflow/dags/en_species_dag.py
[2024-11-14T01:25:58.076+0000] {logging_mixin.py:190} INFO - [2024-11-14T01:25:58.076+0000] {dag.py:3239} INFO - Sync 1 DAGs
[2024-11-14T01:25:58.091+0000] {logging_mixin.py:190} INFO - [2024-11-14T01:25:58.091+0000] {dag.py:4180} INFO - Setting next_dagrun for en_species_etl to 2024-11-01 00:00:00+00:00, run_after=2025-02-21 00:00:00+00:00
[2024-11-14T01:25:58.104+0000] {processor.py:208} INFO - Processing /opt/airflow/dags/en_species_dag.py took 0.066 seconds
[2024-11-14T01:27:56.572+0000] {processor.py:186} INFO - Started process (PID=36) to work on /opt/airflow/dags/en_species_dag.py
[2024-11-14T01:27:56.574+0000] {processor.py:914} INFO - Processing file /opt/airflow/dags/en_species_dag.py for tasks to queue
[2024-11-14T01:27:56.576+0000] {logging_mixin.py:190} INFO - [2024-11-14T01:27:56.576+0000] {dagbag.py:588} INFO - Filling up the DagBag from /opt/airflow/dags/en_species_dag.py
[2024-11-14T01:27:56.610+0000] {logging_mixin.py:190} INFO - IUCN token does not exists!
[2024-11-14T01:28:26.852+0000] {processor.py:186} INFO - Started process (PID=43) to work on /opt/airflow/dags/en_species_dag.py
[2024-11-14T01:28:26.853+0000] {processor.py:914} INFO - Processing file /opt/airflow/dags/en_species_dag.py for tasks to queue
[2024-11-14T01:28:26.855+0000] {logging_mixin.py:190} INFO - [2024-11-14T01:28:26.855+0000] {dagbag.py:588} INFO - Filling up the DagBag from /opt/airflow/dags/en_species_dag.py
[2024-11-14T01:28:26.863+0000] {logging_mixin.py:190} INFO - IUCN token does not exists!
[2024-11-14T01:28:57.114+0000] {processor.py:186} INFO - Started process (PID=51) to work on /opt/airflow/dags/en_species_dag.py
[2024-11-14T01:28:57.115+0000] {processor.py:914} INFO - Processing file /opt/airflow/dags/en_species_dag.py for tasks to queue
[2024-11-14T01:28:57.115+0000] {logging_mixin.py:190} INFO - [2024-11-14T01:28:57.115+0000] {dagbag.py:588} INFO - Filling up the DagBag from /opt/airflow/dags/en_species_dag.py
[2024-11-14T01:28:57.119+0000] {logging_mixin.py:190} INFO - IUCN token does not exists!
[2024-11-14T01:33:32.496+0000] {processor.py:186} INFO - Started process (PID=37) to work on /opt/airflow/dags/en_species_dag.py
[2024-11-14T01:33:32.498+0000] {processor.py:914} INFO - Processing file /opt/airflow/dags/en_species_dag.py for tasks to queue
[2024-11-14T01:33:32.499+0000] {logging_mixin.py:190} INFO - [2024-11-14T01:33:32.499+0000] {dagbag.py:588} INFO - Filling up the DagBag from /opt/airflow/dags/en_species_dag.py
[2024-11-14T01:33:32.514+0000] {logging_mixin.py:190} INFO - IUCN token does not exists!
[2024-11-14T01:34:02.731+0000] {processor.py:186} INFO - Started process (PID=45) to work on /opt/airflow/dags/en_species_dag.py
[2024-11-14T01:34:02.733+0000] {processor.py:914} INFO - Processing file /opt/airflow/dags/en_species_dag.py for tasks to queue
[2024-11-14T01:34:02.737+0000] {logging_mixin.py:190} INFO - [2024-11-14T01:34:02.736+0000] {dagbag.py:588} INFO - Filling up the DagBag from /opt/airflow/dags/en_species_dag.py
[2024-11-14T01:34:02.747+0000] {logging_mixin.py:190} INFO - IUCN token does not exists!
[2024-11-14T01:34:32.974+0000] {processor.py:186} INFO - Started process (PID=53) to work on /opt/airflow/dags/en_species_dag.py
[2024-11-14T01:34:32.975+0000] {processor.py:914} INFO - Processing file /opt/airflow/dags/en_species_dag.py for tasks to queue
[2024-11-14T01:34:32.976+0000] {logging_mixin.py:190} INFO - [2024-11-14T01:34:32.976+0000] {dagbag.py:588} INFO - Filling up the DagBag from /opt/airflow/dags/en_species_dag.py
[2024-11-14T01:34:32.980+0000] {logging_mixin.py:190} INFO - IUCN token does not exists!
[2024-11-14T01:40:28.205+0000] {processor.py:186} INFO - Started process (PID=37) to work on /opt/airflow/dags/en_species_dag.py
[2024-11-14T01:40:28.206+0000] {processor.py:914} INFO - Processing file /opt/airflow/dags/en_species_dag.py for tasks to queue
[2024-11-14T01:40:28.209+0000] {logging_mixin.py:190} INFO - [2024-11-14T01:40:28.209+0000] {dagbag.py:588} INFO - Filling up the DagBag from /opt/airflow/dags/en_species_dag.py
[2024-11-14T01:40:28.252+0000] {logging_mixin.py:190} INFO - IUCN token does not exists!
[2024-11-14T01:40:58.493+0000] {processor.py:186} INFO - Started process (PID=45) to work on /opt/airflow/dags/en_species_dag.py
[2024-11-14T01:40:58.494+0000] {processor.py:914} INFO - Processing file /opt/airflow/dags/en_species_dag.py for tasks to queue
[2024-11-14T01:40:58.497+0000] {logging_mixin.py:190} INFO - [2024-11-14T01:40:58.496+0000] {dagbag.py:588} INFO - Filling up the DagBag from /opt/airflow/dags/en_species_dag.py
[2024-11-14T01:40:58.507+0000] {logging_mixin.py:190} INFO - IUCN token does not exists!
[2024-11-14T01:48:50.862+0000] {processor.py:186} INFO - Started process (PID=37) to work on /opt/airflow/dags/en_species_dag.py
[2024-11-14T01:48:50.863+0000] {processor.py:914} INFO - Processing file /opt/airflow/dags/en_species_dag.py for tasks to queue
[2024-11-14T01:48:50.869+0000] {logging_mixin.py:190} INFO - [2024-11-14T01:48:50.869+0000] {dagbag.py:588} INFO - Filling up the DagBag from /opt/airflow/dags/en_species_dag.py
[2024-11-14T01:48:50.880+0000] {logging_mixin.py:190} INFO - [2024-11-14T01:48:50.877+0000] {dagbag.py:387} ERROR - Failed to import: /opt/airflow/dags/en_species_dag.py
Traceback (most recent call last):
  File "/home/airflow/.local/lib/python3.12/site-packages/airflow/models/dagbag.py", line 383, in parse
    loader.exec_module(new_module)
  File "<frozen importlib._bootstrap_external>", line 995, in exec_module
  File "<frozen importlib._bootstrap>", line 488, in _call_with_frames_removed
  File "/opt/airflow/dags/en_species_dag.py", line 7, in <module>
    from airflow_pipeline.scripts.extract_en_species import testing
ModuleNotFoundError: No module named 'airflow_pipeline'
[2024-11-14T01:48:50.880+0000] {processor.py:927} WARNING - No viable dags retrieved from /opt/airflow/dags/en_species_dag.py
[2024-11-14T01:48:50.895+0000] {processor.py:208} INFO - Processing /opt/airflow/dags/en_species_dag.py took 0.042 seconds
[2024-11-14T01:50:44.830+0000] {processor.py:186} INFO - Started process (PID=38) to work on /opt/airflow/dags/en_species_dag.py
[2024-11-14T01:50:44.834+0000] {processor.py:914} INFO - Processing file /opt/airflow/dags/en_species_dag.py for tasks to queue
[2024-11-14T01:50:44.837+0000] {logging_mixin.py:190} INFO - [2024-11-14T01:50:44.836+0000] {dagbag.py:588} INFO - Filling up the DagBag from /opt/airflow/dags/en_species_dag.py
[2024-11-14T01:50:44.843+0000] {logging_mixin.py:190} INFO - [2024-11-14T01:50:44.841+0000] {dagbag.py:387} ERROR - Failed to import: /opt/airflow/dags/en_species_dag.py
Traceback (most recent call last):
  File "/home/airflow/.local/lib/python3.12/site-packages/airflow/models/dagbag.py", line 383, in parse
    loader.exec_module(new_module)
  File "<frozen importlib._bootstrap_external>", line 995, in exec_module
  File "<frozen importlib._bootstrap>", line 488, in _call_with_frames_removed
  File "/opt/airflow/dags/en_species_dag.py", line 7, in <module>
    from airflow_pipeline.scripts.extract_en_species import testing
ModuleNotFoundError: No module named 'airflow_pipeline'
[2024-11-14T01:50:44.845+0000] {processor.py:927} WARNING - No viable dags retrieved from /opt/airflow/dags/en_species_dag.py
[2024-11-14T01:50:44.856+0000] {processor.py:208} INFO - Processing /opt/airflow/dags/en_species_dag.py took 0.034 seconds
[2024-11-14T01:51:15.086+0000] {processor.py:186} INFO - Started process (PID=46) to work on /opt/airflow/dags/en_species_dag.py
[2024-11-14T01:51:15.087+0000] {processor.py:914} INFO - Processing file /opt/airflow/dags/en_species_dag.py for tasks to queue
[2024-11-14T01:51:15.091+0000] {logging_mixin.py:190} INFO - [2024-11-14T01:51:15.091+0000] {dagbag.py:588} INFO - Filling up the DagBag from /opt/airflow/dags/en_species_dag.py
[2024-11-14T01:51:15.099+0000] {logging_mixin.py:190} INFO - [2024-11-14T01:51:15.097+0000] {dagbag.py:387} ERROR - Failed to import: /opt/airflow/dags/en_species_dag.py
Traceback (most recent call last):
  File "/home/airflow/.local/lib/python3.12/site-packages/airflow/models/dagbag.py", line 383, in parse
    loader.exec_module(new_module)
  File "<frozen importlib._bootstrap_external>", line 995, in exec_module
  File "<frozen importlib._bootstrap>", line 488, in _call_with_frames_removed
  File "/opt/airflow/dags/en_species_dag.py", line 7, in <module>
    from airflow_pipeline.scripts.extract_en_species import testing
ModuleNotFoundError: No module named 'airflow_pipeline'
[2024-11-14T01:51:15.101+0000] {processor.py:927} WARNING - No viable dags retrieved from /opt/airflow/dags/en_species_dag.py
[2024-11-14T01:51:15.116+0000] {processor.py:208} INFO - Processing /opt/airflow/dags/en_species_dag.py took 0.036 seconds
[2024-11-14T01:53:15.000+0000] {processor.py:186} INFO - Started process (PID=37) to work on /opt/airflow/dags/en_species_dag.py
[2024-11-14T01:53:15.003+0000] {processor.py:914} INFO - Processing file /opt/airflow/dags/en_species_dag.py for tasks to queue
[2024-11-14T01:53:15.006+0000] {logging_mixin.py:190} INFO - [2024-11-14T01:53:15.006+0000] {dagbag.py:588} INFO - Filling up the DagBag from /opt/airflow/dags/en_species_dag.py
[2024-11-14T01:53:15.011+0000] {logging_mixin.py:190} INFO - [2024-11-14T01:53:15.010+0000] {dagbag.py:387} ERROR - Failed to import: /opt/airflow/dags/en_species_dag.py
Traceback (most recent call last):
  File "/home/airflow/.local/lib/python3.12/site-packages/airflow/models/dagbag.py", line 383, in parse
    loader.exec_module(new_module)
  File "<frozen importlib._bootstrap_external>", line 995, in exec_module
  File "<frozen importlib._bootstrap>", line 488, in _call_with_frames_removed
  File "/opt/airflow/dags/en_species_dag.py", line 7, in <module>
    from airflow_pipeline.scripts.extract_en_species import testing
ModuleNotFoundError: No module named 'airflow_pipeline'
[2024-11-14T01:53:15.015+0000] {processor.py:927} WARNING - No viable dags retrieved from /opt/airflow/dags/en_species_dag.py
[2024-11-14T01:53:15.028+0000] {processor.py:208} INFO - Processing /opt/airflow/dags/en_species_dag.py took 0.033 seconds
[2024-11-14T01:53:45.270+0000] {processor.py:186} INFO - Started process (PID=45) to work on /opt/airflow/dags/en_species_dag.py
[2024-11-14T01:53:45.271+0000] {processor.py:914} INFO - Processing file /opt/airflow/dags/en_species_dag.py for tasks to queue
[2024-11-14T01:53:45.272+0000] {logging_mixin.py:190} INFO - [2024-11-14T01:53:45.272+0000] {dagbag.py:588} INFO - Filling up the DagBag from /opt/airflow/dags/en_species_dag.py
[2024-11-14T01:53:45.278+0000] {logging_mixin.py:190} INFO - [2024-11-14T01:53:45.277+0000] {dagbag.py:387} ERROR - Failed to import: /opt/airflow/dags/en_species_dag.py
Traceback (most recent call last):
  File "/home/airflow/.local/lib/python3.12/site-packages/airflow/models/dagbag.py", line 383, in parse
    loader.exec_module(new_module)
  File "<frozen importlib._bootstrap_external>", line 995, in exec_module
  File "<frozen importlib._bootstrap>", line 488, in _call_with_frames_removed
  File "/opt/airflow/dags/en_species_dag.py", line 7, in <module>
    from airflow_pipeline.scripts.extract_en_species import testing
ModuleNotFoundError: No module named 'airflow_pipeline'
[2024-11-14T01:53:45.280+0000] {processor.py:927} WARNING - No viable dags retrieved from /opt/airflow/dags/en_species_dag.py
[2024-11-14T01:53:45.293+0000] {processor.py:208} INFO - Processing /opt/airflow/dags/en_species_dag.py took 0.027 seconds
[2024-11-14T01:54:15.500+0000] {processor.py:186} INFO - Started process (PID=53) to work on /opt/airflow/dags/en_species_dag.py
[2024-11-14T01:54:15.500+0000] {processor.py:914} INFO - Processing file /opt/airflow/dags/en_species_dag.py for tasks to queue
[2024-11-14T01:54:15.502+0000] {logging_mixin.py:190} INFO - [2024-11-14T01:54:15.502+0000] {dagbag.py:588} INFO - Filling up the DagBag from /opt/airflow/dags/en_species_dag.py
[2024-11-14T01:54:15.505+0000] {logging_mixin.py:190} INFO - [2024-11-14T01:54:15.504+0000] {dagbag.py:387} ERROR - Failed to import: /opt/airflow/dags/en_species_dag.py
Traceback (most recent call last):
  File "/home/airflow/.local/lib/python3.12/site-packages/airflow/models/dagbag.py", line 383, in parse
    loader.exec_module(new_module)
  File "<frozen importlib._bootstrap_external>", line 995, in exec_module
  File "<frozen importlib._bootstrap>", line 488, in _call_with_frames_removed
  File "/opt/airflow/dags/en_species_dag.py", line 7, in <module>
    from airflow_pipeline.scripts.extract_en_species import testing
ModuleNotFoundError: No module named 'airflow_pipeline'
[2024-11-14T01:54:15.505+0000] {processor.py:927} WARNING - No viable dags retrieved from /opt/airflow/dags/en_species_dag.py
[2024-11-14T01:54:15.514+0000] {processor.py:208} INFO - Processing /opt/airflow/dags/en_species_dag.py took 0.017 seconds
[2024-11-14T01:54:45.743+0000] {processor.py:186} INFO - Started process (PID=61) to work on /opt/airflow/dags/en_species_dag.py
[2024-11-14T01:54:45.744+0000] {processor.py:914} INFO - Processing file /opt/airflow/dags/en_species_dag.py for tasks to queue
[2024-11-14T01:54:45.746+0000] {logging_mixin.py:190} INFO - [2024-11-14T01:54:45.746+0000] {dagbag.py:588} INFO - Filling up the DagBag from /opt/airflow/dags/en_species_dag.py
[2024-11-14T01:54:45.750+0000] {logging_mixin.py:190} INFO - [2024-11-14T01:54:45.749+0000] {dagbag.py:387} ERROR - Failed to import: /opt/airflow/dags/en_species_dag.py
Traceback (most recent call last):
  File "/home/airflow/.local/lib/python3.12/site-packages/airflow/models/dagbag.py", line 383, in parse
    loader.exec_module(new_module)
  File "<frozen importlib._bootstrap_external>", line 995, in exec_module
  File "<frozen importlib._bootstrap>", line 488, in _call_with_frames_removed
  File "/opt/airflow/dags/en_species_dag.py", line 7, in <module>
    from airflow_pipeline.scripts.extract_en_species import testing
ModuleNotFoundError: No module named 'airflow_pipeline'
[2024-11-14T01:54:45.751+0000] {processor.py:927} WARNING - No viable dags retrieved from /opt/airflow/dags/en_species_dag.py
[2024-11-14T01:54:45.774+0000] {processor.py:208} INFO - Processing /opt/airflow/dags/en_species_dag.py took 0.034 seconds
[2024-11-14T01:55:16.084+0000] {processor.py:186} INFO - Started process (PID=75) to work on /opt/airflow/dags/en_species_dag.py
[2024-11-14T01:55:16.085+0000] {processor.py:914} INFO - Processing file /opt/airflow/dags/en_species_dag.py for tasks to queue
[2024-11-14T01:55:16.087+0000] {logging_mixin.py:190} INFO - [2024-11-14T01:55:16.087+0000] {dagbag.py:588} INFO - Filling up the DagBag from /opt/airflow/dags/en_species_dag.py
[2024-11-14T01:55:16.094+0000] {logging_mixin.py:190} INFO - [2024-11-14T01:55:16.091+0000] {dagbag.py:387} ERROR - Failed to import: /opt/airflow/dags/en_species_dag.py
Traceback (most recent call last):
  File "/home/airflow/.local/lib/python3.12/site-packages/airflow/models/dagbag.py", line 383, in parse
    loader.exec_module(new_module)
  File "<frozen importlib._bootstrap_external>", line 995, in exec_module
  File "<frozen importlib._bootstrap>", line 488, in _call_with_frames_removed
  File "/opt/airflow/dags/en_species_dag.py", line 7, in <module>
    from airflow_pipeline.scripts.extract_en_species import testing
ModuleNotFoundError: No module named 'airflow_pipeline'
[2024-11-14T01:55:16.094+0000] {processor.py:927} WARNING - No viable dags retrieved from /opt/airflow/dags/en_species_dag.py
[2024-11-14T01:55:16.109+0000] {processor.py:208} INFO - Processing /opt/airflow/dags/en_species_dag.py took 0.032 seconds
[2024-11-14T01:55:46.385+0000] {processor.py:186} INFO - Started process (PID=83) to work on /opt/airflow/dags/en_species_dag.py
[2024-11-14T01:55:46.385+0000] {processor.py:914} INFO - Processing file /opt/airflow/dags/en_species_dag.py for tasks to queue
[2024-11-14T01:55:46.387+0000] {logging_mixin.py:190} INFO - [2024-11-14T01:55:46.386+0000] {dagbag.py:588} INFO - Filling up the DagBag from /opt/airflow/dags/en_species_dag.py
[2024-11-14T01:55:46.392+0000] {logging_mixin.py:190} INFO - [2024-11-14T01:55:46.392+0000] {dagbag.py:387} ERROR - Failed to import: /opt/airflow/dags/en_species_dag.py
Traceback (most recent call last):
  File "/home/airflow/.local/lib/python3.12/site-packages/airflow/models/dagbag.py", line 383, in parse
    loader.exec_module(new_module)
  File "<frozen importlib._bootstrap_external>", line 995, in exec_module
  File "<frozen importlib._bootstrap>", line 488, in _call_with_frames_removed
  File "/opt/airflow/dags/en_species_dag.py", line 7, in <module>
    from airflow_pipeline.scripts.extract_en_species import testing
ModuleNotFoundError: No module named 'airflow_pipeline'
[2024-11-14T01:55:46.393+0000] {processor.py:927} WARNING - No viable dags retrieved from /opt/airflow/dags/en_species_dag.py
[2024-11-14T01:55:46.405+0000] {processor.py:208} INFO - Processing /opt/airflow/dags/en_species_dag.py took 0.025 seconds
[2024-11-14T01:56:16.661+0000] {processor.py:186} INFO - Started process (PID=91) to work on /opt/airflow/dags/en_species_dag.py
[2024-11-14T01:56:16.663+0000] {processor.py:914} INFO - Processing file /opt/airflow/dags/en_species_dag.py for tasks to queue
[2024-11-14T01:56:16.664+0000] {logging_mixin.py:190} INFO - [2024-11-14T01:56:16.664+0000] {dagbag.py:588} INFO - Filling up the DagBag from /opt/airflow/dags/en_species_dag.py
[2024-11-14T01:56:16.670+0000] {logging_mixin.py:190} INFO - [2024-11-14T01:56:16.669+0000] {dagbag.py:387} ERROR - Failed to import: /opt/airflow/dags/en_species_dag.py
Traceback (most recent call last):
  File "/home/airflow/.local/lib/python3.12/site-packages/airflow/models/dagbag.py", line 383, in parse
    loader.exec_module(new_module)
  File "<frozen importlib._bootstrap_external>", line 995, in exec_module
  File "<frozen importlib._bootstrap>", line 488, in _call_with_frames_removed
  File "/opt/airflow/dags/en_species_dag.py", line 7, in <module>
    from airflow_pipeline.scripts.extract_en_species import testing
ModuleNotFoundError: No module named 'airflow_pipeline'
[2024-11-14T01:56:16.671+0000] {processor.py:927} WARNING - No viable dags retrieved from /opt/airflow/dags/en_species_dag.py
[2024-11-14T01:56:16.688+0000] {processor.py:208} INFO - Processing /opt/airflow/dags/en_species_dag.py took 0.033 seconds
