[2024-11-19T06:14:37.548+0000] {processor.py:186} INFO - Started process (PID=44) to work on /opt/airflow/dags/sample_dag.py
[2024-11-19T06:14:37.553+0000] {processor.py:914} INFO - Processing file /opt/airflow/dags/sample_dag.py for tasks to queue
[2024-11-19T06:14:37.558+0000] {logging_mixin.py:190} INFO - [2024-11-19T06:14:37.557+0000] {dagbag.py:588} INFO - Filling up the DagBag from /opt/airflow/dags/sample_dag.py
[2024-11-19T06:14:38.710+0000] {processor.py:925} INFO - DAG(s) 'weather_etl' retrieved from /opt/airflow/dags/sample_dag.py
[2024-11-19T06:14:38.730+0000] {logging_mixin.py:190} INFO - [2024-11-19T06:14:38.730+0000] {dag.py:3239} INFO - Sync 1 DAGs
[2024-11-19T06:14:38.754+0000] {logging_mixin.py:190} INFO - [2024-11-19T06:14:38.754+0000] {dag.py:4180} INFO - Setting next_dagrun for weather_etl to 2024-01-02 00:00:00+00:00, run_after=2024-01-03 00:00:00+00:00
[2024-11-19T06:14:38.801+0000] {processor.py:208} INFO - Processing /opt/airflow/dags/sample_dag.py took 1.266 seconds
[2024-11-19T06:15:09.258+0000] {processor.py:186} INFO - Started process (PID=59) to work on /opt/airflow/dags/sample_dag.py
[2024-11-19T06:15:09.259+0000] {processor.py:914} INFO - Processing file /opt/airflow/dags/sample_dag.py for tasks to queue
[2024-11-19T06:15:09.261+0000] {logging_mixin.py:190} INFO - [2024-11-19T06:15:09.260+0000] {dagbag.py:588} INFO - Filling up the DagBag from /opt/airflow/dags/sample_dag.py
[2024-11-19T06:15:09.704+0000] {processor.py:925} INFO - DAG(s) 'weather_etl' retrieved from /opt/airflow/dags/sample_dag.py
[2024-11-19T06:15:09.726+0000] {logging_mixin.py:190} INFO - [2024-11-19T06:15:09.726+0000] {dag.py:3239} INFO - Sync 1 DAGs
[2024-11-19T06:15:09.741+0000] {logging_mixin.py:190} INFO - [2024-11-19T06:15:09.741+0000] {dag.py:4180} INFO - Setting next_dagrun for weather_etl to 2024-01-02 00:00:00+00:00, run_after=2024-01-03 00:00:00+00:00
[2024-11-19T06:15:09.751+0000] {processor.py:208} INFO - Processing /opt/airflow/dags/sample_dag.py took 0.500 seconds
[2024-11-19T06:15:39.852+0000] {processor.py:186} INFO - Started process (PID=68) to work on /opt/airflow/dags/sample_dag.py
[2024-11-19T06:15:39.854+0000] {processor.py:914} INFO - Processing file /opt/airflow/dags/sample_dag.py for tasks to queue
[2024-11-19T06:15:39.855+0000] {logging_mixin.py:190} INFO - [2024-11-19T06:15:39.855+0000] {dagbag.py:588} INFO - Filling up the DagBag from /opt/airflow/dags/sample_dag.py
[2024-11-19T06:15:40.199+0000] {processor.py:925} INFO - DAG(s) 'weather_etl' retrieved from /opt/airflow/dags/sample_dag.py
[2024-11-19T06:15:40.215+0000] {logging_mixin.py:190} INFO - [2024-11-19T06:15:40.215+0000] {dag.py:3239} INFO - Sync 1 DAGs
[2024-11-19T06:15:40.228+0000] {logging_mixin.py:190} INFO - [2024-11-19T06:15:40.227+0000] {dag.py:4180} INFO - Setting next_dagrun for weather_etl to 2024-01-02 00:00:00+00:00, run_after=2024-01-03 00:00:00+00:00
[2024-11-19T06:15:40.237+0000] {processor.py:208} INFO - Processing /opt/airflow/dags/sample_dag.py took 0.391 seconds
[2024-11-19T06:16:10.702+0000] {processor.py:186} INFO - Started process (PID=77) to work on /opt/airflow/dags/sample_dag.py
[2024-11-19T06:16:10.703+0000] {processor.py:914} INFO - Processing file /opt/airflow/dags/sample_dag.py for tasks to queue
[2024-11-19T06:16:10.704+0000] {logging_mixin.py:190} INFO - [2024-11-19T06:16:10.703+0000] {dagbag.py:588} INFO - Filling up the DagBag from /opt/airflow/dags/sample_dag.py
[2024-11-19T06:16:11.045+0000] {processor.py:925} INFO - DAG(s) 'weather_etl' retrieved from /opt/airflow/dags/sample_dag.py
[2024-11-19T06:16:11.060+0000] {logging_mixin.py:190} INFO - [2024-11-19T06:16:11.059+0000] {dag.py:3239} INFO - Sync 1 DAGs
[2024-11-19T06:16:11.071+0000] {logging_mixin.py:190} INFO - [2024-11-19T06:16:11.071+0000] {dag.py:4180} INFO - Setting next_dagrun for weather_etl to 2024-01-02 00:00:00+00:00, run_after=2024-01-03 00:00:00+00:00
[2024-11-19T06:16:11.079+0000] {processor.py:208} INFO - Processing /opt/airflow/dags/sample_dag.py took 0.382 seconds
[2024-11-19T06:16:41.369+0000] {processor.py:186} INFO - Started process (PID=87) to work on /opt/airflow/dags/sample_dag.py
[2024-11-19T06:16:41.370+0000] {processor.py:914} INFO - Processing file /opt/airflow/dags/sample_dag.py for tasks to queue
[2024-11-19T06:16:41.371+0000] {logging_mixin.py:190} INFO - [2024-11-19T06:16:41.371+0000] {dagbag.py:588} INFO - Filling up the DagBag from /opt/airflow/dags/sample_dag.py
[2024-11-19T06:16:41.706+0000] {processor.py:925} INFO - DAG(s) 'weather_etl' retrieved from /opt/airflow/dags/sample_dag.py
[2024-11-19T06:16:41.722+0000] {logging_mixin.py:190} INFO - [2024-11-19T06:16:41.722+0000] {dag.py:3239} INFO - Sync 1 DAGs
[2024-11-19T06:16:41.733+0000] {logging_mixin.py:190} INFO - [2024-11-19T06:16:41.732+0000] {dag.py:4180} INFO - Setting next_dagrun for weather_etl to 2024-01-02 00:00:00+00:00, run_after=2024-01-03 00:00:00+00:00
[2024-11-19T06:16:41.742+0000] {processor.py:208} INFO - Processing /opt/airflow/dags/sample_dag.py took 0.379 seconds
[2024-11-19T06:17:12.602+0000] {processor.py:186} INFO - Started process (PID=100) to work on /opt/airflow/dags/sample_dag.py
[2024-11-19T06:17:12.603+0000] {processor.py:914} INFO - Processing file /opt/airflow/dags/sample_dag.py for tasks to queue
[2024-11-19T06:17:12.604+0000] {logging_mixin.py:190} INFO - [2024-11-19T06:17:12.604+0000] {dagbag.py:588} INFO - Filling up the DagBag from /opt/airflow/dags/sample_dag.py
[2024-11-19T06:17:12.813+0000] {processor.py:925} INFO - DAG(s) 'weather_etl' retrieved from /opt/airflow/dags/sample_dag.py
[2024-11-19T06:17:12.832+0000] {logging_mixin.py:190} INFO - [2024-11-19T06:17:12.831+0000] {dag.py:3239} INFO - Sync 1 DAGs
[2024-11-19T06:17:12.845+0000] {logging_mixin.py:190} INFO - [2024-11-19T06:17:12.844+0000] {dag.py:4180} INFO - Setting next_dagrun for weather_etl to 2024-01-02 00:00:00+00:00, run_after=2024-01-03 00:00:00+00:00
[2024-11-19T06:17:12.853+0000] {processor.py:208} INFO - Processing /opt/airflow/dags/sample_dag.py took 0.258 seconds
[2024-11-19T06:17:43.047+0000] {processor.py:186} INFO - Started process (PID=109) to work on /opt/airflow/dags/sample_dag.py
[2024-11-19T06:17:43.048+0000] {processor.py:914} INFO - Processing file /opt/airflow/dags/sample_dag.py for tasks to queue
[2024-11-19T06:17:43.049+0000] {logging_mixin.py:190} INFO - [2024-11-19T06:17:43.049+0000] {dagbag.py:588} INFO - Filling up the DagBag from /opt/airflow/dags/sample_dag.py
[2024-11-19T06:17:43.236+0000] {processor.py:925} INFO - DAG(s) 'weather_etl' retrieved from /opt/airflow/dags/sample_dag.py
[2024-11-19T06:17:43.253+0000] {logging_mixin.py:190} INFO - [2024-11-19T06:17:43.253+0000] {dag.py:3239} INFO - Sync 1 DAGs
[2024-11-19T06:17:43.264+0000] {logging_mixin.py:190} INFO - [2024-11-19T06:17:43.264+0000] {dag.py:4180} INFO - Setting next_dagrun for weather_etl to 2024-01-02 00:00:00+00:00, run_after=2024-01-03 00:00:00+00:00
[2024-11-19T06:17:43.273+0000] {processor.py:208} INFO - Processing /opt/airflow/dags/sample_dag.py took 0.230 seconds
[2024-11-19T06:18:13.552+0000] {processor.py:186} INFO - Started process (PID=118) to work on /opt/airflow/dags/sample_dag.py
[2024-11-19T06:18:13.553+0000] {processor.py:914} INFO - Processing file /opt/airflow/dags/sample_dag.py for tasks to queue
[2024-11-19T06:18:13.554+0000] {logging_mixin.py:190} INFO - [2024-11-19T06:18:13.554+0000] {dagbag.py:588} INFO - Filling up the DagBag from /opt/airflow/dags/sample_dag.py
[2024-11-19T06:18:13.751+0000] {processor.py:925} INFO - DAG(s) 'weather_etl' retrieved from /opt/airflow/dags/sample_dag.py
[2024-11-19T06:18:13.770+0000] {logging_mixin.py:190} INFO - [2024-11-19T06:18:13.769+0000] {dag.py:3239} INFO - Sync 1 DAGs
[2024-11-19T06:18:13.783+0000] {logging_mixin.py:190} INFO - [2024-11-19T06:18:13.782+0000] {dag.py:4180} INFO - Setting next_dagrun for weather_etl to 2024-01-02 00:00:00+00:00, run_after=2024-01-03 00:00:00+00:00
[2024-11-19T06:18:13.794+0000] {processor.py:208} INFO - Processing /opt/airflow/dags/sample_dag.py took 0.250 seconds
[2024-11-19T06:18:44.093+0000] {processor.py:186} INFO - Started process (PID=127) to work on /opt/airflow/dags/sample_dag.py
[2024-11-19T06:18:44.094+0000] {processor.py:914} INFO - Processing file /opt/airflow/dags/sample_dag.py for tasks to queue
[2024-11-19T06:18:44.095+0000] {logging_mixin.py:190} INFO - [2024-11-19T06:18:44.095+0000] {dagbag.py:588} INFO - Filling up the DagBag from /opt/airflow/dags/sample_dag.py
[2024-11-19T06:18:44.278+0000] {processor.py:925} INFO - DAG(s) 'weather_etl' retrieved from /opt/airflow/dags/sample_dag.py
[2024-11-19T06:18:44.295+0000] {logging_mixin.py:190} INFO - [2024-11-19T06:18:44.294+0000] {dag.py:3239} INFO - Sync 1 DAGs
[2024-11-19T06:18:44.306+0000] {logging_mixin.py:190} INFO - [2024-11-19T06:18:44.306+0000] {dag.py:4180} INFO - Setting next_dagrun for weather_etl to 2024-01-02 00:00:00+00:00, run_after=2024-01-03 00:00:00+00:00
[2024-11-19T06:18:44.315+0000] {processor.py:208} INFO - Processing /opt/airflow/dags/sample_dag.py took 0.227 seconds
[2024-11-19T06:19:14.608+0000] {processor.py:186} INFO - Started process (PID=136) to work on /opt/airflow/dags/sample_dag.py
[2024-11-19T06:19:14.610+0000] {processor.py:914} INFO - Processing file /opt/airflow/dags/sample_dag.py for tasks to queue
[2024-11-19T06:19:14.611+0000] {logging_mixin.py:190} INFO - [2024-11-19T06:19:14.611+0000] {dagbag.py:588} INFO - Filling up the DagBag from /opt/airflow/dags/sample_dag.py
[2024-11-19T06:19:14.837+0000] {processor.py:925} INFO - DAG(s) 'weather_etl' retrieved from /opt/airflow/dags/sample_dag.py
[2024-11-19T06:19:14.854+0000] {logging_mixin.py:190} INFO - [2024-11-19T06:19:14.854+0000] {dag.py:3239} INFO - Sync 1 DAGs
[2024-11-19T06:19:14.866+0000] {logging_mixin.py:190} INFO - [2024-11-19T06:19:14.865+0000] {dag.py:4180} INFO - Setting next_dagrun for weather_etl to 2024-01-02 00:00:00+00:00, run_after=2024-01-03 00:00:00+00:00
[2024-11-19T06:19:14.875+0000] {processor.py:208} INFO - Processing /opt/airflow/dags/sample_dag.py took 0.272 seconds
[2024-11-19T06:19:45.146+0000] {processor.py:186} INFO - Started process (PID=145) to work on /opt/airflow/dags/sample_dag.py
[2024-11-19T06:19:45.147+0000] {processor.py:914} INFO - Processing file /opt/airflow/dags/sample_dag.py for tasks to queue
[2024-11-19T06:19:45.148+0000] {logging_mixin.py:190} INFO - [2024-11-19T06:19:45.148+0000] {dagbag.py:588} INFO - Filling up the DagBag from /opt/airflow/dags/sample_dag.py
[2024-11-19T06:19:45.360+0000] {processor.py:925} INFO - DAG(s) 'weather_etl' retrieved from /opt/airflow/dags/sample_dag.py
[2024-11-19T06:19:45.379+0000] {logging_mixin.py:190} INFO - [2024-11-19T06:19:45.379+0000] {dag.py:3239} INFO - Sync 1 DAGs
[2024-11-19T06:19:45.393+0000] {logging_mixin.py:190} INFO - [2024-11-19T06:19:45.393+0000] {dag.py:4180} INFO - Setting next_dagrun for weather_etl to 2024-01-02 00:00:00+00:00, run_after=2024-01-03 00:00:00+00:00
[2024-11-19T06:19:45.403+0000] {processor.py:208} INFO - Processing /opt/airflow/dags/sample_dag.py took 0.262 seconds
[2024-11-19T06:20:15.612+0000] {processor.py:186} INFO - Started process (PID=153) to work on /opt/airflow/dags/sample_dag.py
[2024-11-19T06:20:15.613+0000] {processor.py:914} INFO - Processing file /opt/airflow/dags/sample_dag.py for tasks to queue
[2024-11-19T06:20:15.615+0000] {logging_mixin.py:190} INFO - [2024-11-19T06:20:15.615+0000] {dagbag.py:588} INFO - Filling up the DagBag from /opt/airflow/dags/sample_dag.py
[2024-11-19T06:20:15.832+0000] {processor.py:925} INFO - DAG(s) 'weather_etl' retrieved from /opt/airflow/dags/sample_dag.py
[2024-11-19T06:20:15.851+0000] {logging_mixin.py:190} INFO - [2024-11-19T06:20:15.851+0000] {dag.py:3239} INFO - Sync 1 DAGs
[2024-11-19T06:20:15.864+0000] {logging_mixin.py:190} INFO - [2024-11-19T06:20:15.863+0000] {dag.py:4180} INFO - Setting next_dagrun for weather_etl to 2024-01-02 00:00:00+00:00, run_after=2024-01-03 00:00:00+00:00
[2024-11-19T06:20:15.872+0000] {processor.py:208} INFO - Processing /opt/airflow/dags/sample_dag.py took 0.266 seconds
[2024-11-19T06:20:46.140+0000] {processor.py:186} INFO - Started process (PID=162) to work on /opt/airflow/dags/sample_dag.py
[2024-11-19T06:20:46.141+0000] {processor.py:914} INFO - Processing file /opt/airflow/dags/sample_dag.py for tasks to queue
[2024-11-19T06:20:46.142+0000] {logging_mixin.py:190} INFO - [2024-11-19T06:20:46.142+0000] {dagbag.py:588} INFO - Filling up the DagBag from /opt/airflow/dags/sample_dag.py
[2024-11-19T06:20:46.339+0000] {processor.py:925} INFO - DAG(s) 'weather_etl' retrieved from /opt/airflow/dags/sample_dag.py
[2024-11-19T06:20:46.357+0000] {logging_mixin.py:190} INFO - [2024-11-19T06:20:46.357+0000] {dag.py:3239} INFO - Sync 1 DAGs
[2024-11-19T06:20:46.371+0000] {logging_mixin.py:190} INFO - [2024-11-19T06:20:46.371+0000] {dag.py:4180} INFO - Setting next_dagrun for weather_etl to 2024-01-02 00:00:00+00:00, run_after=2024-01-03 00:00:00+00:00
[2024-11-19T06:20:46.381+0000] {processor.py:208} INFO - Processing /opt/airflow/dags/sample_dag.py took 0.247 seconds
