[2024-11-13T21:28:28.706+0000] {processor.py:186} INFO - Started process (PID=75) to work on /home/airflow/.local/lib/python3.12/site-packages/airflow/example_dags/example_branch_datetime_operator.py
[2024-11-13T21:28:28.706+0000] {processor.py:914} INFO - Processing file /home/airflow/.local/lib/python3.12/site-packages/airflow/example_dags/example_branch_datetime_operator.py for tasks to queue
[2024-11-13T21:28:28.707+0000] {logging_mixin.py:190} INFO - [2024-11-13T21:28:28.707+0000] {dagbag.py:588} INFO - Filling up the DagBag from /home/airflow/.local/lib/python3.12/site-packages/airflow/example_dags/example_branch_datetime_operator.py
[2024-11-13T21:28:28.713+0000] {processor.py:925} INFO - DAG(s) 'example_branch_datetime_operator_2', 'example_branch_datetime_operator', 'example_branch_datetime_operator_3' retrieved from /home/airflow/.local/lib/python3.12/site-packages/airflow/example_dags/example_branch_datetime_operator.py
[2024-11-13T21:28:28.754+0000] {logging_mixin.py:190} INFO - [2024-11-13T21:28:28.753+0000] {override.py:1911} INFO - Created Permission View: can edit on DAG:example_branch_datetime_operator_2
[2024-11-13T21:28:28.760+0000] {logging_mixin.py:190} INFO - [2024-11-13T21:28:28.760+0000] {override.py:1911} INFO - Created Permission View: can read on DAG:example_branch_datetime_operator_2
[2024-11-13T21:28:28.764+0000] {logging_mixin.py:190} INFO - [2024-11-13T21:28:28.763+0000] {override.py:1911} INFO - Created Permission View: can delete on DAG:example_branch_datetime_operator_2
[2024-11-13T21:28:28.766+0000] {logging_mixin.py:190} INFO - [2024-11-13T21:28:28.766+0000] {override.py:1911} INFO - Created Permission View: can delete on DAG Run:example_branch_datetime_operator_2
[2024-11-13T21:28:28.769+0000] {logging_mixin.py:190} INFO - [2024-11-13T21:28:28.769+0000] {override.py:1911} INFO - Created Permission View: can read on DAG Run:example_branch_datetime_operator_2
[2024-11-13T21:28:28.772+0000] {logging_mixin.py:190} INFO - [2024-11-13T21:28:28.772+0000] {override.py:1911} INFO - Created Permission View: menu access on DAG Run:example_branch_datetime_operator_2
[2024-11-13T21:28:28.775+0000] {logging_mixin.py:190} INFO - [2024-11-13T21:28:28.775+0000] {override.py:1911} INFO - Created Permission View: can create on DAG Run:example_branch_datetime_operator_2
[2024-11-13T21:28:28.782+0000] {logging_mixin.py:190} INFO - [2024-11-13T21:28:28.782+0000] {override.py:1911} INFO - Created Permission View: can edit on DAG:example_branch_datetime_operator
[2024-11-13T21:28:28.784+0000] {logging_mixin.py:190} INFO - [2024-11-13T21:28:28.783+0000] {override.py:1911} INFO - Created Permission View: can read on DAG:example_branch_datetime_operator
[2024-11-13T21:28:28.785+0000] {logging_mixin.py:190} INFO - [2024-11-13T21:28:28.785+0000] {override.py:1911} INFO - Created Permission View: can delete on DAG:example_branch_datetime_operator
[2024-11-13T21:28:28.786+0000] {logging_mixin.py:190} INFO - [2024-11-13T21:28:28.786+0000] {override.py:1911} INFO - Created Permission View: can delete on DAG Run:example_branch_datetime_operator
[2024-11-13T21:28:28.788+0000] {logging_mixin.py:190} INFO - [2024-11-13T21:28:28.788+0000] {override.py:1911} INFO - Created Permission View: can read on DAG Run:example_branch_datetime_operator
[2024-11-13T21:28:28.789+0000] {logging_mixin.py:190} INFO - [2024-11-13T21:28:28.789+0000] {override.py:1911} INFO - Created Permission View: menu access on DAG Run:example_branch_datetime_operator
[2024-11-13T21:28:28.791+0000] {logging_mixin.py:190} INFO - [2024-11-13T21:28:28.790+0000] {override.py:1911} INFO - Created Permission View: can create on DAG Run:example_branch_datetime_operator
[2024-11-13T21:28:28.794+0000] {logging_mixin.py:190} INFO - [2024-11-13T21:28:28.794+0000] {override.py:1911} INFO - Created Permission View: can edit on DAG:example_branch_datetime_operator_3
[2024-11-13T21:28:28.796+0000] {logging_mixin.py:190} INFO - [2024-11-13T21:28:28.796+0000] {override.py:1911} INFO - Created Permission View: can read on DAG:example_branch_datetime_operator_3
[2024-11-13T21:28:28.797+0000] {logging_mixin.py:190} INFO - [2024-11-13T21:28:28.797+0000] {override.py:1911} INFO - Created Permission View: can delete on DAG:example_branch_datetime_operator_3
[2024-11-13T21:28:28.799+0000] {logging_mixin.py:190} INFO - [2024-11-13T21:28:28.799+0000] {override.py:1911} INFO - Created Permission View: can delete on DAG Run:example_branch_datetime_operator_3
[2024-11-13T21:28:28.800+0000] {logging_mixin.py:190} INFO - [2024-11-13T21:28:28.800+0000] {override.py:1911} INFO - Created Permission View: can read on DAG Run:example_branch_datetime_operator_3
[2024-11-13T21:28:28.802+0000] {logging_mixin.py:190} INFO - [2024-11-13T21:28:28.802+0000] {override.py:1911} INFO - Created Permission View: menu access on DAG Run:example_branch_datetime_operator_3
[2024-11-13T21:28:28.803+0000] {logging_mixin.py:190} INFO - [2024-11-13T21:28:28.803+0000] {override.py:1911} INFO - Created Permission View: can create on DAG Run:example_branch_datetime_operator_3
[2024-11-13T21:28:28.803+0000] {logging_mixin.py:190} INFO - [2024-11-13T21:28:28.803+0000] {dag.py:3239} INFO - Sync 3 DAGs
[2024-11-13T21:28:28.809+0000] {logging_mixin.py:190} INFO - [2024-11-13T21:28:28.809+0000] {dag.py:3262} INFO - Creating ORM DAG for example_branch_datetime_operator_3
[2024-11-13T21:28:28.809+0000] {logging_mixin.py:190} INFO - [2024-11-13T21:28:28.809+0000] {dag.py:3262} INFO - Creating ORM DAG for example_branch_datetime_operator_2
[2024-11-13T21:28:28.809+0000] {logging_mixin.py:190} INFO - [2024-11-13T21:28:28.809+0000] {dag.py:3262} INFO - Creating ORM DAG for example_branch_datetime_operator
[2024-11-13T21:28:28.813+0000] {logging_mixin.py:190} INFO - [2024-11-13T21:28:28.813+0000] {dag.py:4180} INFO - Setting next_dagrun for example_branch_datetime_operator to 2024-11-12 00:00:00+00:00, run_after=2024-11-13 00:00:00+00:00
[2024-11-13T21:28:28.814+0000] {logging_mixin.py:190} INFO - [2024-11-13T21:28:28.813+0000] {dag.py:4180} INFO - Setting next_dagrun for example_branch_datetime_operator_2 to 2024-11-12 00:00:00+00:00, run_after=2024-11-13 00:00:00+00:00
[2024-11-13T21:28:28.814+0000] {logging_mixin.py:190} INFO - [2024-11-13T21:28:28.814+0000] {dag.py:4180} INFO - Setting next_dagrun for example_branch_datetime_operator_3 to 2024-11-12 00:00:00+00:00, run_after=2024-11-13 00:00:00+00:00
[2024-11-13T21:28:28.820+0000] {processor.py:208} INFO - Processing /home/airflow/.local/lib/python3.12/site-packages/airflow/example_dags/example_branch_datetime_operator.py took 0.117 seconds
[2024-11-13T21:28:59.638+0000] {processor.py:186} INFO - Started process (PID=137) to work on /home/airflow/.local/lib/python3.12/site-packages/airflow/example_dags/example_branch_datetime_operator.py
[2024-11-13T21:28:59.638+0000] {processor.py:914} INFO - Processing file /home/airflow/.local/lib/python3.12/site-packages/airflow/example_dags/example_branch_datetime_operator.py for tasks to queue
[2024-11-13T21:28:59.639+0000] {logging_mixin.py:190} INFO - [2024-11-13T21:28:59.639+0000] {dagbag.py:588} INFO - Filling up the DagBag from /home/airflow/.local/lib/python3.12/site-packages/airflow/example_dags/example_branch_datetime_operator.py
[2024-11-13T21:28:59.645+0000] {processor.py:925} INFO - DAG(s) 'example_branch_datetime_operator_2', 'example_branch_datetime_operator_3', 'example_branch_datetime_operator' retrieved from /home/airflow/.local/lib/python3.12/site-packages/airflow/example_dags/example_branch_datetime_operator.py
[2024-11-13T21:28:59.662+0000] {logging_mixin.py:190} INFO - [2024-11-13T21:28:59.662+0000] {dag.py:3239} INFO - Sync 3 DAGs
[2024-11-13T21:28:59.674+0000] {logging_mixin.py:190} INFO - [2024-11-13T21:28:59.674+0000] {dag.py:4180} INFO - Setting next_dagrun for example_branch_datetime_operator to 2024-11-12 00:00:00+00:00, run_after=2024-11-13 00:00:00+00:00
[2024-11-13T21:28:59.676+0000] {logging_mixin.py:190} INFO - [2024-11-13T21:28:59.675+0000] {dag.py:4180} INFO - Setting next_dagrun for example_branch_datetime_operator_2 to 2024-11-12 00:00:00+00:00, run_after=2024-11-13 00:00:00+00:00
[2024-11-13T21:28:59.676+0000] {logging_mixin.py:190} INFO - [2024-11-13T21:28:59.676+0000] {dag.py:4180} INFO - Setting next_dagrun for example_branch_datetime_operator_3 to 2024-11-12 00:00:00+00:00, run_after=2024-11-13 00:00:00+00:00
[2024-11-13T21:28:59.686+0000] {processor.py:208} INFO - Processing /home/airflow/.local/lib/python3.12/site-packages/airflow/example_dags/example_branch_datetime_operator.py took 0.051 seconds
[2024-11-13T21:29:30.018+0000] {processor.py:186} INFO - Started process (PID=199) to work on /home/airflow/.local/lib/python3.12/site-packages/airflow/example_dags/example_branch_datetime_operator.py
[2024-11-13T21:29:30.019+0000] {processor.py:914} INFO - Processing file /home/airflow/.local/lib/python3.12/site-packages/airflow/example_dags/example_branch_datetime_operator.py for tasks to queue
[2024-11-13T21:29:30.020+0000] {logging_mixin.py:190} INFO - [2024-11-13T21:29:30.019+0000] {dagbag.py:588} INFO - Filling up the DagBag from /home/airflow/.local/lib/python3.12/site-packages/airflow/example_dags/example_branch_datetime_operator.py
[2024-11-13T21:29:30.025+0000] {processor.py:925} INFO - DAG(s) 'example_branch_datetime_operator_3', 'example_branch_datetime_operator', 'example_branch_datetime_operator_2' retrieved from /home/airflow/.local/lib/python3.12/site-packages/airflow/example_dags/example_branch_datetime_operator.py
[2024-11-13T21:29:30.037+0000] {logging_mixin.py:190} INFO - [2024-11-13T21:29:30.037+0000] {dag.py:3239} INFO - Sync 3 DAGs
[2024-11-13T21:29:30.046+0000] {logging_mixin.py:190} INFO - [2024-11-13T21:29:30.046+0000] {dag.py:4180} INFO - Setting next_dagrun for example_branch_datetime_operator to 2024-11-12 00:00:00+00:00, run_after=2024-11-13 00:00:00+00:00
[2024-11-13T21:29:30.048+0000] {logging_mixin.py:190} INFO - [2024-11-13T21:29:30.048+0000] {dag.py:4180} INFO - Setting next_dagrun for example_branch_datetime_operator_2 to 2024-11-12 00:00:00+00:00, run_after=2024-11-13 00:00:00+00:00
[2024-11-13T21:29:30.049+0000] {logging_mixin.py:190} INFO - [2024-11-13T21:29:30.049+0000] {dag.py:4180} INFO - Setting next_dagrun for example_branch_datetime_operator_3 to 2024-11-12 00:00:00+00:00, run_after=2024-11-13 00:00:00+00:00
[2024-11-13T21:29:30.054+0000] {processor.py:208} INFO - Processing /home/airflow/.local/lib/python3.12/site-packages/airflow/example_dags/example_branch_datetime_operator.py took 0.039 seconds
[2024-11-13T21:30:00.140+0000] {processor.py:186} INFO - Started process (PID=260) to work on /home/airflow/.local/lib/python3.12/site-packages/airflow/example_dags/example_branch_datetime_operator.py
[2024-11-13T21:30:00.141+0000] {processor.py:914} INFO - Processing file /home/airflow/.local/lib/python3.12/site-packages/airflow/example_dags/example_branch_datetime_operator.py for tasks to queue
[2024-11-13T21:30:00.143+0000] {logging_mixin.py:190} INFO - [2024-11-13T21:30:00.143+0000] {dagbag.py:588} INFO - Filling up the DagBag from /home/airflow/.local/lib/python3.12/site-packages/airflow/example_dags/example_branch_datetime_operator.py
[2024-11-13T21:30:00.149+0000] {processor.py:925} INFO - DAG(s) 'example_branch_datetime_operator_3', 'example_branch_datetime_operator', 'example_branch_datetime_operator_2' retrieved from /home/airflow/.local/lib/python3.12/site-packages/airflow/example_dags/example_branch_datetime_operator.py
[2024-11-13T21:30:00.166+0000] {logging_mixin.py:190} INFO - [2024-11-13T21:30:00.166+0000] {dag.py:3239} INFO - Sync 3 DAGs
[2024-11-13T21:30:00.180+0000] {logging_mixin.py:190} INFO - [2024-11-13T21:30:00.180+0000] {dag.py:4180} INFO - Setting next_dagrun for example_branch_datetime_operator to 2024-11-12 00:00:00+00:00, run_after=2024-11-13 00:00:00+00:00
[2024-11-13T21:30:00.182+0000] {logging_mixin.py:190} INFO - [2024-11-13T21:30:00.182+0000] {dag.py:4180} INFO - Setting next_dagrun for example_branch_datetime_operator_2 to 2024-11-12 00:00:00+00:00, run_after=2024-11-13 00:00:00+00:00
[2024-11-13T21:30:00.183+0000] {logging_mixin.py:190} INFO - [2024-11-13T21:30:00.183+0000] {dag.py:4180} INFO - Setting next_dagrun for example_branch_datetime_operator_3 to 2024-11-12 00:00:00+00:00, run_after=2024-11-13 00:00:00+00:00
[2024-11-13T21:30:00.194+0000] {processor.py:208} INFO - Processing /home/airflow/.local/lib/python3.12/site-packages/airflow/example_dags/example_branch_datetime_operator.py took 0.057 seconds
[2024-11-13T21:30:30.305+0000] {processor.py:186} INFO - Started process (PID=323) to work on /home/airflow/.local/lib/python3.12/site-packages/airflow/example_dags/example_branch_datetime_operator.py
[2024-11-13T21:30:30.306+0000] {processor.py:914} INFO - Processing file /home/airflow/.local/lib/python3.12/site-packages/airflow/example_dags/example_branch_datetime_operator.py for tasks to queue
[2024-11-13T21:30:30.308+0000] {logging_mixin.py:190} INFO - [2024-11-13T21:30:30.308+0000] {dagbag.py:588} INFO - Filling up the DagBag from /home/airflow/.local/lib/python3.12/site-packages/airflow/example_dags/example_branch_datetime_operator.py
[2024-11-13T21:30:30.315+0000] {processor.py:925} INFO - DAG(s) 'example_branch_datetime_operator_2', 'example_branch_datetime_operator_3', 'example_branch_datetime_operator' retrieved from /home/airflow/.local/lib/python3.12/site-packages/airflow/example_dags/example_branch_datetime_operator.py
[2024-11-13T21:30:30.327+0000] {logging_mixin.py:190} INFO - [2024-11-13T21:30:30.327+0000] {dag.py:3239} INFO - Sync 3 DAGs
[2024-11-13T21:30:30.337+0000] {logging_mixin.py:190} INFO - [2024-11-13T21:30:30.337+0000] {dag.py:4180} INFO - Setting next_dagrun for example_branch_datetime_operator to 2024-11-12 00:00:00+00:00, run_after=2024-11-13 00:00:00+00:00
[2024-11-13T21:30:30.339+0000] {logging_mixin.py:190} INFO - [2024-11-13T21:30:30.339+0000] {dag.py:4180} INFO - Setting next_dagrun for example_branch_datetime_operator_2 to 2024-11-12 00:00:00+00:00, run_after=2024-11-13 00:00:00+00:00
[2024-11-13T21:30:30.340+0000] {logging_mixin.py:190} INFO - [2024-11-13T21:30:30.340+0000] {dag.py:4180} INFO - Setting next_dagrun for example_branch_datetime_operator_3 to 2024-11-12 00:00:00+00:00, run_after=2024-11-13 00:00:00+00:00
[2024-11-13T21:30:30.346+0000] {processor.py:208} INFO - Processing /home/airflow/.local/lib/python3.12/site-packages/airflow/example_dags/example_branch_datetime_operator.py took 0.044 seconds
[2024-11-13T21:35:02.717+0000] {processor.py:186} INFO - Started process (PID=77) to work on /home/airflow/.local/lib/python3.12/site-packages/airflow/example_dags/example_branch_datetime_operator.py
[2024-11-13T21:35:02.718+0000] {processor.py:914} INFO - Processing file /home/airflow/.local/lib/python3.12/site-packages/airflow/example_dags/example_branch_datetime_operator.py for tasks to queue
[2024-11-13T21:35:02.719+0000] {logging_mixin.py:190} INFO - [2024-11-13T21:35:02.719+0000] {dagbag.py:588} INFO - Filling up the DagBag from /home/airflow/.local/lib/python3.12/site-packages/airflow/example_dags/example_branch_datetime_operator.py
[2024-11-13T21:35:02.725+0000] {processor.py:925} INFO - DAG(s) 'example_branch_datetime_operator', 'example_branch_datetime_operator_3', 'example_branch_datetime_operator_2' retrieved from /home/airflow/.local/lib/python3.12/site-packages/airflow/example_dags/example_branch_datetime_operator.py
[2024-11-13T21:35:02.767+0000] {logging_mixin.py:190} INFO - [2024-11-13T21:35:02.767+0000] {override.py:1911} INFO - Created Permission View: can edit on DAG:example_branch_datetime_operator
[2024-11-13T21:35:02.770+0000] {logging_mixin.py:190} INFO - [2024-11-13T21:35:02.770+0000] {override.py:1911} INFO - Created Permission View: can delete on DAG:example_branch_datetime_operator
[2024-11-13T21:35:02.772+0000] {logging_mixin.py:190} INFO - [2024-11-13T21:35:02.771+0000] {override.py:1911} INFO - Created Permission View: can read on DAG:example_branch_datetime_operator
[2024-11-13T21:35:02.773+0000] {logging_mixin.py:190} INFO - [2024-11-13T21:35:02.773+0000] {override.py:1911} INFO - Created Permission View: can create on DAG Run:example_branch_datetime_operator
[2024-11-13T21:35:02.775+0000] {logging_mixin.py:190} INFO - [2024-11-13T21:35:02.775+0000] {override.py:1911} INFO - Created Permission View: can delete on DAG Run:example_branch_datetime_operator
[2024-11-13T21:35:02.777+0000] {logging_mixin.py:190} INFO - [2024-11-13T21:35:02.777+0000] {override.py:1911} INFO - Created Permission View: menu access on DAG Run:example_branch_datetime_operator
[2024-11-13T21:35:02.778+0000] {logging_mixin.py:190} INFO - [2024-11-13T21:35:02.778+0000] {override.py:1911} INFO - Created Permission View: can read on DAG Run:example_branch_datetime_operator
[2024-11-13T21:35:02.782+0000] {logging_mixin.py:190} INFO - [2024-11-13T21:35:02.782+0000] {override.py:1911} INFO - Created Permission View: can edit on DAG:example_branch_datetime_operator_3
[2024-11-13T21:35:02.783+0000] {logging_mixin.py:190} INFO - [2024-11-13T21:35:02.783+0000] {override.py:1911} INFO - Created Permission View: can delete on DAG:example_branch_datetime_operator_3
[2024-11-13T21:35:02.785+0000] {logging_mixin.py:190} INFO - [2024-11-13T21:35:02.785+0000] {override.py:1911} INFO - Created Permission View: can read on DAG:example_branch_datetime_operator_3
[2024-11-13T21:35:02.787+0000] {logging_mixin.py:190} INFO - [2024-11-13T21:35:02.787+0000] {override.py:1911} INFO - Created Permission View: can create on DAG Run:example_branch_datetime_operator_3
[2024-11-13T21:35:02.788+0000] {logging_mixin.py:190} INFO - [2024-11-13T21:35:02.788+0000] {override.py:1911} INFO - Created Permission View: can delete on DAG Run:example_branch_datetime_operator_3
[2024-11-13T21:35:02.790+0000] {logging_mixin.py:190} INFO - [2024-11-13T21:35:02.790+0000] {override.py:1911} INFO - Created Permission View: menu access on DAG Run:example_branch_datetime_operator_3
[2024-11-13T21:35:02.791+0000] {logging_mixin.py:190} INFO - [2024-11-13T21:35:02.791+0000] {override.py:1911} INFO - Created Permission View: can read on DAG Run:example_branch_datetime_operator_3
[2024-11-13T21:35:02.795+0000] {logging_mixin.py:190} INFO - [2024-11-13T21:35:02.794+0000] {override.py:1911} INFO - Created Permission View: can edit on DAG:example_branch_datetime_operator_2
[2024-11-13T21:35:02.796+0000] {logging_mixin.py:190} INFO - [2024-11-13T21:35:02.796+0000] {override.py:1911} INFO - Created Permission View: can delete on DAG:example_branch_datetime_operator_2
[2024-11-13T21:35:02.797+0000] {logging_mixin.py:190} INFO - [2024-11-13T21:35:02.797+0000] {override.py:1911} INFO - Created Permission View: can read on DAG:example_branch_datetime_operator_2
[2024-11-13T21:35:02.799+0000] {logging_mixin.py:190} INFO - [2024-11-13T21:35:02.799+0000] {override.py:1911} INFO - Created Permission View: can create on DAG Run:example_branch_datetime_operator_2
[2024-11-13T21:35:02.800+0000] {logging_mixin.py:190} INFO - [2024-11-13T21:35:02.800+0000] {override.py:1911} INFO - Created Permission View: can delete on DAG Run:example_branch_datetime_operator_2
[2024-11-13T21:35:02.801+0000] {logging_mixin.py:190} INFO - [2024-11-13T21:35:02.801+0000] {override.py:1911} INFO - Created Permission View: menu access on DAG Run:example_branch_datetime_operator_2
[2024-11-13T21:35:02.803+0000] {logging_mixin.py:190} INFO - [2024-11-13T21:35:02.803+0000] {override.py:1911} INFO - Created Permission View: can read on DAG Run:example_branch_datetime_operator_2
[2024-11-13T21:35:02.803+0000] {logging_mixin.py:190} INFO - [2024-11-13T21:35:02.803+0000] {dag.py:3239} INFO - Sync 3 DAGs
[2024-11-13T21:35:02.808+0000] {logging_mixin.py:190} INFO - [2024-11-13T21:35:02.808+0000] {dag.py:3262} INFO - Creating ORM DAG for example_branch_datetime_operator_3
[2024-11-13T21:35:02.808+0000] {logging_mixin.py:190} INFO - [2024-11-13T21:35:02.808+0000] {dag.py:3262} INFO - Creating ORM DAG for example_branch_datetime_operator
[2024-11-13T21:35:02.809+0000] {logging_mixin.py:190} INFO - [2024-11-13T21:35:02.809+0000] {dag.py:3262} INFO - Creating ORM DAG for example_branch_datetime_operator_2
[2024-11-13T21:35:02.812+0000] {logging_mixin.py:190} INFO - [2024-11-13T21:35:02.812+0000] {dag.py:4180} INFO - Setting next_dagrun for example_branch_datetime_operator to 2024-11-12 00:00:00+00:00, run_after=2024-11-13 00:00:00+00:00
[2024-11-13T21:35:02.813+0000] {logging_mixin.py:190} INFO - [2024-11-13T21:35:02.813+0000] {dag.py:4180} INFO - Setting next_dagrun for example_branch_datetime_operator_2 to 2024-11-12 00:00:00+00:00, run_after=2024-11-13 00:00:00+00:00
[2024-11-13T21:35:02.813+0000] {logging_mixin.py:190} INFO - [2024-11-13T21:35:02.813+0000] {dag.py:4180} INFO - Setting next_dagrun for example_branch_datetime_operator_3 to 2024-11-12 00:00:00+00:00, run_after=2024-11-13 00:00:00+00:00
[2024-11-13T21:35:02.819+0000] {processor.py:208} INFO - Processing /home/airflow/.local/lib/python3.12/site-packages/airflow/example_dags/example_branch_datetime_operator.py took 0.105 seconds
[2024-11-13T21:35:32.886+0000] {processor.py:186} INFO - Started process (PID=139) to work on /home/airflow/.local/lib/python3.12/site-packages/airflow/example_dags/example_branch_datetime_operator.py
[2024-11-13T21:35:32.887+0000] {processor.py:914} INFO - Processing file /home/airflow/.local/lib/python3.12/site-packages/airflow/example_dags/example_branch_datetime_operator.py for tasks to queue
[2024-11-13T21:35:32.888+0000] {logging_mixin.py:190} INFO - [2024-11-13T21:35:32.888+0000] {dagbag.py:588} INFO - Filling up the DagBag from /home/airflow/.local/lib/python3.12/site-packages/airflow/example_dags/example_branch_datetime_operator.py
[2024-11-13T21:35:32.894+0000] {processor.py:925} INFO - DAG(s) 'example_branch_datetime_operator_3', 'example_branch_datetime_operator', 'example_branch_datetime_operator_2' retrieved from /home/airflow/.local/lib/python3.12/site-packages/airflow/example_dags/example_branch_datetime_operator.py
[2024-11-13T21:35:32.905+0000] {logging_mixin.py:190} INFO - [2024-11-13T21:35:32.905+0000] {dag.py:3239} INFO - Sync 3 DAGs
[2024-11-13T21:35:32.915+0000] {logging_mixin.py:190} INFO - [2024-11-13T21:35:32.915+0000] {dag.py:4180} INFO - Setting next_dagrun for example_branch_datetime_operator to 2024-11-12 00:00:00+00:00, run_after=2024-11-13 00:00:00+00:00
[2024-11-13T21:35:32.917+0000] {logging_mixin.py:190} INFO - [2024-11-13T21:35:32.917+0000] {dag.py:4180} INFO - Setting next_dagrun for example_branch_datetime_operator_2 to 2024-11-12 00:00:00+00:00, run_after=2024-11-13 00:00:00+00:00
[2024-11-13T21:35:32.918+0000] {logging_mixin.py:190} INFO - [2024-11-13T21:35:32.918+0000] {dag.py:4180} INFO - Setting next_dagrun for example_branch_datetime_operator_3 to 2024-11-12 00:00:00+00:00, run_after=2024-11-13 00:00:00+00:00
[2024-11-13T21:35:32.924+0000] {processor.py:208} INFO - Processing /home/airflow/.local/lib/python3.12/site-packages/airflow/example_dags/example_branch_datetime_operator.py took 0.041 seconds
[2024-11-13T21:36:03.417+0000] {processor.py:186} INFO - Started process (PID=205) to work on /home/airflow/.local/lib/python3.12/site-packages/airflow/example_dags/example_branch_datetime_operator.py
[2024-11-13T21:36:03.420+0000] {processor.py:914} INFO - Processing file /home/airflow/.local/lib/python3.12/site-packages/airflow/example_dags/example_branch_datetime_operator.py for tasks to queue
[2024-11-13T21:36:03.421+0000] {logging_mixin.py:190} INFO - [2024-11-13T21:36:03.421+0000] {dagbag.py:588} INFO - Filling up the DagBag from /home/airflow/.local/lib/python3.12/site-packages/airflow/example_dags/example_branch_datetime_operator.py
[2024-11-13T21:36:03.426+0000] {processor.py:925} INFO - DAG(s) 'example_branch_datetime_operator', 'example_branch_datetime_operator_2', 'example_branch_datetime_operator_3' retrieved from /home/airflow/.local/lib/python3.12/site-packages/airflow/example_dags/example_branch_datetime_operator.py
[2024-11-13T21:36:03.442+0000] {logging_mixin.py:190} INFO - [2024-11-13T21:36:03.442+0000] {dag.py:3239} INFO - Sync 3 DAGs
[2024-11-13T21:36:03.454+0000] {logging_mixin.py:190} INFO - [2024-11-13T21:36:03.454+0000] {dag.py:4180} INFO - Setting next_dagrun for example_branch_datetime_operator to 2024-11-12 00:00:00+00:00, run_after=2024-11-13 00:00:00+00:00
[2024-11-13T21:36:03.457+0000] {logging_mixin.py:190} INFO - [2024-11-13T21:36:03.457+0000] {dag.py:4180} INFO - Setting next_dagrun for example_branch_datetime_operator_2 to 2024-11-12 00:00:00+00:00, run_after=2024-11-13 00:00:00+00:00
[2024-11-13T21:36:03.460+0000] {logging_mixin.py:190} INFO - [2024-11-13T21:36:03.460+0000] {dag.py:4180} INFO - Setting next_dagrun for example_branch_datetime_operator_3 to 2024-11-12 00:00:00+00:00, run_after=2024-11-13 00:00:00+00:00
[2024-11-13T21:36:03.467+0000] {processor.py:208} INFO - Processing /home/airflow/.local/lib/python3.12/site-packages/airflow/example_dags/example_branch_datetime_operator.py took 0.053 seconds
[2024-11-13T21:36:33.909+0000] {processor.py:186} INFO - Started process (PID=268) to work on /home/airflow/.local/lib/python3.12/site-packages/airflow/example_dags/example_branch_datetime_operator.py
[2024-11-13T21:36:33.909+0000] {processor.py:914} INFO - Processing file /home/airflow/.local/lib/python3.12/site-packages/airflow/example_dags/example_branch_datetime_operator.py for tasks to queue
[2024-11-13T21:36:33.910+0000] {logging_mixin.py:190} INFO - [2024-11-13T21:36:33.910+0000] {dagbag.py:588} INFO - Filling up the DagBag from /home/airflow/.local/lib/python3.12/site-packages/airflow/example_dags/example_branch_datetime_operator.py
[2024-11-13T21:36:33.914+0000] {processor.py:925} INFO - DAG(s) 'example_branch_datetime_operator_2', 'example_branch_datetime_operator_3', 'example_branch_datetime_operator' retrieved from /home/airflow/.local/lib/python3.12/site-packages/airflow/example_dags/example_branch_datetime_operator.py
[2024-11-13T21:36:33.925+0000] {logging_mixin.py:190} INFO - [2024-11-13T21:36:33.925+0000] {dag.py:3239} INFO - Sync 3 DAGs
[2024-11-13T21:36:33.934+0000] {logging_mixin.py:190} INFO - [2024-11-13T21:36:33.934+0000] {dag.py:4180} INFO - Setting next_dagrun for example_branch_datetime_operator to 2024-11-12 00:00:00+00:00, run_after=2024-11-13 00:00:00+00:00
[2024-11-13T21:36:33.937+0000] {logging_mixin.py:190} INFO - [2024-11-13T21:36:33.937+0000] {dag.py:4180} INFO - Setting next_dagrun for example_branch_datetime_operator_2 to 2024-11-12 00:00:00+00:00, run_after=2024-11-13 00:00:00+00:00
[2024-11-13T21:36:33.938+0000] {logging_mixin.py:190} INFO - [2024-11-13T21:36:33.938+0000] {dag.py:4180} INFO - Setting next_dagrun for example_branch_datetime_operator_3 to 2024-11-12 00:00:00+00:00, run_after=2024-11-13 00:00:00+00:00
[2024-11-13T21:36:33.943+0000] {processor.py:208} INFO - Processing /home/airflow/.local/lib/python3.12/site-packages/airflow/example_dags/example_branch_datetime_operator.py took 0.037 seconds
[2024-11-13T21:37:04.613+0000] {processor.py:186} INFO - Started process (PID=339) to work on /home/airflow/.local/lib/python3.12/site-packages/airflow/example_dags/example_branch_datetime_operator.py
[2024-11-13T21:37:04.613+0000] {processor.py:914} INFO - Processing file /home/airflow/.local/lib/python3.12/site-packages/airflow/example_dags/example_branch_datetime_operator.py for tasks to queue
[2024-11-13T21:37:04.614+0000] {logging_mixin.py:190} INFO - [2024-11-13T21:37:04.614+0000] {dagbag.py:588} INFO - Filling up the DagBag from /home/airflow/.local/lib/python3.12/site-packages/airflow/example_dags/example_branch_datetime_operator.py
[2024-11-13T21:37:04.619+0000] {processor.py:925} INFO - DAG(s) 'example_branch_datetime_operator_2', 'example_branch_datetime_operator', 'example_branch_datetime_operator_3' retrieved from /home/airflow/.local/lib/python3.12/site-packages/airflow/example_dags/example_branch_datetime_operator.py
[2024-11-13T21:37:04.630+0000] {logging_mixin.py:190} INFO - [2024-11-13T21:37:04.629+0000] {dag.py:3239} INFO - Sync 3 DAGs
[2024-11-13T21:37:04.639+0000] {logging_mixin.py:190} INFO - [2024-11-13T21:37:04.639+0000] {dag.py:4180} INFO - Setting next_dagrun for example_branch_datetime_operator to 2024-11-12 00:00:00+00:00, run_after=2024-11-13 00:00:00+00:00
[2024-11-13T21:37:04.641+0000] {logging_mixin.py:190} INFO - [2024-11-13T21:37:04.641+0000] {dag.py:4180} INFO - Setting next_dagrun for example_branch_datetime_operator_2 to 2024-11-12 00:00:00+00:00, run_after=2024-11-13 00:00:00+00:00
[2024-11-13T21:37:04.642+0000] {logging_mixin.py:190} INFO - [2024-11-13T21:37:04.642+0000] {dag.py:4180} INFO - Setting next_dagrun for example_branch_datetime_operator_3 to 2024-11-12 00:00:00+00:00, run_after=2024-11-13 00:00:00+00:00
[2024-11-13T21:37:04.648+0000] {processor.py:208} INFO - Processing /home/airflow/.local/lib/python3.12/site-packages/airflow/example_dags/example_branch_datetime_operator.py took 0.037 seconds
[2024-11-13T21:37:34.955+0000] {processor.py:186} INFO - Started process (PID=402) to work on /home/airflow/.local/lib/python3.12/site-packages/airflow/example_dags/example_branch_datetime_operator.py
[2024-11-13T21:37:34.955+0000] {processor.py:914} INFO - Processing file /home/airflow/.local/lib/python3.12/site-packages/airflow/example_dags/example_branch_datetime_operator.py for tasks to queue
[2024-11-13T21:37:34.956+0000] {logging_mixin.py:190} INFO - [2024-11-13T21:37:34.956+0000] {dagbag.py:588} INFO - Filling up the DagBag from /home/airflow/.local/lib/python3.12/site-packages/airflow/example_dags/example_branch_datetime_operator.py
[2024-11-13T21:37:34.961+0000] {processor.py:925} INFO - DAG(s) 'example_branch_datetime_operator_2', 'example_branch_datetime_operator', 'example_branch_datetime_operator_3' retrieved from /home/airflow/.local/lib/python3.12/site-packages/airflow/example_dags/example_branch_datetime_operator.py
[2024-11-13T21:37:34.971+0000] {logging_mixin.py:190} INFO - [2024-11-13T21:37:34.971+0000] {dag.py:3239} INFO - Sync 3 DAGs
[2024-11-13T21:37:34.981+0000] {logging_mixin.py:190} INFO - [2024-11-13T21:37:34.981+0000] {dag.py:4180} INFO - Setting next_dagrun for example_branch_datetime_operator to 2024-11-12 00:00:00+00:00, run_after=2024-11-13 00:00:00+00:00
[2024-11-13T21:37:34.984+0000] {logging_mixin.py:190} INFO - [2024-11-13T21:37:34.983+0000] {dag.py:4180} INFO - Setting next_dagrun for example_branch_datetime_operator_2 to 2024-11-12 00:00:00+00:00, run_after=2024-11-13 00:00:00+00:00
[2024-11-13T21:37:34.984+0000] {logging_mixin.py:190} INFO - [2024-11-13T21:37:34.984+0000] {dag.py:4180} INFO - Setting next_dagrun for example_branch_datetime_operator_3 to 2024-11-12 00:00:00+00:00, run_after=2024-11-13 00:00:00+00:00
[2024-11-13T21:37:34.990+0000] {processor.py:208} INFO - Processing /home/airflow/.local/lib/python3.12/site-packages/airflow/example_dags/example_branch_datetime_operator.py took 0.038 seconds
[2024-11-13T21:38:05.302+0000] {processor.py:186} INFO - Started process (PID=464) to work on /home/airflow/.local/lib/python3.12/site-packages/airflow/example_dags/example_branch_datetime_operator.py
[2024-11-13T21:38:05.303+0000] {processor.py:914} INFO - Processing file /home/airflow/.local/lib/python3.12/site-packages/airflow/example_dags/example_branch_datetime_operator.py for tasks to queue
[2024-11-13T21:38:05.304+0000] {logging_mixin.py:190} INFO - [2024-11-13T21:38:05.303+0000] {dagbag.py:588} INFO - Filling up the DagBag from /home/airflow/.local/lib/python3.12/site-packages/airflow/example_dags/example_branch_datetime_operator.py
[2024-11-13T21:38:05.308+0000] {processor.py:925} INFO - DAG(s) 'example_branch_datetime_operator_2', 'example_branch_datetime_operator', 'example_branch_datetime_operator_3' retrieved from /home/airflow/.local/lib/python3.12/site-packages/airflow/example_dags/example_branch_datetime_operator.py
[2024-11-13T21:38:05.322+0000] {logging_mixin.py:190} INFO - [2024-11-13T21:38:05.322+0000] {dag.py:3239} INFO - Sync 3 DAGs
[2024-11-13T21:38:05.332+0000] {logging_mixin.py:190} INFO - [2024-11-13T21:38:05.332+0000] {dag.py:4180} INFO - Setting next_dagrun for example_branch_datetime_operator to 2024-11-12 00:00:00+00:00, run_after=2024-11-13 00:00:00+00:00
[2024-11-13T21:38:05.334+0000] {logging_mixin.py:190} INFO - [2024-11-13T21:38:05.334+0000] {dag.py:4180} INFO - Setting next_dagrun for example_branch_datetime_operator_2 to 2024-11-12 00:00:00+00:00, run_after=2024-11-13 00:00:00+00:00
[2024-11-13T21:38:05.335+0000] {logging_mixin.py:190} INFO - [2024-11-13T21:38:05.335+0000] {dag.py:4180} INFO - Setting next_dagrun for example_branch_datetime_operator_3 to 2024-11-12 00:00:00+00:00, run_after=2024-11-13 00:00:00+00:00
[2024-11-13T21:38:05.340+0000] {processor.py:208} INFO - Processing /home/airflow/.local/lib/python3.12/site-packages/airflow/example_dags/example_branch_datetime_operator.py took 0.040 seconds
[2024-11-13T23:40:20.234+0000] {processor.py:186} INFO - Started process (PID=70) to work on /home/airflow/.local/lib/python3.12/site-packages/airflow/example_dags/example_branch_datetime_operator.py
[2024-11-13T23:40:20.234+0000] {processor.py:914} INFO - Processing file /home/airflow/.local/lib/python3.12/site-packages/airflow/example_dags/example_branch_datetime_operator.py for tasks to queue
[2024-11-13T23:40:20.236+0000] {logging_mixin.py:190} INFO - [2024-11-13T23:40:20.235+0000] {dagbag.py:588} INFO - Filling up the DagBag from /home/airflow/.local/lib/python3.12/site-packages/airflow/example_dags/example_branch_datetime_operator.py
[2024-11-13T23:40:20.243+0000] {processor.py:925} INFO - DAG(s) 'example_branch_datetime_operator', 'example_branch_datetime_operator_2', 'example_branch_datetime_operator_3' retrieved from /home/airflow/.local/lib/python3.12/site-packages/airflow/example_dags/example_branch_datetime_operator.py
[2024-11-13T23:40:20.292+0000] {logging_mixin.py:190} INFO - [2024-11-13T23:40:20.291+0000] {override.py:1911} INFO - Created Permission View: can edit on DAG:example_branch_datetime_operator
[2024-11-13T23:40:20.295+0000] {logging_mixin.py:190} INFO - [2024-11-13T23:40:20.295+0000] {override.py:1911} INFO - Created Permission View: can delete on DAG:example_branch_datetime_operator
[2024-11-13T23:40:20.297+0000] {logging_mixin.py:190} INFO - [2024-11-13T23:40:20.297+0000] {override.py:1911} INFO - Created Permission View: can read on DAG:example_branch_datetime_operator
[2024-11-13T23:40:20.299+0000] {logging_mixin.py:190} INFO - [2024-11-13T23:40:20.299+0000] {override.py:1911} INFO - Created Permission View: can delete on DAG Run:example_branch_datetime_operator
[2024-11-13T23:40:20.301+0000] {logging_mixin.py:190} INFO - [2024-11-13T23:40:20.301+0000] {override.py:1911} INFO - Created Permission View: menu access on DAG Run:example_branch_datetime_operator
[2024-11-13T23:40:20.302+0000] {logging_mixin.py:190} INFO - [2024-11-13T23:40:20.302+0000] {override.py:1911} INFO - Created Permission View: can read on DAG Run:example_branch_datetime_operator
[2024-11-13T23:40:20.304+0000] {logging_mixin.py:190} INFO - [2024-11-13T23:40:20.303+0000] {override.py:1911} INFO - Created Permission View: can create on DAG Run:example_branch_datetime_operator
[2024-11-13T23:40:20.308+0000] {logging_mixin.py:190} INFO - [2024-11-13T23:40:20.308+0000] {override.py:1911} INFO - Created Permission View: can edit on DAG:example_branch_datetime_operator_2
[2024-11-13T23:40:20.310+0000] {logging_mixin.py:190} INFO - [2024-11-13T23:40:20.310+0000] {override.py:1911} INFO - Created Permission View: can delete on DAG:example_branch_datetime_operator_2
[2024-11-13T23:40:20.311+0000] {logging_mixin.py:190} INFO - [2024-11-13T23:40:20.311+0000] {override.py:1911} INFO - Created Permission View: can read on DAG:example_branch_datetime_operator_2
[2024-11-13T23:40:20.314+0000] {logging_mixin.py:190} INFO - [2024-11-13T23:40:20.314+0000] {override.py:1911} INFO - Created Permission View: can delete on DAG Run:example_branch_datetime_operator_2
[2024-11-13T23:40:20.316+0000] {logging_mixin.py:190} INFO - [2024-11-13T23:40:20.316+0000] {override.py:1911} INFO - Created Permission View: menu access on DAG Run:example_branch_datetime_operator_2
[2024-11-13T23:40:20.317+0000] {logging_mixin.py:190} INFO - [2024-11-13T23:40:20.317+0000] {override.py:1911} INFO - Created Permission View: can read on DAG Run:example_branch_datetime_operator_2
[2024-11-13T23:40:20.319+0000] {logging_mixin.py:190} INFO - [2024-11-13T23:40:20.319+0000] {override.py:1911} INFO - Created Permission View: can create on DAG Run:example_branch_datetime_operator_2
[2024-11-13T23:40:20.323+0000] {logging_mixin.py:190} INFO - [2024-11-13T23:40:20.322+0000] {override.py:1911} INFO - Created Permission View: can edit on DAG:example_branch_datetime_operator_3
[2024-11-13T23:40:20.324+0000] {logging_mixin.py:190} INFO - [2024-11-13T23:40:20.324+0000] {override.py:1911} INFO - Created Permission View: can delete on DAG:example_branch_datetime_operator_3
[2024-11-13T23:40:20.326+0000] {logging_mixin.py:190} INFO - [2024-11-13T23:40:20.326+0000] {override.py:1911} INFO - Created Permission View: can read on DAG:example_branch_datetime_operator_3
[2024-11-13T23:40:20.328+0000] {logging_mixin.py:190} INFO - [2024-11-13T23:40:20.328+0000] {override.py:1911} INFO - Created Permission View: can delete on DAG Run:example_branch_datetime_operator_3
[2024-11-13T23:40:20.330+0000] {logging_mixin.py:190} INFO - [2024-11-13T23:40:20.330+0000] {override.py:1911} INFO - Created Permission View: menu access on DAG Run:example_branch_datetime_operator_3
[2024-11-13T23:40:20.332+0000] {logging_mixin.py:190} INFO - [2024-11-13T23:40:20.332+0000] {override.py:1911} INFO - Created Permission View: can read on DAG Run:example_branch_datetime_operator_3
[2024-11-13T23:40:20.334+0000] {logging_mixin.py:190} INFO - [2024-11-13T23:40:20.334+0000] {override.py:1911} INFO - Created Permission View: can create on DAG Run:example_branch_datetime_operator_3
[2024-11-13T23:40:20.334+0000] {logging_mixin.py:190} INFO - [2024-11-13T23:40:20.334+0000] {dag.py:3239} INFO - Sync 3 DAGs
[2024-11-13T23:40:20.339+0000] {logging_mixin.py:190} INFO - [2024-11-13T23:40:20.339+0000] {dag.py:3262} INFO - Creating ORM DAG for example_branch_datetime_operator
[2024-11-13T23:40:20.339+0000] {logging_mixin.py:190} INFO - [2024-11-13T23:40:20.339+0000] {dag.py:3262} INFO - Creating ORM DAG for example_branch_datetime_operator_2
[2024-11-13T23:40:20.340+0000] {logging_mixin.py:190} INFO - [2024-11-13T23:40:20.340+0000] {dag.py:3262} INFO - Creating ORM DAG for example_branch_datetime_operator_3
[2024-11-13T23:40:20.344+0000] {logging_mixin.py:190} INFO - [2024-11-13T23:40:20.344+0000] {dag.py:4180} INFO - Setting next_dagrun for example_branch_datetime_operator to 2024-11-12 00:00:00+00:00, run_after=2024-11-13 00:00:00+00:00
[2024-11-13T23:40:20.344+0000] {logging_mixin.py:190} INFO - [2024-11-13T23:40:20.344+0000] {dag.py:4180} INFO - Setting next_dagrun for example_branch_datetime_operator_2 to 2024-11-12 00:00:00+00:00, run_after=2024-11-13 00:00:00+00:00
[2024-11-13T23:40:20.345+0000] {logging_mixin.py:190} INFO - [2024-11-13T23:40:20.345+0000] {dag.py:4180} INFO - Setting next_dagrun for example_branch_datetime_operator_3 to 2024-11-12 00:00:00+00:00, run_after=2024-11-13 00:00:00+00:00
[2024-11-13T23:40:20.351+0000] {processor.py:208} INFO - Processing /home/airflow/.local/lib/python3.12/site-packages/airflow/example_dags/example_branch_datetime_operator.py took 0.120 seconds
[2024-11-13T23:40:51.001+0000] {processor.py:186} INFO - Started process (PID=133) to work on /home/airflow/.local/lib/python3.12/site-packages/airflow/example_dags/example_branch_datetime_operator.py
[2024-11-13T23:40:51.002+0000] {processor.py:914} INFO - Processing file /home/airflow/.local/lib/python3.12/site-packages/airflow/example_dags/example_branch_datetime_operator.py for tasks to queue
[2024-11-13T23:40:51.004+0000] {logging_mixin.py:190} INFO - [2024-11-13T23:40:51.003+0000] {dagbag.py:588} INFO - Filling up the DagBag from /home/airflow/.local/lib/python3.12/site-packages/airflow/example_dags/example_branch_datetime_operator.py
[2024-11-13T23:40:51.009+0000] {processor.py:925} INFO - DAG(s) 'example_branch_datetime_operator', 'example_branch_datetime_operator_3', 'example_branch_datetime_operator_2' retrieved from /home/airflow/.local/lib/python3.12/site-packages/airflow/example_dags/example_branch_datetime_operator.py
[2024-11-13T23:40:51.022+0000] {logging_mixin.py:190} INFO - [2024-11-13T23:40:51.022+0000] {dag.py:3239} INFO - Sync 3 DAGs
[2024-11-13T23:40:51.031+0000] {logging_mixin.py:190} INFO - [2024-11-13T23:40:51.031+0000] {dag.py:4180} INFO - Setting next_dagrun for example_branch_datetime_operator to 2024-11-12 00:00:00+00:00, run_after=2024-11-13 00:00:00+00:00
[2024-11-13T23:40:51.033+0000] {logging_mixin.py:190} INFO - [2024-11-13T23:40:51.033+0000] {dag.py:4180} INFO - Setting next_dagrun for example_branch_datetime_operator_2 to 2024-11-12 00:00:00+00:00, run_after=2024-11-13 00:00:00+00:00
[2024-11-13T23:40:51.034+0000] {logging_mixin.py:190} INFO - [2024-11-13T23:40:51.034+0000] {dag.py:4180} INFO - Setting next_dagrun for example_branch_datetime_operator_3 to 2024-11-12 00:00:00+00:00, run_after=2024-11-13 00:00:00+00:00
[2024-11-13T23:40:51.039+0000] {processor.py:208} INFO - Processing /home/airflow/.local/lib/python3.12/site-packages/airflow/example_dags/example_branch_datetime_operator.py took 0.041 seconds
[2024-11-13T23:41:21.154+0000] {processor.py:186} INFO - Started process (PID=194) to work on /home/airflow/.local/lib/python3.12/site-packages/airflow/example_dags/example_branch_datetime_operator.py
[2024-11-13T23:41:21.154+0000] {processor.py:914} INFO - Processing file /home/airflow/.local/lib/python3.12/site-packages/airflow/example_dags/example_branch_datetime_operator.py for tasks to queue
[2024-11-13T23:41:21.155+0000] {logging_mixin.py:190} INFO - [2024-11-13T23:41:21.155+0000] {dagbag.py:588} INFO - Filling up the DagBag from /home/airflow/.local/lib/python3.12/site-packages/airflow/example_dags/example_branch_datetime_operator.py
[2024-11-13T23:41:21.160+0000] {processor.py:925} INFO - DAG(s) 'example_branch_datetime_operator_3', 'example_branch_datetime_operator', 'example_branch_datetime_operator_2' retrieved from /home/airflow/.local/lib/python3.12/site-packages/airflow/example_dags/example_branch_datetime_operator.py
[2024-11-13T23:41:21.171+0000] {logging_mixin.py:190} INFO - [2024-11-13T23:41:21.170+0000] {dag.py:3239} INFO - Sync 3 DAGs
[2024-11-13T23:41:21.180+0000] {logging_mixin.py:190} INFO - [2024-11-13T23:41:21.179+0000] {dag.py:4180} INFO - Setting next_dagrun for example_branch_datetime_operator to 2024-11-12 00:00:00+00:00, run_after=2024-11-13 00:00:00+00:00
[2024-11-13T23:41:21.181+0000] {logging_mixin.py:190} INFO - [2024-11-13T23:41:21.181+0000] {dag.py:4180} INFO - Setting next_dagrun for example_branch_datetime_operator_2 to 2024-11-12 00:00:00+00:00, run_after=2024-11-13 00:00:00+00:00
[2024-11-13T23:41:21.182+0000] {logging_mixin.py:190} INFO - [2024-11-13T23:41:21.182+0000] {dag.py:4180} INFO - Setting next_dagrun for example_branch_datetime_operator_3 to 2024-11-12 00:00:00+00:00, run_after=2024-11-13 00:00:00+00:00
[2024-11-13T23:41:21.188+0000] {processor.py:208} INFO - Processing /home/airflow/.local/lib/python3.12/site-packages/airflow/example_dags/example_branch_datetime_operator.py took 0.036 seconds
[2024-11-13T23:41:51.571+0000] {processor.py:186} INFO - Started process (PID=262) to work on /home/airflow/.local/lib/python3.12/site-packages/airflow/example_dags/example_branch_datetime_operator.py
[2024-11-13T23:41:51.571+0000] {processor.py:914} INFO - Processing file /home/airflow/.local/lib/python3.12/site-packages/airflow/example_dags/example_branch_datetime_operator.py for tasks to queue
[2024-11-13T23:41:51.572+0000] {logging_mixin.py:190} INFO - [2024-11-13T23:41:51.572+0000] {dagbag.py:588} INFO - Filling up the DagBag from /home/airflow/.local/lib/python3.12/site-packages/airflow/example_dags/example_branch_datetime_operator.py
[2024-11-13T23:41:51.576+0000] {processor.py:925} INFO - DAG(s) 'example_branch_datetime_operator_2', 'example_branch_datetime_operator_3', 'example_branch_datetime_operator' retrieved from /home/airflow/.local/lib/python3.12/site-packages/airflow/example_dags/example_branch_datetime_operator.py
[2024-11-13T23:41:51.586+0000] {logging_mixin.py:190} INFO - [2024-11-13T23:41:51.586+0000] {dag.py:3239} INFO - Sync 3 DAGs
[2024-11-13T23:41:51.594+0000] {logging_mixin.py:190} INFO - [2024-11-13T23:41:51.594+0000] {dag.py:4180} INFO - Setting next_dagrun for example_branch_datetime_operator to 2024-11-12 00:00:00+00:00, run_after=2024-11-13 00:00:00+00:00
[2024-11-13T23:41:51.595+0000] {logging_mixin.py:190} INFO - [2024-11-13T23:41:51.595+0000] {dag.py:4180} INFO - Setting next_dagrun for example_branch_datetime_operator_2 to 2024-11-12 00:00:00+00:00, run_after=2024-11-13 00:00:00+00:00
[2024-11-13T23:41:51.596+0000] {logging_mixin.py:190} INFO - [2024-11-13T23:41:51.596+0000] {dag.py:4180} INFO - Setting next_dagrun for example_branch_datetime_operator_3 to 2024-11-12 00:00:00+00:00, run_after=2024-11-13 00:00:00+00:00
[2024-11-13T23:41:51.601+0000] {processor.py:208} INFO - Processing /home/airflow/.local/lib/python3.12/site-packages/airflow/example_dags/example_branch_datetime_operator.py took 0.032 seconds
[2024-11-13T23:42:22.291+0000] {processor.py:186} INFO - Started process (PID=327) to work on /home/airflow/.local/lib/python3.12/site-packages/airflow/example_dags/example_branch_datetime_operator.py
[2024-11-13T23:42:22.292+0000] {processor.py:914} INFO - Processing file /home/airflow/.local/lib/python3.12/site-packages/airflow/example_dags/example_branch_datetime_operator.py for tasks to queue
[2024-11-13T23:42:22.293+0000] {logging_mixin.py:190} INFO - [2024-11-13T23:42:22.293+0000] {dagbag.py:588} INFO - Filling up the DagBag from /home/airflow/.local/lib/python3.12/site-packages/airflow/example_dags/example_branch_datetime_operator.py
[2024-11-13T23:42:22.298+0000] {processor.py:925} INFO - DAG(s) 'example_branch_datetime_operator_3', 'example_branch_datetime_operator', 'example_branch_datetime_operator_2' retrieved from /home/airflow/.local/lib/python3.12/site-packages/airflow/example_dags/example_branch_datetime_operator.py
[2024-11-13T23:42:22.309+0000] {logging_mixin.py:190} INFO - [2024-11-13T23:42:22.309+0000] {dag.py:3239} INFO - Sync 3 DAGs
[2024-11-13T23:42:22.319+0000] {logging_mixin.py:190} INFO - [2024-11-13T23:42:22.318+0000] {dag.py:4180} INFO - Setting next_dagrun for example_branch_datetime_operator to 2024-11-12 00:00:00+00:00, run_after=2024-11-13 00:00:00+00:00
[2024-11-13T23:42:22.321+0000] {logging_mixin.py:190} INFO - [2024-11-13T23:42:22.320+0000] {dag.py:4180} INFO - Setting next_dagrun for example_branch_datetime_operator_2 to 2024-11-12 00:00:00+00:00, run_after=2024-11-13 00:00:00+00:00
[2024-11-13T23:42:22.322+0000] {logging_mixin.py:190} INFO - [2024-11-13T23:42:22.322+0000] {dag.py:4180} INFO - Setting next_dagrun for example_branch_datetime_operator_3 to 2024-11-12 00:00:00+00:00, run_after=2024-11-13 00:00:00+00:00
[2024-11-13T23:42:22.328+0000] {processor.py:208} INFO - Processing /home/airflow/.local/lib/python3.12/site-packages/airflow/example_dags/example_branch_datetime_operator.py took 0.039 seconds
[2024-11-13T23:42:52.475+0000] {processor.py:186} INFO - Started process (PID=389) to work on /home/airflow/.local/lib/python3.12/site-packages/airflow/example_dags/example_branch_datetime_operator.py
[2024-11-13T23:42:52.475+0000] {processor.py:914} INFO - Processing file /home/airflow/.local/lib/python3.12/site-packages/airflow/example_dags/example_branch_datetime_operator.py for tasks to queue
[2024-11-13T23:42:52.476+0000] {logging_mixin.py:190} INFO - [2024-11-13T23:42:52.476+0000] {dagbag.py:588} INFO - Filling up the DagBag from /home/airflow/.local/lib/python3.12/site-packages/airflow/example_dags/example_branch_datetime_operator.py
[2024-11-13T23:42:52.481+0000] {processor.py:925} INFO - DAG(s) 'example_branch_datetime_operator_2', 'example_branch_datetime_operator', 'example_branch_datetime_operator_3' retrieved from /home/airflow/.local/lib/python3.12/site-packages/airflow/example_dags/example_branch_datetime_operator.py
[2024-11-13T23:42:52.491+0000] {logging_mixin.py:190} INFO - [2024-11-13T23:42:52.491+0000] {dag.py:3239} INFO - Sync 3 DAGs
[2024-11-13T23:42:52.500+0000] {logging_mixin.py:190} INFO - [2024-11-13T23:42:52.500+0000] {dag.py:4180} INFO - Setting next_dagrun for example_branch_datetime_operator to 2024-11-12 00:00:00+00:00, run_after=2024-11-13 00:00:00+00:00
[2024-11-13T23:42:52.502+0000] {logging_mixin.py:190} INFO - [2024-11-13T23:42:52.502+0000] {dag.py:4180} INFO - Setting next_dagrun for example_branch_datetime_operator_2 to 2024-11-12 00:00:00+00:00, run_after=2024-11-13 00:00:00+00:00
[2024-11-13T23:42:52.503+0000] {logging_mixin.py:190} INFO - [2024-11-13T23:42:52.503+0000] {dag.py:4180} INFO - Setting next_dagrun for example_branch_datetime_operator_3 to 2024-11-12 00:00:00+00:00, run_after=2024-11-13 00:00:00+00:00
[2024-11-13T23:42:52.508+0000] {processor.py:208} INFO - Processing /home/airflow/.local/lib/python3.12/site-packages/airflow/example_dags/example_branch_datetime_operator.py took 0.036 seconds
[2024-11-13T23:43:23.834+0000] {processor.py:186} INFO - Started process (PID=452) to work on /home/airflow/.local/lib/python3.12/site-packages/airflow/example_dags/example_branch_datetime_operator.py
[2024-11-13T23:43:23.836+0000] {processor.py:914} INFO - Processing file /home/airflow/.local/lib/python3.12/site-packages/airflow/example_dags/example_branch_datetime_operator.py for tasks to queue
[2024-11-13T23:43:23.838+0000] {logging_mixin.py:190} INFO - [2024-11-13T23:43:23.838+0000] {dagbag.py:588} INFO - Filling up the DagBag from /home/airflow/.local/lib/python3.12/site-packages/airflow/example_dags/example_branch_datetime_operator.py
[2024-11-13T23:43:23.843+0000] {processor.py:925} INFO - DAG(s) 'example_branch_datetime_operator_2', 'example_branch_datetime_operator', 'example_branch_datetime_operator_3' retrieved from /home/airflow/.local/lib/python3.12/site-packages/airflow/example_dags/example_branch_datetime_operator.py
[2024-11-13T23:43:23.854+0000] {logging_mixin.py:190} INFO - [2024-11-13T23:43:23.854+0000] {dag.py:3239} INFO - Sync 3 DAGs
[2024-11-13T23:43:23.864+0000] {logging_mixin.py:190} INFO - [2024-11-13T23:43:23.864+0000] {dag.py:4180} INFO - Setting next_dagrun for example_branch_datetime_operator to 2024-11-12 00:00:00+00:00, run_after=2024-11-13 00:00:00+00:00
[2024-11-13T23:43:23.866+0000] {logging_mixin.py:190} INFO - [2024-11-13T23:43:23.866+0000] {dag.py:4180} INFO - Setting next_dagrun for example_branch_datetime_operator_2 to 2024-11-12 00:00:00+00:00, run_after=2024-11-13 00:00:00+00:00
[2024-11-13T23:43:23.867+0000] {logging_mixin.py:190} INFO - [2024-11-13T23:43:23.867+0000] {dag.py:4180} INFO - Setting next_dagrun for example_branch_datetime_operator_3 to 2024-11-12 00:00:00+00:00, run_after=2024-11-13 00:00:00+00:00
[2024-11-13T23:43:23.872+0000] {processor.py:208} INFO - Processing /home/airflow/.local/lib/python3.12/site-packages/airflow/example_dags/example_branch_datetime_operator.py took 0.040 seconds
[2024-11-13T23:43:55.039+0000] {processor.py:186} INFO - Started process (PID=515) to work on /home/airflow/.local/lib/python3.12/site-packages/airflow/example_dags/example_branch_datetime_operator.py
[2024-11-13T23:43:55.039+0000] {processor.py:914} INFO - Processing file /home/airflow/.local/lib/python3.12/site-packages/airflow/example_dags/example_branch_datetime_operator.py for tasks to queue
[2024-11-13T23:43:55.040+0000] {logging_mixin.py:190} INFO - [2024-11-13T23:43:55.040+0000] {dagbag.py:588} INFO - Filling up the DagBag from /home/airflow/.local/lib/python3.12/site-packages/airflow/example_dags/example_branch_datetime_operator.py
[2024-11-13T23:43:55.045+0000] {processor.py:925} INFO - DAG(s) 'example_branch_datetime_operator', 'example_branch_datetime_operator_3', 'example_branch_datetime_operator_2' retrieved from /home/airflow/.local/lib/python3.12/site-packages/airflow/example_dags/example_branch_datetime_operator.py
[2024-11-13T23:43:55.057+0000] {logging_mixin.py:190} INFO - [2024-11-13T23:43:55.057+0000] {dag.py:3239} INFO - Sync 3 DAGs
[2024-11-13T23:43:55.066+0000] {logging_mixin.py:190} INFO - [2024-11-13T23:43:55.066+0000] {dag.py:4180} INFO - Setting next_dagrun for example_branch_datetime_operator to 2024-11-12 00:00:00+00:00, run_after=2024-11-13 00:00:00+00:00
[2024-11-13T23:43:55.068+0000] {logging_mixin.py:190} INFO - [2024-11-13T23:43:55.068+0000] {dag.py:4180} INFO - Setting next_dagrun for example_branch_datetime_operator_2 to 2024-11-12 00:00:00+00:00, run_after=2024-11-13 00:00:00+00:00
[2024-11-13T23:43:55.069+0000] {logging_mixin.py:190} INFO - [2024-11-13T23:43:55.069+0000] {dag.py:4180} INFO - Setting next_dagrun for example_branch_datetime_operator_3 to 2024-11-12 00:00:00+00:00, run_after=2024-11-13 00:00:00+00:00
[2024-11-13T23:43:55.074+0000] {processor.py:208} INFO - Processing /home/airflow/.local/lib/python3.12/site-packages/airflow/example_dags/example_branch_datetime_operator.py took 0.037 seconds
[2024-11-13T23:44:26.349+0000] {processor.py:186} INFO - Started process (PID=578) to work on /home/airflow/.local/lib/python3.12/site-packages/airflow/example_dags/example_branch_datetime_operator.py
[2024-11-13T23:44:26.350+0000] {processor.py:914} INFO - Processing file /home/airflow/.local/lib/python3.12/site-packages/airflow/example_dags/example_branch_datetime_operator.py for tasks to queue
[2024-11-13T23:44:26.350+0000] {logging_mixin.py:190} INFO - [2024-11-13T23:44:26.350+0000] {dagbag.py:588} INFO - Filling up the DagBag from /home/airflow/.local/lib/python3.12/site-packages/airflow/example_dags/example_branch_datetime_operator.py
[2024-11-13T23:44:26.355+0000] {processor.py:925} INFO - DAG(s) 'example_branch_datetime_operator_3', 'example_branch_datetime_operator_2', 'example_branch_datetime_operator' retrieved from /home/airflow/.local/lib/python3.12/site-packages/airflow/example_dags/example_branch_datetime_operator.py
[2024-11-13T23:44:26.365+0000] {logging_mixin.py:190} INFO - [2024-11-13T23:44:26.365+0000] {dag.py:3239} INFO - Sync 3 DAGs
[2024-11-13T23:44:26.374+0000] {logging_mixin.py:190} INFO - [2024-11-13T23:44:26.374+0000] {dag.py:4180} INFO - Setting next_dagrun for example_branch_datetime_operator to 2024-11-12 00:00:00+00:00, run_after=2024-11-13 00:00:00+00:00
[2024-11-13T23:44:26.377+0000] {logging_mixin.py:190} INFO - [2024-11-13T23:44:26.377+0000] {dag.py:4180} INFO - Setting next_dagrun for example_branch_datetime_operator_2 to 2024-11-12 00:00:00+00:00, run_after=2024-11-13 00:00:00+00:00
[2024-11-13T23:44:26.378+0000] {logging_mixin.py:190} INFO - [2024-11-13T23:44:26.377+0000] {dag.py:4180} INFO - Setting next_dagrun for example_branch_datetime_operator_3 to 2024-11-12 00:00:00+00:00, run_after=2024-11-13 00:00:00+00:00
[2024-11-13T23:44:26.384+0000] {processor.py:208} INFO - Processing /home/airflow/.local/lib/python3.12/site-packages/airflow/example_dags/example_branch_datetime_operator.py took 0.037 seconds
[2024-11-13T23:44:57.623+0000] {processor.py:186} INFO - Started process (PID=641) to work on /home/airflow/.local/lib/python3.12/site-packages/airflow/example_dags/example_branch_datetime_operator.py
[2024-11-13T23:44:57.623+0000] {processor.py:914} INFO - Processing file /home/airflow/.local/lib/python3.12/site-packages/airflow/example_dags/example_branch_datetime_operator.py for tasks to queue
[2024-11-13T23:44:57.624+0000] {logging_mixin.py:190} INFO - [2024-11-13T23:44:57.624+0000] {dagbag.py:588} INFO - Filling up the DagBag from /home/airflow/.local/lib/python3.12/site-packages/airflow/example_dags/example_branch_datetime_operator.py
[2024-11-13T23:44:57.629+0000] {processor.py:925} INFO - DAG(s) 'example_branch_datetime_operator_2', 'example_branch_datetime_operator_3', 'example_branch_datetime_operator' retrieved from /home/airflow/.local/lib/python3.12/site-packages/airflow/example_dags/example_branch_datetime_operator.py
[2024-11-13T23:44:57.639+0000] {logging_mixin.py:190} INFO - [2024-11-13T23:44:57.639+0000] {dag.py:3239} INFO - Sync 3 DAGs
[2024-11-13T23:44:57.649+0000] {logging_mixin.py:190} INFO - [2024-11-13T23:44:57.649+0000] {dag.py:4180} INFO - Setting next_dagrun for example_branch_datetime_operator to 2024-11-12 00:00:00+00:00, run_after=2024-11-13 00:00:00+00:00
[2024-11-13T23:44:57.651+0000] {logging_mixin.py:190} INFO - [2024-11-13T23:44:57.651+0000] {dag.py:4180} INFO - Setting next_dagrun for example_branch_datetime_operator_2 to 2024-11-12 00:00:00+00:00, run_after=2024-11-13 00:00:00+00:00
[2024-11-13T23:44:57.653+0000] {logging_mixin.py:190} INFO - [2024-11-13T23:44:57.653+0000] {dag.py:4180} INFO - Setting next_dagrun for example_branch_datetime_operator_3 to 2024-11-12 00:00:00+00:00, run_after=2024-11-13 00:00:00+00:00
[2024-11-13T23:44:57.661+0000] {processor.py:208} INFO - Processing /home/airflow/.local/lib/python3.12/site-packages/airflow/example_dags/example_branch_datetime_operator.py took 0.040 seconds
[2024-11-13T23:45:28.856+0000] {processor.py:186} INFO - Started process (PID=704) to work on /home/airflow/.local/lib/python3.12/site-packages/airflow/example_dags/example_branch_datetime_operator.py
[2024-11-13T23:45:28.856+0000] {processor.py:914} INFO - Processing file /home/airflow/.local/lib/python3.12/site-packages/airflow/example_dags/example_branch_datetime_operator.py for tasks to queue
[2024-11-13T23:45:28.857+0000] {logging_mixin.py:190} INFO - [2024-11-13T23:45:28.857+0000] {dagbag.py:588} INFO - Filling up the DagBag from /home/airflow/.local/lib/python3.12/site-packages/airflow/example_dags/example_branch_datetime_operator.py
[2024-11-13T23:45:28.863+0000] {processor.py:925} INFO - DAG(s) 'example_branch_datetime_operator_3', 'example_branch_datetime_operator_2', 'example_branch_datetime_operator' retrieved from /home/airflow/.local/lib/python3.12/site-packages/airflow/example_dags/example_branch_datetime_operator.py
[2024-11-13T23:45:28.873+0000] {logging_mixin.py:190} INFO - [2024-11-13T23:45:28.873+0000] {dag.py:3239} INFO - Sync 3 DAGs
[2024-11-13T23:45:28.882+0000] {logging_mixin.py:190} INFO - [2024-11-13T23:45:28.882+0000] {dag.py:4180} INFO - Setting next_dagrun for example_branch_datetime_operator to 2024-11-12 00:00:00+00:00, run_after=2024-11-13 00:00:00+00:00
[2024-11-13T23:45:28.884+0000] {logging_mixin.py:190} INFO - [2024-11-13T23:45:28.884+0000] {dag.py:4180} INFO - Setting next_dagrun for example_branch_datetime_operator_2 to 2024-11-12 00:00:00+00:00, run_after=2024-11-13 00:00:00+00:00
[2024-11-13T23:45:28.885+0000] {logging_mixin.py:190} INFO - [2024-11-13T23:45:28.885+0000] {dag.py:4180} INFO - Setting next_dagrun for example_branch_datetime_operator_3 to 2024-11-12 00:00:00+00:00, run_after=2024-11-13 00:00:00+00:00
[2024-11-13T23:45:28.892+0000] {processor.py:208} INFO - Processing /home/airflow/.local/lib/python3.12/site-packages/airflow/example_dags/example_branch_datetime_operator.py took 0.038 seconds
[2024-11-13T23:46:00.004+0000] {processor.py:186} INFO - Started process (PID=767) to work on /home/airflow/.local/lib/python3.12/site-packages/airflow/example_dags/example_branch_datetime_operator.py
[2024-11-13T23:46:00.004+0000] {processor.py:914} INFO - Processing file /home/airflow/.local/lib/python3.12/site-packages/airflow/example_dags/example_branch_datetime_operator.py for tasks to queue
[2024-11-13T23:46:00.006+0000] {logging_mixin.py:190} INFO - [2024-11-13T23:46:00.006+0000] {dagbag.py:588} INFO - Filling up the DagBag from /home/airflow/.local/lib/python3.12/site-packages/airflow/example_dags/example_branch_datetime_operator.py
[2024-11-13T23:46:00.011+0000] {processor.py:925} INFO - DAG(s) 'example_branch_datetime_operator_2', 'example_branch_datetime_operator_3', 'example_branch_datetime_operator' retrieved from /home/airflow/.local/lib/python3.12/site-packages/airflow/example_dags/example_branch_datetime_operator.py
[2024-11-13T23:46:00.022+0000] {logging_mixin.py:190} INFO - [2024-11-13T23:46:00.022+0000] {dag.py:3239} INFO - Sync 3 DAGs
[2024-11-13T23:46:00.031+0000] {logging_mixin.py:190} INFO - [2024-11-13T23:46:00.031+0000] {dag.py:4180} INFO - Setting next_dagrun for example_branch_datetime_operator to 2024-11-12 00:00:00+00:00, run_after=2024-11-13 00:00:00+00:00
[2024-11-13T23:46:00.034+0000] {logging_mixin.py:190} INFO - [2024-11-13T23:46:00.034+0000] {dag.py:4180} INFO - Setting next_dagrun for example_branch_datetime_operator_2 to 2024-11-12 00:00:00+00:00, run_after=2024-11-13 00:00:00+00:00
[2024-11-13T23:46:00.035+0000] {logging_mixin.py:190} INFO - [2024-11-13T23:46:00.035+0000] {dag.py:4180} INFO - Setting next_dagrun for example_branch_datetime_operator_3 to 2024-11-12 00:00:00+00:00, run_after=2024-11-13 00:00:00+00:00
[2024-11-13T23:46:00.041+0000] {processor.py:208} INFO - Processing /home/airflow/.local/lib/python3.12/site-packages/airflow/example_dags/example_branch_datetime_operator.py took 0.040 seconds
[2024-11-13T23:46:31.286+0000] {processor.py:186} INFO - Started process (PID=830) to work on /home/airflow/.local/lib/python3.12/site-packages/airflow/example_dags/example_branch_datetime_operator.py
[2024-11-13T23:46:31.286+0000] {processor.py:914} INFO - Processing file /home/airflow/.local/lib/python3.12/site-packages/airflow/example_dags/example_branch_datetime_operator.py for tasks to queue
[2024-11-13T23:46:31.287+0000] {logging_mixin.py:190} INFO - [2024-11-13T23:46:31.287+0000] {dagbag.py:588} INFO - Filling up the DagBag from /home/airflow/.local/lib/python3.12/site-packages/airflow/example_dags/example_branch_datetime_operator.py
[2024-11-13T23:46:31.292+0000] {processor.py:925} INFO - DAG(s) 'example_branch_datetime_operator_3', 'example_branch_datetime_operator_2', 'example_branch_datetime_operator' retrieved from /home/airflow/.local/lib/python3.12/site-packages/airflow/example_dags/example_branch_datetime_operator.py
[2024-11-13T23:46:31.303+0000] {logging_mixin.py:190} INFO - [2024-11-13T23:46:31.303+0000] {dag.py:3239} INFO - Sync 3 DAGs
[2024-11-13T23:46:31.312+0000] {logging_mixin.py:190} INFO - [2024-11-13T23:46:31.312+0000] {dag.py:4180} INFO - Setting next_dagrun for example_branch_datetime_operator to 2024-11-12 00:00:00+00:00, run_after=2024-11-13 00:00:00+00:00
[2024-11-13T23:46:31.314+0000] {logging_mixin.py:190} INFO - [2024-11-13T23:46:31.314+0000] {dag.py:4180} INFO - Setting next_dagrun for example_branch_datetime_operator_2 to 2024-11-12 00:00:00+00:00, run_after=2024-11-13 00:00:00+00:00
[2024-11-13T23:46:31.315+0000] {logging_mixin.py:190} INFO - [2024-11-13T23:46:31.315+0000] {dag.py:4180} INFO - Setting next_dagrun for example_branch_datetime_operator_3 to 2024-11-12 00:00:00+00:00, run_after=2024-11-13 00:00:00+00:00
[2024-11-13T23:46:31.323+0000] {processor.py:208} INFO - Processing /home/airflow/.local/lib/python3.12/site-packages/airflow/example_dags/example_branch_datetime_operator.py took 0.039 seconds
[2024-11-13T23:47:02.612+0000] {processor.py:186} INFO - Started process (PID=893) to work on /home/airflow/.local/lib/python3.12/site-packages/airflow/example_dags/example_branch_datetime_operator.py
[2024-11-13T23:47:02.612+0000] {processor.py:914} INFO - Processing file /home/airflow/.local/lib/python3.12/site-packages/airflow/example_dags/example_branch_datetime_operator.py for tasks to queue
[2024-11-13T23:47:02.613+0000] {logging_mixin.py:190} INFO - [2024-11-13T23:47:02.613+0000] {dagbag.py:588} INFO - Filling up the DagBag from /home/airflow/.local/lib/python3.12/site-packages/airflow/example_dags/example_branch_datetime_operator.py
[2024-11-13T23:47:02.618+0000] {processor.py:925} INFO - DAG(s) 'example_branch_datetime_operator', 'example_branch_datetime_operator_2', 'example_branch_datetime_operator_3' retrieved from /home/airflow/.local/lib/python3.12/site-packages/airflow/example_dags/example_branch_datetime_operator.py
[2024-11-13T23:47:02.628+0000] {logging_mixin.py:190} INFO - [2024-11-13T23:47:02.628+0000] {dag.py:3239} INFO - Sync 3 DAGs
[2024-11-13T23:47:02.636+0000] {logging_mixin.py:190} INFO - [2024-11-13T23:47:02.636+0000] {dag.py:4180} INFO - Setting next_dagrun for example_branch_datetime_operator to 2024-11-12 00:00:00+00:00, run_after=2024-11-13 00:00:00+00:00
[2024-11-13T23:47:02.639+0000] {logging_mixin.py:190} INFO - [2024-11-13T23:47:02.639+0000] {dag.py:4180} INFO - Setting next_dagrun for example_branch_datetime_operator_2 to 2024-11-12 00:00:00+00:00, run_after=2024-11-13 00:00:00+00:00
[2024-11-13T23:47:02.640+0000] {logging_mixin.py:190} INFO - [2024-11-13T23:47:02.640+0000] {dag.py:4180} INFO - Setting next_dagrun for example_branch_datetime_operator_3 to 2024-11-12 00:00:00+00:00, run_after=2024-11-13 00:00:00+00:00
[2024-11-13T23:47:02.648+0000] {processor.py:208} INFO - Processing /home/airflow/.local/lib/python3.12/site-packages/airflow/example_dags/example_branch_datetime_operator.py took 0.039 seconds
[2024-11-13T23:47:33.885+0000] {processor.py:186} INFO - Started process (PID=956) to work on /home/airflow/.local/lib/python3.12/site-packages/airflow/example_dags/example_branch_datetime_operator.py
[2024-11-13T23:47:33.885+0000] {processor.py:914} INFO - Processing file /home/airflow/.local/lib/python3.12/site-packages/airflow/example_dags/example_branch_datetime_operator.py for tasks to queue
[2024-11-13T23:47:33.886+0000] {logging_mixin.py:190} INFO - [2024-11-13T23:47:33.886+0000] {dagbag.py:588} INFO - Filling up the DagBag from /home/airflow/.local/lib/python3.12/site-packages/airflow/example_dags/example_branch_datetime_operator.py
[2024-11-13T23:47:33.891+0000] {processor.py:925} INFO - DAG(s) 'example_branch_datetime_operator', 'example_branch_datetime_operator_3', 'example_branch_datetime_operator_2' retrieved from /home/airflow/.local/lib/python3.12/site-packages/airflow/example_dags/example_branch_datetime_operator.py
[2024-11-13T23:47:33.901+0000] {logging_mixin.py:190} INFO - [2024-11-13T23:47:33.901+0000] {dag.py:3239} INFO - Sync 3 DAGs
[2024-11-13T23:47:33.910+0000] {logging_mixin.py:190} INFO - [2024-11-13T23:47:33.910+0000] {dag.py:4180} INFO - Setting next_dagrun for example_branch_datetime_operator to 2024-11-12 00:00:00+00:00, run_after=2024-11-13 00:00:00+00:00
[2024-11-13T23:47:33.914+0000] {logging_mixin.py:190} INFO - [2024-11-13T23:47:33.913+0000] {dag.py:4180} INFO - Setting next_dagrun for example_branch_datetime_operator_2 to 2024-11-12 00:00:00+00:00, run_after=2024-11-13 00:00:00+00:00
[2024-11-13T23:47:33.915+0000] {logging_mixin.py:190} INFO - [2024-11-13T23:47:33.914+0000] {dag.py:4180} INFO - Setting next_dagrun for example_branch_datetime_operator_3 to 2024-11-12 00:00:00+00:00, run_after=2024-11-13 00:00:00+00:00
[2024-11-13T23:47:33.923+0000] {processor.py:208} INFO - Processing /home/airflow/.local/lib/python3.12/site-packages/airflow/example_dags/example_branch_datetime_operator.py took 0.040 seconds
