[2024-11-13T21:28:28.833+0000] {processor.py:186} INFO - Started process (PID=76) to work on /home/airflow/.local/lib/python3.12/site-packages/airflow/example_dags/example_kubernetes_executor.py
[2024-11-13T21:28:28.834+0000] {processor.py:914} INFO - Processing file /home/airflow/.local/lib/python3.12/site-packages/airflow/example_dags/example_kubernetes_executor.py for tasks to queue
[2024-11-13T21:28:28.834+0000] {logging_mixin.py:190} INFO - [2024-11-13T21:28:28.834+0000] {dagbag.py:588} INFO - Filling up the DagBag from /home/airflow/.local/lib/python3.12/site-packages/airflow/example_dags/example_kubernetes_executor.py
[2024-11-13T21:28:28.842+0000] {processor.py:925} INFO - DAG(s) 'example_kubernetes_executor' retrieved from /home/airflow/.local/lib/python3.12/site-packages/airflow/example_dags/example_kubernetes_executor.py
[2024-11-13T21:28:28.886+0000] {logging_mixin.py:190} INFO - [2024-11-13T21:28:28.886+0000] {override.py:1911} INFO - Created Permission View: can edit on DAG:example_kubernetes_executor
[2024-11-13T21:28:28.890+0000] {logging_mixin.py:190} INFO - [2024-11-13T21:28:28.890+0000] {override.py:1911} INFO - Created Permission View: can read on DAG:example_kubernetes_executor
[2024-11-13T21:28:28.891+0000] {logging_mixin.py:190} INFO - [2024-11-13T21:28:28.891+0000] {override.py:1911} INFO - Created Permission View: can delete on DAG:example_kubernetes_executor
[2024-11-13T21:28:28.893+0000] {logging_mixin.py:190} INFO - [2024-11-13T21:28:28.893+0000] {override.py:1911} INFO - Created Permission View: can delete on DAG Run:example_kubernetes_executor
[2024-11-13T21:28:28.895+0000] {logging_mixin.py:190} INFO - [2024-11-13T21:28:28.894+0000] {override.py:1911} INFO - Created Permission View: can read on DAG Run:example_kubernetes_executor
[2024-11-13T21:28:28.896+0000] {logging_mixin.py:190} INFO - [2024-11-13T21:28:28.896+0000] {override.py:1911} INFO - Created Permission View: menu access on DAG Run:example_kubernetes_executor
[2024-11-13T21:28:28.897+0000] {logging_mixin.py:190} INFO - [2024-11-13T21:28:28.897+0000] {override.py:1911} INFO - Created Permission View: can create on DAG Run:example_kubernetes_executor
[2024-11-13T21:28:28.898+0000] {logging_mixin.py:190} INFO - [2024-11-13T21:28:28.897+0000] {dag.py:3239} INFO - Sync 1 DAGs
[2024-11-13T21:28:28.904+0000] {logging_mixin.py:190} INFO - [2024-11-13T21:28:28.903+0000] {dag.py:3262} INFO - Creating ORM DAG for example_kubernetes_executor
[2024-11-13T21:28:28.904+0000] {logging_mixin.py:190} INFO - [2024-11-13T21:28:28.904+0000] {dag.py:4180} INFO - Setting next_dagrun for example_kubernetes_executor to None, run_after=None
[2024-11-13T21:28:28.911+0000] {processor.py:208} INFO - Processing /home/airflow/.local/lib/python3.12/site-packages/airflow/example_dags/example_kubernetes_executor.py took 0.081 seconds
[2024-11-13T21:28:59.701+0000] {processor.py:186} INFO - Started process (PID=138) to work on /home/airflow/.local/lib/python3.12/site-packages/airflow/example_dags/example_kubernetes_executor.py
[2024-11-13T21:28:59.701+0000] {processor.py:914} INFO - Processing file /home/airflow/.local/lib/python3.12/site-packages/airflow/example_dags/example_kubernetes_executor.py for tasks to queue
[2024-11-13T21:28:59.703+0000] {logging_mixin.py:190} INFO - [2024-11-13T21:28:59.702+0000] {dagbag.py:588} INFO - Filling up the DagBag from /home/airflow/.local/lib/python3.12/site-packages/airflow/example_dags/example_kubernetes_executor.py
[2024-11-13T21:28:59.711+0000] {processor.py:925} INFO - DAG(s) 'example_kubernetes_executor' retrieved from /home/airflow/.local/lib/python3.12/site-packages/airflow/example_dags/example_kubernetes_executor.py
[2024-11-13T21:28:59.728+0000] {logging_mixin.py:190} INFO - [2024-11-13T21:28:59.728+0000] {dag.py:3239} INFO - Sync 1 DAGs
[2024-11-13T21:28:59.734+0000] {logging_mixin.py:190} INFO - [2024-11-13T21:28:59.734+0000] {dag.py:4180} INFO - Setting next_dagrun for example_kubernetes_executor to None, run_after=None
[2024-11-13T21:28:59.746+0000] {processor.py:208} INFO - Processing /home/airflow/.local/lib/python3.12/site-packages/airflow/example_dags/example_kubernetes_executor.py took 0.049 seconds
[2024-11-13T21:29:30.099+0000] {processor.py:186} INFO - Started process (PID=201) to work on /home/airflow/.local/lib/python3.12/site-packages/airflow/example_dags/example_kubernetes_executor.py
[2024-11-13T21:29:30.100+0000] {processor.py:914} INFO - Processing file /home/airflow/.local/lib/python3.12/site-packages/airflow/example_dags/example_kubernetes_executor.py for tasks to queue
[2024-11-13T21:29:30.101+0000] {logging_mixin.py:190} INFO - [2024-11-13T21:29:30.101+0000] {dagbag.py:588} INFO - Filling up the DagBag from /home/airflow/.local/lib/python3.12/site-packages/airflow/example_dags/example_kubernetes_executor.py
[2024-11-13T21:29:30.107+0000] {processor.py:925} INFO - DAG(s) 'example_kubernetes_executor' retrieved from /home/airflow/.local/lib/python3.12/site-packages/airflow/example_dags/example_kubernetes_executor.py
[2024-11-13T21:29:30.122+0000] {logging_mixin.py:190} INFO - [2024-11-13T21:29:30.121+0000] {dag.py:3239} INFO - Sync 1 DAGs
[2024-11-13T21:29:30.127+0000] {logging_mixin.py:190} INFO - [2024-11-13T21:29:30.127+0000] {dag.py:4180} INFO - Setting next_dagrun for example_kubernetes_executor to None, run_after=None
[2024-11-13T21:29:30.134+0000] {processor.py:208} INFO - Processing /home/airflow/.local/lib/python3.12/site-packages/airflow/example_dags/example_kubernetes_executor.py took 0.037 seconds
[2024-11-13T21:30:00.208+0000] {processor.py:186} INFO - Started process (PID=262) to work on /home/airflow/.local/lib/python3.12/site-packages/airflow/example_dags/example_kubernetes_executor.py
[2024-11-13T21:30:00.208+0000] {processor.py:914} INFO - Processing file /home/airflow/.local/lib/python3.12/site-packages/airflow/example_dags/example_kubernetes_executor.py for tasks to queue
[2024-11-13T21:30:00.209+0000] {logging_mixin.py:190} INFO - [2024-11-13T21:30:00.209+0000] {dagbag.py:588} INFO - Filling up the DagBag from /home/airflow/.local/lib/python3.12/site-packages/airflow/example_dags/example_kubernetes_executor.py
[2024-11-13T21:30:00.215+0000] {processor.py:925} INFO - DAG(s) 'example_kubernetes_executor' retrieved from /home/airflow/.local/lib/python3.12/site-packages/airflow/example_dags/example_kubernetes_executor.py
[2024-11-13T21:30:00.233+0000] {logging_mixin.py:190} INFO - [2024-11-13T21:30:00.232+0000] {dag.py:3239} INFO - Sync 1 DAGs
[2024-11-13T21:30:00.243+0000] {logging_mixin.py:190} INFO - [2024-11-13T21:30:00.243+0000] {dag.py:4180} INFO - Setting next_dagrun for example_kubernetes_executor to None, run_after=None
[2024-11-13T21:30:00.252+0000] {processor.py:208} INFO - Processing /home/airflow/.local/lib/python3.12/site-packages/airflow/example_dags/example_kubernetes_executor.py took 0.047 seconds
[2024-11-13T21:30:30.316+0000] {processor.py:186} INFO - Started process (PID=324) to work on /home/airflow/.local/lib/python3.12/site-packages/airflow/example_dags/example_kubernetes_executor.py
[2024-11-13T21:30:30.317+0000] {processor.py:914} INFO - Processing file /home/airflow/.local/lib/python3.12/site-packages/airflow/example_dags/example_kubernetes_executor.py for tasks to queue
[2024-11-13T21:30:30.319+0000] {logging_mixin.py:190} INFO - [2024-11-13T21:30:30.318+0000] {dagbag.py:588} INFO - Filling up the DagBag from /home/airflow/.local/lib/python3.12/site-packages/airflow/example_dags/example_kubernetes_executor.py
[2024-11-13T21:30:30.325+0000] {processor.py:925} INFO - DAG(s) 'example_kubernetes_executor' retrieved from /home/airflow/.local/lib/python3.12/site-packages/airflow/example_dags/example_kubernetes_executor.py
[2024-11-13T21:30:30.341+0000] {logging_mixin.py:190} INFO - [2024-11-13T21:30:30.341+0000] {dag.py:3239} INFO - Sync 1 DAGs
[2024-11-13T21:30:30.349+0000] {logging_mixin.py:190} INFO - [2024-11-13T21:30:30.349+0000] {dag.py:4180} INFO - Setting next_dagrun for example_kubernetes_executor to None, run_after=None
[2024-11-13T21:30:30.356+0000] {processor.py:208} INFO - Processing /home/airflow/.local/lib/python3.12/site-packages/airflow/example_dags/example_kubernetes_executor.py took 0.044 seconds
[2024-11-13T21:35:02.836+0000] {processor.py:186} INFO - Started process (PID=78) to work on /home/airflow/.local/lib/python3.12/site-packages/airflow/example_dags/example_kubernetes_executor.py
[2024-11-13T21:35:02.836+0000] {processor.py:914} INFO - Processing file /home/airflow/.local/lib/python3.12/site-packages/airflow/example_dags/example_kubernetes_executor.py for tasks to queue
[2024-11-13T21:35:02.838+0000] {logging_mixin.py:190} INFO - [2024-11-13T21:35:02.838+0000] {dagbag.py:588} INFO - Filling up the DagBag from /home/airflow/.local/lib/python3.12/site-packages/airflow/example_dags/example_kubernetes_executor.py
[2024-11-13T21:35:02.847+0000] {processor.py:925} INFO - DAG(s) 'example_kubernetes_executor' retrieved from /home/airflow/.local/lib/python3.12/site-packages/airflow/example_dags/example_kubernetes_executor.py
[2024-11-13T21:35:02.897+0000] {logging_mixin.py:190} INFO - [2024-11-13T21:35:02.897+0000] {override.py:1911} INFO - Created Permission View: can edit on DAG:example_kubernetes_executor
[2024-11-13T21:35:02.901+0000] {logging_mixin.py:190} INFO - [2024-11-13T21:35:02.901+0000] {override.py:1911} INFO - Created Permission View: can delete on DAG:example_kubernetes_executor
[2024-11-13T21:35:02.904+0000] {logging_mixin.py:190} INFO - [2024-11-13T21:35:02.903+0000] {override.py:1911} INFO - Created Permission View: can read on DAG:example_kubernetes_executor
[2024-11-13T21:35:02.906+0000] {logging_mixin.py:190} INFO - [2024-11-13T21:35:02.906+0000] {override.py:1911} INFO - Created Permission View: can create on DAG Run:example_kubernetes_executor
[2024-11-13T21:35:02.909+0000] {logging_mixin.py:190} INFO - [2024-11-13T21:35:02.909+0000] {override.py:1911} INFO - Created Permission View: can delete on DAG Run:example_kubernetes_executor
[2024-11-13T21:35:02.911+0000] {logging_mixin.py:190} INFO - [2024-11-13T21:35:02.911+0000] {override.py:1911} INFO - Created Permission View: menu access on DAG Run:example_kubernetes_executor
[2024-11-13T21:35:02.915+0000] {logging_mixin.py:190} INFO - [2024-11-13T21:35:02.914+0000] {override.py:1911} INFO - Created Permission View: can read on DAG Run:example_kubernetes_executor
[2024-11-13T21:35:02.915+0000] {logging_mixin.py:190} INFO - [2024-11-13T21:35:02.915+0000] {dag.py:3239} INFO - Sync 1 DAGs
[2024-11-13T21:35:02.923+0000] {logging_mixin.py:190} INFO - [2024-11-13T21:35:02.923+0000] {dag.py:3262} INFO - Creating ORM DAG for example_kubernetes_executor
[2024-11-13T21:35:02.924+0000] {logging_mixin.py:190} INFO - [2024-11-13T21:35:02.924+0000] {dag.py:4180} INFO - Setting next_dagrun for example_kubernetes_executor to None, run_after=None
[2024-11-13T21:35:02.931+0000] {processor.py:208} INFO - Processing /home/airflow/.local/lib/python3.12/site-packages/airflow/example_dags/example_kubernetes_executor.py took 0.098 seconds
[2024-11-13T21:35:33.012+0000] {processor.py:186} INFO - Started process (PID=141) to work on /home/airflow/.local/lib/python3.12/site-packages/airflow/example_dags/example_kubernetes_executor.py
[2024-11-13T21:35:33.013+0000] {processor.py:914} INFO - Processing file /home/airflow/.local/lib/python3.12/site-packages/airflow/example_dags/example_kubernetes_executor.py for tasks to queue
[2024-11-13T21:35:33.013+0000] {logging_mixin.py:190} INFO - [2024-11-13T21:35:33.013+0000] {dagbag.py:588} INFO - Filling up the DagBag from /home/airflow/.local/lib/python3.12/site-packages/airflow/example_dags/example_kubernetes_executor.py
[2024-11-13T21:35:33.023+0000] {processor.py:925} INFO - DAG(s) 'example_kubernetes_executor' retrieved from /home/airflow/.local/lib/python3.12/site-packages/airflow/example_dags/example_kubernetes_executor.py
[2024-11-13T21:35:33.038+0000] {logging_mixin.py:190} INFO - [2024-11-13T21:35:33.038+0000] {dag.py:3239} INFO - Sync 1 DAGs
[2024-11-13T21:35:33.046+0000] {logging_mixin.py:190} INFO - [2024-11-13T21:35:33.045+0000] {dag.py:4180} INFO - Setting next_dagrun for example_kubernetes_executor to None, run_after=None
[2024-11-13T21:35:33.052+0000] {processor.py:208} INFO - Processing /home/airflow/.local/lib/python3.12/site-packages/airflow/example_dags/example_kubernetes_executor.py took 0.042 seconds
[2024-11-13T21:36:03.752+0000] {processor.py:186} INFO - Started process (PID=208) to work on /home/airflow/.local/lib/python3.12/site-packages/airflow/example_dags/example_kubernetes_executor.py
[2024-11-13T21:36:03.752+0000] {processor.py:914} INFO - Processing file /home/airflow/.local/lib/python3.12/site-packages/airflow/example_dags/example_kubernetes_executor.py for tasks to queue
[2024-11-13T21:36:03.754+0000] {logging_mixin.py:190} INFO - [2024-11-13T21:36:03.754+0000] {dagbag.py:588} INFO - Filling up the DagBag from /home/airflow/.local/lib/python3.12/site-packages/airflow/example_dags/example_kubernetes_executor.py
[2024-11-13T21:36:03.760+0000] {processor.py:925} INFO - DAG(s) 'example_kubernetes_executor' retrieved from /home/airflow/.local/lib/python3.12/site-packages/airflow/example_dags/example_kubernetes_executor.py
[2024-11-13T21:36:03.780+0000] {logging_mixin.py:190} INFO - [2024-11-13T21:36:03.779+0000] {dag.py:3239} INFO - Sync 1 DAGs
[2024-11-13T21:36:03.788+0000] {logging_mixin.py:190} INFO - [2024-11-13T21:36:03.788+0000] {dag.py:4180} INFO - Setting next_dagrun for example_kubernetes_executor to None, run_after=None
[2024-11-13T21:36:03.795+0000] {processor.py:208} INFO - Processing /home/airflow/.local/lib/python3.12/site-packages/airflow/example_dags/example_kubernetes_executor.py took 0.045 seconds
[2024-11-13T21:36:34.262+0000] {processor.py:186} INFO - Started process (PID=277) to work on /home/airflow/.local/lib/python3.12/site-packages/airflow/example_dags/example_kubernetes_executor.py
[2024-11-13T21:36:34.263+0000] {processor.py:914} INFO - Processing file /home/airflow/.local/lib/python3.12/site-packages/airflow/example_dags/example_kubernetes_executor.py for tasks to queue
[2024-11-13T21:36:34.265+0000] {logging_mixin.py:190} INFO - [2024-11-13T21:36:34.264+0000] {dagbag.py:588} INFO - Filling up the DagBag from /home/airflow/.local/lib/python3.12/site-packages/airflow/example_dags/example_kubernetes_executor.py
[2024-11-13T21:36:34.272+0000] {processor.py:925} INFO - DAG(s) 'example_kubernetes_executor' retrieved from /home/airflow/.local/lib/python3.12/site-packages/airflow/example_dags/example_kubernetes_executor.py
[2024-11-13T21:36:34.288+0000] {logging_mixin.py:190} INFO - [2024-11-13T21:36:34.288+0000] {dag.py:3239} INFO - Sync 1 DAGs
[2024-11-13T21:36:34.294+0000] {logging_mixin.py:190} INFO - [2024-11-13T21:36:34.294+0000] {dag.py:4180} INFO - Setting next_dagrun for example_kubernetes_executor to None, run_after=None
[2024-11-13T21:36:34.302+0000] {processor.py:208} INFO - Processing /home/airflow/.local/lib/python3.12/site-packages/airflow/example_dags/example_kubernetes_executor.py took 0.043 seconds
[2024-11-13T21:37:04.659+0000] {processor.py:186} INFO - Started process (PID=340) to work on /home/airflow/.local/lib/python3.12/site-packages/airflow/example_dags/example_kubernetes_executor.py
[2024-11-13T21:37:04.659+0000] {processor.py:914} INFO - Processing file /home/airflow/.local/lib/python3.12/site-packages/airflow/example_dags/example_kubernetes_executor.py for tasks to queue
[2024-11-13T21:37:04.660+0000] {logging_mixin.py:190} INFO - [2024-11-13T21:37:04.660+0000] {dagbag.py:588} INFO - Filling up the DagBag from /home/airflow/.local/lib/python3.12/site-packages/airflow/example_dags/example_kubernetes_executor.py
[2024-11-13T21:37:04.666+0000] {processor.py:925} INFO - DAG(s) 'example_kubernetes_executor' retrieved from /home/airflow/.local/lib/python3.12/site-packages/airflow/example_dags/example_kubernetes_executor.py
[2024-11-13T21:37:04.680+0000] {logging_mixin.py:190} INFO - [2024-11-13T21:37:04.680+0000] {dag.py:3239} INFO - Sync 1 DAGs
[2024-11-13T21:37:04.685+0000] {logging_mixin.py:190} INFO - [2024-11-13T21:37:04.685+0000] {dag.py:4180} INFO - Setting next_dagrun for example_kubernetes_executor to None, run_after=None
[2024-11-13T21:37:04.691+0000] {processor.py:208} INFO - Processing /home/airflow/.local/lib/python3.12/site-packages/airflow/example_dags/example_kubernetes_executor.py took 0.034 seconds
[2024-11-13T21:37:35.001+0000] {processor.py:186} INFO - Started process (PID=403) to work on /home/airflow/.local/lib/python3.12/site-packages/airflow/example_dags/example_kubernetes_executor.py
[2024-11-13T21:37:35.002+0000] {processor.py:914} INFO - Processing file /home/airflow/.local/lib/python3.12/site-packages/airflow/example_dags/example_kubernetes_executor.py for tasks to queue
[2024-11-13T21:37:35.003+0000] {logging_mixin.py:190} INFO - [2024-11-13T21:37:35.003+0000] {dagbag.py:588} INFO - Filling up the DagBag from /home/airflow/.local/lib/python3.12/site-packages/airflow/example_dags/example_kubernetes_executor.py
[2024-11-13T21:37:35.008+0000] {processor.py:925} INFO - DAG(s) 'example_kubernetes_executor' retrieved from /home/airflow/.local/lib/python3.12/site-packages/airflow/example_dags/example_kubernetes_executor.py
[2024-11-13T21:37:35.023+0000] {logging_mixin.py:190} INFO - [2024-11-13T21:37:35.023+0000] {dag.py:3239} INFO - Sync 1 DAGs
[2024-11-13T21:37:35.028+0000] {logging_mixin.py:190} INFO - [2024-11-13T21:37:35.028+0000] {dag.py:4180} INFO - Setting next_dagrun for example_kubernetes_executor to None, run_after=None
[2024-11-13T21:37:35.040+0000] {processor.py:208} INFO - Processing /home/airflow/.local/lib/python3.12/site-packages/airflow/example_dags/example_kubernetes_executor.py took 0.041 seconds
[2024-11-13T21:38:05.351+0000] {processor.py:186} INFO - Started process (PID=465) to work on /home/airflow/.local/lib/python3.12/site-packages/airflow/example_dags/example_kubernetes_executor.py
[2024-11-13T21:38:05.351+0000] {processor.py:914} INFO - Processing file /home/airflow/.local/lib/python3.12/site-packages/airflow/example_dags/example_kubernetes_executor.py for tasks to queue
[2024-11-13T21:38:05.352+0000] {logging_mixin.py:190} INFO - [2024-11-13T21:38:05.352+0000] {dagbag.py:588} INFO - Filling up the DagBag from /home/airflow/.local/lib/python3.12/site-packages/airflow/example_dags/example_kubernetes_executor.py
[2024-11-13T21:38:05.357+0000] {processor.py:925} INFO - DAG(s) 'example_kubernetes_executor' retrieved from /home/airflow/.local/lib/python3.12/site-packages/airflow/example_dags/example_kubernetes_executor.py
[2024-11-13T21:38:05.376+0000] {logging_mixin.py:190} INFO - [2024-11-13T21:38:05.376+0000] {dag.py:3239} INFO - Sync 1 DAGs
[2024-11-13T21:38:05.381+0000] {logging_mixin.py:190} INFO - [2024-11-13T21:38:05.381+0000] {dag.py:4180} INFO - Setting next_dagrun for example_kubernetes_executor to None, run_after=None
[2024-11-13T21:38:05.389+0000] {processor.py:208} INFO - Processing /home/airflow/.local/lib/python3.12/site-packages/airflow/example_dags/example_kubernetes_executor.py took 0.041 seconds
[2024-11-13T23:40:20.363+0000] {processor.py:186} INFO - Started process (PID=71) to work on /home/airflow/.local/lib/python3.12/site-packages/airflow/example_dags/example_kubernetes_executor.py
[2024-11-13T23:40:20.364+0000] {processor.py:914} INFO - Processing file /home/airflow/.local/lib/python3.12/site-packages/airflow/example_dags/example_kubernetes_executor.py for tasks to queue
[2024-11-13T23:40:20.365+0000] {logging_mixin.py:190} INFO - [2024-11-13T23:40:20.365+0000] {dagbag.py:588} INFO - Filling up the DagBag from /home/airflow/.local/lib/python3.12/site-packages/airflow/example_dags/example_kubernetes_executor.py
[2024-11-13T23:40:20.373+0000] {processor.py:925} INFO - DAG(s) 'example_kubernetes_executor' retrieved from /home/airflow/.local/lib/python3.12/site-packages/airflow/example_dags/example_kubernetes_executor.py
[2024-11-13T23:40:20.420+0000] {logging_mixin.py:190} INFO - [2024-11-13T23:40:20.419+0000] {override.py:1911} INFO - Created Permission View: can edit on DAG:example_kubernetes_executor
[2024-11-13T23:40:20.423+0000] {logging_mixin.py:190} INFO - [2024-11-13T23:40:20.423+0000] {override.py:1911} INFO - Created Permission View: can delete on DAG:example_kubernetes_executor
[2024-11-13T23:40:20.425+0000] {logging_mixin.py:190} INFO - [2024-11-13T23:40:20.425+0000] {override.py:1911} INFO - Created Permission View: can read on DAG:example_kubernetes_executor
[2024-11-13T23:40:20.427+0000] {logging_mixin.py:190} INFO - [2024-11-13T23:40:20.427+0000] {override.py:1911} INFO - Created Permission View: can delete on DAG Run:example_kubernetes_executor
[2024-11-13T23:40:20.430+0000] {logging_mixin.py:190} INFO - [2024-11-13T23:40:20.430+0000] {override.py:1911} INFO - Created Permission View: menu access on DAG Run:example_kubernetes_executor
[2024-11-13T23:40:20.434+0000] {logging_mixin.py:190} INFO - [2024-11-13T23:40:20.434+0000] {override.py:1911} INFO - Created Permission View: can read on DAG Run:example_kubernetes_executor
[2024-11-13T23:40:20.436+0000] {logging_mixin.py:190} INFO - [2024-11-13T23:40:20.436+0000] {override.py:1911} INFO - Created Permission View: can create on DAG Run:example_kubernetes_executor
[2024-11-13T23:40:20.436+0000] {logging_mixin.py:190} INFO - [2024-11-13T23:40:20.436+0000] {dag.py:3239} INFO - Sync 1 DAGs
[2024-11-13T23:40:20.443+0000] {logging_mixin.py:190} INFO - [2024-11-13T23:40:20.443+0000] {dag.py:3262} INFO - Creating ORM DAG for example_kubernetes_executor
[2024-11-13T23:40:20.443+0000] {logging_mixin.py:190} INFO - [2024-11-13T23:40:20.443+0000] {dag.py:4180} INFO - Setting next_dagrun for example_kubernetes_executor to None, run_after=None
[2024-11-13T23:40:20.450+0000] {processor.py:208} INFO - Processing /home/airflow/.local/lib/python3.12/site-packages/airflow/example_dags/example_kubernetes_executor.py took 0.090 seconds
[2024-11-13T23:40:51.051+0000] {processor.py:186} INFO - Started process (PID=134) to work on /home/airflow/.local/lib/python3.12/site-packages/airflow/example_dags/example_kubernetes_executor.py
[2024-11-13T23:40:51.051+0000] {processor.py:914} INFO - Processing file /home/airflow/.local/lib/python3.12/site-packages/airflow/example_dags/example_kubernetes_executor.py for tasks to queue
[2024-11-13T23:40:51.052+0000] {logging_mixin.py:190} INFO - [2024-11-13T23:40:51.052+0000] {dagbag.py:588} INFO - Filling up the DagBag from /home/airflow/.local/lib/python3.12/site-packages/airflow/example_dags/example_kubernetes_executor.py
[2024-11-13T23:40:51.058+0000] {processor.py:925} INFO - DAG(s) 'example_kubernetes_executor' retrieved from /home/airflow/.local/lib/python3.12/site-packages/airflow/example_dags/example_kubernetes_executor.py
[2024-11-13T23:40:51.072+0000] {logging_mixin.py:190} INFO - [2024-11-13T23:40:51.072+0000] {dag.py:3239} INFO - Sync 1 DAGs
[2024-11-13T23:40:51.077+0000] {logging_mixin.py:190} INFO - [2024-11-13T23:40:51.077+0000] {dag.py:4180} INFO - Setting next_dagrun for example_kubernetes_executor to None, run_after=None
[2024-11-13T23:40:51.084+0000] {processor.py:208} INFO - Processing /home/airflow/.local/lib/python3.12/site-packages/airflow/example_dags/example_kubernetes_executor.py took 0.035 seconds
[2024-11-13T23:41:21.426+0000] {processor.py:186} INFO - Started process (PID=202) to work on /home/airflow/.local/lib/python3.12/site-packages/airflow/example_dags/example_kubernetes_executor.py
[2024-11-13T23:41:21.428+0000] {processor.py:914} INFO - Processing file /home/airflow/.local/lib/python3.12/site-packages/airflow/example_dags/example_kubernetes_executor.py for tasks to queue
[2024-11-13T23:41:21.429+0000] {logging_mixin.py:190} INFO - [2024-11-13T23:41:21.429+0000] {dagbag.py:588} INFO - Filling up the DagBag from /home/airflow/.local/lib/python3.12/site-packages/airflow/example_dags/example_kubernetes_executor.py
[2024-11-13T23:41:21.436+0000] {processor.py:925} INFO - DAG(s) 'example_kubernetes_executor' retrieved from /home/airflow/.local/lib/python3.12/site-packages/airflow/example_dags/example_kubernetes_executor.py
[2024-11-13T23:41:21.450+0000] {logging_mixin.py:190} INFO - [2024-11-13T23:41:21.450+0000] {dag.py:3239} INFO - Sync 1 DAGs
[2024-11-13T23:41:21.456+0000] {logging_mixin.py:190} INFO - [2024-11-13T23:41:21.455+0000] {dag.py:4180} INFO - Setting next_dagrun for example_kubernetes_executor to None, run_after=None
[2024-11-13T23:41:21.462+0000] {processor.py:208} INFO - Processing /home/airflow/.local/lib/python3.12/site-packages/airflow/example_dags/example_kubernetes_executor.py took 0.038 seconds
[2024-11-13T23:41:51.882+0000] {processor.py:186} INFO - Started process (PID=265) to work on /home/airflow/.local/lib/python3.12/site-packages/airflow/example_dags/example_kubernetes_executor.py
[2024-11-13T23:41:51.883+0000] {processor.py:914} INFO - Processing file /home/airflow/.local/lib/python3.12/site-packages/airflow/example_dags/example_kubernetes_executor.py for tasks to queue
[2024-11-13T23:41:51.884+0000] {logging_mixin.py:190} INFO - [2024-11-13T23:41:51.884+0000] {dagbag.py:588} INFO - Filling up the DagBag from /home/airflow/.local/lib/python3.12/site-packages/airflow/example_dags/example_kubernetes_executor.py
[2024-11-13T23:41:51.890+0000] {processor.py:925} INFO - DAG(s) 'example_kubernetes_executor' retrieved from /home/airflow/.local/lib/python3.12/site-packages/airflow/example_dags/example_kubernetes_executor.py
[2024-11-13T23:41:51.904+0000] {logging_mixin.py:190} INFO - [2024-11-13T23:41:51.904+0000] {dag.py:3239} INFO - Sync 1 DAGs
[2024-11-13T23:41:51.909+0000] {logging_mixin.py:190} INFO - [2024-11-13T23:41:51.909+0000] {dag.py:4180} INFO - Setting next_dagrun for example_kubernetes_executor to None, run_after=None
[2024-11-13T23:41:51.914+0000] {processor.py:208} INFO - Processing /home/airflow/.local/lib/python3.12/site-packages/airflow/example_dags/example_kubernetes_executor.py took 0.034 seconds
[2024-11-13T23:42:22.339+0000] {processor.py:186} INFO - Started process (PID=328) to work on /home/airflow/.local/lib/python3.12/site-packages/airflow/example_dags/example_kubernetes_executor.py
[2024-11-13T23:42:22.339+0000] {processor.py:914} INFO - Processing file /home/airflow/.local/lib/python3.12/site-packages/airflow/example_dags/example_kubernetes_executor.py for tasks to queue
[2024-11-13T23:42:22.340+0000] {logging_mixin.py:190} INFO - [2024-11-13T23:42:22.340+0000] {dagbag.py:588} INFO - Filling up the DagBag from /home/airflow/.local/lib/python3.12/site-packages/airflow/example_dags/example_kubernetes_executor.py
[2024-11-13T23:42:22.346+0000] {processor.py:925} INFO - DAG(s) 'example_kubernetes_executor' retrieved from /home/airflow/.local/lib/python3.12/site-packages/airflow/example_dags/example_kubernetes_executor.py
[2024-11-13T23:42:22.360+0000] {logging_mixin.py:190} INFO - [2024-11-13T23:42:22.360+0000] {dag.py:3239} INFO - Sync 1 DAGs
[2024-11-13T23:42:22.366+0000] {logging_mixin.py:190} INFO - [2024-11-13T23:42:22.366+0000] {dag.py:4180} INFO - Setting next_dagrun for example_kubernetes_executor to None, run_after=None
[2024-11-13T23:42:22.374+0000] {processor.py:208} INFO - Processing /home/airflow/.local/lib/python3.12/site-packages/airflow/example_dags/example_kubernetes_executor.py took 0.038 seconds
[2024-11-13T23:42:52.520+0000] {processor.py:186} INFO - Started process (PID=390) to work on /home/airflow/.local/lib/python3.12/site-packages/airflow/example_dags/example_kubernetes_executor.py
[2024-11-13T23:42:52.520+0000] {processor.py:914} INFO - Processing file /home/airflow/.local/lib/python3.12/site-packages/airflow/example_dags/example_kubernetes_executor.py for tasks to queue
[2024-11-13T23:42:52.521+0000] {logging_mixin.py:190} INFO - [2024-11-13T23:42:52.521+0000] {dagbag.py:588} INFO - Filling up the DagBag from /home/airflow/.local/lib/python3.12/site-packages/airflow/example_dags/example_kubernetes_executor.py
[2024-11-13T23:42:52.527+0000] {processor.py:925} INFO - DAG(s) 'example_kubernetes_executor' retrieved from /home/airflow/.local/lib/python3.12/site-packages/airflow/example_dags/example_kubernetes_executor.py
[2024-11-13T23:42:52.544+0000] {logging_mixin.py:190} INFO - [2024-11-13T23:42:52.544+0000] {dag.py:3239} INFO - Sync 1 DAGs
[2024-11-13T23:42:52.550+0000] {logging_mixin.py:190} INFO - [2024-11-13T23:42:52.550+0000] {dag.py:4180} INFO - Setting next_dagrun for example_kubernetes_executor to None, run_after=None
[2024-11-13T23:42:52.558+0000] {processor.py:208} INFO - Processing /home/airflow/.local/lib/python3.12/site-packages/airflow/example_dags/example_kubernetes_executor.py took 0.041 seconds
[2024-11-13T23:43:23.873+0000] {processor.py:186} INFO - Started process (PID=453) to work on /home/airflow/.local/lib/python3.12/site-packages/airflow/example_dags/example_kubernetes_executor.py
[2024-11-13T23:43:23.875+0000] {processor.py:914} INFO - Processing file /home/airflow/.local/lib/python3.12/site-packages/airflow/example_dags/example_kubernetes_executor.py for tasks to queue
[2024-11-13T23:43:23.876+0000] {logging_mixin.py:190} INFO - [2024-11-13T23:43:23.876+0000] {dagbag.py:588} INFO - Filling up the DagBag from /home/airflow/.local/lib/python3.12/site-packages/airflow/example_dags/example_kubernetes_executor.py
[2024-11-13T23:43:23.881+0000] {processor.py:925} INFO - DAG(s) 'example_kubernetes_executor' retrieved from /home/airflow/.local/lib/python3.12/site-packages/airflow/example_dags/example_kubernetes_executor.py
[2024-11-13T23:43:23.894+0000] {logging_mixin.py:190} INFO - [2024-11-13T23:43:23.894+0000] {dag.py:3239} INFO - Sync 1 DAGs
[2024-11-13T23:43:23.899+0000] {logging_mixin.py:190} INFO - [2024-11-13T23:43:23.899+0000] {dag.py:4180} INFO - Setting next_dagrun for example_kubernetes_executor to None, run_after=None
[2024-11-13T23:43:23.908+0000] {processor.py:208} INFO - Processing /home/airflow/.local/lib/python3.12/site-packages/airflow/example_dags/example_kubernetes_executor.py took 0.037 seconds
[2024-11-13T23:43:55.085+0000] {processor.py:186} INFO - Started process (PID=516) to work on /home/airflow/.local/lib/python3.12/site-packages/airflow/example_dags/example_kubernetes_executor.py
[2024-11-13T23:43:55.085+0000] {processor.py:914} INFO - Processing file /home/airflow/.local/lib/python3.12/site-packages/airflow/example_dags/example_kubernetes_executor.py for tasks to queue
[2024-11-13T23:43:55.086+0000] {logging_mixin.py:190} INFO - [2024-11-13T23:43:55.086+0000] {dagbag.py:588} INFO - Filling up the DagBag from /home/airflow/.local/lib/python3.12/site-packages/airflow/example_dags/example_kubernetes_executor.py
[2024-11-13T23:43:55.092+0000] {processor.py:925} INFO - DAG(s) 'example_kubernetes_executor' retrieved from /home/airflow/.local/lib/python3.12/site-packages/airflow/example_dags/example_kubernetes_executor.py
[2024-11-13T23:43:55.106+0000] {logging_mixin.py:190} INFO - [2024-11-13T23:43:55.106+0000] {dag.py:3239} INFO - Sync 1 DAGs
[2024-11-13T23:43:55.113+0000] {logging_mixin.py:190} INFO - [2024-11-13T23:43:55.113+0000] {dag.py:4180} INFO - Setting next_dagrun for example_kubernetes_executor to None, run_after=None
[2024-11-13T23:43:55.120+0000] {processor.py:208} INFO - Processing /home/airflow/.local/lib/python3.12/site-packages/airflow/example_dags/example_kubernetes_executor.py took 0.037 seconds
[2024-11-13T23:44:26.396+0000] {processor.py:186} INFO - Started process (PID=579) to work on /home/airflow/.local/lib/python3.12/site-packages/airflow/example_dags/example_kubernetes_executor.py
[2024-11-13T23:44:26.399+0000] {processor.py:914} INFO - Processing file /home/airflow/.local/lib/python3.12/site-packages/airflow/example_dags/example_kubernetes_executor.py for tasks to queue
[2024-11-13T23:44:26.400+0000] {logging_mixin.py:190} INFO - [2024-11-13T23:44:26.400+0000] {dagbag.py:588} INFO - Filling up the DagBag from /home/airflow/.local/lib/python3.12/site-packages/airflow/example_dags/example_kubernetes_executor.py
[2024-11-13T23:44:26.406+0000] {processor.py:925} INFO - DAG(s) 'example_kubernetes_executor' retrieved from /home/airflow/.local/lib/python3.12/site-packages/airflow/example_dags/example_kubernetes_executor.py
[2024-11-13T23:44:26.422+0000] {logging_mixin.py:190} INFO - [2024-11-13T23:44:26.422+0000] {dag.py:3239} INFO - Sync 1 DAGs
[2024-11-13T23:44:26.427+0000] {logging_mixin.py:190} INFO - [2024-11-13T23:44:26.427+0000] {dag.py:4180} INFO - Setting next_dagrun for example_kubernetes_executor to None, run_after=None
[2024-11-13T23:44:26.437+0000] {processor.py:208} INFO - Processing /home/airflow/.local/lib/python3.12/site-packages/airflow/example_dags/example_kubernetes_executor.py took 0.044 seconds
[2024-11-13T23:44:57.672+0000] {processor.py:186} INFO - Started process (PID=642) to work on /home/airflow/.local/lib/python3.12/site-packages/airflow/example_dags/example_kubernetes_executor.py
[2024-11-13T23:44:57.675+0000] {processor.py:914} INFO - Processing file /home/airflow/.local/lib/python3.12/site-packages/airflow/example_dags/example_kubernetes_executor.py for tasks to queue
[2024-11-13T23:44:57.676+0000] {logging_mixin.py:190} INFO - [2024-11-13T23:44:57.676+0000] {dagbag.py:588} INFO - Filling up the DagBag from /home/airflow/.local/lib/python3.12/site-packages/airflow/example_dags/example_kubernetes_executor.py
[2024-11-13T23:44:57.683+0000] {processor.py:925} INFO - DAG(s) 'example_kubernetes_executor' retrieved from /home/airflow/.local/lib/python3.12/site-packages/airflow/example_dags/example_kubernetes_executor.py
[2024-11-13T23:44:57.696+0000] {logging_mixin.py:190} INFO - [2024-11-13T23:44:57.696+0000] {dag.py:3239} INFO - Sync 1 DAGs
[2024-11-13T23:44:57.701+0000] {logging_mixin.py:190} INFO - [2024-11-13T23:44:57.701+0000] {dag.py:4180} INFO - Setting next_dagrun for example_kubernetes_executor to None, run_after=None
[2024-11-13T23:44:57.707+0000] {processor.py:208} INFO - Processing /home/airflow/.local/lib/python3.12/site-packages/airflow/example_dags/example_kubernetes_executor.py took 0.038 seconds
[2024-11-13T23:45:28.896+0000] {processor.py:186} INFO - Started process (PID=705) to work on /home/airflow/.local/lib/python3.12/site-packages/airflow/example_dags/example_kubernetes_executor.py
[2024-11-13T23:45:28.897+0000] {processor.py:914} INFO - Processing file /home/airflow/.local/lib/python3.12/site-packages/airflow/example_dags/example_kubernetes_executor.py for tasks to queue
[2024-11-13T23:45:28.898+0000] {logging_mixin.py:190} INFO - [2024-11-13T23:45:28.898+0000] {dagbag.py:588} INFO - Filling up the DagBag from /home/airflow/.local/lib/python3.12/site-packages/airflow/example_dags/example_kubernetes_executor.py
[2024-11-13T23:45:28.904+0000] {processor.py:925} INFO - DAG(s) 'example_kubernetes_executor' retrieved from /home/airflow/.local/lib/python3.12/site-packages/airflow/example_dags/example_kubernetes_executor.py
[2024-11-13T23:45:28.918+0000] {logging_mixin.py:190} INFO - [2024-11-13T23:45:28.918+0000] {dag.py:3239} INFO - Sync 1 DAGs
[2024-11-13T23:45:28.923+0000] {logging_mixin.py:190} INFO - [2024-11-13T23:45:28.923+0000] {dag.py:4180} INFO - Setting next_dagrun for example_kubernetes_executor to None, run_after=None
[2024-11-13T23:45:28.930+0000] {processor.py:208} INFO - Processing /home/airflow/.local/lib/python3.12/site-packages/airflow/example_dags/example_kubernetes_executor.py took 0.036 seconds
[2024-11-13T23:46:00.047+0000] {processor.py:186} INFO - Started process (PID=768) to work on /home/airflow/.local/lib/python3.12/site-packages/airflow/example_dags/example_kubernetes_executor.py
[2024-11-13T23:46:00.047+0000] {processor.py:914} INFO - Processing file /home/airflow/.local/lib/python3.12/site-packages/airflow/example_dags/example_kubernetes_executor.py for tasks to queue
[2024-11-13T23:46:00.048+0000] {logging_mixin.py:190} INFO - [2024-11-13T23:46:00.048+0000] {dagbag.py:588} INFO - Filling up the DagBag from /home/airflow/.local/lib/python3.12/site-packages/airflow/example_dags/example_kubernetes_executor.py
[2024-11-13T23:46:00.054+0000] {processor.py:925} INFO - DAG(s) 'example_kubernetes_executor' retrieved from /home/airflow/.local/lib/python3.12/site-packages/airflow/example_dags/example_kubernetes_executor.py
[2024-11-13T23:46:00.070+0000] {logging_mixin.py:190} INFO - [2024-11-13T23:46:00.070+0000] {dag.py:3239} INFO - Sync 1 DAGs
[2024-11-13T23:46:00.078+0000] {logging_mixin.py:190} INFO - [2024-11-13T23:46:00.078+0000] {dag.py:4180} INFO - Setting next_dagrun for example_kubernetes_executor to None, run_after=None
[2024-11-13T23:46:00.085+0000] {processor.py:208} INFO - Processing /home/airflow/.local/lib/python3.12/site-packages/airflow/example_dags/example_kubernetes_executor.py took 0.041 seconds
[2024-11-13T23:46:31.334+0000] {processor.py:186} INFO - Started process (PID=831) to work on /home/airflow/.local/lib/python3.12/site-packages/airflow/example_dags/example_kubernetes_executor.py
[2024-11-13T23:46:31.335+0000] {processor.py:914} INFO - Processing file /home/airflow/.local/lib/python3.12/site-packages/airflow/example_dags/example_kubernetes_executor.py for tasks to queue
[2024-11-13T23:46:31.336+0000] {logging_mixin.py:190} INFO - [2024-11-13T23:46:31.336+0000] {dagbag.py:588} INFO - Filling up the DagBag from /home/airflow/.local/lib/python3.12/site-packages/airflow/example_dags/example_kubernetes_executor.py
[2024-11-13T23:46:31.342+0000] {processor.py:925} INFO - DAG(s) 'example_kubernetes_executor' retrieved from /home/airflow/.local/lib/python3.12/site-packages/airflow/example_dags/example_kubernetes_executor.py
[2024-11-13T23:46:31.354+0000] {logging_mixin.py:190} INFO - [2024-11-13T23:46:31.354+0000] {dag.py:3239} INFO - Sync 1 DAGs
[2024-11-13T23:46:31.360+0000] {logging_mixin.py:190} INFO - [2024-11-13T23:46:31.360+0000] {dag.py:4180} INFO - Setting next_dagrun for example_kubernetes_executor to None, run_after=None
[2024-11-13T23:46:31.367+0000] {processor.py:208} INFO - Processing /home/airflow/.local/lib/python3.12/site-packages/airflow/example_dags/example_kubernetes_executor.py took 0.035 seconds
[2024-11-13T23:47:02.660+0000] {processor.py:186} INFO - Started process (PID=894) to work on /home/airflow/.local/lib/python3.12/site-packages/airflow/example_dags/example_kubernetes_executor.py
[2024-11-13T23:47:02.660+0000] {processor.py:914} INFO - Processing file /home/airflow/.local/lib/python3.12/site-packages/airflow/example_dags/example_kubernetes_executor.py for tasks to queue
[2024-11-13T23:47:02.661+0000] {logging_mixin.py:190} INFO - [2024-11-13T23:47:02.661+0000] {dagbag.py:588} INFO - Filling up the DagBag from /home/airflow/.local/lib/python3.12/site-packages/airflow/example_dags/example_kubernetes_executor.py
[2024-11-13T23:47:02.666+0000] {processor.py:925} INFO - DAG(s) 'example_kubernetes_executor' retrieved from /home/airflow/.local/lib/python3.12/site-packages/airflow/example_dags/example_kubernetes_executor.py
[2024-11-13T23:47:02.679+0000] {logging_mixin.py:190} INFO - [2024-11-13T23:47:02.679+0000] {dag.py:3239} INFO - Sync 1 DAGs
[2024-11-13T23:47:02.684+0000] {logging_mixin.py:190} INFO - [2024-11-13T23:47:02.684+0000] {dag.py:4180} INFO - Setting next_dagrun for example_kubernetes_executor to None, run_after=None
[2024-11-13T23:47:02.690+0000] {processor.py:208} INFO - Processing /home/airflow/.local/lib/python3.12/site-packages/airflow/example_dags/example_kubernetes_executor.py took 0.032 seconds
[2024-11-13T23:47:33.935+0000] {processor.py:186} INFO - Started process (PID=957) to work on /home/airflow/.local/lib/python3.12/site-packages/airflow/example_dags/example_kubernetes_executor.py
[2024-11-13T23:47:33.935+0000] {processor.py:914} INFO - Processing file /home/airflow/.local/lib/python3.12/site-packages/airflow/example_dags/example_kubernetes_executor.py for tasks to queue
[2024-11-13T23:47:33.937+0000] {logging_mixin.py:190} INFO - [2024-11-13T23:47:33.936+0000] {dagbag.py:588} INFO - Filling up the DagBag from /home/airflow/.local/lib/python3.12/site-packages/airflow/example_dags/example_kubernetes_executor.py
[2024-11-13T23:47:33.943+0000] {processor.py:925} INFO - DAG(s) 'example_kubernetes_executor' retrieved from /home/airflow/.local/lib/python3.12/site-packages/airflow/example_dags/example_kubernetes_executor.py
[2024-11-13T23:47:33.957+0000] {logging_mixin.py:190} INFO - [2024-11-13T23:47:33.957+0000] {dag.py:3239} INFO - Sync 1 DAGs
[2024-11-13T23:47:33.962+0000] {logging_mixin.py:190} INFO - [2024-11-13T23:47:33.962+0000] {dag.py:4180} INFO - Setting next_dagrun for example_kubernetes_executor to None, run_after=None
[2024-11-13T23:47:33.968+0000] {processor.py:208} INFO - Processing /home/airflow/.local/lib/python3.12/site-packages/airflow/example_dags/example_kubernetes_executor.py took 0.036 seconds
