[2024-11-13T21:28:27.632+0000] {processor.py:186} INFO - Started process (PID=59) to work on /home/airflow/.local/lib/python3.12/site-packages/airflow/example_dags/example_external_task_marker_dag.py
[2024-11-13T21:28:27.632+0000] {processor.py:914} INFO - Processing file /home/airflow/.local/lib/python3.12/site-packages/airflow/example_dags/example_external_task_marker_dag.py for tasks to queue
[2024-11-13T21:28:27.633+0000] {logging_mixin.py:190} INFO - [2024-11-13T21:28:27.633+0000] {dagbag.py:588} INFO - Filling up the DagBag from /home/airflow/.local/lib/python3.12/site-packages/airflow/example_dags/example_external_task_marker_dag.py
[2024-11-13T21:28:27.638+0000] {processor.py:925} INFO - DAG(s) 'example_external_task_marker_parent', 'example_external_task_marker_child' retrieved from /home/airflow/.local/lib/python3.12/site-packages/airflow/example_dags/example_external_task_marker_dag.py
[2024-11-13T21:28:27.683+0000] {logging_mixin.py:190} INFO - [2024-11-13T21:28:27.683+0000] {override.py:1911} INFO - Created Permission View: can edit on DAG:example_external_task_marker_parent
[2024-11-13T21:28:27.688+0000] {logging_mixin.py:190} INFO - [2024-11-13T21:28:27.688+0000] {override.py:1911} INFO - Created Permission View: can read on DAG:example_external_task_marker_parent
[2024-11-13T21:28:27.691+0000] {logging_mixin.py:190} INFO - [2024-11-13T21:28:27.691+0000] {override.py:1911} INFO - Created Permission View: can delete on DAG:example_external_task_marker_parent
[2024-11-13T21:28:27.693+0000] {logging_mixin.py:190} INFO - [2024-11-13T21:28:27.693+0000] {override.py:1911} INFO - Created Permission View: can delete on DAG Run:example_external_task_marker_parent
[2024-11-13T21:28:27.696+0000] {logging_mixin.py:190} INFO - [2024-11-13T21:28:27.696+0000] {override.py:1911} INFO - Created Permission View: can read on DAG Run:example_external_task_marker_parent
[2024-11-13T21:28:27.698+0000] {logging_mixin.py:190} INFO - [2024-11-13T21:28:27.698+0000] {override.py:1911} INFO - Created Permission View: menu access on DAG Run:example_external_task_marker_parent
[2024-11-13T21:28:27.699+0000] {logging_mixin.py:190} INFO - [2024-11-13T21:28:27.699+0000] {override.py:1911} INFO - Created Permission View: can create on DAG Run:example_external_task_marker_parent
[2024-11-13T21:28:27.703+0000] {logging_mixin.py:190} INFO - [2024-11-13T21:28:27.703+0000] {override.py:1911} INFO - Created Permission View: can edit on DAG:example_external_task_marker_child
[2024-11-13T21:28:27.705+0000] {logging_mixin.py:190} INFO - [2024-11-13T21:28:27.705+0000] {override.py:1911} INFO - Created Permission View: can read on DAG:example_external_task_marker_child
[2024-11-13T21:28:27.707+0000] {logging_mixin.py:190} INFO - [2024-11-13T21:28:27.707+0000] {override.py:1911} INFO - Created Permission View: can delete on DAG:example_external_task_marker_child
[2024-11-13T21:28:27.708+0000] {logging_mixin.py:190} INFO - [2024-11-13T21:28:27.708+0000] {override.py:1911} INFO - Created Permission View: can delete on DAG Run:example_external_task_marker_child
[2024-11-13T21:28:27.710+0000] {logging_mixin.py:190} INFO - [2024-11-13T21:28:27.710+0000] {override.py:1911} INFO - Created Permission View: can read on DAG Run:example_external_task_marker_child
[2024-11-13T21:28:27.711+0000] {logging_mixin.py:190} INFO - [2024-11-13T21:28:27.711+0000] {override.py:1911} INFO - Created Permission View: menu access on DAG Run:example_external_task_marker_child
[2024-11-13T21:28:27.713+0000] {logging_mixin.py:190} INFO - [2024-11-13T21:28:27.713+0000] {override.py:1911} INFO - Created Permission View: can create on DAG Run:example_external_task_marker_child
[2024-11-13T21:28:27.713+0000] {logging_mixin.py:190} INFO - [2024-11-13T21:28:27.713+0000] {dag.py:3239} INFO - Sync 2 DAGs
[2024-11-13T21:28:27.718+0000] {logging_mixin.py:190} INFO - [2024-11-13T21:28:27.718+0000] {dag.py:3262} INFO - Creating ORM DAG for example_external_task_marker_child
[2024-11-13T21:28:27.718+0000] {logging_mixin.py:190} INFO - [2024-11-13T21:28:27.718+0000] {dag.py:3262} INFO - Creating ORM DAG for example_external_task_marker_parent
[2024-11-13T21:28:27.718+0000] {logging_mixin.py:190} INFO - [2024-11-13T21:28:27.718+0000] {dag.py:4180} INFO - Setting next_dagrun for example_external_task_marker_child to None, run_after=None
[2024-11-13T21:28:27.719+0000] {logging_mixin.py:190} INFO - [2024-11-13T21:28:27.719+0000] {dag.py:4180} INFO - Setting next_dagrun for example_external_task_marker_parent to None, run_after=None
[2024-11-13T21:28:27.724+0000] {processor.py:208} INFO - Processing /home/airflow/.local/lib/python3.12/site-packages/airflow/example_dags/example_external_task_marker_dag.py took 0.095 seconds
[2024-11-13T21:28:58.004+0000] {processor.py:186} INFO - Started process (PID=121) to work on /home/airflow/.local/lib/python3.12/site-packages/airflow/example_dags/example_external_task_marker_dag.py
[2024-11-13T21:28:58.005+0000] {processor.py:914} INFO - Processing file /home/airflow/.local/lib/python3.12/site-packages/airflow/example_dags/example_external_task_marker_dag.py for tasks to queue
[2024-11-13T21:28:58.006+0000] {logging_mixin.py:190} INFO - [2024-11-13T21:28:58.006+0000] {dagbag.py:588} INFO - Filling up the DagBag from /home/airflow/.local/lib/python3.12/site-packages/airflow/example_dags/example_external_task_marker_dag.py
[2024-11-13T21:28:58.011+0000] {processor.py:925} INFO - DAG(s) 'example_external_task_marker_parent', 'example_external_task_marker_child' retrieved from /home/airflow/.local/lib/python3.12/site-packages/airflow/example_dags/example_external_task_marker_dag.py
[2024-11-13T21:28:58.020+0000] {logging_mixin.py:190} INFO - [2024-11-13T21:28:58.020+0000] {dag.py:3239} INFO - Sync 2 DAGs
[2024-11-13T21:28:58.027+0000] {logging_mixin.py:190} INFO - [2024-11-13T21:28:58.027+0000] {dag.py:4180} INFO - Setting next_dagrun for example_external_task_marker_child to None, run_after=None
[2024-11-13T21:28:58.031+0000] {logging_mixin.py:190} INFO - [2024-11-13T21:28:58.031+0000] {dag.py:4180} INFO - Setting next_dagrun for example_external_task_marker_parent to None, run_after=None
[2024-11-13T21:28:58.036+0000] {processor.py:208} INFO - Processing /home/airflow/.local/lib/python3.12/site-packages/airflow/example_dags/example_external_task_marker_dag.py took 0.034 seconds
[2024-11-13T21:29:28.528+0000] {processor.py:186} INFO - Started process (PID=184) to work on /home/airflow/.local/lib/python3.12/site-packages/airflow/example_dags/example_external_task_marker_dag.py
[2024-11-13T21:29:28.528+0000] {processor.py:914} INFO - Processing file /home/airflow/.local/lib/python3.12/site-packages/airflow/example_dags/example_external_task_marker_dag.py for tasks to queue
[2024-11-13T21:29:28.529+0000] {logging_mixin.py:190} INFO - [2024-11-13T21:29:28.529+0000] {dagbag.py:588} INFO - Filling up the DagBag from /home/airflow/.local/lib/python3.12/site-packages/airflow/example_dags/example_external_task_marker_dag.py
[2024-11-13T21:29:28.532+0000] {processor.py:925} INFO - DAG(s) 'example_external_task_marker_child', 'example_external_task_marker_parent' retrieved from /home/airflow/.local/lib/python3.12/site-packages/airflow/example_dags/example_external_task_marker_dag.py
[2024-11-13T21:29:28.541+0000] {logging_mixin.py:190} INFO - [2024-11-13T21:29:28.541+0000] {dag.py:3239} INFO - Sync 2 DAGs
[2024-11-13T21:29:28.546+0000] {logging_mixin.py:190} INFO - [2024-11-13T21:29:28.546+0000] {dag.py:4180} INFO - Setting next_dagrun for example_external_task_marker_child to None, run_after=None
[2024-11-13T21:29:28.547+0000] {logging_mixin.py:190} INFO - [2024-11-13T21:29:28.547+0000] {dag.py:4180} INFO - Setting next_dagrun for example_external_task_marker_parent to None, run_after=None
[2024-11-13T21:29:28.553+0000] {processor.py:208} INFO - Processing /home/airflow/.local/lib/python3.12/site-packages/airflow/example_dags/example_external_task_marker_dag.py took 0.027 seconds
[2024-11-13T21:29:58.685+0000] {processor.py:186} INFO - Started process (PID=246) to work on /home/airflow/.local/lib/python3.12/site-packages/airflow/example_dags/example_external_task_marker_dag.py
[2024-11-13T21:29:58.685+0000] {processor.py:914} INFO - Processing file /home/airflow/.local/lib/python3.12/site-packages/airflow/example_dags/example_external_task_marker_dag.py for tasks to queue
[2024-11-13T21:29:58.686+0000] {logging_mixin.py:190} INFO - [2024-11-13T21:29:58.686+0000] {dagbag.py:588} INFO - Filling up the DagBag from /home/airflow/.local/lib/python3.12/site-packages/airflow/example_dags/example_external_task_marker_dag.py
[2024-11-13T21:29:58.690+0000] {processor.py:925} INFO - DAG(s) 'example_external_task_marker_parent', 'example_external_task_marker_child' retrieved from /home/airflow/.local/lib/python3.12/site-packages/airflow/example_dags/example_external_task_marker_dag.py
[2024-11-13T21:29:58.699+0000] {logging_mixin.py:190} INFO - [2024-11-13T21:29:58.699+0000] {dag.py:3239} INFO - Sync 2 DAGs
[2024-11-13T21:29:58.705+0000] {logging_mixin.py:190} INFO - [2024-11-13T21:29:58.705+0000] {dag.py:4180} INFO - Setting next_dagrun for example_external_task_marker_child to None, run_after=None
[2024-11-13T21:29:58.706+0000] {logging_mixin.py:190} INFO - [2024-11-13T21:29:58.706+0000] {dag.py:4180} INFO - Setting next_dagrun for example_external_task_marker_parent to None, run_after=None
[2024-11-13T21:29:58.712+0000] {processor.py:208} INFO - Processing /home/airflow/.local/lib/python3.12/site-packages/airflow/example_dags/example_external_task_marker_dag.py took 0.030 seconds
[2024-11-13T21:30:28.815+0000] {processor.py:186} INFO - Started process (PID=308) to work on /home/airflow/.local/lib/python3.12/site-packages/airflow/example_dags/example_external_task_marker_dag.py
[2024-11-13T21:30:28.816+0000] {processor.py:914} INFO - Processing file /home/airflow/.local/lib/python3.12/site-packages/airflow/example_dags/example_external_task_marker_dag.py for tasks to queue
[2024-11-13T21:30:28.817+0000] {logging_mixin.py:190} INFO - [2024-11-13T21:30:28.816+0000] {dagbag.py:588} INFO - Filling up the DagBag from /home/airflow/.local/lib/python3.12/site-packages/airflow/example_dags/example_external_task_marker_dag.py
[2024-11-13T21:30:28.820+0000] {processor.py:925} INFO - DAG(s) 'example_external_task_marker_parent', 'example_external_task_marker_child' retrieved from /home/airflow/.local/lib/python3.12/site-packages/airflow/example_dags/example_external_task_marker_dag.py
[2024-11-13T21:30:28.829+0000] {logging_mixin.py:190} INFO - [2024-11-13T21:30:28.829+0000] {dag.py:3239} INFO - Sync 2 DAGs
[2024-11-13T21:30:28.834+0000] {logging_mixin.py:190} INFO - [2024-11-13T21:30:28.834+0000] {dag.py:4180} INFO - Setting next_dagrun for example_external_task_marker_child to None, run_after=None
[2024-11-13T21:30:28.836+0000] {logging_mixin.py:190} INFO - [2024-11-13T21:30:28.836+0000] {dag.py:4180} INFO - Setting next_dagrun for example_external_task_marker_parent to None, run_after=None
[2024-11-13T21:30:28.841+0000] {processor.py:208} INFO - Processing /home/airflow/.local/lib/python3.12/site-packages/airflow/example_dags/example_external_task_marker_dag.py took 0.029 seconds
[2024-11-13T21:35:01.711+0000] {processor.py:186} INFO - Started process (PID=61) to work on /home/airflow/.local/lib/python3.12/site-packages/airflow/example_dags/example_external_task_marker_dag.py
[2024-11-13T21:35:01.712+0000] {processor.py:914} INFO - Processing file /home/airflow/.local/lib/python3.12/site-packages/airflow/example_dags/example_external_task_marker_dag.py for tasks to queue
[2024-11-13T21:35:01.713+0000] {logging_mixin.py:190} INFO - [2024-11-13T21:35:01.713+0000] {dagbag.py:588} INFO - Filling up the DagBag from /home/airflow/.local/lib/python3.12/site-packages/airflow/example_dags/example_external_task_marker_dag.py
[2024-11-13T21:35:01.717+0000] {processor.py:925} INFO - DAG(s) 'example_external_task_marker_parent', 'example_external_task_marker_child' retrieved from /home/airflow/.local/lib/python3.12/site-packages/airflow/example_dags/example_external_task_marker_dag.py
[2024-11-13T21:35:01.764+0000] {logging_mixin.py:190} INFO - [2024-11-13T21:35:01.764+0000] {override.py:1911} INFO - Created Permission View: can edit on DAG:example_external_task_marker_parent
[2024-11-13T21:35:01.771+0000] {logging_mixin.py:190} INFO - [2024-11-13T21:35:01.771+0000] {override.py:1911} INFO - Created Permission View: can delete on DAG:example_external_task_marker_parent
[2024-11-13T21:35:01.774+0000] {logging_mixin.py:190} INFO - [2024-11-13T21:35:01.774+0000] {override.py:1911} INFO - Created Permission View: can read on DAG:example_external_task_marker_parent
[2024-11-13T21:35:01.781+0000] {logging_mixin.py:190} INFO - [2024-11-13T21:35:01.781+0000] {override.py:1911} INFO - Created Permission View: can create on DAG Run:example_external_task_marker_parent
[2024-11-13T21:35:01.783+0000] {logging_mixin.py:190} INFO - [2024-11-13T21:35:01.782+0000] {override.py:1911} INFO - Created Permission View: can delete on DAG Run:example_external_task_marker_parent
[2024-11-13T21:35:01.784+0000] {logging_mixin.py:190} INFO - [2024-11-13T21:35:01.784+0000] {override.py:1911} INFO - Created Permission View: menu access on DAG Run:example_external_task_marker_parent
[2024-11-13T21:35:01.786+0000] {logging_mixin.py:190} INFO - [2024-11-13T21:35:01.786+0000] {override.py:1911} INFO - Created Permission View: can read on DAG Run:example_external_task_marker_parent
[2024-11-13T21:35:01.790+0000] {logging_mixin.py:190} INFO - [2024-11-13T21:35:01.790+0000] {override.py:1911} INFO - Created Permission View: can edit on DAG:example_external_task_marker_child
[2024-11-13T21:35:01.792+0000] {logging_mixin.py:190} INFO - [2024-11-13T21:35:01.792+0000] {override.py:1911} INFO - Created Permission View: can delete on DAG:example_external_task_marker_child
[2024-11-13T21:35:01.794+0000] {logging_mixin.py:190} INFO - [2024-11-13T21:35:01.794+0000] {override.py:1911} INFO - Created Permission View: can read on DAG:example_external_task_marker_child
[2024-11-13T21:35:01.796+0000] {logging_mixin.py:190} INFO - [2024-11-13T21:35:01.796+0000] {override.py:1911} INFO - Created Permission View: can create on DAG Run:example_external_task_marker_child
[2024-11-13T21:35:01.798+0000] {logging_mixin.py:190} INFO - [2024-11-13T21:35:01.798+0000] {override.py:1911} INFO - Created Permission View: can delete on DAG Run:example_external_task_marker_child
[2024-11-13T21:35:01.800+0000] {logging_mixin.py:190} INFO - [2024-11-13T21:35:01.800+0000] {override.py:1911} INFO - Created Permission View: menu access on DAG Run:example_external_task_marker_child
[2024-11-13T21:35:01.802+0000] {logging_mixin.py:190} INFO - [2024-11-13T21:35:01.801+0000] {override.py:1911} INFO - Created Permission View: can read on DAG Run:example_external_task_marker_child
[2024-11-13T21:35:01.802+0000] {logging_mixin.py:190} INFO - [2024-11-13T21:35:01.802+0000] {dag.py:3239} INFO - Sync 2 DAGs
[2024-11-13T21:35:01.807+0000] {logging_mixin.py:190} INFO - [2024-11-13T21:35:01.807+0000] {dag.py:3262} INFO - Creating ORM DAG for example_external_task_marker_child
[2024-11-13T21:35:01.807+0000] {logging_mixin.py:190} INFO - [2024-11-13T21:35:01.807+0000] {dag.py:3262} INFO - Creating ORM DAG for example_external_task_marker_parent
[2024-11-13T21:35:01.807+0000] {logging_mixin.py:190} INFO - [2024-11-13T21:35:01.807+0000] {dag.py:4180} INFO - Setting next_dagrun for example_external_task_marker_child to None, run_after=None
[2024-11-13T21:35:01.808+0000] {logging_mixin.py:190} INFO - [2024-11-13T21:35:01.808+0000] {dag.py:4180} INFO - Setting next_dagrun for example_external_task_marker_parent to None, run_after=None
[2024-11-13T21:35:01.815+0000] {processor.py:208} INFO - Processing /home/airflow/.local/lib/python3.12/site-packages/airflow/example_dags/example_external_task_marker_dag.py took 0.107 seconds
[2024-11-13T21:35:32.410+0000] {processor.py:186} INFO - Started process (PID=124) to work on /home/airflow/.local/lib/python3.12/site-packages/airflow/example_dags/example_external_task_marker_dag.py
[2024-11-13T21:35:32.410+0000] {processor.py:914} INFO - Processing file /home/airflow/.local/lib/python3.12/site-packages/airflow/example_dags/example_external_task_marker_dag.py for tasks to queue
[2024-11-13T21:35:32.411+0000] {logging_mixin.py:190} INFO - [2024-11-13T21:35:32.411+0000] {dagbag.py:588} INFO - Filling up the DagBag from /home/airflow/.local/lib/python3.12/site-packages/airflow/example_dags/example_external_task_marker_dag.py
[2024-11-13T21:35:32.415+0000] {processor.py:925} INFO - DAG(s) 'example_external_task_marker_parent', 'example_external_task_marker_child' retrieved from /home/airflow/.local/lib/python3.12/site-packages/airflow/example_dags/example_external_task_marker_dag.py
[2024-11-13T21:35:32.424+0000] {logging_mixin.py:190} INFO - [2024-11-13T21:35:32.424+0000] {dag.py:3239} INFO - Sync 2 DAGs
[2024-11-13T21:35:32.429+0000] {logging_mixin.py:190} INFO - [2024-11-13T21:35:32.429+0000] {dag.py:4180} INFO - Setting next_dagrun for example_external_task_marker_child to None, run_after=None
[2024-11-13T21:35:32.431+0000] {logging_mixin.py:190} INFO - [2024-11-13T21:35:32.431+0000] {dag.py:4180} INFO - Setting next_dagrun for example_external_task_marker_parent to None, run_after=None
[2024-11-13T21:35:32.439+0000] {processor.py:208} INFO - Processing /home/airflow/.local/lib/python3.12/site-packages/airflow/example_dags/example_external_task_marker_dag.py took 0.032 seconds
[2024-11-13T21:36:03.029+0000] {processor.py:186} INFO - Started process (PID=191) to work on /home/airflow/.local/lib/python3.12/site-packages/airflow/example_dags/example_external_task_marker_dag.py
[2024-11-13T21:36:03.030+0000] {processor.py:914} INFO - Processing file /home/airflow/.local/lib/python3.12/site-packages/airflow/example_dags/example_external_task_marker_dag.py for tasks to queue
[2024-11-13T21:36:03.032+0000] {logging_mixin.py:190} INFO - [2024-11-13T21:36:03.032+0000] {dagbag.py:588} INFO - Filling up the DagBag from /home/airflow/.local/lib/python3.12/site-packages/airflow/example_dags/example_external_task_marker_dag.py
[2024-11-13T21:36:03.035+0000] {processor.py:925} INFO - DAG(s) 'example_external_task_marker_parent', 'example_external_task_marker_child' retrieved from /home/airflow/.local/lib/python3.12/site-packages/airflow/example_dags/example_external_task_marker_dag.py
[2024-11-13T21:36:03.050+0000] {logging_mixin.py:190} INFO - [2024-11-13T21:36:03.050+0000] {dag.py:3239} INFO - Sync 2 DAGs
[2024-11-13T21:36:03.057+0000] {logging_mixin.py:190} INFO - [2024-11-13T21:36:03.057+0000] {dag.py:4180} INFO - Setting next_dagrun for example_external_task_marker_child to None, run_after=None
[2024-11-13T21:36:03.059+0000] {logging_mixin.py:190} INFO - [2024-11-13T21:36:03.059+0000] {dag.py:4180} INFO - Setting next_dagrun for example_external_task_marker_parent to None, run_after=None
[2024-11-13T21:36:03.066+0000] {processor.py:208} INFO - Processing /home/airflow/.local/lib/python3.12/site-packages/airflow/example_dags/example_external_task_marker_dag.py took 0.040 seconds
[2024-11-13T21:36:33.508+0000] {processor.py:186} INFO - Started process (PID=254) to work on /home/airflow/.local/lib/python3.12/site-packages/airflow/example_dags/example_external_task_marker_dag.py
[2024-11-13T21:36:33.509+0000] {processor.py:914} INFO - Processing file /home/airflow/.local/lib/python3.12/site-packages/airflow/example_dags/example_external_task_marker_dag.py for tasks to queue
[2024-11-13T21:36:33.510+0000] {logging_mixin.py:190} INFO - [2024-11-13T21:36:33.510+0000] {dagbag.py:588} INFO - Filling up the DagBag from /home/airflow/.local/lib/python3.12/site-packages/airflow/example_dags/example_external_task_marker_dag.py
[2024-11-13T21:36:33.514+0000] {processor.py:925} INFO - DAG(s) 'example_external_task_marker_child', 'example_external_task_marker_parent' retrieved from /home/airflow/.local/lib/python3.12/site-packages/airflow/example_dags/example_external_task_marker_dag.py
[2024-11-13T21:36:33.524+0000] {logging_mixin.py:190} INFO - [2024-11-13T21:36:33.524+0000] {dag.py:3239} INFO - Sync 2 DAGs
[2024-11-13T21:36:33.532+0000] {logging_mixin.py:190} INFO - [2024-11-13T21:36:33.532+0000] {dag.py:4180} INFO - Setting next_dagrun for example_external_task_marker_child to None, run_after=None
[2024-11-13T21:36:33.535+0000] {logging_mixin.py:190} INFO - [2024-11-13T21:36:33.535+0000] {dag.py:4180} INFO - Setting next_dagrun for example_external_task_marker_parent to None, run_after=None
[2024-11-13T21:36:33.544+0000] {processor.py:208} INFO - Processing /home/airflow/.local/lib/python3.12/site-packages/airflow/example_dags/example_external_task_marker_dag.py took 0.039 seconds
[2024-11-13T21:37:04.026+0000] {processor.py:186} INFO - Started process (PID=317) to work on /home/airflow/.local/lib/python3.12/site-packages/airflow/example_dags/example_external_task_marker_dag.py
[2024-11-13T21:37:04.026+0000] {processor.py:914} INFO - Processing file /home/airflow/.local/lib/python3.12/site-packages/airflow/example_dags/example_external_task_marker_dag.py for tasks to queue
[2024-11-13T21:37:04.027+0000] {logging_mixin.py:190} INFO - [2024-11-13T21:37:04.027+0000] {dagbag.py:588} INFO - Filling up the DagBag from /home/airflow/.local/lib/python3.12/site-packages/airflow/example_dags/example_external_task_marker_dag.py
[2024-11-13T21:37:04.030+0000] {processor.py:925} INFO - DAG(s) 'example_external_task_marker_parent', 'example_external_task_marker_child' retrieved from /home/airflow/.local/lib/python3.12/site-packages/airflow/example_dags/example_external_task_marker_dag.py
[2024-11-13T21:37:04.039+0000] {logging_mixin.py:190} INFO - [2024-11-13T21:37:04.038+0000] {dag.py:3239} INFO - Sync 2 DAGs
[2024-11-13T21:37:04.043+0000] {logging_mixin.py:190} INFO - [2024-11-13T21:37:04.043+0000] {dag.py:4180} INFO - Setting next_dagrun for example_external_task_marker_child to None, run_after=None
[2024-11-13T21:37:04.045+0000] {logging_mixin.py:190} INFO - [2024-11-13T21:37:04.045+0000] {dag.py:4180} INFO - Setting next_dagrun for example_external_task_marker_parent to None, run_after=None
[2024-11-13T21:37:04.050+0000] {processor.py:208} INFO - Processing /home/airflow/.local/lib/python3.12/site-packages/airflow/example_dags/example_external_task_marker_dag.py took 0.026 seconds
[2024-11-13T21:37:34.438+0000] {processor.py:186} INFO - Started process (PID=386) to work on /home/airflow/.local/lib/python3.12/site-packages/airflow/example_dags/example_external_task_marker_dag.py
[2024-11-13T21:37:34.438+0000] {processor.py:914} INFO - Processing file /home/airflow/.local/lib/python3.12/site-packages/airflow/example_dags/example_external_task_marker_dag.py for tasks to queue
[2024-11-13T21:37:34.439+0000] {logging_mixin.py:190} INFO - [2024-11-13T21:37:34.439+0000] {dagbag.py:588} INFO - Filling up the DagBag from /home/airflow/.local/lib/python3.12/site-packages/airflow/example_dags/example_external_task_marker_dag.py
[2024-11-13T21:37:34.443+0000] {processor.py:925} INFO - DAG(s) 'example_external_task_marker_parent', 'example_external_task_marker_child' retrieved from /home/airflow/.local/lib/python3.12/site-packages/airflow/example_dags/example_external_task_marker_dag.py
[2024-11-13T21:37:34.453+0000] {logging_mixin.py:190} INFO - [2024-11-13T21:37:34.453+0000] {dag.py:3239} INFO - Sync 2 DAGs
[2024-11-13T21:37:34.458+0000] {logging_mixin.py:190} INFO - [2024-11-13T21:37:34.458+0000] {dag.py:4180} INFO - Setting next_dagrun for example_external_task_marker_child to None, run_after=None
[2024-11-13T21:37:34.460+0000] {logging_mixin.py:190} INFO - [2024-11-13T21:37:34.460+0000] {dag.py:4180} INFO - Setting next_dagrun for example_external_task_marker_parent to None, run_after=None
[2024-11-13T21:37:34.468+0000] {processor.py:208} INFO - Processing /home/airflow/.local/lib/python3.12/site-packages/airflow/example_dags/example_external_task_marker_dag.py took 0.033 seconds
[2024-11-13T21:38:04.862+0000] {processor.py:186} INFO - Started process (PID=449) to work on /home/airflow/.local/lib/python3.12/site-packages/airflow/example_dags/example_external_task_marker_dag.py
[2024-11-13T21:38:04.862+0000] {processor.py:914} INFO - Processing file /home/airflow/.local/lib/python3.12/site-packages/airflow/example_dags/example_external_task_marker_dag.py for tasks to queue
[2024-11-13T21:38:04.864+0000] {logging_mixin.py:190} INFO - [2024-11-13T21:38:04.864+0000] {dagbag.py:588} INFO - Filling up the DagBag from /home/airflow/.local/lib/python3.12/site-packages/airflow/example_dags/example_external_task_marker_dag.py
[2024-11-13T21:38:04.868+0000] {processor.py:925} INFO - DAG(s) 'example_external_task_marker_parent', 'example_external_task_marker_child' retrieved from /home/airflow/.local/lib/python3.12/site-packages/airflow/example_dags/example_external_task_marker_dag.py
[2024-11-13T21:38:04.878+0000] {logging_mixin.py:190} INFO - [2024-11-13T21:38:04.878+0000] {dag.py:3239} INFO - Sync 2 DAGs
[2024-11-13T21:38:04.884+0000] {logging_mixin.py:190} INFO - [2024-11-13T21:38:04.884+0000] {dag.py:4180} INFO - Setting next_dagrun for example_external_task_marker_child to None, run_after=None
[2024-11-13T21:38:04.887+0000] {logging_mixin.py:190} INFO - [2024-11-13T21:38:04.887+0000] {dag.py:4180} INFO - Setting next_dagrun for example_external_task_marker_parent to None, run_after=None
[2024-11-13T21:38:04.895+0000] {processor.py:208} INFO - Processing /home/airflow/.local/lib/python3.12/site-packages/airflow/example_dags/example_external_task_marker_dag.py took 0.036 seconds
[2024-11-13T23:40:19.259+0000] {processor.py:186} INFO - Started process (PID=54) to work on /home/airflow/.local/lib/python3.12/site-packages/airflow/example_dags/example_external_task_marker_dag.py
[2024-11-13T23:40:19.262+0000] {processor.py:914} INFO - Processing file /home/airflow/.local/lib/python3.12/site-packages/airflow/example_dags/example_external_task_marker_dag.py for tasks to queue
[2024-11-13T23:40:19.263+0000] {logging_mixin.py:190} INFO - [2024-11-13T23:40:19.263+0000] {dagbag.py:588} INFO - Filling up the DagBag from /home/airflow/.local/lib/python3.12/site-packages/airflow/example_dags/example_external_task_marker_dag.py
[2024-11-13T23:40:19.267+0000] {processor.py:925} INFO - DAG(s) 'example_external_task_marker_parent', 'example_external_task_marker_child' retrieved from /home/airflow/.local/lib/python3.12/site-packages/airflow/example_dags/example_external_task_marker_dag.py
[2024-11-13T23:40:19.302+0000] {logging_mixin.py:190} INFO - [2024-11-13T23:40:19.302+0000] {override.py:1911} INFO - Created Permission View: can edit on DAG:example_external_task_marker_parent
[2024-11-13T23:40:19.306+0000] {logging_mixin.py:190} INFO - [2024-11-13T23:40:19.306+0000] {override.py:1911} INFO - Created Permission View: can delete on DAG:example_external_task_marker_parent
[2024-11-13T23:40:19.307+0000] {logging_mixin.py:190} INFO - [2024-11-13T23:40:19.307+0000] {override.py:1911} INFO - Created Permission View: can read on DAG:example_external_task_marker_parent
[2024-11-13T23:40:19.309+0000] {logging_mixin.py:190} INFO - [2024-11-13T23:40:19.309+0000] {override.py:1911} INFO - Created Permission View: can delete on DAG Run:example_external_task_marker_parent
[2024-11-13T23:40:19.310+0000] {logging_mixin.py:190} INFO - [2024-11-13T23:40:19.310+0000] {override.py:1911} INFO - Created Permission View: menu access on DAG Run:example_external_task_marker_parent
[2024-11-13T23:40:19.312+0000] {logging_mixin.py:190} INFO - [2024-11-13T23:40:19.312+0000] {override.py:1911} INFO - Created Permission View: can read on DAG Run:example_external_task_marker_parent
[2024-11-13T23:40:19.314+0000] {logging_mixin.py:190} INFO - [2024-11-13T23:40:19.313+0000] {override.py:1911} INFO - Created Permission View: can create on DAG Run:example_external_task_marker_parent
[2024-11-13T23:40:19.317+0000] {logging_mixin.py:190} INFO - [2024-11-13T23:40:19.317+0000] {override.py:1911} INFO - Created Permission View: can edit on DAG:example_external_task_marker_child
[2024-11-13T23:40:19.319+0000] {logging_mixin.py:190} INFO - [2024-11-13T23:40:19.319+0000] {override.py:1911} INFO - Created Permission View: can delete on DAG:example_external_task_marker_child
[2024-11-13T23:40:19.321+0000] {logging_mixin.py:190} INFO - [2024-11-13T23:40:19.321+0000] {override.py:1911} INFO - Created Permission View: can read on DAG:example_external_task_marker_child
[2024-11-13T23:40:19.324+0000] {logging_mixin.py:190} INFO - [2024-11-13T23:40:19.323+0000] {override.py:1911} INFO - Created Permission View: can delete on DAG Run:example_external_task_marker_child
[2024-11-13T23:40:19.325+0000] {logging_mixin.py:190} INFO - [2024-11-13T23:40:19.325+0000] {override.py:1911} INFO - Created Permission View: menu access on DAG Run:example_external_task_marker_child
[2024-11-13T23:40:19.326+0000] {logging_mixin.py:190} INFO - [2024-11-13T23:40:19.326+0000] {override.py:1911} INFO - Created Permission View: can read on DAG Run:example_external_task_marker_child
[2024-11-13T23:40:19.328+0000] {logging_mixin.py:190} INFO - [2024-11-13T23:40:19.328+0000] {override.py:1911} INFO - Created Permission View: can create on DAG Run:example_external_task_marker_child
[2024-11-13T23:40:19.329+0000] {logging_mixin.py:190} INFO - [2024-11-13T23:40:19.329+0000] {dag.py:3239} INFO - Sync 2 DAGs
[2024-11-13T23:40:19.334+0000] {logging_mixin.py:190} INFO - [2024-11-13T23:40:19.334+0000] {dag.py:3262} INFO - Creating ORM DAG for example_external_task_marker_parent
[2024-11-13T23:40:19.334+0000] {logging_mixin.py:190} INFO - [2024-11-13T23:40:19.334+0000] {dag.py:3262} INFO - Creating ORM DAG for example_external_task_marker_child
[2024-11-13T23:40:19.334+0000] {logging_mixin.py:190} INFO - [2024-11-13T23:40:19.334+0000] {dag.py:4180} INFO - Setting next_dagrun for example_external_task_marker_child to None, run_after=None
[2024-11-13T23:40:19.335+0000] {logging_mixin.py:190} INFO - [2024-11-13T23:40:19.335+0000] {dag.py:4180} INFO - Setting next_dagrun for example_external_task_marker_parent to None, run_after=None
[2024-11-13T23:40:19.340+0000] {processor.py:208} INFO - Processing /home/airflow/.local/lib/python3.12/site-packages/airflow/example_dags/example_external_task_marker_dag.py took 0.083 seconds
[2024-11-13T23:40:49.471+0000] {processor.py:186} INFO - Started process (PID=117) to work on /home/airflow/.local/lib/python3.12/site-packages/airflow/example_dags/example_external_task_marker_dag.py
[2024-11-13T23:40:49.472+0000] {processor.py:914} INFO - Processing file /home/airflow/.local/lib/python3.12/site-packages/airflow/example_dags/example_external_task_marker_dag.py for tasks to queue
[2024-11-13T23:40:49.473+0000] {logging_mixin.py:190} INFO - [2024-11-13T23:40:49.473+0000] {dagbag.py:588} INFO - Filling up the DagBag from /home/airflow/.local/lib/python3.12/site-packages/airflow/example_dags/example_external_task_marker_dag.py
[2024-11-13T23:40:49.477+0000] {processor.py:925} INFO - DAG(s) 'example_external_task_marker_parent', 'example_external_task_marker_child' retrieved from /home/airflow/.local/lib/python3.12/site-packages/airflow/example_dags/example_external_task_marker_dag.py
[2024-11-13T23:40:49.490+0000] {logging_mixin.py:190} INFO - [2024-11-13T23:40:49.490+0000] {dag.py:3239} INFO - Sync 2 DAGs
[2024-11-13T23:40:49.496+0000] {logging_mixin.py:190} INFO - [2024-11-13T23:40:49.496+0000] {dag.py:4180} INFO - Setting next_dagrun for example_external_task_marker_child to None, run_after=None
[2024-11-13T23:40:49.497+0000] {logging_mixin.py:190} INFO - [2024-11-13T23:40:49.497+0000] {dag.py:4180} INFO - Setting next_dagrun for example_external_task_marker_parent to None, run_after=None
[2024-11-13T23:40:49.503+0000] {processor.py:208} INFO - Processing /home/airflow/.local/lib/python3.12/site-packages/airflow/example_dags/example_external_task_marker_dag.py took 0.034 seconds
[2024-11-13T23:41:20.784+0000] {processor.py:186} INFO - Started process (PID=179) to work on /home/airflow/.local/lib/python3.12/site-packages/airflow/example_dags/example_external_task_marker_dag.py
[2024-11-13T23:41:20.785+0000] {processor.py:914} INFO - Processing file /home/airflow/.local/lib/python3.12/site-packages/airflow/example_dags/example_external_task_marker_dag.py for tasks to queue
[2024-11-13T23:41:20.786+0000] {logging_mixin.py:190} INFO - [2024-11-13T23:41:20.786+0000] {dagbag.py:588} INFO - Filling up the DagBag from /home/airflow/.local/lib/python3.12/site-packages/airflow/example_dags/example_external_task_marker_dag.py
[2024-11-13T23:41:20.790+0000] {processor.py:925} INFO - DAG(s) 'example_external_task_marker_child', 'example_external_task_marker_parent' retrieved from /home/airflow/.local/lib/python3.12/site-packages/airflow/example_dags/example_external_task_marker_dag.py
[2024-11-13T23:41:20.799+0000] {logging_mixin.py:190} INFO - [2024-11-13T23:41:20.799+0000] {dag.py:3239} INFO - Sync 2 DAGs
[2024-11-13T23:41:20.805+0000] {logging_mixin.py:190} INFO - [2024-11-13T23:41:20.805+0000] {dag.py:4180} INFO - Setting next_dagrun for example_external_task_marker_child to None, run_after=None
[2024-11-13T23:41:20.808+0000] {logging_mixin.py:190} INFO - [2024-11-13T23:41:20.808+0000] {dag.py:4180} INFO - Setting next_dagrun for example_external_task_marker_parent to None, run_after=None
[2024-11-13T23:41:20.815+0000] {processor.py:208} INFO - Processing /home/airflow/.local/lib/python3.12/site-packages/airflow/example_dags/example_external_task_marker_dag.py took 0.034 seconds
[2024-11-13T23:41:51.197+0000] {processor.py:186} INFO - Started process (PID=242) to work on /home/airflow/.local/lib/python3.12/site-packages/airflow/example_dags/example_external_task_marker_dag.py
[2024-11-13T23:41:51.198+0000] {processor.py:914} INFO - Processing file /home/airflow/.local/lib/python3.12/site-packages/airflow/example_dags/example_external_task_marker_dag.py for tasks to queue
[2024-11-13T23:41:51.199+0000] {logging_mixin.py:190} INFO - [2024-11-13T23:41:51.199+0000] {dagbag.py:588} INFO - Filling up the DagBag from /home/airflow/.local/lib/python3.12/site-packages/airflow/example_dags/example_external_task_marker_dag.py
[2024-11-13T23:41:51.203+0000] {processor.py:925} INFO - DAG(s) 'example_external_task_marker_child', 'example_external_task_marker_parent' retrieved from /home/airflow/.local/lib/python3.12/site-packages/airflow/example_dags/example_external_task_marker_dag.py
[2024-11-13T23:41:51.214+0000] {logging_mixin.py:190} INFO - [2024-11-13T23:41:51.214+0000] {dag.py:3239} INFO - Sync 2 DAGs
[2024-11-13T23:41:51.219+0000] {logging_mixin.py:190} INFO - [2024-11-13T23:41:51.219+0000] {dag.py:4180} INFO - Setting next_dagrun for example_external_task_marker_child to None, run_after=None
[2024-11-13T23:41:51.220+0000] {logging_mixin.py:190} INFO - [2024-11-13T23:41:51.220+0000] {dag.py:4180} INFO - Setting next_dagrun for example_external_task_marker_parent to None, run_after=None
[2024-11-13T23:41:51.228+0000] {processor.py:208} INFO - Processing /home/airflow/.local/lib/python3.12/site-packages/airflow/example_dags/example_external_task_marker_dag.py took 0.032 seconds
[2024-11-13T23:42:21.723+0000] {processor.py:186} INFO - Started process (PID=311) to work on /home/airflow/.local/lib/python3.12/site-packages/airflow/example_dags/example_external_task_marker_dag.py
[2024-11-13T23:42:21.724+0000] {processor.py:914} INFO - Processing file /home/airflow/.local/lib/python3.12/site-packages/airflow/example_dags/example_external_task_marker_dag.py for tasks to queue
[2024-11-13T23:42:21.725+0000] {logging_mixin.py:190} INFO - [2024-11-13T23:42:21.725+0000] {dagbag.py:588} INFO - Filling up the DagBag from /home/airflow/.local/lib/python3.12/site-packages/airflow/example_dags/example_external_task_marker_dag.py
[2024-11-13T23:42:21.729+0000] {processor.py:925} INFO - DAG(s) 'example_external_task_marker_child', 'example_external_task_marker_parent' retrieved from /home/airflow/.local/lib/python3.12/site-packages/airflow/example_dags/example_external_task_marker_dag.py
[2024-11-13T23:42:21.742+0000] {logging_mixin.py:190} INFO - [2024-11-13T23:42:21.742+0000] {dag.py:3239} INFO - Sync 2 DAGs
[2024-11-13T23:42:21.749+0000] {logging_mixin.py:190} INFO - [2024-11-13T23:42:21.749+0000] {dag.py:4180} INFO - Setting next_dagrun for example_external_task_marker_child to None, run_after=None
[2024-11-13T23:42:21.751+0000] {logging_mixin.py:190} INFO - [2024-11-13T23:42:21.751+0000] {dag.py:4180} INFO - Setting next_dagrun for example_external_task_marker_parent to None, run_after=None
[2024-11-13T23:42:21.758+0000] {processor.py:208} INFO - Processing /home/airflow/.local/lib/python3.12/site-packages/airflow/example_dags/example_external_task_marker_dag.py took 0.038 seconds
[2024-11-13T23:42:52.058+0000] {processor.py:186} INFO - Started process (PID=374) to work on /home/airflow/.local/lib/python3.12/site-packages/airflow/example_dags/example_external_task_marker_dag.py
[2024-11-13T23:42:52.059+0000] {processor.py:914} INFO - Processing file /home/airflow/.local/lib/python3.12/site-packages/airflow/example_dags/example_external_task_marker_dag.py for tasks to queue
[2024-11-13T23:42:52.061+0000] {logging_mixin.py:190} INFO - [2024-11-13T23:42:52.061+0000] {dagbag.py:588} INFO - Filling up the DagBag from /home/airflow/.local/lib/python3.12/site-packages/airflow/example_dags/example_external_task_marker_dag.py
[2024-11-13T23:42:52.065+0000] {processor.py:925} INFO - DAG(s) 'example_external_task_marker_child', 'example_external_task_marker_parent' retrieved from /home/airflow/.local/lib/python3.12/site-packages/airflow/example_dags/example_external_task_marker_dag.py
[2024-11-13T23:42:52.076+0000] {logging_mixin.py:190} INFO - [2024-11-13T23:42:52.076+0000] {dag.py:3239} INFO - Sync 2 DAGs
[2024-11-13T23:42:52.082+0000] {logging_mixin.py:190} INFO - [2024-11-13T23:42:52.082+0000] {dag.py:4180} INFO - Setting next_dagrun for example_external_task_marker_child to None, run_after=None
[2024-11-13T23:42:52.085+0000] {logging_mixin.py:190} INFO - [2024-11-13T23:42:52.085+0000] {dag.py:4180} INFO - Setting next_dagrun for example_external_task_marker_parent to None, run_after=None
[2024-11-13T23:42:52.093+0000] {processor.py:208} INFO - Processing /home/airflow/.local/lib/python3.12/site-packages/airflow/example_dags/example_external_task_marker_dag.py took 0.037 seconds
[2024-11-13T23:43:23.391+0000] {processor.py:186} INFO - Started process (PID=437) to work on /home/airflow/.local/lib/python3.12/site-packages/airflow/example_dags/example_external_task_marker_dag.py
[2024-11-13T23:43:23.392+0000] {processor.py:914} INFO - Processing file /home/airflow/.local/lib/python3.12/site-packages/airflow/example_dags/example_external_task_marker_dag.py for tasks to queue
[2024-11-13T23:43:23.394+0000] {logging_mixin.py:190} INFO - [2024-11-13T23:43:23.394+0000] {dagbag.py:588} INFO - Filling up the DagBag from /home/airflow/.local/lib/python3.12/site-packages/airflow/example_dags/example_external_task_marker_dag.py
[2024-11-13T23:43:23.397+0000] {processor.py:925} INFO - DAG(s) 'example_external_task_marker_parent', 'example_external_task_marker_child' retrieved from /home/airflow/.local/lib/python3.12/site-packages/airflow/example_dags/example_external_task_marker_dag.py
[2024-11-13T23:43:23.406+0000] {logging_mixin.py:190} INFO - [2024-11-13T23:43:23.406+0000] {dag.py:3239} INFO - Sync 2 DAGs
[2024-11-13T23:43:23.412+0000] {logging_mixin.py:190} INFO - [2024-11-13T23:43:23.412+0000] {dag.py:4180} INFO - Setting next_dagrun for example_external_task_marker_child to None, run_after=None
[2024-11-13T23:43:23.416+0000] {logging_mixin.py:190} INFO - [2024-11-13T23:43:23.416+0000] {dag.py:4180} INFO - Setting next_dagrun for example_external_task_marker_parent to None, run_after=None
[2024-11-13T23:43:23.422+0000] {processor.py:208} INFO - Processing /home/airflow/.local/lib/python3.12/site-packages/airflow/example_dags/example_external_task_marker_dag.py took 0.034 seconds
[2024-11-13T23:43:54.609+0000] {processor.py:186} INFO - Started process (PID=500) to work on /home/airflow/.local/lib/python3.12/site-packages/airflow/example_dags/example_external_task_marker_dag.py
[2024-11-13T23:43:54.609+0000] {processor.py:914} INFO - Processing file /home/airflow/.local/lib/python3.12/site-packages/airflow/example_dags/example_external_task_marker_dag.py for tasks to queue
[2024-11-13T23:43:54.611+0000] {logging_mixin.py:190} INFO - [2024-11-13T23:43:54.611+0000] {dagbag.py:588} INFO - Filling up the DagBag from /home/airflow/.local/lib/python3.12/site-packages/airflow/example_dags/example_external_task_marker_dag.py
[2024-11-13T23:43:54.617+0000] {processor.py:925} INFO - DAG(s) 'example_external_task_marker_parent', 'example_external_task_marker_child' retrieved from /home/airflow/.local/lib/python3.12/site-packages/airflow/example_dags/example_external_task_marker_dag.py
[2024-11-13T23:43:54.626+0000] {logging_mixin.py:190} INFO - [2024-11-13T23:43:54.626+0000] {dag.py:3239} INFO - Sync 2 DAGs
[2024-11-13T23:43:54.632+0000] {logging_mixin.py:190} INFO - [2024-11-13T23:43:54.632+0000] {dag.py:4180} INFO - Setting next_dagrun for example_external_task_marker_child to None, run_after=None
[2024-11-13T23:43:54.634+0000] {logging_mixin.py:190} INFO - [2024-11-13T23:43:54.634+0000] {dag.py:4180} INFO - Setting next_dagrun for example_external_task_marker_parent to None, run_after=None
[2024-11-13T23:43:54.643+0000] {processor.py:208} INFO - Processing /home/airflow/.local/lib/python3.12/site-packages/airflow/example_dags/example_external_task_marker_dag.py took 0.037 seconds
[2024-11-13T23:44:25.916+0000] {processor.py:186} INFO - Started process (PID=563) to work on /home/airflow/.local/lib/python3.12/site-packages/airflow/example_dags/example_external_task_marker_dag.py
[2024-11-13T23:44:25.917+0000] {processor.py:914} INFO - Processing file /home/airflow/.local/lib/python3.12/site-packages/airflow/example_dags/example_external_task_marker_dag.py for tasks to queue
[2024-11-13T23:44:25.918+0000] {logging_mixin.py:190} INFO - [2024-11-13T23:44:25.918+0000] {dagbag.py:588} INFO - Filling up the DagBag from /home/airflow/.local/lib/python3.12/site-packages/airflow/example_dags/example_external_task_marker_dag.py
[2024-11-13T23:44:25.922+0000] {processor.py:925} INFO - DAG(s) 'example_external_task_marker_parent', 'example_external_task_marker_child' retrieved from /home/airflow/.local/lib/python3.12/site-packages/airflow/example_dags/example_external_task_marker_dag.py
[2024-11-13T23:44:25.932+0000] {logging_mixin.py:190} INFO - [2024-11-13T23:44:25.932+0000] {dag.py:3239} INFO - Sync 2 DAGs
[2024-11-13T23:44:25.937+0000] {logging_mixin.py:190} INFO - [2024-11-13T23:44:25.937+0000] {dag.py:4180} INFO - Setting next_dagrun for example_external_task_marker_child to None, run_after=None
[2024-11-13T23:44:25.939+0000] {logging_mixin.py:190} INFO - [2024-11-13T23:44:25.939+0000] {dag.py:4180} INFO - Setting next_dagrun for example_external_task_marker_parent to None, run_after=None
[2024-11-13T23:44:25.946+0000] {processor.py:208} INFO - Processing /home/airflow/.local/lib/python3.12/site-packages/airflow/example_dags/example_external_task_marker_dag.py took 0.032 seconds
[2024-11-13T23:44:57.194+0000] {processor.py:186} INFO - Started process (PID=626) to work on /home/airflow/.local/lib/python3.12/site-packages/airflow/example_dags/example_external_task_marker_dag.py
[2024-11-13T23:44:57.195+0000] {processor.py:914} INFO - Processing file /home/airflow/.local/lib/python3.12/site-packages/airflow/example_dags/example_external_task_marker_dag.py for tasks to queue
[2024-11-13T23:44:57.198+0000] {logging_mixin.py:190} INFO - [2024-11-13T23:44:57.198+0000] {dagbag.py:588} INFO - Filling up the DagBag from /home/airflow/.local/lib/python3.12/site-packages/airflow/example_dags/example_external_task_marker_dag.py
[2024-11-13T23:44:57.202+0000] {processor.py:925} INFO - DAG(s) 'example_external_task_marker_parent', 'example_external_task_marker_child' retrieved from /home/airflow/.local/lib/python3.12/site-packages/airflow/example_dags/example_external_task_marker_dag.py
[2024-11-13T23:44:57.211+0000] {logging_mixin.py:190} INFO - [2024-11-13T23:44:57.211+0000] {dag.py:3239} INFO - Sync 2 DAGs
[2024-11-13T23:44:57.217+0000] {logging_mixin.py:190} INFO - [2024-11-13T23:44:57.217+0000] {dag.py:4180} INFO - Setting next_dagrun for example_external_task_marker_child to None, run_after=None
[2024-11-13T23:44:57.219+0000] {logging_mixin.py:190} INFO - [2024-11-13T23:44:57.219+0000] {dag.py:4180} INFO - Setting next_dagrun for example_external_task_marker_parent to None, run_after=None
[2024-11-13T23:44:57.225+0000] {processor.py:208} INFO - Processing /home/airflow/.local/lib/python3.12/site-packages/airflow/example_dags/example_external_task_marker_dag.py took 0.033 seconds
[2024-11-13T23:45:28.423+0000] {processor.py:186} INFO - Started process (PID=689) to work on /home/airflow/.local/lib/python3.12/site-packages/airflow/example_dags/example_external_task_marker_dag.py
[2024-11-13T23:45:28.424+0000] {processor.py:914} INFO - Processing file /home/airflow/.local/lib/python3.12/site-packages/airflow/example_dags/example_external_task_marker_dag.py for tasks to queue
[2024-11-13T23:45:28.427+0000] {logging_mixin.py:190} INFO - [2024-11-13T23:45:28.427+0000] {dagbag.py:588} INFO - Filling up the DagBag from /home/airflow/.local/lib/python3.12/site-packages/airflow/example_dags/example_external_task_marker_dag.py
[2024-11-13T23:45:28.431+0000] {processor.py:925} INFO - DAG(s) 'example_external_task_marker_child', 'example_external_task_marker_parent' retrieved from /home/airflow/.local/lib/python3.12/site-packages/airflow/example_dags/example_external_task_marker_dag.py
[2024-11-13T23:45:28.440+0000] {logging_mixin.py:190} INFO - [2024-11-13T23:45:28.439+0000] {dag.py:3239} INFO - Sync 2 DAGs
[2024-11-13T23:45:28.445+0000] {logging_mixin.py:190} INFO - [2024-11-13T23:45:28.445+0000] {dag.py:4180} INFO - Setting next_dagrun for example_external_task_marker_child to None, run_after=None
[2024-11-13T23:45:28.446+0000] {logging_mixin.py:190} INFO - [2024-11-13T23:45:28.446+0000] {dag.py:4180} INFO - Setting next_dagrun for example_external_task_marker_parent to None, run_after=None
[2024-11-13T23:45:28.452+0000] {processor.py:208} INFO - Processing /home/airflow/.local/lib/python3.12/site-packages/airflow/example_dags/example_external_task_marker_dag.py took 0.032 seconds
[2024-11-13T23:45:59.574+0000] {processor.py:186} INFO - Started process (PID=752) to work on /home/airflow/.local/lib/python3.12/site-packages/airflow/example_dags/example_external_task_marker_dag.py
[2024-11-13T23:45:59.575+0000] {processor.py:914} INFO - Processing file /home/airflow/.local/lib/python3.12/site-packages/airflow/example_dags/example_external_task_marker_dag.py for tasks to queue
[2024-11-13T23:45:59.576+0000] {logging_mixin.py:190} INFO - [2024-11-13T23:45:59.576+0000] {dagbag.py:588} INFO - Filling up the DagBag from /home/airflow/.local/lib/python3.12/site-packages/airflow/example_dags/example_external_task_marker_dag.py
[2024-11-13T23:45:59.579+0000] {processor.py:925} INFO - DAG(s) 'example_external_task_marker_child', 'example_external_task_marker_parent' retrieved from /home/airflow/.local/lib/python3.12/site-packages/airflow/example_dags/example_external_task_marker_dag.py
[2024-11-13T23:45:59.588+0000] {logging_mixin.py:190} INFO - [2024-11-13T23:45:59.587+0000] {dag.py:3239} INFO - Sync 2 DAGs
[2024-11-13T23:45:59.593+0000] {logging_mixin.py:190} INFO - [2024-11-13T23:45:59.593+0000] {dag.py:4180} INFO - Setting next_dagrun for example_external_task_marker_child to None, run_after=None
[2024-11-13T23:45:59.594+0000] {logging_mixin.py:190} INFO - [2024-11-13T23:45:59.594+0000] {dag.py:4180} INFO - Setting next_dagrun for example_external_task_marker_parent to None, run_after=None
[2024-11-13T23:45:59.600+0000] {processor.py:208} INFO - Processing /home/airflow/.local/lib/python3.12/site-packages/airflow/example_dags/example_external_task_marker_dag.py took 0.028 seconds
[2024-11-13T23:46:30.844+0000] {processor.py:186} INFO - Started process (PID=815) to work on /home/airflow/.local/lib/python3.12/site-packages/airflow/example_dags/example_external_task_marker_dag.py
[2024-11-13T23:46:30.844+0000] {processor.py:914} INFO - Processing file /home/airflow/.local/lib/python3.12/site-packages/airflow/example_dags/example_external_task_marker_dag.py for tasks to queue
[2024-11-13T23:46:30.845+0000] {logging_mixin.py:190} INFO - [2024-11-13T23:46:30.845+0000] {dagbag.py:588} INFO - Filling up the DagBag from /home/airflow/.local/lib/python3.12/site-packages/airflow/example_dags/example_external_task_marker_dag.py
[2024-11-13T23:46:30.849+0000] {processor.py:925} INFO - DAG(s) 'example_external_task_marker_child', 'example_external_task_marker_parent' retrieved from /home/airflow/.local/lib/python3.12/site-packages/airflow/example_dags/example_external_task_marker_dag.py
[2024-11-13T23:46:30.861+0000] {logging_mixin.py:190} INFO - [2024-11-13T23:46:30.861+0000] {dag.py:3239} INFO - Sync 2 DAGs
[2024-11-13T23:46:30.866+0000] {logging_mixin.py:190} INFO - [2024-11-13T23:46:30.866+0000] {dag.py:4180} INFO - Setting next_dagrun for example_external_task_marker_child to None, run_after=None
[2024-11-13T23:46:30.869+0000] {logging_mixin.py:190} INFO - [2024-11-13T23:46:30.868+0000] {dag.py:4180} INFO - Setting next_dagrun for example_external_task_marker_parent to None, run_after=None
[2024-11-13T23:46:30.876+0000] {processor.py:208} INFO - Processing /home/airflow/.local/lib/python3.12/site-packages/airflow/example_dags/example_external_task_marker_dag.py took 0.034 seconds
[2024-11-13T23:47:02.186+0000] {processor.py:186} INFO - Started process (PID=878) to work on /home/airflow/.local/lib/python3.12/site-packages/airflow/example_dags/example_external_task_marker_dag.py
[2024-11-13T23:47:02.187+0000] {processor.py:914} INFO - Processing file /home/airflow/.local/lib/python3.12/site-packages/airflow/example_dags/example_external_task_marker_dag.py for tasks to queue
[2024-11-13T23:47:02.189+0000] {logging_mixin.py:190} INFO - [2024-11-13T23:47:02.189+0000] {dagbag.py:588} INFO - Filling up the DagBag from /home/airflow/.local/lib/python3.12/site-packages/airflow/example_dags/example_external_task_marker_dag.py
[2024-11-13T23:47:02.193+0000] {processor.py:925} INFO - DAG(s) 'example_external_task_marker_parent', 'example_external_task_marker_child' retrieved from /home/airflow/.local/lib/python3.12/site-packages/airflow/example_dags/example_external_task_marker_dag.py
[2024-11-13T23:47:02.203+0000] {logging_mixin.py:190} INFO - [2024-11-13T23:47:02.202+0000] {dag.py:3239} INFO - Sync 2 DAGs
[2024-11-13T23:47:02.209+0000] {logging_mixin.py:190} INFO - [2024-11-13T23:47:02.209+0000] {dag.py:4180} INFO - Setting next_dagrun for example_external_task_marker_child to None, run_after=None
[2024-11-13T23:47:02.213+0000] {logging_mixin.py:190} INFO - [2024-11-13T23:47:02.213+0000] {dag.py:4180} INFO - Setting next_dagrun for example_external_task_marker_parent to None, run_after=None
[2024-11-13T23:47:02.221+0000] {processor.py:208} INFO - Processing /home/airflow/.local/lib/python3.12/site-packages/airflow/example_dags/example_external_task_marker_dag.py took 0.037 seconds
[2024-11-13T23:47:33.453+0000] {processor.py:186} INFO - Started process (PID=941) to work on /home/airflow/.local/lib/python3.12/site-packages/airflow/example_dags/example_external_task_marker_dag.py
[2024-11-13T23:47:33.454+0000] {processor.py:914} INFO - Processing file /home/airflow/.local/lib/python3.12/site-packages/airflow/example_dags/example_external_task_marker_dag.py for tasks to queue
[2024-11-13T23:47:33.455+0000] {logging_mixin.py:190} INFO - [2024-11-13T23:47:33.455+0000] {dagbag.py:588} INFO - Filling up the DagBag from /home/airflow/.local/lib/python3.12/site-packages/airflow/example_dags/example_external_task_marker_dag.py
[2024-11-13T23:47:33.460+0000] {processor.py:925} INFO - DAG(s) 'example_external_task_marker_child', 'example_external_task_marker_parent' retrieved from /home/airflow/.local/lib/python3.12/site-packages/airflow/example_dags/example_external_task_marker_dag.py
[2024-11-13T23:47:33.470+0000] {logging_mixin.py:190} INFO - [2024-11-13T23:47:33.470+0000] {dag.py:3239} INFO - Sync 2 DAGs
[2024-11-13T23:47:33.476+0000] {logging_mixin.py:190} INFO - [2024-11-13T23:47:33.476+0000] {dag.py:4180} INFO - Setting next_dagrun for example_external_task_marker_child to None, run_after=None
[2024-11-13T23:47:33.479+0000] {logging_mixin.py:190} INFO - [2024-11-13T23:47:33.478+0000] {dag.py:4180} INFO - Setting next_dagrun for example_external_task_marker_parent to None, run_after=None
[2024-11-13T23:47:33.487+0000] {processor.py:208} INFO - Processing /home/airflow/.local/lib/python3.12/site-packages/airflow/example_dags/example_external_task_marker_dag.py took 0.037 seconds
