[2024-11-13T21:28:28.925+0000] {processor.py:186} INFO - Started process (PID=77) to work on /home/airflow/.local/lib/python3.12/site-packages/airflow/example_dags/example_bash_operator.py
[2024-11-13T21:28:28.925+0000] {processor.py:914} INFO - Processing file /home/airflow/.local/lib/python3.12/site-packages/airflow/example_dags/example_bash_operator.py for tasks to queue
[2024-11-13T21:28:28.926+0000] {logging_mixin.py:190} INFO - [2024-11-13T21:28:28.926+0000] {dagbag.py:588} INFO - Filling up the DagBag from /home/airflow/.local/lib/python3.12/site-packages/airflow/example_dags/example_bash_operator.py
[2024-11-13T21:28:28.933+0000] {processor.py:925} INFO - DAG(s) 'example_bash_operator' retrieved from /home/airflow/.local/lib/python3.12/site-packages/airflow/example_dags/example_bash_operator.py
[2024-11-13T21:28:28.976+0000] {logging_mixin.py:190} INFO - [2024-11-13T21:28:28.976+0000] {override.py:1911} INFO - Created Permission View: can edit on DAG:example_bash_operator
[2024-11-13T21:28:28.979+0000] {logging_mixin.py:190} INFO - [2024-11-13T21:28:28.979+0000] {override.py:1911} INFO - Created Permission View: can read on DAG:example_bash_operator
[2024-11-13T21:28:28.982+0000] {logging_mixin.py:190} INFO - [2024-11-13T21:28:28.982+0000] {override.py:1911} INFO - Created Permission View: can delete on DAG:example_bash_operator
[2024-11-13T21:28:28.984+0000] {logging_mixin.py:190} INFO - [2024-11-13T21:28:28.984+0000] {override.py:1911} INFO - Created Permission View: can delete on DAG Run:example_bash_operator
[2024-11-13T21:28:28.986+0000] {logging_mixin.py:190} INFO - [2024-11-13T21:28:28.986+0000] {override.py:1911} INFO - Created Permission View: can read on DAG Run:example_bash_operator
[2024-11-13T21:28:28.991+0000] {logging_mixin.py:190} INFO - [2024-11-13T21:28:28.991+0000] {override.py:1911} INFO - Created Permission View: menu access on DAG Run:example_bash_operator
[2024-11-13T21:28:28.993+0000] {logging_mixin.py:190} INFO - [2024-11-13T21:28:28.993+0000] {override.py:1911} INFO - Created Permission View: can create on DAG Run:example_bash_operator
[2024-11-13T21:28:28.993+0000] {logging_mixin.py:190} INFO - [2024-11-13T21:28:28.993+0000] {dag.py:3239} INFO - Sync 1 DAGs
[2024-11-13T21:28:28.999+0000] {logging_mixin.py:190} INFO - [2024-11-13T21:28:28.999+0000] {dag.py:3262} INFO - Creating ORM DAG for example_bash_operator
[2024-11-13T21:28:29.003+0000] {logging_mixin.py:190} INFO - [2024-11-13T21:28:29.002+0000] {dag.py:4180} INFO - Setting next_dagrun for example_bash_operator to 2024-11-12 00:00:00+00:00, run_after=2024-11-13 00:00:00+00:00
[2024-11-13T21:28:29.008+0000] {processor.py:208} INFO - Processing /home/airflow/.local/lib/python3.12/site-packages/airflow/example_dags/example_bash_operator.py took 0.085 seconds
[2024-11-13T21:28:59.760+0000] {processor.py:186} INFO - Started process (PID=139) to work on /home/airflow/.local/lib/python3.12/site-packages/airflow/example_dags/example_bash_operator.py
[2024-11-13T21:28:59.760+0000] {processor.py:914} INFO - Processing file /home/airflow/.local/lib/python3.12/site-packages/airflow/example_dags/example_bash_operator.py for tasks to queue
[2024-11-13T21:28:59.761+0000] {logging_mixin.py:190} INFO - [2024-11-13T21:28:59.761+0000] {dagbag.py:588} INFO - Filling up the DagBag from /home/airflow/.local/lib/python3.12/site-packages/airflow/example_dags/example_bash_operator.py
[2024-11-13T21:28:59.767+0000] {processor.py:925} INFO - DAG(s) 'example_bash_operator' retrieved from /home/airflow/.local/lib/python3.12/site-packages/airflow/example_dags/example_bash_operator.py
[2024-11-13T21:28:59.778+0000] {logging_mixin.py:190} INFO - [2024-11-13T21:28:59.778+0000] {dag.py:3239} INFO - Sync 1 DAGs
[2024-11-13T21:28:59.797+0000] {logging_mixin.py:190} INFO - [2024-11-13T21:28:59.797+0000] {dag.py:4180} INFO - Setting next_dagrun for example_bash_operator to 2024-11-12 00:00:00+00:00, run_after=2024-11-13 00:00:00+00:00
[2024-11-13T21:28:59.804+0000] {processor.py:208} INFO - Processing /home/airflow/.local/lib/python3.12/site-packages/airflow/example_dags/example_bash_operator.py took 0.047 seconds
[2024-11-13T21:29:30.146+0000] {processor.py:186} INFO - Started process (PID=202) to work on /home/airflow/.local/lib/python3.12/site-packages/airflow/example_dags/example_bash_operator.py
[2024-11-13T21:29:30.147+0000] {processor.py:914} INFO - Processing file /home/airflow/.local/lib/python3.12/site-packages/airflow/example_dags/example_bash_operator.py for tasks to queue
[2024-11-13T21:29:30.148+0000] {logging_mixin.py:190} INFO - [2024-11-13T21:29:30.148+0000] {dagbag.py:588} INFO - Filling up the DagBag from /home/airflow/.local/lib/python3.12/site-packages/airflow/example_dags/example_bash_operator.py
[2024-11-13T21:29:30.153+0000] {processor.py:925} INFO - DAG(s) 'example_bash_operator' retrieved from /home/airflow/.local/lib/python3.12/site-packages/airflow/example_dags/example_bash_operator.py
[2024-11-13T21:29:30.164+0000] {logging_mixin.py:190} INFO - [2024-11-13T21:29:30.164+0000] {dag.py:3239} INFO - Sync 1 DAGs
[2024-11-13T21:29:30.173+0000] {logging_mixin.py:190} INFO - [2024-11-13T21:29:30.173+0000] {dag.py:4180} INFO - Setting next_dagrun for example_bash_operator to 2024-11-12 00:00:00+00:00, run_after=2024-11-13 00:00:00+00:00
[2024-11-13T21:29:30.180+0000] {processor.py:208} INFO - Processing /home/airflow/.local/lib/python3.12/site-packages/airflow/example_dags/example_bash_operator.py took 0.036 seconds
[2024-11-13T21:30:00.270+0000] {processor.py:186} INFO - Started process (PID=263) to work on /home/airflow/.local/lib/python3.12/site-packages/airflow/example_dags/example_bash_operator.py
[2024-11-13T21:30:00.271+0000] {processor.py:914} INFO - Processing file /home/airflow/.local/lib/python3.12/site-packages/airflow/example_dags/example_bash_operator.py for tasks to queue
[2024-11-13T21:30:00.271+0000] {logging_mixin.py:190} INFO - [2024-11-13T21:30:00.271+0000] {dagbag.py:588} INFO - Filling up the DagBag from /home/airflow/.local/lib/python3.12/site-packages/airflow/example_dags/example_bash_operator.py
[2024-11-13T21:30:00.277+0000] {processor.py:925} INFO - DAG(s) 'example_bash_operator' retrieved from /home/airflow/.local/lib/python3.12/site-packages/airflow/example_dags/example_bash_operator.py
[2024-11-13T21:30:00.288+0000] {logging_mixin.py:190} INFO - [2024-11-13T21:30:00.288+0000] {dag.py:3239} INFO - Sync 1 DAGs
[2024-11-13T21:30:00.302+0000] {logging_mixin.py:190} INFO - [2024-11-13T21:30:00.302+0000] {dag.py:4180} INFO - Setting next_dagrun for example_bash_operator to 2024-11-12 00:00:00+00:00, run_after=2024-11-13 00:00:00+00:00
[2024-11-13T21:30:00.310+0000] {processor.py:208} INFO - Processing /home/airflow/.local/lib/python3.12/site-packages/airflow/example_dags/example_bash_operator.py took 0.043 seconds
[2024-11-13T21:30:30.360+0000] {processor.py:186} INFO - Started process (PID=325) to work on /home/airflow/.local/lib/python3.12/site-packages/airflow/example_dags/example_bash_operator.py
[2024-11-13T21:30:30.360+0000] {processor.py:914} INFO - Processing file /home/airflow/.local/lib/python3.12/site-packages/airflow/example_dags/example_bash_operator.py for tasks to queue
[2024-11-13T21:30:30.362+0000] {logging_mixin.py:190} INFO - [2024-11-13T21:30:30.362+0000] {dagbag.py:588} INFO - Filling up the DagBag from /home/airflow/.local/lib/python3.12/site-packages/airflow/example_dags/example_bash_operator.py
[2024-11-13T21:30:30.369+0000] {processor.py:925} INFO - DAG(s) 'example_bash_operator' retrieved from /home/airflow/.local/lib/python3.12/site-packages/airflow/example_dags/example_bash_operator.py
[2024-11-13T21:30:30.380+0000] {logging_mixin.py:190} INFO - [2024-11-13T21:30:30.380+0000] {dag.py:3239} INFO - Sync 1 DAGs
[2024-11-13T21:30:30.390+0000] {logging_mixin.py:190} INFO - [2024-11-13T21:30:30.389+0000] {dag.py:4180} INFO - Setting next_dagrun for example_bash_operator to 2024-11-12 00:00:00+00:00, run_after=2024-11-13 00:00:00+00:00
[2024-11-13T21:30:30.397+0000] {processor.py:208} INFO - Processing /home/airflow/.local/lib/python3.12/site-packages/airflow/example_dags/example_bash_operator.py took 0.040 seconds
[2024-11-13T21:35:02.943+0000] {processor.py:186} INFO - Started process (PID=79) to work on /home/airflow/.local/lib/python3.12/site-packages/airflow/example_dags/example_bash_operator.py
[2024-11-13T21:35:02.943+0000] {processor.py:914} INFO - Processing file /home/airflow/.local/lib/python3.12/site-packages/airflow/example_dags/example_bash_operator.py for tasks to queue
[2024-11-13T21:35:02.944+0000] {logging_mixin.py:190} INFO - [2024-11-13T21:35:02.944+0000] {dagbag.py:588} INFO - Filling up the DagBag from /home/airflow/.local/lib/python3.12/site-packages/airflow/example_dags/example_bash_operator.py
[2024-11-13T21:35:02.951+0000] {processor.py:925} INFO - DAG(s) 'example_bash_operator' retrieved from /home/airflow/.local/lib/python3.12/site-packages/airflow/example_dags/example_bash_operator.py
[2024-11-13T21:35:03.001+0000] {logging_mixin.py:190} INFO - [2024-11-13T21:35:03.000+0000] {override.py:1911} INFO - Created Permission View: can edit on DAG:example_bash_operator
[2024-11-13T21:35:03.004+0000] {logging_mixin.py:190} INFO - [2024-11-13T21:35:03.004+0000] {override.py:1911} INFO - Created Permission View: can delete on DAG:example_bash_operator
[2024-11-13T21:35:03.008+0000] {logging_mixin.py:190} INFO - [2024-11-13T21:35:03.008+0000] {override.py:1911} INFO - Created Permission View: can read on DAG:example_bash_operator
[2024-11-13T21:35:03.009+0000] {logging_mixin.py:190} INFO - [2024-11-13T21:35:03.009+0000] {override.py:1911} INFO - Created Permission View: can create on DAG Run:example_bash_operator
[2024-11-13T21:35:03.012+0000] {logging_mixin.py:190} INFO - [2024-11-13T21:35:03.012+0000] {override.py:1911} INFO - Created Permission View: can delete on DAG Run:example_bash_operator
[2024-11-13T21:35:03.017+0000] {logging_mixin.py:190} INFO - [2024-11-13T21:35:03.017+0000] {override.py:1911} INFO - Created Permission View: menu access on DAG Run:example_bash_operator
[2024-11-13T21:35:03.019+0000] {logging_mixin.py:190} INFO - [2024-11-13T21:35:03.019+0000] {override.py:1911} INFO - Created Permission View: can read on DAG Run:example_bash_operator
[2024-11-13T21:35:03.019+0000] {logging_mixin.py:190} INFO - [2024-11-13T21:35:03.019+0000] {dag.py:3239} INFO - Sync 1 DAGs
[2024-11-13T21:35:03.026+0000] {logging_mixin.py:190} INFO - [2024-11-13T21:35:03.025+0000] {dag.py:3262} INFO - Creating ORM DAG for example_bash_operator
[2024-11-13T21:35:03.030+0000] {logging_mixin.py:190} INFO - [2024-11-13T21:35:03.030+0000] {dag.py:4180} INFO - Setting next_dagrun for example_bash_operator to 2024-11-12 00:00:00+00:00, run_after=2024-11-13 00:00:00+00:00
[2024-11-13T21:35:03.040+0000] {processor.py:208} INFO - Processing /home/airflow/.local/lib/python3.12/site-packages/airflow/example_dags/example_bash_operator.py took 0.100 seconds
[2024-11-13T21:35:33.063+0000] {processor.py:186} INFO - Started process (PID=142) to work on /home/airflow/.local/lib/python3.12/site-packages/airflow/example_dags/example_bash_operator.py
[2024-11-13T21:35:33.064+0000] {processor.py:914} INFO - Processing file /home/airflow/.local/lib/python3.12/site-packages/airflow/example_dags/example_bash_operator.py for tasks to queue
[2024-11-13T21:35:33.065+0000] {logging_mixin.py:190} INFO - [2024-11-13T21:35:33.065+0000] {dagbag.py:588} INFO - Filling up the DagBag from /home/airflow/.local/lib/python3.12/site-packages/airflow/example_dags/example_bash_operator.py
[2024-11-13T21:35:33.070+0000] {processor.py:925} INFO - DAG(s) 'example_bash_operator' retrieved from /home/airflow/.local/lib/python3.12/site-packages/airflow/example_dags/example_bash_operator.py
[2024-11-13T21:35:33.080+0000] {logging_mixin.py:190} INFO - [2024-11-13T21:35:33.080+0000] {dag.py:3239} INFO - Sync 1 DAGs
[2024-11-13T21:35:33.089+0000] {logging_mixin.py:190} INFO - [2024-11-13T21:35:33.089+0000] {dag.py:4180} INFO - Setting next_dagrun for example_bash_operator to 2024-11-12 00:00:00+00:00, run_after=2024-11-13 00:00:00+00:00
[2024-11-13T21:35:33.095+0000] {processor.py:208} INFO - Processing /home/airflow/.local/lib/python3.12/site-packages/airflow/example_dags/example_bash_operator.py took 0.034 seconds
[2024-11-13T21:36:03.794+0000] {processor.py:186} INFO - Started process (PID=209) to work on /home/airflow/.local/lib/python3.12/site-packages/airflow/example_dags/example_bash_operator.py
[2024-11-13T21:36:03.795+0000] {processor.py:914} INFO - Processing file /home/airflow/.local/lib/python3.12/site-packages/airflow/example_dags/example_bash_operator.py for tasks to queue
[2024-11-13T21:36:03.796+0000] {logging_mixin.py:190} INFO - [2024-11-13T21:36:03.796+0000] {dagbag.py:588} INFO - Filling up the DagBag from /home/airflow/.local/lib/python3.12/site-packages/airflow/example_dags/example_bash_operator.py
[2024-11-13T21:36:03.802+0000] {processor.py:925} INFO - DAG(s) 'example_bash_operator' retrieved from /home/airflow/.local/lib/python3.12/site-packages/airflow/example_dags/example_bash_operator.py
[2024-11-13T21:36:03.812+0000] {logging_mixin.py:190} INFO - [2024-11-13T21:36:03.812+0000] {dag.py:3239} INFO - Sync 1 DAGs
[2024-11-13T21:36:03.822+0000] {logging_mixin.py:190} INFO - [2024-11-13T21:36:03.822+0000] {dag.py:4180} INFO - Setting next_dagrun for example_bash_operator to 2024-11-12 00:00:00+00:00, run_after=2024-11-13 00:00:00+00:00
[2024-11-13T21:36:03.829+0000] {processor.py:208} INFO - Processing /home/airflow/.local/lib/python3.12/site-packages/airflow/example_dags/example_bash_operator.py took 0.037 seconds
[2024-11-13T21:36:34.277+0000] {processor.py:186} INFO - Started process (PID=278) to work on /home/airflow/.local/lib/python3.12/site-packages/airflow/example_dags/example_bash_operator.py
[2024-11-13T21:36:34.279+0000] {processor.py:914} INFO - Processing file /home/airflow/.local/lib/python3.12/site-packages/airflow/example_dags/example_bash_operator.py for tasks to queue
[2024-11-13T21:36:34.280+0000] {logging_mixin.py:190} INFO - [2024-11-13T21:36:34.280+0000] {dagbag.py:588} INFO - Filling up the DagBag from /home/airflow/.local/lib/python3.12/site-packages/airflow/example_dags/example_bash_operator.py
[2024-11-13T21:36:34.287+0000] {processor.py:925} INFO - DAG(s) 'example_bash_operator' retrieved from /home/airflow/.local/lib/python3.12/site-packages/airflow/example_dags/example_bash_operator.py
[2024-11-13T21:36:34.298+0000] {logging_mixin.py:190} INFO - [2024-11-13T21:36:34.298+0000] {dag.py:3239} INFO - Sync 1 DAGs
[2024-11-13T21:36:34.309+0000] {logging_mixin.py:190} INFO - [2024-11-13T21:36:34.309+0000] {dag.py:4180} INFO - Setting next_dagrun for example_bash_operator to 2024-11-12 00:00:00+00:00, run_after=2024-11-13 00:00:00+00:00
[2024-11-13T21:36:34.317+0000] {processor.py:208} INFO - Processing /home/airflow/.local/lib/python3.12/site-packages/airflow/example_dags/example_bash_operator.py took 0.043 seconds
[2024-11-13T21:37:04.702+0000] {processor.py:186} INFO - Started process (PID=341) to work on /home/airflow/.local/lib/python3.12/site-packages/airflow/example_dags/example_bash_operator.py
[2024-11-13T21:37:04.703+0000] {processor.py:914} INFO - Processing file /home/airflow/.local/lib/python3.12/site-packages/airflow/example_dags/example_bash_operator.py for tasks to queue
[2024-11-13T21:37:04.704+0000] {logging_mixin.py:190} INFO - [2024-11-13T21:37:04.704+0000] {dagbag.py:588} INFO - Filling up the DagBag from /home/airflow/.local/lib/python3.12/site-packages/airflow/example_dags/example_bash_operator.py
[2024-11-13T21:37:04.710+0000] {processor.py:925} INFO - DAG(s) 'example_bash_operator' retrieved from /home/airflow/.local/lib/python3.12/site-packages/airflow/example_dags/example_bash_operator.py
[2024-11-13T21:37:04.720+0000] {logging_mixin.py:190} INFO - [2024-11-13T21:37:04.720+0000] {dag.py:3239} INFO - Sync 1 DAGs
[2024-11-13T21:37:04.729+0000] {logging_mixin.py:190} INFO - [2024-11-13T21:37:04.729+0000] {dag.py:4180} INFO - Setting next_dagrun for example_bash_operator to 2024-11-12 00:00:00+00:00, run_after=2024-11-13 00:00:00+00:00
[2024-11-13T21:37:04.737+0000] {processor.py:208} INFO - Processing /home/airflow/.local/lib/python3.12/site-packages/airflow/example_dags/example_bash_operator.py took 0.038 seconds
[2024-11-13T21:37:35.051+0000] {processor.py:186} INFO - Started process (PID=404) to work on /home/airflow/.local/lib/python3.12/site-packages/airflow/example_dags/example_bash_operator.py
[2024-11-13T21:37:35.053+0000] {processor.py:914} INFO - Processing file /home/airflow/.local/lib/python3.12/site-packages/airflow/example_dags/example_bash_operator.py for tasks to queue
[2024-11-13T21:37:35.056+0000] {logging_mixin.py:190} INFO - [2024-11-13T21:37:35.056+0000] {dagbag.py:588} INFO - Filling up the DagBag from /home/airflow/.local/lib/python3.12/site-packages/airflow/example_dags/example_bash_operator.py
[2024-11-13T21:37:35.061+0000] {processor.py:925} INFO - DAG(s) 'example_bash_operator' retrieved from /home/airflow/.local/lib/python3.12/site-packages/airflow/example_dags/example_bash_operator.py
[2024-11-13T21:37:35.073+0000] {logging_mixin.py:190} INFO - [2024-11-13T21:37:35.072+0000] {dag.py:3239} INFO - Sync 1 DAGs
[2024-11-13T21:37:35.082+0000] {logging_mixin.py:190} INFO - [2024-11-13T21:37:35.082+0000] {dag.py:4180} INFO - Setting next_dagrun for example_bash_operator to 2024-11-12 00:00:00+00:00, run_after=2024-11-13 00:00:00+00:00
[2024-11-13T21:37:35.094+0000] {processor.py:208} INFO - Processing /home/airflow/.local/lib/python3.12/site-packages/airflow/example_dags/example_bash_operator.py took 0.045 seconds
[2024-11-13T21:38:05.402+0000] {processor.py:186} INFO - Started process (PID=467) to work on /home/airflow/.local/lib/python3.12/site-packages/airflow/example_dags/example_bash_operator.py
[2024-11-13T21:38:05.403+0000] {processor.py:914} INFO - Processing file /home/airflow/.local/lib/python3.12/site-packages/airflow/example_dags/example_bash_operator.py for tasks to queue
[2024-11-13T21:38:05.404+0000] {logging_mixin.py:190} INFO - [2024-11-13T21:38:05.404+0000] {dagbag.py:588} INFO - Filling up the DagBag from /home/airflow/.local/lib/python3.12/site-packages/airflow/example_dags/example_bash_operator.py
[2024-11-13T21:38:05.410+0000] {processor.py:925} INFO - DAG(s) 'example_bash_operator' retrieved from /home/airflow/.local/lib/python3.12/site-packages/airflow/example_dags/example_bash_operator.py
[2024-11-13T21:38:05.421+0000] {logging_mixin.py:190} INFO - [2024-11-13T21:38:05.421+0000] {dag.py:3239} INFO - Sync 1 DAGs
[2024-11-13T21:38:05.430+0000] {logging_mixin.py:190} INFO - [2024-11-13T21:38:05.430+0000] {dag.py:4180} INFO - Setting next_dagrun for example_bash_operator to 2024-11-12 00:00:00+00:00, run_after=2024-11-13 00:00:00+00:00
[2024-11-13T21:38:05.436+0000] {processor.py:208} INFO - Processing /home/airflow/.local/lib/python3.12/site-packages/airflow/example_dags/example_bash_operator.py took 0.037 seconds
[2024-11-13T23:40:20.445+0000] {processor.py:186} INFO - Started process (PID=72) to work on /home/airflow/.local/lib/python3.12/site-packages/airflow/example_dags/example_bash_operator.py
[2024-11-13T23:40:20.446+0000] {processor.py:914} INFO - Processing file /home/airflow/.local/lib/python3.12/site-packages/airflow/example_dags/example_bash_operator.py for tasks to queue
[2024-11-13T23:40:20.448+0000] {logging_mixin.py:190} INFO - [2024-11-13T23:40:20.448+0000] {dagbag.py:588} INFO - Filling up the DagBag from /home/airflow/.local/lib/python3.12/site-packages/airflow/example_dags/example_bash_operator.py
[2024-11-13T23:40:20.456+0000] {processor.py:925} INFO - DAG(s) 'example_bash_operator' retrieved from /home/airflow/.local/lib/python3.12/site-packages/airflow/example_dags/example_bash_operator.py
[2024-11-13T23:40:20.503+0000] {logging_mixin.py:190} INFO - [2024-11-13T23:40:20.503+0000] {override.py:1911} INFO - Created Permission View: can edit on DAG:example_bash_operator
[2024-11-13T23:40:20.507+0000] {logging_mixin.py:190} INFO - [2024-11-13T23:40:20.507+0000] {override.py:1911} INFO - Created Permission View: can delete on DAG:example_bash_operator
[2024-11-13T23:40:20.509+0000] {logging_mixin.py:190} INFO - [2024-11-13T23:40:20.509+0000] {override.py:1911} INFO - Created Permission View: can read on DAG:example_bash_operator
[2024-11-13T23:40:20.511+0000] {logging_mixin.py:190} INFO - [2024-11-13T23:40:20.511+0000] {override.py:1911} INFO - Created Permission View: can delete on DAG Run:example_bash_operator
[2024-11-13T23:40:20.512+0000] {logging_mixin.py:190} INFO - [2024-11-13T23:40:20.512+0000] {override.py:1911} INFO - Created Permission View: menu access on DAG Run:example_bash_operator
[2024-11-13T23:40:20.515+0000] {logging_mixin.py:190} INFO - [2024-11-13T23:40:20.514+0000] {override.py:1911} INFO - Created Permission View: can read on DAG Run:example_bash_operator
[2024-11-13T23:40:20.516+0000] {logging_mixin.py:190} INFO - [2024-11-13T23:40:20.516+0000] {override.py:1911} INFO - Created Permission View: can create on DAG Run:example_bash_operator
[2024-11-13T23:40:20.516+0000] {logging_mixin.py:190} INFO - [2024-11-13T23:40:20.516+0000] {dag.py:3239} INFO - Sync 1 DAGs
[2024-11-13T23:40:20.521+0000] {logging_mixin.py:190} INFO - [2024-11-13T23:40:20.520+0000] {dag.py:3262} INFO - Creating ORM DAG for example_bash_operator
[2024-11-13T23:40:20.525+0000] {logging_mixin.py:190} INFO - [2024-11-13T23:40:20.525+0000] {dag.py:4180} INFO - Setting next_dagrun for example_bash_operator to 2024-11-12 00:00:00+00:00, run_after=2024-11-13 00:00:00+00:00
[2024-11-13T23:40:20.532+0000] {processor.py:208} INFO - Processing /home/airflow/.local/lib/python3.12/site-packages/airflow/example_dags/example_bash_operator.py took 0.089 seconds
[2024-11-13T23:40:51.094+0000] {processor.py:186} INFO - Started process (PID=135) to work on /home/airflow/.local/lib/python3.12/site-packages/airflow/example_dags/example_bash_operator.py
[2024-11-13T23:40:51.094+0000] {processor.py:914} INFO - Processing file /home/airflow/.local/lib/python3.12/site-packages/airflow/example_dags/example_bash_operator.py for tasks to queue
[2024-11-13T23:40:51.095+0000] {logging_mixin.py:190} INFO - [2024-11-13T23:40:51.095+0000] {dagbag.py:588} INFO - Filling up the DagBag from /home/airflow/.local/lib/python3.12/site-packages/airflow/example_dags/example_bash_operator.py
[2024-11-13T23:40:51.100+0000] {processor.py:925} INFO - DAG(s) 'example_bash_operator' retrieved from /home/airflow/.local/lib/python3.12/site-packages/airflow/example_dags/example_bash_operator.py
[2024-11-13T23:40:51.110+0000] {logging_mixin.py:190} INFO - [2024-11-13T23:40:51.110+0000] {dag.py:3239} INFO - Sync 1 DAGs
[2024-11-13T23:40:51.118+0000] {logging_mixin.py:190} INFO - [2024-11-13T23:40:51.118+0000] {dag.py:4180} INFO - Setting next_dagrun for example_bash_operator to 2024-11-12 00:00:00+00:00, run_after=2024-11-13 00:00:00+00:00
[2024-11-13T23:40:51.124+0000] {processor.py:208} INFO - Processing /home/airflow/.local/lib/python3.12/site-packages/airflow/example_dags/example_bash_operator.py took 0.033 seconds
[2024-11-13T23:41:21.473+0000] {processor.py:186} INFO - Started process (PID=203) to work on /home/airflow/.local/lib/python3.12/site-packages/airflow/example_dags/example_bash_operator.py
[2024-11-13T23:41:21.474+0000] {processor.py:914} INFO - Processing file /home/airflow/.local/lib/python3.12/site-packages/airflow/example_dags/example_bash_operator.py for tasks to queue
[2024-11-13T23:41:21.475+0000] {logging_mixin.py:190} INFO - [2024-11-13T23:41:21.475+0000] {dagbag.py:588} INFO - Filling up the DagBag from /home/airflow/.local/lib/python3.12/site-packages/airflow/example_dags/example_bash_operator.py
[2024-11-13T23:41:21.480+0000] {processor.py:925} INFO - DAG(s) 'example_bash_operator' retrieved from /home/airflow/.local/lib/python3.12/site-packages/airflow/example_dags/example_bash_operator.py
[2024-11-13T23:41:21.491+0000] {logging_mixin.py:190} INFO - [2024-11-13T23:41:21.491+0000] {dag.py:3239} INFO - Sync 1 DAGs
[2024-11-13T23:41:21.501+0000] {logging_mixin.py:190} INFO - [2024-11-13T23:41:21.501+0000] {dag.py:4180} INFO - Setting next_dagrun for example_bash_operator to 2024-11-12 00:00:00+00:00, run_after=2024-11-13 00:00:00+00:00
[2024-11-13T23:41:21.507+0000] {processor.py:208} INFO - Processing /home/airflow/.local/lib/python3.12/site-packages/airflow/example_dags/example_bash_operator.py took 0.037 seconds
[2024-11-13T23:41:51.925+0000] {processor.py:186} INFO - Started process (PID=266) to work on /home/airflow/.local/lib/python3.12/site-packages/airflow/example_dags/example_bash_operator.py
[2024-11-13T23:41:51.925+0000] {processor.py:914} INFO - Processing file /home/airflow/.local/lib/python3.12/site-packages/airflow/example_dags/example_bash_operator.py for tasks to queue
[2024-11-13T23:41:51.926+0000] {logging_mixin.py:190} INFO - [2024-11-13T23:41:51.926+0000] {dagbag.py:588} INFO - Filling up the DagBag from /home/airflow/.local/lib/python3.12/site-packages/airflow/example_dags/example_bash_operator.py
[2024-11-13T23:41:51.933+0000] {processor.py:925} INFO - DAG(s) 'example_bash_operator' retrieved from /home/airflow/.local/lib/python3.12/site-packages/airflow/example_dags/example_bash_operator.py
[2024-11-13T23:41:51.948+0000] {logging_mixin.py:190} INFO - [2024-11-13T23:41:51.947+0000] {dag.py:3239} INFO - Sync 1 DAGs
[2024-11-13T23:41:51.957+0000] {logging_mixin.py:190} INFO - [2024-11-13T23:41:51.957+0000] {dag.py:4180} INFO - Setting next_dagrun for example_bash_operator to 2024-11-12 00:00:00+00:00, run_after=2024-11-13 00:00:00+00:00
[2024-11-13T23:41:51.967+0000] {processor.py:208} INFO - Processing /home/airflow/.local/lib/python3.12/site-packages/airflow/example_dags/example_bash_operator.py took 0.044 seconds
[2024-11-13T23:42:22.386+0000] {processor.py:186} INFO - Started process (PID=329) to work on /home/airflow/.local/lib/python3.12/site-packages/airflow/example_dags/example_bash_operator.py
[2024-11-13T23:42:22.387+0000] {processor.py:914} INFO - Processing file /home/airflow/.local/lib/python3.12/site-packages/airflow/example_dags/example_bash_operator.py for tasks to queue
[2024-11-13T23:42:22.388+0000] {logging_mixin.py:190} INFO - [2024-11-13T23:42:22.388+0000] {dagbag.py:588} INFO - Filling up the DagBag from /home/airflow/.local/lib/python3.12/site-packages/airflow/example_dags/example_bash_operator.py
[2024-11-13T23:42:22.394+0000] {processor.py:925} INFO - DAG(s) 'example_bash_operator' retrieved from /home/airflow/.local/lib/python3.12/site-packages/airflow/example_dags/example_bash_operator.py
[2024-11-13T23:42:22.407+0000] {logging_mixin.py:190} INFO - [2024-11-13T23:42:22.407+0000] {dag.py:3239} INFO - Sync 1 DAGs
[2024-11-13T23:42:22.417+0000] {logging_mixin.py:190} INFO - [2024-11-13T23:42:22.417+0000] {dag.py:4180} INFO - Setting next_dagrun for example_bash_operator to 2024-11-12 00:00:00+00:00, run_after=2024-11-13 00:00:00+00:00
[2024-11-13T23:42:22.428+0000] {processor.py:208} INFO - Processing /home/airflow/.local/lib/python3.12/site-packages/airflow/example_dags/example_bash_operator.py took 0.044 seconds
[2024-11-13T23:42:52.670+0000] {processor.py:186} INFO - Started process (PID=392) to work on /home/airflow/.local/lib/python3.12/site-packages/airflow/example_dags/example_bash_operator.py
[2024-11-13T23:42:52.671+0000] {processor.py:914} INFO - Processing file /home/airflow/.local/lib/python3.12/site-packages/airflow/example_dags/example_bash_operator.py for tasks to queue
[2024-11-13T23:42:52.671+0000] {logging_mixin.py:190} INFO - [2024-11-13T23:42:52.671+0000] {dagbag.py:588} INFO - Filling up the DagBag from /home/airflow/.local/lib/python3.12/site-packages/airflow/example_dags/example_bash_operator.py
[2024-11-13T23:42:52.677+0000] {processor.py:925} INFO - DAG(s) 'example_bash_operator' retrieved from /home/airflow/.local/lib/python3.12/site-packages/airflow/example_dags/example_bash_operator.py
[2024-11-13T23:42:52.688+0000] {logging_mixin.py:190} INFO - [2024-11-13T23:42:52.688+0000] {dag.py:3239} INFO - Sync 1 DAGs
[2024-11-13T23:42:52.696+0000] {logging_mixin.py:190} INFO - [2024-11-13T23:42:52.696+0000] {dag.py:4180} INFO - Setting next_dagrun for example_bash_operator to 2024-11-12 00:00:00+00:00, run_after=2024-11-13 00:00:00+00:00
[2024-11-13T23:42:52.704+0000] {processor.py:208} INFO - Processing /home/airflow/.local/lib/python3.12/site-packages/airflow/example_dags/example_bash_operator.py took 0.036 seconds
[2024-11-13T23:43:23.885+0000] {processor.py:186} INFO - Started process (PID=454) to work on /home/airflow/.local/lib/python3.12/site-packages/airflow/example_dags/example_bash_operator.py
[2024-11-13T23:43:23.890+0000] {processor.py:914} INFO - Processing file /home/airflow/.local/lib/python3.12/site-packages/airflow/example_dags/example_bash_operator.py for tasks to queue
[2024-11-13T23:43:23.892+0000] {logging_mixin.py:190} INFO - [2024-11-13T23:43:23.892+0000] {dagbag.py:588} INFO - Filling up the DagBag from /home/airflow/.local/lib/python3.12/site-packages/airflow/example_dags/example_bash_operator.py
[2024-11-13T23:43:23.897+0000] {processor.py:925} INFO - DAG(s) 'example_bash_operator' retrieved from /home/airflow/.local/lib/python3.12/site-packages/airflow/example_dags/example_bash_operator.py
[2024-11-13T23:43:23.911+0000] {logging_mixin.py:190} INFO - [2024-11-13T23:43:23.911+0000] {dag.py:3239} INFO - Sync 1 DAGs
[2024-11-13T23:43:23.921+0000] {logging_mixin.py:190} INFO - [2024-11-13T23:43:23.921+0000] {dag.py:4180} INFO - Setting next_dagrun for example_bash_operator to 2024-11-12 00:00:00+00:00, run_after=2024-11-13 00:00:00+00:00
[2024-11-13T23:43:23.932+0000] {processor.py:208} INFO - Processing /home/airflow/.local/lib/python3.12/site-packages/airflow/example_dags/example_bash_operator.py took 0.050 seconds
[2024-11-13T23:43:55.126+0000] {processor.py:186} INFO - Started process (PID=517) to work on /home/airflow/.local/lib/python3.12/site-packages/airflow/example_dags/example_bash_operator.py
[2024-11-13T23:43:55.126+0000] {processor.py:914} INFO - Processing file /home/airflow/.local/lib/python3.12/site-packages/airflow/example_dags/example_bash_operator.py for tasks to queue
[2024-11-13T23:43:55.127+0000] {logging_mixin.py:190} INFO - [2024-11-13T23:43:55.127+0000] {dagbag.py:588} INFO - Filling up the DagBag from /home/airflow/.local/lib/python3.12/site-packages/airflow/example_dags/example_bash_operator.py
[2024-11-13T23:43:55.132+0000] {processor.py:925} INFO - DAG(s) 'example_bash_operator' retrieved from /home/airflow/.local/lib/python3.12/site-packages/airflow/example_dags/example_bash_operator.py
[2024-11-13T23:43:55.142+0000] {logging_mixin.py:190} INFO - [2024-11-13T23:43:55.142+0000] {dag.py:3239} INFO - Sync 1 DAGs
[2024-11-13T23:43:55.150+0000] {logging_mixin.py:190} INFO - [2024-11-13T23:43:55.150+0000] {dag.py:4180} INFO - Setting next_dagrun for example_bash_operator to 2024-11-12 00:00:00+00:00, run_after=2024-11-13 00:00:00+00:00
[2024-11-13T23:43:55.156+0000] {processor.py:208} INFO - Processing /home/airflow/.local/lib/python3.12/site-packages/airflow/example_dags/example_bash_operator.py took 0.031 seconds
[2024-11-13T23:44:26.410+0000] {processor.py:186} INFO - Started process (PID=580) to work on /home/airflow/.local/lib/python3.12/site-packages/airflow/example_dags/example_bash_operator.py
[2024-11-13T23:44:26.410+0000] {processor.py:914} INFO - Processing file /home/airflow/.local/lib/python3.12/site-packages/airflow/example_dags/example_bash_operator.py for tasks to queue
[2024-11-13T23:44:26.412+0000] {logging_mixin.py:190} INFO - [2024-11-13T23:44:26.412+0000] {dagbag.py:588} INFO - Filling up the DagBag from /home/airflow/.local/lib/python3.12/site-packages/airflow/example_dags/example_bash_operator.py
[2024-11-13T23:44:26.418+0000] {processor.py:925} INFO - DAG(s) 'example_bash_operator' retrieved from /home/airflow/.local/lib/python3.12/site-packages/airflow/example_dags/example_bash_operator.py
[2024-11-13T23:44:26.428+0000] {logging_mixin.py:190} INFO - [2024-11-13T23:44:26.428+0000] {dag.py:3239} INFO - Sync 1 DAGs
[2024-11-13T23:44:26.437+0000] {logging_mixin.py:190} INFO - [2024-11-13T23:44:26.437+0000] {dag.py:4180} INFO - Setting next_dagrun for example_bash_operator to 2024-11-12 00:00:00+00:00, run_after=2024-11-13 00:00:00+00:00
[2024-11-13T23:44:26.443+0000] {processor.py:208} INFO - Processing /home/airflow/.local/lib/python3.12/site-packages/airflow/example_dags/example_bash_operator.py took 0.035 seconds
[2024-11-13T23:44:57.686+0000] {processor.py:186} INFO - Started process (PID=643) to work on /home/airflow/.local/lib/python3.12/site-packages/airflow/example_dags/example_bash_operator.py
[2024-11-13T23:44:57.687+0000] {processor.py:914} INFO - Processing file /home/airflow/.local/lib/python3.12/site-packages/airflow/example_dags/example_bash_operator.py for tasks to queue
[2024-11-13T23:44:57.688+0000] {logging_mixin.py:190} INFO - [2024-11-13T23:44:57.688+0000] {dagbag.py:588} INFO - Filling up the DagBag from /home/airflow/.local/lib/python3.12/site-packages/airflow/example_dags/example_bash_operator.py
[2024-11-13T23:44:57.694+0000] {processor.py:925} INFO - DAG(s) 'example_bash_operator' retrieved from /home/airflow/.local/lib/python3.12/site-packages/airflow/example_dags/example_bash_operator.py
[2024-11-13T23:44:57.703+0000] {logging_mixin.py:190} INFO - [2024-11-13T23:44:57.703+0000] {dag.py:3239} INFO - Sync 1 DAGs
[2024-11-13T23:44:57.711+0000] {logging_mixin.py:190} INFO - [2024-11-13T23:44:57.711+0000] {dag.py:4180} INFO - Setting next_dagrun for example_bash_operator to 2024-11-12 00:00:00+00:00, run_after=2024-11-13 00:00:00+00:00
[2024-11-13T23:44:57.718+0000] {processor.py:208} INFO - Processing /home/airflow/.local/lib/python3.12/site-packages/airflow/example_dags/example_bash_operator.py took 0.035 seconds
[2024-11-13T23:45:28.903+0000] {processor.py:186} INFO - Started process (PID=706) to work on /home/airflow/.local/lib/python3.12/site-packages/airflow/example_dags/example_bash_operator.py
[2024-11-13T23:45:28.904+0000] {processor.py:914} INFO - Processing file /home/airflow/.local/lib/python3.12/site-packages/airflow/example_dags/example_bash_operator.py for tasks to queue
[2024-11-13T23:45:28.905+0000] {logging_mixin.py:190} INFO - [2024-11-13T23:45:28.905+0000] {dagbag.py:588} INFO - Filling up the DagBag from /home/airflow/.local/lib/python3.12/site-packages/airflow/example_dags/example_bash_operator.py
[2024-11-13T23:45:28.911+0000] {processor.py:925} INFO - DAG(s) 'example_bash_operator' retrieved from /home/airflow/.local/lib/python3.12/site-packages/airflow/example_dags/example_bash_operator.py
[2024-11-13T23:45:28.921+0000] {logging_mixin.py:190} INFO - [2024-11-13T23:45:28.921+0000] {dag.py:3239} INFO - Sync 1 DAGs
[2024-11-13T23:45:28.930+0000] {logging_mixin.py:190} INFO - [2024-11-13T23:45:28.930+0000] {dag.py:4180} INFO - Setting next_dagrun for example_bash_operator to 2024-11-12 00:00:00+00:00, run_after=2024-11-13 00:00:00+00:00
[2024-11-13T23:45:28.939+0000] {processor.py:208} INFO - Processing /home/airflow/.local/lib/python3.12/site-packages/airflow/example_dags/example_bash_operator.py took 0.038 seconds
[2024-11-13T23:46:00.052+0000] {processor.py:186} INFO - Started process (PID=769) to work on /home/airflow/.local/lib/python3.12/site-packages/airflow/example_dags/example_bash_operator.py
[2024-11-13T23:46:00.053+0000] {processor.py:914} INFO - Processing file /home/airflow/.local/lib/python3.12/site-packages/airflow/example_dags/example_bash_operator.py for tasks to queue
[2024-11-13T23:46:00.054+0000] {logging_mixin.py:190} INFO - [2024-11-13T23:46:00.053+0000] {dagbag.py:588} INFO - Filling up the DagBag from /home/airflow/.local/lib/python3.12/site-packages/airflow/example_dags/example_bash_operator.py
[2024-11-13T23:46:00.059+0000] {processor.py:925} INFO - DAG(s) 'example_bash_operator' retrieved from /home/airflow/.local/lib/python3.12/site-packages/airflow/example_dags/example_bash_operator.py
[2024-11-13T23:46:00.069+0000] {logging_mixin.py:190} INFO - [2024-11-13T23:46:00.069+0000] {dag.py:3239} INFO - Sync 1 DAGs
[2024-11-13T23:46:00.079+0000] {logging_mixin.py:190} INFO - [2024-11-13T23:46:00.079+0000] {dag.py:4180} INFO - Setting next_dagrun for example_bash_operator to 2024-11-12 00:00:00+00:00, run_after=2024-11-13 00:00:00+00:00
[2024-11-13T23:46:00.086+0000] {processor.py:208} INFO - Processing /home/airflow/.local/lib/python3.12/site-packages/airflow/example_dags/example_bash_operator.py took 0.037 seconds
[2024-11-13T23:46:31.338+0000] {processor.py:186} INFO - Started process (PID=832) to work on /home/airflow/.local/lib/python3.12/site-packages/airflow/example_dags/example_bash_operator.py
[2024-11-13T23:46:31.339+0000] {processor.py:914} INFO - Processing file /home/airflow/.local/lib/python3.12/site-packages/airflow/example_dags/example_bash_operator.py for tasks to queue
[2024-11-13T23:46:31.340+0000] {logging_mixin.py:190} INFO - [2024-11-13T23:46:31.340+0000] {dagbag.py:588} INFO - Filling up the DagBag from /home/airflow/.local/lib/python3.12/site-packages/airflow/example_dags/example_bash_operator.py
[2024-11-13T23:46:31.347+0000] {processor.py:925} INFO - DAG(s) 'example_bash_operator' retrieved from /home/airflow/.local/lib/python3.12/site-packages/airflow/example_dags/example_bash_operator.py
[2024-11-13T23:46:31.358+0000] {logging_mixin.py:190} INFO - [2024-11-13T23:46:31.358+0000] {dag.py:3239} INFO - Sync 1 DAGs
[2024-11-13T23:46:31.367+0000] {logging_mixin.py:190} INFO - [2024-11-13T23:46:31.367+0000] {dag.py:4180} INFO - Setting next_dagrun for example_bash_operator to 2024-11-12 00:00:00+00:00, run_after=2024-11-13 00:00:00+00:00
[2024-11-13T23:46:31.373+0000] {processor.py:208} INFO - Processing /home/airflow/.local/lib/python3.12/site-packages/airflow/example_dags/example_bash_operator.py took 0.038 seconds
[2024-11-13T23:47:02.699+0000] {processor.py:186} INFO - Started process (PID=895) to work on /home/airflow/.local/lib/python3.12/site-packages/airflow/example_dags/example_bash_operator.py
[2024-11-13T23:47:02.700+0000] {processor.py:914} INFO - Processing file /home/airflow/.local/lib/python3.12/site-packages/airflow/example_dags/example_bash_operator.py for tasks to queue
[2024-11-13T23:47:02.701+0000] {logging_mixin.py:190} INFO - [2024-11-13T23:47:02.701+0000] {dagbag.py:588} INFO - Filling up the DagBag from /home/airflow/.local/lib/python3.12/site-packages/airflow/example_dags/example_bash_operator.py
[2024-11-13T23:47:02.707+0000] {processor.py:925} INFO - DAG(s) 'example_bash_operator' retrieved from /home/airflow/.local/lib/python3.12/site-packages/airflow/example_dags/example_bash_operator.py
[2024-11-13T23:47:02.718+0000] {logging_mixin.py:190} INFO - [2024-11-13T23:47:02.718+0000] {dag.py:3239} INFO - Sync 1 DAGs
[2024-11-13T23:47:02.728+0000] {logging_mixin.py:190} INFO - [2024-11-13T23:47:02.728+0000] {dag.py:4180} INFO - Setting next_dagrun for example_bash_operator to 2024-11-12 00:00:00+00:00, run_after=2024-11-13 00:00:00+00:00
[2024-11-13T23:47:02.736+0000] {processor.py:208} INFO - Processing /home/airflow/.local/lib/python3.12/site-packages/airflow/example_dags/example_bash_operator.py took 0.039 seconds
[2024-11-13T23:47:33.946+0000] {processor.py:186} INFO - Started process (PID=958) to work on /home/airflow/.local/lib/python3.12/site-packages/airflow/example_dags/example_bash_operator.py
[2024-11-13T23:47:33.946+0000] {processor.py:914} INFO - Processing file /home/airflow/.local/lib/python3.12/site-packages/airflow/example_dags/example_bash_operator.py for tasks to queue
[2024-11-13T23:47:33.948+0000] {logging_mixin.py:190} INFO - [2024-11-13T23:47:33.948+0000] {dagbag.py:588} INFO - Filling up the DagBag from /home/airflow/.local/lib/python3.12/site-packages/airflow/example_dags/example_bash_operator.py
[2024-11-13T23:47:33.953+0000] {processor.py:925} INFO - DAG(s) 'example_bash_operator' retrieved from /home/airflow/.local/lib/python3.12/site-packages/airflow/example_dags/example_bash_operator.py
[2024-11-13T23:47:33.965+0000] {logging_mixin.py:190} INFO - [2024-11-13T23:47:33.964+0000] {dag.py:3239} INFO - Sync 1 DAGs
[2024-11-13T23:47:33.973+0000] {logging_mixin.py:190} INFO - [2024-11-13T23:47:33.973+0000] {dag.py:4180} INFO - Setting next_dagrun for example_bash_operator to 2024-11-12 00:00:00+00:00, run_after=2024-11-13 00:00:00+00:00
[2024-11-13T23:47:33.979+0000] {processor.py:208} INFO - Processing /home/airflow/.local/lib/python3.12/site-packages/airflow/example_dags/example_bash_operator.py took 0.036 seconds
