[2024-11-13T21:28:28.623+0000] {processor.py:186} INFO - Started process (PID=74) to work on /home/airflow/.local/lib/python3.12/site-packages/airflow/example_dags/example_python_operator.py
[2024-11-13T21:28:28.624+0000] {processor.py:914} INFO - Processing file /home/airflow/.local/lib/python3.12/site-packages/airflow/example_dags/example_python_operator.py for tasks to queue
[2024-11-13T21:28:28.625+0000] {logging_mixin.py:190} INFO - [2024-11-13T21:28:28.625+0000] {dagbag.py:588} INFO - Filling up the DagBag from /home/airflow/.local/lib/python3.12/site-packages/airflow/example_dags/example_python_operator.py
[2024-11-13T21:28:28.631+0000] {processor.py:925} INFO - DAG(s) 'example_python_operator' retrieved from /home/airflow/.local/lib/python3.12/site-packages/airflow/example_dags/example_python_operator.py
[2024-11-13T21:28:28.671+0000] {logging_mixin.py:190} INFO - [2024-11-13T21:28:28.671+0000] {override.py:1911} INFO - Created Permission View: can edit on DAG:example_python_operator
[2024-11-13T21:28:28.674+0000] {logging_mixin.py:190} INFO - [2024-11-13T21:28:28.674+0000] {override.py:1911} INFO - Created Permission View: can read on DAG:example_python_operator
[2024-11-13T21:28:28.676+0000] {logging_mixin.py:190} INFO - [2024-11-13T21:28:28.676+0000] {override.py:1911} INFO - Created Permission View: can delete on DAG:example_python_operator
[2024-11-13T21:28:28.677+0000] {logging_mixin.py:190} INFO - [2024-11-13T21:28:28.677+0000] {override.py:1911} INFO - Created Permission View: can delete on DAG Run:example_python_operator
[2024-11-13T21:28:28.679+0000] {logging_mixin.py:190} INFO - [2024-11-13T21:28:28.679+0000] {override.py:1911} INFO - Created Permission View: can read on DAG Run:example_python_operator
[2024-11-13T21:28:28.680+0000] {logging_mixin.py:190} INFO - [2024-11-13T21:28:28.680+0000] {override.py:1911} INFO - Created Permission View: menu access on DAG Run:example_python_operator
[2024-11-13T21:28:28.682+0000] {logging_mixin.py:190} INFO - [2024-11-13T21:28:28.682+0000] {override.py:1911} INFO - Created Permission View: can create on DAG Run:example_python_operator
[2024-11-13T21:28:28.682+0000] {logging_mixin.py:190} INFO - [2024-11-13T21:28:28.682+0000] {dag.py:3239} INFO - Sync 1 DAGs
[2024-11-13T21:28:28.687+0000] {logging_mixin.py:190} INFO - [2024-11-13T21:28:28.687+0000] {dag.py:3262} INFO - Creating ORM DAG for example_python_operator
[2024-11-13T21:28:28.688+0000] {logging_mixin.py:190} INFO - [2024-11-13T21:28:28.688+0000] {dag.py:4180} INFO - Setting next_dagrun for example_python_operator to None, run_after=None
[2024-11-13T21:28:28.693+0000] {processor.py:208} INFO - Processing /home/airflow/.local/lib/python3.12/site-packages/airflow/example_dags/example_python_operator.py took 0.073 seconds
[2024-11-13T21:28:59.592+0000] {processor.py:186} INFO - Started process (PID=136) to work on /home/airflow/.local/lib/python3.12/site-packages/airflow/example_dags/example_python_operator.py
[2024-11-13T21:28:59.592+0000] {processor.py:914} INFO - Processing file /home/airflow/.local/lib/python3.12/site-packages/airflow/example_dags/example_python_operator.py for tasks to queue
[2024-11-13T21:28:59.594+0000] {logging_mixin.py:190} INFO - [2024-11-13T21:28:59.593+0000] {dagbag.py:588} INFO - Filling up the DagBag from /home/airflow/.local/lib/python3.12/site-packages/airflow/example_dags/example_python_operator.py
[2024-11-13T21:28:59.599+0000] {processor.py:925} INFO - DAG(s) 'example_python_operator' retrieved from /home/airflow/.local/lib/python3.12/site-packages/airflow/example_dags/example_python_operator.py
[2024-11-13T21:28:59.610+0000] {logging_mixin.py:190} INFO - [2024-11-13T21:28:59.610+0000] {dag.py:3239} INFO - Sync 1 DAGs
[2024-11-13T21:28:59.616+0000] {logging_mixin.py:190} INFO - [2024-11-13T21:28:59.616+0000] {dag.py:4180} INFO - Setting next_dagrun for example_python_operator to None, run_after=None
[2024-11-13T21:28:59.626+0000] {processor.py:208} INFO - Processing /home/airflow/.local/lib/python3.12/site-packages/airflow/example_dags/example_python_operator.py took 0.037 seconds
[2024-11-13T21:29:29.973+0000] {processor.py:186} INFO - Started process (PID=198) to work on /home/airflow/.local/lib/python3.12/site-packages/airflow/example_dags/example_python_operator.py
[2024-11-13T21:29:29.974+0000] {processor.py:914} INFO - Processing file /home/airflow/.local/lib/python3.12/site-packages/airflow/example_dags/example_python_operator.py for tasks to queue
[2024-11-13T21:29:29.975+0000] {logging_mixin.py:190} INFO - [2024-11-13T21:29:29.975+0000] {dagbag.py:588} INFO - Filling up the DagBag from /home/airflow/.local/lib/python3.12/site-packages/airflow/example_dags/example_python_operator.py
[2024-11-13T21:29:29.982+0000] {processor.py:925} INFO - DAG(s) 'example_python_operator' retrieved from /home/airflow/.local/lib/python3.12/site-packages/airflow/example_dags/example_python_operator.py
[2024-11-13T21:29:29.992+0000] {logging_mixin.py:190} INFO - [2024-11-13T21:29:29.992+0000] {dag.py:3239} INFO - Sync 1 DAGs
[2024-11-13T21:29:29.998+0000] {logging_mixin.py:190} INFO - [2024-11-13T21:29:29.998+0000] {dag.py:4180} INFO - Setting next_dagrun for example_python_operator to None, run_after=None
[2024-11-13T21:29:30.006+0000] {processor.py:208} INFO - Processing /home/airflow/.local/lib/python3.12/site-packages/airflow/example_dags/example_python_operator.py took 0.035 seconds
[2024-11-13T21:30:00.090+0000] {processor.py:186} INFO - Started process (PID=259) to work on /home/airflow/.local/lib/python3.12/site-packages/airflow/example_dags/example_python_operator.py
[2024-11-13T21:30:00.091+0000] {processor.py:914} INFO - Processing file /home/airflow/.local/lib/python3.12/site-packages/airflow/example_dags/example_python_operator.py for tasks to queue
[2024-11-13T21:30:00.093+0000] {logging_mixin.py:190} INFO - [2024-11-13T21:30:00.092+0000] {dagbag.py:588} INFO - Filling up the DagBag from /home/airflow/.local/lib/python3.12/site-packages/airflow/example_dags/example_python_operator.py
[2024-11-13T21:30:00.101+0000] {processor.py:925} INFO - DAG(s) 'example_python_operator' retrieved from /home/airflow/.local/lib/python3.12/site-packages/airflow/example_dags/example_python_operator.py
[2024-11-13T21:30:00.114+0000] {logging_mixin.py:190} INFO - [2024-11-13T21:30:00.114+0000] {dag.py:3239} INFO - Sync 1 DAGs
[2024-11-13T21:30:00.120+0000] {logging_mixin.py:190} INFO - [2024-11-13T21:30:00.120+0000] {dag.py:4180} INFO - Setting next_dagrun for example_python_operator to None, run_after=None
[2024-11-13T21:30:00.128+0000] {processor.py:208} INFO - Processing /home/airflow/.local/lib/python3.12/site-packages/airflow/example_dags/example_python_operator.py took 0.042 seconds
[2024-11-13T21:30:30.259+0000] {processor.py:186} INFO - Started process (PID=322) to work on /home/airflow/.local/lib/python3.12/site-packages/airflow/example_dags/example_python_operator.py
[2024-11-13T21:30:30.259+0000] {processor.py:914} INFO - Processing file /home/airflow/.local/lib/python3.12/site-packages/airflow/example_dags/example_python_operator.py for tasks to queue
[2024-11-13T21:30:30.263+0000] {logging_mixin.py:190} INFO - [2024-11-13T21:30:30.263+0000] {dagbag.py:588} INFO - Filling up the DagBag from /home/airflow/.local/lib/python3.12/site-packages/airflow/example_dags/example_python_operator.py
[2024-11-13T21:30:30.270+0000] {processor.py:925} INFO - DAG(s) 'example_python_operator' retrieved from /home/airflow/.local/lib/python3.12/site-packages/airflow/example_dags/example_python_operator.py
[2024-11-13T21:30:30.282+0000] {logging_mixin.py:190} INFO - [2024-11-13T21:30:30.282+0000] {dag.py:3239} INFO - Sync 1 DAGs
[2024-11-13T21:30:30.289+0000] {logging_mixin.py:190} INFO - [2024-11-13T21:30:30.289+0000] {dag.py:4180} INFO - Setting next_dagrun for example_python_operator to None, run_after=None
[2024-11-13T21:30:30.297+0000] {processor.py:208} INFO - Processing /home/airflow/.local/lib/python3.12/site-packages/airflow/example_dags/example_python_operator.py took 0.041 seconds
[2024-11-13T21:35:02.635+0000] {processor.py:186} INFO - Started process (PID=76) to work on /home/airflow/.local/lib/python3.12/site-packages/airflow/example_dags/example_python_operator.py
[2024-11-13T21:35:02.635+0000] {processor.py:914} INFO - Processing file /home/airflow/.local/lib/python3.12/site-packages/airflow/example_dags/example_python_operator.py for tasks to queue
[2024-11-13T21:35:02.636+0000] {logging_mixin.py:190} INFO - [2024-11-13T21:35:02.636+0000] {dagbag.py:588} INFO - Filling up the DagBag from /home/airflow/.local/lib/python3.12/site-packages/airflow/example_dags/example_python_operator.py
[2024-11-13T21:35:02.642+0000] {processor.py:925} INFO - DAG(s) 'example_python_operator' retrieved from /home/airflow/.local/lib/python3.12/site-packages/airflow/example_dags/example_python_operator.py
[2024-11-13T21:35:02.681+0000] {logging_mixin.py:190} INFO - [2024-11-13T21:35:02.681+0000] {override.py:1911} INFO - Created Permission View: can edit on DAG:example_python_operator
[2024-11-13T21:35:02.684+0000] {logging_mixin.py:190} INFO - [2024-11-13T21:35:02.684+0000] {override.py:1911} INFO - Created Permission View: can delete on DAG:example_python_operator
[2024-11-13T21:35:02.686+0000] {logging_mixin.py:190} INFO - [2024-11-13T21:35:02.686+0000] {override.py:1911} INFO - Created Permission View: can read on DAG:example_python_operator
[2024-11-13T21:35:02.687+0000] {logging_mixin.py:190} INFO - [2024-11-13T21:35:02.687+0000] {override.py:1911} INFO - Created Permission View: can create on DAG Run:example_python_operator
[2024-11-13T21:35:02.689+0000] {logging_mixin.py:190} INFO - [2024-11-13T21:35:02.689+0000] {override.py:1911} INFO - Created Permission View: can delete on DAG Run:example_python_operator
[2024-11-13T21:35:02.691+0000] {logging_mixin.py:190} INFO - [2024-11-13T21:35:02.691+0000] {override.py:1911} INFO - Created Permission View: menu access on DAG Run:example_python_operator
[2024-11-13T21:35:02.693+0000] {logging_mixin.py:190} INFO - [2024-11-13T21:35:02.693+0000] {override.py:1911} INFO - Created Permission View: can read on DAG Run:example_python_operator
[2024-11-13T21:35:02.693+0000] {logging_mixin.py:190} INFO - [2024-11-13T21:35:02.693+0000] {dag.py:3239} INFO - Sync 1 DAGs
[2024-11-13T21:35:02.698+0000] {logging_mixin.py:190} INFO - [2024-11-13T21:35:02.698+0000] {dag.py:3262} INFO - Creating ORM DAG for example_python_operator
[2024-11-13T21:35:02.698+0000] {logging_mixin.py:190} INFO - [2024-11-13T21:35:02.698+0000] {dag.py:4180} INFO - Setting next_dagrun for example_python_operator to None, run_after=None
[2024-11-13T21:35:02.704+0000] {processor.py:208} INFO - Processing /home/airflow/.local/lib/python3.12/site-packages/airflow/example_dags/example_python_operator.py took 0.072 seconds
[2024-11-13T21:35:32.845+0000] {processor.py:186} INFO - Started process (PID=138) to work on /home/airflow/.local/lib/python3.12/site-packages/airflow/example_dags/example_python_operator.py
[2024-11-13T21:35:32.846+0000] {processor.py:914} INFO - Processing file /home/airflow/.local/lib/python3.12/site-packages/airflow/example_dags/example_python_operator.py for tasks to queue
[2024-11-13T21:35:32.847+0000] {logging_mixin.py:190} INFO - [2024-11-13T21:35:32.846+0000] {dagbag.py:588} INFO - Filling up the DagBag from /home/airflow/.local/lib/python3.12/site-packages/airflow/example_dags/example_python_operator.py
[2024-11-13T21:35:32.853+0000] {processor.py:925} INFO - DAG(s) 'example_python_operator' retrieved from /home/airflow/.local/lib/python3.12/site-packages/airflow/example_dags/example_python_operator.py
[2024-11-13T21:35:32.862+0000] {logging_mixin.py:190} INFO - [2024-11-13T21:35:32.862+0000] {dag.py:3239} INFO - Sync 1 DAGs
[2024-11-13T21:35:32.868+0000] {logging_mixin.py:190} INFO - [2024-11-13T21:35:32.868+0000] {dag.py:4180} INFO - Setting next_dagrun for example_python_operator to None, run_after=None
[2024-11-13T21:35:32.875+0000] {processor.py:208} INFO - Processing /home/airflow/.local/lib/python3.12/site-packages/airflow/example_dags/example_python_operator.py took 0.032 seconds
[2024-11-13T21:36:03.396+0000] {processor.py:186} INFO - Started process (PID=204) to work on /home/airflow/.local/lib/python3.12/site-packages/airflow/example_dags/example_python_operator.py
[2024-11-13T21:36:03.398+0000] {processor.py:914} INFO - Processing file /home/airflow/.local/lib/python3.12/site-packages/airflow/example_dags/example_python_operator.py for tasks to queue
[2024-11-13T21:36:03.399+0000] {logging_mixin.py:190} INFO - [2024-11-13T21:36:03.399+0000] {dagbag.py:588} INFO - Filling up the DagBag from /home/airflow/.local/lib/python3.12/site-packages/airflow/example_dags/example_python_operator.py
[2024-11-13T21:36:03.406+0000] {processor.py:925} INFO - DAG(s) 'example_python_operator' retrieved from /home/airflow/.local/lib/python3.12/site-packages/airflow/example_dags/example_python_operator.py
[2024-11-13T21:36:03.416+0000] {logging_mixin.py:190} INFO - [2024-11-13T21:36:03.416+0000] {dag.py:3239} INFO - Sync 1 DAGs
[2024-11-13T21:36:03.424+0000] {logging_mixin.py:190} INFO - [2024-11-13T21:36:03.424+0000] {dag.py:4180} INFO - Setting next_dagrun for example_python_operator to None, run_after=None
[2024-11-13T21:36:03.438+0000] {processor.py:208} INFO - Processing /home/airflow/.local/lib/python3.12/site-packages/airflow/example_dags/example_python_operator.py took 0.044 seconds
[2024-11-13T21:36:33.869+0000] {processor.py:186} INFO - Started process (PID=267) to work on /home/airflow/.local/lib/python3.12/site-packages/airflow/example_dags/example_python_operator.py
[2024-11-13T21:36:33.869+0000] {processor.py:914} INFO - Processing file /home/airflow/.local/lib/python3.12/site-packages/airflow/example_dags/example_python_operator.py for tasks to queue
[2024-11-13T21:36:33.871+0000] {logging_mixin.py:190} INFO - [2024-11-13T21:36:33.871+0000] {dagbag.py:588} INFO - Filling up the DagBag from /home/airflow/.local/lib/python3.12/site-packages/airflow/example_dags/example_python_operator.py
[2024-11-13T21:36:33.876+0000] {processor.py:925} INFO - DAG(s) 'example_python_operator' retrieved from /home/airflow/.local/lib/python3.12/site-packages/airflow/example_dags/example_python_operator.py
[2024-11-13T21:36:33.885+0000] {logging_mixin.py:190} INFO - [2024-11-13T21:36:33.885+0000] {dag.py:3239} INFO - Sync 1 DAGs
[2024-11-13T21:36:33.890+0000] {logging_mixin.py:190} INFO - [2024-11-13T21:36:33.890+0000] {dag.py:4180} INFO - Setting next_dagrun for example_python_operator to None, run_after=None
[2024-11-13T21:36:33.899+0000] {processor.py:208} INFO - Processing /home/airflow/.local/lib/python3.12/site-packages/airflow/example_dags/example_python_operator.py took 0.032 seconds
[2024-11-13T21:37:04.569+0000] {processor.py:186} INFO - Started process (PID=338) to work on /home/airflow/.local/lib/python3.12/site-packages/airflow/example_dags/example_python_operator.py
[2024-11-13T21:37:04.570+0000] {processor.py:914} INFO - Processing file /home/airflow/.local/lib/python3.12/site-packages/airflow/example_dags/example_python_operator.py for tasks to queue
[2024-11-13T21:37:04.572+0000] {logging_mixin.py:190} INFO - [2024-11-13T21:37:04.572+0000] {dagbag.py:588} INFO - Filling up the DagBag from /home/airflow/.local/lib/python3.12/site-packages/airflow/example_dags/example_python_operator.py
[2024-11-13T21:37:04.578+0000] {processor.py:925} INFO - DAG(s) 'example_python_operator' retrieved from /home/airflow/.local/lib/python3.12/site-packages/airflow/example_dags/example_python_operator.py
[2024-11-13T21:37:04.590+0000] {logging_mixin.py:190} INFO - [2024-11-13T21:37:04.589+0000] {dag.py:3239} INFO - Sync 1 DAGs
[2024-11-13T21:37:04.595+0000] {logging_mixin.py:190} INFO - [2024-11-13T21:37:04.595+0000] {dag.py:4180} INFO - Setting next_dagrun for example_python_operator to None, run_after=None
[2024-11-13T21:37:04.602+0000] {processor.py:208} INFO - Processing /home/airflow/.local/lib/python3.12/site-packages/airflow/example_dags/example_python_operator.py took 0.035 seconds
[2024-11-13T21:37:34.916+0000] {processor.py:186} INFO - Started process (PID=401) to work on /home/airflow/.local/lib/python3.12/site-packages/airflow/example_dags/example_python_operator.py
[2024-11-13T21:37:34.916+0000] {processor.py:914} INFO - Processing file /home/airflow/.local/lib/python3.12/site-packages/airflow/example_dags/example_python_operator.py for tasks to queue
[2024-11-13T21:37:34.917+0000] {logging_mixin.py:190} INFO - [2024-11-13T21:37:34.917+0000] {dagbag.py:588} INFO - Filling up the DagBag from /home/airflow/.local/lib/python3.12/site-packages/airflow/example_dags/example_python_operator.py
[2024-11-13T21:37:34.923+0000] {processor.py:925} INFO - DAG(s) 'example_python_operator' retrieved from /home/airflow/.local/lib/python3.12/site-packages/airflow/example_dags/example_python_operator.py
[2024-11-13T21:37:34.932+0000] {logging_mixin.py:190} INFO - [2024-11-13T21:37:34.932+0000] {dag.py:3239} INFO - Sync 1 DAGs
[2024-11-13T21:37:34.937+0000] {logging_mixin.py:190} INFO - [2024-11-13T21:37:34.937+0000] {dag.py:4180} INFO - Setting next_dagrun for example_python_operator to None, run_after=None
[2024-11-13T21:37:34.944+0000] {processor.py:208} INFO - Processing /home/airflow/.local/lib/python3.12/site-packages/airflow/example_dags/example_python_operator.py took 0.031 seconds
[2024-11-13T21:38:05.265+0000] {processor.py:186} INFO - Started process (PID=463) to work on /home/airflow/.local/lib/python3.12/site-packages/airflow/example_dags/example_python_operator.py
[2024-11-13T21:38:05.265+0000] {processor.py:914} INFO - Processing file /home/airflow/.local/lib/python3.12/site-packages/airflow/example_dags/example_python_operator.py for tasks to queue
[2024-11-13T21:38:05.266+0000] {logging_mixin.py:190} INFO - [2024-11-13T21:38:05.266+0000] {dagbag.py:588} INFO - Filling up the DagBag from /home/airflow/.local/lib/python3.12/site-packages/airflow/example_dags/example_python_operator.py
[2024-11-13T21:38:05.271+0000] {processor.py:925} INFO - DAG(s) 'example_python_operator' retrieved from /home/airflow/.local/lib/python3.12/site-packages/airflow/example_dags/example_python_operator.py
[2024-11-13T21:38:05.280+0000] {logging_mixin.py:190} INFO - [2024-11-13T21:38:05.280+0000] {dag.py:3239} INFO - Sync 1 DAGs
[2024-11-13T21:38:05.286+0000] {logging_mixin.py:190} INFO - [2024-11-13T21:38:05.286+0000] {dag.py:4180} INFO - Setting next_dagrun for example_python_operator to None, run_after=None
[2024-11-13T21:38:05.292+0000] {processor.py:208} INFO - Processing /home/airflow/.local/lib/python3.12/site-packages/airflow/example_dags/example_python_operator.py took 0.030 seconds
[2024-11-13T23:40:20.135+0000] {processor.py:186} INFO - Started process (PID=69) to work on /home/airflow/.local/lib/python3.12/site-packages/airflow/example_dags/example_python_operator.py
[2024-11-13T23:40:20.135+0000] {processor.py:914} INFO - Processing file /home/airflow/.local/lib/python3.12/site-packages/airflow/example_dags/example_python_operator.py for tasks to queue
[2024-11-13T23:40:20.136+0000] {logging_mixin.py:190} INFO - [2024-11-13T23:40:20.136+0000] {dagbag.py:588} INFO - Filling up the DagBag from /home/airflow/.local/lib/python3.12/site-packages/airflow/example_dags/example_python_operator.py
[2024-11-13T23:40:20.143+0000] {processor.py:925} INFO - DAG(s) 'example_python_operator' retrieved from /home/airflow/.local/lib/python3.12/site-packages/airflow/example_dags/example_python_operator.py
[2024-11-13T23:40:20.187+0000] {logging_mixin.py:190} INFO - [2024-11-13T23:40:20.186+0000] {override.py:1911} INFO - Created Permission View: can edit on DAG:example_python_operator
[2024-11-13T23:40:20.192+0000] {logging_mixin.py:190} INFO - [2024-11-13T23:40:20.192+0000] {override.py:1911} INFO - Created Permission View: can delete on DAG:example_python_operator
[2024-11-13T23:40:20.196+0000] {logging_mixin.py:190} INFO - [2024-11-13T23:40:20.196+0000] {override.py:1911} INFO - Created Permission View: can read on DAG:example_python_operator
[2024-11-13T23:40:20.200+0000] {logging_mixin.py:190} INFO - [2024-11-13T23:40:20.200+0000] {override.py:1911} INFO - Created Permission View: can delete on DAG Run:example_python_operator
[2024-11-13T23:40:20.202+0000] {logging_mixin.py:190} INFO - [2024-11-13T23:40:20.202+0000] {override.py:1911} INFO - Created Permission View: menu access on DAG Run:example_python_operator
[2024-11-13T23:40:20.205+0000] {logging_mixin.py:190} INFO - [2024-11-13T23:40:20.205+0000] {override.py:1911} INFO - Created Permission View: can read on DAG Run:example_python_operator
[2024-11-13T23:40:20.208+0000] {logging_mixin.py:190} INFO - [2024-11-13T23:40:20.207+0000] {override.py:1911} INFO - Created Permission View: can create on DAG Run:example_python_operator
[2024-11-13T23:40:20.208+0000] {logging_mixin.py:190} INFO - [2024-11-13T23:40:20.208+0000] {dag.py:3239} INFO - Sync 1 DAGs
[2024-11-13T23:40:20.213+0000] {logging_mixin.py:190} INFO - [2024-11-13T23:40:20.213+0000] {dag.py:3262} INFO - Creating ORM DAG for example_python_operator
[2024-11-13T23:40:20.213+0000] {logging_mixin.py:190} INFO - [2024-11-13T23:40:20.213+0000] {dag.py:4180} INFO - Setting next_dagrun for example_python_operator to None, run_after=None
[2024-11-13T23:40:20.219+0000] {processor.py:208} INFO - Processing /home/airflow/.local/lib/python3.12/site-packages/airflow/example_dags/example_python_operator.py took 0.087 seconds
[2024-11-13T23:40:50.956+0000] {processor.py:186} INFO - Started process (PID=132) to work on /home/airflow/.local/lib/python3.12/site-packages/airflow/example_dags/example_python_operator.py
[2024-11-13T23:40:50.957+0000] {processor.py:914} INFO - Processing file /home/airflow/.local/lib/python3.12/site-packages/airflow/example_dags/example_python_operator.py for tasks to queue
[2024-11-13T23:40:50.958+0000] {logging_mixin.py:190} INFO - [2024-11-13T23:40:50.958+0000] {dagbag.py:588} INFO - Filling up the DagBag from /home/airflow/.local/lib/python3.12/site-packages/airflow/example_dags/example_python_operator.py
[2024-11-13T23:40:50.963+0000] {processor.py:925} INFO - DAG(s) 'example_python_operator' retrieved from /home/airflow/.local/lib/python3.12/site-packages/airflow/example_dags/example_python_operator.py
[2024-11-13T23:40:50.972+0000] {logging_mixin.py:190} INFO - [2024-11-13T23:40:50.972+0000] {dag.py:3239} INFO - Sync 1 DAGs
[2024-11-13T23:40:50.978+0000] {logging_mixin.py:190} INFO - [2024-11-13T23:40:50.978+0000] {dag.py:4180} INFO - Setting next_dagrun for example_python_operator to None, run_after=None
[2024-11-13T23:40:50.984+0000] {processor.py:208} INFO - Processing /home/airflow/.local/lib/python3.12/site-packages/airflow/example_dags/example_python_operator.py took 0.031 seconds
[2024-11-13T23:41:21.117+0000] {processor.py:186} INFO - Started process (PID=193) to work on /home/airflow/.local/lib/python3.12/site-packages/airflow/example_dags/example_python_operator.py
[2024-11-13T23:41:21.118+0000] {processor.py:914} INFO - Processing file /home/airflow/.local/lib/python3.12/site-packages/airflow/example_dags/example_python_operator.py for tasks to queue
[2024-11-13T23:41:21.119+0000] {logging_mixin.py:190} INFO - [2024-11-13T23:41:21.118+0000] {dagbag.py:588} INFO - Filling up the DagBag from /home/airflow/.local/lib/python3.12/site-packages/airflow/example_dags/example_python_operator.py
[2024-11-13T23:41:21.124+0000] {processor.py:925} INFO - DAG(s) 'example_python_operator' retrieved from /home/airflow/.local/lib/python3.12/site-packages/airflow/example_dags/example_python_operator.py
[2024-11-13T23:41:21.133+0000] {logging_mixin.py:190} INFO - [2024-11-13T23:41:21.133+0000] {dag.py:3239} INFO - Sync 1 DAGs
[2024-11-13T23:41:21.138+0000] {logging_mixin.py:190} INFO - [2024-11-13T23:41:21.138+0000] {dag.py:4180} INFO - Setting next_dagrun for example_python_operator to None, run_after=None
[2024-11-13T23:41:21.144+0000] {processor.py:208} INFO - Processing /home/airflow/.local/lib/python3.12/site-packages/airflow/example_dags/example_python_operator.py took 0.030 seconds
[2024-11-13T23:41:51.538+0000] {processor.py:186} INFO - Started process (PID=261) to work on /home/airflow/.local/lib/python3.12/site-packages/airflow/example_dags/example_python_operator.py
[2024-11-13T23:41:51.538+0000] {processor.py:914} INFO - Processing file /home/airflow/.local/lib/python3.12/site-packages/airflow/example_dags/example_python_operator.py for tasks to queue
[2024-11-13T23:41:51.539+0000] {logging_mixin.py:190} INFO - [2024-11-13T23:41:51.539+0000] {dagbag.py:588} INFO - Filling up the DagBag from /home/airflow/.local/lib/python3.12/site-packages/airflow/example_dags/example_python_operator.py
[2024-11-13T23:41:51.544+0000] {processor.py:925} INFO - DAG(s) 'example_python_operator' retrieved from /home/airflow/.local/lib/python3.12/site-packages/airflow/example_dags/example_python_operator.py
[2024-11-13T23:41:51.552+0000] {logging_mixin.py:190} INFO - [2024-11-13T23:41:51.552+0000] {dag.py:3239} INFO - Sync 1 DAGs
[2024-11-13T23:41:51.557+0000] {logging_mixin.py:190} INFO - [2024-11-13T23:41:51.557+0000] {dag.py:4180} INFO - Setting next_dagrun for example_python_operator to None, run_after=None
[2024-11-13T23:41:51.562+0000] {processor.py:208} INFO - Processing /home/airflow/.local/lib/python3.12/site-packages/airflow/example_dags/example_python_operator.py took 0.026 seconds
[2024-11-13T23:42:22.250+0000] {processor.py:186} INFO - Started process (PID=326) to work on /home/airflow/.local/lib/python3.12/site-packages/airflow/example_dags/example_python_operator.py
[2024-11-13T23:42:22.251+0000] {processor.py:914} INFO - Processing file /home/airflow/.local/lib/python3.12/site-packages/airflow/example_dags/example_python_operator.py for tasks to queue
[2024-11-13T23:42:22.252+0000] {logging_mixin.py:190} INFO - [2024-11-13T23:42:22.251+0000] {dagbag.py:588} INFO - Filling up the DagBag from /home/airflow/.local/lib/python3.12/site-packages/airflow/example_dags/example_python_operator.py
[2024-11-13T23:42:22.257+0000] {processor.py:925} INFO - DAG(s) 'example_python_operator' retrieved from /home/airflow/.local/lib/python3.12/site-packages/airflow/example_dags/example_python_operator.py
[2024-11-13T23:42:22.267+0000] {logging_mixin.py:190} INFO - [2024-11-13T23:42:22.267+0000] {dag.py:3239} INFO - Sync 1 DAGs
[2024-11-13T23:42:22.273+0000] {logging_mixin.py:190} INFO - [2024-11-13T23:42:22.273+0000] {dag.py:4180} INFO - Setting next_dagrun for example_python_operator to None, run_after=None
[2024-11-13T23:42:22.280+0000] {processor.py:208} INFO - Processing /home/airflow/.local/lib/python3.12/site-packages/airflow/example_dags/example_python_operator.py took 0.033 seconds
[2024-11-13T23:42:52.438+0000] {processor.py:186} INFO - Started process (PID=388) to work on /home/airflow/.local/lib/python3.12/site-packages/airflow/example_dags/example_python_operator.py
[2024-11-13T23:42:52.439+0000] {processor.py:914} INFO - Processing file /home/airflow/.local/lib/python3.12/site-packages/airflow/example_dags/example_python_operator.py for tasks to queue
[2024-11-13T23:42:52.440+0000] {logging_mixin.py:190} INFO - [2024-11-13T23:42:52.439+0000] {dagbag.py:588} INFO - Filling up the DagBag from /home/airflow/.local/lib/python3.12/site-packages/airflow/example_dags/example_python_operator.py
[2024-11-13T23:42:52.445+0000] {processor.py:925} INFO - DAG(s) 'example_python_operator' retrieved from /home/airflow/.local/lib/python3.12/site-packages/airflow/example_dags/example_python_operator.py
[2024-11-13T23:42:52.454+0000] {logging_mixin.py:190} INFO - [2024-11-13T23:42:52.454+0000] {dag.py:3239} INFO - Sync 1 DAGs
[2024-11-13T23:42:52.459+0000] {logging_mixin.py:190} INFO - [2024-11-13T23:42:52.459+0000] {dag.py:4180} INFO - Setting next_dagrun for example_python_operator to None, run_after=None
[2024-11-13T23:42:52.465+0000] {processor.py:208} INFO - Processing /home/airflow/.local/lib/python3.12/site-packages/airflow/example_dags/example_python_operator.py took 0.030 seconds
[2024-11-13T23:43:23.798+0000] {processor.py:186} INFO - Started process (PID=451) to work on /home/airflow/.local/lib/python3.12/site-packages/airflow/example_dags/example_python_operator.py
[2024-11-13T23:43:23.799+0000] {processor.py:914} INFO - Processing file /home/airflow/.local/lib/python3.12/site-packages/airflow/example_dags/example_python_operator.py for tasks to queue
[2024-11-13T23:43:23.799+0000] {logging_mixin.py:190} INFO - [2024-11-13T23:43:23.799+0000] {dagbag.py:588} INFO - Filling up the DagBag from /home/airflow/.local/lib/python3.12/site-packages/airflow/example_dags/example_python_operator.py
[2024-11-13T23:43:23.804+0000] {processor.py:925} INFO - DAG(s) 'example_python_operator' retrieved from /home/airflow/.local/lib/python3.12/site-packages/airflow/example_dags/example_python_operator.py
[2024-11-13T23:43:23.813+0000] {logging_mixin.py:190} INFO - [2024-11-13T23:43:23.812+0000] {dag.py:3239} INFO - Sync 1 DAGs
[2024-11-13T23:43:23.818+0000] {logging_mixin.py:190} INFO - [2024-11-13T23:43:23.818+0000] {dag.py:4180} INFO - Setting next_dagrun for example_python_operator to None, run_after=None
[2024-11-13T23:43:23.824+0000] {processor.py:208} INFO - Processing /home/airflow/.local/lib/python3.12/site-packages/airflow/example_dags/example_python_operator.py took 0.028 seconds
[2024-11-13T23:43:55.003+0000] {processor.py:186} INFO - Started process (PID=514) to work on /home/airflow/.local/lib/python3.12/site-packages/airflow/example_dags/example_python_operator.py
[2024-11-13T23:43:55.003+0000] {processor.py:914} INFO - Processing file /home/airflow/.local/lib/python3.12/site-packages/airflow/example_dags/example_python_operator.py for tasks to queue
[2024-11-13T23:43:55.004+0000] {logging_mixin.py:190} INFO - [2024-11-13T23:43:55.004+0000] {dagbag.py:588} INFO - Filling up the DagBag from /home/airflow/.local/lib/python3.12/site-packages/airflow/example_dags/example_python_operator.py
[2024-11-13T23:43:55.009+0000] {processor.py:925} INFO - DAG(s) 'example_python_operator' retrieved from /home/airflow/.local/lib/python3.12/site-packages/airflow/example_dags/example_python_operator.py
[2024-11-13T23:43:55.018+0000] {logging_mixin.py:190} INFO - [2024-11-13T23:43:55.018+0000] {dag.py:3239} INFO - Sync 1 DAGs
[2024-11-13T23:43:55.023+0000] {logging_mixin.py:190} INFO - [2024-11-13T23:43:55.023+0000] {dag.py:4180} INFO - Setting next_dagrun for example_python_operator to None, run_after=None
[2024-11-13T23:43:55.029+0000] {processor.py:208} INFO - Processing /home/airflow/.local/lib/python3.12/site-packages/airflow/example_dags/example_python_operator.py took 0.029 seconds
[2024-11-13T23:44:26.313+0000] {processor.py:186} INFO - Started process (PID=577) to work on /home/airflow/.local/lib/python3.12/site-packages/airflow/example_dags/example_python_operator.py
[2024-11-13T23:44:26.314+0000] {processor.py:914} INFO - Processing file /home/airflow/.local/lib/python3.12/site-packages/airflow/example_dags/example_python_operator.py for tasks to queue
[2024-11-13T23:44:26.314+0000] {logging_mixin.py:190} INFO - [2024-11-13T23:44:26.314+0000] {dagbag.py:588} INFO - Filling up the DagBag from /home/airflow/.local/lib/python3.12/site-packages/airflow/example_dags/example_python_operator.py
[2024-11-13T23:44:26.319+0000] {processor.py:925} INFO - DAG(s) 'example_python_operator' retrieved from /home/airflow/.local/lib/python3.12/site-packages/airflow/example_dags/example_python_operator.py
[2024-11-13T23:44:26.328+0000] {logging_mixin.py:190} INFO - [2024-11-13T23:44:26.328+0000] {dag.py:3239} INFO - Sync 1 DAGs
[2024-11-13T23:44:26.333+0000] {logging_mixin.py:190} INFO - [2024-11-13T23:44:26.333+0000] {dag.py:4180} INFO - Setting next_dagrun for example_python_operator to None, run_after=None
[2024-11-13T23:44:26.340+0000] {processor.py:208} INFO - Processing /home/airflow/.local/lib/python3.12/site-packages/airflow/example_dags/example_python_operator.py took 0.029 seconds
[2024-11-13T23:44:57.587+0000] {processor.py:186} INFO - Started process (PID=640) to work on /home/airflow/.local/lib/python3.12/site-packages/airflow/example_dags/example_python_operator.py
[2024-11-13T23:44:57.588+0000] {processor.py:914} INFO - Processing file /home/airflow/.local/lib/python3.12/site-packages/airflow/example_dags/example_python_operator.py for tasks to queue
[2024-11-13T23:44:57.588+0000] {logging_mixin.py:190} INFO - [2024-11-13T23:44:57.588+0000] {dagbag.py:588} INFO - Filling up the DagBag from /home/airflow/.local/lib/python3.12/site-packages/airflow/example_dags/example_python_operator.py
[2024-11-13T23:44:57.593+0000] {processor.py:925} INFO - DAG(s) 'example_python_operator' retrieved from /home/airflow/.local/lib/python3.12/site-packages/airflow/example_dags/example_python_operator.py
[2024-11-13T23:44:57.602+0000] {logging_mixin.py:190} INFO - [2024-11-13T23:44:57.602+0000] {dag.py:3239} INFO - Sync 1 DAGs
[2024-11-13T23:44:57.607+0000] {logging_mixin.py:190} INFO - [2024-11-13T23:44:57.607+0000] {dag.py:4180} INFO - Setting next_dagrun for example_python_operator to None, run_after=None
[2024-11-13T23:44:57.614+0000] {processor.py:208} INFO - Processing /home/airflow/.local/lib/python3.12/site-packages/airflow/example_dags/example_python_operator.py took 0.029 seconds
[2024-11-13T23:45:28.819+0000] {processor.py:186} INFO - Started process (PID=703) to work on /home/airflow/.local/lib/python3.12/site-packages/airflow/example_dags/example_python_operator.py
[2024-11-13T23:45:28.819+0000] {processor.py:914} INFO - Processing file /home/airflow/.local/lib/python3.12/site-packages/airflow/example_dags/example_python_operator.py for tasks to queue
[2024-11-13T23:45:28.820+0000] {logging_mixin.py:190} INFO - [2024-11-13T23:45:28.820+0000] {dagbag.py:588} INFO - Filling up the DagBag from /home/airflow/.local/lib/python3.12/site-packages/airflow/example_dags/example_python_operator.py
[2024-11-13T23:45:28.825+0000] {processor.py:925} INFO - DAG(s) 'example_python_operator' retrieved from /home/airflow/.local/lib/python3.12/site-packages/airflow/example_dags/example_python_operator.py
[2024-11-13T23:45:28.834+0000] {logging_mixin.py:190} INFO - [2024-11-13T23:45:28.834+0000] {dag.py:3239} INFO - Sync 1 DAGs
[2024-11-13T23:45:28.840+0000] {logging_mixin.py:190} INFO - [2024-11-13T23:45:28.839+0000] {dag.py:4180} INFO - Setting next_dagrun for example_python_operator to None, run_after=None
[2024-11-13T23:45:28.846+0000] {processor.py:208} INFO - Processing /home/airflow/.local/lib/python3.12/site-packages/airflow/example_dags/example_python_operator.py took 0.029 seconds
[2024-11-13T23:45:59.968+0000] {processor.py:186} INFO - Started process (PID=766) to work on /home/airflow/.local/lib/python3.12/site-packages/airflow/example_dags/example_python_operator.py
[2024-11-13T23:45:59.969+0000] {processor.py:914} INFO - Processing file /home/airflow/.local/lib/python3.12/site-packages/airflow/example_dags/example_python_operator.py for tasks to queue
[2024-11-13T23:45:59.970+0000] {logging_mixin.py:190} INFO - [2024-11-13T23:45:59.970+0000] {dagbag.py:588} INFO - Filling up the DagBag from /home/airflow/.local/lib/python3.12/site-packages/airflow/example_dags/example_python_operator.py
[2024-11-13T23:45:59.975+0000] {processor.py:925} INFO - DAG(s) 'example_python_operator' retrieved from /home/airflow/.local/lib/python3.12/site-packages/airflow/example_dags/example_python_operator.py
[2024-11-13T23:45:59.983+0000] {logging_mixin.py:190} INFO - [2024-11-13T23:45:59.983+0000] {dag.py:3239} INFO - Sync 1 DAGs
[2024-11-13T23:45:59.988+0000] {logging_mixin.py:190} INFO - [2024-11-13T23:45:59.988+0000] {dag.py:4180} INFO - Setting next_dagrun for example_python_operator to None, run_after=None
[2024-11-13T23:45:59.994+0000] {processor.py:208} INFO - Processing /home/airflow/.local/lib/python3.12/site-packages/airflow/example_dags/example_python_operator.py took 0.029 seconds
[2024-11-13T23:46:31.248+0000] {processor.py:186} INFO - Started process (PID=829) to work on /home/airflow/.local/lib/python3.12/site-packages/airflow/example_dags/example_python_operator.py
[2024-11-13T23:46:31.248+0000] {processor.py:914} INFO - Processing file /home/airflow/.local/lib/python3.12/site-packages/airflow/example_dags/example_python_operator.py for tasks to queue
[2024-11-13T23:46:31.249+0000] {logging_mixin.py:190} INFO - [2024-11-13T23:46:31.249+0000] {dagbag.py:588} INFO - Filling up the DagBag from /home/airflow/.local/lib/python3.12/site-packages/airflow/example_dags/example_python_operator.py
[2024-11-13T23:46:31.254+0000] {processor.py:925} INFO - DAG(s) 'example_python_operator' retrieved from /home/airflow/.local/lib/python3.12/site-packages/airflow/example_dags/example_python_operator.py
[2024-11-13T23:46:31.263+0000] {logging_mixin.py:190} INFO - [2024-11-13T23:46:31.263+0000] {dag.py:3239} INFO - Sync 1 DAGs
[2024-11-13T23:46:31.269+0000] {logging_mixin.py:190} INFO - [2024-11-13T23:46:31.269+0000] {dag.py:4180} INFO - Setting next_dagrun for example_python_operator to None, run_after=None
[2024-11-13T23:46:31.276+0000] {processor.py:208} INFO - Processing /home/airflow/.local/lib/python3.12/site-packages/airflow/example_dags/example_python_operator.py took 0.031 seconds
[2024-11-13T23:47:02.576+0000] {processor.py:186} INFO - Started process (PID=892) to work on /home/airflow/.local/lib/python3.12/site-packages/airflow/example_dags/example_python_operator.py
[2024-11-13T23:47:02.576+0000] {processor.py:914} INFO - Processing file /home/airflow/.local/lib/python3.12/site-packages/airflow/example_dags/example_python_operator.py for tasks to queue
[2024-11-13T23:47:02.577+0000] {logging_mixin.py:190} INFO - [2024-11-13T23:47:02.577+0000] {dagbag.py:588} INFO - Filling up the DagBag from /home/airflow/.local/lib/python3.12/site-packages/airflow/example_dags/example_python_operator.py
[2024-11-13T23:47:02.583+0000] {processor.py:925} INFO - DAG(s) 'example_python_operator' retrieved from /home/airflow/.local/lib/python3.12/site-packages/airflow/example_dags/example_python_operator.py
[2024-11-13T23:47:02.591+0000] {logging_mixin.py:190} INFO - [2024-11-13T23:47:02.591+0000] {dag.py:3239} INFO - Sync 1 DAGs
[2024-11-13T23:47:02.596+0000] {logging_mixin.py:190} INFO - [2024-11-13T23:47:02.596+0000] {dag.py:4180} INFO - Setting next_dagrun for example_python_operator to None, run_after=None
[2024-11-13T23:47:02.602+0000] {processor.py:208} INFO - Processing /home/airflow/.local/lib/python3.12/site-packages/airflow/example_dags/example_python_operator.py took 0.028 seconds
[2024-11-13T23:47:33.849+0000] {processor.py:186} INFO - Started process (PID=955) to work on /home/airflow/.local/lib/python3.12/site-packages/airflow/example_dags/example_python_operator.py
[2024-11-13T23:47:33.850+0000] {processor.py:914} INFO - Processing file /home/airflow/.local/lib/python3.12/site-packages/airflow/example_dags/example_python_operator.py for tasks to queue
[2024-11-13T23:47:33.850+0000] {logging_mixin.py:190} INFO - [2024-11-13T23:47:33.850+0000] {dagbag.py:588} INFO - Filling up the DagBag from /home/airflow/.local/lib/python3.12/site-packages/airflow/example_dags/example_python_operator.py
[2024-11-13T23:47:33.856+0000] {processor.py:925} INFO - DAG(s) 'example_python_operator' retrieved from /home/airflow/.local/lib/python3.12/site-packages/airflow/example_dags/example_python_operator.py
[2024-11-13T23:47:33.864+0000] {logging_mixin.py:190} INFO - [2024-11-13T23:47:33.864+0000] {dag.py:3239} INFO - Sync 1 DAGs
[2024-11-13T23:47:33.869+0000] {logging_mixin.py:190} INFO - [2024-11-13T23:47:33.869+0000] {dag.py:4180} INFO - Setting next_dagrun for example_python_operator to None, run_after=None
[2024-11-13T23:47:33.875+0000] {processor.py:208} INFO - Processing /home/airflow/.local/lib/python3.12/site-packages/airflow/example_dags/example_python_operator.py took 0.028 seconds
