[2024-11-13T21:28:28.453+0000] {processor.py:186} INFO - Started process (PID=71) to work on /home/airflow/.local/lib/python3.12/site-packages/airflow/example_dags/example_short_circuit_decorator.py
[2024-11-13T21:28:28.455+0000] {processor.py:914} INFO - Processing file /home/airflow/.local/lib/python3.12/site-packages/airflow/example_dags/example_short_circuit_decorator.py for tasks to queue
[2024-11-13T21:28:28.456+0000] {logging_mixin.py:190} INFO - [2024-11-13T21:28:28.456+0000] {dagbag.py:588} INFO - Filling up the DagBag from /home/airflow/.local/lib/python3.12/site-packages/airflow/example_dags/example_short_circuit_decorator.py
[2024-11-13T21:28:28.462+0000] {processor.py:925} INFO - DAG(s) 'example_short_circuit_decorator' retrieved from /home/airflow/.local/lib/python3.12/site-packages/airflow/example_dags/example_short_circuit_decorator.py
[2024-11-13T21:28:28.507+0000] {logging_mixin.py:190} INFO - [2024-11-13T21:28:28.507+0000] {override.py:1911} INFO - Created Permission View: can edit on DAG:example_short_circuit_decorator
[2024-11-13T21:28:28.515+0000] {logging_mixin.py:190} INFO - [2024-11-13T21:28:28.515+0000] {override.py:1911} INFO - Created Permission View: can read on DAG:example_short_circuit_decorator
[2024-11-13T21:28:28.518+0000] {logging_mixin.py:190} INFO - [2024-11-13T21:28:28.517+0000] {override.py:1911} INFO - Created Permission View: can delete on DAG:example_short_circuit_decorator
[2024-11-13T21:28:28.519+0000] {logging_mixin.py:190} INFO - [2024-11-13T21:28:28.519+0000] {override.py:1911} INFO - Created Permission View: can delete on DAG Run:example_short_circuit_decorator
[2024-11-13T21:28:28.521+0000] {logging_mixin.py:190} INFO - [2024-11-13T21:28:28.521+0000] {override.py:1911} INFO - Created Permission View: can read on DAG Run:example_short_circuit_decorator
[2024-11-13T21:28:28.523+0000] {logging_mixin.py:190} INFO - [2024-11-13T21:28:28.523+0000] {override.py:1911} INFO - Created Permission View: menu access on DAG Run:example_short_circuit_decorator
[2024-11-13T21:28:28.525+0000] {logging_mixin.py:190} INFO - [2024-11-13T21:28:28.525+0000] {override.py:1911} INFO - Created Permission View: can create on DAG Run:example_short_circuit_decorator
[2024-11-13T21:28:28.525+0000] {logging_mixin.py:190} INFO - [2024-11-13T21:28:28.525+0000] {dag.py:3239} INFO - Sync 1 DAGs
[2024-11-13T21:28:28.530+0000] {logging_mixin.py:190} INFO - [2024-11-13T21:28:28.530+0000] {dag.py:3262} INFO - Creating ORM DAG for example_short_circuit_decorator
[2024-11-13T21:28:28.530+0000] {logging_mixin.py:190} INFO - [2024-11-13T21:28:28.530+0000] {dag.py:4180} INFO - Setting next_dagrun for example_short_circuit_decorator to None, run_after=None
[2024-11-13T21:28:28.536+0000] {processor.py:208} INFO - Processing /home/airflow/.local/lib/python3.12/site-packages/airflow/example_dags/example_short_circuit_decorator.py took 0.086 seconds
[2024-11-13T21:28:59.344+0000] {processor.py:186} INFO - Started process (PID=133) to work on /home/airflow/.local/lib/python3.12/site-packages/airflow/example_dags/example_short_circuit_decorator.py
[2024-11-13T21:28:59.345+0000] {processor.py:914} INFO - Processing file /home/airflow/.local/lib/python3.12/site-packages/airflow/example_dags/example_short_circuit_decorator.py for tasks to queue
[2024-11-13T21:28:59.346+0000] {logging_mixin.py:190} INFO - [2024-11-13T21:28:59.346+0000] {dagbag.py:588} INFO - Filling up the DagBag from /home/airflow/.local/lib/python3.12/site-packages/airflow/example_dags/example_short_circuit_decorator.py
[2024-11-13T21:28:59.351+0000] {processor.py:925} INFO - DAG(s) 'example_short_circuit_decorator' retrieved from /home/airflow/.local/lib/python3.12/site-packages/airflow/example_dags/example_short_circuit_decorator.py
[2024-11-13T21:28:59.363+0000] {logging_mixin.py:190} INFO - [2024-11-13T21:28:59.363+0000] {dag.py:3239} INFO - Sync 1 DAGs
[2024-11-13T21:28:59.369+0000] {logging_mixin.py:190} INFO - [2024-11-13T21:28:59.369+0000] {dag.py:4180} INFO - Setting next_dagrun for example_short_circuit_decorator to None, run_after=None
[2024-11-13T21:28:59.377+0000] {processor.py:208} INFO - Processing /home/airflow/.local/lib/python3.12/site-packages/airflow/example_dags/example_short_circuit_decorator.py took 0.036 seconds
[2024-11-13T21:29:29.874+0000] {processor.py:186} INFO - Started process (PID=196) to work on /home/airflow/.local/lib/python3.12/site-packages/airflow/example_dags/example_short_circuit_decorator.py
[2024-11-13T21:29:29.875+0000] {processor.py:914} INFO - Processing file /home/airflow/.local/lib/python3.12/site-packages/airflow/example_dags/example_short_circuit_decorator.py for tasks to queue
[2024-11-13T21:29:29.877+0000] {logging_mixin.py:190} INFO - [2024-11-13T21:29:29.877+0000] {dagbag.py:588} INFO - Filling up the DagBag from /home/airflow/.local/lib/python3.12/site-packages/airflow/example_dags/example_short_circuit_decorator.py
[2024-11-13T21:29:29.882+0000] {processor.py:925} INFO - DAG(s) 'example_short_circuit_decorator' retrieved from /home/airflow/.local/lib/python3.12/site-packages/airflow/example_dags/example_short_circuit_decorator.py
[2024-11-13T21:29:29.896+0000] {logging_mixin.py:190} INFO - [2024-11-13T21:29:29.895+0000] {dag.py:3239} INFO - Sync 1 DAGs
[2024-11-13T21:29:29.905+0000] {logging_mixin.py:190} INFO - [2024-11-13T21:29:29.905+0000] {dag.py:4180} INFO - Setting next_dagrun for example_short_circuit_decorator to None, run_after=None
[2024-11-13T21:29:29.913+0000] {processor.py:208} INFO - Processing /home/airflow/.local/lib/python3.12/site-packages/airflow/example_dags/example_short_circuit_decorator.py took 0.043 seconds
[2024-11-13T21:30:00.041+0000] {processor.py:186} INFO - Started process (PID=257) to work on /home/airflow/.local/lib/python3.12/site-packages/airflow/example_dags/example_short_circuit_decorator.py
[2024-11-13T21:30:00.042+0000] {processor.py:914} INFO - Processing file /home/airflow/.local/lib/python3.12/site-packages/airflow/example_dags/example_short_circuit_decorator.py for tasks to queue
[2024-11-13T21:30:00.043+0000] {logging_mixin.py:190} INFO - [2024-11-13T21:30:00.043+0000] {dagbag.py:588} INFO - Filling up the DagBag from /home/airflow/.local/lib/python3.12/site-packages/airflow/example_dags/example_short_circuit_decorator.py
[2024-11-13T21:30:00.048+0000] {processor.py:925} INFO - DAG(s) 'example_short_circuit_decorator' retrieved from /home/airflow/.local/lib/python3.12/site-packages/airflow/example_dags/example_short_circuit_decorator.py
[2024-11-13T21:30:00.059+0000] {logging_mixin.py:190} INFO - [2024-11-13T21:30:00.059+0000] {dag.py:3239} INFO - Sync 1 DAGs
[2024-11-13T21:30:00.066+0000] {logging_mixin.py:190} INFO - [2024-11-13T21:30:00.066+0000] {dag.py:4180} INFO - Setting next_dagrun for example_short_circuit_decorator to None, run_after=None
[2024-11-13T21:30:00.073+0000] {processor.py:208} INFO - Processing /home/airflow/.local/lib/python3.12/site-packages/airflow/example_dags/example_short_circuit_decorator.py took 0.036 seconds
[2024-11-13T21:30:30.208+0000] {processor.py:186} INFO - Started process (PID=320) to work on /home/airflow/.local/lib/python3.12/site-packages/airflow/example_dags/example_short_circuit_decorator.py
[2024-11-13T21:30:30.208+0000] {processor.py:914} INFO - Processing file /home/airflow/.local/lib/python3.12/site-packages/airflow/example_dags/example_short_circuit_decorator.py for tasks to queue
[2024-11-13T21:30:30.209+0000] {logging_mixin.py:190} INFO - [2024-11-13T21:30:30.209+0000] {dagbag.py:588} INFO - Filling up the DagBag from /home/airflow/.local/lib/python3.12/site-packages/airflow/example_dags/example_short_circuit_decorator.py
[2024-11-13T21:30:30.215+0000] {processor.py:925} INFO - DAG(s) 'example_short_circuit_decorator' retrieved from /home/airflow/.local/lib/python3.12/site-packages/airflow/example_dags/example_short_circuit_decorator.py
[2024-11-13T21:30:30.227+0000] {logging_mixin.py:190} INFO - [2024-11-13T21:30:30.227+0000] {dag.py:3239} INFO - Sync 1 DAGs
[2024-11-13T21:30:30.234+0000] {logging_mixin.py:190} INFO - [2024-11-13T21:30:30.233+0000] {dag.py:4180} INFO - Setting next_dagrun for example_short_circuit_decorator to None, run_after=None
[2024-11-13T21:30:30.241+0000] {processor.py:208} INFO - Processing /home/airflow/.local/lib/python3.12/site-packages/airflow/example_dags/example_short_circuit_decorator.py took 0.037 seconds
[2024-11-13T21:35:02.439+0000] {processor.py:186} INFO - Started process (PID=73) to work on /home/airflow/.local/lib/python3.12/site-packages/airflow/example_dags/example_short_circuit_decorator.py
[2024-11-13T21:35:02.439+0000] {processor.py:914} INFO - Processing file /home/airflow/.local/lib/python3.12/site-packages/airflow/example_dags/example_short_circuit_decorator.py for tasks to queue
[2024-11-13T21:35:02.440+0000] {logging_mixin.py:190} INFO - [2024-11-13T21:35:02.440+0000] {dagbag.py:588} INFO - Filling up the DagBag from /home/airflow/.local/lib/python3.12/site-packages/airflow/example_dags/example_short_circuit_decorator.py
[2024-11-13T21:35:02.445+0000] {processor.py:925} INFO - DAG(s) 'example_short_circuit_decorator' retrieved from /home/airflow/.local/lib/python3.12/site-packages/airflow/example_dags/example_short_circuit_decorator.py
[2024-11-13T21:35:02.489+0000] {logging_mixin.py:190} INFO - [2024-11-13T21:35:02.489+0000] {override.py:1911} INFO - Created Permission View: can edit on DAG:example_short_circuit_decorator
[2024-11-13T21:35:02.495+0000] {logging_mixin.py:190} INFO - [2024-11-13T21:35:02.495+0000] {override.py:1911} INFO - Created Permission View: can delete on DAG:example_short_circuit_decorator
[2024-11-13T21:35:02.498+0000] {logging_mixin.py:190} INFO - [2024-11-13T21:35:02.498+0000] {override.py:1911} INFO - Created Permission View: can read on DAG:example_short_circuit_decorator
[2024-11-13T21:35:02.500+0000] {logging_mixin.py:190} INFO - [2024-11-13T21:35:02.500+0000] {override.py:1911} INFO - Created Permission View: can create on DAG Run:example_short_circuit_decorator
[2024-11-13T21:35:02.503+0000] {logging_mixin.py:190} INFO - [2024-11-13T21:35:02.503+0000] {override.py:1911} INFO - Created Permission View: can delete on DAG Run:example_short_circuit_decorator
[2024-11-13T21:35:02.505+0000] {logging_mixin.py:190} INFO - [2024-11-13T21:35:02.505+0000] {override.py:1911} INFO - Created Permission View: menu access on DAG Run:example_short_circuit_decorator
[2024-11-13T21:35:02.508+0000] {logging_mixin.py:190} INFO - [2024-11-13T21:35:02.508+0000] {override.py:1911} INFO - Created Permission View: can read on DAG Run:example_short_circuit_decorator
[2024-11-13T21:35:02.509+0000] {logging_mixin.py:190} INFO - [2024-11-13T21:35:02.509+0000] {dag.py:3239} INFO - Sync 1 DAGs
[2024-11-13T21:35:02.515+0000] {logging_mixin.py:190} INFO - [2024-11-13T21:35:02.514+0000] {dag.py:3262} INFO - Creating ORM DAG for example_short_circuit_decorator
[2024-11-13T21:35:02.515+0000] {logging_mixin.py:190} INFO - [2024-11-13T21:35:02.515+0000] {dag.py:4180} INFO - Setting next_dagrun for example_short_circuit_decorator to None, run_after=None
[2024-11-13T21:35:02.524+0000] {processor.py:208} INFO - Processing /home/airflow/.local/lib/python3.12/site-packages/airflow/example_dags/example_short_circuit_decorator.py took 0.089 seconds
[2024-11-13T21:35:32.772+0000] {processor.py:186} INFO - Started process (PID=136) to work on /home/airflow/.local/lib/python3.12/site-packages/airflow/example_dags/example_short_circuit_decorator.py
[2024-11-13T21:35:32.772+0000] {processor.py:914} INFO - Processing file /home/airflow/.local/lib/python3.12/site-packages/airflow/example_dags/example_short_circuit_decorator.py for tasks to queue
[2024-11-13T21:35:32.773+0000] {logging_mixin.py:190} INFO - [2024-11-13T21:35:32.773+0000] {dagbag.py:588} INFO - Filling up the DagBag from /home/airflow/.local/lib/python3.12/site-packages/airflow/example_dags/example_short_circuit_decorator.py
[2024-11-13T21:35:32.778+0000] {processor.py:925} INFO - DAG(s) 'example_short_circuit_decorator' retrieved from /home/airflow/.local/lib/python3.12/site-packages/airflow/example_dags/example_short_circuit_decorator.py
[2024-11-13T21:35:32.787+0000] {logging_mixin.py:190} INFO - [2024-11-13T21:35:32.787+0000] {dag.py:3239} INFO - Sync 1 DAGs
[2024-11-13T21:35:32.793+0000] {logging_mixin.py:190} INFO - [2024-11-13T21:35:32.793+0000] {dag.py:4180} INFO - Setting next_dagrun for example_short_circuit_decorator to None, run_after=None
[2024-11-13T21:35:32.800+0000] {processor.py:208} INFO - Processing /home/airflow/.local/lib/python3.12/site-packages/airflow/example_dags/example_short_circuit_decorator.py took 0.030 seconds
[2024-11-13T21:36:03.344+0000] {processor.py:186} INFO - Started process (PID=202) to work on /home/airflow/.local/lib/python3.12/site-packages/airflow/example_dags/example_short_circuit_decorator.py
[2024-11-13T21:36:03.346+0000] {processor.py:914} INFO - Processing file /home/airflow/.local/lib/python3.12/site-packages/airflow/example_dags/example_short_circuit_decorator.py for tasks to queue
[2024-11-13T21:36:03.348+0000] {logging_mixin.py:190} INFO - [2024-11-13T21:36:03.348+0000] {dagbag.py:588} INFO - Filling up the DagBag from /home/airflow/.local/lib/python3.12/site-packages/airflow/example_dags/example_short_circuit_decorator.py
[2024-11-13T21:36:03.352+0000] {processor.py:925} INFO - DAG(s) 'example_short_circuit_decorator' retrieved from /home/airflow/.local/lib/python3.12/site-packages/airflow/example_dags/example_short_circuit_decorator.py
[2024-11-13T21:36:03.363+0000] {logging_mixin.py:190} INFO - [2024-11-13T21:36:03.363+0000] {dag.py:3239} INFO - Sync 1 DAGs
[2024-11-13T21:36:03.371+0000] {logging_mixin.py:190} INFO - [2024-11-13T21:36:03.371+0000] {dag.py:4180} INFO - Setting next_dagrun for example_short_circuit_decorator to None, run_after=None
[2024-11-13T21:36:03.382+0000] {processor.py:208} INFO - Processing /home/airflow/.local/lib/python3.12/site-packages/airflow/example_dags/example_short_circuit_decorator.py took 0.040 seconds
[2024-11-13T21:36:33.830+0000] {processor.py:186} INFO - Started process (PID=265) to work on /home/airflow/.local/lib/python3.12/site-packages/airflow/example_dags/example_short_circuit_decorator.py
[2024-11-13T21:36:33.830+0000] {processor.py:914} INFO - Processing file /home/airflow/.local/lib/python3.12/site-packages/airflow/example_dags/example_short_circuit_decorator.py for tasks to queue
[2024-11-13T21:36:33.831+0000] {logging_mixin.py:190} INFO - [2024-11-13T21:36:33.831+0000] {dagbag.py:588} INFO - Filling up the DagBag from /home/airflow/.local/lib/python3.12/site-packages/airflow/example_dags/example_short_circuit_decorator.py
[2024-11-13T21:36:33.836+0000] {processor.py:925} INFO - DAG(s) 'example_short_circuit_decorator' retrieved from /home/airflow/.local/lib/python3.12/site-packages/airflow/example_dags/example_short_circuit_decorator.py
[2024-11-13T21:36:33.845+0000] {logging_mixin.py:190} INFO - [2024-11-13T21:36:33.845+0000] {dag.py:3239} INFO - Sync 1 DAGs
[2024-11-13T21:36:33.850+0000] {logging_mixin.py:190} INFO - [2024-11-13T21:36:33.850+0000] {dag.py:4180} INFO - Setting next_dagrun for example_short_circuit_decorator to None, run_after=None
[2024-11-13T21:36:33.857+0000] {processor.py:208} INFO - Processing /home/airflow/.local/lib/python3.12/site-packages/airflow/example_dags/example_short_circuit_decorator.py took 0.030 seconds
[2024-11-13T21:37:04.374+0000] {processor.py:186} INFO - Started process (PID=335) to work on /home/airflow/.local/lib/python3.12/site-packages/airflow/example_dags/example_short_circuit_decorator.py
[2024-11-13T21:37:04.375+0000] {processor.py:914} INFO - Processing file /home/airflow/.local/lib/python3.12/site-packages/airflow/example_dags/example_short_circuit_decorator.py for tasks to queue
[2024-11-13T21:37:04.376+0000] {logging_mixin.py:190} INFO - [2024-11-13T21:37:04.376+0000] {dagbag.py:588} INFO - Filling up the DagBag from /home/airflow/.local/lib/python3.12/site-packages/airflow/example_dags/example_short_circuit_decorator.py
[2024-11-13T21:37:04.380+0000] {processor.py:925} INFO - DAG(s) 'example_short_circuit_decorator' retrieved from /home/airflow/.local/lib/python3.12/site-packages/airflow/example_dags/example_short_circuit_decorator.py
[2024-11-13T21:37:04.389+0000] {logging_mixin.py:190} INFO - [2024-11-13T21:37:04.389+0000] {dag.py:3239} INFO - Sync 1 DAGs
[2024-11-13T21:37:04.394+0000] {logging_mixin.py:190} INFO - [2024-11-13T21:37:04.394+0000] {dag.py:4180} INFO - Setting next_dagrun for example_short_circuit_decorator to None, run_after=None
[2024-11-13T21:37:04.401+0000] {processor.py:208} INFO - Processing /home/airflow/.local/lib/python3.12/site-packages/airflow/example_dags/example_short_circuit_decorator.py took 0.030 seconds
[2024-11-13T21:37:34.757+0000] {processor.py:186} INFO - Started process (PID=398) to work on /home/airflow/.local/lib/python3.12/site-packages/airflow/example_dags/example_short_circuit_decorator.py
[2024-11-13T21:37:34.757+0000] {processor.py:914} INFO - Processing file /home/airflow/.local/lib/python3.12/site-packages/airflow/example_dags/example_short_circuit_decorator.py for tasks to queue
[2024-11-13T21:37:34.758+0000] {logging_mixin.py:190} INFO - [2024-11-13T21:37:34.758+0000] {dagbag.py:588} INFO - Filling up the DagBag from /home/airflow/.local/lib/python3.12/site-packages/airflow/example_dags/example_short_circuit_decorator.py
[2024-11-13T21:37:34.762+0000] {processor.py:925} INFO - DAG(s) 'example_short_circuit_decorator' retrieved from /home/airflow/.local/lib/python3.12/site-packages/airflow/example_dags/example_short_circuit_decorator.py
[2024-11-13T21:37:34.772+0000] {logging_mixin.py:190} INFO - [2024-11-13T21:37:34.772+0000] {dag.py:3239} INFO - Sync 1 DAGs
[2024-11-13T21:37:34.777+0000] {logging_mixin.py:190} INFO - [2024-11-13T21:37:34.777+0000] {dag.py:4180} INFO - Setting next_dagrun for example_short_circuit_decorator to None, run_after=None
[2024-11-13T21:37:34.784+0000] {processor.py:208} INFO - Processing /home/airflow/.local/lib/python3.12/site-packages/airflow/example_dags/example_short_circuit_decorator.py took 0.029 seconds
[2024-11-13T21:38:05.192+0000] {processor.py:186} INFO - Started process (PID=461) to work on /home/airflow/.local/lib/python3.12/site-packages/airflow/example_dags/example_short_circuit_decorator.py
[2024-11-13T21:38:05.192+0000] {processor.py:914} INFO - Processing file /home/airflow/.local/lib/python3.12/site-packages/airflow/example_dags/example_short_circuit_decorator.py for tasks to queue
[2024-11-13T21:38:05.193+0000] {logging_mixin.py:190} INFO - [2024-11-13T21:38:05.193+0000] {dagbag.py:588} INFO - Filling up the DagBag from /home/airflow/.local/lib/python3.12/site-packages/airflow/example_dags/example_short_circuit_decorator.py
[2024-11-13T21:38:05.197+0000] {processor.py:925} INFO - DAG(s) 'example_short_circuit_decorator' retrieved from /home/airflow/.local/lib/python3.12/site-packages/airflow/example_dags/example_short_circuit_decorator.py
[2024-11-13T21:38:05.206+0000] {logging_mixin.py:190} INFO - [2024-11-13T21:38:05.206+0000] {dag.py:3239} INFO - Sync 1 DAGs
[2024-11-13T21:38:05.212+0000] {logging_mixin.py:190} INFO - [2024-11-13T21:38:05.212+0000] {dag.py:4180} INFO - Setting next_dagrun for example_short_circuit_decorator to None, run_after=None
[2024-11-13T21:38:05.218+0000] {processor.py:208} INFO - Processing /home/airflow/.local/lib/python3.12/site-packages/airflow/example_dags/example_short_circuit_decorator.py took 0.029 seconds
[2024-11-13T23:40:19.913+0000] {processor.py:186} INFO - Started process (PID=66) to work on /home/airflow/.local/lib/python3.12/site-packages/airflow/example_dags/example_short_circuit_decorator.py
[2024-11-13T23:40:19.914+0000] {processor.py:914} INFO - Processing file /home/airflow/.local/lib/python3.12/site-packages/airflow/example_dags/example_short_circuit_decorator.py for tasks to queue
[2024-11-13T23:40:19.915+0000] {logging_mixin.py:190} INFO - [2024-11-13T23:40:19.915+0000] {dagbag.py:588} INFO - Filling up the DagBag from /home/airflow/.local/lib/python3.12/site-packages/airflow/example_dags/example_short_circuit_decorator.py
[2024-11-13T23:40:19.920+0000] {processor.py:925} INFO - DAG(s) 'example_short_circuit_decorator' retrieved from /home/airflow/.local/lib/python3.12/site-packages/airflow/example_dags/example_short_circuit_decorator.py
[2024-11-13T23:40:19.962+0000] {logging_mixin.py:190} INFO - [2024-11-13T23:40:19.962+0000] {override.py:1911} INFO - Created Permission View: can edit on DAG:example_short_circuit_decorator
[2024-11-13T23:40:19.967+0000] {logging_mixin.py:190} INFO - [2024-11-13T23:40:19.967+0000] {override.py:1911} INFO - Created Permission View: can delete on DAG:example_short_circuit_decorator
[2024-11-13T23:40:19.969+0000] {logging_mixin.py:190} INFO - [2024-11-13T23:40:19.969+0000] {override.py:1911} INFO - Created Permission View: can read on DAG:example_short_circuit_decorator
[2024-11-13T23:40:19.973+0000] {logging_mixin.py:190} INFO - [2024-11-13T23:40:19.973+0000] {override.py:1911} INFO - Created Permission View: can delete on DAG Run:example_short_circuit_decorator
[2024-11-13T23:40:19.975+0000] {logging_mixin.py:190} INFO - [2024-11-13T23:40:19.975+0000] {override.py:1911} INFO - Created Permission View: menu access on DAG Run:example_short_circuit_decorator
[2024-11-13T23:40:19.977+0000] {logging_mixin.py:190} INFO - [2024-11-13T23:40:19.977+0000] {override.py:1911} INFO - Created Permission View: can read on DAG Run:example_short_circuit_decorator
[2024-11-13T23:40:19.978+0000] {logging_mixin.py:190} INFO - [2024-11-13T23:40:19.978+0000] {override.py:1911} INFO - Created Permission View: can create on DAG Run:example_short_circuit_decorator
[2024-11-13T23:40:19.978+0000] {logging_mixin.py:190} INFO - [2024-11-13T23:40:19.978+0000] {dag.py:3239} INFO - Sync 1 DAGs
[2024-11-13T23:40:19.984+0000] {logging_mixin.py:190} INFO - [2024-11-13T23:40:19.984+0000] {dag.py:3262} INFO - Creating ORM DAG for example_short_circuit_decorator
[2024-11-13T23:40:19.985+0000] {logging_mixin.py:190} INFO - [2024-11-13T23:40:19.985+0000] {dag.py:4180} INFO - Setting next_dagrun for example_short_circuit_decorator to None, run_after=None
[2024-11-13T23:40:19.993+0000] {processor.py:208} INFO - Processing /home/airflow/.local/lib/python3.12/site-packages/airflow/example_dags/example_short_circuit_decorator.py took 0.083 seconds
[2024-11-13T23:40:50.804+0000] {processor.py:186} INFO - Started process (PID=129) to work on /home/airflow/.local/lib/python3.12/site-packages/airflow/example_dags/example_short_circuit_decorator.py
[2024-11-13T23:40:50.805+0000] {processor.py:914} INFO - Processing file /home/airflow/.local/lib/python3.12/site-packages/airflow/example_dags/example_short_circuit_decorator.py for tasks to queue
[2024-11-13T23:40:50.806+0000] {logging_mixin.py:190} INFO - [2024-11-13T23:40:50.806+0000] {dagbag.py:588} INFO - Filling up the DagBag from /home/airflow/.local/lib/python3.12/site-packages/airflow/example_dags/example_short_circuit_decorator.py
[2024-11-13T23:40:50.811+0000] {processor.py:925} INFO - DAG(s) 'example_short_circuit_decorator' retrieved from /home/airflow/.local/lib/python3.12/site-packages/airflow/example_dags/example_short_circuit_decorator.py
[2024-11-13T23:40:50.821+0000] {logging_mixin.py:190} INFO - [2024-11-13T23:40:50.821+0000] {dag.py:3239} INFO - Sync 1 DAGs
[2024-11-13T23:40:50.827+0000] {logging_mixin.py:190} INFO - [2024-11-13T23:40:50.827+0000] {dag.py:4180} INFO - Setting next_dagrun for example_short_circuit_decorator to None, run_after=None
[2024-11-13T23:40:50.833+0000] {processor.py:208} INFO - Processing /home/airflow/.local/lib/python3.12/site-packages/airflow/example_dags/example_short_circuit_decorator.py took 0.031 seconds
[2024-11-13T23:41:21.038+0000] {processor.py:186} INFO - Started process (PID=190) to work on /home/airflow/.local/lib/python3.12/site-packages/airflow/example_dags/example_short_circuit_decorator.py
[2024-11-13T23:41:21.038+0000] {processor.py:914} INFO - Processing file /home/airflow/.local/lib/python3.12/site-packages/airflow/example_dags/example_short_circuit_decorator.py for tasks to queue
[2024-11-13T23:41:21.044+0000] {logging_mixin.py:190} INFO - [2024-11-13T23:41:21.044+0000] {dagbag.py:588} INFO - Filling up the DagBag from /home/airflow/.local/lib/python3.12/site-packages/airflow/example_dags/example_short_circuit_decorator.py
[2024-11-13T23:41:21.052+0000] {processor.py:925} INFO - DAG(s) 'example_short_circuit_decorator' retrieved from /home/airflow/.local/lib/python3.12/site-packages/airflow/example_dags/example_short_circuit_decorator.py
[2024-11-13T23:41:21.064+0000] {logging_mixin.py:190} INFO - [2024-11-13T23:41:21.064+0000] {dag.py:3239} INFO - Sync 1 DAGs
[2024-11-13T23:41:21.070+0000] {logging_mixin.py:190} INFO - [2024-11-13T23:41:21.070+0000] {dag.py:4180} INFO - Setting next_dagrun for example_short_circuit_decorator to None, run_after=None
[2024-11-13T23:41:21.076+0000] {processor.py:208} INFO - Processing /home/airflow/.local/lib/python3.12/site-packages/airflow/example_dags/example_short_circuit_decorator.py took 0.041 seconds
[2024-11-13T23:41:51.499+0000] {processor.py:186} INFO - Started process (PID=259) to work on /home/airflow/.local/lib/python3.12/site-packages/airflow/example_dags/example_short_circuit_decorator.py
[2024-11-13T23:41:51.501+0000] {processor.py:914} INFO - Processing file /home/airflow/.local/lib/python3.12/site-packages/airflow/example_dags/example_short_circuit_decorator.py for tasks to queue
[2024-11-13T23:41:51.502+0000] {logging_mixin.py:190} INFO - [2024-11-13T23:41:51.502+0000] {dagbag.py:588} INFO - Filling up the DagBag from /home/airflow/.local/lib/python3.12/site-packages/airflow/example_dags/example_short_circuit_decorator.py
[2024-11-13T23:41:51.507+0000] {processor.py:925} INFO - DAG(s) 'example_short_circuit_decorator' retrieved from /home/airflow/.local/lib/python3.12/site-packages/airflow/example_dags/example_short_circuit_decorator.py
[2024-11-13T23:41:51.515+0000] {logging_mixin.py:190} INFO - [2024-11-13T23:41:51.515+0000] {dag.py:3239} INFO - Sync 1 DAGs
[2024-11-13T23:41:51.521+0000] {logging_mixin.py:190} INFO - [2024-11-13T23:41:51.521+0000] {dag.py:4180} INFO - Setting next_dagrun for example_short_circuit_decorator to None, run_after=None
[2024-11-13T23:41:51.530+0000] {processor.py:208} INFO - Processing /home/airflow/.local/lib/python3.12/site-packages/airflow/example_dags/example_short_circuit_decorator.py took 0.034 seconds
[2024-11-13T23:42:22.075+0000] {processor.py:186} INFO - Started process (PID=323) to work on /home/airflow/.local/lib/python3.12/site-packages/airflow/example_dags/example_short_circuit_decorator.py
[2024-11-13T23:42:22.076+0000] {processor.py:914} INFO - Processing file /home/airflow/.local/lib/python3.12/site-packages/airflow/example_dags/example_short_circuit_decorator.py for tasks to queue
[2024-11-13T23:42:22.077+0000] {logging_mixin.py:190} INFO - [2024-11-13T23:42:22.076+0000] {dagbag.py:588} INFO - Filling up the DagBag from /home/airflow/.local/lib/python3.12/site-packages/airflow/example_dags/example_short_circuit_decorator.py
[2024-11-13T23:42:22.082+0000] {processor.py:925} INFO - DAG(s) 'example_short_circuit_decorator' retrieved from /home/airflow/.local/lib/python3.12/site-packages/airflow/example_dags/example_short_circuit_decorator.py
[2024-11-13T23:42:22.092+0000] {logging_mixin.py:190} INFO - [2024-11-13T23:42:22.092+0000] {dag.py:3239} INFO - Sync 1 DAGs
[2024-11-13T23:42:22.099+0000] {logging_mixin.py:190} INFO - [2024-11-13T23:42:22.099+0000] {dag.py:4180} INFO - Setting next_dagrun for example_short_circuit_decorator to None, run_after=None
[2024-11-13T23:42:22.107+0000] {processor.py:208} INFO - Processing /home/airflow/.local/lib/python3.12/site-packages/airflow/example_dags/example_short_circuit_decorator.py took 0.034 seconds
[2024-11-13T23:42:52.360+0000] {processor.py:186} INFO - Started process (PID=385) to work on /home/airflow/.local/lib/python3.12/site-packages/airflow/example_dags/example_short_circuit_decorator.py
[2024-11-13T23:42:52.360+0000] {processor.py:914} INFO - Processing file /home/airflow/.local/lib/python3.12/site-packages/airflow/example_dags/example_short_circuit_decorator.py for tasks to queue
[2024-11-13T23:42:52.361+0000] {logging_mixin.py:190} INFO - [2024-11-13T23:42:52.361+0000] {dagbag.py:588} INFO - Filling up the DagBag from /home/airflow/.local/lib/python3.12/site-packages/airflow/example_dags/example_short_circuit_decorator.py
[2024-11-13T23:42:52.365+0000] {processor.py:925} INFO - DAG(s) 'example_short_circuit_decorator' retrieved from /home/airflow/.local/lib/python3.12/site-packages/airflow/example_dags/example_short_circuit_decorator.py
[2024-11-13T23:42:52.374+0000] {logging_mixin.py:190} INFO - [2024-11-13T23:42:52.374+0000] {dag.py:3239} INFO - Sync 1 DAGs
[2024-11-13T23:42:52.380+0000] {logging_mixin.py:190} INFO - [2024-11-13T23:42:52.380+0000] {dag.py:4180} INFO - Setting next_dagrun for example_short_circuit_decorator to None, run_after=None
[2024-11-13T23:42:52.386+0000] {processor.py:208} INFO - Processing /home/airflow/.local/lib/python3.12/site-packages/airflow/example_dags/example_short_circuit_decorator.py took 0.029 seconds
[2024-11-13T23:43:23.728+0000] {processor.py:186} INFO - Started process (PID=449) to work on /home/airflow/.local/lib/python3.12/site-packages/airflow/example_dags/example_short_circuit_decorator.py
[2024-11-13T23:43:23.728+0000] {processor.py:914} INFO - Processing file /home/airflow/.local/lib/python3.12/site-packages/airflow/example_dags/example_short_circuit_decorator.py for tasks to queue
[2024-11-13T23:43:23.729+0000] {logging_mixin.py:190} INFO - [2024-11-13T23:43:23.729+0000] {dagbag.py:588} INFO - Filling up the DagBag from /home/airflow/.local/lib/python3.12/site-packages/airflow/example_dags/example_short_circuit_decorator.py
[2024-11-13T23:43:23.734+0000] {processor.py:925} INFO - DAG(s) 'example_short_circuit_decorator' retrieved from /home/airflow/.local/lib/python3.12/site-packages/airflow/example_dags/example_short_circuit_decorator.py
[2024-11-13T23:43:23.743+0000] {logging_mixin.py:190} INFO - [2024-11-13T23:43:23.743+0000] {dag.py:3239} INFO - Sync 1 DAGs
[2024-11-13T23:43:23.748+0000] {logging_mixin.py:190} INFO - [2024-11-13T23:43:23.748+0000] {dag.py:4180} INFO - Setting next_dagrun for example_short_circuit_decorator to None, run_after=None
[2024-11-13T23:43:23.755+0000] {processor.py:208} INFO - Processing /home/airflow/.local/lib/python3.12/site-packages/airflow/example_dags/example_short_circuit_decorator.py took 0.030 seconds
[2024-11-13T23:43:54.929+0000] {processor.py:186} INFO - Started process (PID=512) to work on /home/airflow/.local/lib/python3.12/site-packages/airflow/example_dags/example_short_circuit_decorator.py
[2024-11-13T23:43:54.930+0000] {processor.py:914} INFO - Processing file /home/airflow/.local/lib/python3.12/site-packages/airflow/example_dags/example_short_circuit_decorator.py for tasks to queue
[2024-11-13T23:43:54.931+0000] {logging_mixin.py:190} INFO - [2024-11-13T23:43:54.931+0000] {dagbag.py:588} INFO - Filling up the DagBag from /home/airflow/.local/lib/python3.12/site-packages/airflow/example_dags/example_short_circuit_decorator.py
[2024-11-13T23:43:54.935+0000] {processor.py:925} INFO - DAG(s) 'example_short_circuit_decorator' retrieved from /home/airflow/.local/lib/python3.12/site-packages/airflow/example_dags/example_short_circuit_decorator.py
[2024-11-13T23:43:54.944+0000] {logging_mixin.py:190} INFO - [2024-11-13T23:43:54.944+0000] {dag.py:3239} INFO - Sync 1 DAGs
[2024-11-13T23:43:54.950+0000] {logging_mixin.py:190} INFO - [2024-11-13T23:43:54.950+0000] {dag.py:4180} INFO - Setting next_dagrun for example_short_circuit_decorator to None, run_after=None
[2024-11-13T23:43:54.956+0000] {processor.py:208} INFO - Processing /home/airflow/.local/lib/python3.12/site-packages/airflow/example_dags/example_short_circuit_decorator.py took 0.029 seconds
[2024-11-13T23:44:26.240+0000] {processor.py:186} INFO - Started process (PID=575) to work on /home/airflow/.local/lib/python3.12/site-packages/airflow/example_dags/example_short_circuit_decorator.py
[2024-11-13T23:44:26.241+0000] {processor.py:914} INFO - Processing file /home/airflow/.local/lib/python3.12/site-packages/airflow/example_dags/example_short_circuit_decorator.py for tasks to queue
[2024-11-13T23:44:26.242+0000] {logging_mixin.py:190} INFO - [2024-11-13T23:44:26.242+0000] {dagbag.py:588} INFO - Filling up the DagBag from /home/airflow/.local/lib/python3.12/site-packages/airflow/example_dags/example_short_circuit_decorator.py
[2024-11-13T23:44:26.246+0000] {processor.py:925} INFO - DAG(s) 'example_short_circuit_decorator' retrieved from /home/airflow/.local/lib/python3.12/site-packages/airflow/example_dags/example_short_circuit_decorator.py
[2024-11-13T23:44:26.256+0000] {logging_mixin.py:190} INFO - [2024-11-13T23:44:26.255+0000] {dag.py:3239} INFO - Sync 1 DAGs
[2024-11-13T23:44:26.261+0000] {logging_mixin.py:190} INFO - [2024-11-13T23:44:26.261+0000] {dag.py:4180} INFO - Setting next_dagrun for example_short_circuit_decorator to None, run_after=None
[2024-11-13T23:44:26.268+0000] {processor.py:208} INFO - Processing /home/airflow/.local/lib/python3.12/site-packages/airflow/example_dags/example_short_circuit_decorator.py took 0.030 seconds
[2024-11-13T23:44:57.518+0000] {processor.py:186} INFO - Started process (PID=638) to work on /home/airflow/.local/lib/python3.12/site-packages/airflow/example_dags/example_short_circuit_decorator.py
[2024-11-13T23:44:57.518+0000] {processor.py:914} INFO - Processing file /home/airflow/.local/lib/python3.12/site-packages/airflow/example_dags/example_short_circuit_decorator.py for tasks to queue
[2024-11-13T23:44:57.519+0000] {logging_mixin.py:190} INFO - [2024-11-13T23:44:57.519+0000] {dagbag.py:588} INFO - Filling up the DagBag from /home/airflow/.local/lib/python3.12/site-packages/airflow/example_dags/example_short_circuit_decorator.py
[2024-11-13T23:44:57.523+0000] {processor.py:925} INFO - DAG(s) 'example_short_circuit_decorator' retrieved from /home/airflow/.local/lib/python3.12/site-packages/airflow/example_dags/example_short_circuit_decorator.py
[2024-11-13T23:44:57.532+0000] {logging_mixin.py:190} INFO - [2024-11-13T23:44:57.532+0000] {dag.py:3239} INFO - Sync 1 DAGs
[2024-11-13T23:44:57.537+0000] {logging_mixin.py:190} INFO - [2024-11-13T23:44:57.537+0000] {dag.py:4180} INFO - Setting next_dagrun for example_short_circuit_decorator to None, run_after=None
[2024-11-13T23:44:57.543+0000] {processor.py:208} INFO - Processing /home/airflow/.local/lib/python3.12/site-packages/airflow/example_dags/example_short_circuit_decorator.py took 0.028 seconds
[2024-11-13T23:45:28.743+0000] {processor.py:186} INFO - Started process (PID=701) to work on /home/airflow/.local/lib/python3.12/site-packages/airflow/example_dags/example_short_circuit_decorator.py
[2024-11-13T23:45:28.743+0000] {processor.py:914} INFO - Processing file /home/airflow/.local/lib/python3.12/site-packages/airflow/example_dags/example_short_circuit_decorator.py for tasks to queue
[2024-11-13T23:45:28.744+0000] {logging_mixin.py:190} INFO - [2024-11-13T23:45:28.744+0000] {dagbag.py:588} INFO - Filling up the DagBag from /home/airflow/.local/lib/python3.12/site-packages/airflow/example_dags/example_short_circuit_decorator.py
[2024-11-13T23:45:28.749+0000] {processor.py:925} INFO - DAG(s) 'example_short_circuit_decorator' retrieved from /home/airflow/.local/lib/python3.12/site-packages/airflow/example_dags/example_short_circuit_decorator.py
[2024-11-13T23:45:28.759+0000] {logging_mixin.py:190} INFO - [2024-11-13T23:45:28.759+0000] {dag.py:3239} INFO - Sync 1 DAGs
[2024-11-13T23:45:28.765+0000] {logging_mixin.py:190} INFO - [2024-11-13T23:45:28.765+0000] {dag.py:4180} INFO - Setting next_dagrun for example_short_circuit_decorator to None, run_after=None
[2024-11-13T23:45:28.771+0000] {processor.py:208} INFO - Processing /home/airflow/.local/lib/python3.12/site-packages/airflow/example_dags/example_short_circuit_decorator.py took 0.031 seconds
[2024-11-13T23:45:59.897+0000] {processor.py:186} INFO - Started process (PID=764) to work on /home/airflow/.local/lib/python3.12/site-packages/airflow/example_dags/example_short_circuit_decorator.py
[2024-11-13T23:45:59.897+0000] {processor.py:914} INFO - Processing file /home/airflow/.local/lib/python3.12/site-packages/airflow/example_dags/example_short_circuit_decorator.py for tasks to queue
[2024-11-13T23:45:59.898+0000] {logging_mixin.py:190} INFO - [2024-11-13T23:45:59.898+0000] {dagbag.py:588} INFO - Filling up the DagBag from /home/airflow/.local/lib/python3.12/site-packages/airflow/example_dags/example_short_circuit_decorator.py
[2024-11-13T23:45:59.903+0000] {processor.py:925} INFO - DAG(s) 'example_short_circuit_decorator' retrieved from /home/airflow/.local/lib/python3.12/site-packages/airflow/example_dags/example_short_circuit_decorator.py
[2024-11-13T23:45:59.912+0000] {logging_mixin.py:190} INFO - [2024-11-13T23:45:59.912+0000] {dag.py:3239} INFO - Sync 1 DAGs
[2024-11-13T23:45:59.917+0000] {logging_mixin.py:190} INFO - [2024-11-13T23:45:59.917+0000] {dag.py:4180} INFO - Setting next_dagrun for example_short_circuit_decorator to None, run_after=None
[2024-11-13T23:45:59.923+0000] {processor.py:208} INFO - Processing /home/airflow/.local/lib/python3.12/site-packages/airflow/example_dags/example_short_circuit_decorator.py took 0.029 seconds
[2024-11-13T23:46:31.178+0000] {processor.py:186} INFO - Started process (PID=827) to work on /home/airflow/.local/lib/python3.12/site-packages/airflow/example_dags/example_short_circuit_decorator.py
[2024-11-13T23:46:31.178+0000] {processor.py:914} INFO - Processing file /home/airflow/.local/lib/python3.12/site-packages/airflow/example_dags/example_short_circuit_decorator.py for tasks to queue
[2024-11-13T23:46:31.179+0000] {logging_mixin.py:190} INFO - [2024-11-13T23:46:31.179+0000] {dagbag.py:588} INFO - Filling up the DagBag from /home/airflow/.local/lib/python3.12/site-packages/airflow/example_dags/example_short_circuit_decorator.py
[2024-11-13T23:46:31.183+0000] {processor.py:925} INFO - DAG(s) 'example_short_circuit_decorator' retrieved from /home/airflow/.local/lib/python3.12/site-packages/airflow/example_dags/example_short_circuit_decorator.py
[2024-11-13T23:46:31.192+0000] {logging_mixin.py:190} INFO - [2024-11-13T23:46:31.192+0000] {dag.py:3239} INFO - Sync 1 DAGs
[2024-11-13T23:46:31.198+0000] {logging_mixin.py:190} INFO - [2024-11-13T23:46:31.198+0000] {dag.py:4180} INFO - Setting next_dagrun for example_short_circuit_decorator to None, run_after=None
[2024-11-13T23:46:31.204+0000] {processor.py:208} INFO - Processing /home/airflow/.local/lib/python3.12/site-packages/airflow/example_dags/example_short_circuit_decorator.py took 0.029 seconds
[2024-11-13T23:47:02.506+0000] {processor.py:186} INFO - Started process (PID=890) to work on /home/airflow/.local/lib/python3.12/site-packages/airflow/example_dags/example_short_circuit_decorator.py
[2024-11-13T23:47:02.506+0000] {processor.py:914} INFO - Processing file /home/airflow/.local/lib/python3.12/site-packages/airflow/example_dags/example_short_circuit_decorator.py for tasks to queue
[2024-11-13T23:47:02.507+0000] {logging_mixin.py:190} INFO - [2024-11-13T23:47:02.507+0000] {dagbag.py:588} INFO - Filling up the DagBag from /home/airflow/.local/lib/python3.12/site-packages/airflow/example_dags/example_short_circuit_decorator.py
[2024-11-13T23:47:02.511+0000] {processor.py:925} INFO - DAG(s) 'example_short_circuit_decorator' retrieved from /home/airflow/.local/lib/python3.12/site-packages/airflow/example_dags/example_short_circuit_decorator.py
[2024-11-13T23:47:02.521+0000] {logging_mixin.py:190} INFO - [2024-11-13T23:47:02.521+0000] {dag.py:3239} INFO - Sync 1 DAGs
[2024-11-13T23:47:02.526+0000] {logging_mixin.py:190} INFO - [2024-11-13T23:47:02.526+0000] {dag.py:4180} INFO - Setting next_dagrun for example_short_circuit_decorator to None, run_after=None
[2024-11-13T23:47:02.532+0000] {processor.py:208} INFO - Processing /home/airflow/.local/lib/python3.12/site-packages/airflow/example_dags/example_short_circuit_decorator.py took 0.029 seconds
[2024-11-13T23:47:33.777+0000] {processor.py:186} INFO - Started process (PID=953) to work on /home/airflow/.local/lib/python3.12/site-packages/airflow/example_dags/example_short_circuit_decorator.py
[2024-11-13T23:47:33.777+0000] {processor.py:914} INFO - Processing file /home/airflow/.local/lib/python3.12/site-packages/airflow/example_dags/example_short_circuit_decorator.py for tasks to queue
[2024-11-13T23:47:33.779+0000] {logging_mixin.py:190} INFO - [2024-11-13T23:47:33.778+0000] {dagbag.py:588} INFO - Filling up the DagBag from /home/airflow/.local/lib/python3.12/site-packages/airflow/example_dags/example_short_circuit_decorator.py
[2024-11-13T23:47:33.783+0000] {processor.py:925} INFO - DAG(s) 'example_short_circuit_decorator' retrieved from /home/airflow/.local/lib/python3.12/site-packages/airflow/example_dags/example_short_circuit_decorator.py
[2024-11-13T23:47:33.792+0000] {logging_mixin.py:190} INFO - [2024-11-13T23:47:33.792+0000] {dag.py:3239} INFO - Sync 1 DAGs
[2024-11-13T23:47:33.797+0000] {logging_mixin.py:190} INFO - [2024-11-13T23:47:33.797+0000] {dag.py:4180} INFO - Setting next_dagrun for example_short_circuit_decorator to None, run_after=None
[2024-11-13T23:47:33.804+0000] {processor.py:208} INFO - Processing /home/airflow/.local/lib/python3.12/site-packages/airflow/example_dags/example_short_circuit_decorator.py took 0.029 seconds
