[2024-11-13T21:28:26.661+0000] {processor.py:186} INFO - Started process (PID=46) to work on /home/airflow/.local/lib/python3.12/site-packages/airflow/example_dags/example_complex.py
[2024-11-13T21:28:26.662+0000] {processor.py:914} INFO - Processing file /home/airflow/.local/lib/python3.12/site-packages/airflow/example_dags/example_complex.py for tasks to queue
[2024-11-13T21:28:26.663+0000] {logging_mixin.py:190} INFO - [2024-11-13T21:28:26.663+0000] {dagbag.py:588} INFO - Filling up the DagBag from /home/airflow/.local/lib/python3.12/site-packages/airflow/example_dags/example_complex.py
[2024-11-13T21:28:26.671+0000] {processor.py:925} INFO - DAG(s) 'example_complex' retrieved from /home/airflow/.local/lib/python3.12/site-packages/airflow/example_dags/example_complex.py
[2024-11-13T21:28:26.729+0000] {logging_mixin.py:190} INFO - [2024-11-13T21:28:26.729+0000] {override.py:1911} INFO - Created Permission View: can edit on DAG:example_complex
[2024-11-13T21:28:26.734+0000] {logging_mixin.py:190} INFO - [2024-11-13T21:28:26.734+0000] {override.py:1911} INFO - Created Permission View: can read on DAG:example_complex
[2024-11-13T21:28:26.745+0000] {logging_mixin.py:190} INFO - [2024-11-13T21:28:26.745+0000] {override.py:1911} INFO - Created Permission View: can delete on DAG:example_complex
[2024-11-13T21:28:26.749+0000] {logging_mixin.py:190} INFO - [2024-11-13T21:28:26.749+0000] {override.py:1911} INFO - Created Permission View: can delete on DAG Run:example_complex
[2024-11-13T21:28:26.753+0000] {logging_mixin.py:190} INFO - [2024-11-13T21:28:26.752+0000] {override.py:1911} INFO - Created Permission View: can read on DAG Run:example_complex
[2024-11-13T21:28:26.756+0000] {logging_mixin.py:190} INFO - [2024-11-13T21:28:26.756+0000] {override.py:1911} INFO - Created Permission View: menu access on DAG Run:example_complex
[2024-11-13T21:28:26.772+0000] {logging_mixin.py:190} INFO - [2024-11-13T21:28:26.772+0000] {override.py:1911} INFO - Created Permission View: can create on DAG Run:example_complex
[2024-11-13T21:28:26.774+0000] {logging_mixin.py:190} INFO - [2024-11-13T21:28:26.774+0000] {dag.py:3239} INFO - Sync 1 DAGs
[2024-11-13T21:28:26.780+0000] {logging_mixin.py:190} INFO - [2024-11-13T21:28:26.780+0000] {dag.py:3262} INFO - Creating ORM DAG for example_complex
[2024-11-13T21:28:26.782+0000] {logging_mixin.py:190} INFO - [2024-11-13T21:28:26.782+0000] {dag.py:4180} INFO - Setting next_dagrun for example_complex to None, run_after=None
[2024-11-13T21:28:26.792+0000] {processor.py:208} INFO - Processing /home/airflow/.local/lib/python3.12/site-packages/airflow/example_dags/example_complex.py took 0.134 seconds
[2024-11-13T21:28:57.491+0000] {processor.py:186} INFO - Started process (PID=108) to work on /home/airflow/.local/lib/python3.12/site-packages/airflow/example_dags/example_complex.py
[2024-11-13T21:28:57.492+0000] {processor.py:914} INFO - Processing file /home/airflow/.local/lib/python3.12/site-packages/airflow/example_dags/example_complex.py for tasks to queue
[2024-11-13T21:28:57.493+0000] {logging_mixin.py:190} INFO - [2024-11-13T21:28:57.493+0000] {dagbag.py:588} INFO - Filling up the DagBag from /home/airflow/.local/lib/python3.12/site-packages/airflow/example_dags/example_complex.py
[2024-11-13T21:28:57.499+0000] {processor.py:925} INFO - DAG(s) 'example_complex' retrieved from /home/airflow/.local/lib/python3.12/site-packages/airflow/example_dags/example_complex.py
[2024-11-13T21:28:57.515+0000] {logging_mixin.py:190} INFO - [2024-11-13T21:28:57.514+0000] {dag.py:3239} INFO - Sync 1 DAGs
[2024-11-13T21:28:57.522+0000] {logging_mixin.py:190} INFO - [2024-11-13T21:28:57.522+0000] {dag.py:4180} INFO - Setting next_dagrun for example_complex to None, run_after=None
[2024-11-13T21:28:57.531+0000] {processor.py:208} INFO - Processing /home/airflow/.local/lib/python3.12/site-packages/airflow/example_dags/example_complex.py took 0.043 seconds
[2024-11-13T21:29:28.076+0000] {processor.py:186} INFO - Started process (PID=171) to work on /home/airflow/.local/lib/python3.12/site-packages/airflow/example_dags/example_complex.py
[2024-11-13T21:29:28.077+0000] {processor.py:914} INFO - Processing file /home/airflow/.local/lib/python3.12/site-packages/airflow/example_dags/example_complex.py for tasks to queue
[2024-11-13T21:29:28.078+0000] {logging_mixin.py:190} INFO - [2024-11-13T21:29:28.078+0000] {dagbag.py:588} INFO - Filling up the DagBag from /home/airflow/.local/lib/python3.12/site-packages/airflow/example_dags/example_complex.py
[2024-11-13T21:29:28.085+0000] {processor.py:925} INFO - DAG(s) 'example_complex' retrieved from /home/airflow/.local/lib/python3.12/site-packages/airflow/example_dags/example_complex.py
[2024-11-13T21:29:28.102+0000] {logging_mixin.py:190} INFO - [2024-11-13T21:29:28.102+0000] {dag.py:3239} INFO - Sync 1 DAGs
[2024-11-13T21:29:28.109+0000] {logging_mixin.py:190} INFO - [2024-11-13T21:29:28.109+0000] {dag.py:4180} INFO - Setting next_dagrun for example_complex to None, run_after=None
[2024-11-13T21:29:28.119+0000] {processor.py:208} INFO - Processing /home/airflow/.local/lib/python3.12/site-packages/airflow/example_dags/example_complex.py took 0.046 seconds
[2024-11-13T21:29:58.179+0000] {processor.py:186} INFO - Started process (PID=232) to work on /home/airflow/.local/lib/python3.12/site-packages/airflow/example_dags/example_complex.py
[2024-11-13T21:29:58.182+0000] {processor.py:914} INFO - Processing file /home/airflow/.local/lib/python3.12/site-packages/airflow/example_dags/example_complex.py for tasks to queue
[2024-11-13T21:29:58.183+0000] {logging_mixin.py:190} INFO - [2024-11-13T21:29:58.183+0000] {dagbag.py:588} INFO - Filling up the DagBag from /home/airflow/.local/lib/python3.12/site-packages/airflow/example_dags/example_complex.py
[2024-11-13T21:29:58.190+0000] {processor.py:925} INFO - DAG(s) 'example_complex' retrieved from /home/airflow/.local/lib/python3.12/site-packages/airflow/example_dags/example_complex.py
[2024-11-13T21:29:58.207+0000] {logging_mixin.py:190} INFO - [2024-11-13T21:29:58.206+0000] {dag.py:3239} INFO - Sync 1 DAGs
[2024-11-13T21:29:58.215+0000] {logging_mixin.py:190} INFO - [2024-11-13T21:29:58.215+0000] {dag.py:4180} INFO - Setting next_dagrun for example_complex to None, run_after=None
[2024-11-13T21:29:58.227+0000] {processor.py:208} INFO - Processing /home/airflow/.local/lib/python3.12/site-packages/airflow/example_dags/example_complex.py took 0.051 seconds
[2024-11-13T21:30:28.418+0000] {processor.py:186} INFO - Started process (PID=295) to work on /home/airflow/.local/lib/python3.12/site-packages/airflow/example_dags/example_complex.py
[2024-11-13T21:30:28.418+0000] {processor.py:914} INFO - Processing file /home/airflow/.local/lib/python3.12/site-packages/airflow/example_dags/example_complex.py for tasks to queue
[2024-11-13T21:30:28.420+0000] {logging_mixin.py:190} INFO - [2024-11-13T21:30:28.420+0000] {dagbag.py:588} INFO - Filling up the DagBag from /home/airflow/.local/lib/python3.12/site-packages/airflow/example_dags/example_complex.py
[2024-11-13T21:30:28.426+0000] {processor.py:925} INFO - DAG(s) 'example_complex' retrieved from /home/airflow/.local/lib/python3.12/site-packages/airflow/example_dags/example_complex.py
[2024-11-13T21:30:28.439+0000] {logging_mixin.py:190} INFO - [2024-11-13T21:30:28.439+0000] {dag.py:3239} INFO - Sync 1 DAGs
[2024-11-13T21:30:28.446+0000] {logging_mixin.py:190} INFO - [2024-11-13T21:30:28.446+0000] {dag.py:4180} INFO - Setting next_dagrun for example_complex to None, run_after=None
[2024-11-13T21:30:28.453+0000] {processor.py:208} INFO - Processing /home/airflow/.local/lib/python3.12/site-packages/airflow/example_dags/example_complex.py took 0.038 seconds
[2024-11-13T21:35:00.478+0000] {processor.py:186} INFO - Started process (PID=48) to work on /home/airflow/.local/lib/python3.12/site-packages/airflow/example_dags/example_complex.py
[2024-11-13T21:35:00.478+0000] {processor.py:914} INFO - Processing file /home/airflow/.local/lib/python3.12/site-packages/airflow/example_dags/example_complex.py for tasks to queue
[2024-11-13T21:35:00.481+0000] {logging_mixin.py:190} INFO - [2024-11-13T21:35:00.481+0000] {dagbag.py:588} INFO - Filling up the DagBag from /home/airflow/.local/lib/python3.12/site-packages/airflow/example_dags/example_complex.py
[2024-11-13T21:35:00.491+0000] {processor.py:925} INFO - DAG(s) 'example_complex' retrieved from /home/airflow/.local/lib/python3.12/site-packages/airflow/example_dags/example_complex.py
[2024-11-13T21:35:00.580+0000] {logging_mixin.py:190} INFO - [2024-11-13T21:35:00.580+0000] {override.py:1911} INFO - Created Permission View: can edit on DAG:example_complex
[2024-11-13T21:35:00.584+0000] {logging_mixin.py:190} INFO - [2024-11-13T21:35:00.584+0000] {override.py:1911} INFO - Created Permission View: can delete on DAG:example_complex
[2024-11-13T21:35:00.586+0000] {logging_mixin.py:190} INFO - [2024-11-13T21:35:00.586+0000] {override.py:1911} INFO - Created Permission View: can read on DAG:example_complex
[2024-11-13T21:35:00.588+0000] {logging_mixin.py:190} INFO - [2024-11-13T21:35:00.587+0000] {override.py:1911} INFO - Created Permission View: can create on DAG Run:example_complex
[2024-11-13T21:35:00.590+0000] {logging_mixin.py:190} INFO - [2024-11-13T21:35:00.590+0000] {override.py:1911} INFO - Created Permission View: can delete on DAG Run:example_complex
[2024-11-13T21:35:00.592+0000] {logging_mixin.py:190} INFO - [2024-11-13T21:35:00.592+0000] {override.py:1911} INFO - Created Permission View: menu access on DAG Run:example_complex
[2024-11-13T21:35:00.594+0000] {logging_mixin.py:190} INFO - [2024-11-13T21:35:00.594+0000] {override.py:1911} INFO - Created Permission View: can read on DAG Run:example_complex
[2024-11-13T21:35:00.594+0000] {logging_mixin.py:190} INFO - [2024-11-13T21:35:00.594+0000] {dag.py:3239} INFO - Sync 1 DAGs
[2024-11-13T21:35:00.599+0000] {logging_mixin.py:190} INFO - [2024-11-13T21:35:00.599+0000] {dag.py:3262} INFO - Creating ORM DAG for example_complex
[2024-11-13T21:35:00.600+0000] {logging_mixin.py:190} INFO - [2024-11-13T21:35:00.600+0000] {dag.py:4180} INFO - Setting next_dagrun for example_complex to None, run_after=None
[2024-11-13T21:35:00.609+0000] {processor.py:208} INFO - Processing /home/airflow/.local/lib/python3.12/site-packages/airflow/example_dags/example_complex.py took 0.134 seconds
[2024-11-13T21:35:30.634+0000] {processor.py:186} INFO - Started process (PID=110) to work on /home/airflow/.local/lib/python3.12/site-packages/airflow/example_dags/example_complex.py
[2024-11-13T21:35:30.635+0000] {processor.py:914} INFO - Processing file /home/airflow/.local/lib/python3.12/site-packages/airflow/example_dags/example_complex.py for tasks to queue
[2024-11-13T21:35:30.636+0000] {logging_mixin.py:190} INFO - [2024-11-13T21:35:30.636+0000] {dagbag.py:588} INFO - Filling up the DagBag from /home/airflow/.local/lib/python3.12/site-packages/airflow/example_dags/example_complex.py
[2024-11-13T21:35:30.645+0000] {processor.py:925} INFO - DAG(s) 'example_complex' retrieved from /home/airflow/.local/lib/python3.12/site-packages/airflow/example_dags/example_complex.py
[2024-11-13T21:35:30.658+0000] {logging_mixin.py:190} INFO - [2024-11-13T21:35:30.658+0000] {dag.py:3239} INFO - Sync 1 DAGs
[2024-11-13T21:35:30.666+0000] {logging_mixin.py:190} INFO - [2024-11-13T21:35:30.666+0000] {dag.py:4180} INFO - Setting next_dagrun for example_complex to None, run_after=None
[2024-11-13T21:35:30.677+0000] {processor.py:208} INFO - Processing /home/airflow/.local/lib/python3.12/site-packages/airflow/example_dags/example_complex.py took 0.046 seconds
[2024-11-13T21:36:01.328+0000] {processor.py:186} INFO - Started process (PID=177) to work on /home/airflow/.local/lib/python3.12/site-packages/airflow/example_dags/example_complex.py
[2024-11-13T21:36:01.329+0000] {processor.py:914} INFO - Processing file /home/airflow/.local/lib/python3.12/site-packages/airflow/example_dags/example_complex.py for tasks to queue
[2024-11-13T21:36:01.331+0000] {logging_mixin.py:190} INFO - [2024-11-13T21:36:01.331+0000] {dagbag.py:588} INFO - Filling up the DagBag from /home/airflow/.local/lib/python3.12/site-packages/airflow/example_dags/example_complex.py
[2024-11-13T21:36:01.338+0000] {processor.py:925} INFO - DAG(s) 'example_complex' retrieved from /home/airflow/.local/lib/python3.12/site-packages/airflow/example_dags/example_complex.py
[2024-11-13T21:36:01.360+0000] {logging_mixin.py:190} INFO - [2024-11-13T21:36:01.360+0000] {dag.py:3239} INFO - Sync 1 DAGs
[2024-11-13T21:36:01.369+0000] {logging_mixin.py:190} INFO - [2024-11-13T21:36:01.369+0000] {dag.py:4180} INFO - Setting next_dagrun for example_complex to None, run_after=None
[2024-11-13T21:36:01.385+0000] {processor.py:208} INFO - Processing /home/airflow/.local/lib/python3.12/site-packages/airflow/example_dags/example_complex.py took 0.059 seconds
[2024-11-13T21:36:31.844+0000] {processor.py:186} INFO - Started process (PID=240) to work on /home/airflow/.local/lib/python3.12/site-packages/airflow/example_dags/example_complex.py
[2024-11-13T21:36:31.845+0000] {processor.py:914} INFO - Processing file /home/airflow/.local/lib/python3.12/site-packages/airflow/example_dags/example_complex.py for tasks to queue
[2024-11-13T21:36:31.846+0000] {logging_mixin.py:190} INFO - [2024-11-13T21:36:31.846+0000] {dagbag.py:588} INFO - Filling up the DagBag from /home/airflow/.local/lib/python3.12/site-packages/airflow/example_dags/example_complex.py
[2024-11-13T21:36:31.851+0000] {processor.py:925} INFO - DAG(s) 'example_complex' retrieved from /home/airflow/.local/lib/python3.12/site-packages/airflow/example_dags/example_complex.py
[2024-11-13T21:36:31.862+0000] {logging_mixin.py:190} INFO - [2024-11-13T21:36:31.862+0000] {dag.py:3239} INFO - Sync 1 DAGs
[2024-11-13T21:36:31.867+0000] {logging_mixin.py:190} INFO - [2024-11-13T21:36:31.867+0000] {dag.py:4180} INFO - Setting next_dagrun for example_complex to None, run_after=None
[2024-11-13T21:36:31.873+0000] {processor.py:208} INFO - Processing /home/airflow/.local/lib/python3.12/site-packages/airflow/example_dags/example_complex.py took 0.032 seconds
[2024-11-13T21:37:02.329+0000] {processor.py:186} INFO - Started process (PID=303) to work on /home/airflow/.local/lib/python3.12/site-packages/airflow/example_dags/example_complex.py
[2024-11-13T21:37:02.329+0000] {processor.py:914} INFO - Processing file /home/airflow/.local/lib/python3.12/site-packages/airflow/example_dags/example_complex.py for tasks to queue
[2024-11-13T21:37:02.330+0000] {logging_mixin.py:190} INFO - [2024-11-13T21:37:02.330+0000] {dagbag.py:588} INFO - Filling up the DagBag from /home/airflow/.local/lib/python3.12/site-packages/airflow/example_dags/example_complex.py
[2024-11-13T21:37:02.336+0000] {processor.py:925} INFO - DAG(s) 'example_complex' retrieved from /home/airflow/.local/lib/python3.12/site-packages/airflow/example_dags/example_complex.py
[2024-11-13T21:37:02.348+0000] {logging_mixin.py:190} INFO - [2024-11-13T21:37:02.348+0000] {dag.py:3239} INFO - Sync 1 DAGs
[2024-11-13T21:37:02.353+0000] {logging_mixin.py:190} INFO - [2024-11-13T21:37:02.353+0000] {dag.py:4180} INFO - Setting next_dagrun for example_complex to None, run_after=None
[2024-11-13T21:37:02.360+0000] {processor.py:208} INFO - Processing /home/airflow/.local/lib/python3.12/site-packages/airflow/example_dags/example_complex.py took 0.033 seconds
[2024-11-13T21:37:32.777+0000] {processor.py:186} INFO - Started process (PID=366) to work on /home/airflow/.local/lib/python3.12/site-packages/airflow/example_dags/example_complex.py
[2024-11-13T21:37:32.777+0000] {processor.py:914} INFO - Processing file /home/airflow/.local/lib/python3.12/site-packages/airflow/example_dags/example_complex.py for tasks to queue
[2024-11-13T21:37:32.778+0000] {logging_mixin.py:190} INFO - [2024-11-13T21:37:32.778+0000] {dagbag.py:588} INFO - Filling up the DagBag from /home/airflow/.local/lib/python3.12/site-packages/airflow/example_dags/example_complex.py
[2024-11-13T21:37:32.784+0000] {processor.py:925} INFO - DAG(s) 'example_complex' retrieved from /home/airflow/.local/lib/python3.12/site-packages/airflow/example_dags/example_complex.py
[2024-11-13T21:37:32.795+0000] {logging_mixin.py:190} INFO - [2024-11-13T21:37:32.795+0000] {dag.py:3239} INFO - Sync 1 DAGs
[2024-11-13T21:37:32.801+0000] {logging_mixin.py:190} INFO - [2024-11-13T21:37:32.801+0000] {dag.py:4180} INFO - Setting next_dagrun for example_complex to None, run_after=None
[2024-11-13T21:37:32.808+0000] {processor.py:208} INFO - Processing /home/airflow/.local/lib/python3.12/site-packages/airflow/example_dags/example_complex.py took 0.033 seconds
[2024-11-13T21:38:03.256+0000] {processor.py:186} INFO - Started process (PID=429) to work on /home/airflow/.local/lib/python3.12/site-packages/airflow/example_dags/example_complex.py
[2024-11-13T21:38:03.256+0000] {processor.py:914} INFO - Processing file /home/airflow/.local/lib/python3.12/site-packages/airflow/example_dags/example_complex.py for tasks to queue
[2024-11-13T21:38:03.258+0000] {logging_mixin.py:190} INFO - [2024-11-13T21:38:03.257+0000] {dagbag.py:588} INFO - Filling up the DagBag from /home/airflow/.local/lib/python3.12/site-packages/airflow/example_dags/example_complex.py
[2024-11-13T21:38:03.263+0000] {processor.py:925} INFO - DAG(s) 'example_complex' retrieved from /home/airflow/.local/lib/python3.12/site-packages/airflow/example_dags/example_complex.py
[2024-11-13T21:38:03.276+0000] {logging_mixin.py:190} INFO - [2024-11-13T21:38:03.276+0000] {dag.py:3239} INFO - Sync 1 DAGs
[2024-11-13T21:38:03.284+0000] {logging_mixin.py:190} INFO - [2024-11-13T21:38:03.284+0000] {dag.py:4180} INFO - Setting next_dagrun for example_complex to None, run_after=None
[2024-11-13T21:38:03.291+0000] {processor.py:208} INFO - Processing /home/airflow/.local/lib/python3.12/site-packages/airflow/example_dags/example_complex.py took 0.038 seconds
[2024-11-13T23:40:18.175+0000] {processor.py:186} INFO - Started process (PID=41) to work on /home/airflow/.local/lib/python3.12/site-packages/airflow/example_dags/example_complex.py
[2024-11-13T23:40:18.175+0000] {processor.py:914} INFO - Processing file /home/airflow/.local/lib/python3.12/site-packages/airflow/example_dags/example_complex.py for tasks to queue
[2024-11-13T23:40:18.176+0000] {logging_mixin.py:190} INFO - [2024-11-13T23:40:18.176+0000] {dagbag.py:588} INFO - Filling up the DagBag from /home/airflow/.local/lib/python3.12/site-packages/airflow/example_dags/example_complex.py
[2024-11-13T23:40:18.182+0000] {processor.py:925} INFO - DAG(s) 'example_complex' retrieved from /home/airflow/.local/lib/python3.12/site-packages/airflow/example_dags/example_complex.py
[2024-11-13T23:40:18.260+0000] {logging_mixin.py:190} INFO - [2024-11-13T23:40:18.260+0000] {override.py:1911} INFO - Created Permission View: can edit on DAG:example_complex
[2024-11-13T23:40:18.271+0000] {logging_mixin.py:190} INFO - [2024-11-13T23:40:18.271+0000] {override.py:1911} INFO - Created Permission View: can delete on DAG:example_complex
[2024-11-13T23:40:18.275+0000] {logging_mixin.py:190} INFO - [2024-11-13T23:40:18.275+0000] {override.py:1911} INFO - Created Permission View: can read on DAG:example_complex
[2024-11-13T23:40:18.278+0000] {logging_mixin.py:190} INFO - [2024-11-13T23:40:18.278+0000] {override.py:1911} INFO - Created Permission View: can delete on DAG Run:example_complex
[2024-11-13T23:40:18.280+0000] {logging_mixin.py:190} INFO - [2024-11-13T23:40:18.280+0000] {override.py:1911} INFO - Created Permission View: menu access on DAG Run:example_complex
[2024-11-13T23:40:18.282+0000] {logging_mixin.py:190} INFO - [2024-11-13T23:40:18.282+0000] {override.py:1911} INFO - Created Permission View: can read on DAG Run:example_complex
[2024-11-13T23:40:18.283+0000] {logging_mixin.py:190} INFO - [2024-11-13T23:40:18.283+0000] {override.py:1911} INFO - Created Permission View: can create on DAG Run:example_complex
[2024-11-13T23:40:18.284+0000] {logging_mixin.py:190} INFO - [2024-11-13T23:40:18.284+0000] {dag.py:3239} INFO - Sync 1 DAGs
[2024-11-13T23:40:18.289+0000] {logging_mixin.py:190} INFO - [2024-11-13T23:40:18.289+0000] {dag.py:3262} INFO - Creating ORM DAG for example_complex
[2024-11-13T23:40:18.289+0000] {logging_mixin.py:190} INFO - [2024-11-13T23:40:18.289+0000] {dag.py:4180} INFO - Setting next_dagrun for example_complex to None, run_after=None
[2024-11-13T23:40:18.299+0000] {processor.py:208} INFO - Processing /home/airflow/.local/lib/python3.12/site-packages/airflow/example_dags/example_complex.py took 0.127 seconds
[2024-11-13T23:40:48.789+0000] {processor.py:186} INFO - Started process (PID=103) to work on /home/airflow/.local/lib/python3.12/site-packages/airflow/example_dags/example_complex.py
[2024-11-13T23:40:48.791+0000] {processor.py:914} INFO - Processing file /home/airflow/.local/lib/python3.12/site-packages/airflow/example_dags/example_complex.py for tasks to queue
[2024-11-13T23:40:48.793+0000] {logging_mixin.py:190} INFO - [2024-11-13T23:40:48.793+0000] {dagbag.py:588} INFO - Filling up the DagBag from /home/airflow/.local/lib/python3.12/site-packages/airflow/example_dags/example_complex.py
[2024-11-13T23:40:48.800+0000] {processor.py:925} INFO - DAG(s) 'example_complex' retrieved from /home/airflow/.local/lib/python3.12/site-packages/airflow/example_dags/example_complex.py
[2024-11-13T23:40:48.816+0000] {logging_mixin.py:190} INFO - [2024-11-13T23:40:48.816+0000] {dag.py:3239} INFO - Sync 1 DAGs
[2024-11-13T23:40:48.824+0000] {logging_mixin.py:190} INFO - [2024-11-13T23:40:48.824+0000] {dag.py:4180} INFO - Setting next_dagrun for example_complex to None, run_after=None
[2024-11-13T23:40:48.832+0000] {processor.py:208} INFO - Processing /home/airflow/.local/lib/python3.12/site-packages/airflow/example_dags/example_complex.py took 0.048 seconds
[2024-11-13T23:41:19.129+0000] {processor.py:186} INFO - Started process (PID=165) to work on /home/airflow/.local/lib/python3.12/site-packages/airflow/example_dags/example_complex.py
[2024-11-13T23:41:19.130+0000] {processor.py:914} INFO - Processing file /home/airflow/.local/lib/python3.12/site-packages/airflow/example_dags/example_complex.py for tasks to queue
[2024-11-13T23:41:19.131+0000] {logging_mixin.py:190} INFO - [2024-11-13T23:41:19.131+0000] {dagbag.py:588} INFO - Filling up the DagBag from /home/airflow/.local/lib/python3.12/site-packages/airflow/example_dags/example_complex.py
[2024-11-13T23:41:19.137+0000] {processor.py:925} INFO - DAG(s) 'example_complex' retrieved from /home/airflow/.local/lib/python3.12/site-packages/airflow/example_dags/example_complex.py
[2024-11-13T23:41:19.152+0000] {logging_mixin.py:190} INFO - [2024-11-13T23:41:19.152+0000] {dag.py:3239} INFO - Sync 1 DAGs
[2024-11-13T23:41:19.159+0000] {logging_mixin.py:190} INFO - [2024-11-13T23:41:19.159+0000] {dag.py:4180} INFO - Setting next_dagrun for example_complex to None, run_after=None
[2024-11-13T23:41:19.169+0000] {processor.py:208} INFO - Processing /home/airflow/.local/lib/python3.12/site-packages/airflow/example_dags/example_complex.py took 0.042 seconds
[2024-11-13T23:41:49.463+0000] {processor.py:186} INFO - Started process (PID=228) to work on /home/airflow/.local/lib/python3.12/site-packages/airflow/example_dags/example_complex.py
[2024-11-13T23:41:49.467+0000] {processor.py:914} INFO - Processing file /home/airflow/.local/lib/python3.12/site-packages/airflow/example_dags/example_complex.py for tasks to queue
[2024-11-13T23:41:49.469+0000] {logging_mixin.py:190} INFO - [2024-11-13T23:41:49.469+0000] {dagbag.py:588} INFO - Filling up the DagBag from /home/airflow/.local/lib/python3.12/site-packages/airflow/example_dags/example_complex.py
[2024-11-13T23:41:49.477+0000] {processor.py:925} INFO - DAG(s) 'example_complex' retrieved from /home/airflow/.local/lib/python3.12/site-packages/airflow/example_dags/example_complex.py
[2024-11-13T23:41:49.492+0000] {logging_mixin.py:190} INFO - [2024-11-13T23:41:49.492+0000] {dag.py:3239} INFO - Sync 1 DAGs
[2024-11-13T23:41:49.498+0000] {logging_mixin.py:190} INFO - [2024-11-13T23:41:49.498+0000] {dag.py:4180} INFO - Setting next_dagrun for example_complex to None, run_after=None
[2024-11-13T23:41:49.507+0000] {processor.py:208} INFO - Processing /home/airflow/.local/lib/python3.12/site-packages/airflow/example_dags/example_complex.py took 0.047 seconds
[2024-11-13T23:42:19.915+0000] {processor.py:186} INFO - Started process (PID=291) to work on /home/airflow/.local/lib/python3.12/site-packages/airflow/example_dags/example_complex.py
[2024-11-13T23:42:19.917+0000] {processor.py:914} INFO - Processing file /home/airflow/.local/lib/python3.12/site-packages/airflow/example_dags/example_complex.py for tasks to queue
[2024-11-13T23:42:19.919+0000] {logging_mixin.py:190} INFO - [2024-11-13T23:42:19.919+0000] {dagbag.py:588} INFO - Filling up the DagBag from /home/airflow/.local/lib/python3.12/site-packages/airflow/example_dags/example_complex.py
[2024-11-13T23:42:19.927+0000] {processor.py:925} INFO - DAG(s) 'example_complex' retrieved from /home/airflow/.local/lib/python3.12/site-packages/airflow/example_dags/example_complex.py
[2024-11-13T23:42:19.945+0000] {logging_mixin.py:190} INFO - [2024-11-13T23:42:19.944+0000] {dag.py:3239} INFO - Sync 1 DAGs
[2024-11-13T23:42:19.954+0000] {logging_mixin.py:190} INFO - [2024-11-13T23:42:19.953+0000] {dag.py:4180} INFO - Setting next_dagrun for example_complex to None, run_after=None
[2024-11-13T23:42:19.961+0000] {processor.py:208} INFO - Processing /home/airflow/.local/lib/python3.12/site-packages/airflow/example_dags/example_complex.py took 0.049 seconds
[2024-11-13T23:42:50.369+0000] {processor.py:186} INFO - Started process (PID=354) to work on /home/airflow/.local/lib/python3.12/site-packages/airflow/example_dags/example_complex.py
[2024-11-13T23:42:50.371+0000] {processor.py:914} INFO - Processing file /home/airflow/.local/lib/python3.12/site-packages/airflow/example_dags/example_complex.py for tasks to queue
[2024-11-13T23:42:50.373+0000] {logging_mixin.py:190} INFO - [2024-11-13T23:42:50.373+0000] {dagbag.py:588} INFO - Filling up the DagBag from /home/airflow/.local/lib/python3.12/site-packages/airflow/example_dags/example_complex.py
[2024-11-13T23:42:50.381+0000] {processor.py:925} INFO - DAG(s) 'example_complex' retrieved from /home/airflow/.local/lib/python3.12/site-packages/airflow/example_dags/example_complex.py
[2024-11-13T23:42:50.395+0000] {logging_mixin.py:190} INFO - [2024-11-13T23:42:50.395+0000] {dag.py:3239} INFO - Sync 1 DAGs
[2024-11-13T23:42:50.404+0000] {logging_mixin.py:190} INFO - [2024-11-13T23:42:50.404+0000] {dag.py:4180} INFO - Setting next_dagrun for example_complex to None, run_after=None
[2024-11-13T23:42:50.413+0000] {processor.py:208} INFO - Processing /home/airflow/.local/lib/python3.12/site-packages/airflow/example_dags/example_complex.py took 0.047 seconds
[2024-11-13T23:43:20.727+0000] {processor.py:186} INFO - Started process (PID=417) to work on /home/airflow/.local/lib/python3.12/site-packages/airflow/example_dags/example_complex.py
[2024-11-13T23:43:20.730+0000] {processor.py:914} INFO - Processing file /home/airflow/.local/lib/python3.12/site-packages/airflow/example_dags/example_complex.py for tasks to queue
[2024-11-13T23:43:20.733+0000] {logging_mixin.py:190} INFO - [2024-11-13T23:43:20.733+0000] {dagbag.py:588} INFO - Filling up the DagBag from /home/airflow/.local/lib/python3.12/site-packages/airflow/example_dags/example_complex.py
[2024-11-13T23:43:20.738+0000] {processor.py:925} INFO - DAG(s) 'example_complex' retrieved from /home/airflow/.local/lib/python3.12/site-packages/airflow/example_dags/example_complex.py
[2024-11-13T23:43:20.757+0000] {logging_mixin.py:190} INFO - [2024-11-13T23:43:20.757+0000] {dag.py:3239} INFO - Sync 1 DAGs
[2024-11-13T23:43:20.764+0000] {logging_mixin.py:190} INFO - [2024-11-13T23:43:20.764+0000] {dag.py:4180} INFO - Setting next_dagrun for example_complex to None, run_after=None
[2024-11-13T23:43:20.773+0000] {processor.py:208} INFO - Processing /home/airflow/.local/lib/python3.12/site-packages/airflow/example_dags/example_complex.py took 0.050 seconds
[2024-11-13T23:43:50.942+0000] {processor.py:186} INFO - Started process (PID=480) to work on /home/airflow/.local/lib/python3.12/site-packages/airflow/example_dags/example_complex.py
[2024-11-13T23:43:50.946+0000] {processor.py:914} INFO - Processing file /home/airflow/.local/lib/python3.12/site-packages/airflow/example_dags/example_complex.py for tasks to queue
[2024-11-13T23:43:50.948+0000] {logging_mixin.py:190} INFO - [2024-11-13T23:43:50.948+0000] {dagbag.py:588} INFO - Filling up the DagBag from /home/airflow/.local/lib/python3.12/site-packages/airflow/example_dags/example_complex.py
[2024-11-13T23:43:50.954+0000] {processor.py:925} INFO - DAG(s) 'example_complex' retrieved from /home/airflow/.local/lib/python3.12/site-packages/airflow/example_dags/example_complex.py
[2024-11-13T23:43:50.969+0000] {logging_mixin.py:190} INFO - [2024-11-13T23:43:50.969+0000] {dag.py:3239} INFO - Sync 1 DAGs
[2024-11-13T23:43:50.974+0000] {logging_mixin.py:190} INFO - [2024-11-13T23:43:50.974+0000] {dag.py:4180} INFO - Setting next_dagrun for example_complex to None, run_after=None
[2024-11-13T23:43:50.984+0000] {processor.py:208} INFO - Processing /home/airflow/.local/lib/python3.12/site-packages/airflow/example_dags/example_complex.py took 0.045 seconds
[2024-11-13T23:44:21.223+0000] {processor.py:186} INFO - Started process (PID=543) to work on /home/airflow/.local/lib/python3.12/site-packages/airflow/example_dags/example_complex.py
[2024-11-13T23:44:21.227+0000] {processor.py:914} INFO - Processing file /home/airflow/.local/lib/python3.12/site-packages/airflow/example_dags/example_complex.py for tasks to queue
[2024-11-13T23:44:21.229+0000] {logging_mixin.py:190} INFO - [2024-11-13T23:44:21.229+0000] {dagbag.py:588} INFO - Filling up the DagBag from /home/airflow/.local/lib/python3.12/site-packages/airflow/example_dags/example_complex.py
[2024-11-13T23:44:21.235+0000] {processor.py:925} INFO - DAG(s) 'example_complex' retrieved from /home/airflow/.local/lib/python3.12/site-packages/airflow/example_dags/example_complex.py
[2024-11-13T23:44:21.249+0000] {logging_mixin.py:190} INFO - [2024-11-13T23:44:21.249+0000] {dag.py:3239} INFO - Sync 1 DAGs
[2024-11-13T23:44:21.256+0000] {logging_mixin.py:190} INFO - [2024-11-13T23:44:21.256+0000] {dag.py:4180} INFO - Setting next_dagrun for example_complex to None, run_after=None
[2024-11-13T23:44:21.266+0000] {processor.py:208} INFO - Processing /home/airflow/.local/lib/python3.12/site-packages/airflow/example_dags/example_complex.py took 0.046 seconds
[2024-11-13T23:44:51.506+0000] {processor.py:186} INFO - Started process (PID=606) to work on /home/airflow/.local/lib/python3.12/site-packages/airflow/example_dags/example_complex.py
[2024-11-13T23:44:51.507+0000] {processor.py:914} INFO - Processing file /home/airflow/.local/lib/python3.12/site-packages/airflow/example_dags/example_complex.py for tasks to queue
[2024-11-13T23:44:51.508+0000] {logging_mixin.py:190} INFO - [2024-11-13T23:44:51.508+0000] {dagbag.py:588} INFO - Filling up the DagBag from /home/airflow/.local/lib/python3.12/site-packages/airflow/example_dags/example_complex.py
[2024-11-13T23:44:51.515+0000] {processor.py:925} INFO - DAG(s) 'example_complex' retrieved from /home/airflow/.local/lib/python3.12/site-packages/airflow/example_dags/example_complex.py
[2024-11-13T23:44:51.532+0000] {logging_mixin.py:190} INFO - [2024-11-13T23:44:51.532+0000] {dag.py:3239} INFO - Sync 1 DAGs
[2024-11-13T23:44:51.540+0000] {logging_mixin.py:190} INFO - [2024-11-13T23:44:51.540+0000] {dag.py:4180} INFO - Setting next_dagrun for example_complex to None, run_after=None
[2024-11-13T23:44:51.550+0000] {processor.py:208} INFO - Processing /home/airflow/.local/lib/python3.12/site-packages/airflow/example_dags/example_complex.py took 0.049 seconds
[2024-11-13T23:45:21.745+0000] {processor.py:186} INFO - Started process (PID=675) to work on /home/airflow/.local/lib/python3.12/site-packages/airflow/example_dags/example_complex.py
[2024-11-13T23:45:21.746+0000] {processor.py:914} INFO - Processing file /home/airflow/.local/lib/python3.12/site-packages/airflow/example_dags/example_complex.py for tasks to queue
[2024-11-13T23:45:21.747+0000] {logging_mixin.py:190} INFO - [2024-11-13T23:45:21.747+0000] {dagbag.py:588} INFO - Filling up the DagBag from /home/airflow/.local/lib/python3.12/site-packages/airflow/example_dags/example_complex.py
[2024-11-13T23:45:21.753+0000] {processor.py:925} INFO - DAG(s) 'example_complex' retrieved from /home/airflow/.local/lib/python3.12/site-packages/airflow/example_dags/example_complex.py
[2024-11-13T23:45:21.768+0000] {logging_mixin.py:190} INFO - [2024-11-13T23:45:21.768+0000] {dag.py:3239} INFO - Sync 1 DAGs
[2024-11-13T23:45:21.774+0000] {logging_mixin.py:190} INFO - [2024-11-13T23:45:21.774+0000] {dag.py:4180} INFO - Setting next_dagrun for example_complex to None, run_after=None
[2024-11-13T23:45:21.781+0000] {processor.py:208} INFO - Processing /home/airflow/.local/lib/python3.12/site-packages/airflow/example_dags/example_complex.py took 0.039 seconds
[2024-11-13T23:45:51.920+0000] {processor.py:186} INFO - Started process (PID=738) to work on /home/airflow/.local/lib/python3.12/site-packages/airflow/example_dags/example_complex.py
[2024-11-13T23:45:51.920+0000] {processor.py:914} INFO - Processing file /home/airflow/.local/lib/python3.12/site-packages/airflow/example_dags/example_complex.py for tasks to queue
[2024-11-13T23:45:51.921+0000] {logging_mixin.py:190} INFO - [2024-11-13T23:45:51.921+0000] {dagbag.py:588} INFO - Filling up the DagBag from /home/airflow/.local/lib/python3.12/site-packages/airflow/example_dags/example_complex.py
[2024-11-13T23:45:51.926+0000] {processor.py:925} INFO - DAG(s) 'example_complex' retrieved from /home/airflow/.local/lib/python3.12/site-packages/airflow/example_dags/example_complex.py
[2024-11-13T23:45:51.936+0000] {logging_mixin.py:190} INFO - [2024-11-13T23:45:51.936+0000] {dag.py:3239} INFO - Sync 1 DAGs
[2024-11-13T23:45:51.941+0000] {logging_mixin.py:190} INFO - [2024-11-13T23:45:51.941+0000] {dag.py:4180} INFO - Setting next_dagrun for example_complex to None, run_after=None
[2024-11-13T23:45:51.947+0000] {processor.py:208} INFO - Processing /home/airflow/.local/lib/python3.12/site-packages/airflow/example_dags/example_complex.py took 0.029 seconds
[2024-11-13T23:46:22.130+0000] {processor.py:186} INFO - Started process (PID=801) to work on /home/airflow/.local/lib/python3.12/site-packages/airflow/example_dags/example_complex.py
[2024-11-13T23:46:22.132+0000] {processor.py:914} INFO - Processing file /home/airflow/.local/lib/python3.12/site-packages/airflow/example_dags/example_complex.py for tasks to queue
[2024-11-13T23:46:22.134+0000] {logging_mixin.py:190} INFO - [2024-11-13T23:46:22.133+0000] {dagbag.py:588} INFO - Filling up the DagBag from /home/airflow/.local/lib/python3.12/site-packages/airflow/example_dags/example_complex.py
[2024-11-13T23:46:22.141+0000] {processor.py:925} INFO - DAG(s) 'example_complex' retrieved from /home/airflow/.local/lib/python3.12/site-packages/airflow/example_dags/example_complex.py
[2024-11-13T23:46:22.163+0000] {logging_mixin.py:190} INFO - [2024-11-13T23:46:22.162+0000] {dag.py:3239} INFO - Sync 1 DAGs
[2024-11-13T23:46:22.169+0000] {logging_mixin.py:190} INFO - [2024-11-13T23:46:22.169+0000] {dag.py:4180} INFO - Setting next_dagrun for example_complex to None, run_after=None
[2024-11-13T23:46:22.177+0000] {processor.py:208} INFO - Processing /home/airflow/.local/lib/python3.12/site-packages/airflow/example_dags/example_complex.py took 0.051 seconds
[2024-11-13T23:46:52.460+0000] {processor.py:186} INFO - Started process (PID=864) to work on /home/airflow/.local/lib/python3.12/site-packages/airflow/example_dags/example_complex.py
[2024-11-13T23:46:52.460+0000] {processor.py:914} INFO - Processing file /home/airflow/.local/lib/python3.12/site-packages/airflow/example_dags/example_complex.py for tasks to queue
[2024-11-13T23:46:52.461+0000] {logging_mixin.py:190} INFO - [2024-11-13T23:46:52.461+0000] {dagbag.py:588} INFO - Filling up the DagBag from /home/airflow/.local/lib/python3.12/site-packages/airflow/example_dags/example_complex.py
[2024-11-13T23:46:52.466+0000] {processor.py:925} INFO - DAG(s) 'example_complex' retrieved from /home/airflow/.local/lib/python3.12/site-packages/airflow/example_dags/example_complex.py
[2024-11-13T23:46:52.477+0000] {logging_mixin.py:190} INFO - [2024-11-13T23:46:52.477+0000] {dag.py:3239} INFO - Sync 1 DAGs
[2024-11-13T23:46:52.482+0000] {logging_mixin.py:190} INFO - [2024-11-13T23:46:52.482+0000] {dag.py:4180} INFO - Setting next_dagrun for example_complex to None, run_after=None
[2024-11-13T23:46:52.488+0000] {processor.py:208} INFO - Processing /home/airflow/.local/lib/python3.12/site-packages/airflow/example_dags/example_complex.py took 0.030 seconds
[2024-11-13T23:47:22.713+0000] {processor.py:186} INFO - Started process (PID=927) to work on /home/airflow/.local/lib/python3.12/site-packages/airflow/example_dags/example_complex.py
[2024-11-13T23:47:22.713+0000] {processor.py:914} INFO - Processing file /home/airflow/.local/lib/python3.12/site-packages/airflow/example_dags/example_complex.py for tasks to queue
[2024-11-13T23:47:22.716+0000] {logging_mixin.py:190} INFO - [2024-11-13T23:47:22.716+0000] {dagbag.py:588} INFO - Filling up the DagBag from /home/airflow/.local/lib/python3.12/site-packages/airflow/example_dags/example_complex.py
[2024-11-13T23:47:22.722+0000] {processor.py:925} INFO - DAG(s) 'example_complex' retrieved from /home/airflow/.local/lib/python3.12/site-packages/airflow/example_dags/example_complex.py
[2024-11-13T23:47:22.735+0000] {logging_mixin.py:190} INFO - [2024-11-13T23:47:22.734+0000] {dag.py:3239} INFO - Sync 1 DAGs
[2024-11-13T23:47:22.741+0000] {logging_mixin.py:190} INFO - [2024-11-13T23:47:22.741+0000] {dag.py:4180} INFO - Setting next_dagrun for example_complex to None, run_after=None
[2024-11-13T23:47:22.751+0000] {processor.py:208} INFO - Processing /home/airflow/.local/lib/python3.12/site-packages/airflow/example_dags/example_complex.py took 0.040 seconds
