[2024-11-13T21:28:27.969+0000] {processor.py:186} INFO - Started process (PID=65) to work on /home/airflow/.local/lib/python3.12/site-packages/airflow/example_dags/example_branch_operator.py
[2024-11-13T21:28:27.969+0000] {processor.py:914} INFO - Processing file /home/airflow/.local/lib/python3.12/site-packages/airflow/example_dags/example_branch_operator.py for tasks to queue
[2024-11-13T21:28:27.970+0000] {logging_mixin.py:190} INFO - [2024-11-13T21:28:27.970+0000] {dagbag.py:588} INFO - Filling up the DagBag from /home/airflow/.local/lib/python3.12/site-packages/airflow/example_dags/example_branch_operator.py
[2024-11-13T21:28:27.979+0000] {processor.py:925} INFO - DAG(s) 'example_branch_operator' retrieved from /home/airflow/.local/lib/python3.12/site-packages/airflow/example_dags/example_branch_operator.py
[2024-11-13T21:28:28.024+0000] {logging_mixin.py:190} INFO - [2024-11-13T21:28:28.024+0000] {override.py:1911} INFO - Created Permission View: can edit on DAG:example_branch_operator
[2024-11-13T21:28:28.028+0000] {logging_mixin.py:190} INFO - [2024-11-13T21:28:28.028+0000] {override.py:1911} INFO - Created Permission View: can read on DAG:example_branch_operator
[2024-11-13T21:28:28.030+0000] {logging_mixin.py:190} INFO - [2024-11-13T21:28:28.030+0000] {override.py:1911} INFO - Created Permission View: can delete on DAG:example_branch_operator
[2024-11-13T21:28:28.032+0000] {logging_mixin.py:190} INFO - [2024-11-13T21:28:28.032+0000] {override.py:1911} INFO - Created Permission View: can delete on DAG Run:example_branch_operator
[2024-11-13T21:28:28.034+0000] {logging_mixin.py:190} INFO - [2024-11-13T21:28:28.034+0000] {override.py:1911} INFO - Created Permission View: can read on DAG Run:example_branch_operator
[2024-11-13T21:28:28.036+0000] {logging_mixin.py:190} INFO - [2024-11-13T21:28:28.036+0000] {override.py:1911} INFO - Created Permission View: menu access on DAG Run:example_branch_operator
[2024-11-13T21:28:28.038+0000] {logging_mixin.py:190} INFO - [2024-11-13T21:28:28.038+0000] {override.py:1911} INFO - Created Permission View: can create on DAG Run:example_branch_operator
[2024-11-13T21:28:28.038+0000] {logging_mixin.py:190} INFO - [2024-11-13T21:28:28.038+0000] {dag.py:3239} INFO - Sync 1 DAGs
[2024-11-13T21:28:28.044+0000] {logging_mixin.py:190} INFO - [2024-11-13T21:28:28.043+0000] {dag.py:3262} INFO - Creating ORM DAG for example_branch_operator
[2024-11-13T21:28:28.048+0000] {logging_mixin.py:190} INFO - [2024-11-13T21:28:28.048+0000] {dag.py:4180} INFO - Setting next_dagrun for example_branch_operator to 2024-11-12 00:00:00+00:00, run_after=2024-11-13 00:00:00+00:00
[2024-11-13T21:28:28.054+0000] {processor.py:208} INFO - Processing /home/airflow/.local/lib/python3.12/site-packages/airflow/example_dags/example_branch_operator.py took 0.088 seconds
[2024-11-13T21:28:58.161+0000] {processor.py:186} INFO - Started process (PID=127) to work on /home/airflow/.local/lib/python3.12/site-packages/airflow/example_dags/example_branch_operator.py
[2024-11-13T21:28:58.161+0000] {processor.py:914} INFO - Processing file /home/airflow/.local/lib/python3.12/site-packages/airflow/example_dags/example_branch_operator.py for tasks to queue
[2024-11-13T21:28:58.162+0000] {logging_mixin.py:190} INFO - [2024-11-13T21:28:58.162+0000] {dagbag.py:588} INFO - Filling up the DagBag from /home/airflow/.local/lib/python3.12/site-packages/airflow/example_dags/example_branch_operator.py
[2024-11-13T21:28:58.169+0000] {processor.py:925} INFO - DAG(s) 'example_branch_operator' retrieved from /home/airflow/.local/lib/python3.12/site-packages/airflow/example_dags/example_branch_operator.py
[2024-11-13T21:28:58.179+0000] {logging_mixin.py:190} INFO - [2024-11-13T21:28:58.179+0000] {dag.py:3239} INFO - Sync 1 DAGs
[2024-11-13T21:28:58.188+0000] {logging_mixin.py:190} INFO - [2024-11-13T21:28:58.187+0000] {dag.py:4180} INFO - Setting next_dagrun for example_branch_operator to 2024-11-12 00:00:00+00:00, run_after=2024-11-13 00:00:00+00:00
[2024-11-13T21:28:58.194+0000] {processor.py:208} INFO - Processing /home/airflow/.local/lib/python3.12/site-packages/airflow/example_dags/example_branch_operator.py took 0.035 seconds
[2024-11-13T21:29:28.663+0000] {processor.py:186} INFO - Started process (PID=190) to work on /home/airflow/.local/lib/python3.12/site-packages/airflow/example_dags/example_branch_operator.py
[2024-11-13T21:29:28.663+0000] {processor.py:914} INFO - Processing file /home/airflow/.local/lib/python3.12/site-packages/airflow/example_dags/example_branch_operator.py for tasks to queue
[2024-11-13T21:29:28.665+0000] {logging_mixin.py:190} INFO - [2024-11-13T21:29:28.664+0000] {dagbag.py:588} INFO - Filling up the DagBag from /home/airflow/.local/lib/python3.12/site-packages/airflow/example_dags/example_branch_operator.py
[2024-11-13T21:29:28.674+0000] {processor.py:925} INFO - DAG(s) 'example_branch_operator' retrieved from /home/airflow/.local/lib/python3.12/site-packages/airflow/example_dags/example_branch_operator.py
[2024-11-13T21:29:28.686+0000] {logging_mixin.py:190} INFO - [2024-11-13T21:29:28.686+0000] {dag.py:3239} INFO - Sync 1 DAGs
[2024-11-13T21:29:28.697+0000] {logging_mixin.py:190} INFO - [2024-11-13T21:29:28.696+0000] {dag.py:4180} INFO - Setting next_dagrun for example_branch_operator to 2024-11-12 00:00:00+00:00, run_after=2024-11-13 00:00:00+00:00
[2024-11-13T21:29:28.703+0000] {processor.py:208} INFO - Processing /home/airflow/.local/lib/python3.12/site-packages/airflow/example_dags/example_branch_operator.py took 0.043 seconds
[2024-11-13T21:29:58.884+0000] {processor.py:186} INFO - Started process (PID=252) to work on /home/airflow/.local/lib/python3.12/site-packages/airflow/example_dags/example_branch_operator.py
[2024-11-13T21:29:58.885+0000] {processor.py:914} INFO - Processing file /home/airflow/.local/lib/python3.12/site-packages/airflow/example_dags/example_branch_operator.py for tasks to queue
[2024-11-13T21:29:58.886+0000] {logging_mixin.py:190} INFO - [2024-11-13T21:29:58.885+0000] {dagbag.py:588} INFO - Filling up the DagBag from /home/airflow/.local/lib/python3.12/site-packages/airflow/example_dags/example_branch_operator.py
[2024-11-13T21:29:58.893+0000] {processor.py:925} INFO - DAG(s) 'example_branch_operator' retrieved from /home/airflow/.local/lib/python3.12/site-packages/airflow/example_dags/example_branch_operator.py
[2024-11-13T21:29:58.904+0000] {logging_mixin.py:190} INFO - [2024-11-13T21:29:58.904+0000] {dag.py:3239} INFO - Sync 1 DAGs
[2024-11-13T21:29:58.913+0000] {logging_mixin.py:190} INFO - [2024-11-13T21:29:58.913+0000] {dag.py:4180} INFO - Setting next_dagrun for example_branch_operator to 2024-11-12 00:00:00+00:00, run_after=2024-11-13 00:00:00+00:00
[2024-11-13T21:29:58.920+0000] {processor.py:208} INFO - Processing /home/airflow/.local/lib/python3.12/site-packages/airflow/example_dags/example_branch_operator.py took 0.038 seconds
[2024-11-13T21:30:29.037+0000] {processor.py:186} INFO - Started process (PID=315) to work on /home/airflow/.local/lib/python3.12/site-packages/airflow/example_dags/example_branch_operator.py
[2024-11-13T21:30:29.038+0000] {processor.py:914} INFO - Processing file /home/airflow/.local/lib/python3.12/site-packages/airflow/example_dags/example_branch_operator.py for tasks to queue
[2024-11-13T21:30:29.038+0000] {logging_mixin.py:190} INFO - [2024-11-13T21:30:29.038+0000] {dagbag.py:588} INFO - Filling up the DagBag from /home/airflow/.local/lib/python3.12/site-packages/airflow/example_dags/example_branch_operator.py
[2024-11-13T21:30:29.046+0000] {processor.py:925} INFO - DAG(s) 'example_branch_operator' retrieved from /home/airflow/.local/lib/python3.12/site-packages/airflow/example_dags/example_branch_operator.py
[2024-11-13T21:30:29.058+0000] {logging_mixin.py:190} INFO - [2024-11-13T21:30:29.058+0000] {dag.py:3239} INFO - Sync 1 DAGs
[2024-11-13T21:30:29.067+0000] {logging_mixin.py:190} INFO - [2024-11-13T21:30:29.067+0000] {dag.py:4180} INFO - Setting next_dagrun for example_branch_operator to 2024-11-12 00:00:00+00:00, run_after=2024-11-13 00:00:00+00:00
[2024-11-13T21:30:29.074+0000] {processor.py:208} INFO - Processing /home/airflow/.local/lib/python3.12/site-packages/airflow/example_dags/example_branch_operator.py took 0.039 seconds
[2024-11-13T21:35:02.019+0000] {processor.py:186} INFO - Started process (PID=67) to work on /home/airflow/.local/lib/python3.12/site-packages/airflow/example_dags/example_branch_operator.py
[2024-11-13T21:35:02.019+0000] {processor.py:914} INFO - Processing file /home/airflow/.local/lib/python3.12/site-packages/airflow/example_dags/example_branch_operator.py for tasks to queue
[2024-11-13T21:35:02.022+0000] {logging_mixin.py:190} INFO - [2024-11-13T21:35:02.022+0000] {dagbag.py:588} INFO - Filling up the DagBag from /home/airflow/.local/lib/python3.12/site-packages/airflow/example_dags/example_branch_operator.py
[2024-11-13T21:35:02.030+0000] {processor.py:925} INFO - DAG(s) 'example_branch_operator' retrieved from /home/airflow/.local/lib/python3.12/site-packages/airflow/example_dags/example_branch_operator.py
[2024-11-13T21:35:02.076+0000] {logging_mixin.py:190} INFO - [2024-11-13T21:35:02.076+0000] {override.py:1911} INFO - Created Permission View: can edit on DAG:example_branch_operator
[2024-11-13T21:35:02.079+0000] {logging_mixin.py:190} INFO - [2024-11-13T21:35:02.079+0000] {override.py:1911} INFO - Created Permission View: can delete on DAG:example_branch_operator
[2024-11-13T21:35:02.082+0000] {logging_mixin.py:190} INFO - [2024-11-13T21:35:02.082+0000] {override.py:1911} INFO - Created Permission View: can read on DAG:example_branch_operator
[2024-11-13T21:35:02.084+0000] {logging_mixin.py:190} INFO - [2024-11-13T21:35:02.084+0000] {override.py:1911} INFO - Created Permission View: can create on DAG Run:example_branch_operator
[2024-11-13T21:35:02.086+0000] {logging_mixin.py:190} INFO - [2024-11-13T21:35:02.086+0000] {override.py:1911} INFO - Created Permission View: can delete on DAG Run:example_branch_operator
[2024-11-13T21:35:02.093+0000] {logging_mixin.py:190} INFO - [2024-11-13T21:35:02.093+0000] {override.py:1911} INFO - Created Permission View: menu access on DAG Run:example_branch_operator
[2024-11-13T21:35:02.096+0000] {logging_mixin.py:190} INFO - [2024-11-13T21:35:02.095+0000] {override.py:1911} INFO - Created Permission View: can read on DAG Run:example_branch_operator
[2024-11-13T21:35:02.096+0000] {logging_mixin.py:190} INFO - [2024-11-13T21:35:02.096+0000] {dag.py:3239} INFO - Sync 1 DAGs
[2024-11-13T21:35:02.101+0000] {logging_mixin.py:190} INFO - [2024-11-13T21:35:02.101+0000] {dag.py:3262} INFO - Creating ORM DAG for example_branch_operator
[2024-11-13T21:35:02.106+0000] {logging_mixin.py:190} INFO - [2024-11-13T21:35:02.106+0000] {dag.py:4180} INFO - Setting next_dagrun for example_branch_operator to 2024-11-12 00:00:00+00:00, run_after=2024-11-13 00:00:00+00:00
[2024-11-13T21:35:02.120+0000] {processor.py:208} INFO - Processing /home/airflow/.local/lib/python3.12/site-packages/airflow/example_dags/example_branch_operator.py took 0.104 seconds
[2024-11-13T21:35:32.599+0000] {processor.py:186} INFO - Started process (PID=130) to work on /home/airflow/.local/lib/python3.12/site-packages/airflow/example_dags/example_branch_operator.py
[2024-11-13T21:35:32.600+0000] {processor.py:914} INFO - Processing file /home/airflow/.local/lib/python3.12/site-packages/airflow/example_dags/example_branch_operator.py for tasks to queue
[2024-11-13T21:35:32.601+0000] {logging_mixin.py:190} INFO - [2024-11-13T21:35:32.600+0000] {dagbag.py:588} INFO - Filling up the DagBag from /home/airflow/.local/lib/python3.12/site-packages/airflow/example_dags/example_branch_operator.py
[2024-11-13T21:35:32.608+0000] {processor.py:925} INFO - DAG(s) 'example_branch_operator' retrieved from /home/airflow/.local/lib/python3.12/site-packages/airflow/example_dags/example_branch_operator.py
[2024-11-13T21:35:32.620+0000] {logging_mixin.py:190} INFO - [2024-11-13T21:35:32.620+0000] {dag.py:3239} INFO - Sync 1 DAGs
[2024-11-13T21:35:32.630+0000] {logging_mixin.py:190} INFO - [2024-11-13T21:35:32.630+0000] {dag.py:4180} INFO - Setting next_dagrun for example_branch_operator to 2024-11-12 00:00:00+00:00, run_after=2024-11-13 00:00:00+00:00
[2024-11-13T21:35:32.639+0000] {processor.py:208} INFO - Processing /home/airflow/.local/lib/python3.12/site-packages/airflow/example_dags/example_branch_operator.py took 0.042 seconds
[2024-11-13T21:36:03.223+0000] {processor.py:186} INFO - Started process (PID=197) to work on /home/airflow/.local/lib/python3.12/site-packages/airflow/example_dags/example_branch_operator.py
[2024-11-13T21:36:03.224+0000] {processor.py:914} INFO - Processing file /home/airflow/.local/lib/python3.12/site-packages/airflow/example_dags/example_branch_operator.py for tasks to queue
[2024-11-13T21:36:03.226+0000] {logging_mixin.py:190} INFO - [2024-11-13T21:36:03.225+0000] {dagbag.py:588} INFO - Filling up the DagBag from /home/airflow/.local/lib/python3.12/site-packages/airflow/example_dags/example_branch_operator.py
[2024-11-13T21:36:03.234+0000] {processor.py:925} INFO - DAG(s) 'example_branch_operator' retrieved from /home/airflow/.local/lib/python3.12/site-packages/airflow/example_dags/example_branch_operator.py
[2024-11-13T21:36:03.250+0000] {logging_mixin.py:190} INFO - [2024-11-13T21:36:03.250+0000] {dag.py:3239} INFO - Sync 1 DAGs
[2024-11-13T21:36:03.261+0000] {logging_mixin.py:190} INFO - [2024-11-13T21:36:03.261+0000] {dag.py:4180} INFO - Setting next_dagrun for example_branch_operator to 2024-11-12 00:00:00+00:00, run_after=2024-11-13 00:00:00+00:00
[2024-11-13T21:36:03.271+0000] {processor.py:208} INFO - Processing /home/airflow/.local/lib/python3.12/site-packages/airflow/example_dags/example_branch_operator.py took 0.051 seconds
[2024-11-13T21:36:33.680+0000] {processor.py:186} INFO - Started process (PID=260) to work on /home/airflow/.local/lib/python3.12/site-packages/airflow/example_dags/example_branch_operator.py
[2024-11-13T21:36:33.680+0000] {processor.py:914} INFO - Processing file /home/airflow/.local/lib/python3.12/site-packages/airflow/example_dags/example_branch_operator.py for tasks to queue
[2024-11-13T21:36:33.681+0000] {logging_mixin.py:190} INFO - [2024-11-13T21:36:33.681+0000] {dagbag.py:588} INFO - Filling up the DagBag from /home/airflow/.local/lib/python3.12/site-packages/airflow/example_dags/example_branch_operator.py
[2024-11-13T21:36:33.689+0000] {processor.py:925} INFO - DAG(s) 'example_branch_operator' retrieved from /home/airflow/.local/lib/python3.12/site-packages/airflow/example_dags/example_branch_operator.py
[2024-11-13T21:36:33.704+0000] {logging_mixin.py:190} INFO - [2024-11-13T21:36:33.704+0000] {dag.py:3239} INFO - Sync 1 DAGs
[2024-11-13T21:36:33.714+0000] {logging_mixin.py:190} INFO - [2024-11-13T21:36:33.713+0000] {dag.py:4180} INFO - Setting next_dagrun for example_branch_operator to 2024-11-12 00:00:00+00:00, run_after=2024-11-13 00:00:00+00:00
[2024-11-13T21:36:33.722+0000] {processor.py:208} INFO - Processing /home/airflow/.local/lib/python3.12/site-packages/airflow/example_dags/example_branch_operator.py took 0.045 seconds
[2024-11-13T21:37:04.191+0000] {processor.py:186} INFO - Started process (PID=323) to work on /home/airflow/.local/lib/python3.12/site-packages/airflow/example_dags/example_branch_operator.py
[2024-11-13T21:37:04.192+0000] {processor.py:914} INFO - Processing file /home/airflow/.local/lib/python3.12/site-packages/airflow/example_dags/example_branch_operator.py for tasks to queue
[2024-11-13T21:37:04.192+0000] {logging_mixin.py:190} INFO - [2024-11-13T21:37:04.192+0000] {dagbag.py:588} INFO - Filling up the DagBag from /home/airflow/.local/lib/python3.12/site-packages/airflow/example_dags/example_branch_operator.py
[2024-11-13T21:37:04.200+0000] {processor.py:925} INFO - DAG(s) 'example_branch_operator' retrieved from /home/airflow/.local/lib/python3.12/site-packages/airflow/example_dags/example_branch_operator.py
[2024-11-13T21:37:04.211+0000] {logging_mixin.py:190} INFO - [2024-11-13T21:37:04.211+0000] {dag.py:3239} INFO - Sync 1 DAGs
[2024-11-13T21:37:04.223+0000] {logging_mixin.py:190} INFO - [2024-11-13T21:37:04.223+0000] {dag.py:4180} INFO - Setting next_dagrun for example_branch_operator to 2024-11-12 00:00:00+00:00, run_after=2024-11-13 00:00:00+00:00
[2024-11-13T21:37:04.231+0000] {processor.py:208} INFO - Processing /home/airflow/.local/lib/python3.12/site-packages/airflow/example_dags/example_branch_operator.py took 0.042 seconds
[2024-11-13T21:37:34.587+0000] {processor.py:186} INFO - Started process (PID=392) to work on /home/airflow/.local/lib/python3.12/site-packages/airflow/example_dags/example_branch_operator.py
[2024-11-13T21:37:34.589+0000] {processor.py:914} INFO - Processing file /home/airflow/.local/lib/python3.12/site-packages/airflow/example_dags/example_branch_operator.py for tasks to queue
[2024-11-13T21:37:34.591+0000] {logging_mixin.py:190} INFO - [2024-11-13T21:37:34.591+0000] {dagbag.py:588} INFO - Filling up the DagBag from /home/airflow/.local/lib/python3.12/site-packages/airflow/example_dags/example_branch_operator.py
[2024-11-13T21:37:34.599+0000] {processor.py:925} INFO - DAG(s) 'example_branch_operator' retrieved from /home/airflow/.local/lib/python3.12/site-packages/airflow/example_dags/example_branch_operator.py
[2024-11-13T21:37:34.613+0000] {logging_mixin.py:190} INFO - [2024-11-13T21:37:34.613+0000] {dag.py:3239} INFO - Sync 1 DAGs
[2024-11-13T21:37:34.623+0000] {logging_mixin.py:190} INFO - [2024-11-13T21:37:34.623+0000] {dag.py:4180} INFO - Setting next_dagrun for example_branch_operator to 2024-11-12 00:00:00+00:00, run_after=2024-11-13 00:00:00+00:00
[2024-11-13T21:37:34.632+0000] {processor.py:208} INFO - Processing /home/airflow/.local/lib/python3.12/site-packages/airflow/example_dags/example_branch_operator.py took 0.047 seconds
[2024-11-13T21:38:05.015+0000] {processor.py:186} INFO - Started process (PID=455) to work on /home/airflow/.local/lib/python3.12/site-packages/airflow/example_dags/example_branch_operator.py
[2024-11-13T21:38:05.017+0000] {processor.py:914} INFO - Processing file /home/airflow/.local/lib/python3.12/site-packages/airflow/example_dags/example_branch_operator.py for tasks to queue
[2024-11-13T21:38:05.019+0000] {logging_mixin.py:190} INFO - [2024-11-13T21:38:05.018+0000] {dagbag.py:588} INFO - Filling up the DagBag from /home/airflow/.local/lib/python3.12/site-packages/airflow/example_dags/example_branch_operator.py
[2024-11-13T21:38:05.026+0000] {processor.py:925} INFO - DAG(s) 'example_branch_operator' retrieved from /home/airflow/.local/lib/python3.12/site-packages/airflow/example_dags/example_branch_operator.py
[2024-11-13T21:38:05.037+0000] {logging_mixin.py:190} INFO - [2024-11-13T21:38:05.037+0000] {dag.py:3239} INFO - Sync 1 DAGs
[2024-11-13T21:38:05.049+0000] {logging_mixin.py:190} INFO - [2024-11-13T21:38:05.049+0000] {dag.py:4180} INFO - Setting next_dagrun for example_branch_operator to 2024-11-12 00:00:00+00:00, run_after=2024-11-13 00:00:00+00:00
[2024-11-13T21:38:05.058+0000] {processor.py:208} INFO - Processing /home/airflow/.local/lib/python3.12/site-packages/airflow/example_dags/example_branch_operator.py took 0.046 seconds
[2024-11-13T23:40:19.580+0000] {processor.py:186} INFO - Started process (PID=60) to work on /home/airflow/.local/lib/python3.12/site-packages/airflow/example_dags/example_branch_operator.py
[2024-11-13T23:40:19.580+0000] {processor.py:914} INFO - Processing file /home/airflow/.local/lib/python3.12/site-packages/airflow/example_dags/example_branch_operator.py for tasks to queue
[2024-11-13T23:40:19.581+0000] {logging_mixin.py:190} INFO - [2024-11-13T23:40:19.581+0000] {dagbag.py:588} INFO - Filling up the DagBag from /home/airflow/.local/lib/python3.12/site-packages/airflow/example_dags/example_branch_operator.py
[2024-11-13T23:40:19.589+0000] {processor.py:925} INFO - DAG(s) 'example_branch_operator' retrieved from /home/airflow/.local/lib/python3.12/site-packages/airflow/example_dags/example_branch_operator.py
[2024-11-13T23:40:19.626+0000] {logging_mixin.py:190} INFO - [2024-11-13T23:40:19.626+0000] {override.py:1911} INFO - Created Permission View: can edit on DAG:example_branch_operator
[2024-11-13T23:40:19.629+0000] {logging_mixin.py:190} INFO - [2024-11-13T23:40:19.629+0000] {override.py:1911} INFO - Created Permission View: can delete on DAG:example_branch_operator
[2024-11-13T23:40:19.630+0000] {logging_mixin.py:190} INFO - [2024-11-13T23:40:19.630+0000] {override.py:1911} INFO - Created Permission View: can read on DAG:example_branch_operator
[2024-11-13T23:40:19.632+0000] {logging_mixin.py:190} INFO - [2024-11-13T23:40:19.632+0000] {override.py:1911} INFO - Created Permission View: can delete on DAG Run:example_branch_operator
[2024-11-13T23:40:19.634+0000] {logging_mixin.py:190} INFO - [2024-11-13T23:40:19.634+0000] {override.py:1911} INFO - Created Permission View: menu access on DAG Run:example_branch_operator
[2024-11-13T23:40:19.635+0000] {logging_mixin.py:190} INFO - [2024-11-13T23:40:19.635+0000] {override.py:1911} INFO - Created Permission View: can read on DAG Run:example_branch_operator
[2024-11-13T23:40:19.637+0000] {logging_mixin.py:190} INFO - [2024-11-13T23:40:19.637+0000] {override.py:1911} INFO - Created Permission View: can create on DAG Run:example_branch_operator
[2024-11-13T23:40:19.637+0000] {logging_mixin.py:190} INFO - [2024-11-13T23:40:19.637+0000] {dag.py:3239} INFO - Sync 1 DAGs
[2024-11-13T23:40:19.641+0000] {logging_mixin.py:190} INFO - [2024-11-13T23:40:19.641+0000] {dag.py:3262} INFO - Creating ORM DAG for example_branch_operator
[2024-11-13T23:40:19.645+0000] {logging_mixin.py:190} INFO - [2024-11-13T23:40:19.645+0000] {dag.py:4180} INFO - Setting next_dagrun for example_branch_operator to 2024-11-12 00:00:00+00:00, run_after=2024-11-13 00:00:00+00:00
[2024-11-13T23:40:19.654+0000] {processor.py:208} INFO - Processing /home/airflow/.local/lib/python3.12/site-packages/airflow/example_dags/example_branch_operator.py took 0.076 seconds
[2024-11-13T23:40:50.618+0000] {processor.py:186} INFO - Started process (PID=123) to work on /home/airflow/.local/lib/python3.12/site-packages/airflow/example_dags/example_branch_operator.py
[2024-11-13T23:40:50.619+0000] {processor.py:914} INFO - Processing file /home/airflow/.local/lib/python3.12/site-packages/airflow/example_dags/example_branch_operator.py for tasks to queue
[2024-11-13T23:40:50.620+0000] {logging_mixin.py:190} INFO - [2024-11-13T23:40:50.620+0000] {dagbag.py:588} INFO - Filling up the DagBag from /home/airflow/.local/lib/python3.12/site-packages/airflow/example_dags/example_branch_operator.py
[2024-11-13T23:40:50.631+0000] {processor.py:925} INFO - DAG(s) 'example_branch_operator' retrieved from /home/airflow/.local/lib/python3.12/site-packages/airflow/example_dags/example_branch_operator.py
[2024-11-13T23:40:50.648+0000] {logging_mixin.py:190} INFO - [2024-11-13T23:40:50.648+0000] {dag.py:3239} INFO - Sync 1 DAGs
[2024-11-13T23:40:50.658+0000] {logging_mixin.py:190} INFO - [2024-11-13T23:40:50.658+0000] {dag.py:4180} INFO - Setting next_dagrun for example_branch_operator to 2024-11-12 00:00:00+00:00, run_after=2024-11-13 00:00:00+00:00
[2024-11-13T23:40:50.665+0000] {processor.py:208} INFO - Processing /home/airflow/.local/lib/python3.12/site-packages/airflow/example_dags/example_branch_operator.py took 0.051 seconds
[2024-11-13T23:41:20.924+0000] {processor.py:186} INFO - Started process (PID=185) to work on /home/airflow/.local/lib/python3.12/site-packages/airflow/example_dags/example_branch_operator.py
[2024-11-13T23:41:20.924+0000] {processor.py:914} INFO - Processing file /home/airflow/.local/lib/python3.12/site-packages/airflow/example_dags/example_branch_operator.py for tasks to queue
[2024-11-13T23:41:20.925+0000] {logging_mixin.py:190} INFO - [2024-11-13T23:41:20.925+0000] {dagbag.py:588} INFO - Filling up the DagBag from /home/airflow/.local/lib/python3.12/site-packages/airflow/example_dags/example_branch_operator.py
[2024-11-13T23:41:20.933+0000] {processor.py:925} INFO - DAG(s) 'example_branch_operator' retrieved from /home/airflow/.local/lib/python3.12/site-packages/airflow/example_dags/example_branch_operator.py
[2024-11-13T23:41:20.946+0000] {logging_mixin.py:190} INFO - [2024-11-13T23:41:20.946+0000] {dag.py:3239} INFO - Sync 1 DAGs
[2024-11-13T23:41:20.955+0000] {logging_mixin.py:190} INFO - [2024-11-13T23:41:20.955+0000] {dag.py:4180} INFO - Setting next_dagrun for example_branch_operator to 2024-11-12 00:00:00+00:00, run_after=2024-11-13 00:00:00+00:00
[2024-11-13T23:41:20.962+0000] {processor.py:208} INFO - Processing /home/airflow/.local/lib/python3.12/site-packages/airflow/example_dags/example_branch_operator.py took 0.041 seconds
[2024-11-13T23:41:51.360+0000] {processor.py:186} INFO - Started process (PID=254) to work on /home/airflow/.local/lib/python3.12/site-packages/airflow/example_dags/example_branch_operator.py
[2024-11-13T23:41:51.362+0000] {processor.py:914} INFO - Processing file /home/airflow/.local/lib/python3.12/site-packages/airflow/example_dags/example_branch_operator.py for tasks to queue
[2024-11-13T23:41:51.363+0000] {logging_mixin.py:190} INFO - [2024-11-13T23:41:51.362+0000] {dagbag.py:588} INFO - Filling up the DagBag from /home/airflow/.local/lib/python3.12/site-packages/airflow/example_dags/example_branch_operator.py
[2024-11-13T23:41:51.370+0000] {processor.py:925} INFO - DAG(s) 'example_branch_operator' retrieved from /home/airflow/.local/lib/python3.12/site-packages/airflow/example_dags/example_branch_operator.py
[2024-11-13T23:41:51.381+0000] {logging_mixin.py:190} INFO - [2024-11-13T23:41:51.381+0000] {dag.py:3239} INFO - Sync 1 DAGs
[2024-11-13T23:41:51.390+0000] {logging_mixin.py:190} INFO - [2024-11-13T23:41:51.390+0000] {dag.py:4180} INFO - Setting next_dagrun for example_branch_operator to 2024-11-12 00:00:00+00:00, run_after=2024-11-13 00:00:00+00:00
[2024-11-13T23:41:51.398+0000] {processor.py:208} INFO - Processing /home/airflow/.local/lib/python3.12/site-packages/airflow/example_dags/example_branch_operator.py took 0.040 seconds
[2024-11-13T23:42:21.868+0000] {processor.py:186} INFO - Started process (PID=317) to work on /home/airflow/.local/lib/python3.12/site-packages/airflow/example_dags/example_branch_operator.py
[2024-11-13T23:42:21.870+0000] {processor.py:914} INFO - Processing file /home/airflow/.local/lib/python3.12/site-packages/airflow/example_dags/example_branch_operator.py for tasks to queue
[2024-11-13T23:42:21.871+0000] {logging_mixin.py:190} INFO - [2024-11-13T23:42:21.871+0000] {dagbag.py:588} INFO - Filling up the DagBag from /home/airflow/.local/lib/python3.12/site-packages/airflow/example_dags/example_branch_operator.py
[2024-11-13T23:42:21.879+0000] {processor.py:925} INFO - DAG(s) 'example_branch_operator' retrieved from /home/airflow/.local/lib/python3.12/site-packages/airflow/example_dags/example_branch_operator.py
[2024-11-13T23:42:21.893+0000] {logging_mixin.py:190} INFO - [2024-11-13T23:42:21.893+0000] {dag.py:3239} INFO - Sync 1 DAGs
[2024-11-13T23:42:21.906+0000] {logging_mixin.py:190} INFO - [2024-11-13T23:42:21.906+0000] {dag.py:4180} INFO - Setting next_dagrun for example_branch_operator to 2024-11-12 00:00:00+00:00, run_after=2024-11-13 00:00:00+00:00
[2024-11-13T23:42:21.916+0000] {processor.py:208} INFO - Processing /home/airflow/.local/lib/python3.12/site-packages/airflow/example_dags/example_branch_operator.py took 0.051 seconds
[2024-11-13T23:42:52.228+0000] {processor.py:186} INFO - Started process (PID=380) to work on /home/airflow/.local/lib/python3.12/site-packages/airflow/example_dags/example_branch_operator.py
[2024-11-13T23:42:52.228+0000] {processor.py:914} INFO - Processing file /home/airflow/.local/lib/python3.12/site-packages/airflow/example_dags/example_branch_operator.py for tasks to queue
[2024-11-13T23:42:52.229+0000] {logging_mixin.py:190} INFO - [2024-11-13T23:42:52.229+0000] {dagbag.py:588} INFO - Filling up the DagBag from /home/airflow/.local/lib/python3.12/site-packages/airflow/example_dags/example_branch_operator.py
[2024-11-13T23:42:52.237+0000] {processor.py:925} INFO - DAG(s) 'example_branch_operator' retrieved from /home/airflow/.local/lib/python3.12/site-packages/airflow/example_dags/example_branch_operator.py
[2024-11-13T23:42:52.249+0000] {logging_mixin.py:190} INFO - [2024-11-13T23:42:52.249+0000] {dag.py:3239} INFO - Sync 1 DAGs
[2024-11-13T23:42:52.258+0000] {logging_mixin.py:190} INFO - [2024-11-13T23:42:52.258+0000] {dag.py:4180} INFO - Setting next_dagrun for example_branch_operator to 2024-11-12 00:00:00+00:00, run_after=2024-11-13 00:00:00+00:00
[2024-11-13T23:42:52.268+0000] {processor.py:208} INFO - Processing /home/airflow/.local/lib/python3.12/site-packages/airflow/example_dags/example_branch_operator.py took 0.042 seconds
[2024-11-13T23:43:23.544+0000] {processor.py:186} INFO - Started process (PID=443) to work on /home/airflow/.local/lib/python3.12/site-packages/airflow/example_dags/example_branch_operator.py
[2024-11-13T23:43:23.545+0000] {processor.py:914} INFO - Processing file /home/airflow/.local/lib/python3.12/site-packages/airflow/example_dags/example_branch_operator.py for tasks to queue
[2024-11-13T23:43:23.546+0000] {logging_mixin.py:190} INFO - [2024-11-13T23:43:23.546+0000] {dagbag.py:588} INFO - Filling up the DagBag from /home/airflow/.local/lib/python3.12/site-packages/airflow/example_dags/example_branch_operator.py
[2024-11-13T23:43:23.553+0000] {processor.py:925} INFO - DAG(s) 'example_branch_operator' retrieved from /home/airflow/.local/lib/python3.12/site-packages/airflow/example_dags/example_branch_operator.py
[2024-11-13T23:43:23.564+0000] {logging_mixin.py:190} INFO - [2024-11-13T23:43:23.563+0000] {dag.py:3239} INFO - Sync 1 DAGs
[2024-11-13T23:43:23.573+0000] {logging_mixin.py:190} INFO - [2024-11-13T23:43:23.573+0000] {dag.py:4180} INFO - Setting next_dagrun for example_branch_operator to 2024-11-12 00:00:00+00:00, run_after=2024-11-13 00:00:00+00:00
[2024-11-13T23:43:23.581+0000] {processor.py:208} INFO - Processing /home/airflow/.local/lib/python3.12/site-packages/airflow/example_dags/example_branch_operator.py took 0.039 seconds
[2024-11-13T23:43:54.761+0000] {processor.py:186} INFO - Started process (PID=506) to work on /home/airflow/.local/lib/python3.12/site-packages/airflow/example_dags/example_branch_operator.py
[2024-11-13T23:43:54.761+0000] {processor.py:914} INFO - Processing file /home/airflow/.local/lib/python3.12/site-packages/airflow/example_dags/example_branch_operator.py for tasks to queue
[2024-11-13T23:43:54.762+0000] {logging_mixin.py:190} INFO - [2024-11-13T23:43:54.762+0000] {dagbag.py:588} INFO - Filling up the DagBag from /home/airflow/.local/lib/python3.12/site-packages/airflow/example_dags/example_branch_operator.py
[2024-11-13T23:43:54.769+0000] {processor.py:925} INFO - DAG(s) 'example_branch_operator' retrieved from /home/airflow/.local/lib/python3.12/site-packages/airflow/example_dags/example_branch_operator.py
[2024-11-13T23:43:54.782+0000] {logging_mixin.py:190} INFO - [2024-11-13T23:43:54.782+0000] {dag.py:3239} INFO - Sync 1 DAGs
[2024-11-13T23:43:54.789+0000] {logging_mixin.py:190} INFO - [2024-11-13T23:43:54.789+0000] {dag.py:4180} INFO - Setting next_dagrun for example_branch_operator to 2024-11-12 00:00:00+00:00, run_after=2024-11-13 00:00:00+00:00
[2024-11-13T23:43:54.798+0000] {processor.py:208} INFO - Processing /home/airflow/.local/lib/python3.12/site-packages/airflow/example_dags/example_branch_operator.py took 0.040 seconds
[2024-11-13T23:44:26.063+0000] {processor.py:186} INFO - Started process (PID=569) to work on /home/airflow/.local/lib/python3.12/site-packages/airflow/example_dags/example_branch_operator.py
[2024-11-13T23:44:26.065+0000] {processor.py:914} INFO - Processing file /home/airflow/.local/lib/python3.12/site-packages/airflow/example_dags/example_branch_operator.py for tasks to queue
[2024-11-13T23:44:26.066+0000] {logging_mixin.py:190} INFO - [2024-11-13T23:44:26.066+0000] {dagbag.py:588} INFO - Filling up the DagBag from /home/airflow/.local/lib/python3.12/site-packages/airflow/example_dags/example_branch_operator.py
[2024-11-13T23:44:26.073+0000] {processor.py:925} INFO - DAG(s) 'example_branch_operator' retrieved from /home/airflow/.local/lib/python3.12/site-packages/airflow/example_dags/example_branch_operator.py
[2024-11-13T23:44:26.084+0000] {logging_mixin.py:190} INFO - [2024-11-13T23:44:26.084+0000] {dag.py:3239} INFO - Sync 1 DAGs
[2024-11-13T23:44:26.093+0000] {logging_mixin.py:190} INFO - [2024-11-13T23:44:26.093+0000] {dag.py:4180} INFO - Setting next_dagrun for example_branch_operator to 2024-11-12 00:00:00+00:00, run_after=2024-11-13 00:00:00+00:00
[2024-11-13T23:44:26.102+0000] {processor.py:208} INFO - Processing /home/airflow/.local/lib/python3.12/site-packages/airflow/example_dags/example_branch_operator.py took 0.042 seconds
[2024-11-13T23:44:57.345+0000] {processor.py:186} INFO - Started process (PID=632) to work on /home/airflow/.local/lib/python3.12/site-packages/airflow/example_dags/example_branch_operator.py
[2024-11-13T23:44:57.346+0000] {processor.py:914} INFO - Processing file /home/airflow/.local/lib/python3.12/site-packages/airflow/example_dags/example_branch_operator.py for tasks to queue
[2024-11-13T23:44:57.347+0000] {logging_mixin.py:190} INFO - [2024-11-13T23:44:57.347+0000] {dagbag.py:588} INFO - Filling up the DagBag from /home/airflow/.local/lib/python3.12/site-packages/airflow/example_dags/example_branch_operator.py
[2024-11-13T23:44:57.355+0000] {processor.py:925} INFO - DAG(s) 'example_branch_operator' retrieved from /home/airflow/.local/lib/python3.12/site-packages/airflow/example_dags/example_branch_operator.py
[2024-11-13T23:44:57.366+0000] {logging_mixin.py:190} INFO - [2024-11-13T23:44:57.366+0000] {dag.py:3239} INFO - Sync 1 DAGs
[2024-11-13T23:44:57.374+0000] {logging_mixin.py:190} INFO - [2024-11-13T23:44:57.374+0000] {dag.py:4180} INFO - Setting next_dagrun for example_branch_operator to 2024-11-12 00:00:00+00:00, run_after=2024-11-13 00:00:00+00:00
[2024-11-13T23:44:57.382+0000] {processor.py:208} INFO - Processing /home/airflow/.local/lib/python3.12/site-packages/airflow/example_dags/example_branch_operator.py took 0.040 seconds
[2024-11-13T23:45:28.570+0000] {processor.py:186} INFO - Started process (PID=695) to work on /home/airflow/.local/lib/python3.12/site-packages/airflow/example_dags/example_branch_operator.py
[2024-11-13T23:45:28.570+0000] {processor.py:914} INFO - Processing file /home/airflow/.local/lib/python3.12/site-packages/airflow/example_dags/example_branch_operator.py for tasks to queue
[2024-11-13T23:45:28.571+0000] {logging_mixin.py:190} INFO - [2024-11-13T23:45:28.571+0000] {dagbag.py:588} INFO - Filling up the DagBag from /home/airflow/.local/lib/python3.12/site-packages/airflow/example_dags/example_branch_operator.py
[2024-11-13T23:45:28.578+0000] {processor.py:925} INFO - DAG(s) 'example_branch_operator' retrieved from /home/airflow/.local/lib/python3.12/site-packages/airflow/example_dags/example_branch_operator.py
[2024-11-13T23:45:28.589+0000] {logging_mixin.py:190} INFO - [2024-11-13T23:45:28.589+0000] {dag.py:3239} INFO - Sync 1 DAGs
[2024-11-13T23:45:28.598+0000] {logging_mixin.py:190} INFO - [2024-11-13T23:45:28.598+0000] {dag.py:4180} INFO - Setting next_dagrun for example_branch_operator to 2024-11-12 00:00:00+00:00, run_after=2024-11-13 00:00:00+00:00
[2024-11-13T23:45:28.604+0000] {processor.py:208} INFO - Processing /home/airflow/.local/lib/python3.12/site-packages/airflow/example_dags/example_branch_operator.py took 0.036 seconds
[2024-11-13T23:45:59.724+0000] {processor.py:186} INFO - Started process (PID=758) to work on /home/airflow/.local/lib/python3.12/site-packages/airflow/example_dags/example_branch_operator.py
[2024-11-13T23:45:59.724+0000] {processor.py:914} INFO - Processing file /home/airflow/.local/lib/python3.12/site-packages/airflow/example_dags/example_branch_operator.py for tasks to queue
[2024-11-13T23:45:59.726+0000] {logging_mixin.py:190} INFO - [2024-11-13T23:45:59.725+0000] {dagbag.py:588} INFO - Filling up the DagBag from /home/airflow/.local/lib/python3.12/site-packages/airflow/example_dags/example_branch_operator.py
[2024-11-13T23:45:59.732+0000] {processor.py:925} INFO - DAG(s) 'example_branch_operator' retrieved from /home/airflow/.local/lib/python3.12/site-packages/airflow/example_dags/example_branch_operator.py
[2024-11-13T23:45:59.743+0000] {logging_mixin.py:190} INFO - [2024-11-13T23:45:59.743+0000] {dag.py:3239} INFO - Sync 1 DAGs
[2024-11-13T23:45:59.752+0000] {logging_mixin.py:190} INFO - [2024-11-13T23:45:59.752+0000] {dag.py:4180} INFO - Setting next_dagrun for example_branch_operator to 2024-11-12 00:00:00+00:00, run_after=2024-11-13 00:00:00+00:00
[2024-11-13T23:45:59.759+0000] {processor.py:208} INFO - Processing /home/airflow/.local/lib/python3.12/site-packages/airflow/example_dags/example_branch_operator.py took 0.038 seconds
[2024-11-13T23:46:31.004+0000] {processor.py:186} INFO - Started process (PID=821) to work on /home/airflow/.local/lib/python3.12/site-packages/airflow/example_dags/example_branch_operator.py
[2024-11-13T23:46:31.004+0000] {processor.py:914} INFO - Processing file /home/airflow/.local/lib/python3.12/site-packages/airflow/example_dags/example_branch_operator.py for tasks to queue
[2024-11-13T23:46:31.005+0000] {logging_mixin.py:190} INFO - [2024-11-13T23:46:31.005+0000] {dagbag.py:588} INFO - Filling up the DagBag from /home/airflow/.local/lib/python3.12/site-packages/airflow/example_dags/example_branch_operator.py
[2024-11-13T23:46:31.012+0000] {processor.py:925} INFO - DAG(s) 'example_branch_operator' retrieved from /home/airflow/.local/lib/python3.12/site-packages/airflow/example_dags/example_branch_operator.py
[2024-11-13T23:46:31.023+0000] {logging_mixin.py:190} INFO - [2024-11-13T23:46:31.023+0000] {dag.py:3239} INFO - Sync 1 DAGs
[2024-11-13T23:46:31.032+0000] {logging_mixin.py:190} INFO - [2024-11-13T23:46:31.032+0000] {dag.py:4180} INFO - Setting next_dagrun for example_branch_operator to 2024-11-12 00:00:00+00:00, run_after=2024-11-13 00:00:00+00:00
[2024-11-13T23:46:31.041+0000] {processor.py:208} INFO - Processing /home/airflow/.local/lib/python3.12/site-packages/airflow/example_dags/example_branch_operator.py took 0.040 seconds
[2024-11-13T23:47:02.344+0000] {processor.py:186} INFO - Started process (PID=884) to work on /home/airflow/.local/lib/python3.12/site-packages/airflow/example_dags/example_branch_operator.py
[2024-11-13T23:47:02.345+0000] {processor.py:914} INFO - Processing file /home/airflow/.local/lib/python3.12/site-packages/airflow/example_dags/example_branch_operator.py for tasks to queue
[2024-11-13T23:47:02.346+0000] {logging_mixin.py:190} INFO - [2024-11-13T23:47:02.346+0000] {dagbag.py:588} INFO - Filling up the DagBag from /home/airflow/.local/lib/python3.12/site-packages/airflow/example_dags/example_branch_operator.py
[2024-11-13T23:47:02.353+0000] {processor.py:925} INFO - DAG(s) 'example_branch_operator' retrieved from /home/airflow/.local/lib/python3.12/site-packages/airflow/example_dags/example_branch_operator.py
[2024-11-13T23:47:02.364+0000] {logging_mixin.py:190} INFO - [2024-11-13T23:47:02.364+0000] {dag.py:3239} INFO - Sync 1 DAGs
[2024-11-13T23:47:02.374+0000] {logging_mixin.py:190} INFO - [2024-11-13T23:47:02.373+0000] {dag.py:4180} INFO - Setting next_dagrun for example_branch_operator to 2024-11-12 00:00:00+00:00, run_after=2024-11-13 00:00:00+00:00
[2024-11-13T23:47:02.382+0000] {processor.py:208} INFO - Processing /home/airflow/.local/lib/python3.12/site-packages/airflow/example_dags/example_branch_operator.py took 0.040 seconds
[2024-11-13T23:47:33.608+0000] {processor.py:186} INFO - Started process (PID=947) to work on /home/airflow/.local/lib/python3.12/site-packages/airflow/example_dags/example_branch_operator.py
[2024-11-13T23:47:33.608+0000] {processor.py:914} INFO - Processing file /home/airflow/.local/lib/python3.12/site-packages/airflow/example_dags/example_branch_operator.py for tasks to queue
[2024-11-13T23:47:33.609+0000] {logging_mixin.py:190} INFO - [2024-11-13T23:47:33.609+0000] {dagbag.py:588} INFO - Filling up the DagBag from /home/airflow/.local/lib/python3.12/site-packages/airflow/example_dags/example_branch_operator.py
[2024-11-13T23:47:33.617+0000] {processor.py:925} INFO - DAG(s) 'example_branch_operator' retrieved from /home/airflow/.local/lib/python3.12/site-packages/airflow/example_dags/example_branch_operator.py
[2024-11-13T23:47:33.630+0000] {logging_mixin.py:190} INFO - [2024-11-13T23:47:33.630+0000] {dag.py:3239} INFO - Sync 1 DAGs
[2024-11-13T23:47:33.640+0000] {logging_mixin.py:190} INFO - [2024-11-13T23:47:33.640+0000] {dag.py:4180} INFO - Setting next_dagrun for example_branch_operator to 2024-11-12 00:00:00+00:00, run_after=2024-11-13 00:00:00+00:00
[2024-11-13T23:47:33.646+0000] {processor.py:208} INFO - Processing /home/airflow/.local/lib/python3.12/site-packages/airflow/example_dags/example_branch_operator.py took 0.041 seconds
