[2024-11-13T21:28:28.337+0000] {processor.py:186} INFO - Started process (PID=70) to work on /home/airflow/.local/lib/python3.12/site-packages/airflow/example_dags/example_setup_teardown.py
[2024-11-13T21:28:28.338+0000] {processor.py:914} INFO - Processing file /home/airflow/.local/lib/python3.12/site-packages/airflow/example_dags/example_setup_teardown.py for tasks to queue
[2024-11-13T21:28:28.339+0000] {logging_mixin.py:190} INFO - [2024-11-13T21:28:28.339+0000] {dagbag.py:588} INFO - Filling up the DagBag from /home/airflow/.local/lib/python3.12/site-packages/airflow/example_dags/example_setup_teardown.py
[2024-11-13T21:28:28.345+0000] {processor.py:925} INFO - DAG(s) 'example_setup_teardown' retrieved from /home/airflow/.local/lib/python3.12/site-packages/airflow/example_dags/example_setup_teardown.py
[2024-11-13T21:28:28.412+0000] {logging_mixin.py:190} INFO - [2024-11-13T21:28:28.412+0000] {override.py:1911} INFO - Created Permission View: can edit on DAG:example_setup_teardown
[2024-11-13T21:28:28.415+0000] {logging_mixin.py:190} INFO - [2024-11-13T21:28:28.415+0000] {override.py:1911} INFO - Created Permission View: can read on DAG:example_setup_teardown
[2024-11-13T21:28:28.417+0000] {logging_mixin.py:190} INFO - [2024-11-13T21:28:28.417+0000] {override.py:1911} INFO - Created Permission View: can delete on DAG:example_setup_teardown
[2024-11-13T21:28:28.420+0000] {logging_mixin.py:190} INFO - [2024-11-13T21:28:28.420+0000] {override.py:1911} INFO - Created Permission View: can delete on DAG Run:example_setup_teardown
[2024-11-13T21:28:28.422+0000] {logging_mixin.py:190} INFO - [2024-11-13T21:28:28.422+0000] {override.py:1911} INFO - Created Permission View: can read on DAG Run:example_setup_teardown
[2024-11-13T21:28:28.424+0000] {logging_mixin.py:190} INFO - [2024-11-13T21:28:28.423+0000] {override.py:1911} INFO - Created Permission View: menu access on DAG Run:example_setup_teardown
[2024-11-13T21:28:28.426+0000] {logging_mixin.py:190} INFO - [2024-11-13T21:28:28.426+0000] {override.py:1911} INFO - Created Permission View: can create on DAG Run:example_setup_teardown
[2024-11-13T21:28:28.427+0000] {logging_mixin.py:190} INFO - [2024-11-13T21:28:28.427+0000] {dag.py:3239} INFO - Sync 1 DAGs
[2024-11-13T21:28:28.433+0000] {logging_mixin.py:190} INFO - [2024-11-13T21:28:28.433+0000] {dag.py:3262} INFO - Creating ORM DAG for example_setup_teardown
[2024-11-13T21:28:28.433+0000] {logging_mixin.py:190} INFO - [2024-11-13T21:28:28.433+0000] {dag.py:4180} INFO - Setting next_dagrun for example_setup_teardown to None, run_after=None
[2024-11-13T21:28:28.440+0000] {processor.py:208} INFO - Processing /home/airflow/.local/lib/python3.12/site-packages/airflow/example_dags/example_setup_teardown.py took 0.106 seconds
[2024-11-13T21:28:59.296+0000] {processor.py:186} INFO - Started process (PID=132) to work on /home/airflow/.local/lib/python3.12/site-packages/airflow/example_dags/example_setup_teardown.py
[2024-11-13T21:28:59.297+0000] {processor.py:914} INFO - Processing file /home/airflow/.local/lib/python3.12/site-packages/airflow/example_dags/example_setup_teardown.py for tasks to queue
[2024-11-13T21:28:59.298+0000] {logging_mixin.py:190} INFO - [2024-11-13T21:28:59.298+0000] {dagbag.py:588} INFO - Filling up the DagBag from /home/airflow/.local/lib/python3.12/site-packages/airflow/example_dags/example_setup_teardown.py
[2024-11-13T21:28:59.304+0000] {processor.py:925} INFO - DAG(s) 'example_setup_teardown' retrieved from /home/airflow/.local/lib/python3.12/site-packages/airflow/example_dags/example_setup_teardown.py
[2024-11-13T21:28:59.316+0000] {logging_mixin.py:190} INFO - [2024-11-13T21:28:59.316+0000] {dag.py:3239} INFO - Sync 1 DAGs
[2024-11-13T21:28:59.322+0000] {logging_mixin.py:190} INFO - [2024-11-13T21:28:59.322+0000] {dag.py:4180} INFO - Setting next_dagrun for example_setup_teardown to None, run_after=None
[2024-11-13T21:28:59.329+0000] {processor.py:208} INFO - Processing /home/airflow/.local/lib/python3.12/site-packages/airflow/example_dags/example_setup_teardown.py took 0.036 seconds
[2024-11-13T21:29:29.826+0000] {processor.py:186} INFO - Started process (PID=195) to work on /home/airflow/.local/lib/python3.12/site-packages/airflow/example_dags/example_setup_teardown.py
[2024-11-13T21:29:29.827+0000] {processor.py:914} INFO - Processing file /home/airflow/.local/lib/python3.12/site-packages/airflow/example_dags/example_setup_teardown.py for tasks to queue
[2024-11-13T21:29:29.828+0000] {logging_mixin.py:190} INFO - [2024-11-13T21:29:29.828+0000] {dagbag.py:588} INFO - Filling up the DagBag from /home/airflow/.local/lib/python3.12/site-packages/airflow/example_dags/example_setup_teardown.py
[2024-11-13T21:29:29.833+0000] {processor.py:925} INFO - DAG(s) 'example_setup_teardown' retrieved from /home/airflow/.local/lib/python3.12/site-packages/airflow/example_dags/example_setup_teardown.py
[2024-11-13T21:29:29.844+0000] {logging_mixin.py:190} INFO - [2024-11-13T21:29:29.844+0000] {dag.py:3239} INFO - Sync 1 DAGs
[2024-11-13T21:29:29.852+0000] {logging_mixin.py:190} INFO - [2024-11-13T21:29:29.852+0000] {dag.py:4180} INFO - Setting next_dagrun for example_setup_teardown to None, run_after=None
[2024-11-13T21:29:29.861+0000] {processor.py:208} INFO - Processing /home/airflow/.local/lib/python3.12/site-packages/airflow/example_dags/example_setup_teardown.py took 0.039 seconds
[2024-11-13T21:29:59.986+0000] {processor.py:186} INFO - Started process (PID=256) to work on /home/airflow/.local/lib/python3.12/site-packages/airflow/example_dags/example_setup_teardown.py
[2024-11-13T21:29:59.987+0000] {processor.py:914} INFO - Processing file /home/airflow/.local/lib/python3.12/site-packages/airflow/example_dags/example_setup_teardown.py for tasks to queue
[2024-11-13T21:29:59.988+0000] {logging_mixin.py:190} INFO - [2024-11-13T21:29:59.988+0000] {dagbag.py:588} INFO - Filling up the DagBag from /home/airflow/.local/lib/python3.12/site-packages/airflow/example_dags/example_setup_teardown.py
[2024-11-13T21:29:59.994+0000] {processor.py:925} INFO - DAG(s) 'example_setup_teardown' retrieved from /home/airflow/.local/lib/python3.12/site-packages/airflow/example_dags/example_setup_teardown.py
[2024-11-13T21:30:00.009+0000] {logging_mixin.py:190} INFO - [2024-11-13T21:30:00.009+0000] {dag.py:3239} INFO - Sync 1 DAGs
[2024-11-13T21:30:00.016+0000] {logging_mixin.py:190} INFO - [2024-11-13T21:30:00.016+0000] {dag.py:4180} INFO - Setting next_dagrun for example_setup_teardown to None, run_after=None
[2024-11-13T21:30:00.026+0000] {processor.py:208} INFO - Processing /home/airflow/.local/lib/python3.12/site-packages/airflow/example_dags/example_setup_teardown.py took 0.045 seconds
[2024-11-13T21:30:30.154+0000] {processor.py:186} INFO - Started process (PID=319) to work on /home/airflow/.local/lib/python3.12/site-packages/airflow/example_dags/example_setup_teardown.py
[2024-11-13T21:30:30.155+0000] {processor.py:914} INFO - Processing file /home/airflow/.local/lib/python3.12/site-packages/airflow/example_dags/example_setup_teardown.py for tasks to queue
[2024-11-13T21:30:30.157+0000] {logging_mixin.py:190} INFO - [2024-11-13T21:30:30.157+0000] {dagbag.py:588} INFO - Filling up the DagBag from /home/airflow/.local/lib/python3.12/site-packages/airflow/example_dags/example_setup_teardown.py
[2024-11-13T21:30:30.162+0000] {processor.py:925} INFO - DAG(s) 'example_setup_teardown' retrieved from /home/airflow/.local/lib/python3.12/site-packages/airflow/example_dags/example_setup_teardown.py
[2024-11-13T21:30:30.177+0000] {logging_mixin.py:190} INFO - [2024-11-13T21:30:30.176+0000] {dag.py:3239} INFO - Sync 1 DAGs
[2024-11-13T21:30:30.185+0000] {logging_mixin.py:190} INFO - [2024-11-13T21:30:30.185+0000] {dag.py:4180} INFO - Setting next_dagrun for example_setup_teardown to None, run_after=None
[2024-11-13T21:30:30.194+0000] {processor.py:208} INFO - Processing /home/airflow/.local/lib/python3.12/site-packages/airflow/example_dags/example_setup_teardown.py took 0.046 seconds
[2024-11-13T21:35:02.353+0000] {processor.py:186} INFO - Started process (PID=72) to work on /home/airflow/.local/lib/python3.12/site-packages/airflow/example_dags/example_setup_teardown.py
[2024-11-13T21:35:02.354+0000] {processor.py:914} INFO - Processing file /home/airflow/.local/lib/python3.12/site-packages/airflow/example_dags/example_setup_teardown.py for tasks to queue
[2024-11-13T21:35:02.355+0000] {logging_mixin.py:190} INFO - [2024-11-13T21:35:02.355+0000] {dagbag.py:588} INFO - Filling up the DagBag from /home/airflow/.local/lib/python3.12/site-packages/airflow/example_dags/example_setup_teardown.py
[2024-11-13T21:35:02.360+0000] {processor.py:925} INFO - DAG(s) 'example_setup_teardown' retrieved from /home/airflow/.local/lib/python3.12/site-packages/airflow/example_dags/example_setup_teardown.py
[2024-11-13T21:35:02.403+0000] {logging_mixin.py:190} INFO - [2024-11-13T21:35:02.403+0000] {override.py:1911} INFO - Created Permission View: can edit on DAG:example_setup_teardown
[2024-11-13T21:35:02.407+0000] {logging_mixin.py:190} INFO - [2024-11-13T21:35:02.407+0000] {override.py:1911} INFO - Created Permission View: can delete on DAG:example_setup_teardown
[2024-11-13T21:35:02.409+0000] {logging_mixin.py:190} INFO - [2024-11-13T21:35:02.409+0000] {override.py:1911} INFO - Created Permission View: can read on DAG:example_setup_teardown
[2024-11-13T21:35:02.411+0000] {logging_mixin.py:190} INFO - [2024-11-13T21:35:02.410+0000] {override.py:1911} INFO - Created Permission View: can create on DAG Run:example_setup_teardown
[2024-11-13T21:35:02.412+0000] {logging_mixin.py:190} INFO - [2024-11-13T21:35:02.412+0000] {override.py:1911} INFO - Created Permission View: can delete on DAG Run:example_setup_teardown
[2024-11-13T21:35:02.413+0000] {logging_mixin.py:190} INFO - [2024-11-13T21:35:02.413+0000] {override.py:1911} INFO - Created Permission View: menu access on DAG Run:example_setup_teardown
[2024-11-13T21:35:02.415+0000] {logging_mixin.py:190} INFO - [2024-11-13T21:35:02.415+0000] {override.py:1911} INFO - Created Permission View: can read on DAG Run:example_setup_teardown
[2024-11-13T21:35:02.415+0000] {logging_mixin.py:190} INFO - [2024-11-13T21:35:02.415+0000] {dag.py:3239} INFO - Sync 1 DAGs
[2024-11-13T21:35:02.420+0000] {logging_mixin.py:190} INFO - [2024-11-13T21:35:02.420+0000] {dag.py:3262} INFO - Creating ORM DAG for example_setup_teardown
[2024-11-13T21:35:02.420+0000] {logging_mixin.py:190} INFO - [2024-11-13T21:35:02.420+0000] {dag.py:4180} INFO - Setting next_dagrun for example_setup_teardown to None, run_after=None
[2024-11-13T21:35:02.427+0000] {processor.py:208} INFO - Processing /home/airflow/.local/lib/python3.12/site-packages/airflow/example_dags/example_setup_teardown.py took 0.077 seconds
[2024-11-13T21:35:32.733+0000] {processor.py:186} INFO - Started process (PID=135) to work on /home/airflow/.local/lib/python3.12/site-packages/airflow/example_dags/example_setup_teardown.py
[2024-11-13T21:35:32.734+0000] {processor.py:914} INFO - Processing file /home/airflow/.local/lib/python3.12/site-packages/airflow/example_dags/example_setup_teardown.py for tasks to queue
[2024-11-13T21:35:32.735+0000] {logging_mixin.py:190} INFO - [2024-11-13T21:35:32.735+0000] {dagbag.py:588} INFO - Filling up the DagBag from /home/airflow/.local/lib/python3.12/site-packages/airflow/example_dags/example_setup_teardown.py
[2024-11-13T21:35:32.739+0000] {processor.py:925} INFO - DAG(s) 'example_setup_teardown' retrieved from /home/airflow/.local/lib/python3.12/site-packages/airflow/example_dags/example_setup_teardown.py
[2024-11-13T21:35:32.748+0000] {logging_mixin.py:190} INFO - [2024-11-13T21:35:32.748+0000] {dag.py:3239} INFO - Sync 1 DAGs
[2024-11-13T21:35:32.754+0000] {logging_mixin.py:190} INFO - [2024-11-13T21:35:32.754+0000] {dag.py:4180} INFO - Setting next_dagrun for example_setup_teardown to None, run_after=None
[2024-11-13T21:35:32.761+0000] {processor.py:208} INFO - Processing /home/airflow/.local/lib/python3.12/site-packages/airflow/example_dags/example_setup_teardown.py took 0.031 seconds
[2024-11-13T21:36:03.333+0000] {processor.py:186} INFO - Started process (PID=201) to work on /home/airflow/.local/lib/python3.12/site-packages/airflow/example_dags/example_setup_teardown.py
[2024-11-13T21:36:03.334+0000] {processor.py:914} INFO - Processing file /home/airflow/.local/lib/python3.12/site-packages/airflow/example_dags/example_setup_teardown.py for tasks to queue
[2024-11-13T21:36:03.335+0000] {logging_mixin.py:190} INFO - [2024-11-13T21:36:03.335+0000] {dagbag.py:588} INFO - Filling up the DagBag from /home/airflow/.local/lib/python3.12/site-packages/airflow/example_dags/example_setup_teardown.py
[2024-11-13T21:36:03.340+0000] {processor.py:925} INFO - DAG(s) 'example_setup_teardown' retrieved from /home/airflow/.local/lib/python3.12/site-packages/airflow/example_dags/example_setup_teardown.py
[2024-11-13T21:36:03.348+0000] {logging_mixin.py:190} INFO - [2024-11-13T21:36:03.348+0000] {dag.py:3239} INFO - Sync 1 DAGs
[2024-11-13T21:36:03.354+0000] {logging_mixin.py:190} INFO - [2024-11-13T21:36:03.354+0000] {dag.py:4180} INFO - Setting next_dagrun for example_setup_teardown to None, run_after=None
[2024-11-13T21:36:03.362+0000] {processor.py:208} INFO - Processing /home/airflow/.local/lib/python3.12/site-packages/airflow/example_dags/example_setup_teardown.py took 0.032 seconds
[2024-11-13T21:36:33.782+0000] {processor.py:186} INFO - Started process (PID=264) to work on /home/airflow/.local/lib/python3.12/site-packages/airflow/example_dags/example_setup_teardown.py
[2024-11-13T21:36:33.784+0000] {processor.py:914} INFO - Processing file /home/airflow/.local/lib/python3.12/site-packages/airflow/example_dags/example_setup_teardown.py for tasks to queue
[2024-11-13T21:36:33.786+0000] {logging_mixin.py:190} INFO - [2024-11-13T21:36:33.786+0000] {dagbag.py:588} INFO - Filling up the DagBag from /home/airflow/.local/lib/python3.12/site-packages/airflow/example_dags/example_setup_teardown.py
[2024-11-13T21:36:33.790+0000] {processor.py:925} INFO - DAG(s) 'example_setup_teardown' retrieved from /home/airflow/.local/lib/python3.12/site-packages/airflow/example_dags/example_setup_teardown.py
[2024-11-13T21:36:33.801+0000] {logging_mixin.py:190} INFO - [2024-11-13T21:36:33.801+0000] {dag.py:3239} INFO - Sync 1 DAGs
[2024-11-13T21:36:33.808+0000] {logging_mixin.py:190} INFO - [2024-11-13T21:36:33.808+0000] {dag.py:4180} INFO - Setting next_dagrun for example_setup_teardown to None, run_after=None
[2024-11-13T21:36:33.820+0000] {processor.py:208} INFO - Processing /home/airflow/.local/lib/python3.12/site-packages/airflow/example_dags/example_setup_teardown.py took 0.041 seconds
[2024-11-13T21:37:04.340+0000] {processor.py:186} INFO - Started process (PID=334) to work on /home/airflow/.local/lib/python3.12/site-packages/airflow/example_dags/example_setup_teardown.py
[2024-11-13T21:37:04.341+0000] {processor.py:914} INFO - Processing file /home/airflow/.local/lib/python3.12/site-packages/airflow/example_dags/example_setup_teardown.py for tasks to queue
[2024-11-13T21:37:04.342+0000] {logging_mixin.py:190} INFO - [2024-11-13T21:37:04.342+0000] {dagbag.py:588} INFO - Filling up the DagBag from /home/airflow/.local/lib/python3.12/site-packages/airflow/example_dags/example_setup_teardown.py
[2024-11-13T21:37:04.345+0000] {processor.py:925} INFO - DAG(s) 'example_setup_teardown' retrieved from /home/airflow/.local/lib/python3.12/site-packages/airflow/example_dags/example_setup_teardown.py
[2024-11-13T21:37:04.353+0000] {logging_mixin.py:190} INFO - [2024-11-13T21:37:04.353+0000] {dag.py:3239} INFO - Sync 1 DAGs
[2024-11-13T21:37:04.358+0000] {logging_mixin.py:190} INFO - [2024-11-13T21:37:04.358+0000] {dag.py:4180} INFO - Setting next_dagrun for example_setup_teardown to None, run_after=None
[2024-11-13T21:37:04.364+0000] {processor.py:208} INFO - Processing /home/airflow/.local/lib/python3.12/site-packages/airflow/example_dags/example_setup_teardown.py took 0.026 seconds
[2024-11-13T21:37:34.722+0000] {processor.py:186} INFO - Started process (PID=397) to work on /home/airflow/.local/lib/python3.12/site-packages/airflow/example_dags/example_setup_teardown.py
[2024-11-13T21:37:34.723+0000] {processor.py:914} INFO - Processing file /home/airflow/.local/lib/python3.12/site-packages/airflow/example_dags/example_setup_teardown.py for tasks to queue
[2024-11-13T21:37:34.724+0000] {logging_mixin.py:190} INFO - [2024-11-13T21:37:34.723+0000] {dagbag.py:588} INFO - Filling up the DagBag from /home/airflow/.local/lib/python3.12/site-packages/airflow/example_dags/example_setup_teardown.py
[2024-11-13T21:37:34.727+0000] {processor.py:925} INFO - DAG(s) 'example_setup_teardown' retrieved from /home/airflow/.local/lib/python3.12/site-packages/airflow/example_dags/example_setup_teardown.py
[2024-11-13T21:37:34.735+0000] {logging_mixin.py:190} INFO - [2024-11-13T21:37:34.735+0000] {dag.py:3239} INFO - Sync 1 DAGs
[2024-11-13T21:37:34.741+0000] {logging_mixin.py:190} INFO - [2024-11-13T21:37:34.741+0000] {dag.py:4180} INFO - Setting next_dagrun for example_setup_teardown to None, run_after=None
[2024-11-13T21:37:34.747+0000] {processor.py:208} INFO - Processing /home/airflow/.local/lib/python3.12/site-packages/airflow/example_dags/example_setup_teardown.py took 0.027 seconds
[2024-11-13T21:38:05.156+0000] {processor.py:186} INFO - Started process (PID=460) to work on /home/airflow/.local/lib/python3.12/site-packages/airflow/example_dags/example_setup_teardown.py
[2024-11-13T21:38:05.157+0000] {processor.py:914} INFO - Processing file /home/airflow/.local/lib/python3.12/site-packages/airflow/example_dags/example_setup_teardown.py for tasks to queue
[2024-11-13T21:38:05.157+0000] {logging_mixin.py:190} INFO - [2024-11-13T21:38:05.157+0000] {dagbag.py:588} INFO - Filling up the DagBag from /home/airflow/.local/lib/python3.12/site-packages/airflow/example_dags/example_setup_teardown.py
[2024-11-13T21:38:05.161+0000] {processor.py:925} INFO - DAG(s) 'example_setup_teardown' retrieved from /home/airflow/.local/lib/python3.12/site-packages/airflow/example_dags/example_setup_teardown.py
[2024-11-13T21:38:05.170+0000] {logging_mixin.py:190} INFO - [2024-11-13T21:38:05.170+0000] {dag.py:3239} INFO - Sync 1 DAGs
[2024-11-13T21:38:05.175+0000] {logging_mixin.py:190} INFO - [2024-11-13T21:38:05.175+0000] {dag.py:4180} INFO - Setting next_dagrun for example_setup_teardown to None, run_after=None
[2024-11-13T21:38:05.181+0000] {processor.py:208} INFO - Processing /home/airflow/.local/lib/python3.12/site-packages/airflow/example_dags/example_setup_teardown.py took 0.027 seconds
[2024-11-13T23:40:19.831+0000] {processor.py:186} INFO - Started process (PID=65) to work on /home/airflow/.local/lib/python3.12/site-packages/airflow/example_dags/example_setup_teardown.py
[2024-11-13T23:40:19.831+0000] {processor.py:914} INFO - Processing file /home/airflow/.local/lib/python3.12/site-packages/airflow/example_dags/example_setup_teardown.py for tasks to queue
[2024-11-13T23:40:19.832+0000] {logging_mixin.py:190} INFO - [2024-11-13T23:40:19.832+0000] {dagbag.py:588} INFO - Filling up the DagBag from /home/airflow/.local/lib/python3.12/site-packages/airflow/example_dags/example_setup_teardown.py
[2024-11-13T23:40:19.837+0000] {processor.py:925} INFO - DAG(s) 'example_setup_teardown' retrieved from /home/airflow/.local/lib/python3.12/site-packages/airflow/example_dags/example_setup_teardown.py
[2024-11-13T23:40:19.880+0000] {logging_mixin.py:190} INFO - [2024-11-13T23:40:19.880+0000] {override.py:1911} INFO - Created Permission View: can edit on DAG:example_setup_teardown
[2024-11-13T23:40:19.883+0000] {logging_mixin.py:190} INFO - [2024-11-13T23:40:19.883+0000] {override.py:1911} INFO - Created Permission View: can delete on DAG:example_setup_teardown
[2024-11-13T23:40:19.885+0000] {logging_mixin.py:190} INFO - [2024-11-13T23:40:19.885+0000] {override.py:1911} INFO - Created Permission View: can read on DAG:example_setup_teardown
[2024-11-13T23:40:19.887+0000] {logging_mixin.py:190} INFO - [2024-11-13T23:40:19.887+0000] {override.py:1911} INFO - Created Permission View: can delete on DAG Run:example_setup_teardown
[2024-11-13T23:40:19.889+0000] {logging_mixin.py:190} INFO - [2024-11-13T23:40:19.888+0000] {override.py:1911} INFO - Created Permission View: menu access on DAG Run:example_setup_teardown
[2024-11-13T23:40:19.891+0000] {logging_mixin.py:190} INFO - [2024-11-13T23:40:19.890+0000] {override.py:1911} INFO - Created Permission View: can read on DAG Run:example_setup_teardown
[2024-11-13T23:40:19.892+0000] {logging_mixin.py:190} INFO - [2024-11-13T23:40:19.892+0000] {override.py:1911} INFO - Created Permission View: can create on DAG Run:example_setup_teardown
[2024-11-13T23:40:19.892+0000] {logging_mixin.py:190} INFO - [2024-11-13T23:40:19.892+0000] {dag.py:3239} INFO - Sync 1 DAGs
[2024-11-13T23:40:19.897+0000] {logging_mixin.py:190} INFO - [2024-11-13T23:40:19.896+0000] {dag.py:3262} INFO - Creating ORM DAG for example_setup_teardown
[2024-11-13T23:40:19.897+0000] {logging_mixin.py:190} INFO - [2024-11-13T23:40:19.897+0000] {dag.py:4180} INFO - Setting next_dagrun for example_setup_teardown to None, run_after=None
[2024-11-13T23:40:19.902+0000] {processor.py:208} INFO - Processing /home/airflow/.local/lib/python3.12/site-packages/airflow/example_dags/example_setup_teardown.py took 0.073 seconds
[2024-11-13T23:40:50.768+0000] {processor.py:186} INFO - Started process (PID=128) to work on /home/airflow/.local/lib/python3.12/site-packages/airflow/example_dags/example_setup_teardown.py
[2024-11-13T23:40:50.769+0000] {processor.py:914} INFO - Processing file /home/airflow/.local/lib/python3.12/site-packages/airflow/example_dags/example_setup_teardown.py for tasks to queue
[2024-11-13T23:40:50.770+0000] {logging_mixin.py:190} INFO - [2024-11-13T23:40:50.769+0000] {dagbag.py:588} INFO - Filling up the DagBag from /home/airflow/.local/lib/python3.12/site-packages/airflow/example_dags/example_setup_teardown.py
[2024-11-13T23:40:50.774+0000] {processor.py:925} INFO - DAG(s) 'example_setup_teardown' retrieved from /home/airflow/.local/lib/python3.12/site-packages/airflow/example_dags/example_setup_teardown.py
[2024-11-13T23:40:50.782+0000] {logging_mixin.py:190} INFO - [2024-11-13T23:40:50.782+0000] {dag.py:3239} INFO - Sync 1 DAGs
[2024-11-13T23:40:50.787+0000] {logging_mixin.py:190} INFO - [2024-11-13T23:40:50.787+0000] {dag.py:4180} INFO - Setting next_dagrun for example_setup_teardown to None, run_after=None
[2024-11-13T23:40:50.793+0000] {processor.py:208} INFO - Processing /home/airflow/.local/lib/python3.12/site-packages/airflow/example_dags/example_setup_teardown.py took 0.028 seconds
[2024-11-13T23:41:21.027+0000] {processor.py:186} INFO - Started process (PID=189) to work on /home/airflow/.local/lib/python3.12/site-packages/airflow/example_dags/example_setup_teardown.py
[2024-11-13T23:41:21.027+0000] {processor.py:914} INFO - Processing file /home/airflow/.local/lib/python3.12/site-packages/airflow/example_dags/example_setup_teardown.py for tasks to queue
[2024-11-13T23:41:21.028+0000] {logging_mixin.py:190} INFO - [2024-11-13T23:41:21.028+0000] {dagbag.py:588} INFO - Filling up the DagBag from /home/airflow/.local/lib/python3.12/site-packages/airflow/example_dags/example_setup_teardown.py
[2024-11-13T23:41:21.032+0000] {processor.py:925} INFO - DAG(s) 'example_setup_teardown' retrieved from /home/airflow/.local/lib/python3.12/site-packages/airflow/example_dags/example_setup_teardown.py
[2024-11-13T23:41:21.043+0000] {logging_mixin.py:190} INFO - [2024-11-13T23:41:21.043+0000] {dag.py:3239} INFO - Sync 1 DAGs
[2024-11-13T23:41:21.053+0000] {logging_mixin.py:190} INFO - [2024-11-13T23:41:21.053+0000] {dag.py:4180} INFO - Setting next_dagrun for example_setup_teardown to None, run_after=None
[2024-11-13T23:41:21.062+0000] {processor.py:208} INFO - Processing /home/airflow/.local/lib/python3.12/site-packages/airflow/example_dags/example_setup_teardown.py took 0.038 seconds
[2024-11-13T23:41:51.467+0000] {processor.py:186} INFO - Started process (PID=258) to work on /home/airflow/.local/lib/python3.12/site-packages/airflow/example_dags/example_setup_teardown.py
[2024-11-13T23:41:51.467+0000] {processor.py:914} INFO - Processing file /home/airflow/.local/lib/python3.12/site-packages/airflow/example_dags/example_setup_teardown.py for tasks to queue
[2024-11-13T23:41:51.468+0000] {logging_mixin.py:190} INFO - [2024-11-13T23:41:51.468+0000] {dagbag.py:588} INFO - Filling up the DagBag from /home/airflow/.local/lib/python3.12/site-packages/airflow/example_dags/example_setup_teardown.py
[2024-11-13T23:41:51.472+0000] {processor.py:925} INFO - DAG(s) 'example_setup_teardown' retrieved from /home/airflow/.local/lib/python3.12/site-packages/airflow/example_dags/example_setup_teardown.py
[2024-11-13T23:41:51.479+0000] {logging_mixin.py:190} INFO - [2024-11-13T23:41:51.479+0000] {dag.py:3239} INFO - Sync 1 DAGs
[2024-11-13T23:41:51.484+0000] {logging_mixin.py:190} INFO - [2024-11-13T23:41:51.484+0000] {dag.py:4180} INFO - Setting next_dagrun for example_setup_teardown to None, run_after=None
[2024-11-13T23:41:51.490+0000] {processor.py:208} INFO - Processing /home/airflow/.local/lib/python3.12/site-packages/airflow/example_dags/example_setup_teardown.py took 0.025 seconds
[2024-11-13T23:42:22.034+0000] {processor.py:186} INFO - Started process (PID=322) to work on /home/airflow/.local/lib/python3.12/site-packages/airflow/example_dags/example_setup_teardown.py
[2024-11-13T23:42:22.035+0000] {processor.py:914} INFO - Processing file /home/airflow/.local/lib/python3.12/site-packages/airflow/example_dags/example_setup_teardown.py for tasks to queue
[2024-11-13T23:42:22.036+0000] {logging_mixin.py:190} INFO - [2024-11-13T23:42:22.035+0000] {dagbag.py:588} INFO - Filling up the DagBag from /home/airflow/.local/lib/python3.12/site-packages/airflow/example_dags/example_setup_teardown.py
[2024-11-13T23:42:22.040+0000] {processor.py:925} INFO - DAG(s) 'example_setup_teardown' retrieved from /home/airflow/.local/lib/python3.12/site-packages/airflow/example_dags/example_setup_teardown.py
[2024-11-13T23:42:22.049+0000] {logging_mixin.py:190} INFO - [2024-11-13T23:42:22.049+0000] {dag.py:3239} INFO - Sync 1 DAGs
[2024-11-13T23:42:22.056+0000] {logging_mixin.py:190} INFO - [2024-11-13T23:42:22.056+0000] {dag.py:4180} INFO - Setting next_dagrun for example_setup_teardown to None, run_after=None
[2024-11-13T23:42:22.064+0000] {processor.py:208} INFO - Processing /home/airflow/.local/lib/python3.12/site-packages/airflow/example_dags/example_setup_teardown.py took 0.032 seconds
[2024-11-13T23:42:52.321+0000] {processor.py:186} INFO - Started process (PID=384) to work on /home/airflow/.local/lib/python3.12/site-packages/airflow/example_dags/example_setup_teardown.py
[2024-11-13T23:42:52.322+0000] {processor.py:914} INFO - Processing file /home/airflow/.local/lib/python3.12/site-packages/airflow/example_dags/example_setup_teardown.py for tasks to queue
[2024-11-13T23:42:52.323+0000] {logging_mixin.py:190} INFO - [2024-11-13T23:42:52.323+0000] {dagbag.py:588} INFO - Filling up the DagBag from /home/airflow/.local/lib/python3.12/site-packages/airflow/example_dags/example_setup_teardown.py
[2024-11-13T23:42:52.327+0000] {processor.py:925} INFO - DAG(s) 'example_setup_teardown' retrieved from /home/airflow/.local/lib/python3.12/site-packages/airflow/example_dags/example_setup_teardown.py
[2024-11-13T23:42:52.336+0000] {logging_mixin.py:190} INFO - [2024-11-13T23:42:52.336+0000] {dag.py:3239} INFO - Sync 1 DAGs
[2024-11-13T23:42:52.342+0000] {logging_mixin.py:190} INFO - [2024-11-13T23:42:52.342+0000] {dag.py:4180} INFO - Setting next_dagrun for example_setup_teardown to None, run_after=None
[2024-11-13T23:42:52.350+0000] {processor.py:208} INFO - Processing /home/airflow/.local/lib/python3.12/site-packages/airflow/example_dags/example_setup_teardown.py took 0.031 seconds
[2024-11-13T23:43:23.692+0000] {processor.py:186} INFO - Started process (PID=448) to work on /home/airflow/.local/lib/python3.12/site-packages/airflow/example_dags/example_setup_teardown.py
[2024-11-13T23:43:23.692+0000] {processor.py:914} INFO - Processing file /home/airflow/.local/lib/python3.12/site-packages/airflow/example_dags/example_setup_teardown.py for tasks to queue
[2024-11-13T23:43:23.693+0000] {logging_mixin.py:190} INFO - [2024-11-13T23:43:23.693+0000] {dagbag.py:588} INFO - Filling up the DagBag from /home/airflow/.local/lib/python3.12/site-packages/airflow/example_dags/example_setup_teardown.py
[2024-11-13T23:43:23.697+0000] {processor.py:925} INFO - DAG(s) 'example_setup_teardown' retrieved from /home/airflow/.local/lib/python3.12/site-packages/airflow/example_dags/example_setup_teardown.py
[2024-11-13T23:43:23.706+0000] {logging_mixin.py:190} INFO - [2024-11-13T23:43:23.706+0000] {dag.py:3239} INFO - Sync 1 DAGs
[2024-11-13T23:43:23.711+0000] {logging_mixin.py:190} INFO - [2024-11-13T23:43:23.711+0000] {dag.py:4180} INFO - Setting next_dagrun for example_setup_teardown to None, run_after=None
[2024-11-13T23:43:23.718+0000] {processor.py:208} INFO - Processing /home/airflow/.local/lib/python3.12/site-packages/airflow/example_dags/example_setup_teardown.py took 0.028 seconds
[2024-11-13T23:43:54.892+0000] {processor.py:186} INFO - Started process (PID=511) to work on /home/airflow/.local/lib/python3.12/site-packages/airflow/example_dags/example_setup_teardown.py
[2024-11-13T23:43:54.893+0000] {processor.py:914} INFO - Processing file /home/airflow/.local/lib/python3.12/site-packages/airflow/example_dags/example_setup_teardown.py for tasks to queue
[2024-11-13T23:43:54.894+0000] {logging_mixin.py:190} INFO - [2024-11-13T23:43:54.894+0000] {dagbag.py:588} INFO - Filling up the DagBag from /home/airflow/.local/lib/python3.12/site-packages/airflow/example_dags/example_setup_teardown.py
[2024-11-13T23:43:54.899+0000] {processor.py:925} INFO - DAG(s) 'example_setup_teardown' retrieved from /home/airflow/.local/lib/python3.12/site-packages/airflow/example_dags/example_setup_teardown.py
[2024-11-13T23:43:54.908+0000] {logging_mixin.py:190} INFO - [2024-11-13T23:43:54.908+0000] {dag.py:3239} INFO - Sync 1 DAGs
[2024-11-13T23:43:54.914+0000] {logging_mixin.py:190} INFO - [2024-11-13T23:43:54.913+0000] {dag.py:4180} INFO - Setting next_dagrun for example_setup_teardown to None, run_after=None
[2024-11-13T23:43:54.920+0000] {processor.py:208} INFO - Processing /home/airflow/.local/lib/python3.12/site-packages/airflow/example_dags/example_setup_teardown.py took 0.030 seconds
[2024-11-13T23:44:26.206+0000] {processor.py:186} INFO - Started process (PID=574) to work on /home/airflow/.local/lib/python3.12/site-packages/airflow/example_dags/example_setup_teardown.py
[2024-11-13T23:44:26.206+0000] {processor.py:914} INFO - Processing file /home/airflow/.local/lib/python3.12/site-packages/airflow/example_dags/example_setup_teardown.py for tasks to queue
[2024-11-13T23:44:26.207+0000] {logging_mixin.py:190} INFO - [2024-11-13T23:44:26.207+0000] {dagbag.py:588} INFO - Filling up the DagBag from /home/airflow/.local/lib/python3.12/site-packages/airflow/example_dags/example_setup_teardown.py
[2024-11-13T23:44:26.210+0000] {processor.py:925} INFO - DAG(s) 'example_setup_teardown' retrieved from /home/airflow/.local/lib/python3.12/site-packages/airflow/example_dags/example_setup_teardown.py
[2024-11-13T23:44:26.218+0000] {logging_mixin.py:190} INFO - [2024-11-13T23:44:26.218+0000] {dag.py:3239} INFO - Sync 1 DAGs
[2024-11-13T23:44:26.224+0000] {logging_mixin.py:190} INFO - [2024-11-13T23:44:26.224+0000] {dag.py:4180} INFO - Setting next_dagrun for example_setup_teardown to None, run_after=None
[2024-11-13T23:44:26.230+0000] {processor.py:208} INFO - Processing /home/airflow/.local/lib/python3.12/site-packages/airflow/example_dags/example_setup_teardown.py took 0.027 seconds
[2024-11-13T23:44:57.484+0000] {processor.py:186} INFO - Started process (PID=637) to work on /home/airflow/.local/lib/python3.12/site-packages/airflow/example_dags/example_setup_teardown.py
[2024-11-13T23:44:57.484+0000] {processor.py:914} INFO - Processing file /home/airflow/.local/lib/python3.12/site-packages/airflow/example_dags/example_setup_teardown.py for tasks to queue
[2024-11-13T23:44:57.485+0000] {logging_mixin.py:190} INFO - [2024-11-13T23:44:57.485+0000] {dagbag.py:588} INFO - Filling up the DagBag from /home/airflow/.local/lib/python3.12/site-packages/airflow/example_dags/example_setup_teardown.py
[2024-11-13T23:44:57.489+0000] {processor.py:925} INFO - DAG(s) 'example_setup_teardown' retrieved from /home/airflow/.local/lib/python3.12/site-packages/airflow/example_dags/example_setup_teardown.py
[2024-11-13T23:44:57.496+0000] {logging_mixin.py:190} INFO - [2024-11-13T23:44:57.496+0000] {dag.py:3239} INFO - Sync 1 DAGs
[2024-11-13T23:44:57.502+0000] {logging_mixin.py:190} INFO - [2024-11-13T23:44:57.501+0000] {dag.py:4180} INFO - Setting next_dagrun for example_setup_teardown to None, run_after=None
[2024-11-13T23:44:57.507+0000] {processor.py:208} INFO - Processing /home/airflow/.local/lib/python3.12/site-packages/airflow/example_dags/example_setup_teardown.py took 0.026 seconds
[2024-11-13T23:45:28.703+0000] {processor.py:186} INFO - Started process (PID=700) to work on /home/airflow/.local/lib/python3.12/site-packages/airflow/example_dags/example_setup_teardown.py
[2024-11-13T23:45:28.704+0000] {processor.py:914} INFO - Processing file /home/airflow/.local/lib/python3.12/site-packages/airflow/example_dags/example_setup_teardown.py for tasks to queue
[2024-11-13T23:45:28.705+0000] {logging_mixin.py:190} INFO - [2024-11-13T23:45:28.705+0000] {dagbag.py:588} INFO - Filling up the DagBag from /home/airflow/.local/lib/python3.12/site-packages/airflow/example_dags/example_setup_teardown.py
[2024-11-13T23:45:28.709+0000] {processor.py:925} INFO - DAG(s) 'example_setup_teardown' retrieved from /home/airflow/.local/lib/python3.12/site-packages/airflow/example_dags/example_setup_teardown.py
[2024-11-13T23:45:28.718+0000] {logging_mixin.py:190} INFO - [2024-11-13T23:45:28.718+0000] {dag.py:3239} INFO - Sync 1 DAGs
[2024-11-13T23:45:28.724+0000] {logging_mixin.py:190} INFO - [2024-11-13T23:45:28.724+0000] {dag.py:4180} INFO - Setting next_dagrun for example_setup_teardown to None, run_after=None
[2024-11-13T23:45:28.731+0000] {processor.py:208} INFO - Processing /home/airflow/.local/lib/python3.12/site-packages/airflow/example_dags/example_setup_teardown.py took 0.030 seconds
[2024-11-13T23:45:59.861+0000] {processor.py:186} INFO - Started process (PID=763) to work on /home/airflow/.local/lib/python3.12/site-packages/airflow/example_dags/example_setup_teardown.py
[2024-11-13T23:45:59.862+0000] {processor.py:914} INFO - Processing file /home/airflow/.local/lib/python3.12/site-packages/airflow/example_dags/example_setup_teardown.py for tasks to queue
[2024-11-13T23:45:59.863+0000] {logging_mixin.py:190} INFO - [2024-11-13T23:45:59.863+0000] {dagbag.py:588} INFO - Filling up the DagBag from /home/airflow/.local/lib/python3.12/site-packages/airflow/example_dags/example_setup_teardown.py
[2024-11-13T23:45:59.867+0000] {processor.py:925} INFO - DAG(s) 'example_setup_teardown' retrieved from /home/airflow/.local/lib/python3.12/site-packages/airflow/example_dags/example_setup_teardown.py
[2024-11-13T23:45:59.875+0000] {logging_mixin.py:190} INFO - [2024-11-13T23:45:59.875+0000] {dag.py:3239} INFO - Sync 1 DAGs
[2024-11-13T23:45:59.881+0000] {logging_mixin.py:190} INFO - [2024-11-13T23:45:59.880+0000] {dag.py:4180} INFO - Setting next_dagrun for example_setup_teardown to None, run_after=None
[2024-11-13T23:45:59.887+0000] {processor.py:208} INFO - Processing /home/airflow/.local/lib/python3.12/site-packages/airflow/example_dags/example_setup_teardown.py took 0.028 seconds
[2024-11-13T23:46:31.142+0000] {processor.py:186} INFO - Started process (PID=826) to work on /home/airflow/.local/lib/python3.12/site-packages/airflow/example_dags/example_setup_teardown.py
[2024-11-13T23:46:31.142+0000] {processor.py:914} INFO - Processing file /home/airflow/.local/lib/python3.12/site-packages/airflow/example_dags/example_setup_teardown.py for tasks to queue
[2024-11-13T23:46:31.143+0000] {logging_mixin.py:190} INFO - [2024-11-13T23:46:31.143+0000] {dagbag.py:588} INFO - Filling up the DagBag from /home/airflow/.local/lib/python3.12/site-packages/airflow/example_dags/example_setup_teardown.py
[2024-11-13T23:46:31.147+0000] {processor.py:925} INFO - DAG(s) 'example_setup_teardown' retrieved from /home/airflow/.local/lib/python3.12/site-packages/airflow/example_dags/example_setup_teardown.py
[2024-11-13T23:46:31.155+0000] {logging_mixin.py:190} INFO - [2024-11-13T23:46:31.155+0000] {dag.py:3239} INFO - Sync 1 DAGs
[2024-11-13T23:46:31.161+0000] {logging_mixin.py:190} INFO - [2024-11-13T23:46:31.161+0000] {dag.py:4180} INFO - Setting next_dagrun for example_setup_teardown to None, run_after=None
[2024-11-13T23:46:31.167+0000] {processor.py:208} INFO - Processing /home/airflow/.local/lib/python3.12/site-packages/airflow/example_dags/example_setup_teardown.py took 0.028 seconds
[2024-11-13T23:47:02.470+0000] {processor.py:186} INFO - Started process (PID=889) to work on /home/airflow/.local/lib/python3.12/site-packages/airflow/example_dags/example_setup_teardown.py
[2024-11-13T23:47:02.471+0000] {processor.py:914} INFO - Processing file /home/airflow/.local/lib/python3.12/site-packages/airflow/example_dags/example_setup_teardown.py for tasks to queue
[2024-11-13T23:47:02.472+0000] {logging_mixin.py:190} INFO - [2024-11-13T23:47:02.471+0000] {dagbag.py:588} INFO - Filling up the DagBag from /home/airflow/.local/lib/python3.12/site-packages/airflow/example_dags/example_setup_teardown.py
[2024-11-13T23:47:02.476+0000] {processor.py:925} INFO - DAG(s) 'example_setup_teardown' retrieved from /home/airflow/.local/lib/python3.12/site-packages/airflow/example_dags/example_setup_teardown.py
[2024-11-13T23:47:02.484+0000] {logging_mixin.py:190} INFO - [2024-11-13T23:47:02.484+0000] {dag.py:3239} INFO - Sync 1 DAGs
[2024-11-13T23:47:02.489+0000] {logging_mixin.py:190} INFO - [2024-11-13T23:47:02.489+0000] {dag.py:4180} INFO - Setting next_dagrun for example_setup_teardown to None, run_after=None
[2024-11-13T23:47:02.495+0000] {processor.py:208} INFO - Processing /home/airflow/.local/lib/python3.12/site-packages/airflow/example_dags/example_setup_teardown.py took 0.027 seconds
[2024-11-13T23:47:33.741+0000] {processor.py:186} INFO - Started process (PID=952) to work on /home/airflow/.local/lib/python3.12/site-packages/airflow/example_dags/example_setup_teardown.py
[2024-11-13T23:47:33.741+0000] {processor.py:914} INFO - Processing file /home/airflow/.local/lib/python3.12/site-packages/airflow/example_dags/example_setup_teardown.py for tasks to queue
[2024-11-13T23:47:33.742+0000] {logging_mixin.py:190} INFO - [2024-11-13T23:47:33.742+0000] {dagbag.py:588} INFO - Filling up the DagBag from /home/airflow/.local/lib/python3.12/site-packages/airflow/example_dags/example_setup_teardown.py
[2024-11-13T23:47:33.746+0000] {processor.py:925} INFO - DAG(s) 'example_setup_teardown' retrieved from /home/airflow/.local/lib/python3.12/site-packages/airflow/example_dags/example_setup_teardown.py
[2024-11-13T23:47:33.755+0000] {logging_mixin.py:190} INFO - [2024-11-13T23:47:33.755+0000] {dag.py:3239} INFO - Sync 1 DAGs
[2024-11-13T23:47:33.761+0000] {logging_mixin.py:190} INFO - [2024-11-13T23:47:33.760+0000] {dag.py:4180} INFO - Setting next_dagrun for example_setup_teardown to None, run_after=None
[2024-11-13T23:47:33.767+0000] {processor.py:208} INFO - Processing /home/airflow/.local/lib/python3.12/site-packages/airflow/example_dags/example_setup_teardown.py took 0.028 seconds
