[2024-11-13T21:28:27.439+0000] {processor.py:186} INFO - Started process (PID=55) to work on /home/airflow/.local/lib/python3.12/site-packages/airflow/example_dags/example_params_ui_tutorial.py
[2024-11-13T21:28:27.440+0000] {processor.py:914} INFO - Processing file /home/airflow/.local/lib/python3.12/site-packages/airflow/example_dags/example_params_ui_tutorial.py for tasks to queue
[2024-11-13T21:28:27.440+0000] {logging_mixin.py:190} INFO - [2024-11-13T21:28:27.440+0000] {dagbag.py:588} INFO - Filling up the DagBag from /home/airflow/.local/lib/python3.12/site-packages/airflow/example_dags/example_params_ui_tutorial.py
[2024-11-13T21:28:27.445+0000] {processor.py:925} INFO - DAG(s) 'example_params_ui_tutorial' retrieved from /home/airflow/.local/lib/python3.12/site-packages/airflow/example_dags/example_params_ui_tutorial.py
[2024-11-13T21:28:27.496+0000] {logging_mixin.py:190} INFO - [2024-11-13T21:28:27.496+0000] {override.py:1911} INFO - Created Permission View: can edit on DAG:example_params_ui_tutorial
[2024-11-13T21:28:27.499+0000] {logging_mixin.py:190} INFO - [2024-11-13T21:28:27.499+0000] {override.py:1911} INFO - Created Permission View: can read on DAG:example_params_ui_tutorial
[2024-11-13T21:28:27.501+0000] {logging_mixin.py:190} INFO - [2024-11-13T21:28:27.501+0000] {override.py:1911} INFO - Created Permission View: can delete on DAG:example_params_ui_tutorial
[2024-11-13T21:28:27.503+0000] {logging_mixin.py:190} INFO - [2024-11-13T21:28:27.503+0000] {override.py:1911} INFO - Created Permission View: can delete on DAG Run:example_params_ui_tutorial
[2024-11-13T21:28:27.505+0000] {logging_mixin.py:190} INFO - [2024-11-13T21:28:27.504+0000] {override.py:1911} INFO - Created Permission View: can read on DAG Run:example_params_ui_tutorial
[2024-11-13T21:28:27.506+0000] {logging_mixin.py:190} INFO - [2024-11-13T21:28:27.506+0000] {override.py:1911} INFO - Created Permission View: menu access on DAG Run:example_params_ui_tutorial
[2024-11-13T21:28:27.508+0000] {logging_mixin.py:190} INFO - [2024-11-13T21:28:27.508+0000] {override.py:1911} INFO - Created Permission View: can create on DAG Run:example_params_ui_tutorial
[2024-11-13T21:28:27.508+0000] {logging_mixin.py:190} INFO - [2024-11-13T21:28:27.508+0000] {dag.py:3239} INFO - Sync 1 DAGs
[2024-11-13T21:28:27.512+0000] {logging_mixin.py:190} INFO - [2024-11-13T21:28:27.512+0000] {dag.py:3262} INFO - Creating ORM DAG for example_params_ui_tutorial
[2024-11-13T21:28:27.512+0000] {logging_mixin.py:190} INFO - [2024-11-13T21:28:27.512+0000] {dag.py:4180} INFO - Setting next_dagrun for example_params_ui_tutorial to None, run_after=None
[2024-11-13T21:28:27.519+0000] {processor.py:208} INFO - Processing /home/airflow/.local/lib/python3.12/site-packages/airflow/example_dags/example_params_ui_tutorial.py took 0.082 seconds
[2024-11-13T21:28:57.871+0000] {processor.py:186} INFO - Started process (PID=117) to work on /home/airflow/.local/lib/python3.12/site-packages/airflow/example_dags/example_params_ui_tutorial.py
[2024-11-13T21:28:57.871+0000] {processor.py:914} INFO - Processing file /home/airflow/.local/lib/python3.12/site-packages/airflow/example_dags/example_params_ui_tutorial.py for tasks to queue
[2024-11-13T21:28:57.872+0000] {logging_mixin.py:190} INFO - [2024-11-13T21:28:57.872+0000] {dagbag.py:588} INFO - Filling up the DagBag from /home/airflow/.local/lib/python3.12/site-packages/airflow/example_dags/example_params_ui_tutorial.py
[2024-11-13T21:28:57.877+0000] {processor.py:925} INFO - DAG(s) 'example_params_ui_tutorial' retrieved from /home/airflow/.local/lib/python3.12/site-packages/airflow/example_dags/example_params_ui_tutorial.py
[2024-11-13T21:28:57.893+0000] {logging_mixin.py:190} INFO - [2024-11-13T21:28:57.893+0000] {dag.py:3239} INFO - Sync 1 DAGs
[2024-11-13T21:28:57.899+0000] {logging_mixin.py:190} INFO - [2024-11-13T21:28:57.898+0000] {dag.py:4180} INFO - Setting next_dagrun for example_params_ui_tutorial to None, run_after=None
[2024-11-13T21:28:57.905+0000] {processor.py:208} INFO - Processing /home/airflow/.local/lib/python3.12/site-packages/airflow/example_dags/example_params_ui_tutorial.py took 0.036 seconds
[2024-11-13T21:29:28.367+0000] {processor.py:186} INFO - Started process (PID=180) to work on /home/airflow/.local/lib/python3.12/site-packages/airflow/example_dags/example_params_ui_tutorial.py
[2024-11-13T21:29:28.367+0000] {processor.py:914} INFO - Processing file /home/airflow/.local/lib/python3.12/site-packages/airflow/example_dags/example_params_ui_tutorial.py for tasks to queue
[2024-11-13T21:29:28.368+0000] {logging_mixin.py:190} INFO - [2024-11-13T21:29:28.368+0000] {dagbag.py:588} INFO - Filling up the DagBag from /home/airflow/.local/lib/python3.12/site-packages/airflow/example_dags/example_params_ui_tutorial.py
[2024-11-13T21:29:28.372+0000] {processor.py:925} INFO - DAG(s) 'example_params_ui_tutorial' retrieved from /home/airflow/.local/lib/python3.12/site-packages/airflow/example_dags/example_params_ui_tutorial.py
[2024-11-13T21:29:28.386+0000] {logging_mixin.py:190} INFO - [2024-11-13T21:29:28.386+0000] {dag.py:3239} INFO - Sync 1 DAGs
[2024-11-13T21:29:28.392+0000] {logging_mixin.py:190} INFO - [2024-11-13T21:29:28.392+0000] {dag.py:4180} INFO - Setting next_dagrun for example_params_ui_tutorial to None, run_after=None
[2024-11-13T21:29:28.398+0000] {processor.py:208} INFO - Processing /home/airflow/.local/lib/python3.12/site-packages/airflow/example_dags/example_params_ui_tutorial.py took 0.033 seconds
[2024-11-13T21:29:58.512+0000] {processor.py:186} INFO - Started process (PID=241) to work on /home/airflow/.local/lib/python3.12/site-packages/airflow/example_dags/example_params_ui_tutorial.py
[2024-11-13T21:29:58.513+0000] {processor.py:914} INFO - Processing file /home/airflow/.local/lib/python3.12/site-packages/airflow/example_dags/example_params_ui_tutorial.py for tasks to queue
[2024-11-13T21:29:58.514+0000] {logging_mixin.py:190} INFO - [2024-11-13T21:29:58.514+0000] {dagbag.py:588} INFO - Filling up the DagBag from /home/airflow/.local/lib/python3.12/site-packages/airflow/example_dags/example_params_ui_tutorial.py
[2024-11-13T21:29:58.518+0000] {processor.py:925} INFO - DAG(s) 'example_params_ui_tutorial' retrieved from /home/airflow/.local/lib/python3.12/site-packages/airflow/example_dags/example_params_ui_tutorial.py
[2024-11-13T21:29:58.533+0000] {logging_mixin.py:190} INFO - [2024-11-13T21:29:58.533+0000] {dag.py:3239} INFO - Sync 1 DAGs
[2024-11-13T21:29:58.538+0000] {logging_mixin.py:190} INFO - [2024-11-13T21:29:58.538+0000] {dag.py:4180} INFO - Setting next_dagrun for example_params_ui_tutorial to None, run_after=None
[2024-11-13T21:29:58.545+0000] {processor.py:208} INFO - Processing /home/airflow/.local/lib/python3.12/site-packages/airflow/example_dags/example_params_ui_tutorial.py took 0.036 seconds
[2024-11-13T21:30:28.641+0000] {processor.py:186} INFO - Started process (PID=304) to work on /home/airflow/.local/lib/python3.12/site-packages/airflow/example_dags/example_params_ui_tutorial.py
[2024-11-13T21:30:28.641+0000] {processor.py:914} INFO - Processing file /home/airflow/.local/lib/python3.12/site-packages/airflow/example_dags/example_params_ui_tutorial.py for tasks to queue
[2024-11-13T21:30:28.642+0000] {logging_mixin.py:190} INFO - [2024-11-13T21:30:28.642+0000] {dagbag.py:588} INFO - Filling up the DagBag from /home/airflow/.local/lib/python3.12/site-packages/airflow/example_dags/example_params_ui_tutorial.py
[2024-11-13T21:30:28.646+0000] {processor.py:925} INFO - DAG(s) 'example_params_ui_tutorial' retrieved from /home/airflow/.local/lib/python3.12/site-packages/airflow/example_dags/example_params_ui_tutorial.py
[2024-11-13T21:30:28.662+0000] {logging_mixin.py:190} INFO - [2024-11-13T21:30:28.662+0000] {dag.py:3239} INFO - Sync 1 DAGs
[2024-11-13T21:30:28.667+0000] {logging_mixin.py:190} INFO - [2024-11-13T21:30:28.667+0000] {dag.py:4180} INFO - Setting next_dagrun for example_params_ui_tutorial to None, run_after=None
[2024-11-13T21:30:28.674+0000] {processor.py:208} INFO - Processing /home/airflow/.local/lib/python3.12/site-packages/airflow/example_dags/example_params_ui_tutorial.py took 0.036 seconds
[2024-11-13T21:35:01.478+0000] {processor.py:186} INFO - Started process (PID=57) to work on /home/airflow/.local/lib/python3.12/site-packages/airflow/example_dags/example_params_ui_tutorial.py
[2024-11-13T21:35:01.480+0000] {processor.py:914} INFO - Processing file /home/airflow/.local/lib/python3.12/site-packages/airflow/example_dags/example_params_ui_tutorial.py for tasks to queue
[2024-11-13T21:35:01.482+0000] {logging_mixin.py:190} INFO - [2024-11-13T21:35:01.481+0000] {dagbag.py:588} INFO - Filling up the DagBag from /home/airflow/.local/lib/python3.12/site-packages/airflow/example_dags/example_params_ui_tutorial.py
[2024-11-13T21:35:01.489+0000] {processor.py:925} INFO - DAG(s) 'example_params_ui_tutorial' retrieved from /home/airflow/.local/lib/python3.12/site-packages/airflow/example_dags/example_params_ui_tutorial.py
[2024-11-13T21:35:01.548+0000] {logging_mixin.py:190} INFO - [2024-11-13T21:35:01.548+0000] {override.py:1911} INFO - Created Permission View: can edit on DAG:example_params_ui_tutorial
[2024-11-13T21:35:01.552+0000] {logging_mixin.py:190} INFO - [2024-11-13T21:35:01.552+0000] {override.py:1911} INFO - Created Permission View: can delete on DAG:example_params_ui_tutorial
[2024-11-13T21:35:01.554+0000] {logging_mixin.py:190} INFO - [2024-11-13T21:35:01.554+0000] {override.py:1911} INFO - Created Permission View: can read on DAG:example_params_ui_tutorial
[2024-11-13T21:35:01.556+0000] {logging_mixin.py:190} INFO - [2024-11-13T21:35:01.556+0000] {override.py:1911} INFO - Created Permission View: can create on DAG Run:example_params_ui_tutorial
[2024-11-13T21:35:01.560+0000] {logging_mixin.py:190} INFO - [2024-11-13T21:35:01.560+0000] {override.py:1911} INFO - Created Permission View: can delete on DAG Run:example_params_ui_tutorial
[2024-11-13T21:35:01.563+0000] {logging_mixin.py:190} INFO - [2024-11-13T21:35:01.563+0000] {override.py:1911} INFO - Created Permission View: menu access on DAG Run:example_params_ui_tutorial
[2024-11-13T21:35:01.565+0000] {logging_mixin.py:190} INFO - [2024-11-13T21:35:01.565+0000] {override.py:1911} INFO - Created Permission View: can read on DAG Run:example_params_ui_tutorial
[2024-11-13T21:35:01.565+0000] {logging_mixin.py:190} INFO - [2024-11-13T21:35:01.565+0000] {dag.py:3239} INFO - Sync 1 DAGs
[2024-11-13T21:35:01.571+0000] {logging_mixin.py:190} INFO - [2024-11-13T21:35:01.571+0000] {dag.py:3262} INFO - Creating ORM DAG for example_params_ui_tutorial
[2024-11-13T21:35:01.571+0000] {logging_mixin.py:190} INFO - [2024-11-13T21:35:01.571+0000] {dag.py:4180} INFO - Setting next_dagrun for example_params_ui_tutorial to None, run_after=None
[2024-11-13T21:35:01.585+0000] {processor.py:208} INFO - Processing /home/airflow/.local/lib/python3.12/site-packages/airflow/example_dags/example_params_ui_tutorial.py took 0.111 seconds
[2024-11-13T21:35:32.314+0000] {processor.py:186} INFO - Started process (PID=120) to work on /home/airflow/.local/lib/python3.12/site-packages/airflow/example_dags/example_params_ui_tutorial.py
[2024-11-13T21:35:32.315+0000] {processor.py:914} INFO - Processing file /home/airflow/.local/lib/python3.12/site-packages/airflow/example_dags/example_params_ui_tutorial.py for tasks to queue
[2024-11-13T21:35:32.315+0000] {logging_mixin.py:190} INFO - [2024-11-13T21:35:32.315+0000] {dagbag.py:588} INFO - Filling up the DagBag from /home/airflow/.local/lib/python3.12/site-packages/airflow/example_dags/example_params_ui_tutorial.py
[2024-11-13T21:35:32.320+0000] {processor.py:925} INFO - DAG(s) 'example_params_ui_tutorial' retrieved from /home/airflow/.local/lib/python3.12/site-packages/airflow/example_dags/example_params_ui_tutorial.py
[2024-11-13T21:35:32.335+0000] {logging_mixin.py:190} INFO - [2024-11-13T21:35:32.335+0000] {dag.py:3239} INFO - Sync 1 DAGs
[2024-11-13T21:35:32.342+0000] {logging_mixin.py:190} INFO - [2024-11-13T21:35:32.342+0000] {dag.py:4180} INFO - Setting next_dagrun for example_params_ui_tutorial to None, run_after=None
[2024-11-13T21:35:32.349+0000] {processor.py:208} INFO - Processing /home/airflow/.local/lib/python3.12/site-packages/airflow/example_dags/example_params_ui_tutorial.py took 0.037 seconds
[2024-11-13T21:36:02.926+0000] {processor.py:186} INFO - Started process (PID=187) to work on /home/airflow/.local/lib/python3.12/site-packages/airflow/example_dags/example_params_ui_tutorial.py
[2024-11-13T21:36:02.926+0000] {processor.py:914} INFO - Processing file /home/airflow/.local/lib/python3.12/site-packages/airflow/example_dags/example_params_ui_tutorial.py for tasks to queue
[2024-11-13T21:36:02.927+0000] {logging_mixin.py:190} INFO - [2024-11-13T21:36:02.927+0000] {dagbag.py:588} INFO - Filling up the DagBag from /home/airflow/.local/lib/python3.12/site-packages/airflow/example_dags/example_params_ui_tutorial.py
[2024-11-13T21:36:02.931+0000] {processor.py:925} INFO - DAG(s) 'example_params_ui_tutorial' retrieved from /home/airflow/.local/lib/python3.12/site-packages/airflow/example_dags/example_params_ui_tutorial.py
[2024-11-13T21:36:02.947+0000] {logging_mixin.py:190} INFO - [2024-11-13T21:36:02.947+0000] {dag.py:3239} INFO - Sync 1 DAGs
[2024-11-13T21:36:02.953+0000] {logging_mixin.py:190} INFO - [2024-11-13T21:36:02.952+0000] {dag.py:4180} INFO - Setting next_dagrun for example_params_ui_tutorial to None, run_after=None
[2024-11-13T21:36:02.961+0000] {processor.py:208} INFO - Processing /home/airflow/.local/lib/python3.12/site-packages/airflow/example_dags/example_params_ui_tutorial.py took 0.038 seconds
[2024-11-13T21:36:33.406+0000] {processor.py:186} INFO - Started process (PID=250) to work on /home/airflow/.local/lib/python3.12/site-packages/airflow/example_dags/example_params_ui_tutorial.py
[2024-11-13T21:36:33.407+0000] {processor.py:914} INFO - Processing file /home/airflow/.local/lib/python3.12/site-packages/airflow/example_dags/example_params_ui_tutorial.py for tasks to queue
[2024-11-13T21:36:33.408+0000] {logging_mixin.py:190} INFO - [2024-11-13T21:36:33.408+0000] {dagbag.py:588} INFO - Filling up the DagBag from /home/airflow/.local/lib/python3.12/site-packages/airflow/example_dags/example_params_ui_tutorial.py
[2024-11-13T21:36:33.412+0000] {processor.py:925} INFO - DAG(s) 'example_params_ui_tutorial' retrieved from /home/airflow/.local/lib/python3.12/site-packages/airflow/example_dags/example_params_ui_tutorial.py
[2024-11-13T21:36:33.432+0000] {logging_mixin.py:190} INFO - [2024-11-13T21:36:33.431+0000] {dag.py:3239} INFO - Sync 1 DAGs
[2024-11-13T21:36:33.437+0000] {logging_mixin.py:190} INFO - [2024-11-13T21:36:33.437+0000] {dag.py:4180} INFO - Setting next_dagrun for example_params_ui_tutorial to None, run_after=None
[2024-11-13T21:36:33.444+0000] {processor.py:208} INFO - Processing /home/airflow/.local/lib/python3.12/site-packages/airflow/example_dags/example_params_ui_tutorial.py took 0.040 seconds
[2024-11-13T21:37:03.930+0000] {processor.py:186} INFO - Started process (PID=313) to work on /home/airflow/.local/lib/python3.12/site-packages/airflow/example_dags/example_params_ui_tutorial.py
[2024-11-13T21:37:03.933+0000] {processor.py:914} INFO - Processing file /home/airflow/.local/lib/python3.12/site-packages/airflow/example_dags/example_params_ui_tutorial.py for tasks to queue
[2024-11-13T21:37:03.934+0000] {logging_mixin.py:190} INFO - [2024-11-13T21:37:03.934+0000] {dagbag.py:588} INFO - Filling up the DagBag from /home/airflow/.local/lib/python3.12/site-packages/airflow/example_dags/example_params_ui_tutorial.py
[2024-11-13T21:37:03.938+0000] {processor.py:925} INFO - DAG(s) 'example_params_ui_tutorial' retrieved from /home/airflow/.local/lib/python3.12/site-packages/airflow/example_dags/example_params_ui_tutorial.py
[2024-11-13T21:37:03.954+0000] {logging_mixin.py:190} INFO - [2024-11-13T21:37:03.954+0000] {dag.py:3239} INFO - Sync 1 DAGs
[2024-11-13T21:37:03.960+0000] {logging_mixin.py:190} INFO - [2024-11-13T21:37:03.960+0000] {dag.py:4180} INFO - Setting next_dagrun for example_params_ui_tutorial to None, run_after=None
[2024-11-13T21:37:03.971+0000] {processor.py:208} INFO - Processing /home/airflow/.local/lib/python3.12/site-packages/airflow/example_dags/example_params_ui_tutorial.py took 0.043 seconds
[2024-11-13T21:37:34.345+0000] {processor.py:186} INFO - Started process (PID=382) to work on /home/airflow/.local/lib/python3.12/site-packages/airflow/example_dags/example_params_ui_tutorial.py
[2024-11-13T21:37:34.346+0000] {processor.py:914} INFO - Processing file /home/airflow/.local/lib/python3.12/site-packages/airflow/example_dags/example_params_ui_tutorial.py for tasks to queue
[2024-11-13T21:37:34.347+0000] {logging_mixin.py:190} INFO - [2024-11-13T21:37:34.347+0000] {dagbag.py:588} INFO - Filling up the DagBag from /home/airflow/.local/lib/python3.12/site-packages/airflow/example_dags/example_params_ui_tutorial.py
[2024-11-13T21:37:34.351+0000] {processor.py:925} INFO - DAG(s) 'example_params_ui_tutorial' retrieved from /home/airflow/.local/lib/python3.12/site-packages/airflow/example_dags/example_params_ui_tutorial.py
[2024-11-13T21:37:34.370+0000] {logging_mixin.py:190} INFO - [2024-11-13T21:37:34.369+0000] {dag.py:3239} INFO - Sync 1 DAGs
[2024-11-13T21:37:34.377+0000] {logging_mixin.py:190} INFO - [2024-11-13T21:37:34.377+0000] {dag.py:4180} INFO - Setting next_dagrun for example_params_ui_tutorial to None, run_after=None
[2024-11-13T21:37:34.386+0000] {processor.py:208} INFO - Processing /home/airflow/.local/lib/python3.12/site-packages/airflow/example_dags/example_params_ui_tutorial.py took 0.044 seconds
[2024-11-13T21:38:04.760+0000] {processor.py:186} INFO - Started process (PID=445) to work on /home/airflow/.local/lib/python3.12/site-packages/airflow/example_dags/example_params_ui_tutorial.py
[2024-11-13T21:38:04.763+0000] {processor.py:914} INFO - Processing file /home/airflow/.local/lib/python3.12/site-packages/airflow/example_dags/example_params_ui_tutorial.py for tasks to queue
[2024-11-13T21:38:04.764+0000] {logging_mixin.py:190} INFO - [2024-11-13T21:38:04.764+0000] {dagbag.py:588} INFO - Filling up the DagBag from /home/airflow/.local/lib/python3.12/site-packages/airflow/example_dags/example_params_ui_tutorial.py
[2024-11-13T21:38:04.769+0000] {processor.py:925} INFO - DAG(s) 'example_params_ui_tutorial' retrieved from /home/airflow/.local/lib/python3.12/site-packages/airflow/example_dags/example_params_ui_tutorial.py
[2024-11-13T21:38:04.787+0000] {logging_mixin.py:190} INFO - [2024-11-13T21:38:04.787+0000] {dag.py:3239} INFO - Sync 1 DAGs
[2024-11-13T21:38:04.792+0000] {logging_mixin.py:190} INFO - [2024-11-13T21:38:04.792+0000] {dag.py:4180} INFO - Setting next_dagrun for example_params_ui_tutorial to None, run_after=None
[2024-11-13T21:38:04.804+0000] {processor.py:208} INFO - Processing /home/airflow/.local/lib/python3.12/site-packages/airflow/example_dags/example_params_ui_tutorial.py took 0.047 seconds
[2024-11-13T23:40:19.103+0000] {processor.py:186} INFO - Started process (PID=50) to work on /home/airflow/.local/lib/python3.12/site-packages/airflow/example_dags/example_params_ui_tutorial.py
[2024-11-13T23:40:19.103+0000] {processor.py:914} INFO - Processing file /home/airflow/.local/lib/python3.12/site-packages/airflow/example_dags/example_params_ui_tutorial.py for tasks to queue
[2024-11-13T23:40:19.104+0000] {logging_mixin.py:190} INFO - [2024-11-13T23:40:19.104+0000] {dagbag.py:588} INFO - Filling up the DagBag from /home/airflow/.local/lib/python3.12/site-packages/airflow/example_dags/example_params_ui_tutorial.py
[2024-11-13T23:40:19.109+0000] {processor.py:925} INFO - DAG(s) 'example_params_ui_tutorial' retrieved from /home/airflow/.local/lib/python3.12/site-packages/airflow/example_dags/example_params_ui_tutorial.py
[2024-11-13T23:40:19.153+0000] {logging_mixin.py:190} INFO - [2024-11-13T23:40:19.153+0000] {override.py:1911} INFO - Created Permission View: can edit on DAG:example_params_ui_tutorial
[2024-11-13T23:40:19.156+0000] {logging_mixin.py:190} INFO - [2024-11-13T23:40:19.156+0000] {override.py:1911} INFO - Created Permission View: can delete on DAG:example_params_ui_tutorial
[2024-11-13T23:40:19.157+0000] {logging_mixin.py:190} INFO - [2024-11-13T23:40:19.157+0000] {override.py:1911} INFO - Created Permission View: can read on DAG:example_params_ui_tutorial
[2024-11-13T23:40:19.159+0000] {logging_mixin.py:190} INFO - [2024-11-13T23:40:19.159+0000] {override.py:1911} INFO - Created Permission View: can delete on DAG Run:example_params_ui_tutorial
[2024-11-13T23:40:19.161+0000] {logging_mixin.py:190} INFO - [2024-11-13T23:40:19.161+0000] {override.py:1911} INFO - Created Permission View: menu access on DAG Run:example_params_ui_tutorial
[2024-11-13T23:40:19.162+0000] {logging_mixin.py:190} INFO - [2024-11-13T23:40:19.162+0000] {override.py:1911} INFO - Created Permission View: can read on DAG Run:example_params_ui_tutorial
[2024-11-13T23:40:19.164+0000] {logging_mixin.py:190} INFO - [2024-11-13T23:40:19.164+0000] {override.py:1911} INFO - Created Permission View: can create on DAG Run:example_params_ui_tutorial
[2024-11-13T23:40:19.164+0000] {logging_mixin.py:190} INFO - [2024-11-13T23:40:19.164+0000] {dag.py:3239} INFO - Sync 1 DAGs
[2024-11-13T23:40:19.168+0000] {logging_mixin.py:190} INFO - [2024-11-13T23:40:19.168+0000] {dag.py:3262} INFO - Creating ORM DAG for example_params_ui_tutorial
[2024-11-13T23:40:19.168+0000] {logging_mixin.py:190} INFO - [2024-11-13T23:40:19.168+0000] {dag.py:4180} INFO - Setting next_dagrun for example_params_ui_tutorial to None, run_after=None
[2024-11-13T23:40:19.174+0000] {processor.py:208} INFO - Processing /home/airflow/.local/lib/python3.12/site-packages/airflow/example_dags/example_params_ui_tutorial.py took 0.073 seconds
[2024-11-13T23:40:49.371+0000] {processor.py:186} INFO - Started process (PID=113) to work on /home/airflow/.local/lib/python3.12/site-packages/airflow/example_dags/example_params_ui_tutorial.py
[2024-11-13T23:40:49.373+0000] {processor.py:914} INFO - Processing file /home/airflow/.local/lib/python3.12/site-packages/airflow/example_dags/example_params_ui_tutorial.py for tasks to queue
[2024-11-13T23:40:49.374+0000] {logging_mixin.py:190} INFO - [2024-11-13T23:40:49.374+0000] {dagbag.py:588} INFO - Filling up the DagBag from /home/airflow/.local/lib/python3.12/site-packages/airflow/example_dags/example_params_ui_tutorial.py
[2024-11-13T23:40:49.378+0000] {processor.py:925} INFO - DAG(s) 'example_params_ui_tutorial' retrieved from /home/airflow/.local/lib/python3.12/site-packages/airflow/example_dags/example_params_ui_tutorial.py
[2024-11-13T23:40:49.395+0000] {logging_mixin.py:190} INFO - [2024-11-13T23:40:49.394+0000] {dag.py:3239} INFO - Sync 1 DAGs
[2024-11-13T23:40:49.401+0000] {logging_mixin.py:190} INFO - [2024-11-13T23:40:49.400+0000] {dag.py:4180} INFO - Setting next_dagrun for example_params_ui_tutorial to None, run_after=None
[2024-11-13T23:40:49.407+0000] {processor.py:208} INFO - Processing /home/airflow/.local/lib/python3.12/site-packages/airflow/example_dags/example_params_ui_tutorial.py took 0.038 seconds
[2024-11-13T23:41:20.693+0000] {processor.py:186} INFO - Started process (PID=175) to work on /home/airflow/.local/lib/python3.12/site-packages/airflow/example_dags/example_params_ui_tutorial.py
[2024-11-13T23:41:20.694+0000] {processor.py:914} INFO - Processing file /home/airflow/.local/lib/python3.12/site-packages/airflow/example_dags/example_params_ui_tutorial.py for tasks to queue
[2024-11-13T23:41:20.694+0000] {logging_mixin.py:190} INFO - [2024-11-13T23:41:20.694+0000] {dagbag.py:588} INFO - Filling up the DagBag from /home/airflow/.local/lib/python3.12/site-packages/airflow/example_dags/example_params_ui_tutorial.py
[2024-11-13T23:41:20.698+0000] {processor.py:925} INFO - DAG(s) 'example_params_ui_tutorial' retrieved from /home/airflow/.local/lib/python3.12/site-packages/airflow/example_dags/example_params_ui_tutorial.py
[2024-11-13T23:41:20.716+0000] {logging_mixin.py:190} INFO - [2024-11-13T23:41:20.716+0000] {dag.py:3239} INFO - Sync 1 DAGs
[2024-11-13T23:41:20.724+0000] {logging_mixin.py:190} INFO - [2024-11-13T23:41:20.724+0000] {dag.py:4180} INFO - Setting next_dagrun for example_params_ui_tutorial to None, run_after=None
[2024-11-13T23:41:20.732+0000] {processor.py:208} INFO - Processing /home/airflow/.local/lib/python3.12/site-packages/airflow/example_dags/example_params_ui_tutorial.py took 0.042 seconds
[2024-11-13T23:41:51.117+0000] {processor.py:186} INFO - Started process (PID=238) to work on /home/airflow/.local/lib/python3.12/site-packages/airflow/example_dags/example_params_ui_tutorial.py
[2024-11-13T23:41:51.117+0000] {processor.py:914} INFO - Processing file /home/airflow/.local/lib/python3.12/site-packages/airflow/example_dags/example_params_ui_tutorial.py for tasks to queue
[2024-11-13T23:41:51.118+0000] {logging_mixin.py:190} INFO - [2024-11-13T23:41:51.118+0000] {dagbag.py:588} INFO - Filling up the DagBag from /home/airflow/.local/lib/python3.12/site-packages/airflow/example_dags/example_params_ui_tutorial.py
[2024-11-13T23:41:51.122+0000] {processor.py:925} INFO - DAG(s) 'example_params_ui_tutorial' retrieved from /home/airflow/.local/lib/python3.12/site-packages/airflow/example_dags/example_params_ui_tutorial.py
[2024-11-13T23:41:51.139+0000] {logging_mixin.py:190} INFO - [2024-11-13T23:41:51.139+0000] {dag.py:3239} INFO - Sync 1 DAGs
[2024-11-13T23:41:51.144+0000] {logging_mixin.py:190} INFO - [2024-11-13T23:41:51.144+0000] {dag.py:4180} INFO - Setting next_dagrun for example_params_ui_tutorial to None, run_after=None
[2024-11-13T23:41:51.153+0000] {processor.py:208} INFO - Processing /home/airflow/.local/lib/python3.12/site-packages/airflow/example_dags/example_params_ui_tutorial.py took 0.038 seconds
[2024-11-13T23:42:21.601+0000] {processor.py:186} INFO - Started process (PID=307) to work on /home/airflow/.local/lib/python3.12/site-packages/airflow/example_dags/example_params_ui_tutorial.py
[2024-11-13T23:42:21.602+0000] {processor.py:914} INFO - Processing file /home/airflow/.local/lib/python3.12/site-packages/airflow/example_dags/example_params_ui_tutorial.py for tasks to queue
[2024-11-13T23:42:21.604+0000] {logging_mixin.py:190} INFO - [2024-11-13T23:42:21.604+0000] {dagbag.py:588} INFO - Filling up the DagBag from /home/airflow/.local/lib/python3.12/site-packages/airflow/example_dags/example_params_ui_tutorial.py
[2024-11-13T23:42:21.609+0000] {processor.py:925} INFO - DAG(s) 'example_params_ui_tutorial' retrieved from /home/airflow/.local/lib/python3.12/site-packages/airflow/example_dags/example_params_ui_tutorial.py
[2024-11-13T23:42:21.633+0000] {logging_mixin.py:190} INFO - [2024-11-13T23:42:21.632+0000] {dag.py:3239} INFO - Sync 1 DAGs
[2024-11-13T23:42:21.641+0000] {logging_mixin.py:190} INFO - [2024-11-13T23:42:21.640+0000] {dag.py:4180} INFO - Setting next_dagrun for example_params_ui_tutorial to None, run_after=None
[2024-11-13T23:42:21.654+0000] {processor.py:208} INFO - Processing /home/airflow/.local/lib/python3.12/site-packages/airflow/example_dags/example_params_ui_tutorial.py took 0.057 seconds
[2024-11-13T23:42:51.970+0000] {processor.py:186} INFO - Started process (PID=370) to work on /home/airflow/.local/lib/python3.12/site-packages/airflow/example_dags/example_params_ui_tutorial.py
[2024-11-13T23:42:51.970+0000] {processor.py:914} INFO - Processing file /home/airflow/.local/lib/python3.12/site-packages/airflow/example_dags/example_params_ui_tutorial.py for tasks to queue
[2024-11-13T23:42:51.971+0000] {logging_mixin.py:190} INFO - [2024-11-13T23:42:51.971+0000] {dagbag.py:588} INFO - Filling up the DagBag from /home/airflow/.local/lib/python3.12/site-packages/airflow/example_dags/example_params_ui_tutorial.py
[2024-11-13T23:42:51.975+0000] {processor.py:925} INFO - DAG(s) 'example_params_ui_tutorial' retrieved from /home/airflow/.local/lib/python3.12/site-packages/airflow/example_dags/example_params_ui_tutorial.py
[2024-11-13T23:42:51.992+0000] {logging_mixin.py:190} INFO - [2024-11-13T23:42:51.992+0000] {dag.py:3239} INFO - Sync 1 DAGs
[2024-11-13T23:42:51.998+0000] {logging_mixin.py:190} INFO - [2024-11-13T23:42:51.998+0000] {dag.py:4180} INFO - Setting next_dagrun for example_params_ui_tutorial to None, run_after=None
[2024-11-13T23:42:52.007+0000] {processor.py:208} INFO - Processing /home/airflow/.local/lib/python3.12/site-packages/airflow/example_dags/example_params_ui_tutorial.py took 0.040 seconds
[2024-11-13T23:43:23.303+0000] {processor.py:186} INFO - Started process (PID=433) to work on /home/airflow/.local/lib/python3.12/site-packages/airflow/example_dags/example_params_ui_tutorial.py
[2024-11-13T23:43:23.303+0000] {processor.py:914} INFO - Processing file /home/airflow/.local/lib/python3.12/site-packages/airflow/example_dags/example_params_ui_tutorial.py for tasks to queue
[2024-11-13T23:43:23.304+0000] {logging_mixin.py:190} INFO - [2024-11-13T23:43:23.304+0000] {dagbag.py:588} INFO - Filling up the DagBag from /home/airflow/.local/lib/python3.12/site-packages/airflow/example_dags/example_params_ui_tutorial.py
[2024-11-13T23:43:23.308+0000] {processor.py:925} INFO - DAG(s) 'example_params_ui_tutorial' retrieved from /home/airflow/.local/lib/python3.12/site-packages/airflow/example_dags/example_params_ui_tutorial.py
[2024-11-13T23:43:23.325+0000] {logging_mixin.py:190} INFO - [2024-11-13T23:43:23.325+0000] {dag.py:3239} INFO - Sync 1 DAGs
[2024-11-13T23:43:23.332+0000] {logging_mixin.py:190} INFO - [2024-11-13T23:43:23.332+0000] {dag.py:4180} INFO - Setting next_dagrun for example_params_ui_tutorial to None, run_after=None
[2024-11-13T23:43:23.341+0000] {processor.py:208} INFO - Processing /home/airflow/.local/lib/python3.12/site-packages/airflow/example_dags/example_params_ui_tutorial.py took 0.041 seconds
[2024-11-13T23:43:54.518+0000] {processor.py:186} INFO - Started process (PID=496) to work on /home/airflow/.local/lib/python3.12/site-packages/airflow/example_dags/example_params_ui_tutorial.py
[2024-11-13T23:43:54.520+0000] {processor.py:914} INFO - Processing file /home/airflow/.local/lib/python3.12/site-packages/airflow/example_dags/example_params_ui_tutorial.py for tasks to queue
[2024-11-13T23:43:54.521+0000] {logging_mixin.py:190} INFO - [2024-11-13T23:43:54.521+0000] {dagbag.py:588} INFO - Filling up the DagBag from /home/airflow/.local/lib/python3.12/site-packages/airflow/example_dags/example_params_ui_tutorial.py
[2024-11-13T23:43:54.525+0000] {processor.py:925} INFO - DAG(s) 'example_params_ui_tutorial' retrieved from /home/airflow/.local/lib/python3.12/site-packages/airflow/example_dags/example_params_ui_tutorial.py
[2024-11-13T23:43:54.539+0000] {logging_mixin.py:190} INFO - [2024-11-13T23:43:54.539+0000] {dag.py:3239} INFO - Sync 1 DAGs
[2024-11-13T23:43:54.545+0000] {logging_mixin.py:190} INFO - [2024-11-13T23:43:54.544+0000] {dag.py:4180} INFO - Setting next_dagrun for example_params_ui_tutorial to None, run_after=None
[2024-11-13T23:43:54.552+0000] {processor.py:208} INFO - Processing /home/airflow/.local/lib/python3.12/site-packages/airflow/example_dags/example_params_ui_tutorial.py took 0.036 seconds
[2024-11-13T23:44:25.824+0000] {processor.py:186} INFO - Started process (PID=559) to work on /home/airflow/.local/lib/python3.12/site-packages/airflow/example_dags/example_params_ui_tutorial.py
[2024-11-13T23:44:25.825+0000] {processor.py:914} INFO - Processing file /home/airflow/.local/lib/python3.12/site-packages/airflow/example_dags/example_params_ui_tutorial.py for tasks to queue
[2024-11-13T23:44:25.827+0000] {logging_mixin.py:190} INFO - [2024-11-13T23:44:25.827+0000] {dagbag.py:588} INFO - Filling up the DagBag from /home/airflow/.local/lib/python3.12/site-packages/airflow/example_dags/example_params_ui_tutorial.py
[2024-11-13T23:44:25.832+0000] {processor.py:925} INFO - DAG(s) 'example_params_ui_tutorial' retrieved from /home/airflow/.local/lib/python3.12/site-packages/airflow/example_dags/example_params_ui_tutorial.py
[2024-11-13T23:44:25.849+0000] {logging_mixin.py:190} INFO - [2024-11-13T23:44:25.849+0000] {dag.py:3239} INFO - Sync 1 DAGs
[2024-11-13T23:44:25.854+0000] {logging_mixin.py:190} INFO - [2024-11-13T23:44:25.854+0000] {dag.py:4180} INFO - Setting next_dagrun for example_params_ui_tutorial to None, run_after=None
[2024-11-13T23:44:25.861+0000] {processor.py:208} INFO - Processing /home/airflow/.local/lib/python3.12/site-packages/airflow/example_dags/example_params_ui_tutorial.py took 0.039 seconds
[2024-11-13T23:44:57.110+0000] {processor.py:186} INFO - Started process (PID=622) to work on /home/airflow/.local/lib/python3.12/site-packages/airflow/example_dags/example_params_ui_tutorial.py
[2024-11-13T23:44:57.110+0000] {processor.py:914} INFO - Processing file /home/airflow/.local/lib/python3.12/site-packages/airflow/example_dags/example_params_ui_tutorial.py for tasks to queue
[2024-11-13T23:44:57.111+0000] {logging_mixin.py:190} INFO - [2024-11-13T23:44:57.111+0000] {dagbag.py:588} INFO - Filling up the DagBag from /home/airflow/.local/lib/python3.12/site-packages/airflow/example_dags/example_params_ui_tutorial.py
[2024-11-13T23:44:57.115+0000] {processor.py:925} INFO - DAG(s) 'example_params_ui_tutorial' retrieved from /home/airflow/.local/lib/python3.12/site-packages/airflow/example_dags/example_params_ui_tutorial.py
[2024-11-13T23:44:57.130+0000] {logging_mixin.py:190} INFO - [2024-11-13T23:44:57.130+0000] {dag.py:3239} INFO - Sync 1 DAGs
[2024-11-13T23:44:57.136+0000] {logging_mixin.py:190} INFO - [2024-11-13T23:44:57.136+0000] {dag.py:4180} INFO - Setting next_dagrun for example_params_ui_tutorial to None, run_after=None
[2024-11-13T23:44:57.146+0000] {processor.py:208} INFO - Processing /home/airflow/.local/lib/python3.12/site-packages/airflow/example_dags/example_params_ui_tutorial.py took 0.039 seconds
[2024-11-13T23:45:28.334+0000] {processor.py:186} INFO - Started process (PID=685) to work on /home/airflow/.local/lib/python3.12/site-packages/airflow/example_dags/example_params_ui_tutorial.py
[2024-11-13T23:45:28.335+0000] {processor.py:914} INFO - Processing file /home/airflow/.local/lib/python3.12/site-packages/airflow/example_dags/example_params_ui_tutorial.py for tasks to queue
[2024-11-13T23:45:28.337+0000] {logging_mixin.py:190} INFO - [2024-11-13T23:45:28.337+0000] {dagbag.py:588} INFO - Filling up the DagBag from /home/airflow/.local/lib/python3.12/site-packages/airflow/example_dags/example_params_ui_tutorial.py
[2024-11-13T23:45:28.341+0000] {processor.py:925} INFO - DAG(s) 'example_params_ui_tutorial' retrieved from /home/airflow/.local/lib/python3.12/site-packages/airflow/example_dags/example_params_ui_tutorial.py
[2024-11-13T23:45:28.357+0000] {logging_mixin.py:190} INFO - [2024-11-13T23:45:28.357+0000] {dag.py:3239} INFO - Sync 1 DAGs
[2024-11-13T23:45:28.363+0000] {logging_mixin.py:190} INFO - [2024-11-13T23:45:28.363+0000] {dag.py:4180} INFO - Setting next_dagrun for example_params_ui_tutorial to None, run_after=None
[2024-11-13T23:45:28.369+0000] {processor.py:208} INFO - Processing /home/airflow/.local/lib/python3.12/site-packages/airflow/example_dags/example_params_ui_tutorial.py took 0.038 seconds
[2024-11-13T23:45:59.487+0000] {processor.py:186} INFO - Started process (PID=748) to work on /home/airflow/.local/lib/python3.12/site-packages/airflow/example_dags/example_params_ui_tutorial.py
[2024-11-13T23:45:59.488+0000] {processor.py:914} INFO - Processing file /home/airflow/.local/lib/python3.12/site-packages/airflow/example_dags/example_params_ui_tutorial.py for tasks to queue
[2024-11-13T23:45:59.489+0000] {logging_mixin.py:190} INFO - [2024-11-13T23:45:59.489+0000] {dagbag.py:588} INFO - Filling up the DagBag from /home/airflow/.local/lib/python3.12/site-packages/airflow/example_dags/example_params_ui_tutorial.py
[2024-11-13T23:45:59.493+0000] {processor.py:925} INFO - DAG(s) 'example_params_ui_tutorial' retrieved from /home/airflow/.local/lib/python3.12/site-packages/airflow/example_dags/example_params_ui_tutorial.py
[2024-11-13T23:45:59.509+0000] {logging_mixin.py:190} INFO - [2024-11-13T23:45:59.509+0000] {dag.py:3239} INFO - Sync 1 DAGs
[2024-11-13T23:45:59.515+0000] {logging_mixin.py:190} INFO - [2024-11-13T23:45:59.515+0000] {dag.py:4180} INFO - Setting next_dagrun for example_params_ui_tutorial to None, run_after=None
[2024-11-13T23:45:59.521+0000] {processor.py:208} INFO - Processing /home/airflow/.local/lib/python3.12/site-packages/airflow/example_dags/example_params_ui_tutorial.py took 0.036 seconds
[2024-11-13T23:46:30.760+0000] {processor.py:186} INFO - Started process (PID=811) to work on /home/airflow/.local/lib/python3.12/site-packages/airflow/example_dags/example_params_ui_tutorial.py
[2024-11-13T23:46:30.760+0000] {processor.py:914} INFO - Processing file /home/airflow/.local/lib/python3.12/site-packages/airflow/example_dags/example_params_ui_tutorial.py for tasks to queue
[2024-11-13T23:46:30.761+0000] {logging_mixin.py:190} INFO - [2024-11-13T23:46:30.761+0000] {dagbag.py:588} INFO - Filling up the DagBag from /home/airflow/.local/lib/python3.12/site-packages/airflow/example_dags/example_params_ui_tutorial.py
[2024-11-13T23:46:30.766+0000] {processor.py:925} INFO - DAG(s) 'example_params_ui_tutorial' retrieved from /home/airflow/.local/lib/python3.12/site-packages/airflow/example_dags/example_params_ui_tutorial.py
[2024-11-13T23:46:30.782+0000] {logging_mixin.py:190} INFO - [2024-11-13T23:46:30.782+0000] {dag.py:3239} INFO - Sync 1 DAGs
[2024-11-13T23:46:30.788+0000] {logging_mixin.py:190} INFO - [2024-11-13T23:46:30.788+0000] {dag.py:4180} INFO - Setting next_dagrun for example_params_ui_tutorial to None, run_after=None
[2024-11-13T23:46:30.796+0000] {processor.py:208} INFO - Processing /home/airflow/.local/lib/python3.12/site-packages/airflow/example_dags/example_params_ui_tutorial.py took 0.039 seconds
[2024-11-13T23:47:02.088+0000] {processor.py:186} INFO - Started process (PID=874) to work on /home/airflow/.local/lib/python3.12/site-packages/airflow/example_dags/example_params_ui_tutorial.py
[2024-11-13T23:47:02.090+0000] {processor.py:914} INFO - Processing file /home/airflow/.local/lib/python3.12/site-packages/airflow/example_dags/example_params_ui_tutorial.py for tasks to queue
[2024-11-13T23:47:02.091+0000] {logging_mixin.py:190} INFO - [2024-11-13T23:47:02.091+0000] {dagbag.py:588} INFO - Filling up the DagBag from /home/airflow/.local/lib/python3.12/site-packages/airflow/example_dags/example_params_ui_tutorial.py
[2024-11-13T23:47:02.095+0000] {processor.py:925} INFO - DAG(s) 'example_params_ui_tutorial' retrieved from /home/airflow/.local/lib/python3.12/site-packages/airflow/example_dags/example_params_ui_tutorial.py
[2024-11-13T23:47:02.112+0000] {logging_mixin.py:190} INFO - [2024-11-13T23:47:02.111+0000] {dag.py:3239} INFO - Sync 1 DAGs
[2024-11-13T23:47:02.117+0000] {logging_mixin.py:190} INFO - [2024-11-13T23:47:02.117+0000] {dag.py:4180} INFO - Setting next_dagrun for example_params_ui_tutorial to None, run_after=None
[2024-11-13T23:47:02.126+0000] {processor.py:208} INFO - Processing /home/airflow/.local/lib/python3.12/site-packages/airflow/example_dags/example_params_ui_tutorial.py took 0.041 seconds
[2024-11-13T23:47:33.366+0000] {processor.py:186} INFO - Started process (PID=937) to work on /home/airflow/.local/lib/python3.12/site-packages/airflow/example_dags/example_params_ui_tutorial.py
[2024-11-13T23:47:33.366+0000] {processor.py:914} INFO - Processing file /home/airflow/.local/lib/python3.12/site-packages/airflow/example_dags/example_params_ui_tutorial.py for tasks to queue
[2024-11-13T23:47:33.367+0000] {logging_mixin.py:190} INFO - [2024-11-13T23:47:33.367+0000] {dagbag.py:588} INFO - Filling up the DagBag from /home/airflow/.local/lib/python3.12/site-packages/airflow/example_dags/example_params_ui_tutorial.py
[2024-11-13T23:47:33.371+0000] {processor.py:925} INFO - DAG(s) 'example_params_ui_tutorial' retrieved from /home/airflow/.local/lib/python3.12/site-packages/airflow/example_dags/example_params_ui_tutorial.py
[2024-11-13T23:47:33.388+0000] {logging_mixin.py:190} INFO - [2024-11-13T23:47:33.388+0000] {dag.py:3239} INFO - Sync 1 DAGs
[2024-11-13T23:47:33.396+0000] {logging_mixin.py:190} INFO - [2024-11-13T23:47:33.395+0000] {dag.py:4180} INFO - Setting next_dagrun for example_params_ui_tutorial to None, run_after=None
[2024-11-13T23:47:33.407+0000] {processor.py:208} INFO - Processing /home/airflow/.local/lib/python3.12/site-packages/airflow/example_dags/example_params_ui_tutorial.py took 0.044 seconds
