[2024-11-13T21:28:29.705+0000] {processor.py:186} INFO - Started process (PID=89) to work on /home/airflow/.local/lib/python3.12/site-packages/airflow/example_dags/example_sla_dag.py
[2024-11-13T21:28:29.705+0000] {processor.py:914} INFO - Processing file /home/airflow/.local/lib/python3.12/site-packages/airflow/example_dags/example_sla_dag.py for tasks to queue
[2024-11-13T21:28:29.706+0000] {logging_mixin.py:190} INFO - [2024-11-13T21:28:29.706+0000] {dagbag.py:588} INFO - Filling up the DagBag from /home/airflow/.local/lib/python3.12/site-packages/airflow/example_dags/example_sla_dag.py
[2024-11-13T21:28:29.712+0000] {processor.py:925} INFO - DAG(s) 'example_sla_dag' retrieved from /home/airflow/.local/lib/python3.12/site-packages/airflow/example_dags/example_sla_dag.py
[2024-11-13T21:28:29.764+0000] {logging_mixin.py:190} INFO - [2024-11-13T21:28:29.764+0000] {override.py:1911} INFO - Created Permission View: can edit on DAG:example_sla_dag
[2024-11-13T21:28:29.768+0000] {logging_mixin.py:190} INFO - [2024-11-13T21:28:29.768+0000] {override.py:1911} INFO - Created Permission View: can read on DAG:example_sla_dag
[2024-11-13T21:28:29.770+0000] {logging_mixin.py:190} INFO - [2024-11-13T21:28:29.769+0000] {override.py:1911} INFO - Created Permission View: can delete on DAG:example_sla_dag
[2024-11-13T21:28:29.772+0000] {logging_mixin.py:190} INFO - [2024-11-13T21:28:29.772+0000] {override.py:1911} INFO - Created Permission View: can delete on DAG Run:example_sla_dag
[2024-11-13T21:28:29.775+0000] {logging_mixin.py:190} INFO - [2024-11-13T21:28:29.775+0000] {override.py:1911} INFO - Created Permission View: can read on DAG Run:example_sla_dag
[2024-11-13T21:28:29.777+0000] {logging_mixin.py:190} INFO - [2024-11-13T21:28:29.777+0000] {override.py:1911} INFO - Created Permission View: menu access on DAG Run:example_sla_dag
[2024-11-13T21:28:29.779+0000] {logging_mixin.py:190} INFO - [2024-11-13T21:28:29.779+0000] {override.py:1911} INFO - Created Permission View: can create on DAG Run:example_sla_dag
[2024-11-13T21:28:29.779+0000] {logging_mixin.py:190} INFO - [2024-11-13T21:28:29.779+0000] {dag.py:3239} INFO - Sync 1 DAGs
[2024-11-13T21:28:29.784+0000] {logging_mixin.py:190} INFO - [2024-11-13T21:28:29.784+0000] {dag.py:3262} INFO - Creating ORM DAG for example_sla_dag
[2024-11-13T21:28:29.789+0000] {logging_mixin.py:190} INFO - [2024-11-13T21:28:29.789+0000] {dag.py:4180} INFO - Setting next_dagrun for example_sla_dag to 2024-11-13 21:26:00+00:00, run_after=2024-11-13 21:28:00+00:00
[2024-11-13T21:28:29.794+0000] {processor.py:208} INFO - Processing /home/airflow/.local/lib/python3.12/site-packages/airflow/example_dags/example_sla_dag.py took 0.093 seconds
[2024-11-13T21:29:00.372+0000] {processor.py:186} INFO - Started process (PID=151) to work on /home/airflow/.local/lib/python3.12/site-packages/airflow/example_dags/example_sla_dag.py
[2024-11-13T21:29:00.373+0000] {processor.py:914} INFO - Processing file /home/airflow/.local/lib/python3.12/site-packages/airflow/example_dags/example_sla_dag.py for tasks to queue
[2024-11-13T21:29:00.373+0000] {logging_mixin.py:190} INFO - [2024-11-13T21:29:00.373+0000] {dagbag.py:588} INFO - Filling up the DagBag from /home/airflow/.local/lib/python3.12/site-packages/airflow/example_dags/example_sla_dag.py
[2024-11-13T21:29:00.378+0000] {processor.py:925} INFO - DAG(s) 'example_sla_dag' retrieved from /home/airflow/.local/lib/python3.12/site-packages/airflow/example_dags/example_sla_dag.py
[2024-11-13T21:29:00.385+0000] {logging_mixin.py:190} INFO - [2024-11-13T21:29:00.385+0000] {dag.py:3239} INFO - Sync 1 DAGs
[2024-11-13T21:29:00.394+0000] {logging_mixin.py:190} INFO - [2024-11-13T21:29:00.394+0000] {dag.py:4180} INFO - Setting next_dagrun for example_sla_dag to 2024-11-13 21:26:00+00:00, run_after=2024-11-13 21:28:00+00:00
[2024-11-13T21:29:00.400+0000] {processor.py:208} INFO - Processing /home/airflow/.local/lib/python3.12/site-packages/airflow/example_dags/example_sla_dag.py took 0.030 seconds
[2024-11-13T21:29:30.605+0000] {processor.py:186} INFO - Started process (PID=214) to work on /home/airflow/.local/lib/python3.12/site-packages/airflow/example_dags/example_sla_dag.py
[2024-11-13T21:29:30.606+0000] {processor.py:914} INFO - Processing file /home/airflow/.local/lib/python3.12/site-packages/airflow/example_dags/example_sla_dag.py for tasks to queue
[2024-11-13T21:29:30.607+0000] {logging_mixin.py:190} INFO - [2024-11-13T21:29:30.606+0000] {dagbag.py:588} INFO - Filling up the DagBag from /home/airflow/.local/lib/python3.12/site-packages/airflow/example_dags/example_sla_dag.py
[2024-11-13T21:29:30.611+0000] {processor.py:925} INFO - DAG(s) 'example_sla_dag' retrieved from /home/airflow/.local/lib/python3.12/site-packages/airflow/example_dags/example_sla_dag.py
[2024-11-13T21:29:30.619+0000] {logging_mixin.py:190} INFO - [2024-11-13T21:29:30.619+0000] {dag.py:3239} INFO - Sync 1 DAGs
[2024-11-13T21:29:30.629+0000] {logging_mixin.py:190} INFO - [2024-11-13T21:29:30.629+0000] {dag.py:4180} INFO - Setting next_dagrun for example_sla_dag to 2024-11-13 21:26:00+00:00, run_after=2024-11-13 21:28:00+00:00
[2024-11-13T21:29:30.635+0000] {processor.py:208} INFO - Processing /home/airflow/.local/lib/python3.12/site-packages/airflow/example_dags/example_sla_dag.py took 0.033 seconds
[2024-11-13T21:30:00.787+0000] {processor.py:186} INFO - Started process (PID=282) to work on /home/airflow/.local/lib/python3.12/site-packages/airflow/example_dags/example_sla_dag.py
[2024-11-13T21:30:00.788+0000] {processor.py:914} INFO - Processing file /home/airflow/.local/lib/python3.12/site-packages/airflow/example_dags/example_sla_dag.py for tasks to queue
[2024-11-13T21:30:00.789+0000] {logging_mixin.py:190} INFO - [2024-11-13T21:30:00.789+0000] {dagbag.py:588} INFO - Filling up the DagBag from /home/airflow/.local/lib/python3.12/site-packages/airflow/example_dags/example_sla_dag.py
[2024-11-13T21:30:00.793+0000] {processor.py:925} INFO - DAG(s) 'example_sla_dag' retrieved from /home/airflow/.local/lib/python3.12/site-packages/airflow/example_dags/example_sla_dag.py
[2024-11-13T21:30:00.801+0000] {logging_mixin.py:190} INFO - [2024-11-13T21:30:00.800+0000] {dag.py:3239} INFO - Sync 1 DAGs
[2024-11-13T21:30:00.810+0000] {logging_mixin.py:190} INFO - [2024-11-13T21:30:00.810+0000] {dag.py:4180} INFO - Setting next_dagrun for example_sla_dag to 2024-11-13 21:28:00+00:00, run_after=2024-11-13 21:30:00+00:00
[2024-11-13T21:30:00.816+0000] {processor.py:208} INFO - Processing /home/airflow/.local/lib/python3.12/site-packages/airflow/example_dags/example_sla_dag.py took 0.032 seconds
[2024-11-13T21:30:32.096+0000] {processor.py:186} INFO - Started process (PID=345) to work on /home/airflow/.local/lib/python3.12/site-packages/airflow/example_dags/example_sla_dag.py
[2024-11-13T21:30:32.097+0000] {processor.py:914} INFO - Processing file /home/airflow/.local/lib/python3.12/site-packages/airflow/example_dags/example_sla_dag.py for tasks to queue
[2024-11-13T21:30:32.098+0000] {logging_mixin.py:190} INFO - [2024-11-13T21:30:32.098+0000] {dagbag.py:588} INFO - Filling up the DagBag from /home/airflow/.local/lib/python3.12/site-packages/airflow/example_dags/example_sla_dag.py
[2024-11-13T21:30:32.102+0000] {processor.py:925} INFO - DAG(s) 'example_sla_dag' retrieved from /home/airflow/.local/lib/python3.12/site-packages/airflow/example_dags/example_sla_dag.py
[2024-11-13T21:30:32.109+0000] {logging_mixin.py:190} INFO - [2024-11-13T21:30:32.109+0000] {dag.py:3239} INFO - Sync 1 DAGs
[2024-11-13T21:30:32.119+0000] {logging_mixin.py:190} INFO - [2024-11-13T21:30:32.119+0000] {dag.py:4180} INFO - Setting next_dagrun for example_sla_dag to 2024-11-13 21:28:00+00:00, run_after=2024-11-13 21:30:00+00:00
[2024-11-13T21:30:32.125+0000] {processor.py:208} INFO - Processing /home/airflow/.local/lib/python3.12/site-packages/airflow/example_dags/example_sla_dag.py took 0.031 seconds
[2024-11-13T21:35:03.890+0000] {processor.py:186} INFO - Started process (PID=91) to work on /home/airflow/.local/lib/python3.12/site-packages/airflow/example_dags/example_sla_dag.py
[2024-11-13T21:35:03.891+0000] {processor.py:914} INFO - Processing file /home/airflow/.local/lib/python3.12/site-packages/airflow/example_dags/example_sla_dag.py for tasks to queue
[2024-11-13T21:35:03.894+0000] {logging_mixin.py:190} INFO - [2024-11-13T21:35:03.893+0000] {dagbag.py:588} INFO - Filling up the DagBag from /home/airflow/.local/lib/python3.12/site-packages/airflow/example_dags/example_sla_dag.py
[2024-11-13T21:35:03.900+0000] {processor.py:925} INFO - DAG(s) 'example_sla_dag' retrieved from /home/airflow/.local/lib/python3.12/site-packages/airflow/example_dags/example_sla_dag.py
[2024-11-13T21:35:03.952+0000] {logging_mixin.py:190} INFO - [2024-11-13T21:35:03.952+0000] {override.py:1911} INFO - Created Permission View: can edit on DAG:example_sla_dag
[2024-11-13T21:35:03.957+0000] {logging_mixin.py:190} INFO - [2024-11-13T21:35:03.956+0000] {override.py:1911} INFO - Created Permission View: can delete on DAG:example_sla_dag
[2024-11-13T21:35:03.959+0000] {logging_mixin.py:190} INFO - [2024-11-13T21:35:03.959+0000] {override.py:1911} INFO - Created Permission View: can read on DAG:example_sla_dag
[2024-11-13T21:35:03.960+0000] {logging_mixin.py:190} INFO - [2024-11-13T21:35:03.960+0000] {override.py:1911} INFO - Created Permission View: can create on DAG Run:example_sla_dag
[2024-11-13T21:35:03.963+0000] {logging_mixin.py:190} INFO - [2024-11-13T21:35:03.963+0000] {override.py:1911} INFO - Created Permission View: can delete on DAG Run:example_sla_dag
[2024-11-13T21:35:03.965+0000] {logging_mixin.py:190} INFO - [2024-11-13T21:35:03.965+0000] {override.py:1911} INFO - Created Permission View: menu access on DAG Run:example_sla_dag
[2024-11-13T21:35:03.969+0000] {logging_mixin.py:190} INFO - [2024-11-13T21:35:03.969+0000] {override.py:1911} INFO - Created Permission View: can read on DAG Run:example_sla_dag
[2024-11-13T21:35:03.970+0000] {logging_mixin.py:190} INFO - [2024-11-13T21:35:03.970+0000] {dag.py:3239} INFO - Sync 1 DAGs
[2024-11-13T21:35:03.976+0000] {logging_mixin.py:190} INFO - [2024-11-13T21:35:03.976+0000] {dag.py:3262} INFO - Creating ORM DAG for example_sla_dag
[2024-11-13T21:35:03.982+0000] {logging_mixin.py:190} INFO - [2024-11-13T21:35:03.982+0000] {dag.py:4180} INFO - Setting next_dagrun for example_sla_dag to 2024-11-13 21:32:00+00:00, run_after=2024-11-13 21:34:00+00:00
[2024-11-13T21:35:03.989+0000] {processor.py:208} INFO - Processing /home/airflow/.local/lib/python3.12/site-packages/airflow/example_dags/example_sla_dag.py took 0.101 seconds
[2024-11-13T21:35:34.777+0000] {processor.py:186} INFO - Started process (PID=160) to work on /home/airflow/.local/lib/python3.12/site-packages/airflow/example_dags/example_sla_dag.py
[2024-11-13T21:35:34.779+0000] {processor.py:914} INFO - Processing file /home/airflow/.local/lib/python3.12/site-packages/airflow/example_dags/example_sla_dag.py for tasks to queue
[2024-11-13T21:35:34.781+0000] {logging_mixin.py:190} INFO - [2024-11-13T21:35:34.780+0000] {dagbag.py:588} INFO - Filling up the DagBag from /home/airflow/.local/lib/python3.12/site-packages/airflow/example_dags/example_sla_dag.py
[2024-11-13T21:35:34.785+0000] {processor.py:925} INFO - DAG(s) 'example_sla_dag' retrieved from /home/airflow/.local/lib/python3.12/site-packages/airflow/example_dags/example_sla_dag.py
[2024-11-13T21:35:34.796+0000] {logging_mixin.py:190} INFO - [2024-11-13T21:35:34.795+0000] {dag.py:3239} INFO - Sync 1 DAGs
[2024-11-13T21:35:34.806+0000] {logging_mixin.py:190} INFO - [2024-11-13T21:35:34.806+0000] {dag.py:4180} INFO - Setting next_dagrun for example_sla_dag to 2024-11-13 21:32:00+00:00, run_after=2024-11-13 21:34:00+00:00
[2024-11-13T21:35:34.812+0000] {processor.py:208} INFO - Processing /home/airflow/.local/lib/python3.12/site-packages/airflow/example_dags/example_sla_dag.py took 0.038 seconds
[2024-11-13T21:36:05.287+0000] {processor.py:186} INFO - Started process (PID=227) to work on /home/airflow/.local/lib/python3.12/site-packages/airflow/example_dags/example_sla_dag.py
[2024-11-13T21:36:05.287+0000] {processor.py:914} INFO - Processing file /home/airflow/.local/lib/python3.12/site-packages/airflow/example_dags/example_sla_dag.py for tasks to queue
[2024-11-13T21:36:05.290+0000] {logging_mixin.py:190} INFO - [2024-11-13T21:36:05.290+0000] {dagbag.py:588} INFO - Filling up the DagBag from /home/airflow/.local/lib/python3.12/site-packages/airflow/example_dags/example_sla_dag.py
[2024-11-13T21:36:05.294+0000] {processor.py:925} INFO - DAG(s) 'example_sla_dag' retrieved from /home/airflow/.local/lib/python3.12/site-packages/airflow/example_dags/example_sla_dag.py
[2024-11-13T21:36:05.304+0000] {logging_mixin.py:190} INFO - [2024-11-13T21:36:05.304+0000] {dag.py:3239} INFO - Sync 1 DAGs
[2024-11-13T21:36:05.315+0000] {logging_mixin.py:190} INFO - [2024-11-13T21:36:05.315+0000] {dag.py:4180} INFO - Setting next_dagrun for example_sla_dag to 2024-11-13 21:34:00+00:00, run_after=2024-11-13 21:36:00+00:00
[2024-11-13T21:36:05.321+0000] {processor.py:208} INFO - Processing /home/airflow/.local/lib/python3.12/site-packages/airflow/example_dags/example_sla_dag.py took 0.037 seconds
[2024-11-13T21:36:35.784+0000] {processor.py:186} INFO - Started process (PID=290) to work on /home/airflow/.local/lib/python3.12/site-packages/airflow/example_dags/example_sla_dag.py
[2024-11-13T21:36:35.784+0000] {processor.py:914} INFO - Processing file /home/airflow/.local/lib/python3.12/site-packages/airflow/example_dags/example_sla_dag.py for tasks to queue
[2024-11-13T21:36:35.785+0000] {logging_mixin.py:190} INFO - [2024-11-13T21:36:35.785+0000] {dagbag.py:588} INFO - Filling up the DagBag from /home/airflow/.local/lib/python3.12/site-packages/airflow/example_dags/example_sla_dag.py
[2024-11-13T21:36:35.792+0000] {processor.py:925} INFO - DAG(s) 'example_sla_dag' retrieved from /home/airflow/.local/lib/python3.12/site-packages/airflow/example_dags/example_sla_dag.py
[2024-11-13T21:36:35.802+0000] {logging_mixin.py:190} INFO - [2024-11-13T21:36:35.802+0000] {dag.py:3239} INFO - Sync 1 DAGs
[2024-11-13T21:36:35.813+0000] {logging_mixin.py:190} INFO - [2024-11-13T21:36:35.813+0000] {dag.py:4180} INFO - Setting next_dagrun for example_sla_dag to 2024-11-13 21:34:00+00:00, run_after=2024-11-13 21:36:00+00:00
[2024-11-13T21:36:35.821+0000] {processor.py:208} INFO - Processing /home/airflow/.local/lib/python3.12/site-packages/airflow/example_dags/example_sla_dag.py took 0.041 seconds
[2024-11-13T21:37:06.231+0000] {processor.py:186} INFO - Started process (PID=353) to work on /home/airflow/.local/lib/python3.12/site-packages/airflow/example_dags/example_sla_dag.py
[2024-11-13T21:37:06.232+0000] {processor.py:914} INFO - Processing file /home/airflow/.local/lib/python3.12/site-packages/airflow/example_dags/example_sla_dag.py for tasks to queue
[2024-11-13T21:37:06.232+0000] {logging_mixin.py:190} INFO - [2024-11-13T21:37:06.232+0000] {dagbag.py:588} INFO - Filling up the DagBag from /home/airflow/.local/lib/python3.12/site-packages/airflow/example_dags/example_sla_dag.py
[2024-11-13T21:37:06.237+0000] {processor.py:925} INFO - DAG(s) 'example_sla_dag' retrieved from /home/airflow/.local/lib/python3.12/site-packages/airflow/example_dags/example_sla_dag.py
[2024-11-13T21:37:06.249+0000] {logging_mixin.py:190} INFO - [2024-11-13T21:37:06.248+0000] {dag.py:3239} INFO - Sync 1 DAGs
[2024-11-13T21:37:06.260+0000] {logging_mixin.py:190} INFO - [2024-11-13T21:37:06.260+0000] {dag.py:4180} INFO - Setting next_dagrun for example_sla_dag to 2024-11-13 21:34:00+00:00, run_after=2024-11-13 21:36:00+00:00
[2024-11-13T21:37:06.266+0000] {processor.py:208} INFO - Processing /home/airflow/.local/lib/python3.12/site-packages/airflow/example_dags/example_sla_dag.py took 0.038 seconds
[2024-11-13T21:37:36.505+0000] {processor.py:186} INFO - Started process (PID=416) to work on /home/airflow/.local/lib/python3.12/site-packages/airflow/example_dags/example_sla_dag.py
[2024-11-13T21:37:36.505+0000] {processor.py:914} INFO - Processing file /home/airflow/.local/lib/python3.12/site-packages/airflow/example_dags/example_sla_dag.py for tasks to queue
[2024-11-13T21:37:36.506+0000] {logging_mixin.py:190} INFO - [2024-11-13T21:37:36.506+0000] {dagbag.py:588} INFO - Filling up the DagBag from /home/airflow/.local/lib/python3.12/site-packages/airflow/example_dags/example_sla_dag.py
[2024-11-13T21:37:36.510+0000] {processor.py:925} INFO - DAG(s) 'example_sla_dag' retrieved from /home/airflow/.local/lib/python3.12/site-packages/airflow/example_dags/example_sla_dag.py
[2024-11-13T21:37:36.518+0000] {logging_mixin.py:190} INFO - [2024-11-13T21:37:36.518+0000] {dag.py:3239} INFO - Sync 1 DAGs
[2024-11-13T21:37:36.529+0000] {logging_mixin.py:190} INFO - [2024-11-13T21:37:36.528+0000] {dag.py:4180} INFO - Setting next_dagrun for example_sla_dag to 2024-11-13 21:34:00+00:00, run_after=2024-11-13 21:36:00+00:00
[2024-11-13T21:37:36.541+0000] {processor.py:208} INFO - Processing /home/airflow/.local/lib/python3.12/site-packages/airflow/example_dags/example_sla_dag.py took 0.039 seconds
[2024-11-13T21:38:06.840+0000] {processor.py:186} INFO - Started process (PID=479) to work on /home/airflow/.local/lib/python3.12/site-packages/airflow/example_dags/example_sla_dag.py
[2024-11-13T21:38:06.840+0000] {processor.py:914} INFO - Processing file /home/airflow/.local/lib/python3.12/site-packages/airflow/example_dags/example_sla_dag.py for tasks to queue
[2024-11-13T21:38:06.841+0000] {logging_mixin.py:190} INFO - [2024-11-13T21:38:06.841+0000] {dagbag.py:588} INFO - Filling up the DagBag from /home/airflow/.local/lib/python3.12/site-packages/airflow/example_dags/example_sla_dag.py
[2024-11-13T21:38:06.846+0000] {processor.py:925} INFO - DAG(s) 'example_sla_dag' retrieved from /home/airflow/.local/lib/python3.12/site-packages/airflow/example_dags/example_sla_dag.py
[2024-11-13T21:38:06.855+0000] {logging_mixin.py:190} INFO - [2024-11-13T21:38:06.855+0000] {dag.py:3239} INFO - Sync 1 DAGs
[2024-11-13T21:38:06.865+0000] {logging_mixin.py:190} INFO - [2024-11-13T21:38:06.865+0000] {dag.py:4180} INFO - Setting next_dagrun for example_sla_dag to 2024-11-13 21:36:00+00:00, run_after=2024-11-13 21:38:00+00:00
[2024-11-13T21:38:06.872+0000] {processor.py:208} INFO - Processing /home/airflow/.local/lib/python3.12/site-packages/airflow/example_dags/example_sla_dag.py took 0.035 seconds
[2024-11-13T23:40:21.130+0000] {processor.py:186} INFO - Started process (PID=84) to work on /home/airflow/.local/lib/python3.12/site-packages/airflow/example_dags/example_sla_dag.py
[2024-11-13T23:40:21.130+0000] {processor.py:914} INFO - Processing file /home/airflow/.local/lib/python3.12/site-packages/airflow/example_dags/example_sla_dag.py for tasks to queue
[2024-11-13T23:40:21.131+0000] {logging_mixin.py:190} INFO - [2024-11-13T23:40:21.131+0000] {dagbag.py:588} INFO - Filling up the DagBag from /home/airflow/.local/lib/python3.12/site-packages/airflow/example_dags/example_sla_dag.py
[2024-11-13T23:40:21.135+0000] {processor.py:925} INFO - DAG(s) 'example_sla_dag' retrieved from /home/airflow/.local/lib/python3.12/site-packages/airflow/example_dags/example_sla_dag.py
[2024-11-13T23:40:21.175+0000] {logging_mixin.py:190} INFO - [2024-11-13T23:40:21.175+0000] {override.py:1911} INFO - Created Permission View: can edit on DAG:example_sla_dag
[2024-11-13T23:40:21.179+0000] {logging_mixin.py:190} INFO - [2024-11-13T23:40:21.179+0000] {override.py:1911} INFO - Created Permission View: can delete on DAG:example_sla_dag
[2024-11-13T23:40:21.181+0000] {logging_mixin.py:190} INFO - [2024-11-13T23:40:21.181+0000] {override.py:1911} INFO - Created Permission View: can read on DAG:example_sla_dag
[2024-11-13T23:40:21.183+0000] {logging_mixin.py:190} INFO - [2024-11-13T23:40:21.183+0000] {override.py:1911} INFO - Created Permission View: can delete on DAG Run:example_sla_dag
[2024-11-13T23:40:21.184+0000] {logging_mixin.py:190} INFO - [2024-11-13T23:40:21.184+0000] {override.py:1911} INFO - Created Permission View: menu access on DAG Run:example_sla_dag
[2024-11-13T23:40:21.186+0000] {logging_mixin.py:190} INFO - [2024-11-13T23:40:21.186+0000] {override.py:1911} INFO - Created Permission View: can read on DAG Run:example_sla_dag
[2024-11-13T23:40:21.188+0000] {logging_mixin.py:190} INFO - [2024-11-13T23:40:21.188+0000] {override.py:1911} INFO - Created Permission View: can create on DAG Run:example_sla_dag
[2024-11-13T23:40:21.189+0000] {logging_mixin.py:190} INFO - [2024-11-13T23:40:21.188+0000] {dag.py:3239} INFO - Sync 1 DAGs
[2024-11-13T23:40:21.194+0000] {logging_mixin.py:190} INFO - [2024-11-13T23:40:21.194+0000] {dag.py:3262} INFO - Creating ORM DAG for example_sla_dag
[2024-11-13T23:40:21.198+0000] {logging_mixin.py:190} INFO - [2024-11-13T23:40:21.198+0000] {dag.py:4180} INFO - Setting next_dagrun for example_sla_dag to 2024-11-13 23:38:00+00:00, run_after=2024-11-13 23:40:00+00:00
[2024-11-13T23:40:21.203+0000] {processor.py:208} INFO - Processing /home/airflow/.local/lib/python3.12/site-packages/airflow/example_dags/example_sla_dag.py took 0.076 seconds
[2024-11-13T23:40:51.507+0000] {processor.py:186} INFO - Started process (PID=152) to work on /home/airflow/.local/lib/python3.12/site-packages/airflow/example_dags/example_sla_dag.py
[2024-11-13T23:40:51.507+0000] {processor.py:914} INFO - Processing file /home/airflow/.local/lib/python3.12/site-packages/airflow/example_dags/example_sla_dag.py for tasks to queue
[2024-11-13T23:40:51.508+0000] {logging_mixin.py:190} INFO - [2024-11-13T23:40:51.508+0000] {dagbag.py:588} INFO - Filling up the DagBag from /home/airflow/.local/lib/python3.12/site-packages/airflow/example_dags/example_sla_dag.py
[2024-11-13T23:40:51.512+0000] {processor.py:925} INFO - DAG(s) 'example_sla_dag' retrieved from /home/airflow/.local/lib/python3.12/site-packages/airflow/example_dags/example_sla_dag.py
[2024-11-13T23:40:51.520+0000] {logging_mixin.py:190} INFO - [2024-11-13T23:40:51.520+0000] {dag.py:3239} INFO - Sync 1 DAGs
[2024-11-13T23:40:51.529+0000] {logging_mixin.py:190} INFO - [2024-11-13T23:40:51.529+0000] {dag.py:4180} INFO - Setting next_dagrun for example_sla_dag to 2024-11-13 23:38:00+00:00, run_after=2024-11-13 23:40:00+00:00
[2024-11-13T23:40:51.535+0000] {processor.py:208} INFO - Processing /home/airflow/.local/lib/python3.12/site-packages/airflow/example_dags/example_sla_dag.py took 0.030 seconds
[2024-11-13T23:41:21.875+0000] {processor.py:186} INFO - Started process (PID=215) to work on /home/airflow/.local/lib/python3.12/site-packages/airflow/example_dags/example_sla_dag.py
[2024-11-13T23:41:21.876+0000] {processor.py:914} INFO - Processing file /home/airflow/.local/lib/python3.12/site-packages/airflow/example_dags/example_sla_dag.py for tasks to queue
[2024-11-13T23:41:21.877+0000] {logging_mixin.py:190} INFO - [2024-11-13T23:41:21.877+0000] {dagbag.py:588} INFO - Filling up the DagBag from /home/airflow/.local/lib/python3.12/site-packages/airflow/example_dags/example_sla_dag.py
[2024-11-13T23:41:21.881+0000] {processor.py:925} INFO - DAG(s) 'example_sla_dag' retrieved from /home/airflow/.local/lib/python3.12/site-packages/airflow/example_dags/example_sla_dag.py
[2024-11-13T23:41:21.888+0000] {logging_mixin.py:190} INFO - [2024-11-13T23:41:21.888+0000] {dag.py:3239} INFO - Sync 1 DAGs
[2024-11-13T23:41:21.898+0000] {logging_mixin.py:190} INFO - [2024-11-13T23:41:21.898+0000] {dag.py:4180} INFO - Setting next_dagrun for example_sla_dag to 2024-11-13 23:38:00+00:00, run_after=2024-11-13 23:40:00+00:00
[2024-11-13T23:41:21.906+0000] {processor.py:208} INFO - Processing /home/airflow/.local/lib/python3.12/site-packages/airflow/example_dags/example_sla_dag.py took 0.033 seconds
[2024-11-13T23:41:52.345+0000] {processor.py:186} INFO - Started process (PID=278) to work on /home/airflow/.local/lib/python3.12/site-packages/airflow/example_dags/example_sla_dag.py
[2024-11-13T23:41:52.347+0000] {processor.py:914} INFO - Processing file /home/airflow/.local/lib/python3.12/site-packages/airflow/example_dags/example_sla_dag.py for tasks to queue
[2024-11-13T23:41:52.349+0000] {logging_mixin.py:190} INFO - [2024-11-13T23:41:52.348+0000] {dagbag.py:588} INFO - Filling up the DagBag from /home/airflow/.local/lib/python3.12/site-packages/airflow/example_dags/example_sla_dag.py
[2024-11-13T23:41:52.353+0000] {processor.py:925} INFO - DAG(s) 'example_sla_dag' retrieved from /home/airflow/.local/lib/python3.12/site-packages/airflow/example_dags/example_sla_dag.py
[2024-11-13T23:41:52.364+0000] {logging_mixin.py:190} INFO - [2024-11-13T23:41:52.364+0000] {dag.py:3239} INFO - Sync 1 DAGs
[2024-11-13T23:41:52.375+0000] {logging_mixin.py:190} INFO - [2024-11-13T23:41:52.375+0000] {dag.py:4180} INFO - Setting next_dagrun for example_sla_dag to 2024-11-13 23:38:00+00:00, run_after=2024-11-13 23:40:00+00:00
[2024-11-13T23:41:52.383+0000] {processor.py:208} INFO - Processing /home/airflow/.local/lib/python3.12/site-packages/airflow/example_dags/example_sla_dag.py took 0.040 seconds
[2024-11-13T23:42:22.787+0000] {processor.py:186} INFO - Started process (PID=341) to work on /home/airflow/.local/lib/python3.12/site-packages/airflow/example_dags/example_sla_dag.py
[2024-11-13T23:42:22.787+0000] {processor.py:914} INFO - Processing file /home/airflow/.local/lib/python3.12/site-packages/airflow/example_dags/example_sla_dag.py for tasks to queue
[2024-11-13T23:42:22.788+0000] {logging_mixin.py:190} INFO - [2024-11-13T23:42:22.788+0000] {dagbag.py:588} INFO - Filling up the DagBag from /home/airflow/.local/lib/python3.12/site-packages/airflow/example_dags/example_sla_dag.py
[2024-11-13T23:42:22.795+0000] {processor.py:925} INFO - DAG(s) 'example_sla_dag' retrieved from /home/airflow/.local/lib/python3.12/site-packages/airflow/example_dags/example_sla_dag.py
[2024-11-13T23:42:22.804+0000] {logging_mixin.py:190} INFO - [2024-11-13T23:42:22.804+0000] {dag.py:3239} INFO - Sync 1 DAGs
[2024-11-13T23:42:22.814+0000] {logging_mixin.py:190} INFO - [2024-11-13T23:42:22.814+0000] {dag.py:4180} INFO - Setting next_dagrun for example_sla_dag to 2024-11-13 23:40:00+00:00, run_after=2024-11-13 23:42:00+00:00
[2024-11-13T23:42:22.820+0000] {processor.py:208} INFO - Processing /home/airflow/.local/lib/python3.12/site-packages/airflow/example_dags/example_sla_dag.py took 0.036 seconds
[2024-11-13T23:42:53.141+0000] {processor.py:186} INFO - Started process (PID=404) to work on /home/airflow/.local/lib/python3.12/site-packages/airflow/example_dags/example_sla_dag.py
[2024-11-13T23:42:53.143+0000] {processor.py:914} INFO - Processing file /home/airflow/.local/lib/python3.12/site-packages/airflow/example_dags/example_sla_dag.py for tasks to queue
[2024-11-13T23:42:53.144+0000] {logging_mixin.py:190} INFO - [2024-11-13T23:42:53.144+0000] {dagbag.py:588} INFO - Filling up the DagBag from /home/airflow/.local/lib/python3.12/site-packages/airflow/example_dags/example_sla_dag.py
[2024-11-13T23:42:53.149+0000] {processor.py:925} INFO - DAG(s) 'example_sla_dag' retrieved from /home/airflow/.local/lib/python3.12/site-packages/airflow/example_dags/example_sla_dag.py
[2024-11-13T23:42:53.158+0000] {logging_mixin.py:190} INFO - [2024-11-13T23:42:53.158+0000] {dag.py:3239} INFO - Sync 1 DAGs
[2024-11-13T23:42:53.167+0000] {logging_mixin.py:190} INFO - [2024-11-13T23:42:53.167+0000] {dag.py:4180} INFO - Setting next_dagrun for example_sla_dag to 2024-11-13 23:40:00+00:00, run_after=2024-11-13 23:42:00+00:00
[2024-11-13T23:42:53.173+0000] {processor.py:208} INFO - Processing /home/airflow/.local/lib/python3.12/site-packages/airflow/example_dags/example_sla_dag.py took 0.034 seconds
[2024-11-13T23:43:24.399+0000] {processor.py:186} INFO - Started process (PID=467) to work on /home/airflow/.local/lib/python3.12/site-packages/airflow/example_dags/example_sla_dag.py
[2024-11-13T23:43:24.402+0000] {processor.py:914} INFO - Processing file /home/airflow/.local/lib/python3.12/site-packages/airflow/example_dags/example_sla_dag.py for tasks to queue
[2024-11-13T23:43:24.404+0000] {logging_mixin.py:190} INFO - [2024-11-13T23:43:24.404+0000] {dagbag.py:588} INFO - Filling up the DagBag from /home/airflow/.local/lib/python3.12/site-packages/airflow/example_dags/example_sla_dag.py
[2024-11-13T23:43:24.409+0000] {processor.py:925} INFO - DAG(s) 'example_sla_dag' retrieved from /home/airflow/.local/lib/python3.12/site-packages/airflow/example_dags/example_sla_dag.py
[2024-11-13T23:43:24.419+0000] {logging_mixin.py:190} INFO - [2024-11-13T23:43:24.418+0000] {dag.py:3239} INFO - Sync 1 DAGs
[2024-11-13T23:43:24.427+0000] {logging_mixin.py:190} INFO - [2024-11-13T23:43:24.427+0000] {dag.py:4180} INFO - Setting next_dagrun for example_sla_dag to 2024-11-13 23:40:00+00:00, run_after=2024-11-13 23:42:00+00:00
[2024-11-13T23:43:24.433+0000] {processor.py:208} INFO - Processing /home/airflow/.local/lib/python3.12/site-packages/airflow/example_dags/example_sla_dag.py took 0.037 seconds
[2024-11-13T23:43:55.658+0000] {processor.py:186} INFO - Started process (PID=530) to work on /home/airflow/.local/lib/python3.12/site-packages/airflow/example_dags/example_sla_dag.py
[2024-11-13T23:43:55.660+0000] {processor.py:914} INFO - Processing file /home/airflow/.local/lib/python3.12/site-packages/airflow/example_dags/example_sla_dag.py for tasks to queue
[2024-11-13T23:43:55.661+0000] {logging_mixin.py:190} INFO - [2024-11-13T23:43:55.661+0000] {dagbag.py:588} INFO - Filling up the DagBag from /home/airflow/.local/lib/python3.12/site-packages/airflow/example_dags/example_sla_dag.py
[2024-11-13T23:43:55.665+0000] {processor.py:925} INFO - DAG(s) 'example_sla_dag' retrieved from /home/airflow/.local/lib/python3.12/site-packages/airflow/example_dags/example_sla_dag.py
[2024-11-13T23:43:55.675+0000] {logging_mixin.py:190} INFO - [2024-11-13T23:43:55.674+0000] {dag.py:3239} INFO - Sync 1 DAGs
[2024-11-13T23:43:55.685+0000] {logging_mixin.py:190} INFO - [2024-11-13T23:43:55.685+0000] {dag.py:4180} INFO - Setting next_dagrun for example_sla_dag to 2024-11-13 23:40:00+00:00, run_after=2024-11-13 23:42:00+00:00
[2024-11-13T23:43:55.693+0000] {processor.py:208} INFO - Processing /home/airflow/.local/lib/python3.12/site-packages/airflow/example_dags/example_sla_dag.py took 0.037 seconds
[2024-11-13T23:44:26.954+0000] {processor.py:186} INFO - Started process (PID=593) to work on /home/airflow/.local/lib/python3.12/site-packages/airflow/example_dags/example_sla_dag.py
[2024-11-13T23:44:26.956+0000] {processor.py:914} INFO - Processing file /home/airflow/.local/lib/python3.12/site-packages/airflow/example_dags/example_sla_dag.py for tasks to queue
[2024-11-13T23:44:26.957+0000] {logging_mixin.py:190} INFO - [2024-11-13T23:44:26.957+0000] {dagbag.py:588} INFO - Filling up the DagBag from /home/airflow/.local/lib/python3.12/site-packages/airflow/example_dags/example_sla_dag.py
[2024-11-13T23:44:26.962+0000] {processor.py:925} INFO - DAG(s) 'example_sla_dag' retrieved from /home/airflow/.local/lib/python3.12/site-packages/airflow/example_dags/example_sla_dag.py
[2024-11-13T23:44:26.969+0000] {logging_mixin.py:190} INFO - [2024-11-13T23:44:26.969+0000] {dag.py:3239} INFO - Sync 1 DAGs
[2024-11-13T23:44:26.979+0000] {logging_mixin.py:190} INFO - [2024-11-13T23:44:26.979+0000] {dag.py:4180} INFO - Setting next_dagrun for example_sla_dag to 2024-11-13 23:42:00+00:00, run_after=2024-11-13 23:44:00+00:00
[2024-11-13T23:44:26.988+0000] {processor.py:208} INFO - Processing /home/airflow/.local/lib/python3.12/site-packages/airflow/example_dags/example_sla_dag.py took 0.037 seconds
[2024-11-13T23:44:58.200+0000] {processor.py:186} INFO - Started process (PID=656) to work on /home/airflow/.local/lib/python3.12/site-packages/airflow/example_dags/example_sla_dag.py
[2024-11-13T23:44:58.202+0000] {processor.py:914} INFO - Processing file /home/airflow/.local/lib/python3.12/site-packages/airflow/example_dags/example_sla_dag.py for tasks to queue
[2024-11-13T23:44:58.205+0000] {logging_mixin.py:190} INFO - [2024-11-13T23:44:58.205+0000] {dagbag.py:588} INFO - Filling up the DagBag from /home/airflow/.local/lib/python3.12/site-packages/airflow/example_dags/example_sla_dag.py
[2024-11-13T23:44:58.210+0000] {processor.py:925} INFO - DAG(s) 'example_sla_dag' retrieved from /home/airflow/.local/lib/python3.12/site-packages/airflow/example_dags/example_sla_dag.py
[2024-11-13T23:44:58.220+0000] {logging_mixin.py:190} INFO - [2024-11-13T23:44:58.220+0000] {dag.py:3239} INFO - Sync 1 DAGs
[2024-11-13T23:44:58.229+0000] {logging_mixin.py:190} INFO - [2024-11-13T23:44:58.229+0000] {dag.py:4180} INFO - Setting next_dagrun for example_sla_dag to 2024-11-13 23:42:00+00:00, run_after=2024-11-13 23:44:00+00:00
[2024-11-13T23:44:58.238+0000] {processor.py:208} INFO - Processing /home/airflow/.local/lib/python3.12/site-packages/airflow/example_dags/example_sla_dag.py took 0.041 seconds
[2024-11-13T23:45:29.438+0000] {processor.py:186} INFO - Started process (PID=719) to work on /home/airflow/.local/lib/python3.12/site-packages/airflow/example_dags/example_sla_dag.py
[2024-11-13T23:45:29.438+0000] {processor.py:914} INFO - Processing file /home/airflow/.local/lib/python3.12/site-packages/airflow/example_dags/example_sla_dag.py for tasks to queue
[2024-11-13T23:45:29.439+0000] {logging_mixin.py:190} INFO - [2024-11-13T23:45:29.439+0000] {dagbag.py:588} INFO - Filling up the DagBag from /home/airflow/.local/lib/python3.12/site-packages/airflow/example_dags/example_sla_dag.py
[2024-11-13T23:45:29.444+0000] {processor.py:925} INFO - DAG(s) 'example_sla_dag' retrieved from /home/airflow/.local/lib/python3.12/site-packages/airflow/example_dags/example_sla_dag.py
[2024-11-13T23:45:29.451+0000] {logging_mixin.py:190} INFO - [2024-11-13T23:45:29.451+0000] {dag.py:3239} INFO - Sync 1 DAGs
[2024-11-13T23:45:29.460+0000] {logging_mixin.py:190} INFO - [2024-11-13T23:45:29.460+0000] {dag.py:4180} INFO - Setting next_dagrun for example_sla_dag to 2024-11-13 23:42:00+00:00, run_after=2024-11-13 23:44:00+00:00
[2024-11-13T23:45:29.465+0000] {processor.py:208} INFO - Processing /home/airflow/.local/lib/python3.12/site-packages/airflow/example_dags/example_sla_dag.py took 0.029 seconds
[2024-11-13T23:46:00.609+0000] {processor.py:186} INFO - Started process (PID=782) to work on /home/airflow/.local/lib/python3.12/site-packages/airflow/example_dags/example_sla_dag.py
[2024-11-13T23:46:00.609+0000] {processor.py:914} INFO - Processing file /home/airflow/.local/lib/python3.12/site-packages/airflow/example_dags/example_sla_dag.py for tasks to queue
[2024-11-13T23:46:00.610+0000] {logging_mixin.py:190} INFO - [2024-11-13T23:46:00.610+0000] {dagbag.py:588} INFO - Filling up the DagBag from /home/airflow/.local/lib/python3.12/site-packages/airflow/example_dags/example_sla_dag.py
[2024-11-13T23:46:00.615+0000] {processor.py:925} INFO - DAG(s) 'example_sla_dag' retrieved from /home/airflow/.local/lib/python3.12/site-packages/airflow/example_dags/example_sla_dag.py
[2024-11-13T23:46:00.624+0000] {logging_mixin.py:190} INFO - [2024-11-13T23:46:00.624+0000] {dag.py:3239} INFO - Sync 1 DAGs
[2024-11-13T23:46:00.633+0000] {logging_mixin.py:190} INFO - [2024-11-13T23:46:00.633+0000] {dag.py:4180} INFO - Setting next_dagrun for example_sla_dag to 2024-11-13 23:44:00+00:00, run_after=2024-11-13 23:46:00+00:00
[2024-11-13T23:46:00.643+0000] {processor.py:208} INFO - Processing /home/airflow/.local/lib/python3.12/site-packages/airflow/example_dags/example_sla_dag.py took 0.037 seconds
[2024-11-13T23:46:31.966+0000] {processor.py:186} INFO - Started process (PID=845) to work on /home/airflow/.local/lib/python3.12/site-packages/airflow/example_dags/example_sla_dag.py
[2024-11-13T23:46:31.967+0000] {processor.py:914} INFO - Processing file /home/airflow/.local/lib/python3.12/site-packages/airflow/example_dags/example_sla_dag.py for tasks to queue
[2024-11-13T23:46:31.967+0000] {logging_mixin.py:190} INFO - [2024-11-13T23:46:31.967+0000] {dagbag.py:588} INFO - Filling up the DagBag from /home/airflow/.local/lib/python3.12/site-packages/airflow/example_dags/example_sla_dag.py
[2024-11-13T23:46:31.972+0000] {processor.py:925} INFO - DAG(s) 'example_sla_dag' retrieved from /home/airflow/.local/lib/python3.12/site-packages/airflow/example_dags/example_sla_dag.py
[2024-11-13T23:46:31.978+0000] {logging_mixin.py:190} INFO - [2024-11-13T23:46:31.978+0000] {dag.py:3239} INFO - Sync 1 DAGs
[2024-11-13T23:46:31.986+0000] {logging_mixin.py:190} INFO - [2024-11-13T23:46:31.986+0000] {dag.py:4180} INFO - Setting next_dagrun for example_sla_dag to 2024-11-13 23:44:00+00:00, run_after=2024-11-13 23:46:00+00:00
[2024-11-13T23:46:31.992+0000] {processor.py:208} INFO - Processing /home/airflow/.local/lib/python3.12/site-packages/airflow/example_dags/example_sla_dag.py took 0.028 seconds
[2024-11-13T23:47:03.222+0000] {processor.py:186} INFO - Started process (PID=908) to work on /home/airflow/.local/lib/python3.12/site-packages/airflow/example_dags/example_sla_dag.py
[2024-11-13T23:47:03.224+0000] {processor.py:914} INFO - Processing file /home/airflow/.local/lib/python3.12/site-packages/airflow/example_dags/example_sla_dag.py for tasks to queue
[2024-11-13T23:47:03.225+0000] {logging_mixin.py:190} INFO - [2024-11-13T23:47:03.225+0000] {dagbag.py:588} INFO - Filling up the DagBag from /home/airflow/.local/lib/python3.12/site-packages/airflow/example_dags/example_sla_dag.py
[2024-11-13T23:47:03.229+0000] {processor.py:925} INFO - DAG(s) 'example_sla_dag' retrieved from /home/airflow/.local/lib/python3.12/site-packages/airflow/example_dags/example_sla_dag.py
[2024-11-13T23:47:03.237+0000] {logging_mixin.py:190} INFO - [2024-11-13T23:47:03.237+0000] {dag.py:3239} INFO - Sync 1 DAGs
[2024-11-13T23:47:03.248+0000] {logging_mixin.py:190} INFO - [2024-11-13T23:47:03.248+0000] {dag.py:4180} INFO - Setting next_dagrun for example_sla_dag to 2024-11-13 23:44:00+00:00, run_after=2024-11-13 23:46:00+00:00
[2024-11-13T23:47:03.255+0000] {processor.py:208} INFO - Processing /home/airflow/.local/lib/python3.12/site-packages/airflow/example_dags/example_sla_dag.py took 0.036 seconds
[2024-11-13T23:47:34.471+0000] {processor.py:186} INFO - Started process (PID=971) to work on /home/airflow/.local/lib/python3.12/site-packages/airflow/example_dags/example_sla_dag.py
[2024-11-13T23:47:34.473+0000] {processor.py:914} INFO - Processing file /home/airflow/.local/lib/python3.12/site-packages/airflow/example_dags/example_sla_dag.py for tasks to queue
[2024-11-13T23:47:34.475+0000] {logging_mixin.py:190} INFO - [2024-11-13T23:47:34.474+0000] {dagbag.py:588} INFO - Filling up the DagBag from /home/airflow/.local/lib/python3.12/site-packages/airflow/example_dags/example_sla_dag.py
[2024-11-13T23:47:34.479+0000] {processor.py:925} INFO - DAG(s) 'example_sla_dag' retrieved from /home/airflow/.local/lib/python3.12/site-packages/airflow/example_dags/example_sla_dag.py
[2024-11-13T23:47:34.488+0000] {logging_mixin.py:190} INFO - [2024-11-13T23:47:34.488+0000] {dag.py:3239} INFO - Sync 1 DAGs
[2024-11-13T23:47:34.500+0000] {logging_mixin.py:190} INFO - [2024-11-13T23:47:34.500+0000] {dag.py:4180} INFO - Setting next_dagrun for example_sla_dag to 2024-11-13 23:44:00+00:00, run_after=2024-11-13 23:46:00+00:00
[2024-11-13T23:47:34.507+0000] {processor.py:208} INFO - Processing /home/airflow/.local/lib/python3.12/site-packages/airflow/example_dags/example_sla_dag.py took 0.038 seconds
