[2024-11-13T21:28:29.807+0000] {processor.py:186} INFO - Started process (PID=90) to work on /home/airflow/.local/lib/python3.12/site-packages/airflow/example_dags/example_dag_decorator.py
[2024-11-13T21:28:29.807+0000] {processor.py:914} INFO - Processing file /home/airflow/.local/lib/python3.12/site-packages/airflow/example_dags/example_dag_decorator.py for tasks to queue
[2024-11-13T21:28:29.808+0000] {logging_mixin.py:190} INFO - [2024-11-13T21:28:29.808+0000] {dagbag.py:588} INFO - Filling up the DagBag from /home/airflow/.local/lib/python3.12/site-packages/airflow/example_dags/example_dag_decorator.py
[2024-11-13T21:28:29.816+0000] {processor.py:925} INFO - DAG(s) 'example_dag_decorator' retrieved from /home/airflow/.local/lib/python3.12/site-packages/airflow/example_dags/example_dag_decorator.py
[2024-11-13T21:28:29.862+0000] {logging_mixin.py:190} INFO - [2024-11-13T21:28:29.861+0000] {override.py:1911} INFO - Created Permission View: can edit on DAG:example_dag_decorator
[2024-11-13T21:28:29.867+0000] {logging_mixin.py:190} INFO - [2024-11-13T21:28:29.866+0000] {override.py:1911} INFO - Created Permission View: can read on DAG:example_dag_decorator
[2024-11-13T21:28:29.868+0000] {logging_mixin.py:190} INFO - [2024-11-13T21:28:29.868+0000] {override.py:1911} INFO - Created Permission View: can delete on DAG:example_dag_decorator
[2024-11-13T21:28:29.870+0000] {logging_mixin.py:190} INFO - [2024-11-13T21:28:29.870+0000] {override.py:1911} INFO - Created Permission View: can delete on DAG Run:example_dag_decorator
[2024-11-13T21:28:29.872+0000] {logging_mixin.py:190} INFO - [2024-11-13T21:28:29.872+0000] {override.py:1911} INFO - Created Permission View: can read on DAG Run:example_dag_decorator
[2024-11-13T21:28:29.873+0000] {logging_mixin.py:190} INFO - [2024-11-13T21:28:29.873+0000] {override.py:1911} INFO - Created Permission View: menu access on DAG Run:example_dag_decorator
[2024-11-13T21:28:29.875+0000] {logging_mixin.py:190} INFO - [2024-11-13T21:28:29.875+0000] {override.py:1911} INFO - Created Permission View: can create on DAG Run:example_dag_decorator
[2024-11-13T21:28:29.875+0000] {logging_mixin.py:190} INFO - [2024-11-13T21:28:29.875+0000] {dag.py:3239} INFO - Sync 1 DAGs
[2024-11-13T21:28:29.879+0000] {logging_mixin.py:190} INFO - [2024-11-13T21:28:29.879+0000] {dag.py:3262} INFO - Creating ORM DAG for example_dag_decorator
[2024-11-13T21:28:29.879+0000] {logging_mixin.py:190} INFO - [2024-11-13T21:28:29.879+0000] {dag.py:4180} INFO - Setting next_dagrun for example_dag_decorator to None, run_after=None
[2024-11-13T21:28:29.884+0000] {processor.py:208} INFO - Processing /home/airflow/.local/lib/python3.12/site-packages/airflow/example_dags/example_dag_decorator.py took 0.080 seconds
[2024-11-13T21:29:00.409+0000] {processor.py:186} INFO - Started process (PID=152) to work on /home/airflow/.local/lib/python3.12/site-packages/airflow/example_dags/example_dag_decorator.py
[2024-11-13T21:29:00.410+0000] {processor.py:914} INFO - Processing file /home/airflow/.local/lib/python3.12/site-packages/airflow/example_dags/example_dag_decorator.py for tasks to queue
[2024-11-13T21:29:00.411+0000] {logging_mixin.py:190} INFO - [2024-11-13T21:29:00.411+0000] {dagbag.py:588} INFO - Filling up the DagBag from /home/airflow/.local/lib/python3.12/site-packages/airflow/example_dags/example_dag_decorator.py
[2024-11-13T21:29:00.416+0000] {processor.py:925} INFO - DAG(s) 'example_dag_decorator' retrieved from /home/airflow/.local/lib/python3.12/site-packages/airflow/example_dags/example_dag_decorator.py
[2024-11-13T21:29:00.460+0000] {logging_mixin.py:190} INFO - [2024-11-13T21:29:00.460+0000] {dag.py:3239} INFO - Sync 1 DAGs
[2024-11-13T21:29:00.464+0000] {logging_mixin.py:190} INFO - [2024-11-13T21:29:00.464+0000] {dag.py:4180} INFO - Setting next_dagrun for example_dag_decorator to None, run_after=None
[2024-11-13T21:29:00.470+0000] {processor.py:208} INFO - Processing /home/airflow/.local/lib/python3.12/site-packages/airflow/example_dags/example_dag_decorator.py took 0.064 seconds
[2024-11-13T21:29:30.647+0000] {processor.py:186} INFO - Started process (PID=215) to work on /home/airflow/.local/lib/python3.12/site-packages/airflow/example_dags/example_dag_decorator.py
[2024-11-13T21:29:30.648+0000] {processor.py:914} INFO - Processing file /home/airflow/.local/lib/python3.12/site-packages/airflow/example_dags/example_dag_decorator.py for tasks to queue
[2024-11-13T21:29:30.649+0000] {logging_mixin.py:190} INFO - [2024-11-13T21:29:30.649+0000] {dagbag.py:588} INFO - Filling up the DagBag from /home/airflow/.local/lib/python3.12/site-packages/airflow/example_dags/example_dag_decorator.py
[2024-11-13T21:29:30.655+0000] {processor.py:925} INFO - DAG(s) 'example_dag_decorator' retrieved from /home/airflow/.local/lib/python3.12/site-packages/airflow/example_dags/example_dag_decorator.py
[2024-11-13T21:29:30.702+0000] {logging_mixin.py:190} INFO - [2024-11-13T21:29:30.702+0000] {dag.py:3239} INFO - Sync 1 DAGs
[2024-11-13T21:29:30.707+0000] {logging_mixin.py:190} INFO - [2024-11-13T21:29:30.707+0000] {dag.py:4180} INFO - Setting next_dagrun for example_dag_decorator to None, run_after=None
[2024-11-13T21:29:30.716+0000] {processor.py:208} INFO - Processing /home/airflow/.local/lib/python3.12/site-packages/airflow/example_dags/example_dag_decorator.py took 0.072 seconds
[2024-11-13T21:30:00.887+0000] {processor.py:186} INFO - Started process (PID=284) to work on /home/airflow/.local/lib/python3.12/site-packages/airflow/example_dags/example_dag_decorator.py
[2024-11-13T21:30:00.888+0000] {processor.py:914} INFO - Processing file /home/airflow/.local/lib/python3.12/site-packages/airflow/example_dags/example_dag_decorator.py for tasks to queue
[2024-11-13T21:30:00.889+0000] {logging_mixin.py:190} INFO - [2024-11-13T21:30:00.889+0000] {dagbag.py:588} INFO - Filling up the DagBag from /home/airflow/.local/lib/python3.12/site-packages/airflow/example_dags/example_dag_decorator.py
[2024-11-13T21:30:00.898+0000] {processor.py:925} INFO - DAG(s) 'example_dag_decorator' retrieved from /home/airflow/.local/lib/python3.12/site-packages/airflow/example_dags/example_dag_decorator.py
[2024-11-13T21:30:00.940+0000] {logging_mixin.py:190} INFO - [2024-11-13T21:30:00.940+0000] {dag.py:3239} INFO - Sync 1 DAGs
[2024-11-13T21:30:00.945+0000] {logging_mixin.py:190} INFO - [2024-11-13T21:30:00.945+0000] {dag.py:4180} INFO - Setting next_dagrun for example_dag_decorator to None, run_after=None
[2024-11-13T21:30:00.952+0000] {processor.py:208} INFO - Processing /home/airflow/.local/lib/python3.12/site-packages/airflow/example_dags/example_dag_decorator.py took 0.072 seconds
[2024-11-13T21:30:32.104+0000] {processor.py:186} INFO - Started process (PID=346) to work on /home/airflow/.local/lib/python3.12/site-packages/airflow/example_dags/example_dag_decorator.py
[2024-11-13T21:30:32.105+0000] {processor.py:914} INFO - Processing file /home/airflow/.local/lib/python3.12/site-packages/airflow/example_dags/example_dag_decorator.py for tasks to queue
[2024-11-13T21:30:32.106+0000] {logging_mixin.py:190} INFO - [2024-11-13T21:30:32.105+0000] {dagbag.py:588} INFO - Filling up the DagBag from /home/airflow/.local/lib/python3.12/site-packages/airflow/example_dags/example_dag_decorator.py
[2024-11-13T21:30:32.111+0000] {processor.py:925} INFO - DAG(s) 'example_dag_decorator' retrieved from /home/airflow/.local/lib/python3.12/site-packages/airflow/example_dags/example_dag_decorator.py
[2024-11-13T21:30:32.120+0000] {logging_mixin.py:190} INFO - [2024-11-13T21:30:32.120+0000] {dag.py:3239} INFO - Sync 1 DAGs
[2024-11-13T21:30:32.127+0000] {logging_mixin.py:190} INFO - [2024-11-13T21:30:32.127+0000] {dag.py:4180} INFO - Setting next_dagrun for example_dag_decorator to None, run_after=None
[2024-11-13T21:30:32.133+0000] {processor.py:208} INFO - Processing /home/airflow/.local/lib/python3.12/site-packages/airflow/example_dags/example_dag_decorator.py took 0.032 seconds
[2024-11-13T21:35:03.964+0000] {processor.py:186} INFO - Started process (PID=92) to work on /home/airflow/.local/lib/python3.12/site-packages/airflow/example_dags/example_dag_decorator.py
[2024-11-13T21:35:03.965+0000] {processor.py:914} INFO - Processing file /home/airflow/.local/lib/python3.12/site-packages/airflow/example_dags/example_dag_decorator.py for tasks to queue
[2024-11-13T21:35:03.966+0000] {logging_mixin.py:190} INFO - [2024-11-13T21:35:03.966+0000] {dagbag.py:588} INFO - Filling up the DagBag from /home/airflow/.local/lib/python3.12/site-packages/airflow/example_dags/example_dag_decorator.py
[2024-11-13T21:35:03.974+0000] {processor.py:925} INFO - DAG(s) 'example_dag_decorator' retrieved from /home/airflow/.local/lib/python3.12/site-packages/airflow/example_dags/example_dag_decorator.py
[2024-11-13T21:35:04.018+0000] {logging_mixin.py:190} INFO - [2024-11-13T21:35:04.018+0000] {override.py:1911} INFO - Created Permission View: can edit on DAG:example_dag_decorator
[2024-11-13T21:35:04.024+0000] {logging_mixin.py:190} INFO - [2024-11-13T21:35:04.024+0000] {override.py:1911} INFO - Created Permission View: can delete on DAG:example_dag_decorator
[2024-11-13T21:35:04.030+0000] {logging_mixin.py:190} INFO - [2024-11-13T21:35:04.030+0000] {override.py:1911} INFO - Created Permission View: can read on DAG:example_dag_decorator
[2024-11-13T21:35:04.038+0000] {logging_mixin.py:190} INFO - [2024-11-13T21:35:04.038+0000] {override.py:1911} INFO - Created Permission View: can create on DAG Run:example_dag_decorator
[2024-11-13T21:35:04.041+0000] {logging_mixin.py:190} INFO - [2024-11-13T21:35:04.040+0000] {override.py:1911} INFO - Created Permission View: can delete on DAG Run:example_dag_decorator
[2024-11-13T21:35:04.042+0000] {logging_mixin.py:190} INFO - [2024-11-13T21:35:04.042+0000] {override.py:1911} INFO - Created Permission View: menu access on DAG Run:example_dag_decorator
[2024-11-13T21:35:04.045+0000] {logging_mixin.py:190} INFO - [2024-11-13T21:35:04.044+0000] {override.py:1911} INFO - Created Permission View: can read on DAG Run:example_dag_decorator
[2024-11-13T21:35:04.045+0000] {logging_mixin.py:190} INFO - [2024-11-13T21:35:04.045+0000] {dag.py:3239} INFO - Sync 1 DAGs
[2024-11-13T21:35:04.054+0000] {logging_mixin.py:190} INFO - [2024-11-13T21:35:04.053+0000] {dag.py:3262} INFO - Creating ORM DAG for example_dag_decorator
[2024-11-13T21:35:04.054+0000] {logging_mixin.py:190} INFO - [2024-11-13T21:35:04.054+0000] {dag.py:4180} INFO - Setting next_dagrun for example_dag_decorator to None, run_after=None
[2024-11-13T21:35:04.064+0000] {processor.py:208} INFO - Processing /home/airflow/.local/lib/python3.12/site-packages/airflow/example_dags/example_dag_decorator.py took 0.103 seconds
[2024-11-13T21:35:34.811+0000] {processor.py:186} INFO - Started process (PID=161) to work on /home/airflow/.local/lib/python3.12/site-packages/airflow/example_dags/example_dag_decorator.py
[2024-11-13T21:35:34.812+0000] {processor.py:914} INFO - Processing file /home/airflow/.local/lib/python3.12/site-packages/airflow/example_dags/example_dag_decorator.py for tasks to queue
[2024-11-13T21:35:34.814+0000] {logging_mixin.py:190} INFO - [2024-11-13T21:35:34.814+0000] {dagbag.py:588} INFO - Filling up the DagBag from /home/airflow/.local/lib/python3.12/site-packages/airflow/example_dags/example_dag_decorator.py
[2024-11-13T21:35:34.820+0000] {processor.py:925} INFO - DAG(s) 'example_dag_decorator' retrieved from /home/airflow/.local/lib/python3.12/site-packages/airflow/example_dags/example_dag_decorator.py
[2024-11-13T21:35:34.869+0000] {logging_mixin.py:190} INFO - [2024-11-13T21:35:34.869+0000] {dag.py:3239} INFO - Sync 1 DAGs
[2024-11-13T21:35:34.877+0000] {logging_mixin.py:190} INFO - [2024-11-13T21:35:34.877+0000] {dag.py:4180} INFO - Setting next_dagrun for example_dag_decorator to None, run_after=None
[2024-11-13T21:35:34.886+0000] {processor.py:208} INFO - Processing /home/airflow/.local/lib/python3.12/site-packages/airflow/example_dags/example_dag_decorator.py took 0.077 seconds
[2024-11-13T21:36:05.324+0000] {processor.py:186} INFO - Started process (PID=228) to work on /home/airflow/.local/lib/python3.12/site-packages/airflow/example_dags/example_dag_decorator.py
[2024-11-13T21:36:05.325+0000] {processor.py:914} INFO - Processing file /home/airflow/.local/lib/python3.12/site-packages/airflow/example_dags/example_dag_decorator.py for tasks to queue
[2024-11-13T21:36:05.326+0000] {logging_mixin.py:190} INFO - [2024-11-13T21:36:05.326+0000] {dagbag.py:588} INFO - Filling up the DagBag from /home/airflow/.local/lib/python3.12/site-packages/airflow/example_dags/example_dag_decorator.py
[2024-11-13T21:36:05.331+0000] {processor.py:925} INFO - DAG(s) 'example_dag_decorator' retrieved from /home/airflow/.local/lib/python3.12/site-packages/airflow/example_dags/example_dag_decorator.py
[2024-11-13T21:36:05.375+0000] {logging_mixin.py:190} INFO - [2024-11-13T21:36:05.375+0000] {dag.py:3239} INFO - Sync 1 DAGs
[2024-11-13T21:36:05.384+0000] {logging_mixin.py:190} INFO - [2024-11-13T21:36:05.384+0000] {dag.py:4180} INFO - Setting next_dagrun for example_dag_decorator to None, run_after=None
[2024-11-13T21:36:05.395+0000] {processor.py:208} INFO - Processing /home/airflow/.local/lib/python3.12/site-packages/airflow/example_dags/example_dag_decorator.py took 0.074 seconds
[2024-11-13T21:36:35.833+0000] {processor.py:186} INFO - Started process (PID=292) to work on /home/airflow/.local/lib/python3.12/site-packages/airflow/example_dags/example_dag_decorator.py
[2024-11-13T21:36:35.834+0000] {processor.py:914} INFO - Processing file /home/airflow/.local/lib/python3.12/site-packages/airflow/example_dags/example_dag_decorator.py for tasks to queue
[2024-11-13T21:36:35.835+0000] {logging_mixin.py:190} INFO - [2024-11-13T21:36:35.835+0000] {dagbag.py:588} INFO - Filling up the DagBag from /home/airflow/.local/lib/python3.12/site-packages/airflow/example_dags/example_dag_decorator.py
[2024-11-13T21:36:35.841+0000] {processor.py:925} INFO - DAG(s) 'example_dag_decorator' retrieved from /home/airflow/.local/lib/python3.12/site-packages/airflow/example_dags/example_dag_decorator.py
[2024-11-13T21:36:35.891+0000] {logging_mixin.py:190} INFO - [2024-11-13T21:36:35.891+0000] {dag.py:3239} INFO - Sync 1 DAGs
[2024-11-13T21:36:35.896+0000] {logging_mixin.py:190} INFO - [2024-11-13T21:36:35.896+0000] {dag.py:4180} INFO - Setting next_dagrun for example_dag_decorator to None, run_after=None
[2024-11-13T21:36:35.907+0000] {processor.py:208} INFO - Processing /home/airflow/.local/lib/python3.12/site-packages/airflow/example_dags/example_dag_decorator.py took 0.076 seconds
[2024-11-13T21:37:06.233+0000] {processor.py:186} INFO - Started process (PID=354) to work on /home/airflow/.local/lib/python3.12/site-packages/airflow/example_dags/example_dag_decorator.py
[2024-11-13T21:37:06.235+0000] {processor.py:914} INFO - Processing file /home/airflow/.local/lib/python3.12/site-packages/airflow/example_dags/example_dag_decorator.py for tasks to queue
[2024-11-13T21:37:06.236+0000] {logging_mixin.py:190} INFO - [2024-11-13T21:37:06.236+0000] {dagbag.py:588} INFO - Filling up the DagBag from /home/airflow/.local/lib/python3.12/site-packages/airflow/example_dags/example_dag_decorator.py
[2024-11-13T21:37:06.242+0000] {processor.py:925} INFO - DAG(s) 'example_dag_decorator' retrieved from /home/airflow/.local/lib/python3.12/site-packages/airflow/example_dags/example_dag_decorator.py
[2024-11-13T21:37:06.286+0000] {logging_mixin.py:190} INFO - [2024-11-13T21:37:06.286+0000] {dag.py:3239} INFO - Sync 1 DAGs
[2024-11-13T21:37:06.291+0000] {logging_mixin.py:190} INFO - [2024-11-13T21:37:06.291+0000] {dag.py:4180} INFO - Setting next_dagrun for example_dag_decorator to None, run_after=None
[2024-11-13T21:37:06.298+0000] {processor.py:208} INFO - Processing /home/airflow/.local/lib/python3.12/site-packages/airflow/example_dags/example_dag_decorator.py took 0.067 seconds
[2024-11-13T21:37:36.554+0000] {processor.py:186} INFO - Started process (PID=417) to work on /home/airflow/.local/lib/python3.12/site-packages/airflow/example_dags/example_dag_decorator.py
[2024-11-13T21:37:36.555+0000] {processor.py:914} INFO - Processing file /home/airflow/.local/lib/python3.12/site-packages/airflow/example_dags/example_dag_decorator.py for tasks to queue
[2024-11-13T21:37:36.556+0000] {logging_mixin.py:190} INFO - [2024-11-13T21:37:36.556+0000] {dagbag.py:588} INFO - Filling up the DagBag from /home/airflow/.local/lib/python3.12/site-packages/airflow/example_dags/example_dag_decorator.py
[2024-11-13T21:37:36.562+0000] {processor.py:925} INFO - DAG(s) 'example_dag_decorator' retrieved from /home/airflow/.local/lib/python3.12/site-packages/airflow/example_dags/example_dag_decorator.py
[2024-11-13T21:37:36.604+0000] {logging_mixin.py:190} INFO - [2024-11-13T21:37:36.604+0000] {dag.py:3239} INFO - Sync 1 DAGs
[2024-11-13T21:37:36.609+0000] {logging_mixin.py:190} INFO - [2024-11-13T21:37:36.609+0000] {dag.py:4180} INFO - Setting next_dagrun for example_dag_decorator to None, run_after=None
[2024-11-13T21:37:36.616+0000] {processor.py:208} INFO - Processing /home/airflow/.local/lib/python3.12/site-packages/airflow/example_dags/example_dag_decorator.py took 0.064 seconds
[2024-11-13T21:38:06.883+0000] {processor.py:186} INFO - Started process (PID=480) to work on /home/airflow/.local/lib/python3.12/site-packages/airflow/example_dags/example_dag_decorator.py
[2024-11-13T21:38:06.883+0000] {processor.py:914} INFO - Processing file /home/airflow/.local/lib/python3.12/site-packages/airflow/example_dags/example_dag_decorator.py for tasks to queue
[2024-11-13T21:38:06.884+0000] {logging_mixin.py:190} INFO - [2024-11-13T21:38:06.884+0000] {dagbag.py:588} INFO - Filling up the DagBag from /home/airflow/.local/lib/python3.12/site-packages/airflow/example_dags/example_dag_decorator.py
[2024-11-13T21:38:06.889+0000] {processor.py:925} INFO - DAG(s) 'example_dag_decorator' retrieved from /home/airflow/.local/lib/python3.12/site-packages/airflow/example_dags/example_dag_decorator.py
[2024-11-13T21:38:06.931+0000] {logging_mixin.py:190} INFO - [2024-11-13T21:38:06.931+0000] {dag.py:3239} INFO - Sync 1 DAGs
[2024-11-13T21:38:06.936+0000] {logging_mixin.py:190} INFO - [2024-11-13T21:38:06.936+0000] {dag.py:4180} INFO - Setting next_dagrun for example_dag_decorator to None, run_after=None
[2024-11-13T21:38:06.944+0000] {processor.py:208} INFO - Processing /home/airflow/.local/lib/python3.12/site-packages/airflow/example_dags/example_dag_decorator.py took 0.064 seconds
[2024-11-13T23:40:21.177+0000] {processor.py:186} INFO - Started process (PID=91) to work on /home/airflow/.local/lib/python3.12/site-packages/airflow/example_dags/example_dag_decorator.py
[2024-11-13T23:40:21.178+0000] {processor.py:914} INFO - Processing file /home/airflow/.local/lib/python3.12/site-packages/airflow/example_dags/example_dag_decorator.py for tasks to queue
[2024-11-13T23:40:21.179+0000] {logging_mixin.py:190} INFO - [2024-11-13T23:40:21.179+0000] {dagbag.py:588} INFO - Filling up the DagBag from /home/airflow/.local/lib/python3.12/site-packages/airflow/example_dags/example_dag_decorator.py
[2024-11-13T23:40:21.185+0000] {processor.py:925} INFO - DAG(s) 'example_dag_decorator' retrieved from /home/airflow/.local/lib/python3.12/site-packages/airflow/example_dags/example_dag_decorator.py
[2024-11-13T23:40:21.223+0000] {logging_mixin.py:190} INFO - [2024-11-13T23:40:21.223+0000] {override.py:1911} INFO - Created Permission View: can edit on DAG:example_dag_decorator
[2024-11-13T23:40:21.226+0000] {logging_mixin.py:190} INFO - [2024-11-13T23:40:21.226+0000] {override.py:1911} INFO - Created Permission View: can delete on DAG:example_dag_decorator
[2024-11-13T23:40:21.227+0000] {logging_mixin.py:190} INFO - [2024-11-13T23:40:21.227+0000] {override.py:1911} INFO - Created Permission View: can read on DAG:example_dag_decorator
[2024-11-13T23:40:21.229+0000] {logging_mixin.py:190} INFO - [2024-11-13T23:40:21.229+0000] {override.py:1911} INFO - Created Permission View: can delete on DAG Run:example_dag_decorator
[2024-11-13T23:40:21.230+0000] {logging_mixin.py:190} INFO - [2024-11-13T23:40:21.230+0000] {override.py:1911} INFO - Created Permission View: menu access on DAG Run:example_dag_decorator
[2024-11-13T23:40:21.232+0000] {logging_mixin.py:190} INFO - [2024-11-13T23:40:21.232+0000] {override.py:1911} INFO - Created Permission View: can read on DAG Run:example_dag_decorator
[2024-11-13T23:40:21.233+0000] {logging_mixin.py:190} INFO - [2024-11-13T23:40:21.233+0000] {override.py:1911} INFO - Created Permission View: can create on DAG Run:example_dag_decorator
[2024-11-13T23:40:21.233+0000] {logging_mixin.py:190} INFO - [2024-11-13T23:40:21.233+0000] {dag.py:3239} INFO - Sync 1 DAGs
[2024-11-13T23:40:21.238+0000] {logging_mixin.py:190} INFO - [2024-11-13T23:40:21.237+0000] {dag.py:3262} INFO - Creating ORM DAG for example_dag_decorator
[2024-11-13T23:40:21.238+0000] {logging_mixin.py:190} INFO - [2024-11-13T23:40:21.238+0000] {dag.py:4180} INFO - Setting next_dagrun for example_dag_decorator to None, run_after=None
[2024-11-13T23:40:21.243+0000] {processor.py:208} INFO - Processing /home/airflow/.local/lib/python3.12/site-packages/airflow/example_dags/example_dag_decorator.py took 0.068 seconds
[2024-11-13T23:40:51.545+0000] {processor.py:186} INFO - Started process (PID=153) to work on /home/airflow/.local/lib/python3.12/site-packages/airflow/example_dags/example_dag_decorator.py
[2024-11-13T23:40:51.545+0000] {processor.py:914} INFO - Processing file /home/airflow/.local/lib/python3.12/site-packages/airflow/example_dags/example_dag_decorator.py for tasks to queue
[2024-11-13T23:40:51.546+0000] {logging_mixin.py:190} INFO - [2024-11-13T23:40:51.546+0000] {dagbag.py:588} INFO - Filling up the DagBag from /home/airflow/.local/lib/python3.12/site-packages/airflow/example_dags/example_dag_decorator.py
[2024-11-13T23:40:51.551+0000] {processor.py:925} INFO - DAG(s) 'example_dag_decorator' retrieved from /home/airflow/.local/lib/python3.12/site-packages/airflow/example_dags/example_dag_decorator.py
[2024-11-13T23:40:51.591+0000] {logging_mixin.py:190} INFO - [2024-11-13T23:40:51.590+0000] {dag.py:3239} INFO - Sync 1 DAGs
[2024-11-13T23:40:51.595+0000] {logging_mixin.py:190} INFO - [2024-11-13T23:40:51.595+0000] {dag.py:4180} INFO - Setting next_dagrun for example_dag_decorator to None, run_after=None
[2024-11-13T23:40:51.601+0000] {processor.py:208} INFO - Processing /home/airflow/.local/lib/python3.12/site-packages/airflow/example_dags/example_dag_decorator.py took 0.059 seconds
[2024-11-13T23:41:21.890+0000] {processor.py:186} INFO - Started process (PID=216) to work on /home/airflow/.local/lib/python3.12/site-packages/airflow/example_dags/example_dag_decorator.py
[2024-11-13T23:41:21.892+0000] {processor.py:914} INFO - Processing file /home/airflow/.local/lib/python3.12/site-packages/airflow/example_dags/example_dag_decorator.py for tasks to queue
[2024-11-13T23:41:21.893+0000] {logging_mixin.py:190} INFO - [2024-11-13T23:41:21.892+0000] {dagbag.py:588} INFO - Filling up the DagBag from /home/airflow/.local/lib/python3.12/site-packages/airflow/example_dags/example_dag_decorator.py
[2024-11-13T23:41:21.898+0000] {processor.py:925} INFO - DAG(s) 'example_dag_decorator' retrieved from /home/airflow/.local/lib/python3.12/site-packages/airflow/example_dags/example_dag_decorator.py
[2024-11-13T23:41:21.940+0000] {logging_mixin.py:190} INFO - [2024-11-13T23:41:21.940+0000] {dag.py:3239} INFO - Sync 1 DAGs
[2024-11-13T23:41:21.946+0000] {logging_mixin.py:190} INFO - [2024-11-13T23:41:21.946+0000] {dag.py:4180} INFO - Setting next_dagrun for example_dag_decorator to None, run_after=None
[2024-11-13T23:41:21.954+0000] {processor.py:208} INFO - Processing /home/airflow/.local/lib/python3.12/site-packages/airflow/example_dags/example_dag_decorator.py took 0.066 seconds
[2024-11-13T23:41:52.371+0000] {processor.py:186} INFO - Started process (PID=279) to work on /home/airflow/.local/lib/python3.12/site-packages/airflow/example_dags/example_dag_decorator.py
[2024-11-13T23:41:52.373+0000] {processor.py:914} INFO - Processing file /home/airflow/.local/lib/python3.12/site-packages/airflow/example_dags/example_dag_decorator.py for tasks to queue
[2024-11-13T23:41:52.374+0000] {logging_mixin.py:190} INFO - [2024-11-13T23:41:52.374+0000] {dagbag.py:588} INFO - Filling up the DagBag from /home/airflow/.local/lib/python3.12/site-packages/airflow/example_dags/example_dag_decorator.py
[2024-11-13T23:41:52.379+0000] {processor.py:925} INFO - DAG(s) 'example_dag_decorator' retrieved from /home/airflow/.local/lib/python3.12/site-packages/airflow/example_dags/example_dag_decorator.py
[2024-11-13T23:41:52.426+0000] {logging_mixin.py:190} INFO - [2024-11-13T23:41:52.426+0000] {dag.py:3239} INFO - Sync 1 DAGs
[2024-11-13T23:41:52.431+0000] {logging_mixin.py:190} INFO - [2024-11-13T23:41:52.431+0000] {dag.py:4180} INFO - Setting next_dagrun for example_dag_decorator to None, run_after=None
[2024-11-13T23:41:52.440+0000] {processor.py:208} INFO - Processing /home/airflow/.local/lib/python3.12/site-packages/airflow/example_dags/example_dag_decorator.py took 0.071 seconds
[2024-11-13T23:42:22.815+0000] {processor.py:186} INFO - Started process (PID=342) to work on /home/airflow/.local/lib/python3.12/site-packages/airflow/example_dags/example_dag_decorator.py
[2024-11-13T23:42:22.816+0000] {processor.py:914} INFO - Processing file /home/airflow/.local/lib/python3.12/site-packages/airflow/example_dags/example_dag_decorator.py for tasks to queue
[2024-11-13T23:42:22.817+0000] {logging_mixin.py:190} INFO - [2024-11-13T23:42:22.816+0000] {dagbag.py:588} INFO - Filling up the DagBag from /home/airflow/.local/lib/python3.12/site-packages/airflow/example_dags/example_dag_decorator.py
[2024-11-13T23:42:22.822+0000] {processor.py:925} INFO - DAG(s) 'example_dag_decorator' retrieved from /home/airflow/.local/lib/python3.12/site-packages/airflow/example_dags/example_dag_decorator.py
[2024-11-13T23:42:22.867+0000] {logging_mixin.py:190} INFO - [2024-11-13T23:42:22.867+0000] {dag.py:3239} INFO - Sync 1 DAGs
[2024-11-13T23:42:22.872+0000] {logging_mixin.py:190} INFO - [2024-11-13T23:42:22.872+0000] {dag.py:4180} INFO - Setting next_dagrun for example_dag_decorator to None, run_after=None
[2024-11-13T23:42:22.878+0000] {processor.py:208} INFO - Processing /home/airflow/.local/lib/python3.12/site-packages/airflow/example_dags/example_dag_decorator.py took 0.065 seconds
[2024-11-13T23:42:53.179+0000] {processor.py:186} INFO - Started process (PID=405) to work on /home/airflow/.local/lib/python3.12/site-packages/airflow/example_dags/example_dag_decorator.py
[2024-11-13T23:42:53.179+0000] {processor.py:914} INFO - Processing file /home/airflow/.local/lib/python3.12/site-packages/airflow/example_dags/example_dag_decorator.py for tasks to queue
[2024-11-13T23:42:53.180+0000] {logging_mixin.py:190} INFO - [2024-11-13T23:42:53.180+0000] {dagbag.py:588} INFO - Filling up the DagBag from /home/airflow/.local/lib/python3.12/site-packages/airflow/example_dags/example_dag_decorator.py
[2024-11-13T23:42:53.186+0000] {processor.py:925} INFO - DAG(s) 'example_dag_decorator' retrieved from /home/airflow/.local/lib/python3.12/site-packages/airflow/example_dags/example_dag_decorator.py
[2024-11-13T23:42:53.229+0000] {logging_mixin.py:190} INFO - [2024-11-13T23:42:53.229+0000] {dag.py:3239} INFO - Sync 1 DAGs
[2024-11-13T23:42:53.234+0000] {logging_mixin.py:190} INFO - [2024-11-13T23:42:53.234+0000] {dag.py:4180} INFO - Setting next_dagrun for example_dag_decorator to None, run_after=None
[2024-11-13T23:42:53.240+0000] {processor.py:208} INFO - Processing /home/airflow/.local/lib/python3.12/site-packages/airflow/example_dags/example_dag_decorator.py took 0.064 seconds
[2024-11-13T23:43:24.429+0000] {processor.py:186} INFO - Started process (PID=468) to work on /home/airflow/.local/lib/python3.12/site-packages/airflow/example_dags/example_dag_decorator.py
[2024-11-13T23:43:24.429+0000] {processor.py:914} INFO - Processing file /home/airflow/.local/lib/python3.12/site-packages/airflow/example_dags/example_dag_decorator.py for tasks to queue
[2024-11-13T23:43:24.430+0000] {logging_mixin.py:190} INFO - [2024-11-13T23:43:24.430+0000] {dagbag.py:588} INFO - Filling up the DagBag from /home/airflow/.local/lib/python3.12/site-packages/airflow/example_dags/example_dag_decorator.py
[2024-11-13T23:43:24.435+0000] {processor.py:925} INFO - DAG(s) 'example_dag_decorator' retrieved from /home/airflow/.local/lib/python3.12/site-packages/airflow/example_dags/example_dag_decorator.py
[2024-11-13T23:43:24.476+0000] {logging_mixin.py:190} INFO - [2024-11-13T23:43:24.475+0000] {dag.py:3239} INFO - Sync 1 DAGs
[2024-11-13T23:43:24.480+0000] {logging_mixin.py:190} INFO - [2024-11-13T23:43:24.480+0000] {dag.py:4180} INFO - Setting next_dagrun for example_dag_decorator to None, run_after=None
[2024-11-13T23:43:24.487+0000] {processor.py:208} INFO - Processing /home/airflow/.local/lib/python3.12/site-packages/airflow/example_dags/example_dag_decorator.py took 0.061 seconds
[2024-11-13T23:43:55.685+0000] {processor.py:186} INFO - Started process (PID=531) to work on /home/airflow/.local/lib/python3.12/site-packages/airflow/example_dags/example_dag_decorator.py
[2024-11-13T23:43:55.686+0000] {processor.py:914} INFO - Processing file /home/airflow/.local/lib/python3.12/site-packages/airflow/example_dags/example_dag_decorator.py for tasks to queue
[2024-11-13T23:43:55.688+0000] {logging_mixin.py:190} INFO - [2024-11-13T23:43:55.688+0000] {dagbag.py:588} INFO - Filling up the DagBag from /home/airflow/.local/lib/python3.12/site-packages/airflow/example_dags/example_dag_decorator.py
[2024-11-13T23:43:55.693+0000] {processor.py:925} INFO - DAG(s) 'example_dag_decorator' retrieved from /home/airflow/.local/lib/python3.12/site-packages/airflow/example_dags/example_dag_decorator.py
[2024-11-13T23:43:55.735+0000] {logging_mixin.py:190} INFO - [2024-11-13T23:43:55.735+0000] {dag.py:3239} INFO - Sync 1 DAGs
[2024-11-13T23:43:55.740+0000] {logging_mixin.py:190} INFO - [2024-11-13T23:43:55.740+0000] {dag.py:4180} INFO - Setting next_dagrun for example_dag_decorator to None, run_after=None
[2024-11-13T23:43:55.746+0000] {processor.py:208} INFO - Processing /home/airflow/.local/lib/python3.12/site-packages/airflow/example_dags/example_dag_decorator.py took 0.064 seconds
[2024-11-13T23:44:26.966+0000] {processor.py:186} INFO - Started process (PID=594) to work on /home/airflow/.local/lib/python3.12/site-packages/airflow/example_dags/example_dag_decorator.py
[2024-11-13T23:44:26.966+0000] {processor.py:914} INFO - Processing file /home/airflow/.local/lib/python3.12/site-packages/airflow/example_dags/example_dag_decorator.py for tasks to queue
[2024-11-13T23:44:26.967+0000] {logging_mixin.py:190} INFO - [2024-11-13T23:44:26.967+0000] {dagbag.py:588} INFO - Filling up the DagBag from /home/airflow/.local/lib/python3.12/site-packages/airflow/example_dags/example_dag_decorator.py
[2024-11-13T23:44:26.972+0000] {processor.py:925} INFO - DAG(s) 'example_dag_decorator' retrieved from /home/airflow/.local/lib/python3.12/site-packages/airflow/example_dags/example_dag_decorator.py
[2024-11-13T23:44:27.019+0000] {logging_mixin.py:190} INFO - [2024-11-13T23:44:27.019+0000] {dag.py:3239} INFO - Sync 1 DAGs
[2024-11-13T23:44:27.023+0000] {logging_mixin.py:190} INFO - [2024-11-13T23:44:27.023+0000] {dag.py:4180} INFO - Setting next_dagrun for example_dag_decorator to None, run_after=None
[2024-11-13T23:44:27.031+0000] {processor.py:208} INFO - Processing /home/airflow/.local/lib/python3.12/site-packages/airflow/example_dags/example_dag_decorator.py took 0.068 seconds
[2024-11-13T23:44:58.227+0000] {processor.py:186} INFO - Started process (PID=657) to work on /home/airflow/.local/lib/python3.12/site-packages/airflow/example_dags/example_dag_decorator.py
[2024-11-13T23:44:58.228+0000] {processor.py:914} INFO - Processing file /home/airflow/.local/lib/python3.12/site-packages/airflow/example_dags/example_dag_decorator.py for tasks to queue
[2024-11-13T23:44:58.229+0000] {logging_mixin.py:190} INFO - [2024-11-13T23:44:58.228+0000] {dagbag.py:588} INFO - Filling up the DagBag from /home/airflow/.local/lib/python3.12/site-packages/airflow/example_dags/example_dag_decorator.py
[2024-11-13T23:44:58.233+0000] {processor.py:925} INFO - DAG(s) 'example_dag_decorator' retrieved from /home/airflow/.local/lib/python3.12/site-packages/airflow/example_dags/example_dag_decorator.py
[2024-11-13T23:44:58.274+0000] {logging_mixin.py:190} INFO - [2024-11-13T23:44:58.274+0000] {dag.py:3239} INFO - Sync 1 DAGs
[2024-11-13T23:44:58.278+0000] {logging_mixin.py:190} INFO - [2024-11-13T23:44:58.278+0000] {dag.py:4180} INFO - Setting next_dagrun for example_dag_decorator to None, run_after=None
[2024-11-13T23:44:58.287+0000] {processor.py:208} INFO - Processing /home/airflow/.local/lib/python3.12/site-packages/airflow/example_dags/example_dag_decorator.py took 0.063 seconds
[2024-11-13T23:45:29.474+0000] {processor.py:186} INFO - Started process (PID=720) to work on /home/airflow/.local/lib/python3.12/site-packages/airflow/example_dags/example_dag_decorator.py
[2024-11-13T23:45:29.475+0000] {processor.py:914} INFO - Processing file /home/airflow/.local/lib/python3.12/site-packages/airflow/example_dags/example_dag_decorator.py for tasks to queue
[2024-11-13T23:45:29.476+0000] {logging_mixin.py:190} INFO - [2024-11-13T23:45:29.475+0000] {dagbag.py:588} INFO - Filling up the DagBag from /home/airflow/.local/lib/python3.12/site-packages/airflow/example_dags/example_dag_decorator.py
[2024-11-13T23:45:29.481+0000] {processor.py:925} INFO - DAG(s) 'example_dag_decorator' retrieved from /home/airflow/.local/lib/python3.12/site-packages/airflow/example_dags/example_dag_decorator.py
[2024-11-13T23:45:29.489+0000] {logging_mixin.py:190} INFO - [2024-11-13T23:45:29.489+0000] {dag.py:3239} INFO - Sync 1 DAGs
[2024-11-13T23:45:29.494+0000] {logging_mixin.py:190} INFO - [2024-11-13T23:45:29.494+0000] {dag.py:4180} INFO - Setting next_dagrun for example_dag_decorator to None, run_after=None
[2024-11-13T23:45:29.500+0000] {processor.py:208} INFO - Processing /home/airflow/.local/lib/python3.12/site-packages/airflow/example_dags/example_dag_decorator.py took 0.028 seconds
[2024-11-13T23:46:00.617+0000] {processor.py:186} INFO - Started process (PID=783) to work on /home/airflow/.local/lib/python3.12/site-packages/airflow/example_dags/example_dag_decorator.py
[2024-11-13T23:46:00.617+0000] {processor.py:914} INFO - Processing file /home/airflow/.local/lib/python3.12/site-packages/airflow/example_dags/example_dag_decorator.py for tasks to queue
[2024-11-13T23:46:00.618+0000] {logging_mixin.py:190} INFO - [2024-11-13T23:46:00.618+0000] {dagbag.py:588} INFO - Filling up the DagBag from /home/airflow/.local/lib/python3.12/site-packages/airflow/example_dags/example_dag_decorator.py
[2024-11-13T23:46:00.625+0000] {processor.py:925} INFO - DAG(s) 'example_dag_decorator' retrieved from /home/airflow/.local/lib/python3.12/site-packages/airflow/example_dags/example_dag_decorator.py
[2024-11-13T23:46:00.635+0000] {logging_mixin.py:190} INFO - [2024-11-13T23:46:00.635+0000] {dag.py:3239} INFO - Sync 1 DAGs
[2024-11-13T23:46:00.639+0000] {logging_mixin.py:190} INFO - [2024-11-13T23:46:00.639+0000] {dag.py:4180} INFO - Setting next_dagrun for example_dag_decorator to None, run_after=None
[2024-11-13T23:46:00.647+0000] {processor.py:208} INFO - Processing /home/airflow/.local/lib/python3.12/site-packages/airflow/example_dags/example_dag_decorator.py took 0.033 seconds
[2024-11-13T23:46:32.001+0000] {processor.py:186} INFO - Started process (PID=846) to work on /home/airflow/.local/lib/python3.12/site-packages/airflow/example_dags/example_dag_decorator.py
[2024-11-13T23:46:32.002+0000] {processor.py:914} INFO - Processing file /home/airflow/.local/lib/python3.12/site-packages/airflow/example_dags/example_dag_decorator.py for tasks to queue
[2024-11-13T23:46:32.002+0000] {logging_mixin.py:190} INFO - [2024-11-13T23:46:32.002+0000] {dagbag.py:588} INFO - Filling up the DagBag from /home/airflow/.local/lib/python3.12/site-packages/airflow/example_dags/example_dag_decorator.py
[2024-11-13T23:46:32.008+0000] {processor.py:925} INFO - DAG(s) 'example_dag_decorator' retrieved from /home/airflow/.local/lib/python3.12/site-packages/airflow/example_dags/example_dag_decorator.py
[2024-11-13T23:46:32.051+0000] {logging_mixin.py:190} INFO - [2024-11-13T23:46:32.051+0000] {dag.py:3239} INFO - Sync 1 DAGs
[2024-11-13T23:46:32.056+0000] {logging_mixin.py:190} INFO - [2024-11-13T23:46:32.056+0000] {dag.py:4180} INFO - Setting next_dagrun for example_dag_decorator to None, run_after=None
[2024-11-13T23:46:32.063+0000] {processor.py:208} INFO - Processing /home/airflow/.local/lib/python3.12/site-packages/airflow/example_dags/example_dag_decorator.py took 0.065 seconds
[2024-11-13T23:47:03.232+0000] {processor.py:186} INFO - Started process (PID=909) to work on /home/airflow/.local/lib/python3.12/site-packages/airflow/example_dags/example_dag_decorator.py
[2024-11-13T23:47:03.232+0000] {processor.py:914} INFO - Processing file /home/airflow/.local/lib/python3.12/site-packages/airflow/example_dags/example_dag_decorator.py for tasks to queue
[2024-11-13T23:47:03.234+0000] {logging_mixin.py:190} INFO - [2024-11-13T23:47:03.233+0000] {dagbag.py:588} INFO - Filling up the DagBag from /home/airflow/.local/lib/python3.12/site-packages/airflow/example_dags/example_dag_decorator.py
[2024-11-13T23:47:03.239+0000] {processor.py:925} INFO - DAG(s) 'example_dag_decorator' retrieved from /home/airflow/.local/lib/python3.12/site-packages/airflow/example_dags/example_dag_decorator.py
[2024-11-13T23:47:03.283+0000] {logging_mixin.py:190} INFO - [2024-11-13T23:47:03.283+0000] {dag.py:3239} INFO - Sync 1 DAGs
[2024-11-13T23:47:03.289+0000] {logging_mixin.py:190} INFO - [2024-11-13T23:47:03.289+0000] {dag.py:4180} INFO - Setting next_dagrun for example_dag_decorator to None, run_after=None
[2024-11-13T23:47:03.297+0000] {processor.py:208} INFO - Processing /home/airflow/.local/lib/python3.12/site-packages/airflow/example_dags/example_dag_decorator.py took 0.068 seconds
[2024-11-13T23:47:34.485+0000] {processor.py:186} INFO - Started process (PID=972) to work on /home/airflow/.local/lib/python3.12/site-packages/airflow/example_dags/example_dag_decorator.py
[2024-11-13T23:47:34.486+0000] {processor.py:914} INFO - Processing file /home/airflow/.local/lib/python3.12/site-packages/airflow/example_dags/example_dag_decorator.py for tasks to queue
[2024-11-13T23:47:34.488+0000] {logging_mixin.py:190} INFO - [2024-11-13T23:47:34.488+0000] {dagbag.py:588} INFO - Filling up the DagBag from /home/airflow/.local/lib/python3.12/site-packages/airflow/example_dags/example_dag_decorator.py
[2024-11-13T23:47:34.493+0000] {processor.py:925} INFO - DAG(s) 'example_dag_decorator' retrieved from /home/airflow/.local/lib/python3.12/site-packages/airflow/example_dags/example_dag_decorator.py
[2024-11-13T23:47:34.541+0000] {logging_mixin.py:190} INFO - [2024-11-13T23:47:34.541+0000] {dag.py:3239} INFO - Sync 1 DAGs
[2024-11-13T23:47:34.545+0000] {logging_mixin.py:190} INFO - [2024-11-13T23:47:34.545+0000] {dag.py:4180} INFO - Setting next_dagrun for example_dag_decorator to None, run_after=None
[2024-11-13T23:47:34.552+0000] {processor.py:208} INFO - Processing /home/airflow/.local/lib/python3.12/site-packages/airflow/example_dags/example_dag_decorator.py took 0.071 seconds
