[2024-11-13T21:28:27.780+0000] {processor.py:186} INFO - Started process (PID=62) to work on /home/airflow/.local/lib/python3.12/site-packages/airflow/example_dags/example_workday_timetable.py
[2024-11-13T21:28:27.780+0000] {processor.py:914} INFO - Processing file /home/airflow/.local/lib/python3.12/site-packages/airflow/example_dags/example_workday_timetable.py for tasks to queue
[2024-11-13T21:28:27.781+0000] {logging_mixin.py:190} INFO - [2024-11-13T21:28:27.781+0000] {dagbag.py:588} INFO - Filling up the DagBag from /home/airflow/.local/lib/python3.12/site-packages/airflow/example_dags/example_workday_timetable.py
[2024-11-13T21:28:27.784+0000] {processor.py:925} INFO - DAG(s) 'example_workday_timetable' retrieved from /home/airflow/.local/lib/python3.12/site-packages/airflow/example_dags/example_workday_timetable.py
[2024-11-13T21:28:27.838+0000] {logging_mixin.py:190} INFO - [2024-11-13T21:28:27.838+0000] {override.py:1911} INFO - Created Permission View: can edit on DAG:example_workday_timetable
[2024-11-13T21:28:27.841+0000] {logging_mixin.py:190} INFO - [2024-11-13T21:28:27.841+0000] {override.py:1911} INFO - Created Permission View: can read on DAG:example_workday_timetable
[2024-11-13T21:28:27.845+0000] {logging_mixin.py:190} INFO - [2024-11-13T21:28:27.845+0000] {override.py:1911} INFO - Created Permission View: can delete on DAG:example_workday_timetable
[2024-11-13T21:28:27.849+0000] {logging_mixin.py:190} INFO - [2024-11-13T21:28:27.849+0000] {override.py:1911} INFO - Created Permission View: can delete on DAG Run:example_workday_timetable
[2024-11-13T21:28:27.853+0000] {logging_mixin.py:190} INFO - [2024-11-13T21:28:27.852+0000] {override.py:1911} INFO - Created Permission View: can read on DAG Run:example_workday_timetable
[2024-11-13T21:28:27.857+0000] {logging_mixin.py:190} INFO - [2024-11-13T21:28:27.857+0000] {override.py:1911} INFO - Created Permission View: menu access on DAG Run:example_workday_timetable
[2024-11-13T21:28:27.861+0000] {logging_mixin.py:190} INFO - [2024-11-13T21:28:27.861+0000] {override.py:1911} INFO - Created Permission View: can create on DAG Run:example_workday_timetable
[2024-11-13T21:28:27.862+0000] {logging_mixin.py:190} INFO - [2024-11-13T21:28:27.862+0000] {dag.py:3239} INFO - Sync 1 DAGs
[2024-11-13T21:28:27.867+0000] {logging_mixin.py:190} INFO - [2024-11-13T21:28:27.867+0000] {dag.py:3262} INFO - Creating ORM DAG for example_workday_timetable
[2024-11-13T21:28:27.912+0000] {logging_mixin.py:190} INFO - [2024-11-13T21:28:27.912+0000] {dag.py:4180} INFO - Setting next_dagrun for example_workday_timetable to 2021-01-04 00:00:00+00:00, run_after=2021-01-05 00:00:00+00:00
[2024-11-13T21:28:27.921+0000] {processor.py:208} INFO - Processing /home/airflow/.local/lib/python3.12/site-packages/airflow/example_dags/example_workday_timetable.py took 0.144 seconds
[2024-11-13T21:28:58.066+0000] {processor.py:186} INFO - Started process (PID=124) to work on /home/airflow/.local/lib/python3.12/site-packages/airflow/example_dags/example_workday_timetable.py
[2024-11-13T21:28:58.066+0000] {processor.py:914} INFO - Processing file /home/airflow/.local/lib/python3.12/site-packages/airflow/example_dags/example_workday_timetable.py for tasks to queue
[2024-11-13T21:28:58.067+0000] {logging_mixin.py:190} INFO - [2024-11-13T21:28:58.067+0000] {dagbag.py:588} INFO - Filling up the DagBag from /home/airflow/.local/lib/python3.12/site-packages/airflow/example_dags/example_workday_timetable.py
[2024-11-13T21:28:58.070+0000] {processor.py:925} INFO - DAG(s) 'example_workday_timetable' retrieved from /home/airflow/.local/lib/python3.12/site-packages/airflow/example_dags/example_workday_timetable.py
[2024-11-13T21:28:58.079+0000] {logging_mixin.py:190} INFO - [2024-11-13T21:28:58.079+0000] {dag.py:3239} INFO - Sync 1 DAGs
[2024-11-13T21:28:58.113+0000] {logging_mixin.py:190} INFO - [2024-11-13T21:28:58.113+0000] {dag.py:4180} INFO - Setting next_dagrun for example_workday_timetable to 2021-01-04 00:00:00+00:00, run_after=2021-01-05 00:00:00+00:00
[2024-11-13T21:28:58.120+0000] {processor.py:208} INFO - Processing /home/airflow/.local/lib/python3.12/site-packages/airflow/example_dags/example_workday_timetable.py took 0.057 seconds
[2024-11-13T21:29:28.600+0000] {processor.py:186} INFO - Started process (PID=187) to work on /home/airflow/.local/lib/python3.12/site-packages/airflow/example_dags/example_workday_timetable.py
[2024-11-13T21:29:28.602+0000] {processor.py:914} INFO - Processing file /home/airflow/.local/lib/python3.12/site-packages/airflow/example_dags/example_workday_timetable.py for tasks to queue
[2024-11-13T21:29:28.603+0000] {logging_mixin.py:190} INFO - [2024-11-13T21:29:28.603+0000] {dagbag.py:588} INFO - Filling up the DagBag from /home/airflow/.local/lib/python3.12/site-packages/airflow/example_dags/example_workday_timetable.py
[2024-11-13T21:29:28.606+0000] {processor.py:925} INFO - DAG(s) 'example_workday_timetable' retrieved from /home/airflow/.local/lib/python3.12/site-packages/airflow/example_dags/example_workday_timetable.py
[2024-11-13T21:29:28.613+0000] {logging_mixin.py:190} INFO - [2024-11-13T21:29:28.613+0000] {dag.py:3239} INFO - Sync 1 DAGs
[2024-11-13T21:29:28.635+0000] {logging_mixin.py:190} INFO - [2024-11-13T21:29:28.635+0000] {dag.py:4180} INFO - Setting next_dagrun for example_workday_timetable to 2021-01-04 00:00:00+00:00, run_after=2021-01-05 00:00:00+00:00
[2024-11-13T21:29:28.641+0000] {processor.py:208} INFO - Processing /home/airflow/.local/lib/python3.12/site-packages/airflow/example_dags/example_workday_timetable.py took 0.044 seconds
[2024-11-13T21:29:58.797+0000] {processor.py:186} INFO - Started process (PID=249) to work on /home/airflow/.local/lib/python3.12/site-packages/airflow/example_dags/example_workday_timetable.py
[2024-11-13T21:29:58.798+0000] {processor.py:914} INFO - Processing file /home/airflow/.local/lib/python3.12/site-packages/airflow/example_dags/example_workday_timetable.py for tasks to queue
[2024-11-13T21:29:58.799+0000] {logging_mixin.py:190} INFO - [2024-11-13T21:29:58.798+0000] {dagbag.py:588} INFO - Filling up the DagBag from /home/airflow/.local/lib/python3.12/site-packages/airflow/example_dags/example_workday_timetable.py
[2024-11-13T21:29:58.801+0000] {processor.py:925} INFO - DAG(s) 'example_workday_timetable' retrieved from /home/airflow/.local/lib/python3.12/site-packages/airflow/example_dags/example_workday_timetable.py
[2024-11-13T21:29:58.809+0000] {logging_mixin.py:190} INFO - [2024-11-13T21:29:58.809+0000] {dag.py:3239} INFO - Sync 1 DAGs
[2024-11-13T21:29:58.830+0000] {logging_mixin.py:190} INFO - [2024-11-13T21:29:58.830+0000] {dag.py:4180} INFO - Setting next_dagrun for example_workday_timetable to 2021-01-04 00:00:00+00:00, run_after=2021-01-05 00:00:00+00:00
[2024-11-13T21:29:58.836+0000] {processor.py:208} INFO - Processing /home/airflow/.local/lib/python3.12/site-packages/airflow/example_dags/example_workday_timetable.py took 0.041 seconds
[2024-11-13T21:30:28.917+0000] {processor.py:186} INFO - Started process (PID=312) to work on /home/airflow/.local/lib/python3.12/site-packages/airflow/example_dags/example_workday_timetable.py
[2024-11-13T21:30:28.918+0000] {processor.py:914} INFO - Processing file /home/airflow/.local/lib/python3.12/site-packages/airflow/example_dags/example_workday_timetable.py for tasks to queue
[2024-11-13T21:30:28.918+0000] {logging_mixin.py:190} INFO - [2024-11-13T21:30:28.918+0000] {dagbag.py:588} INFO - Filling up the DagBag from /home/airflow/.local/lib/python3.12/site-packages/airflow/example_dags/example_workday_timetable.py
[2024-11-13T21:30:28.921+0000] {processor.py:925} INFO - DAG(s) 'example_workday_timetable' retrieved from /home/airflow/.local/lib/python3.12/site-packages/airflow/example_dags/example_workday_timetable.py
[2024-11-13T21:30:28.929+0000] {logging_mixin.py:190} INFO - [2024-11-13T21:30:28.928+0000] {dag.py:3239} INFO - Sync 1 DAGs
[2024-11-13T21:30:28.949+0000] {logging_mixin.py:190} INFO - [2024-11-13T21:30:28.949+0000] {dag.py:4180} INFO - Setting next_dagrun for example_workday_timetable to 2021-01-04 00:00:00+00:00, run_after=2021-01-05 00:00:00+00:00
[2024-11-13T21:30:28.955+0000] {processor.py:208} INFO - Processing /home/airflow/.local/lib/python3.12/site-packages/airflow/example_dags/example_workday_timetable.py took 0.041 seconds
[2024-11-13T21:35:01.862+0000] {processor.py:186} INFO - Started process (PID=64) to work on /home/airflow/.local/lib/python3.12/site-packages/airflow/example_dags/example_workday_timetable.py
[2024-11-13T21:35:01.862+0000] {processor.py:914} INFO - Processing file /home/airflow/.local/lib/python3.12/site-packages/airflow/example_dags/example_workday_timetable.py for tasks to queue
[2024-11-13T21:35:01.864+0000] {logging_mixin.py:190} INFO - [2024-11-13T21:35:01.863+0000] {dagbag.py:588} INFO - Filling up the DagBag from /home/airflow/.local/lib/python3.12/site-packages/airflow/example_dags/example_workday_timetable.py
[2024-11-13T21:35:01.868+0000] {processor.py:925} INFO - DAG(s) 'example_workday_timetable' retrieved from /home/airflow/.local/lib/python3.12/site-packages/airflow/example_dags/example_workday_timetable.py
[2024-11-13T21:35:01.912+0000] {logging_mixin.py:190} INFO - [2024-11-13T21:35:01.912+0000] {override.py:1911} INFO - Created Permission View: can edit on DAG:example_workday_timetable
[2024-11-13T21:35:01.916+0000] {logging_mixin.py:190} INFO - [2024-11-13T21:35:01.916+0000] {override.py:1911} INFO - Created Permission View: can delete on DAG:example_workday_timetable
[2024-11-13T21:35:01.919+0000] {logging_mixin.py:190} INFO - [2024-11-13T21:35:01.919+0000] {override.py:1911} INFO - Created Permission View: can read on DAG:example_workday_timetable
[2024-11-13T21:35:01.923+0000] {logging_mixin.py:190} INFO - [2024-11-13T21:35:01.923+0000] {override.py:1911} INFO - Created Permission View: can create on DAG Run:example_workday_timetable
[2024-11-13T21:35:01.926+0000] {logging_mixin.py:190} INFO - [2024-11-13T21:35:01.926+0000] {override.py:1911} INFO - Created Permission View: can delete on DAG Run:example_workday_timetable
[2024-11-13T21:35:01.929+0000] {logging_mixin.py:190} INFO - [2024-11-13T21:35:01.929+0000] {override.py:1911} INFO - Created Permission View: menu access on DAG Run:example_workday_timetable
[2024-11-13T21:35:01.933+0000] {logging_mixin.py:190} INFO - [2024-11-13T21:35:01.933+0000] {override.py:1911} INFO - Created Permission View: can read on DAG Run:example_workday_timetable
[2024-11-13T21:35:01.934+0000] {logging_mixin.py:190} INFO - [2024-11-13T21:35:01.934+0000] {dag.py:3239} INFO - Sync 1 DAGs
[2024-11-13T21:35:01.941+0000] {logging_mixin.py:190} INFO - [2024-11-13T21:35:01.941+0000] {dag.py:3262} INFO - Creating ORM DAG for example_workday_timetable
[2024-11-13T21:35:01.978+0000] {logging_mixin.py:190} INFO - [2024-11-13T21:35:01.978+0000] {dag.py:4180} INFO - Setting next_dagrun for example_workday_timetable to 2021-01-04 00:00:00+00:00, run_after=2021-01-05 00:00:00+00:00
[2024-11-13T21:35:01.988+0000] {processor.py:208} INFO - Processing /home/airflow/.local/lib/python3.12/site-packages/airflow/example_dags/example_workday_timetable.py took 0.128 seconds
[2024-11-13T21:35:32.493+0000] {processor.py:186} INFO - Started process (PID=127) to work on /home/airflow/.local/lib/python3.12/site-packages/airflow/example_dags/example_workday_timetable.py
[2024-11-13T21:35:32.493+0000] {processor.py:914} INFO - Processing file /home/airflow/.local/lib/python3.12/site-packages/airflow/example_dags/example_workday_timetable.py for tasks to queue
[2024-11-13T21:35:32.494+0000] {logging_mixin.py:190} INFO - [2024-11-13T21:35:32.494+0000] {dagbag.py:588} INFO - Filling up the DagBag from /home/airflow/.local/lib/python3.12/site-packages/airflow/example_dags/example_workday_timetable.py
[2024-11-13T21:35:32.497+0000] {processor.py:925} INFO - DAG(s) 'example_workday_timetable' retrieved from /home/airflow/.local/lib/python3.12/site-packages/airflow/example_dags/example_workday_timetable.py
[2024-11-13T21:35:32.504+0000] {logging_mixin.py:190} INFO - [2024-11-13T21:35:32.504+0000] {dag.py:3239} INFO - Sync 1 DAGs
[2024-11-13T21:35:32.538+0000] {logging_mixin.py:190} INFO - [2024-11-13T21:35:32.538+0000] {dag.py:4180} INFO - Setting next_dagrun for example_workday_timetable to 2021-01-04 00:00:00+00:00, run_after=2021-01-05 00:00:00+00:00
[2024-11-13T21:35:32.545+0000] {processor.py:208} INFO - Processing /home/airflow/.local/lib/python3.12/site-packages/airflow/example_dags/example_workday_timetable.py took 0.054 seconds
[2024-11-13T21:36:03.117+0000] {processor.py:186} INFO - Started process (PID=194) to work on /home/airflow/.local/lib/python3.12/site-packages/airflow/example_dags/example_workday_timetable.py
[2024-11-13T21:36:03.118+0000] {processor.py:914} INFO - Processing file /home/airflow/.local/lib/python3.12/site-packages/airflow/example_dags/example_workday_timetable.py for tasks to queue
[2024-11-13T21:36:03.120+0000] {logging_mixin.py:190} INFO - [2024-11-13T21:36:03.120+0000] {dagbag.py:588} INFO - Filling up the DagBag from /home/airflow/.local/lib/python3.12/site-packages/airflow/example_dags/example_workday_timetable.py
[2024-11-13T21:36:03.124+0000] {processor.py:925} INFO - DAG(s) 'example_workday_timetable' retrieved from /home/airflow/.local/lib/python3.12/site-packages/airflow/example_dags/example_workday_timetable.py
[2024-11-13T21:36:03.132+0000] {logging_mixin.py:190} INFO - [2024-11-13T21:36:03.132+0000] {dag.py:3239} INFO - Sync 1 DAGs
[2024-11-13T21:36:03.159+0000] {logging_mixin.py:190} INFO - [2024-11-13T21:36:03.159+0000] {dag.py:4180} INFO - Setting next_dagrun for example_workday_timetable to 2021-01-04 00:00:00+00:00, run_after=2021-01-05 00:00:00+00:00
[2024-11-13T21:36:03.169+0000] {processor.py:208} INFO - Processing /home/airflow/.local/lib/python3.12/site-packages/airflow/example_dags/example_workday_timetable.py took 0.054 seconds
[2024-11-13T21:36:33.586+0000] {processor.py:186} INFO - Started process (PID=257) to work on /home/airflow/.local/lib/python3.12/site-packages/airflow/example_dags/example_workday_timetable.py
[2024-11-13T21:36:33.587+0000] {processor.py:914} INFO - Processing file /home/airflow/.local/lib/python3.12/site-packages/airflow/example_dags/example_workday_timetable.py for tasks to queue
[2024-11-13T21:36:33.589+0000] {logging_mixin.py:190} INFO - [2024-11-13T21:36:33.589+0000] {dagbag.py:588} INFO - Filling up the DagBag from /home/airflow/.local/lib/python3.12/site-packages/airflow/example_dags/example_workday_timetable.py
[2024-11-13T21:36:33.592+0000] {processor.py:925} INFO - DAG(s) 'example_workday_timetable' retrieved from /home/airflow/.local/lib/python3.12/site-packages/airflow/example_dags/example_workday_timetable.py
[2024-11-13T21:36:33.600+0000] {logging_mixin.py:190} INFO - [2024-11-13T21:36:33.600+0000] {dag.py:3239} INFO - Sync 1 DAGs
[2024-11-13T21:36:33.624+0000] {logging_mixin.py:190} INFO - [2024-11-13T21:36:33.624+0000] {dag.py:4180} INFO - Setting next_dagrun for example_workday_timetable to 2021-01-04 00:00:00+00:00, run_after=2021-01-05 00:00:00+00:00
[2024-11-13T21:36:33.632+0000] {processor.py:208} INFO - Processing /home/airflow/.local/lib/python3.12/site-packages/airflow/example_dags/example_workday_timetable.py took 0.049 seconds
[2024-11-13T21:37:04.102+0000] {processor.py:186} INFO - Started process (PID=320) to work on /home/airflow/.local/lib/python3.12/site-packages/airflow/example_dags/example_workday_timetable.py
[2024-11-13T21:37:04.103+0000] {processor.py:914} INFO - Processing file /home/airflow/.local/lib/python3.12/site-packages/airflow/example_dags/example_workday_timetable.py for tasks to queue
[2024-11-13T21:37:04.103+0000] {logging_mixin.py:190} INFO - [2024-11-13T21:37:04.103+0000] {dagbag.py:588} INFO - Filling up the DagBag from /home/airflow/.local/lib/python3.12/site-packages/airflow/example_dags/example_workday_timetable.py
[2024-11-13T21:37:04.106+0000] {processor.py:925} INFO - DAG(s) 'example_workday_timetable' retrieved from /home/airflow/.local/lib/python3.12/site-packages/airflow/example_dags/example_workday_timetable.py
[2024-11-13T21:37:04.113+0000] {logging_mixin.py:190} INFO - [2024-11-13T21:37:04.113+0000] {dag.py:3239} INFO - Sync 1 DAGs
[2024-11-13T21:37:04.133+0000] {logging_mixin.py:190} INFO - [2024-11-13T21:37:04.133+0000] {dag.py:4180} INFO - Setting next_dagrun for example_workday_timetable to 2021-01-04 00:00:00+00:00, run_after=2021-01-05 00:00:00+00:00
[2024-11-13T21:37:04.139+0000] {processor.py:208} INFO - Processing /home/airflow/.local/lib/python3.12/site-packages/airflow/example_dags/example_workday_timetable.py took 0.039 seconds
[2024-11-13T21:37:34.497+0000] {processor.py:186} INFO - Started process (PID=389) to work on /home/airflow/.local/lib/python3.12/site-packages/airflow/example_dags/example_workday_timetable.py
[2024-11-13T21:37:34.498+0000] {processor.py:914} INFO - Processing file /home/airflow/.local/lib/python3.12/site-packages/airflow/example_dags/example_workday_timetable.py for tasks to queue
[2024-11-13T21:37:34.500+0000] {logging_mixin.py:190} INFO - [2024-11-13T21:37:34.499+0000] {dagbag.py:588} INFO - Filling up the DagBag from /home/airflow/.local/lib/python3.12/site-packages/airflow/example_dags/example_workday_timetable.py
[2024-11-13T21:37:34.503+0000] {processor.py:925} INFO - DAG(s) 'example_workday_timetable' retrieved from /home/airflow/.local/lib/python3.12/site-packages/airflow/example_dags/example_workday_timetable.py
[2024-11-13T21:37:34.512+0000] {logging_mixin.py:190} INFO - [2024-11-13T21:37:34.511+0000] {dag.py:3239} INFO - Sync 1 DAGs
[2024-11-13T21:37:34.534+0000] {logging_mixin.py:190} INFO - [2024-11-13T21:37:34.534+0000] {dag.py:4180} INFO - Setting next_dagrun for example_workday_timetable to 2021-01-04 00:00:00+00:00, run_after=2021-01-05 00:00:00+00:00
[2024-11-13T21:37:34.543+0000] {processor.py:208} INFO - Processing /home/airflow/.local/lib/python3.12/site-packages/airflow/example_dags/example_workday_timetable.py took 0.048 seconds
[2024-11-13T21:38:04.929+0000] {processor.py:186} INFO - Started process (PID=452) to work on /home/airflow/.local/lib/python3.12/site-packages/airflow/example_dags/example_workday_timetable.py
[2024-11-13T21:38:04.930+0000] {processor.py:914} INFO - Processing file /home/airflow/.local/lib/python3.12/site-packages/airflow/example_dags/example_workday_timetable.py for tasks to queue
[2024-11-13T21:38:04.931+0000] {logging_mixin.py:190} INFO - [2024-11-13T21:38:04.931+0000] {dagbag.py:588} INFO - Filling up the DagBag from /home/airflow/.local/lib/python3.12/site-packages/airflow/example_dags/example_workday_timetable.py
[2024-11-13T21:38:04.934+0000] {processor.py:925} INFO - DAG(s) 'example_workday_timetable' retrieved from /home/airflow/.local/lib/python3.12/site-packages/airflow/example_dags/example_workday_timetable.py
[2024-11-13T21:38:04.941+0000] {logging_mixin.py:190} INFO - [2024-11-13T21:38:04.941+0000] {dag.py:3239} INFO - Sync 1 DAGs
[2024-11-13T21:38:04.964+0000] {logging_mixin.py:190} INFO - [2024-11-13T21:38:04.964+0000] {dag.py:4180} INFO - Setting next_dagrun for example_workday_timetable to 2021-01-04 00:00:00+00:00, run_after=2021-01-05 00:00:00+00:00
[2024-11-13T21:38:04.974+0000] {processor.py:208} INFO - Processing /home/airflow/.local/lib/python3.12/site-packages/airflow/example_dags/example_workday_timetable.py took 0.047 seconds
[2024-11-13T23:40:19.419+0000] {processor.py:186} INFO - Started process (PID=57) to work on /home/airflow/.local/lib/python3.12/site-packages/airflow/example_dags/example_workday_timetable.py
[2024-11-13T23:40:19.419+0000] {processor.py:914} INFO - Processing file /home/airflow/.local/lib/python3.12/site-packages/airflow/example_dags/example_workday_timetable.py for tasks to queue
[2024-11-13T23:40:19.420+0000] {logging_mixin.py:190} INFO - [2024-11-13T23:40:19.420+0000] {dagbag.py:588} INFO - Filling up the DagBag from /home/airflow/.local/lib/python3.12/site-packages/airflow/example_dags/example_workday_timetable.py
[2024-11-13T23:40:19.424+0000] {processor.py:925} INFO - DAG(s) 'example_workday_timetable' retrieved from /home/airflow/.local/lib/python3.12/site-packages/airflow/example_dags/example_workday_timetable.py
[2024-11-13T23:40:19.459+0000] {logging_mixin.py:190} INFO - [2024-11-13T23:40:19.459+0000] {override.py:1911} INFO - Created Permission View: can edit on DAG:example_workday_timetable
[2024-11-13T23:40:19.463+0000] {logging_mixin.py:190} INFO - [2024-11-13T23:40:19.463+0000] {override.py:1911} INFO - Created Permission View: can delete on DAG:example_workday_timetable
[2024-11-13T23:40:19.464+0000] {logging_mixin.py:190} INFO - [2024-11-13T23:40:19.464+0000] {override.py:1911} INFO - Created Permission View: can read on DAG:example_workday_timetable
[2024-11-13T23:40:19.466+0000] {logging_mixin.py:190} INFO - [2024-11-13T23:40:19.466+0000] {override.py:1911} INFO - Created Permission View: can delete on DAG Run:example_workday_timetable
[2024-11-13T23:40:19.468+0000] {logging_mixin.py:190} INFO - [2024-11-13T23:40:19.468+0000] {override.py:1911} INFO - Created Permission View: menu access on DAG Run:example_workday_timetable
[2024-11-13T23:40:19.469+0000] {logging_mixin.py:190} INFO - [2024-11-13T23:40:19.469+0000] {override.py:1911} INFO - Created Permission View: can read on DAG Run:example_workday_timetable
[2024-11-13T23:40:19.470+0000] {logging_mixin.py:190} INFO - [2024-11-13T23:40:19.470+0000] {override.py:1911} INFO - Created Permission View: can create on DAG Run:example_workday_timetable
[2024-11-13T23:40:19.471+0000] {logging_mixin.py:190} INFO - [2024-11-13T23:40:19.471+0000] {dag.py:3239} INFO - Sync 1 DAGs
[2024-11-13T23:40:19.475+0000] {logging_mixin.py:190} INFO - [2024-11-13T23:40:19.475+0000] {dag.py:3262} INFO - Creating ORM DAG for example_workday_timetable
[2024-11-13T23:40:19.494+0000] {logging_mixin.py:190} INFO - [2024-11-13T23:40:19.494+0000] {dag.py:4180} INFO - Setting next_dagrun for example_workday_timetable to 2021-01-04 00:00:00+00:00, run_after=2021-01-05 00:00:00+00:00
[2024-11-13T23:40:19.499+0000] {processor.py:208} INFO - Processing /home/airflow/.local/lib/python3.12/site-packages/airflow/example_dags/example_workday_timetable.py took 0.083 seconds
[2024-11-13T23:40:49.532+0000] {processor.py:186} INFO - Started process (PID=120) to work on /home/airflow/.local/lib/python3.12/site-packages/airflow/example_dags/example_workday_timetable.py
[2024-11-13T23:40:49.533+0000] {processor.py:914} INFO - Processing file /home/airflow/.local/lib/python3.12/site-packages/airflow/example_dags/example_workday_timetable.py for tasks to queue
[2024-11-13T23:40:49.534+0000] {logging_mixin.py:190} INFO - [2024-11-13T23:40:49.534+0000] {dagbag.py:588} INFO - Filling up the DagBag from /home/airflow/.local/lib/python3.12/site-packages/airflow/example_dags/example_workday_timetable.py
[2024-11-13T23:40:49.540+0000] {processor.py:925} INFO - DAG(s) 'example_workday_timetable' retrieved from /home/airflow/.local/lib/python3.12/site-packages/airflow/example_dags/example_workday_timetable.py
[2024-11-13T23:40:49.549+0000] {logging_mixin.py:190} INFO - [2024-11-13T23:40:49.549+0000] {dag.py:3239} INFO - Sync 1 DAGs
[2024-11-13T23:40:49.574+0000] {logging_mixin.py:190} INFO - [2024-11-13T23:40:49.574+0000] {dag.py:4180} INFO - Setting next_dagrun for example_workday_timetable to 2021-01-04 00:00:00+00:00, run_after=2021-01-05 00:00:00+00:00
[2024-11-13T23:40:49.584+0000] {processor.py:208} INFO - Processing /home/airflow/.local/lib/python3.12/site-packages/airflow/example_dags/example_workday_timetable.py took 0.055 seconds
[2024-11-13T23:41:20.858+0000] {processor.py:186} INFO - Started process (PID=182) to work on /home/airflow/.local/lib/python3.12/site-packages/airflow/example_dags/example_workday_timetable.py
[2024-11-13T23:41:20.858+0000] {processor.py:914} INFO - Processing file /home/airflow/.local/lib/python3.12/site-packages/airflow/example_dags/example_workday_timetable.py for tasks to queue
[2024-11-13T23:41:20.859+0000] {logging_mixin.py:190} INFO - [2024-11-13T23:41:20.859+0000] {dagbag.py:588} INFO - Filling up the DagBag from /home/airflow/.local/lib/python3.12/site-packages/airflow/example_dags/example_workday_timetable.py
[2024-11-13T23:41:20.862+0000] {processor.py:925} INFO - DAG(s) 'example_workday_timetable' retrieved from /home/airflow/.local/lib/python3.12/site-packages/airflow/example_dags/example_workday_timetable.py
[2024-11-13T23:41:20.873+0000] {logging_mixin.py:190} INFO - [2024-11-13T23:41:20.873+0000] {dag.py:3239} INFO - Sync 1 DAGs
[2024-11-13T23:41:20.896+0000] {logging_mixin.py:190} INFO - [2024-11-13T23:41:20.895+0000] {dag.py:4180} INFO - Setting next_dagrun for example_workday_timetable to 2021-01-04 00:00:00+00:00, run_after=2021-01-05 00:00:00+00:00
[2024-11-13T23:41:20.907+0000] {processor.py:208} INFO - Processing /home/airflow/.local/lib/python3.12/site-packages/airflow/example_dags/example_workday_timetable.py took 0.052 seconds
[2024-11-13T23:41:51.282+0000] {processor.py:186} INFO - Started process (PID=251) to work on /home/airflow/.local/lib/python3.12/site-packages/airflow/example_dags/example_workday_timetable.py
[2024-11-13T23:41:51.283+0000] {processor.py:914} INFO - Processing file /home/airflow/.local/lib/python3.12/site-packages/airflow/example_dags/example_workday_timetable.py for tasks to queue
[2024-11-13T23:41:51.285+0000] {logging_mixin.py:190} INFO - [2024-11-13T23:41:51.285+0000] {dagbag.py:588} INFO - Filling up the DagBag from /home/airflow/.local/lib/python3.12/site-packages/airflow/example_dags/example_workday_timetable.py
[2024-11-13T23:41:51.288+0000] {processor.py:925} INFO - DAG(s) 'example_workday_timetable' retrieved from /home/airflow/.local/lib/python3.12/site-packages/airflow/example_dags/example_workday_timetable.py
[2024-11-13T23:41:51.299+0000] {logging_mixin.py:190} INFO - [2024-11-13T23:41:51.299+0000] {dag.py:3239} INFO - Sync 1 DAGs
[2024-11-13T23:41:51.323+0000] {logging_mixin.py:190} INFO - [2024-11-13T23:41:51.322+0000] {dag.py:4180} INFO - Setting next_dagrun for example_workday_timetable to 2021-01-04 00:00:00+00:00, run_after=2021-01-05 00:00:00+00:00
[2024-11-13T23:41:51.330+0000] {processor.py:208} INFO - Processing /home/airflow/.local/lib/python3.12/site-packages/airflow/example_dags/example_workday_timetable.py took 0.050 seconds
[2024-11-13T23:42:21.783+0000] {processor.py:186} INFO - Started process (PID=314) to work on /home/airflow/.local/lib/python3.12/site-packages/airflow/example_dags/example_workday_timetable.py
[2024-11-13T23:42:21.783+0000] {processor.py:914} INFO - Processing file /home/airflow/.local/lib/python3.12/site-packages/airflow/example_dags/example_workday_timetable.py for tasks to queue
[2024-11-13T23:42:21.785+0000] {logging_mixin.py:190} INFO - [2024-11-13T23:42:21.784+0000] {dagbag.py:588} INFO - Filling up the DagBag from /home/airflow/.local/lib/python3.12/site-packages/airflow/example_dags/example_workday_timetable.py
[2024-11-13T23:42:21.787+0000] {processor.py:925} INFO - DAG(s) 'example_workday_timetable' retrieved from /home/airflow/.local/lib/python3.12/site-packages/airflow/example_dags/example_workday_timetable.py
[2024-11-13T23:42:21.800+0000] {logging_mixin.py:190} INFO - [2024-11-13T23:42:21.800+0000] {dag.py:3239} INFO - Sync 1 DAGs
[2024-11-13T23:42:21.825+0000] {logging_mixin.py:190} INFO - [2024-11-13T23:42:21.825+0000] {dag.py:4180} INFO - Setting next_dagrun for example_workday_timetable to 2021-01-04 00:00:00+00:00, run_after=2021-01-05 00:00:00+00:00
[2024-11-13T23:42:21.838+0000] {processor.py:208} INFO - Processing /home/airflow/.local/lib/python3.12/site-packages/airflow/example_dags/example_workday_timetable.py took 0.058 seconds
[2024-11-13T23:42:52.142+0000] {processor.py:186} INFO - Started process (PID=377) to work on /home/airflow/.local/lib/python3.12/site-packages/airflow/example_dags/example_workday_timetable.py
[2024-11-13T23:42:52.143+0000] {processor.py:914} INFO - Processing file /home/airflow/.local/lib/python3.12/site-packages/airflow/example_dags/example_workday_timetable.py for tasks to queue
[2024-11-13T23:42:52.144+0000] {logging_mixin.py:190} INFO - [2024-11-13T23:42:52.144+0000] {dagbag.py:588} INFO - Filling up the DagBag from /home/airflow/.local/lib/python3.12/site-packages/airflow/example_dags/example_workday_timetable.py
[2024-11-13T23:42:52.146+0000] {processor.py:925} INFO - DAG(s) 'example_workday_timetable' retrieved from /home/airflow/.local/lib/python3.12/site-packages/airflow/example_dags/example_workday_timetable.py
[2024-11-13T23:42:52.154+0000] {logging_mixin.py:190} INFO - [2024-11-13T23:42:52.153+0000] {dag.py:3239} INFO - Sync 1 DAGs
[2024-11-13T23:42:52.173+0000] {logging_mixin.py:190} INFO - [2024-11-13T23:42:52.173+0000] {dag.py:4180} INFO - Setting next_dagrun for example_workday_timetable to 2021-01-04 00:00:00+00:00, run_after=2021-01-05 00:00:00+00:00
[2024-11-13T23:42:52.179+0000] {processor.py:208} INFO - Processing /home/airflow/.local/lib/python3.12/site-packages/airflow/example_dags/example_workday_timetable.py took 0.038 seconds
[2024-11-13T23:43:23.467+0000] {processor.py:186} INFO - Started process (PID=440) to work on /home/airflow/.local/lib/python3.12/site-packages/airflow/example_dags/example_workday_timetable.py
[2024-11-13T23:43:23.468+0000] {processor.py:914} INFO - Processing file /home/airflow/.local/lib/python3.12/site-packages/airflow/example_dags/example_workday_timetable.py for tasks to queue
[2024-11-13T23:43:23.469+0000] {logging_mixin.py:190} INFO - [2024-11-13T23:43:23.469+0000] {dagbag.py:588} INFO - Filling up the DagBag from /home/airflow/.local/lib/python3.12/site-packages/airflow/example_dags/example_workday_timetable.py
[2024-11-13T23:43:23.473+0000] {processor.py:925} INFO - DAG(s) 'example_workday_timetable' retrieved from /home/airflow/.local/lib/python3.12/site-packages/airflow/example_dags/example_workday_timetable.py
[2024-11-13T23:43:23.481+0000] {logging_mixin.py:190} INFO - [2024-11-13T23:43:23.481+0000] {dag.py:3239} INFO - Sync 1 DAGs
[2024-11-13T23:43:23.502+0000] {logging_mixin.py:190} INFO - [2024-11-13T23:43:23.502+0000] {dag.py:4180} INFO - Setting next_dagrun for example_workday_timetable to 2021-01-04 00:00:00+00:00, run_after=2021-01-05 00:00:00+00:00
[2024-11-13T23:43:23.511+0000] {processor.py:208} INFO - Processing /home/airflow/.local/lib/python3.12/site-packages/airflow/example_dags/example_workday_timetable.py took 0.045 seconds
[2024-11-13T23:43:54.675+0000] {processor.py:186} INFO - Started process (PID=503) to work on /home/airflow/.local/lib/python3.12/site-packages/airflow/example_dags/example_workday_timetable.py
[2024-11-13T23:43:54.675+0000] {processor.py:914} INFO - Processing file /home/airflow/.local/lib/python3.12/site-packages/airflow/example_dags/example_workday_timetable.py for tasks to queue
[2024-11-13T23:43:54.676+0000] {logging_mixin.py:190} INFO - [2024-11-13T23:43:54.676+0000] {dagbag.py:588} INFO - Filling up the DagBag from /home/airflow/.local/lib/python3.12/site-packages/airflow/example_dags/example_workday_timetable.py
[2024-11-13T23:43:54.679+0000] {processor.py:925} INFO - DAG(s) 'example_workday_timetable' retrieved from /home/airflow/.local/lib/python3.12/site-packages/airflow/example_dags/example_workday_timetable.py
[2024-11-13T23:43:54.687+0000] {logging_mixin.py:190} INFO - [2024-11-13T23:43:54.687+0000] {dag.py:3239} INFO - Sync 1 DAGs
[2024-11-13T23:43:54.709+0000] {logging_mixin.py:190} INFO - [2024-11-13T23:43:54.709+0000] {dag.py:4180} INFO - Setting next_dagrun for example_workday_timetable to 2021-01-04 00:00:00+00:00, run_after=2021-01-05 00:00:00+00:00
[2024-11-13T23:43:54.717+0000] {processor.py:208} INFO - Processing /home/airflow/.local/lib/python3.12/site-packages/airflow/example_dags/example_workday_timetable.py took 0.045 seconds
[2024-11-13T23:44:25.988+0000] {processor.py:186} INFO - Started process (PID=566) to work on /home/airflow/.local/lib/python3.12/site-packages/airflow/example_dags/example_workday_timetable.py
[2024-11-13T23:44:25.989+0000] {processor.py:914} INFO - Processing file /home/airflow/.local/lib/python3.12/site-packages/airflow/example_dags/example_workday_timetable.py for tasks to queue
[2024-11-13T23:44:25.989+0000] {logging_mixin.py:190} INFO - [2024-11-13T23:44:25.989+0000] {dagbag.py:588} INFO - Filling up the DagBag from /home/airflow/.local/lib/python3.12/site-packages/airflow/example_dags/example_workday_timetable.py
[2024-11-13T23:44:25.992+0000] {processor.py:925} INFO - DAG(s) 'example_workday_timetable' retrieved from /home/airflow/.local/lib/python3.12/site-packages/airflow/example_dags/example_workday_timetable.py
[2024-11-13T23:44:26.001+0000] {logging_mixin.py:190} INFO - [2024-11-13T23:44:26.000+0000] {dag.py:3239} INFO - Sync 1 DAGs
[2024-11-13T23:44:26.022+0000] {logging_mixin.py:190} INFO - [2024-11-13T23:44:26.022+0000] {dag.py:4180} INFO - Setting next_dagrun for example_workday_timetable to 2021-01-04 00:00:00+00:00, run_after=2021-01-05 00:00:00+00:00
[2024-11-13T23:44:26.031+0000] {processor.py:208} INFO - Processing /home/airflow/.local/lib/python3.12/site-packages/airflow/example_dags/example_workday_timetable.py took 0.045 seconds
[2024-11-13T23:44:57.271+0000] {processor.py:186} INFO - Started process (PID=629) to work on /home/airflow/.local/lib/python3.12/site-packages/airflow/example_dags/example_workday_timetable.py
[2024-11-13T23:44:57.272+0000] {processor.py:914} INFO - Processing file /home/airflow/.local/lib/python3.12/site-packages/airflow/example_dags/example_workday_timetable.py for tasks to queue
[2024-11-13T23:44:57.273+0000] {logging_mixin.py:190} INFO - [2024-11-13T23:44:57.273+0000] {dagbag.py:588} INFO - Filling up the DagBag from /home/airflow/.local/lib/python3.12/site-packages/airflow/example_dags/example_workday_timetable.py
[2024-11-13T23:44:57.275+0000] {processor.py:925} INFO - DAG(s) 'example_workday_timetable' retrieved from /home/airflow/.local/lib/python3.12/site-packages/airflow/example_dags/example_workday_timetable.py
[2024-11-13T23:44:57.283+0000] {logging_mixin.py:190} INFO - [2024-11-13T23:44:57.283+0000] {dag.py:3239} INFO - Sync 1 DAGs
[2024-11-13T23:44:57.307+0000] {logging_mixin.py:190} INFO - [2024-11-13T23:44:57.307+0000] {dag.py:4180} INFO - Setting next_dagrun for example_workday_timetable to 2021-01-04 00:00:00+00:00, run_after=2021-01-05 00:00:00+00:00
[2024-11-13T23:44:57.319+0000] {processor.py:208} INFO - Processing /home/airflow/.local/lib/python3.12/site-packages/airflow/example_dags/example_workday_timetable.py took 0.050 seconds
[2024-11-13T23:45:28.481+0000] {processor.py:186} INFO - Started process (PID=692) to work on /home/airflow/.local/lib/python3.12/site-packages/airflow/example_dags/example_workday_timetable.py
[2024-11-13T23:45:28.481+0000] {processor.py:914} INFO - Processing file /home/airflow/.local/lib/python3.12/site-packages/airflow/example_dags/example_workday_timetable.py for tasks to queue
[2024-11-13T23:45:28.482+0000] {logging_mixin.py:190} INFO - [2024-11-13T23:45:28.482+0000] {dagbag.py:588} INFO - Filling up the DagBag from /home/airflow/.local/lib/python3.12/site-packages/airflow/example_dags/example_workday_timetable.py
[2024-11-13T23:45:28.485+0000] {processor.py:925} INFO - DAG(s) 'example_workday_timetable' retrieved from /home/airflow/.local/lib/python3.12/site-packages/airflow/example_dags/example_workday_timetable.py
[2024-11-13T23:45:28.493+0000] {logging_mixin.py:190} INFO - [2024-11-13T23:45:28.493+0000] {dag.py:3239} INFO - Sync 1 DAGs
[2024-11-13T23:45:28.515+0000] {logging_mixin.py:190} INFO - [2024-11-13T23:45:28.514+0000] {dag.py:4180} INFO - Setting next_dagrun for example_workday_timetable to 2021-01-04 00:00:00+00:00, run_after=2021-01-05 00:00:00+00:00
[2024-11-13T23:45:28.522+0000] {processor.py:208} INFO - Processing /home/airflow/.local/lib/python3.12/site-packages/airflow/example_dags/example_workday_timetable.py took 0.044 seconds
[2024-11-13T23:45:59.638+0000] {processor.py:186} INFO - Started process (PID=755) to work on /home/airflow/.local/lib/python3.12/site-packages/airflow/example_dags/example_workday_timetable.py
[2024-11-13T23:45:59.639+0000] {processor.py:914} INFO - Processing file /home/airflow/.local/lib/python3.12/site-packages/airflow/example_dags/example_workday_timetable.py for tasks to queue
[2024-11-13T23:45:59.640+0000] {logging_mixin.py:190} INFO - [2024-11-13T23:45:59.640+0000] {dagbag.py:588} INFO - Filling up the DagBag from /home/airflow/.local/lib/python3.12/site-packages/airflow/example_dags/example_workday_timetable.py
[2024-11-13T23:45:59.643+0000] {processor.py:925} INFO - DAG(s) 'example_workday_timetable' retrieved from /home/airflow/.local/lib/python3.12/site-packages/airflow/example_dags/example_workday_timetable.py
[2024-11-13T23:45:59.651+0000] {logging_mixin.py:190} INFO - [2024-11-13T23:45:59.651+0000] {dag.py:3239} INFO - Sync 1 DAGs
[2024-11-13T23:45:59.672+0000] {logging_mixin.py:190} INFO - [2024-11-13T23:45:59.672+0000] {dag.py:4180} INFO - Setting next_dagrun for example_workday_timetable to 2021-01-04 00:00:00+00:00, run_after=2021-01-05 00:00:00+00:00
[2024-11-13T23:45:59.678+0000] {processor.py:208} INFO - Processing /home/airflow/.local/lib/python3.12/site-packages/airflow/example_dags/example_workday_timetable.py took 0.042 seconds
[2024-11-13T23:46:30.922+0000] {processor.py:186} INFO - Started process (PID=818) to work on /home/airflow/.local/lib/python3.12/site-packages/airflow/example_dags/example_workday_timetable.py
[2024-11-13T23:46:30.924+0000] {processor.py:914} INFO - Processing file /home/airflow/.local/lib/python3.12/site-packages/airflow/example_dags/example_workday_timetable.py for tasks to queue
[2024-11-13T23:46:30.925+0000] {logging_mixin.py:190} INFO - [2024-11-13T23:46:30.925+0000] {dagbag.py:588} INFO - Filling up the DagBag from /home/airflow/.local/lib/python3.12/site-packages/airflow/example_dags/example_workday_timetable.py
[2024-11-13T23:46:30.928+0000] {processor.py:925} INFO - DAG(s) 'example_workday_timetable' retrieved from /home/airflow/.local/lib/python3.12/site-packages/airflow/example_dags/example_workday_timetable.py
[2024-11-13T23:46:30.936+0000] {logging_mixin.py:190} INFO - [2024-11-13T23:46:30.936+0000] {dag.py:3239} INFO - Sync 1 DAGs
[2024-11-13T23:46:30.956+0000] {logging_mixin.py:190} INFO - [2024-11-13T23:46:30.956+0000] {dag.py:4180} INFO - Setting next_dagrun for example_workday_timetable to 2021-01-04 00:00:00+00:00, run_after=2021-01-05 00:00:00+00:00
[2024-11-13T23:46:30.962+0000] {processor.py:208} INFO - Processing /home/airflow/.local/lib/python3.12/site-packages/airflow/example_dags/example_workday_timetable.py took 0.042 seconds
[2024-11-13T23:47:02.257+0000] {processor.py:186} INFO - Started process (PID=881) to work on /home/airflow/.local/lib/python3.12/site-packages/airflow/example_dags/example_workday_timetable.py
[2024-11-13T23:47:02.258+0000] {processor.py:914} INFO - Processing file /home/airflow/.local/lib/python3.12/site-packages/airflow/example_dags/example_workday_timetable.py for tasks to queue
[2024-11-13T23:47:02.259+0000] {logging_mixin.py:190} INFO - [2024-11-13T23:47:02.259+0000] {dagbag.py:588} INFO - Filling up the DagBag from /home/airflow/.local/lib/python3.12/site-packages/airflow/example_dags/example_workday_timetable.py
[2024-11-13T23:47:02.262+0000] {processor.py:925} INFO - DAG(s) 'example_workday_timetable' retrieved from /home/airflow/.local/lib/python3.12/site-packages/airflow/example_dags/example_workday_timetable.py
[2024-11-13T23:47:02.269+0000] {logging_mixin.py:190} INFO - [2024-11-13T23:47:02.269+0000] {dag.py:3239} INFO - Sync 1 DAGs
[2024-11-13T23:47:02.293+0000] {logging_mixin.py:190} INFO - [2024-11-13T23:47:02.293+0000] {dag.py:4180} INFO - Setting next_dagrun for example_workday_timetable to 2021-01-04 00:00:00+00:00, run_after=2021-01-05 00:00:00+00:00
[2024-11-13T23:47:02.300+0000] {processor.py:208} INFO - Processing /home/airflow/.local/lib/python3.12/site-packages/airflow/example_dags/example_workday_timetable.py took 0.045 seconds
[2024-11-13T23:47:33.536+0000] {processor.py:186} INFO - Started process (PID=944) to work on /home/airflow/.local/lib/python3.12/site-packages/airflow/example_dags/example_workday_timetable.py
[2024-11-13T23:47:33.536+0000] {processor.py:914} INFO - Processing file /home/airflow/.local/lib/python3.12/site-packages/airflow/example_dags/example_workday_timetable.py for tasks to queue
[2024-11-13T23:47:33.539+0000] {logging_mixin.py:190} INFO - [2024-11-13T23:47:33.539+0000] {dagbag.py:588} INFO - Filling up the DagBag from /home/airflow/.local/lib/python3.12/site-packages/airflow/example_dags/example_workday_timetable.py
[2024-11-13T23:47:33.541+0000] {processor.py:925} INFO - DAG(s) 'example_workday_timetable' retrieved from /home/airflow/.local/lib/python3.12/site-packages/airflow/example_dags/example_workday_timetable.py
[2024-11-13T23:47:33.549+0000] {logging_mixin.py:190} INFO - [2024-11-13T23:47:33.549+0000] {dag.py:3239} INFO - Sync 1 DAGs
[2024-11-13T23:47:33.569+0000] {logging_mixin.py:190} INFO - [2024-11-13T23:47:33.569+0000] {dag.py:4180} INFO - Setting next_dagrun for example_workday_timetable to 2021-01-04 00:00:00+00:00, run_after=2021-01-05 00:00:00+00:00
[2024-11-13T23:47:33.577+0000] {processor.py:208} INFO - Processing /home/airflow/.local/lib/python3.12/site-packages/airflow/example_dags/example_workday_timetable.py took 0.043 seconds
