[2024-11-13T21:28:29.183+0000] {processor.py:186} INFO - Started process (PID=81) to work on /home/airflow/.local/lib/python3.12/site-packages/airflow/example_dags/example_latest_only.py
[2024-11-13T21:28:29.183+0000] {processor.py:914} INFO - Processing file /home/airflow/.local/lib/python3.12/site-packages/airflow/example_dags/example_latest_only.py for tasks to queue
[2024-11-13T21:28:29.184+0000] {logging_mixin.py:190} INFO - [2024-11-13T21:28:29.184+0000] {dagbag.py:588} INFO - Filling up the DagBag from /home/airflow/.local/lib/python3.12/site-packages/airflow/example_dags/example_latest_only.py
[2024-11-13T21:28:29.188+0000] {processor.py:925} INFO - DAG(s) 'latest_only' retrieved from /home/airflow/.local/lib/python3.12/site-packages/airflow/example_dags/example_latest_only.py
[2024-11-13T21:28:29.229+0000] {logging_mixin.py:190} INFO - [2024-11-13T21:28:29.229+0000] {override.py:1911} INFO - Created Permission View: can edit on DAG:latest_only
[2024-11-13T21:28:29.232+0000] {logging_mixin.py:190} INFO - [2024-11-13T21:28:29.232+0000] {override.py:1911} INFO - Created Permission View: can read on DAG:latest_only
[2024-11-13T21:28:29.234+0000] {logging_mixin.py:190} INFO - [2024-11-13T21:28:29.234+0000] {override.py:1911} INFO - Created Permission View: can delete on DAG:latest_only
[2024-11-13T21:28:29.236+0000] {logging_mixin.py:190} INFO - [2024-11-13T21:28:29.236+0000] {override.py:1911} INFO - Created Permission View: can delete on DAG Run:latest_only
[2024-11-13T21:28:29.237+0000] {logging_mixin.py:190} INFO - [2024-11-13T21:28:29.237+0000] {override.py:1911} INFO - Created Permission View: can read on DAG Run:latest_only
[2024-11-13T21:28:29.239+0000] {logging_mixin.py:190} INFO - [2024-11-13T21:28:29.239+0000] {override.py:1911} INFO - Created Permission View: menu access on DAG Run:latest_only
[2024-11-13T21:28:29.240+0000] {logging_mixin.py:190} INFO - [2024-11-13T21:28:29.240+0000] {override.py:1911} INFO - Created Permission View: can create on DAG Run:latest_only
[2024-11-13T21:28:29.240+0000] {logging_mixin.py:190} INFO - [2024-11-13T21:28:29.240+0000] {dag.py:3239} INFO - Sync 1 DAGs
[2024-11-13T21:28:29.246+0000] {logging_mixin.py:190} INFO - [2024-11-13T21:28:29.246+0000] {dag.py:3262} INFO - Creating ORM DAG for latest_only
[2024-11-13T21:28:29.249+0000] {logging_mixin.py:190} INFO - [2024-11-13T21:28:29.249+0000] {dag.py:4180} INFO - Setting next_dagrun for latest_only to 2024-11-13 16:00:00+00:00, run_after=2024-11-13 20:00:00+00:00
[2024-11-13T21:28:29.256+0000] {processor.py:208} INFO - Processing /home/airflow/.local/lib/python3.12/site-packages/airflow/example_dags/example_latest_only.py took 0.075 seconds
[2024-11-13T21:28:59.882+0000] {processor.py:186} INFO - Started process (PID=143) to work on /home/airflow/.local/lib/python3.12/site-packages/airflow/example_dags/example_latest_only.py
[2024-11-13T21:28:59.882+0000] {processor.py:914} INFO - Processing file /home/airflow/.local/lib/python3.12/site-packages/airflow/example_dags/example_latest_only.py for tasks to queue
[2024-11-13T21:28:59.883+0000] {logging_mixin.py:190} INFO - [2024-11-13T21:28:59.883+0000] {dagbag.py:588} INFO - Filling up the DagBag from /home/airflow/.local/lib/python3.12/site-packages/airflow/example_dags/example_latest_only.py
[2024-11-13T21:28:59.886+0000] {processor.py:925} INFO - DAG(s) 'latest_only' retrieved from /home/airflow/.local/lib/python3.12/site-packages/airflow/example_dags/example_latest_only.py
[2024-11-13T21:28:59.895+0000] {logging_mixin.py:190} INFO - [2024-11-13T21:28:59.895+0000] {dag.py:3239} INFO - Sync 1 DAGs
[2024-11-13T21:28:59.905+0000] {logging_mixin.py:190} INFO - [2024-11-13T21:28:59.905+0000] {dag.py:4180} INFO - Setting next_dagrun for latest_only to 2024-11-13 16:00:00+00:00, run_after=2024-11-13 20:00:00+00:00
[2024-11-13T21:28:59.913+0000] {processor.py:208} INFO - Processing /home/airflow/.local/lib/python3.12/site-packages/airflow/example_dags/example_latest_only.py took 0.034 seconds
[2024-11-13T21:29:30.276+0000] {processor.py:186} INFO - Started process (PID=205) to work on /home/airflow/.local/lib/python3.12/site-packages/airflow/example_dags/example_latest_only.py
[2024-11-13T21:29:30.277+0000] {processor.py:914} INFO - Processing file /home/airflow/.local/lib/python3.12/site-packages/airflow/example_dags/example_latest_only.py for tasks to queue
[2024-11-13T21:29:30.278+0000] {logging_mixin.py:190} INFO - [2024-11-13T21:29:30.278+0000] {dagbag.py:588} INFO - Filling up the DagBag from /home/airflow/.local/lib/python3.12/site-packages/airflow/example_dags/example_latest_only.py
[2024-11-13T21:29:30.281+0000] {processor.py:925} INFO - DAG(s) 'latest_only' retrieved from /home/airflow/.local/lib/python3.12/site-packages/airflow/example_dags/example_latest_only.py
[2024-11-13T21:29:30.289+0000] {logging_mixin.py:190} INFO - [2024-11-13T21:29:30.289+0000] {dag.py:3239} INFO - Sync 1 DAGs
[2024-11-13T21:29:30.298+0000] {logging_mixin.py:190} INFO - [2024-11-13T21:29:30.298+0000] {dag.py:4180} INFO - Setting next_dagrun for latest_only to 2024-11-13 16:00:00+00:00, run_after=2024-11-13 20:00:00+00:00
[2024-11-13T21:29:30.304+0000] {processor.py:208} INFO - Processing /home/airflow/.local/lib/python3.12/site-packages/airflow/example_dags/example_latest_only.py took 0.030 seconds
[2024-11-13T21:30:00.507+0000] {processor.py:186} INFO - Started process (PID=267) to work on /home/airflow/.local/lib/python3.12/site-packages/airflow/example_dags/example_latest_only.py
[2024-11-13T21:30:00.508+0000] {processor.py:914} INFO - Processing file /home/airflow/.local/lib/python3.12/site-packages/airflow/example_dags/example_latest_only.py for tasks to queue
[2024-11-13T21:30:00.509+0000] {logging_mixin.py:190} INFO - [2024-11-13T21:30:00.509+0000] {dagbag.py:588} INFO - Filling up the DagBag from /home/airflow/.local/lib/python3.12/site-packages/airflow/example_dags/example_latest_only.py
[2024-11-13T21:30:00.512+0000] {processor.py:925} INFO - DAG(s) 'latest_only' retrieved from /home/airflow/.local/lib/python3.12/site-packages/airflow/example_dags/example_latest_only.py
[2024-11-13T21:30:00.521+0000] {logging_mixin.py:190} INFO - [2024-11-13T21:30:00.520+0000] {dag.py:3239} INFO - Sync 1 DAGs
[2024-11-13T21:30:00.531+0000] {logging_mixin.py:190} INFO - [2024-11-13T21:30:00.531+0000] {dag.py:4180} INFO - Setting next_dagrun for latest_only to 2024-11-13 16:00:00+00:00, run_after=2024-11-13 20:00:00+00:00
[2024-11-13T21:30:00.539+0000] {processor.py:208} INFO - Processing /home/airflow/.local/lib/python3.12/site-packages/airflow/example_dags/example_latest_only.py took 0.034 seconds
[2024-11-13T21:30:31.816+0000] {processor.py:186} INFO - Started process (PID=337) to work on /home/airflow/.local/lib/python3.12/site-packages/airflow/example_dags/example_latest_only.py
[2024-11-13T21:30:31.817+0000] {processor.py:914} INFO - Processing file /home/airflow/.local/lib/python3.12/site-packages/airflow/example_dags/example_latest_only.py for tasks to queue
[2024-11-13T21:30:31.818+0000] {logging_mixin.py:190} INFO - [2024-11-13T21:30:31.818+0000] {dagbag.py:588} INFO - Filling up the DagBag from /home/airflow/.local/lib/python3.12/site-packages/airflow/example_dags/example_latest_only.py
[2024-11-13T21:30:31.822+0000] {processor.py:925} INFO - DAG(s) 'latest_only' retrieved from /home/airflow/.local/lib/python3.12/site-packages/airflow/example_dags/example_latest_only.py
[2024-11-13T21:30:31.831+0000] {logging_mixin.py:190} INFO - [2024-11-13T21:30:31.831+0000] {dag.py:3239} INFO - Sync 1 DAGs
[2024-11-13T21:30:31.841+0000] {logging_mixin.py:190} INFO - [2024-11-13T21:30:31.841+0000] {dag.py:4180} INFO - Setting next_dagrun for latest_only to 2024-11-13 16:00:00+00:00, run_after=2024-11-13 20:00:00+00:00
[2024-11-13T21:30:31.847+0000] {processor.py:208} INFO - Processing /home/airflow/.local/lib/python3.12/site-packages/airflow/example_dags/example_latest_only.py took 0.033 seconds
[2024-11-13T21:35:03.276+0000] {processor.py:186} INFO - Started process (PID=83) to work on /home/airflow/.local/lib/python3.12/site-packages/airflow/example_dags/example_latest_only.py
[2024-11-13T21:35:03.276+0000] {processor.py:914} INFO - Processing file /home/airflow/.local/lib/python3.12/site-packages/airflow/example_dags/example_latest_only.py for tasks to queue
[2024-11-13T21:35:03.277+0000] {logging_mixin.py:190} INFO - [2024-11-13T21:35:03.277+0000] {dagbag.py:588} INFO - Filling up the DagBag from /home/airflow/.local/lib/python3.12/site-packages/airflow/example_dags/example_latest_only.py
[2024-11-13T21:35:03.281+0000] {processor.py:925} INFO - DAG(s) 'latest_only' retrieved from /home/airflow/.local/lib/python3.12/site-packages/airflow/example_dags/example_latest_only.py
[2024-11-13T21:35:03.336+0000] {logging_mixin.py:190} INFO - [2024-11-13T21:35:03.335+0000] {override.py:1911} INFO - Created Permission View: can edit on DAG:latest_only
[2024-11-13T21:35:03.342+0000] {logging_mixin.py:190} INFO - [2024-11-13T21:35:03.342+0000] {override.py:1911} INFO - Created Permission View: can delete on DAG:latest_only
[2024-11-13T21:35:03.345+0000] {logging_mixin.py:190} INFO - [2024-11-13T21:35:03.345+0000] {override.py:1911} INFO - Created Permission View: can read on DAG:latest_only
[2024-11-13T21:35:03.349+0000] {logging_mixin.py:190} INFO - [2024-11-13T21:35:03.349+0000] {override.py:1911} INFO - Created Permission View: can create on DAG Run:latest_only
[2024-11-13T21:35:03.351+0000] {logging_mixin.py:190} INFO - [2024-11-13T21:35:03.351+0000] {override.py:1911} INFO - Created Permission View: can delete on DAG Run:latest_only
[2024-11-13T21:35:03.354+0000] {logging_mixin.py:190} INFO - [2024-11-13T21:35:03.353+0000] {override.py:1911} INFO - Created Permission View: menu access on DAG Run:latest_only
[2024-11-13T21:35:03.356+0000] {logging_mixin.py:190} INFO - [2024-11-13T21:35:03.356+0000] {override.py:1911} INFO - Created Permission View: can read on DAG Run:latest_only
[2024-11-13T21:35:03.356+0000] {logging_mixin.py:190} INFO - [2024-11-13T21:35:03.356+0000] {dag.py:3239} INFO - Sync 1 DAGs
[2024-11-13T21:35:03.362+0000] {logging_mixin.py:190} INFO - [2024-11-13T21:35:03.362+0000] {dag.py:3262} INFO - Creating ORM DAG for latest_only
[2024-11-13T21:35:03.368+0000] {logging_mixin.py:190} INFO - [2024-11-13T21:35:03.368+0000] {dag.py:4180} INFO - Setting next_dagrun for latest_only to 2024-11-13 16:00:00+00:00, run_after=2024-11-13 20:00:00+00:00
[2024-11-13T21:35:03.378+0000] {processor.py:208} INFO - Processing /home/airflow/.local/lib/python3.12/site-packages/airflow/example_dags/example_latest_only.py took 0.106 seconds
[2024-11-13T21:35:34.344+0000] {processor.py:186} INFO - Started process (PID=152) to work on /home/airflow/.local/lib/python3.12/site-packages/airflow/example_dags/example_latest_only.py
[2024-11-13T21:35:34.346+0000] {processor.py:914} INFO - Processing file /home/airflow/.local/lib/python3.12/site-packages/airflow/example_dags/example_latest_only.py for tasks to queue
[2024-11-13T21:35:34.350+0000] {logging_mixin.py:190} INFO - [2024-11-13T21:35:34.349+0000] {dagbag.py:588} INFO - Filling up the DagBag from /home/airflow/.local/lib/python3.12/site-packages/airflow/example_dags/example_latest_only.py
[2024-11-13T21:35:34.355+0000] {processor.py:925} INFO - DAG(s) 'latest_only' retrieved from /home/airflow/.local/lib/python3.12/site-packages/airflow/example_dags/example_latest_only.py
[2024-11-13T21:35:34.369+0000] {logging_mixin.py:190} INFO - [2024-11-13T21:35:34.369+0000] {dag.py:3239} INFO - Sync 1 DAGs
[2024-11-13T21:35:34.381+0000] {logging_mixin.py:190} INFO - [2024-11-13T21:35:34.381+0000] {dag.py:4180} INFO - Setting next_dagrun for latest_only to 2024-11-13 16:00:00+00:00, run_after=2024-11-13 20:00:00+00:00
[2024-11-13T21:35:34.390+0000] {processor.py:208} INFO - Processing /home/airflow/.local/lib/python3.12/site-packages/airflow/example_dags/example_latest_only.py took 0.052 seconds
[2024-11-13T21:36:04.882+0000] {processor.py:186} INFO - Started process (PID=219) to work on /home/airflow/.local/lib/python3.12/site-packages/airflow/example_dags/example_latest_only.py
[2024-11-13T21:36:04.883+0000] {processor.py:914} INFO - Processing file /home/airflow/.local/lib/python3.12/site-packages/airflow/example_dags/example_latest_only.py for tasks to queue
[2024-11-13T21:36:04.885+0000] {logging_mixin.py:190} INFO - [2024-11-13T21:36:04.885+0000] {dagbag.py:588} INFO - Filling up the DagBag from /home/airflow/.local/lib/python3.12/site-packages/airflow/example_dags/example_latest_only.py
[2024-11-13T21:36:04.890+0000] {processor.py:925} INFO - DAG(s) 'latest_only' retrieved from /home/airflow/.local/lib/python3.12/site-packages/airflow/example_dags/example_latest_only.py
[2024-11-13T21:36:04.902+0000] {logging_mixin.py:190} INFO - [2024-11-13T21:36:04.902+0000] {dag.py:3239} INFO - Sync 1 DAGs
[2024-11-13T21:36:04.916+0000] {logging_mixin.py:190} INFO - [2024-11-13T21:36:04.916+0000] {dag.py:4180} INFO - Setting next_dagrun for latest_only to 2024-11-13 16:00:00+00:00, run_after=2024-11-13 20:00:00+00:00
[2024-11-13T21:36:04.925+0000] {processor.py:208} INFO - Processing /home/airflow/.local/lib/python3.12/site-packages/airflow/example_dags/example_latest_only.py took 0.049 seconds
[2024-11-13T21:36:35.397+0000] {processor.py:186} INFO - Started process (PID=282) to work on /home/airflow/.local/lib/python3.12/site-packages/airflow/example_dags/example_latest_only.py
[2024-11-13T21:36:35.401+0000] {processor.py:914} INFO - Processing file /home/airflow/.local/lib/python3.12/site-packages/airflow/example_dags/example_latest_only.py for tasks to queue
[2024-11-13T21:36:35.404+0000] {logging_mixin.py:190} INFO - [2024-11-13T21:36:35.404+0000] {dagbag.py:588} INFO - Filling up the DagBag from /home/airflow/.local/lib/python3.12/site-packages/airflow/example_dags/example_latest_only.py
[2024-11-13T21:36:35.410+0000] {processor.py:925} INFO - DAG(s) 'latest_only' retrieved from /home/airflow/.local/lib/python3.12/site-packages/airflow/example_dags/example_latest_only.py
[2024-11-13T21:36:35.426+0000] {logging_mixin.py:190} INFO - [2024-11-13T21:36:35.426+0000] {dag.py:3239} INFO - Sync 1 DAGs
[2024-11-13T21:36:35.440+0000] {logging_mixin.py:190} INFO - [2024-11-13T21:36:35.440+0000] {dag.py:4180} INFO - Setting next_dagrun for latest_only to 2024-11-13 16:00:00+00:00, run_after=2024-11-13 20:00:00+00:00
[2024-11-13T21:36:35.447+0000] {processor.py:208} INFO - Processing /home/airflow/.local/lib/python3.12/site-packages/airflow/example_dags/example_latest_only.py took 0.056 seconds
[2024-11-13T21:37:05.823+0000] {processor.py:186} INFO - Started process (PID=345) to work on /home/airflow/.local/lib/python3.12/site-packages/airflow/example_dags/example_latest_only.py
[2024-11-13T21:37:05.826+0000] {processor.py:914} INFO - Processing file /home/airflow/.local/lib/python3.12/site-packages/airflow/example_dags/example_latest_only.py for tasks to queue
[2024-11-13T21:37:05.828+0000] {logging_mixin.py:190} INFO - [2024-11-13T21:37:05.827+0000] {dagbag.py:588} INFO - Filling up the DagBag from /home/airflow/.local/lib/python3.12/site-packages/airflow/example_dags/example_latest_only.py
[2024-11-13T21:37:05.834+0000] {processor.py:925} INFO - DAG(s) 'latest_only' retrieved from /home/airflow/.local/lib/python3.12/site-packages/airflow/example_dags/example_latest_only.py
[2024-11-13T21:37:05.850+0000] {logging_mixin.py:190} INFO - [2024-11-13T21:37:05.850+0000] {dag.py:3239} INFO - Sync 1 DAGs
[2024-11-13T21:37:05.865+0000] {logging_mixin.py:190} INFO - [2024-11-13T21:37:05.865+0000] {dag.py:4180} INFO - Setting next_dagrun for latest_only to 2024-11-13 16:00:00+00:00, run_after=2024-11-13 20:00:00+00:00
[2024-11-13T21:37:05.875+0000] {processor.py:208} INFO - Processing /home/airflow/.local/lib/python3.12/site-packages/airflow/example_dags/example_latest_only.py took 0.057 seconds
[2024-11-13T21:37:36.180+0000] {processor.py:186} INFO - Started process (PID=407) to work on /home/airflow/.local/lib/python3.12/site-packages/airflow/example_dags/example_latest_only.py
[2024-11-13T21:37:36.181+0000] {processor.py:914} INFO - Processing file /home/airflow/.local/lib/python3.12/site-packages/airflow/example_dags/example_latest_only.py for tasks to queue
[2024-11-13T21:37:36.183+0000] {logging_mixin.py:190} INFO - [2024-11-13T21:37:36.183+0000] {dagbag.py:588} INFO - Filling up the DagBag from /home/airflow/.local/lib/python3.12/site-packages/airflow/example_dags/example_latest_only.py
[2024-11-13T21:37:36.191+0000] {processor.py:925} INFO - DAG(s) 'latest_only' retrieved from /home/airflow/.local/lib/python3.12/site-packages/airflow/example_dags/example_latest_only.py
[2024-11-13T21:37:36.207+0000] {logging_mixin.py:190} INFO - [2024-11-13T21:37:36.207+0000] {dag.py:3239} INFO - Sync 1 DAGs
[2024-11-13T21:37:36.222+0000] {logging_mixin.py:190} INFO - [2024-11-13T21:37:36.222+0000] {dag.py:4180} INFO - Setting next_dagrun for latest_only to 2024-11-13 16:00:00+00:00, run_after=2024-11-13 20:00:00+00:00
[2024-11-13T21:37:36.234+0000] {processor.py:208} INFO - Processing /home/airflow/.local/lib/python3.12/site-packages/airflow/example_dags/example_latest_only.py took 0.060 seconds
[2024-11-13T21:38:06.548+0000] {processor.py:186} INFO - Started process (PID=470) to work on /home/airflow/.local/lib/python3.12/site-packages/airflow/example_dags/example_latest_only.py
[2024-11-13T21:38:06.549+0000] {processor.py:914} INFO - Processing file /home/airflow/.local/lib/python3.12/site-packages/airflow/example_dags/example_latest_only.py for tasks to queue
[2024-11-13T21:38:06.551+0000] {logging_mixin.py:190} INFO - [2024-11-13T21:38:06.551+0000] {dagbag.py:588} INFO - Filling up the DagBag from /home/airflow/.local/lib/python3.12/site-packages/airflow/example_dags/example_latest_only.py
[2024-11-13T21:38:06.557+0000] {processor.py:925} INFO - DAG(s) 'latest_only' retrieved from /home/airflow/.local/lib/python3.12/site-packages/airflow/example_dags/example_latest_only.py
[2024-11-13T21:38:06.576+0000] {logging_mixin.py:190} INFO - [2024-11-13T21:38:06.576+0000] {dag.py:3239} INFO - Sync 1 DAGs
[2024-11-13T21:38:06.595+0000] {logging_mixin.py:190} INFO - [2024-11-13T21:38:06.594+0000] {dag.py:4180} INFO - Setting next_dagrun for latest_only to 2024-11-13 16:00:00+00:00, run_after=2024-11-13 20:00:00+00:00
[2024-11-13T21:38:06.606+0000] {processor.py:208} INFO - Processing /home/airflow/.local/lib/python3.12/site-packages/airflow/example_dags/example_latest_only.py took 0.063 seconds
[2024-11-13T23:40:20.730+0000] {processor.py:186} INFO - Started process (PID=76) to work on /home/airflow/.local/lib/python3.12/site-packages/airflow/example_dags/example_latest_only.py
[2024-11-13T23:40:20.730+0000] {processor.py:914} INFO - Processing file /home/airflow/.local/lib/python3.12/site-packages/airflow/example_dags/example_latest_only.py for tasks to queue
[2024-11-13T23:40:20.731+0000] {logging_mixin.py:190} INFO - [2024-11-13T23:40:20.731+0000] {dagbag.py:588} INFO - Filling up the DagBag from /home/airflow/.local/lib/python3.12/site-packages/airflow/example_dags/example_latest_only.py
[2024-11-13T23:40:20.736+0000] {processor.py:925} INFO - DAG(s) 'latest_only' retrieved from /home/airflow/.local/lib/python3.12/site-packages/airflow/example_dags/example_latest_only.py
[2024-11-13T23:40:20.775+0000] {logging_mixin.py:190} INFO - [2024-11-13T23:40:20.775+0000] {override.py:1911} INFO - Created Permission View: can edit on DAG:latest_only
[2024-11-13T23:40:20.779+0000] {logging_mixin.py:190} INFO - [2024-11-13T23:40:20.779+0000] {override.py:1911} INFO - Created Permission View: can delete on DAG:latest_only
[2024-11-13T23:40:20.781+0000] {logging_mixin.py:190} INFO - [2024-11-13T23:40:20.780+0000] {override.py:1911} INFO - Created Permission View: can read on DAG:latest_only
[2024-11-13T23:40:20.782+0000] {logging_mixin.py:190} INFO - [2024-11-13T23:40:20.782+0000] {override.py:1911} INFO - Created Permission View: can delete on DAG Run:latest_only
[2024-11-13T23:40:20.784+0000] {logging_mixin.py:190} INFO - [2024-11-13T23:40:20.783+0000] {override.py:1911} INFO - Created Permission View: menu access on DAG Run:latest_only
[2024-11-13T23:40:20.785+0000] {logging_mixin.py:190} INFO - [2024-11-13T23:40:20.785+0000] {override.py:1911} INFO - Created Permission View: can read on DAG Run:latest_only
[2024-11-13T23:40:20.786+0000] {logging_mixin.py:190} INFO - [2024-11-13T23:40:20.786+0000] {override.py:1911} INFO - Created Permission View: can create on DAG Run:latest_only
[2024-11-13T23:40:20.787+0000] {logging_mixin.py:190} INFO - [2024-11-13T23:40:20.787+0000] {dag.py:3239} INFO - Sync 1 DAGs
[2024-11-13T23:40:20.791+0000] {logging_mixin.py:190} INFO - [2024-11-13T23:40:20.791+0000] {dag.py:3262} INFO - Creating ORM DAG for latest_only
[2024-11-13T23:40:20.795+0000] {logging_mixin.py:190} INFO - [2024-11-13T23:40:20.795+0000] {dag.py:4180} INFO - Setting next_dagrun for latest_only to 2024-11-13 16:00:00+00:00, run_after=2024-11-13 20:00:00+00:00
[2024-11-13T23:40:20.800+0000] {processor.py:208} INFO - Processing /home/airflow/.local/lib/python3.12/site-packages/airflow/example_dags/example_latest_only.py took 0.073 seconds
[2024-11-13T23:40:51.241+0000] {processor.py:186} INFO - Started process (PID=144) to work on /home/airflow/.local/lib/python3.12/site-packages/airflow/example_dags/example_latest_only.py
[2024-11-13T23:40:51.241+0000] {processor.py:914} INFO - Processing file /home/airflow/.local/lib/python3.12/site-packages/airflow/example_dags/example_latest_only.py for tasks to queue
[2024-11-13T23:40:51.242+0000] {logging_mixin.py:190} INFO - [2024-11-13T23:40:51.242+0000] {dagbag.py:588} INFO - Filling up the DagBag from /home/airflow/.local/lib/python3.12/site-packages/airflow/example_dags/example_latest_only.py
[2024-11-13T23:40:51.245+0000] {processor.py:925} INFO - DAG(s) 'latest_only' retrieved from /home/airflow/.local/lib/python3.12/site-packages/airflow/example_dags/example_latest_only.py
[2024-11-13T23:40:51.254+0000] {logging_mixin.py:190} INFO - [2024-11-13T23:40:51.254+0000] {dag.py:3239} INFO - Sync 1 DAGs
[2024-11-13T23:40:51.262+0000] {logging_mixin.py:190} INFO - [2024-11-13T23:40:51.262+0000] {dag.py:4180} INFO - Setting next_dagrun for latest_only to 2024-11-13 16:00:00+00:00, run_after=2024-11-13 20:00:00+00:00
[2024-11-13T23:40:51.269+0000] {processor.py:208} INFO - Processing /home/airflow/.local/lib/python3.12/site-packages/airflow/example_dags/example_latest_only.py took 0.031 seconds
[2024-11-13T23:41:21.601+0000] {processor.py:186} INFO - Started process (PID=207) to work on /home/airflow/.local/lib/python3.12/site-packages/airflow/example_dags/example_latest_only.py
[2024-11-13T23:41:21.601+0000] {processor.py:914} INFO - Processing file /home/airflow/.local/lib/python3.12/site-packages/airflow/example_dags/example_latest_only.py for tasks to queue
[2024-11-13T23:41:21.602+0000] {logging_mixin.py:190} INFO - [2024-11-13T23:41:21.602+0000] {dagbag.py:588} INFO - Filling up the DagBag from /home/airflow/.local/lib/python3.12/site-packages/airflow/example_dags/example_latest_only.py
[2024-11-13T23:41:21.605+0000] {processor.py:925} INFO - DAG(s) 'latest_only' retrieved from /home/airflow/.local/lib/python3.12/site-packages/airflow/example_dags/example_latest_only.py
[2024-11-13T23:41:21.613+0000] {logging_mixin.py:190} INFO - [2024-11-13T23:41:21.613+0000] {dag.py:3239} INFO - Sync 1 DAGs
[2024-11-13T23:41:21.623+0000] {logging_mixin.py:190} INFO - [2024-11-13T23:41:21.623+0000] {dag.py:4180} INFO - Setting next_dagrun for latest_only to 2024-11-13 16:00:00+00:00, run_after=2024-11-13 20:00:00+00:00
[2024-11-13T23:41:21.630+0000] {processor.py:208} INFO - Processing /home/airflow/.local/lib/python3.12/site-packages/airflow/example_dags/example_latest_only.py took 0.032 seconds
[2024-11-13T23:41:52.013+0000] {processor.py:186} INFO - Started process (PID=270) to work on /home/airflow/.local/lib/python3.12/site-packages/airflow/example_dags/example_latest_only.py
[2024-11-13T23:41:52.014+0000] {processor.py:914} INFO - Processing file /home/airflow/.local/lib/python3.12/site-packages/airflow/example_dags/example_latest_only.py for tasks to queue
[2024-11-13T23:41:52.017+0000] {logging_mixin.py:190} INFO - [2024-11-13T23:41:52.017+0000] {dagbag.py:588} INFO - Filling up the DagBag from /home/airflow/.local/lib/python3.12/site-packages/airflow/example_dags/example_latest_only.py
[2024-11-13T23:41:52.021+0000] {processor.py:925} INFO - DAG(s) 'latest_only' retrieved from /home/airflow/.local/lib/python3.12/site-packages/airflow/example_dags/example_latest_only.py
[2024-11-13T23:41:52.032+0000] {logging_mixin.py:190} INFO - [2024-11-13T23:41:52.031+0000] {dag.py:3239} INFO - Sync 1 DAGs
[2024-11-13T23:41:52.042+0000] {logging_mixin.py:190} INFO - [2024-11-13T23:41:52.042+0000] {dag.py:4180} INFO - Setting next_dagrun for latest_only to 2024-11-13 16:00:00+00:00, run_after=2024-11-13 20:00:00+00:00
[2024-11-13T23:41:52.054+0000] {processor.py:208} INFO - Processing /home/airflow/.local/lib/python3.12/site-packages/airflow/example_dags/example_latest_only.py took 0.043 seconds
[2024-11-13T23:42:22.535+0000] {processor.py:186} INFO - Started process (PID=333) to work on /home/airflow/.local/lib/python3.12/site-packages/airflow/example_dags/example_latest_only.py
[2024-11-13T23:42:22.536+0000] {processor.py:914} INFO - Processing file /home/airflow/.local/lib/python3.12/site-packages/airflow/example_dags/example_latest_only.py for tasks to queue
[2024-11-13T23:42:22.537+0000] {logging_mixin.py:190} INFO - [2024-11-13T23:42:22.536+0000] {dagbag.py:588} INFO - Filling up the DagBag from /home/airflow/.local/lib/python3.12/site-packages/airflow/example_dags/example_latest_only.py
[2024-11-13T23:42:22.540+0000] {processor.py:925} INFO - DAG(s) 'latest_only' retrieved from /home/airflow/.local/lib/python3.12/site-packages/airflow/example_dags/example_latest_only.py
[2024-11-13T23:42:22.548+0000] {logging_mixin.py:190} INFO - [2024-11-13T23:42:22.548+0000] {dag.py:3239} INFO - Sync 1 DAGs
[2024-11-13T23:42:22.557+0000] {logging_mixin.py:190} INFO - [2024-11-13T23:42:22.557+0000] {dag.py:4180} INFO - Setting next_dagrun for latest_only to 2024-11-13 16:00:00+00:00, run_after=2024-11-13 20:00:00+00:00
[2024-11-13T23:42:22.563+0000] {processor.py:208} INFO - Processing /home/airflow/.local/lib/python3.12/site-packages/airflow/example_dags/example_latest_only.py took 0.030 seconds
[2024-11-13T23:42:52.850+0000] {processor.py:186} INFO - Started process (PID=396) to work on /home/airflow/.local/lib/python3.12/site-packages/airflow/example_dags/example_latest_only.py
[2024-11-13T23:42:52.851+0000] {processor.py:914} INFO - Processing file /home/airflow/.local/lib/python3.12/site-packages/airflow/example_dags/example_latest_only.py for tasks to queue
[2024-11-13T23:42:52.853+0000] {logging_mixin.py:190} INFO - [2024-11-13T23:42:52.853+0000] {dagbag.py:588} INFO - Filling up the DagBag from /home/airflow/.local/lib/python3.12/site-packages/airflow/example_dags/example_latest_only.py
[2024-11-13T23:42:52.857+0000] {processor.py:925} INFO - DAG(s) 'latest_only' retrieved from /home/airflow/.local/lib/python3.12/site-packages/airflow/example_dags/example_latest_only.py
[2024-11-13T23:42:52.865+0000] {logging_mixin.py:190} INFO - [2024-11-13T23:42:52.865+0000] {dag.py:3239} INFO - Sync 1 DAGs
[2024-11-13T23:42:52.875+0000] {logging_mixin.py:190} INFO - [2024-11-13T23:42:52.875+0000] {dag.py:4180} INFO - Setting next_dagrun for latest_only to 2024-11-13 16:00:00+00:00, run_after=2024-11-13 20:00:00+00:00
[2024-11-13T23:42:52.885+0000] {processor.py:208} INFO - Processing /home/airflow/.local/lib/python3.12/site-packages/airflow/example_dags/example_latest_only.py took 0.038 seconds
[2024-11-13T23:43:24.235+0000] {processor.py:186} INFO - Started process (PID=459) to work on /home/airflow/.local/lib/python3.12/site-packages/airflow/example_dags/example_latest_only.py
[2024-11-13T23:43:24.236+0000] {processor.py:914} INFO - Processing file /home/airflow/.local/lib/python3.12/site-packages/airflow/example_dags/example_latest_only.py for tasks to queue
[2024-11-13T23:43:24.237+0000] {logging_mixin.py:190} INFO - [2024-11-13T23:43:24.237+0000] {dagbag.py:588} INFO - Filling up the DagBag from /home/airflow/.local/lib/python3.12/site-packages/airflow/example_dags/example_latest_only.py
[2024-11-13T23:43:24.240+0000] {processor.py:925} INFO - DAG(s) 'latest_only' retrieved from /home/airflow/.local/lib/python3.12/site-packages/airflow/example_dags/example_latest_only.py
[2024-11-13T23:43:24.249+0000] {logging_mixin.py:190} INFO - [2024-11-13T23:43:24.249+0000] {dag.py:3239} INFO - Sync 1 DAGs
[2024-11-13T23:43:24.258+0000] {logging_mixin.py:190} INFO - [2024-11-13T23:43:24.258+0000] {dag.py:4180} INFO - Setting next_dagrun for latest_only to 2024-11-13 16:00:00+00:00, run_after=2024-11-13 20:00:00+00:00
[2024-11-13T23:43:24.268+0000] {processor.py:208} INFO - Processing /home/airflow/.local/lib/python3.12/site-packages/airflow/example_dags/example_latest_only.py took 0.035 seconds
[2024-11-13T23:43:55.479+0000] {processor.py:186} INFO - Started process (PID=522) to work on /home/airflow/.local/lib/python3.12/site-packages/airflow/example_dags/example_latest_only.py
[2024-11-13T23:43:55.479+0000] {processor.py:914} INFO - Processing file /home/airflow/.local/lib/python3.12/site-packages/airflow/example_dags/example_latest_only.py for tasks to queue
[2024-11-13T23:43:55.481+0000] {logging_mixin.py:190} INFO - [2024-11-13T23:43:55.481+0000] {dagbag.py:588} INFO - Filling up the DagBag from /home/airflow/.local/lib/python3.12/site-packages/airflow/example_dags/example_latest_only.py
[2024-11-13T23:43:55.484+0000] {processor.py:925} INFO - DAG(s) 'latest_only' retrieved from /home/airflow/.local/lib/python3.12/site-packages/airflow/example_dags/example_latest_only.py
[2024-11-13T23:43:55.494+0000] {logging_mixin.py:190} INFO - [2024-11-13T23:43:55.494+0000] {dag.py:3239} INFO - Sync 1 DAGs
[2024-11-13T23:43:55.503+0000] {logging_mixin.py:190} INFO - [2024-11-13T23:43:55.503+0000] {dag.py:4180} INFO - Setting next_dagrun for latest_only to 2024-11-13 16:00:00+00:00, run_after=2024-11-13 20:00:00+00:00
[2024-11-13T23:43:55.509+0000] {processor.py:208} INFO - Processing /home/airflow/.local/lib/python3.12/site-packages/airflow/example_dags/example_latest_only.py took 0.033 seconds
[2024-11-13T23:44:26.773+0000] {processor.py:186} INFO - Started process (PID=585) to work on /home/airflow/.local/lib/python3.12/site-packages/airflow/example_dags/example_latest_only.py
[2024-11-13T23:44:26.773+0000] {processor.py:914} INFO - Processing file /home/airflow/.local/lib/python3.12/site-packages/airflow/example_dags/example_latest_only.py for tasks to queue
[2024-11-13T23:44:26.774+0000] {logging_mixin.py:190} INFO - [2024-11-13T23:44:26.774+0000] {dagbag.py:588} INFO - Filling up the DagBag from /home/airflow/.local/lib/python3.12/site-packages/airflow/example_dags/example_latest_only.py
[2024-11-13T23:44:26.778+0000] {processor.py:925} INFO - DAG(s) 'latest_only' retrieved from /home/airflow/.local/lib/python3.12/site-packages/airflow/example_dags/example_latest_only.py
[2024-11-13T23:44:26.787+0000] {logging_mixin.py:190} INFO - [2024-11-13T23:44:26.787+0000] {dag.py:3239} INFO - Sync 1 DAGs
[2024-11-13T23:44:26.796+0000] {logging_mixin.py:190} INFO - [2024-11-13T23:44:26.796+0000] {dag.py:4180} INFO - Setting next_dagrun for latest_only to 2024-11-13 16:00:00+00:00, run_after=2024-11-13 20:00:00+00:00
[2024-11-13T23:44:26.805+0000] {processor.py:208} INFO - Processing /home/airflow/.local/lib/python3.12/site-packages/airflow/example_dags/example_latest_only.py took 0.034 seconds
[2024-11-13T23:44:58.029+0000] {processor.py:186} INFO - Started process (PID=648) to work on /home/airflow/.local/lib/python3.12/site-packages/airflow/example_dags/example_latest_only.py
[2024-11-13T23:44:58.030+0000] {processor.py:914} INFO - Processing file /home/airflow/.local/lib/python3.12/site-packages/airflow/example_dags/example_latest_only.py for tasks to queue
[2024-11-13T23:44:58.031+0000] {logging_mixin.py:190} INFO - [2024-11-13T23:44:58.031+0000] {dagbag.py:588} INFO - Filling up the DagBag from /home/airflow/.local/lib/python3.12/site-packages/airflow/example_dags/example_latest_only.py
[2024-11-13T23:44:58.035+0000] {processor.py:925} INFO - DAG(s) 'latest_only' retrieved from /home/airflow/.local/lib/python3.12/site-packages/airflow/example_dags/example_latest_only.py
[2024-11-13T23:44:58.045+0000] {logging_mixin.py:190} INFO - [2024-11-13T23:44:58.045+0000] {dag.py:3239} INFO - Sync 1 DAGs
[2024-11-13T23:44:58.054+0000] {logging_mixin.py:190} INFO - [2024-11-13T23:44:58.054+0000] {dag.py:4180} INFO - Setting next_dagrun for latest_only to 2024-11-13 16:00:00+00:00, run_after=2024-11-13 20:00:00+00:00
[2024-11-13T23:44:58.061+0000] {processor.py:208} INFO - Processing /home/airflow/.local/lib/python3.12/site-packages/airflow/example_dags/example_latest_only.py took 0.034 seconds
[2024-11-13T23:45:29.254+0000] {processor.py:186} INFO - Started process (PID=711) to work on /home/airflow/.local/lib/python3.12/site-packages/airflow/example_dags/example_latest_only.py
[2024-11-13T23:45:29.255+0000] {processor.py:914} INFO - Processing file /home/airflow/.local/lib/python3.12/site-packages/airflow/example_dags/example_latest_only.py for tasks to queue
[2024-11-13T23:45:29.256+0000] {logging_mixin.py:190} INFO - [2024-11-13T23:45:29.256+0000] {dagbag.py:588} INFO - Filling up the DagBag from /home/airflow/.local/lib/python3.12/site-packages/airflow/example_dags/example_latest_only.py
[2024-11-13T23:45:29.259+0000] {processor.py:925} INFO - DAG(s) 'latest_only' retrieved from /home/airflow/.local/lib/python3.12/site-packages/airflow/example_dags/example_latest_only.py
[2024-11-13T23:45:29.267+0000] {logging_mixin.py:190} INFO - [2024-11-13T23:45:29.267+0000] {dag.py:3239} INFO - Sync 1 DAGs
[2024-11-13T23:45:29.275+0000] {logging_mixin.py:190} INFO - [2024-11-13T23:45:29.275+0000] {dag.py:4180} INFO - Setting next_dagrun for latest_only to 2024-11-13 16:00:00+00:00, run_after=2024-11-13 20:00:00+00:00
[2024-11-13T23:45:29.281+0000] {processor.py:208} INFO - Processing /home/airflow/.local/lib/python3.12/site-packages/airflow/example_dags/example_latest_only.py took 0.029 seconds
[2024-11-13T23:46:00.436+0000] {processor.py:186} INFO - Started process (PID=774) to work on /home/airflow/.local/lib/python3.12/site-packages/airflow/example_dags/example_latest_only.py
[2024-11-13T23:46:00.439+0000] {processor.py:914} INFO - Processing file /home/airflow/.local/lib/python3.12/site-packages/airflow/example_dags/example_latest_only.py for tasks to queue
[2024-11-13T23:46:00.440+0000] {logging_mixin.py:190} INFO - [2024-11-13T23:46:00.440+0000] {dagbag.py:588} INFO - Filling up the DagBag from /home/airflow/.local/lib/python3.12/site-packages/airflow/example_dags/example_latest_only.py
[2024-11-13T23:46:00.444+0000] {processor.py:925} INFO - DAG(s) 'latest_only' retrieved from /home/airflow/.local/lib/python3.12/site-packages/airflow/example_dags/example_latest_only.py
[2024-11-13T23:46:00.451+0000] {logging_mixin.py:190} INFO - [2024-11-13T23:46:00.451+0000] {dag.py:3239} INFO - Sync 1 DAGs
[2024-11-13T23:46:00.461+0000] {logging_mixin.py:190} INFO - [2024-11-13T23:46:00.460+0000] {dag.py:4180} INFO - Setting next_dagrun for latest_only to 2024-11-13 16:00:00+00:00, run_after=2024-11-13 20:00:00+00:00
[2024-11-13T23:46:00.468+0000] {processor.py:208} INFO - Processing /home/airflow/.local/lib/python3.12/site-packages/airflow/example_dags/example_latest_only.py took 0.034 seconds
[2024-11-13T23:46:31.662+0000] {processor.py:186} INFO - Started process (PID=837) to work on /home/airflow/.local/lib/python3.12/site-packages/airflow/example_dags/example_latest_only.py
[2024-11-13T23:46:31.663+0000] {processor.py:914} INFO - Processing file /home/airflow/.local/lib/python3.12/site-packages/airflow/example_dags/example_latest_only.py for tasks to queue
[2024-11-13T23:46:31.663+0000] {logging_mixin.py:190} INFO - [2024-11-13T23:46:31.663+0000] {dagbag.py:588} INFO - Filling up the DagBag from /home/airflow/.local/lib/python3.12/site-packages/airflow/example_dags/example_latest_only.py
[2024-11-13T23:46:31.667+0000] {processor.py:925} INFO - DAG(s) 'latest_only' retrieved from /home/airflow/.local/lib/python3.12/site-packages/airflow/example_dags/example_latest_only.py
[2024-11-13T23:46:31.674+0000] {logging_mixin.py:190} INFO - [2024-11-13T23:46:31.674+0000] {dag.py:3239} INFO - Sync 1 DAGs
[2024-11-13T23:46:31.682+0000] {logging_mixin.py:190} INFO - [2024-11-13T23:46:31.682+0000] {dag.py:4180} INFO - Setting next_dagrun for latest_only to 2024-11-13 16:00:00+00:00, run_after=2024-11-13 20:00:00+00:00
[2024-11-13T23:46:31.688+0000] {processor.py:208} INFO - Processing /home/airflow/.local/lib/python3.12/site-packages/airflow/example_dags/example_latest_only.py took 0.028 seconds
[2024-11-13T23:47:03.045+0000] {processor.py:186} INFO - Started process (PID=900) to work on /home/airflow/.local/lib/python3.12/site-packages/airflow/example_dags/example_latest_only.py
[2024-11-13T23:47:03.045+0000] {processor.py:914} INFO - Processing file /home/airflow/.local/lib/python3.12/site-packages/airflow/example_dags/example_latest_only.py for tasks to queue
[2024-11-13T23:47:03.046+0000] {logging_mixin.py:190} INFO - [2024-11-13T23:47:03.046+0000] {dagbag.py:588} INFO - Filling up the DagBag from /home/airflow/.local/lib/python3.12/site-packages/airflow/example_dags/example_latest_only.py
[2024-11-13T23:47:03.050+0000] {processor.py:925} INFO - DAG(s) 'latest_only' retrieved from /home/airflow/.local/lib/python3.12/site-packages/airflow/example_dags/example_latest_only.py
[2024-11-13T23:47:03.059+0000] {logging_mixin.py:190} INFO - [2024-11-13T23:47:03.059+0000] {dag.py:3239} INFO - Sync 1 DAGs
[2024-11-13T23:47:03.069+0000] {logging_mixin.py:190} INFO - [2024-11-13T23:47:03.069+0000] {dag.py:4180} INFO - Setting next_dagrun for latest_only to 2024-11-13 16:00:00+00:00, run_after=2024-11-13 20:00:00+00:00
[2024-11-13T23:47:03.078+0000] {processor.py:208} INFO - Processing /home/airflow/.local/lib/python3.12/site-packages/airflow/example_dags/example_latest_only.py took 0.036 seconds
[2024-11-13T23:47:34.294+0000] {processor.py:186} INFO - Started process (PID=963) to work on /home/airflow/.local/lib/python3.12/site-packages/airflow/example_dags/example_latest_only.py
[2024-11-13T23:47:34.295+0000] {processor.py:914} INFO - Processing file /home/airflow/.local/lib/python3.12/site-packages/airflow/example_dags/example_latest_only.py for tasks to queue
[2024-11-13T23:47:34.296+0000] {logging_mixin.py:190} INFO - [2024-11-13T23:47:34.296+0000] {dagbag.py:588} INFO - Filling up the DagBag from /home/airflow/.local/lib/python3.12/site-packages/airflow/example_dags/example_latest_only.py
[2024-11-13T23:47:34.299+0000] {processor.py:925} INFO - DAG(s) 'latest_only' retrieved from /home/airflow/.local/lib/python3.12/site-packages/airflow/example_dags/example_latest_only.py
[2024-11-13T23:47:34.306+0000] {logging_mixin.py:190} INFO - [2024-11-13T23:47:34.306+0000] {dag.py:3239} INFO - Sync 1 DAGs
[2024-11-13T23:47:34.315+0000] {logging_mixin.py:190} INFO - [2024-11-13T23:47:34.315+0000] {dag.py:4180} INFO - Setting next_dagrun for latest_only to 2024-11-13 16:00:00+00:00, run_after=2024-11-13 20:00:00+00:00
[2024-11-13T23:47:34.325+0000] {processor.py:208} INFO - Processing /home/airflow/.local/lib/python3.12/site-packages/airflow/example_dags/example_latest_only.py took 0.033 seconds
