[2024-11-13T21:28:27.936+0000] {processor.py:186} INFO - Started process (PID=64) to work on /home/airflow/.local/lib/python3.12/site-packages/airflow/example_dags/example_short_circuit_operator.py
[2024-11-13T21:28:27.936+0000] {processor.py:914} INFO - Processing file /home/airflow/.local/lib/python3.12/site-packages/airflow/example_dags/example_short_circuit_operator.py for tasks to queue
[2024-11-13T21:28:27.937+0000] {logging_mixin.py:190} INFO - [2024-11-13T21:28:27.937+0000] {dagbag.py:588} INFO - Filling up the DagBag from /home/airflow/.local/lib/python3.12/site-packages/airflow/example_dags/example_short_circuit_operator.py
[2024-11-13T21:28:27.942+0000] {processor.py:925} INFO - DAG(s) 'example_short_circuit_operator' retrieved from /home/airflow/.local/lib/python3.12/site-packages/airflow/example_dags/example_short_circuit_operator.py
[2024-11-13T21:28:27.984+0000] {logging_mixin.py:190} INFO - [2024-11-13T21:28:27.984+0000] {override.py:1911} INFO - Created Permission View: can edit on DAG:example_short_circuit_operator
[2024-11-13T21:28:27.989+0000] {logging_mixin.py:190} INFO - [2024-11-13T21:28:27.989+0000] {override.py:1911} INFO - Created Permission View: can read on DAG:example_short_circuit_operator
[2024-11-13T21:28:27.991+0000] {logging_mixin.py:190} INFO - [2024-11-13T21:28:27.991+0000] {override.py:1911} INFO - Created Permission View: can delete on DAG:example_short_circuit_operator
[2024-11-13T21:28:27.993+0000] {logging_mixin.py:190} INFO - [2024-11-13T21:28:27.993+0000] {override.py:1911} INFO - Created Permission View: can delete on DAG Run:example_short_circuit_operator
[2024-11-13T21:28:27.994+0000] {logging_mixin.py:190} INFO - [2024-11-13T21:28:27.994+0000] {override.py:1911} INFO - Created Permission View: can read on DAG Run:example_short_circuit_operator
[2024-11-13T21:28:27.996+0000] {logging_mixin.py:190} INFO - [2024-11-13T21:28:27.996+0000] {override.py:1911} INFO - Created Permission View: menu access on DAG Run:example_short_circuit_operator
[2024-11-13T21:28:27.998+0000] {logging_mixin.py:190} INFO - [2024-11-13T21:28:27.997+0000] {override.py:1911} INFO - Created Permission View: can create on DAG Run:example_short_circuit_operator
[2024-11-13T21:28:27.998+0000] {logging_mixin.py:190} INFO - [2024-11-13T21:28:27.998+0000] {dag.py:3239} INFO - Sync 1 DAGs
[2024-11-13T21:28:28.002+0000] {logging_mixin.py:190} INFO - [2024-11-13T21:28:28.002+0000] {dag.py:3262} INFO - Creating ORM DAG for example_short_circuit_operator
[2024-11-13T21:28:28.002+0000] {logging_mixin.py:190} INFO - [2024-11-13T21:28:28.002+0000] {dag.py:4180} INFO - Setting next_dagrun for example_short_circuit_operator to None, run_after=None
[2024-11-13T21:28:28.007+0000] {processor.py:208} INFO - Processing /home/airflow/.local/lib/python3.12/site-packages/airflow/example_dags/example_short_circuit_operator.py took 0.074 seconds
[2024-11-13T21:28:58.128+0000] {processor.py:186} INFO - Started process (PID=126) to work on /home/airflow/.local/lib/python3.12/site-packages/airflow/example_dags/example_short_circuit_operator.py
[2024-11-13T21:28:58.128+0000] {processor.py:914} INFO - Processing file /home/airflow/.local/lib/python3.12/site-packages/airflow/example_dags/example_short_circuit_operator.py for tasks to queue
[2024-11-13T21:28:58.129+0000] {logging_mixin.py:190} INFO - [2024-11-13T21:28:58.129+0000] {dagbag.py:588} INFO - Filling up the DagBag from /home/airflow/.local/lib/python3.12/site-packages/airflow/example_dags/example_short_circuit_operator.py
[2024-11-13T21:28:58.133+0000] {processor.py:925} INFO - DAG(s) 'example_short_circuit_operator' retrieved from /home/airflow/.local/lib/python3.12/site-packages/airflow/example_dags/example_short_circuit_operator.py
[2024-11-13T21:28:58.140+0000] {logging_mixin.py:190} INFO - [2024-11-13T21:28:58.140+0000] {dag.py:3239} INFO - Sync 1 DAGs
[2024-11-13T21:28:58.146+0000] {logging_mixin.py:190} INFO - [2024-11-13T21:28:58.146+0000] {dag.py:4180} INFO - Setting next_dagrun for example_short_circuit_operator to None, run_after=None
[2024-11-13T21:28:58.151+0000] {processor.py:208} INFO - Processing /home/airflow/.local/lib/python3.12/site-packages/airflow/example_dags/example_short_circuit_operator.py took 0.026 seconds
[2024-11-13T21:29:28.652+0000] {processor.py:186} INFO - Started process (PID=189) to work on /home/airflow/.local/lib/python3.12/site-packages/airflow/example_dags/example_short_circuit_operator.py
[2024-11-13T21:29:28.653+0000] {processor.py:914} INFO - Processing file /home/airflow/.local/lib/python3.12/site-packages/airflow/example_dags/example_short_circuit_operator.py for tasks to queue
[2024-11-13T21:29:28.654+0000] {logging_mixin.py:190} INFO - [2024-11-13T21:29:28.654+0000] {dagbag.py:588} INFO - Filling up the DagBag from /home/airflow/.local/lib/python3.12/site-packages/airflow/example_dags/example_short_circuit_operator.py
[2024-11-13T21:29:28.660+0000] {processor.py:925} INFO - DAG(s) 'example_short_circuit_operator' retrieved from /home/airflow/.local/lib/python3.12/site-packages/airflow/example_dags/example_short_circuit_operator.py
[2024-11-13T21:29:28.669+0000] {logging_mixin.py:190} INFO - [2024-11-13T21:29:28.669+0000] {dag.py:3239} INFO - Sync 1 DAGs
[2024-11-13T21:29:28.674+0000] {logging_mixin.py:190} INFO - [2024-11-13T21:29:28.674+0000] {dag.py:4180} INFO - Setting next_dagrun for example_short_circuit_operator to None, run_after=None
[2024-11-13T21:29:28.680+0000] {processor.py:208} INFO - Processing /home/airflow/.local/lib/python3.12/site-packages/airflow/example_dags/example_short_circuit_operator.py took 0.031 seconds
[2024-11-13T21:29:58.872+0000] {processor.py:186} INFO - Started process (PID=251) to work on /home/airflow/.local/lib/python3.12/site-packages/airflow/example_dags/example_short_circuit_operator.py
[2024-11-13T21:29:58.873+0000] {processor.py:914} INFO - Processing file /home/airflow/.local/lib/python3.12/site-packages/airflow/example_dags/example_short_circuit_operator.py for tasks to queue
[2024-11-13T21:29:58.875+0000] {logging_mixin.py:190} INFO - [2024-11-13T21:29:58.874+0000] {dagbag.py:588} INFO - Filling up the DagBag from /home/airflow/.local/lib/python3.12/site-packages/airflow/example_dags/example_short_circuit_operator.py
[2024-11-13T21:29:58.880+0000] {processor.py:925} INFO - DAG(s) 'example_short_circuit_operator' retrieved from /home/airflow/.local/lib/python3.12/site-packages/airflow/example_dags/example_short_circuit_operator.py
[2024-11-13T21:29:58.889+0000] {logging_mixin.py:190} INFO - [2024-11-13T21:29:58.889+0000] {dag.py:3239} INFO - Sync 1 DAGs
[2024-11-13T21:29:58.895+0000] {logging_mixin.py:190} INFO - [2024-11-13T21:29:58.894+0000] {dag.py:4180} INFO - Setting next_dagrun for example_short_circuit_operator to None, run_after=None
[2024-11-13T21:29:58.901+0000] {processor.py:208} INFO - Processing /home/airflow/.local/lib/python3.12/site-packages/airflow/example_dags/example_short_circuit_operator.py took 0.032 seconds
[2024-11-13T21:30:28.999+0000] {processor.py:186} INFO - Started process (PID=314) to work on /home/airflow/.local/lib/python3.12/site-packages/airflow/example_dags/example_short_circuit_operator.py
[2024-11-13T21:30:28.999+0000] {processor.py:914} INFO - Processing file /home/airflow/.local/lib/python3.12/site-packages/airflow/example_dags/example_short_circuit_operator.py for tasks to queue
[2024-11-13T21:30:29.000+0000] {logging_mixin.py:190} INFO - [2024-11-13T21:30:29.000+0000] {dagbag.py:588} INFO - Filling up the DagBag from /home/airflow/.local/lib/python3.12/site-packages/airflow/example_dags/example_short_circuit_operator.py
[2024-11-13T21:30:29.004+0000] {processor.py:925} INFO - DAG(s) 'example_short_circuit_operator' retrieved from /home/airflow/.local/lib/python3.12/site-packages/airflow/example_dags/example_short_circuit_operator.py
[2024-11-13T21:30:29.013+0000] {logging_mixin.py:190} INFO - [2024-11-13T21:30:29.013+0000] {dag.py:3239} INFO - Sync 1 DAGs
[2024-11-13T21:30:29.019+0000] {logging_mixin.py:190} INFO - [2024-11-13T21:30:29.019+0000] {dag.py:4180} INFO - Setting next_dagrun for example_short_circuit_operator to None, run_after=None
[2024-11-13T21:30:29.026+0000] {processor.py:208} INFO - Processing /home/airflow/.local/lib/python3.12/site-packages/airflow/example_dags/example_short_circuit_operator.py took 0.029 seconds
[2024-11-13T21:35:02.002+0000] {processor.py:186} INFO - Started process (PID=66) to work on /home/airflow/.local/lib/python3.12/site-packages/airflow/example_dags/example_short_circuit_operator.py
[2024-11-13T21:35:02.002+0000] {processor.py:914} INFO - Processing file /home/airflow/.local/lib/python3.12/site-packages/airflow/example_dags/example_short_circuit_operator.py for tasks to queue
[2024-11-13T21:35:02.003+0000] {logging_mixin.py:190} INFO - [2024-11-13T21:35:02.003+0000] {dagbag.py:588} INFO - Filling up the DagBag from /home/airflow/.local/lib/python3.12/site-packages/airflow/example_dags/example_short_circuit_operator.py
[2024-11-13T21:35:02.008+0000] {processor.py:925} INFO - DAG(s) 'example_short_circuit_operator' retrieved from /home/airflow/.local/lib/python3.12/site-packages/airflow/example_dags/example_short_circuit_operator.py
[2024-11-13T21:35:02.051+0000] {logging_mixin.py:190} INFO - [2024-11-13T21:35:02.051+0000] {override.py:1911} INFO - Created Permission View: can edit on DAG:example_short_circuit_operator
[2024-11-13T21:35:02.054+0000] {logging_mixin.py:190} INFO - [2024-11-13T21:35:02.054+0000] {override.py:1911} INFO - Created Permission View: can delete on DAG:example_short_circuit_operator
[2024-11-13T21:35:02.056+0000] {logging_mixin.py:190} INFO - [2024-11-13T21:35:02.055+0000] {override.py:1911} INFO - Created Permission View: can read on DAG:example_short_circuit_operator
[2024-11-13T21:35:02.058+0000] {logging_mixin.py:190} INFO - [2024-11-13T21:35:02.057+0000] {override.py:1911} INFO - Created Permission View: can create on DAG Run:example_short_circuit_operator
[2024-11-13T21:35:02.059+0000] {logging_mixin.py:190} INFO - [2024-11-13T21:35:02.059+0000] {override.py:1911} INFO - Created Permission View: can delete on DAG Run:example_short_circuit_operator
[2024-11-13T21:35:02.061+0000] {logging_mixin.py:190} INFO - [2024-11-13T21:35:02.061+0000] {override.py:1911} INFO - Created Permission View: menu access on DAG Run:example_short_circuit_operator
[2024-11-13T21:35:02.062+0000] {logging_mixin.py:190} INFO - [2024-11-13T21:35:02.062+0000] {override.py:1911} INFO - Created Permission View: can read on DAG Run:example_short_circuit_operator
[2024-11-13T21:35:02.062+0000] {logging_mixin.py:190} INFO - [2024-11-13T21:35:02.062+0000] {dag.py:3239} INFO - Sync 1 DAGs
[2024-11-13T21:35:02.067+0000] {logging_mixin.py:190} INFO - [2024-11-13T21:35:02.067+0000] {dag.py:3262} INFO - Creating ORM DAG for example_short_circuit_operator
[2024-11-13T21:35:02.067+0000] {logging_mixin.py:190} INFO - [2024-11-13T21:35:02.067+0000] {dag.py:4180} INFO - Setting next_dagrun for example_short_circuit_operator to None, run_after=None
[2024-11-13T21:35:02.073+0000] {processor.py:208} INFO - Processing /home/airflow/.local/lib/python3.12/site-packages/airflow/example_dags/example_short_circuit_operator.py took 0.074 seconds
[2024-11-13T21:35:32.557+0000] {processor.py:186} INFO - Started process (PID=129) to work on /home/airflow/.local/lib/python3.12/site-packages/airflow/example_dags/example_short_circuit_operator.py
[2024-11-13T21:35:32.559+0000] {processor.py:914} INFO - Processing file /home/airflow/.local/lib/python3.12/site-packages/airflow/example_dags/example_short_circuit_operator.py for tasks to queue
[2024-11-13T21:35:32.561+0000] {logging_mixin.py:190} INFO - [2024-11-13T21:35:32.561+0000] {dagbag.py:588} INFO - Filling up the DagBag from /home/airflow/.local/lib/python3.12/site-packages/airflow/example_dags/example_short_circuit_operator.py
[2024-11-13T21:35:32.566+0000] {processor.py:925} INFO - DAG(s) 'example_short_circuit_operator' retrieved from /home/airflow/.local/lib/python3.12/site-packages/airflow/example_dags/example_short_circuit_operator.py
[2024-11-13T21:35:32.578+0000] {logging_mixin.py:190} INFO - [2024-11-13T21:35:32.578+0000] {dag.py:3239} INFO - Sync 1 DAGs
[2024-11-13T21:35:32.584+0000] {logging_mixin.py:190} INFO - [2024-11-13T21:35:32.584+0000] {dag.py:4180} INFO - Setting next_dagrun for example_short_circuit_operator to None, run_after=None
[2024-11-13T21:35:32.593+0000] {processor.py:208} INFO - Processing /home/airflow/.local/lib/python3.12/site-packages/airflow/example_dags/example_short_circuit_operator.py took 0.039 seconds
[2024-11-13T21:36:03.182+0000] {processor.py:186} INFO - Started process (PID=196) to work on /home/airflow/.local/lib/python3.12/site-packages/airflow/example_dags/example_short_circuit_operator.py
[2024-11-13T21:36:03.182+0000] {processor.py:914} INFO - Processing file /home/airflow/.local/lib/python3.12/site-packages/airflow/example_dags/example_short_circuit_operator.py for tasks to queue
[2024-11-13T21:36:03.184+0000] {logging_mixin.py:190} INFO - [2024-11-13T21:36:03.184+0000] {dagbag.py:588} INFO - Filling up the DagBag from /home/airflow/.local/lib/python3.12/site-packages/airflow/example_dags/example_short_circuit_operator.py
[2024-11-13T21:36:03.189+0000] {processor.py:925} INFO - DAG(s) 'example_short_circuit_operator' retrieved from /home/airflow/.local/lib/python3.12/site-packages/airflow/example_dags/example_short_circuit_operator.py
[2024-11-13T21:36:03.198+0000] {logging_mixin.py:190} INFO - [2024-11-13T21:36:03.198+0000] {dag.py:3239} INFO - Sync 1 DAGs
[2024-11-13T21:36:03.204+0000] {logging_mixin.py:190} INFO - [2024-11-13T21:36:03.204+0000] {dag.py:4180} INFO - Setting next_dagrun for example_short_circuit_operator to None, run_after=None
[2024-11-13T21:36:03.211+0000] {processor.py:208} INFO - Processing /home/airflow/.local/lib/python3.12/site-packages/airflow/example_dags/example_short_circuit_operator.py took 0.032 seconds
[2024-11-13T21:36:33.642+0000] {processor.py:186} INFO - Started process (PID=259) to work on /home/airflow/.local/lib/python3.12/site-packages/airflow/example_dags/example_short_circuit_operator.py
[2024-11-13T21:36:33.642+0000] {processor.py:914} INFO - Processing file /home/airflow/.local/lib/python3.12/site-packages/airflow/example_dags/example_short_circuit_operator.py for tasks to queue
[2024-11-13T21:36:33.643+0000] {logging_mixin.py:190} INFO - [2024-11-13T21:36:33.643+0000] {dagbag.py:588} INFO - Filling up the DagBag from /home/airflow/.local/lib/python3.12/site-packages/airflow/example_dags/example_short_circuit_operator.py
[2024-11-13T21:36:33.647+0000] {processor.py:925} INFO - DAG(s) 'example_short_circuit_operator' retrieved from /home/airflow/.local/lib/python3.12/site-packages/airflow/example_dags/example_short_circuit_operator.py
[2024-11-13T21:36:33.657+0000] {logging_mixin.py:190} INFO - [2024-11-13T21:36:33.657+0000] {dag.py:3239} INFO - Sync 1 DAGs
[2024-11-13T21:36:33.662+0000] {logging_mixin.py:190} INFO - [2024-11-13T21:36:33.662+0000] {dag.py:4180} INFO - Setting next_dagrun for example_short_circuit_operator to None, run_after=None
[2024-11-13T21:36:33.669+0000] {processor.py:208} INFO - Processing /home/airflow/.local/lib/python3.12/site-packages/airflow/example_dags/example_short_circuit_operator.py took 0.030 seconds
[2024-11-13T21:37:04.150+0000] {processor.py:186} INFO - Started process (PID=322) to work on /home/airflow/.local/lib/python3.12/site-packages/airflow/example_dags/example_short_circuit_operator.py
[2024-11-13T21:37:04.151+0000] {processor.py:914} INFO - Processing file /home/airflow/.local/lib/python3.12/site-packages/airflow/example_dags/example_short_circuit_operator.py for tasks to queue
[2024-11-13T21:37:04.152+0000] {logging_mixin.py:190} INFO - [2024-11-13T21:37:04.152+0000] {dagbag.py:588} INFO - Filling up the DagBag from /home/airflow/.local/lib/python3.12/site-packages/airflow/example_dags/example_short_circuit_operator.py
[2024-11-13T21:37:04.156+0000] {processor.py:925} INFO - DAG(s) 'example_short_circuit_operator' retrieved from /home/airflow/.local/lib/python3.12/site-packages/airflow/example_dags/example_short_circuit_operator.py
[2024-11-13T21:37:04.166+0000] {logging_mixin.py:190} INFO - [2024-11-13T21:37:04.166+0000] {dag.py:3239} INFO - Sync 1 DAGs
[2024-11-13T21:37:04.176+0000] {logging_mixin.py:190} INFO - [2024-11-13T21:37:04.176+0000] {dag.py:4180} INFO - Setting next_dagrun for example_short_circuit_operator to None, run_after=None
[2024-11-13T21:37:04.186+0000] {processor.py:208} INFO - Processing /home/airflow/.local/lib/python3.12/site-packages/airflow/example_dags/example_short_circuit_operator.py took 0.038 seconds
[2024-11-13T21:37:34.553+0000] {processor.py:186} INFO - Started process (PID=391) to work on /home/airflow/.local/lib/python3.12/site-packages/airflow/example_dags/example_short_circuit_operator.py
[2024-11-13T21:37:34.554+0000] {processor.py:914} INFO - Processing file /home/airflow/.local/lib/python3.12/site-packages/airflow/example_dags/example_short_circuit_operator.py for tasks to queue
[2024-11-13T21:37:34.555+0000] {logging_mixin.py:190} INFO - [2024-11-13T21:37:34.555+0000] {dagbag.py:588} INFO - Filling up the DagBag from /home/airflow/.local/lib/python3.12/site-packages/airflow/example_dags/example_short_circuit_operator.py
[2024-11-13T21:37:34.558+0000] {processor.py:925} INFO - DAG(s) 'example_short_circuit_operator' retrieved from /home/airflow/.local/lib/python3.12/site-packages/airflow/example_dags/example_short_circuit_operator.py
[2024-11-13T21:37:34.567+0000] {logging_mixin.py:190} INFO - [2024-11-13T21:37:34.567+0000] {dag.py:3239} INFO - Sync 1 DAGs
[2024-11-13T21:37:34.572+0000] {logging_mixin.py:190} INFO - [2024-11-13T21:37:34.572+0000] {dag.py:4180} INFO - Setting next_dagrun for example_short_circuit_operator to None, run_after=None
[2024-11-13T21:37:34.577+0000] {processor.py:208} INFO - Processing /home/airflow/.local/lib/python3.12/site-packages/airflow/example_dags/example_short_circuit_operator.py took 0.026 seconds
[2024-11-13T21:38:04.982+0000] {processor.py:186} INFO - Started process (PID=454) to work on /home/airflow/.local/lib/python3.12/site-packages/airflow/example_dags/example_short_circuit_operator.py
[2024-11-13T21:38:04.982+0000] {processor.py:914} INFO - Processing file /home/airflow/.local/lib/python3.12/site-packages/airflow/example_dags/example_short_circuit_operator.py for tasks to queue
[2024-11-13T21:38:04.983+0000] {logging_mixin.py:190} INFO - [2024-11-13T21:38:04.983+0000] {dagbag.py:588} INFO - Filling up the DagBag from /home/airflow/.local/lib/python3.12/site-packages/airflow/example_dags/example_short_circuit_operator.py
[2024-11-13T21:38:04.987+0000] {processor.py:925} INFO - DAG(s) 'example_short_circuit_operator' retrieved from /home/airflow/.local/lib/python3.12/site-packages/airflow/example_dags/example_short_circuit_operator.py
[2024-11-13T21:38:04.995+0000] {logging_mixin.py:190} INFO - [2024-11-13T21:38:04.995+0000] {dag.py:3239} INFO - Sync 1 DAGs
[2024-11-13T21:38:05.000+0000] {logging_mixin.py:190} INFO - [2024-11-13T21:38:05.000+0000] {dag.py:4180} INFO - Setting next_dagrun for example_short_circuit_operator to None, run_after=None
[2024-11-13T21:38:05.005+0000] {processor.py:208} INFO - Processing /home/airflow/.local/lib/python3.12/site-packages/airflow/example_dags/example_short_circuit_operator.py took 0.026 seconds
[2024-11-13T23:40:19.508+0000] {processor.py:186} INFO - Started process (PID=59) to work on /home/airflow/.local/lib/python3.12/site-packages/airflow/example_dags/example_short_circuit_operator.py
[2024-11-13T23:40:19.508+0000] {processor.py:914} INFO - Processing file /home/airflow/.local/lib/python3.12/site-packages/airflow/example_dags/example_short_circuit_operator.py for tasks to queue
[2024-11-13T23:40:19.509+0000] {logging_mixin.py:190} INFO - [2024-11-13T23:40:19.509+0000] {dagbag.py:588} INFO - Filling up the DagBag from /home/airflow/.local/lib/python3.12/site-packages/airflow/example_dags/example_short_circuit_operator.py
[2024-11-13T23:40:19.513+0000] {processor.py:925} INFO - DAG(s) 'example_short_circuit_operator' retrieved from /home/airflow/.local/lib/python3.12/site-packages/airflow/example_dags/example_short_circuit_operator.py
[2024-11-13T23:40:19.550+0000] {logging_mixin.py:190} INFO - [2024-11-13T23:40:19.550+0000] {override.py:1911} INFO - Created Permission View: can edit on DAG:example_short_circuit_operator
[2024-11-13T23:40:19.553+0000] {logging_mixin.py:190} INFO - [2024-11-13T23:40:19.553+0000] {override.py:1911} INFO - Created Permission View: can delete on DAG:example_short_circuit_operator
[2024-11-13T23:40:19.554+0000] {logging_mixin.py:190} INFO - [2024-11-13T23:40:19.554+0000] {override.py:1911} INFO - Created Permission View: can read on DAG:example_short_circuit_operator
[2024-11-13T23:40:19.555+0000] {logging_mixin.py:190} INFO - [2024-11-13T23:40:19.555+0000] {override.py:1911} INFO - Created Permission View: can delete on DAG Run:example_short_circuit_operator
[2024-11-13T23:40:19.557+0000] {logging_mixin.py:190} INFO - [2024-11-13T23:40:19.557+0000] {override.py:1911} INFO - Created Permission View: menu access on DAG Run:example_short_circuit_operator
[2024-11-13T23:40:19.558+0000] {logging_mixin.py:190} INFO - [2024-11-13T23:40:19.558+0000] {override.py:1911} INFO - Created Permission View: can read on DAG Run:example_short_circuit_operator
[2024-11-13T23:40:19.560+0000] {logging_mixin.py:190} INFO - [2024-11-13T23:40:19.560+0000] {override.py:1911} INFO - Created Permission View: can create on DAG Run:example_short_circuit_operator
[2024-11-13T23:40:19.560+0000] {logging_mixin.py:190} INFO - [2024-11-13T23:40:19.560+0000] {dag.py:3239} INFO - Sync 1 DAGs
[2024-11-13T23:40:19.564+0000] {logging_mixin.py:190} INFO - [2024-11-13T23:40:19.564+0000] {dag.py:3262} INFO - Creating ORM DAG for example_short_circuit_operator
[2024-11-13T23:40:19.564+0000] {logging_mixin.py:190} INFO - [2024-11-13T23:40:19.564+0000] {dag.py:4180} INFO - Setting next_dagrun for example_short_circuit_operator to None, run_after=None
[2024-11-13T23:40:19.568+0000] {processor.py:208} INFO - Processing /home/airflow/.local/lib/python3.12/site-packages/airflow/example_dags/example_short_circuit_operator.py took 0.062 seconds
[2024-11-13T23:40:49.599+0000] {processor.py:186} INFO - Started process (PID=122) to work on /home/airflow/.local/lib/python3.12/site-packages/airflow/example_dags/example_short_circuit_operator.py
[2024-11-13T23:40:49.600+0000] {processor.py:914} INFO - Processing file /home/airflow/.local/lib/python3.12/site-packages/airflow/example_dags/example_short_circuit_operator.py for tasks to queue
[2024-11-13T23:40:49.601+0000] {logging_mixin.py:190} INFO - [2024-11-13T23:40:49.601+0000] {dagbag.py:588} INFO - Filling up the DagBag from /home/airflow/.local/lib/python3.12/site-packages/airflow/example_dags/example_short_circuit_operator.py
[2024-11-13T23:40:49.605+0000] {processor.py:925} INFO - DAG(s) 'example_short_circuit_operator' retrieved from /home/airflow/.local/lib/python3.12/site-packages/airflow/example_dags/example_short_circuit_operator.py
[2024-11-13T23:40:49.614+0000] {logging_mixin.py:190} INFO - [2024-11-13T23:40:49.614+0000] {dag.py:3239} INFO - Sync 1 DAGs
[2024-11-13T23:40:49.620+0000] {logging_mixin.py:190} INFO - [2024-11-13T23:40:49.620+0000] {dag.py:4180} INFO - Setting next_dagrun for example_short_circuit_operator to None, run_after=None
[2024-11-13T23:40:49.626+0000] {processor.py:208} INFO - Processing /home/airflow/.local/lib/python3.12/site-packages/airflow/example_dags/example_short_circuit_operator.py took 0.029 seconds
[2024-11-13T23:41:20.898+0000] {processor.py:186} INFO - Started process (PID=184) to work on /home/airflow/.local/lib/python3.12/site-packages/airflow/example_dags/example_short_circuit_operator.py
[2024-11-13T23:41:20.899+0000] {processor.py:914} INFO - Processing file /home/airflow/.local/lib/python3.12/site-packages/airflow/example_dags/example_short_circuit_operator.py for tasks to queue
[2024-11-13T23:41:20.900+0000] {logging_mixin.py:190} INFO - [2024-11-13T23:41:20.900+0000] {dagbag.py:588} INFO - Filling up the DagBag from /home/airflow/.local/lib/python3.12/site-packages/airflow/example_dags/example_short_circuit_operator.py
[2024-11-13T23:41:20.904+0000] {processor.py:925} INFO - DAG(s) 'example_short_circuit_operator' retrieved from /home/airflow/.local/lib/python3.12/site-packages/airflow/example_dags/example_short_circuit_operator.py
[2024-11-13T23:41:20.915+0000] {logging_mixin.py:190} INFO - [2024-11-13T23:41:20.915+0000] {dag.py:3239} INFO - Sync 1 DAGs
[2024-11-13T23:41:20.922+0000] {logging_mixin.py:190} INFO - [2024-11-13T23:41:20.922+0000] {dag.py:4180} INFO - Setting next_dagrun for example_short_circuit_operator to None, run_after=None
[2024-11-13T23:41:20.929+0000] {processor.py:208} INFO - Processing /home/airflow/.local/lib/python3.12/site-packages/airflow/example_dags/example_short_circuit_operator.py took 0.033 seconds
[2024-11-13T23:41:51.343+0000] {processor.py:186} INFO - Started process (PID=253) to work on /home/airflow/.local/lib/python3.12/site-packages/airflow/example_dags/example_short_circuit_operator.py
[2024-11-13T23:41:51.344+0000] {processor.py:914} INFO - Processing file /home/airflow/.local/lib/python3.12/site-packages/airflow/example_dags/example_short_circuit_operator.py for tasks to queue
[2024-11-13T23:41:51.345+0000] {logging_mixin.py:190} INFO - [2024-11-13T23:41:51.345+0000] {dagbag.py:588} INFO - Filling up the DagBag from /home/airflow/.local/lib/python3.12/site-packages/airflow/example_dags/example_short_circuit_operator.py
[2024-11-13T23:41:51.349+0000] {processor.py:925} INFO - DAG(s) 'example_short_circuit_operator' retrieved from /home/airflow/.local/lib/python3.12/site-packages/airflow/example_dags/example_short_circuit_operator.py
[2024-11-13T23:41:51.358+0000] {logging_mixin.py:190} INFO - [2024-11-13T23:41:51.358+0000] {dag.py:3239} INFO - Sync 1 DAGs
[2024-11-13T23:41:51.363+0000] {logging_mixin.py:190} INFO - [2024-11-13T23:41:51.363+0000] {dag.py:4180} INFO - Setting next_dagrun for example_short_circuit_operator to None, run_after=None
[2024-11-13T23:41:51.372+0000] {processor.py:208} INFO - Processing /home/airflow/.local/lib/python3.12/site-packages/airflow/example_dags/example_short_circuit_operator.py took 0.031 seconds
[2024-11-13T23:42:21.853+0000] {processor.py:186} INFO - Started process (PID=316) to work on /home/airflow/.local/lib/python3.12/site-packages/airflow/example_dags/example_short_circuit_operator.py
[2024-11-13T23:42:21.854+0000] {processor.py:914} INFO - Processing file /home/airflow/.local/lib/python3.12/site-packages/airflow/example_dags/example_short_circuit_operator.py for tasks to queue
[2024-11-13T23:42:21.856+0000] {logging_mixin.py:190} INFO - [2024-11-13T23:42:21.856+0000] {dagbag.py:588} INFO - Filling up the DagBag from /home/airflow/.local/lib/python3.12/site-packages/airflow/example_dags/example_short_circuit_operator.py
[2024-11-13T23:42:21.861+0000] {processor.py:925} INFO - DAG(s) 'example_short_circuit_operator' retrieved from /home/airflow/.local/lib/python3.12/site-packages/airflow/example_dags/example_short_circuit_operator.py
[2024-11-13T23:42:21.873+0000] {logging_mixin.py:190} INFO - [2024-11-13T23:42:21.873+0000] {dag.py:3239} INFO - Sync 1 DAGs
[2024-11-13T23:42:21.884+0000] {logging_mixin.py:190} INFO - [2024-11-13T23:42:21.884+0000] {dag.py:4180} INFO - Setting next_dagrun for example_short_circuit_operator to None, run_after=None
[2024-11-13T23:42:21.892+0000] {processor.py:208} INFO - Processing /home/airflow/.local/lib/python3.12/site-packages/airflow/example_dags/example_short_circuit_operator.py took 0.041 seconds
[2024-11-13T23:42:52.192+0000] {processor.py:186} INFO - Started process (PID=379) to work on /home/airflow/.local/lib/python3.12/site-packages/airflow/example_dags/example_short_circuit_operator.py
[2024-11-13T23:42:52.194+0000] {processor.py:914} INFO - Processing file /home/airflow/.local/lib/python3.12/site-packages/airflow/example_dags/example_short_circuit_operator.py for tasks to queue
[2024-11-13T23:42:52.195+0000] {logging_mixin.py:190} INFO - [2024-11-13T23:42:52.195+0000] {dagbag.py:588} INFO - Filling up the DagBag from /home/airflow/.local/lib/python3.12/site-packages/airflow/example_dags/example_short_circuit_operator.py
[2024-11-13T23:42:52.199+0000] {processor.py:925} INFO - DAG(s) 'example_short_circuit_operator' retrieved from /home/airflow/.local/lib/python3.12/site-packages/airflow/example_dags/example_short_circuit_operator.py
[2024-11-13T23:42:52.210+0000] {logging_mixin.py:190} INFO - [2024-11-13T23:42:52.210+0000] {dag.py:3239} INFO - Sync 1 DAGs
[2024-11-13T23:42:52.215+0000] {logging_mixin.py:190} INFO - [2024-11-13T23:42:52.215+0000] {dag.py:4180} INFO - Setting next_dagrun for example_short_circuit_operator to None, run_after=None
[2024-11-13T23:42:52.223+0000] {processor.py:208} INFO - Processing /home/airflow/.local/lib/python3.12/site-packages/airflow/example_dags/example_short_circuit_operator.py took 0.033 seconds
[2024-11-13T23:43:23.523+0000] {processor.py:186} INFO - Started process (PID=442) to work on /home/airflow/.local/lib/python3.12/site-packages/airflow/example_dags/example_short_circuit_operator.py
[2024-11-13T23:43:23.524+0000] {processor.py:914} INFO - Processing file /home/airflow/.local/lib/python3.12/site-packages/airflow/example_dags/example_short_circuit_operator.py for tasks to queue
[2024-11-13T23:43:23.525+0000] {logging_mixin.py:190} INFO - [2024-11-13T23:43:23.525+0000] {dagbag.py:588} INFO - Filling up the DagBag from /home/airflow/.local/lib/python3.12/site-packages/airflow/example_dags/example_short_circuit_operator.py
[2024-11-13T23:43:23.529+0000] {processor.py:925} INFO - DAG(s) 'example_short_circuit_operator' retrieved from /home/airflow/.local/lib/python3.12/site-packages/airflow/example_dags/example_short_circuit_operator.py
[2024-11-13T23:43:23.538+0000] {logging_mixin.py:190} INFO - [2024-11-13T23:43:23.538+0000] {dag.py:3239} INFO - Sync 1 DAGs
[2024-11-13T23:43:23.543+0000] {logging_mixin.py:190} INFO - [2024-11-13T23:43:23.543+0000] {dag.py:4180} INFO - Setting next_dagrun for example_short_circuit_operator to None, run_after=None
[2024-11-13T23:43:23.550+0000] {processor.py:208} INFO - Processing /home/airflow/.local/lib/python3.12/site-packages/airflow/example_dags/example_short_circuit_operator.py took 0.029 seconds
[2024-11-13T23:43:54.727+0000] {processor.py:186} INFO - Started process (PID=505) to work on /home/airflow/.local/lib/python3.12/site-packages/airflow/example_dags/example_short_circuit_operator.py
[2024-11-13T23:43:54.727+0000] {processor.py:914} INFO - Processing file /home/airflow/.local/lib/python3.12/site-packages/airflow/example_dags/example_short_circuit_operator.py for tasks to queue
[2024-11-13T23:43:54.728+0000] {logging_mixin.py:190} INFO - [2024-11-13T23:43:54.728+0000] {dagbag.py:588} INFO - Filling up the DagBag from /home/airflow/.local/lib/python3.12/site-packages/airflow/example_dags/example_short_circuit_operator.py
[2024-11-13T23:43:54.732+0000] {processor.py:925} INFO - DAG(s) 'example_short_circuit_operator' retrieved from /home/airflow/.local/lib/python3.12/site-packages/airflow/example_dags/example_short_circuit_operator.py
[2024-11-13T23:43:54.740+0000] {logging_mixin.py:190} INFO - [2024-11-13T23:43:54.740+0000] {dag.py:3239} INFO - Sync 1 DAGs
[2024-11-13T23:43:54.745+0000] {logging_mixin.py:190} INFO - [2024-11-13T23:43:54.745+0000] {dag.py:4180} INFO - Setting next_dagrun for example_short_circuit_operator to None, run_after=None
[2024-11-13T23:43:54.751+0000] {processor.py:208} INFO - Processing /home/airflow/.local/lib/python3.12/site-packages/airflow/example_dags/example_short_circuit_operator.py took 0.026 seconds
[2024-11-13T23:44:26.044+0000] {processor.py:186} INFO - Started process (PID=568) to work on /home/airflow/.local/lib/python3.12/site-packages/airflow/example_dags/example_short_circuit_operator.py
[2024-11-13T23:44:26.045+0000] {processor.py:914} INFO - Processing file /home/airflow/.local/lib/python3.12/site-packages/airflow/example_dags/example_short_circuit_operator.py for tasks to queue
[2024-11-13T23:44:26.046+0000] {logging_mixin.py:190} INFO - [2024-11-13T23:44:26.046+0000] {dagbag.py:588} INFO - Filling up the DagBag from /home/airflow/.local/lib/python3.12/site-packages/airflow/example_dags/example_short_circuit_operator.py
[2024-11-13T23:44:26.051+0000] {processor.py:925} INFO - DAG(s) 'example_short_circuit_operator' retrieved from /home/airflow/.local/lib/python3.12/site-packages/airflow/example_dags/example_short_circuit_operator.py
[2024-11-13T23:44:26.061+0000] {logging_mixin.py:190} INFO - [2024-11-13T23:44:26.061+0000] {dag.py:3239} INFO - Sync 1 DAGs
[2024-11-13T23:44:26.066+0000] {logging_mixin.py:190} INFO - [2024-11-13T23:44:26.066+0000] {dag.py:4180} INFO - Setting next_dagrun for example_short_circuit_operator to None, run_after=None
[2024-11-13T23:44:26.075+0000] {processor.py:208} INFO - Processing /home/airflow/.local/lib/python3.12/site-packages/airflow/example_dags/example_short_circuit_operator.py took 0.033 seconds
[2024-11-13T23:44:57.333+0000] {processor.py:186} INFO - Started process (PID=631) to work on /home/airflow/.local/lib/python3.12/site-packages/airflow/example_dags/example_short_circuit_operator.py
[2024-11-13T23:44:57.335+0000] {processor.py:914} INFO - Processing file /home/airflow/.local/lib/python3.12/site-packages/airflow/example_dags/example_short_circuit_operator.py for tasks to queue
[2024-11-13T23:44:57.336+0000] {logging_mixin.py:190} INFO - [2024-11-13T23:44:57.336+0000] {dagbag.py:588} INFO - Filling up the DagBag from /home/airflow/.local/lib/python3.12/site-packages/airflow/example_dags/example_short_circuit_operator.py
[2024-11-13T23:44:57.340+0000] {processor.py:925} INFO - DAG(s) 'example_short_circuit_operator' retrieved from /home/airflow/.local/lib/python3.12/site-packages/airflow/example_dags/example_short_circuit_operator.py
[2024-11-13T23:44:57.349+0000] {logging_mixin.py:190} INFO - [2024-11-13T23:44:57.349+0000] {dag.py:3239} INFO - Sync 1 DAGs
[2024-11-13T23:44:57.354+0000] {logging_mixin.py:190} INFO - [2024-11-13T23:44:57.354+0000] {dag.py:4180} INFO - Setting next_dagrun for example_short_circuit_operator to None, run_after=None
[2024-11-13T23:44:57.362+0000] {processor.py:208} INFO - Processing /home/airflow/.local/lib/python3.12/site-packages/airflow/example_dags/example_short_circuit_operator.py took 0.032 seconds
[2024-11-13T23:45:28.535+0000] {processor.py:186} INFO - Started process (PID=694) to work on /home/airflow/.local/lib/python3.12/site-packages/airflow/example_dags/example_short_circuit_operator.py
[2024-11-13T23:45:28.535+0000] {processor.py:914} INFO - Processing file /home/airflow/.local/lib/python3.12/site-packages/airflow/example_dags/example_short_circuit_operator.py for tasks to queue
[2024-11-13T23:45:28.536+0000] {logging_mixin.py:190} INFO - [2024-11-13T23:45:28.536+0000] {dagbag.py:588} INFO - Filling up the DagBag from /home/airflow/.local/lib/python3.12/site-packages/airflow/example_dags/example_short_circuit_operator.py
[2024-11-13T23:45:28.540+0000] {processor.py:925} INFO - DAG(s) 'example_short_circuit_operator' retrieved from /home/airflow/.local/lib/python3.12/site-packages/airflow/example_dags/example_short_circuit_operator.py
[2024-11-13T23:45:28.548+0000] {logging_mixin.py:190} INFO - [2024-11-13T23:45:28.548+0000] {dag.py:3239} INFO - Sync 1 DAGs
[2024-11-13T23:45:28.554+0000] {logging_mixin.py:190} INFO - [2024-11-13T23:45:28.553+0000] {dag.py:4180} INFO - Setting next_dagrun for example_short_circuit_operator to None, run_after=None
[2024-11-13T23:45:28.560+0000] {processor.py:208} INFO - Processing /home/airflow/.local/lib/python3.12/site-packages/airflow/example_dags/example_short_circuit_operator.py took 0.027 seconds
[2024-11-13T23:45:59.689+0000] {processor.py:186} INFO - Started process (PID=757) to work on /home/airflow/.local/lib/python3.12/site-packages/airflow/example_dags/example_short_circuit_operator.py
[2024-11-13T23:45:59.689+0000] {processor.py:914} INFO - Processing file /home/airflow/.local/lib/python3.12/site-packages/airflow/example_dags/example_short_circuit_operator.py for tasks to queue
[2024-11-13T23:45:59.690+0000] {logging_mixin.py:190} INFO - [2024-11-13T23:45:59.690+0000] {dagbag.py:588} INFO - Filling up the DagBag from /home/airflow/.local/lib/python3.12/site-packages/airflow/example_dags/example_short_circuit_operator.py
[2024-11-13T23:45:59.694+0000] {processor.py:925} INFO - DAG(s) 'example_short_circuit_operator' retrieved from /home/airflow/.local/lib/python3.12/site-packages/airflow/example_dags/example_short_circuit_operator.py
[2024-11-13T23:45:59.702+0000] {logging_mixin.py:190} INFO - [2024-11-13T23:45:59.702+0000] {dag.py:3239} INFO - Sync 1 DAGs
[2024-11-13T23:45:59.707+0000] {logging_mixin.py:190} INFO - [2024-11-13T23:45:59.707+0000] {dag.py:4180} INFO - Setting next_dagrun for example_short_circuit_operator to None, run_after=None
[2024-11-13T23:45:59.713+0000] {processor.py:208} INFO - Processing /home/airflow/.local/lib/python3.12/site-packages/airflow/example_dags/example_short_circuit_operator.py took 0.026 seconds
[2024-11-13T23:46:30.974+0000] {processor.py:186} INFO - Started process (PID=820) to work on /home/airflow/.local/lib/python3.12/site-packages/airflow/example_dags/example_short_circuit_operator.py
[2024-11-13T23:46:30.977+0000] {processor.py:914} INFO - Processing file /home/airflow/.local/lib/python3.12/site-packages/airflow/example_dags/example_short_circuit_operator.py for tasks to queue
[2024-11-13T23:46:30.979+0000] {logging_mixin.py:190} INFO - [2024-11-13T23:46:30.979+0000] {dagbag.py:588} INFO - Filling up the DagBag from /home/airflow/.local/lib/python3.12/site-packages/airflow/example_dags/example_short_circuit_operator.py
[2024-11-13T23:46:30.984+0000] {processor.py:925} INFO - DAG(s) 'example_short_circuit_operator' retrieved from /home/airflow/.local/lib/python3.12/site-packages/airflow/example_dags/example_short_circuit_operator.py
[2024-11-13T23:46:30.994+0000] {logging_mixin.py:190} INFO - [2024-11-13T23:46:30.994+0000] {dag.py:3239} INFO - Sync 1 DAGs
[2024-11-13T23:46:31.000+0000] {logging_mixin.py:190} INFO - [2024-11-13T23:46:31.000+0000] {dag.py:4180} INFO - Setting next_dagrun for example_short_circuit_operator to None, run_after=None
[2024-11-13T23:46:31.007+0000] {processor.py:208} INFO - Processing /home/airflow/.local/lib/python3.12/site-packages/airflow/example_dags/example_short_circuit_operator.py took 0.035 seconds
[2024-11-13T23:47:02.310+0000] {processor.py:186} INFO - Started process (PID=883) to work on /home/airflow/.local/lib/python3.12/site-packages/airflow/example_dags/example_short_circuit_operator.py
[2024-11-13T23:47:02.311+0000] {processor.py:914} INFO - Processing file /home/airflow/.local/lib/python3.12/site-packages/airflow/example_dags/example_short_circuit_operator.py for tasks to queue
[2024-11-13T23:47:02.312+0000] {logging_mixin.py:190} INFO - [2024-11-13T23:47:02.312+0000] {dagbag.py:588} INFO - Filling up the DagBag from /home/airflow/.local/lib/python3.12/site-packages/airflow/example_dags/example_short_circuit_operator.py
[2024-11-13T23:47:02.316+0000] {processor.py:925} INFO - DAG(s) 'example_short_circuit_operator' retrieved from /home/airflow/.local/lib/python3.12/site-packages/airflow/example_dags/example_short_circuit_operator.py
[2024-11-13T23:47:02.324+0000] {logging_mixin.py:190} INFO - [2024-11-13T23:47:02.324+0000] {dag.py:3239} INFO - Sync 1 DAGs
[2024-11-13T23:47:02.328+0000] {logging_mixin.py:190} INFO - [2024-11-13T23:47:02.328+0000] {dag.py:4180} INFO - Setting next_dagrun for example_short_circuit_operator to None, run_after=None
[2024-11-13T23:47:02.334+0000] {processor.py:208} INFO - Processing /home/airflow/.local/lib/python3.12/site-packages/airflow/example_dags/example_short_circuit_operator.py took 0.026 seconds
[2024-11-13T23:47:33.590+0000] {processor.py:186} INFO - Started process (PID=946) to work on /home/airflow/.local/lib/python3.12/site-packages/airflow/example_dags/example_short_circuit_operator.py
[2024-11-13T23:47:33.591+0000] {processor.py:914} INFO - Processing file /home/airflow/.local/lib/python3.12/site-packages/airflow/example_dags/example_short_circuit_operator.py for tasks to queue
[2024-11-13T23:47:33.592+0000] {logging_mixin.py:190} INFO - [2024-11-13T23:47:33.592+0000] {dagbag.py:588} INFO - Filling up the DagBag from /home/airflow/.local/lib/python3.12/site-packages/airflow/example_dags/example_short_circuit_operator.py
[2024-11-13T23:47:33.596+0000] {processor.py:925} INFO - DAG(s) 'example_short_circuit_operator' retrieved from /home/airflow/.local/lib/python3.12/site-packages/airflow/example_dags/example_short_circuit_operator.py
[2024-11-13T23:47:33.605+0000] {logging_mixin.py:190} INFO - [2024-11-13T23:47:33.605+0000] {dag.py:3239} INFO - Sync 1 DAGs
[2024-11-13T23:47:33.610+0000] {logging_mixin.py:190} INFO - [2024-11-13T23:47:33.610+0000] {dag.py:4180} INFO - Setting next_dagrun for example_short_circuit_operator to None, run_after=None
[2024-11-13T23:47:33.619+0000] {processor.py:208} INFO - Processing /home/airflow/.local/lib/python3.12/site-packages/airflow/example_dags/example_short_circuit_operator.py took 0.031 seconds
