[2024-11-13T21:28:28.113+0000] {processor.py:186} INFO - Started process (PID=68) to work on /home/airflow/.local/lib/python3.12/site-packages/airflow/example_dags/example_inlet_event_extra.py
[2024-11-13T21:28:28.113+0000] {processor.py:914} INFO - Processing file /home/airflow/.local/lib/python3.12/site-packages/airflow/example_dags/example_inlet_event_extra.py for tasks to queue
[2024-11-13T21:28:28.114+0000] {logging_mixin.py:190} INFO - [2024-11-13T21:28:28.114+0000] {dagbag.py:588} INFO - Filling up the DagBag from /home/airflow/.local/lib/python3.12/site-packages/airflow/example_dags/example_inlet_event_extra.py
[2024-11-13T21:28:28.441+0000] {processor.py:925} INFO - DAG(s) 'read_dataset_event_from_classic', 'read_dataset_event' retrieved from /home/airflow/.local/lib/python3.12/site-packages/airflow/example_dags/example_inlet_event_extra.py
[2024-11-13T21:28:28.482+0000] {logging_mixin.py:190} INFO - [2024-11-13T21:28:28.481+0000] {override.py:1911} INFO - Created Permission View: can edit on DAG:read_dataset_event_from_classic
[2024-11-13T21:28:28.485+0000] {logging_mixin.py:190} INFO - [2024-11-13T21:28:28.485+0000] {override.py:1911} INFO - Created Permission View: can read on DAG:read_dataset_event_from_classic
[2024-11-13T21:28:28.487+0000] {logging_mixin.py:190} INFO - [2024-11-13T21:28:28.487+0000] {override.py:1911} INFO - Created Permission View: can delete on DAG:read_dataset_event_from_classic
[2024-11-13T21:28:28.489+0000] {logging_mixin.py:190} INFO - [2024-11-13T21:28:28.489+0000] {override.py:1911} INFO - Created Permission View: can delete on DAG Run:read_dataset_event_from_classic
[2024-11-13T21:28:28.491+0000] {logging_mixin.py:190} INFO - [2024-11-13T21:28:28.491+0000] {override.py:1911} INFO - Created Permission View: can read on DAG Run:read_dataset_event_from_classic
[2024-11-13T21:28:28.495+0000] {logging_mixin.py:190} INFO - [2024-11-13T21:28:28.494+0000] {override.py:1911} INFO - Created Permission View: menu access on DAG Run:read_dataset_event_from_classic
[2024-11-13T21:28:28.498+0000] {logging_mixin.py:190} INFO - [2024-11-13T21:28:28.498+0000] {override.py:1911} INFO - Created Permission View: can create on DAG Run:read_dataset_event_from_classic
[2024-11-13T21:28:28.502+0000] {logging_mixin.py:190} INFO - [2024-11-13T21:28:28.502+0000] {override.py:1911} INFO - Created Permission View: can edit on DAG:read_dataset_event
[2024-11-13T21:28:28.504+0000] {logging_mixin.py:190} INFO - [2024-11-13T21:28:28.504+0000] {override.py:1911} INFO - Created Permission View: can read on DAG:read_dataset_event
[2024-11-13T21:28:28.506+0000] {logging_mixin.py:190} INFO - [2024-11-13T21:28:28.506+0000] {override.py:1911} INFO - Created Permission View: can delete on DAG:read_dataset_event
[2024-11-13T21:28:28.508+0000] {logging_mixin.py:190} INFO - [2024-11-13T21:28:28.508+0000] {override.py:1911} INFO - Created Permission View: can delete on DAG Run:read_dataset_event
[2024-11-13T21:28:28.509+0000] {logging_mixin.py:190} INFO - [2024-11-13T21:28:28.509+0000] {override.py:1911} INFO - Created Permission View: can read on DAG Run:read_dataset_event
[2024-11-13T21:28:28.511+0000] {logging_mixin.py:190} INFO - [2024-11-13T21:28:28.511+0000] {override.py:1911} INFO - Created Permission View: menu access on DAG Run:read_dataset_event
[2024-11-13T21:28:28.512+0000] {logging_mixin.py:190} INFO - [2024-11-13T21:28:28.512+0000] {override.py:1911} INFO - Created Permission View: can create on DAG Run:read_dataset_event
[2024-11-13T21:28:28.512+0000] {logging_mixin.py:190} INFO - [2024-11-13T21:28:28.512+0000] {dag.py:3239} INFO - Sync 2 DAGs
[2024-11-13T21:28:28.516+0000] {logging_mixin.py:190} INFO - [2024-11-13T21:28:28.516+0000] {dag.py:3262} INFO - Creating ORM DAG for read_dataset_event_from_classic
[2024-11-13T21:28:28.517+0000] {logging_mixin.py:190} INFO - [2024-11-13T21:28:28.517+0000] {dag.py:3262} INFO - Creating ORM DAG for read_dataset_event
[2024-11-13T21:28:28.521+0000] {logging_mixin.py:190} INFO - [2024-11-13T21:28:28.521+0000] {dag.py:4180} INFO - Setting next_dagrun for read_dataset_event to 2024-11-12 00:00:00+00:00, run_after=2024-11-13 00:00:00+00:00
[2024-11-13T21:28:28.522+0000] {logging_mixin.py:190} INFO - [2024-11-13T21:28:28.522+0000] {dag.py:4180} INFO - Setting next_dagrun for read_dataset_event_from_classic to 2024-11-12 00:00:00+00:00, run_after=2024-11-13 00:00:00+00:00
[2024-11-13T21:28:28.529+0000] {processor.py:208} INFO - Processing /home/airflow/.local/lib/python3.12/site-packages/airflow/example_dags/example_inlet_event_extra.py took 0.419 seconds
[2024-11-13T21:28:59.235+0000] {processor.py:186} INFO - Started process (PID=130) to work on /home/airflow/.local/lib/python3.12/site-packages/airflow/example_dags/example_inlet_event_extra.py
[2024-11-13T21:28:59.238+0000] {processor.py:914} INFO - Processing file /home/airflow/.local/lib/python3.12/site-packages/airflow/example_dags/example_inlet_event_extra.py for tasks to queue
[2024-11-13T21:28:59.240+0000] {logging_mixin.py:190} INFO - [2024-11-13T21:28:59.239+0000] {dagbag.py:588} INFO - Filling up the DagBag from /home/airflow/.local/lib/python3.12/site-packages/airflow/example_dags/example_inlet_event_extra.py
[2024-11-13T21:28:59.535+0000] {processor.py:925} INFO - DAG(s) 'read_dataset_event', 'read_dataset_event_from_classic' retrieved from /home/airflow/.local/lib/python3.12/site-packages/airflow/example_dags/example_inlet_event_extra.py
[2024-11-13T21:28:59.542+0000] {logging_mixin.py:190} INFO - [2024-11-13T21:28:59.542+0000] {dag.py:3239} INFO - Sync 2 DAGs
[2024-11-13T21:28:59.551+0000] {logging_mixin.py:190} INFO - [2024-11-13T21:28:59.550+0000] {dag.py:4180} INFO - Setting next_dagrun for read_dataset_event to 2024-11-12 00:00:00+00:00, run_after=2024-11-13 00:00:00+00:00
[2024-11-13T21:28:59.554+0000] {logging_mixin.py:190} INFO - [2024-11-13T21:28:59.554+0000] {dag.py:4180} INFO - Setting next_dagrun for read_dataset_event_from_classic to 2024-11-12 00:00:00+00:00, run_after=2024-11-13 00:00:00+00:00
[2024-11-13T21:28:59.568+0000] {processor.py:208} INFO - Processing /home/airflow/.local/lib/python3.12/site-packages/airflow/example_dags/example_inlet_event_extra.py took 0.339 seconds
[2024-11-13T21:29:29.752+0000] {processor.py:186} INFO - Started process (PID=193) to work on /home/airflow/.local/lib/python3.12/site-packages/airflow/example_dags/example_inlet_event_extra.py
[2024-11-13T21:29:29.753+0000] {processor.py:914} INFO - Processing file /home/airflow/.local/lib/python3.12/site-packages/airflow/example_dags/example_inlet_event_extra.py for tasks to queue
[2024-11-13T21:29:29.755+0000] {logging_mixin.py:190} INFO - [2024-11-13T21:29:29.755+0000] {dagbag.py:588} INFO - Filling up the DagBag from /home/airflow/.local/lib/python3.12/site-packages/airflow/example_dags/example_inlet_event_extra.py
[2024-11-13T21:29:30.064+0000] {processor.py:925} INFO - DAG(s) 'read_dataset_event', 'read_dataset_event_from_classic' retrieved from /home/airflow/.local/lib/python3.12/site-packages/airflow/example_dags/example_inlet_event_extra.py
[2024-11-13T21:29:30.071+0000] {logging_mixin.py:190} INFO - [2024-11-13T21:29:30.071+0000] {dag.py:3239} INFO - Sync 2 DAGs
[2024-11-13T21:29:30.078+0000] {logging_mixin.py:190} INFO - [2024-11-13T21:29:30.078+0000] {dag.py:4180} INFO - Setting next_dagrun for read_dataset_event to 2024-11-12 00:00:00+00:00, run_after=2024-11-13 00:00:00+00:00
[2024-11-13T21:29:30.080+0000] {logging_mixin.py:190} INFO - [2024-11-13T21:29:30.079+0000] {dag.py:4180} INFO - Setting next_dagrun for read_dataset_event_from_classic to 2024-11-12 00:00:00+00:00, run_after=2024-11-13 00:00:00+00:00
[2024-11-13T21:29:30.084+0000] {processor.py:208} INFO - Processing /home/airflow/.local/lib/python3.12/site-packages/airflow/example_dags/example_inlet_event_extra.py took 0.338 seconds
[2024-11-13T21:30:00.149+0000] {processor.py:186} INFO - Started process (PID=261) to work on /home/airflow/.local/lib/python3.12/site-packages/airflow/example_dags/example_inlet_event_extra.py
[2024-11-13T21:30:00.149+0000] {processor.py:914} INFO - Processing file /home/airflow/.local/lib/python3.12/site-packages/airflow/example_dags/example_inlet_event_extra.py for tasks to queue
[2024-11-13T21:30:00.150+0000] {logging_mixin.py:190} INFO - [2024-11-13T21:30:00.150+0000] {dagbag.py:588} INFO - Filling up the DagBag from /home/airflow/.local/lib/python3.12/site-packages/airflow/example_dags/example_inlet_event_extra.py
[2024-11-13T21:30:00.429+0000] {processor.py:925} INFO - DAG(s) 'read_dataset_event_from_classic', 'read_dataset_event' retrieved from /home/airflow/.local/lib/python3.12/site-packages/airflow/example_dags/example_inlet_event_extra.py
[2024-11-13T21:30:00.437+0000] {logging_mixin.py:190} INFO - [2024-11-13T21:30:00.436+0000] {dag.py:3239} INFO - Sync 2 DAGs
[2024-11-13T21:30:00.444+0000] {logging_mixin.py:190} INFO - [2024-11-13T21:30:00.444+0000] {dag.py:4180} INFO - Setting next_dagrun for read_dataset_event to 2024-11-12 00:00:00+00:00, run_after=2024-11-13 00:00:00+00:00
[2024-11-13T21:30:00.446+0000] {logging_mixin.py:190} INFO - [2024-11-13T21:30:00.446+0000] {dag.py:4180} INFO - Setting next_dagrun for read_dataset_event_from_classic to 2024-11-12 00:00:00+00:00, run_after=2024-11-13 00:00:00+00:00
[2024-11-13T21:30:00.452+0000] {processor.py:208} INFO - Processing /home/airflow/.local/lib/python3.12/site-packages/airflow/example_dags/example_inlet_event_extra.py took 0.306 seconds
[2024-11-13T21:30:31.425+0000] {processor.py:186} INFO - Started process (PID=333) to work on /home/airflow/.local/lib/python3.12/site-packages/airflow/example_dags/example_inlet_event_extra.py
[2024-11-13T21:30:31.426+0000] {processor.py:914} INFO - Processing file /home/airflow/.local/lib/python3.12/site-packages/airflow/example_dags/example_inlet_event_extra.py for tasks to queue
[2024-11-13T21:30:31.427+0000] {logging_mixin.py:190} INFO - [2024-11-13T21:30:31.427+0000] {dagbag.py:588} INFO - Filling up the DagBag from /home/airflow/.local/lib/python3.12/site-packages/airflow/example_dags/example_inlet_event_extra.py
[2024-11-13T21:30:31.723+0000] {processor.py:925} INFO - DAG(s) 'read_dataset_event', 'read_dataset_event_from_classic' retrieved from /home/airflow/.local/lib/python3.12/site-packages/airflow/example_dags/example_inlet_event_extra.py
[2024-11-13T21:30:31.732+0000] {logging_mixin.py:190} INFO - [2024-11-13T21:30:31.732+0000] {dag.py:3239} INFO - Sync 2 DAGs
[2024-11-13T21:30:31.742+0000] {logging_mixin.py:190} INFO - [2024-11-13T21:30:31.741+0000] {dag.py:4180} INFO - Setting next_dagrun for read_dataset_event to 2024-11-12 00:00:00+00:00, run_after=2024-11-13 00:00:00+00:00
[2024-11-13T21:30:31.744+0000] {logging_mixin.py:190} INFO - [2024-11-13T21:30:31.744+0000] {dag.py:4180} INFO - Setting next_dagrun for read_dataset_event_from_classic to 2024-11-12 00:00:00+00:00, run_after=2024-11-13 00:00:00+00:00
[2024-11-13T21:30:31.749+0000] {processor.py:208} INFO - Processing /home/airflow/.local/lib/python3.12/site-packages/airflow/example_dags/example_inlet_event_extra.py took 0.329 seconds
[2024-11-13T21:35:02.195+0000] {processor.py:186} INFO - Started process (PID=70) to work on /home/airflow/.local/lib/python3.12/site-packages/airflow/example_dags/example_inlet_event_extra.py
[2024-11-13T21:35:02.196+0000] {processor.py:914} INFO - Processing file /home/airflow/.local/lib/python3.12/site-packages/airflow/example_dags/example_inlet_event_extra.py for tasks to queue
[2024-11-13T21:35:02.197+0000] {logging_mixin.py:190} INFO - [2024-11-13T21:35:02.197+0000] {dagbag.py:588} INFO - Filling up the DagBag from /home/airflow/.local/lib/python3.12/site-packages/airflow/example_dags/example_inlet_event_extra.py
[2024-11-13T21:35:02.453+0000] {processor.py:925} INFO - DAG(s) 'read_dataset_event', 'read_dataset_event_from_classic' retrieved from /home/airflow/.local/lib/python3.12/site-packages/airflow/example_dags/example_inlet_event_extra.py
[2024-11-13T21:35:02.492+0000] {logging_mixin.py:190} INFO - [2024-11-13T21:35:02.492+0000] {override.py:1911} INFO - Created Permission View: can edit on DAG:read_dataset_event
[2024-11-13T21:35:02.496+0000] {logging_mixin.py:190} INFO - [2024-11-13T21:35:02.496+0000] {override.py:1911} INFO - Created Permission View: can delete on DAG:read_dataset_event
[2024-11-13T21:35:02.498+0000] {logging_mixin.py:190} INFO - [2024-11-13T21:35:02.498+0000] {override.py:1911} INFO - Created Permission View: can read on DAG:read_dataset_event
[2024-11-13T21:35:02.501+0000] {logging_mixin.py:190} INFO - [2024-11-13T21:35:02.501+0000] {override.py:1911} INFO - Created Permission View: can create on DAG Run:read_dataset_event
[2024-11-13T21:35:02.503+0000] {logging_mixin.py:190} INFO - [2024-11-13T21:35:02.503+0000] {override.py:1911} INFO - Created Permission View: can delete on DAG Run:read_dataset_event
[2024-11-13T21:35:02.505+0000] {logging_mixin.py:190} INFO - [2024-11-13T21:35:02.505+0000] {override.py:1911} INFO - Created Permission View: menu access on DAG Run:read_dataset_event
[2024-11-13T21:35:02.508+0000] {logging_mixin.py:190} INFO - [2024-11-13T21:35:02.508+0000] {override.py:1911} INFO - Created Permission View: can read on DAG Run:read_dataset_event
[2024-11-13T21:35:02.513+0000] {logging_mixin.py:190} INFO - [2024-11-13T21:35:02.513+0000] {override.py:1911} INFO - Created Permission View: can edit on DAG:read_dataset_event_from_classic
[2024-11-13T21:35:02.517+0000] {logging_mixin.py:190} INFO - [2024-11-13T21:35:02.517+0000] {override.py:1911} INFO - Created Permission View: can delete on DAG:read_dataset_event_from_classic
[2024-11-13T21:35:02.520+0000] {logging_mixin.py:190} INFO - [2024-11-13T21:35:02.520+0000] {override.py:1911} INFO - Created Permission View: can read on DAG:read_dataset_event_from_classic
[2024-11-13T21:35:02.523+0000] {logging_mixin.py:190} INFO - [2024-11-13T21:35:02.523+0000] {override.py:1911} INFO - Created Permission View: can create on DAG Run:read_dataset_event_from_classic
[2024-11-13T21:35:02.527+0000] {logging_mixin.py:190} INFO - [2024-11-13T21:35:02.527+0000] {override.py:1911} INFO - Created Permission View: can delete on DAG Run:read_dataset_event_from_classic
[2024-11-13T21:35:02.529+0000] {logging_mixin.py:190} INFO - [2024-11-13T21:35:02.529+0000] {override.py:1911} INFO - Created Permission View: menu access on DAG Run:read_dataset_event_from_classic
[2024-11-13T21:35:02.530+0000] {logging_mixin.py:190} INFO - [2024-11-13T21:35:02.530+0000] {override.py:1911} INFO - Created Permission View: can read on DAG Run:read_dataset_event_from_classic
[2024-11-13T21:35:02.531+0000] {logging_mixin.py:190} INFO - [2024-11-13T21:35:02.531+0000] {dag.py:3239} INFO - Sync 2 DAGs
[2024-11-13T21:35:02.535+0000] {logging_mixin.py:190} INFO - [2024-11-13T21:35:02.535+0000] {dag.py:3262} INFO - Creating ORM DAG for read_dataset_event_from_classic
[2024-11-13T21:35:02.535+0000] {logging_mixin.py:190} INFO - [2024-11-13T21:35:02.535+0000] {dag.py:3262} INFO - Creating ORM DAG for read_dataset_event
[2024-11-13T21:35:02.540+0000] {logging_mixin.py:190} INFO - [2024-11-13T21:35:02.540+0000] {dag.py:4180} INFO - Setting next_dagrun for read_dataset_event to 2024-11-12 00:00:00+00:00, run_after=2024-11-13 00:00:00+00:00
[2024-11-13T21:35:02.541+0000] {logging_mixin.py:190} INFO - [2024-11-13T21:35:02.541+0000] {dag.py:4180} INFO - Setting next_dagrun for read_dataset_event_from_classic to 2024-11-12 00:00:00+00:00, run_after=2024-11-13 00:00:00+00:00
[2024-11-13T21:35:02.550+0000] {processor.py:208} INFO - Processing /home/airflow/.local/lib/python3.12/site-packages/airflow/example_dags/example_inlet_event_extra.py took 0.358 seconds
[2024-11-13T21:35:32.732+0000] {processor.py:186} INFO - Started process (PID=134) to work on /home/airflow/.local/lib/python3.12/site-packages/airflow/example_dags/example_inlet_event_extra.py
[2024-11-13T21:35:32.733+0000] {processor.py:914} INFO - Processing file /home/airflow/.local/lib/python3.12/site-packages/airflow/example_dags/example_inlet_event_extra.py for tasks to queue
[2024-11-13T21:35:32.735+0000] {logging_mixin.py:190} INFO - [2024-11-13T21:35:32.734+0000] {dagbag.py:588} INFO - Filling up the DagBag from /home/airflow/.local/lib/python3.12/site-packages/airflow/example_dags/example_inlet_event_extra.py
[2024-11-13T21:35:32.978+0000] {processor.py:925} INFO - DAG(s) 'read_dataset_event_from_classic', 'read_dataset_event' retrieved from /home/airflow/.local/lib/python3.12/site-packages/airflow/example_dags/example_inlet_event_extra.py
[2024-11-13T21:35:32.985+0000] {logging_mixin.py:190} INFO - [2024-11-13T21:35:32.985+0000] {dag.py:3239} INFO - Sync 2 DAGs
[2024-11-13T21:35:32.992+0000] {logging_mixin.py:190} INFO - [2024-11-13T21:35:32.992+0000] {dag.py:4180} INFO - Setting next_dagrun for read_dataset_event to 2024-11-12 00:00:00+00:00, run_after=2024-11-13 00:00:00+00:00
[2024-11-13T21:35:32.993+0000] {logging_mixin.py:190} INFO - [2024-11-13T21:35:32.993+0000] {dag.py:4180} INFO - Setting next_dagrun for read_dataset_event_from_classic to 2024-11-12 00:00:00+00:00, run_after=2024-11-13 00:00:00+00:00
[2024-11-13T21:35:32.998+0000] {processor.py:208} INFO - Processing /home/airflow/.local/lib/python3.12/site-packages/airflow/example_dags/example_inlet_event_extra.py took 0.268 seconds
[2024-11-13T21:36:03.449+0000] {processor.py:186} INFO - Started process (PID=206) to work on /home/airflow/.local/lib/python3.12/site-packages/airflow/example_dags/example_inlet_event_extra.py
[2024-11-13T21:36:03.450+0000] {processor.py:914} INFO - Processing file /home/airflow/.local/lib/python3.12/site-packages/airflow/example_dags/example_inlet_event_extra.py for tasks to queue
[2024-11-13T21:36:03.452+0000] {logging_mixin.py:190} INFO - [2024-11-13T21:36:03.452+0000] {dagbag.py:588} INFO - Filling up the DagBag from /home/airflow/.local/lib/python3.12/site-packages/airflow/example_dags/example_inlet_event_extra.py
[2024-11-13T21:36:03.707+0000] {processor.py:925} INFO - DAG(s) 'read_dataset_event_from_classic', 'read_dataset_event' retrieved from /home/airflow/.local/lib/python3.12/site-packages/airflow/example_dags/example_inlet_event_extra.py
[2024-11-13T21:36:03.718+0000] {logging_mixin.py:190} INFO - [2024-11-13T21:36:03.718+0000] {dag.py:3239} INFO - Sync 2 DAGs
[2024-11-13T21:36:03.728+0000] {logging_mixin.py:190} INFO - [2024-11-13T21:36:03.727+0000] {dag.py:4180} INFO - Setting next_dagrun for read_dataset_event to 2024-11-12 00:00:00+00:00, run_after=2024-11-13 00:00:00+00:00
[2024-11-13T21:36:03.730+0000] {logging_mixin.py:190} INFO - [2024-11-13T21:36:03.730+0000] {dag.py:4180} INFO - Setting next_dagrun for read_dataset_event_from_classic to 2024-11-12 00:00:00+00:00, run_after=2024-11-13 00:00:00+00:00
[2024-11-13T21:36:03.737+0000] {processor.py:208} INFO - Processing /home/airflow/.local/lib/python3.12/site-packages/airflow/example_dags/example_inlet_event_extra.py took 0.290 seconds
[2024-11-13T21:36:33.954+0000] {processor.py:186} INFO - Started process (PID=269) to work on /home/airflow/.local/lib/python3.12/site-packages/airflow/example_dags/example_inlet_event_extra.py
[2024-11-13T21:36:33.955+0000] {processor.py:914} INFO - Processing file /home/airflow/.local/lib/python3.12/site-packages/airflow/example_dags/example_inlet_event_extra.py for tasks to queue
[2024-11-13T21:36:33.956+0000] {logging_mixin.py:190} INFO - [2024-11-13T21:36:33.956+0000] {dagbag.py:588} INFO - Filling up the DagBag from /home/airflow/.local/lib/python3.12/site-packages/airflow/example_dags/example_inlet_event_extra.py
[2024-11-13T21:36:34.216+0000] {processor.py:925} INFO - DAG(s) 'read_dataset_event', 'read_dataset_event_from_classic' retrieved from /home/airflow/.local/lib/python3.12/site-packages/airflow/example_dags/example_inlet_event_extra.py
[2024-11-13T21:36:34.224+0000] {logging_mixin.py:190} INFO - [2024-11-13T21:36:34.224+0000] {dag.py:3239} INFO - Sync 2 DAGs
[2024-11-13T21:36:34.233+0000] {logging_mixin.py:190} INFO - [2024-11-13T21:36:34.232+0000] {dag.py:4180} INFO - Setting next_dagrun for read_dataset_event to 2024-11-12 00:00:00+00:00, run_after=2024-11-13 00:00:00+00:00
[2024-11-13T21:36:34.237+0000] {logging_mixin.py:190} INFO - [2024-11-13T21:36:34.237+0000] {dag.py:4180} INFO - Setting next_dagrun for read_dataset_event_from_classic to 2024-11-12 00:00:00+00:00, run_after=2024-11-13 00:00:00+00:00
[2024-11-13T21:36:34.244+0000] {processor.py:208} INFO - Processing /home/airflow/.local/lib/python3.12/site-packages/airflow/example_dags/example_inlet_event_extra.py took 0.293 seconds
[2024-11-13T21:37:04.288+0000] {processor.py:186} INFO - Started process (PID=332) to work on /home/airflow/.local/lib/python3.12/site-packages/airflow/example_dags/example_inlet_event_extra.py
[2024-11-13T21:37:04.290+0000] {processor.py:914} INFO - Processing file /home/airflow/.local/lib/python3.12/site-packages/airflow/example_dags/example_inlet_event_extra.py for tasks to queue
[2024-11-13T21:37:04.291+0000] {logging_mixin.py:190} INFO - [2024-11-13T21:37:04.291+0000] {dagbag.py:588} INFO - Filling up the DagBag from /home/airflow/.local/lib/python3.12/site-packages/airflow/example_dags/example_inlet_event_extra.py
[2024-11-13T21:37:04.527+0000] {processor.py:925} INFO - DAG(s) 'read_dataset_event_from_classic', 'read_dataset_event' retrieved from /home/airflow/.local/lib/python3.12/site-packages/airflow/example_dags/example_inlet_event_extra.py
[2024-11-13T21:37:04.542+0000] {logging_mixin.py:190} INFO - [2024-11-13T21:37:04.541+0000] {dag.py:3239} INFO - Sync 2 DAGs
[2024-11-13T21:37:04.549+0000] {logging_mixin.py:190} INFO - [2024-11-13T21:37:04.549+0000] {dag.py:4180} INFO - Setting next_dagrun for read_dataset_event to 2024-11-12 00:00:00+00:00, run_after=2024-11-13 00:00:00+00:00
[2024-11-13T21:37:04.550+0000] {logging_mixin.py:190} INFO - [2024-11-13T21:37:04.550+0000] {dag.py:4180} INFO - Setting next_dagrun for read_dataset_event_from_classic to 2024-11-12 00:00:00+00:00, run_after=2024-11-13 00:00:00+00:00
[2024-11-13T21:37:04.555+0000] {processor.py:208} INFO - Processing /home/airflow/.local/lib/python3.12/site-packages/airflow/example_dags/example_inlet_event_extra.py took 0.270 seconds
[2024-11-13T21:37:34.642+0000] {processor.py:186} INFO - Started process (PID=395) to work on /home/airflow/.local/lib/python3.12/site-packages/airflow/example_dags/example_inlet_event_extra.py
[2024-11-13T21:37:34.643+0000] {processor.py:914} INFO - Processing file /home/airflow/.local/lib/python3.12/site-packages/airflow/example_dags/example_inlet_event_extra.py for tasks to queue
[2024-11-13T21:37:34.645+0000] {logging_mixin.py:190} INFO - [2024-11-13T21:37:34.645+0000] {dagbag.py:588} INFO - Filling up the DagBag from /home/airflow/.local/lib/python3.12/site-packages/airflow/example_dags/example_inlet_event_extra.py
[2024-11-13T21:37:34.875+0000] {processor.py:925} INFO - DAG(s) 'read_dataset_event_from_classic', 'read_dataset_event' retrieved from /home/airflow/.local/lib/python3.12/site-packages/airflow/example_dags/example_inlet_event_extra.py
[2024-11-13T21:37:34.888+0000] {logging_mixin.py:190} INFO - [2024-11-13T21:37:34.888+0000] {dag.py:3239} INFO - Sync 2 DAGs
[2024-11-13T21:37:34.896+0000] {logging_mixin.py:190} INFO - [2024-11-13T21:37:34.896+0000] {dag.py:4180} INFO - Setting next_dagrun for read_dataset_event to 2024-11-12 00:00:00+00:00, run_after=2024-11-13 00:00:00+00:00
[2024-11-13T21:37:34.897+0000] {logging_mixin.py:190} INFO - [2024-11-13T21:37:34.897+0000] {dag.py:4180} INFO - Setting next_dagrun for read_dataset_event_from_classic to 2024-11-12 00:00:00+00:00, run_after=2024-11-13 00:00:00+00:00
[2024-11-13T21:37:34.903+0000] {processor.py:208} INFO - Processing /home/airflow/.local/lib/python3.12/site-packages/airflow/example_dags/example_inlet_event_extra.py took 0.263 seconds
[2024-11-13T21:38:05.116+0000] {processor.py:186} INFO - Started process (PID=458) to work on /home/airflow/.local/lib/python3.12/site-packages/airflow/example_dags/example_inlet_event_extra.py
[2024-11-13T21:38:05.116+0000] {processor.py:914} INFO - Processing file /home/airflow/.local/lib/python3.12/site-packages/airflow/example_dags/example_inlet_event_extra.py for tasks to queue
[2024-11-13T21:38:05.117+0000] {logging_mixin.py:190} INFO - [2024-11-13T21:38:05.117+0000] {dagbag.py:588} INFO - Filling up the DagBag from /home/airflow/.local/lib/python3.12/site-packages/airflow/example_dags/example_inlet_event_extra.py
[2024-11-13T21:38:05.352+0000] {processor.py:925} INFO - DAG(s) 'read_dataset_event_from_classic', 'read_dataset_event' retrieved from /home/airflow/.local/lib/python3.12/site-packages/airflow/example_dags/example_inlet_event_extra.py
[2024-11-13T21:38:05.362+0000] {logging_mixin.py:190} INFO - [2024-11-13T21:38:05.362+0000] {dag.py:3239} INFO - Sync 2 DAGs
[2024-11-13T21:38:05.372+0000] {logging_mixin.py:190} INFO - [2024-11-13T21:38:05.372+0000] {dag.py:4180} INFO - Setting next_dagrun for read_dataset_event to 2024-11-12 00:00:00+00:00, run_after=2024-11-13 00:00:00+00:00
[2024-11-13T21:38:05.374+0000] {logging_mixin.py:190} INFO - [2024-11-13T21:38:05.374+0000] {dag.py:4180} INFO - Setting next_dagrun for read_dataset_event_from_classic to 2024-11-12 00:00:00+00:00, run_after=2024-11-13 00:00:00+00:00
[2024-11-13T21:38:05.380+0000] {processor.py:208} INFO - Processing /home/airflow/.local/lib/python3.12/site-packages/airflow/example_dags/example_inlet_event_extra.py took 0.266 seconds
[2024-11-13T23:40:19.667+0000] {processor.py:186} INFO - Started process (PID=63) to work on /home/airflow/.local/lib/python3.12/site-packages/airflow/example_dags/example_inlet_event_extra.py
[2024-11-13T23:40:19.667+0000] {processor.py:914} INFO - Processing file /home/airflow/.local/lib/python3.12/site-packages/airflow/example_dags/example_inlet_event_extra.py for tasks to queue
[2024-11-13T23:40:19.668+0000] {logging_mixin.py:190} INFO - [2024-11-13T23:40:19.668+0000] {dagbag.py:588} INFO - Filling up the DagBag from /home/airflow/.local/lib/python3.12/site-packages/airflow/example_dags/example_inlet_event_extra.py
[2024-11-13T23:40:19.905+0000] {processor.py:925} INFO - DAG(s) 'read_dataset_event_from_classic', 'read_dataset_event' retrieved from /home/airflow/.local/lib/python3.12/site-packages/airflow/example_dags/example_inlet_event_extra.py
[2024-11-13T23:40:19.941+0000] {logging_mixin.py:190} INFO - [2024-11-13T23:40:19.940+0000] {override.py:1911} INFO - Created Permission View: can edit on DAG:read_dataset_event_from_classic
[2024-11-13T23:40:19.944+0000] {logging_mixin.py:190} INFO - [2024-11-13T23:40:19.944+0000] {override.py:1911} INFO - Created Permission View: can delete on DAG:read_dataset_event_from_classic
[2024-11-13T23:40:19.945+0000] {logging_mixin.py:190} INFO - [2024-11-13T23:40:19.945+0000] {override.py:1911} INFO - Created Permission View: can read on DAG:read_dataset_event_from_classic
[2024-11-13T23:40:19.946+0000] {logging_mixin.py:190} INFO - [2024-11-13T23:40:19.946+0000] {override.py:1911} INFO - Created Permission View: can delete on DAG Run:read_dataset_event_from_classic
[2024-11-13T23:40:19.948+0000] {logging_mixin.py:190} INFO - [2024-11-13T23:40:19.948+0000] {override.py:1911} INFO - Created Permission View: menu access on DAG Run:read_dataset_event_from_classic
[2024-11-13T23:40:19.949+0000] {logging_mixin.py:190} INFO - [2024-11-13T23:40:19.949+0000] {override.py:1911} INFO - Created Permission View: can read on DAG Run:read_dataset_event_from_classic
[2024-11-13T23:40:19.951+0000] {logging_mixin.py:190} INFO - [2024-11-13T23:40:19.950+0000] {override.py:1911} INFO - Created Permission View: can create on DAG Run:read_dataset_event_from_classic
[2024-11-13T23:40:19.954+0000] {logging_mixin.py:190} INFO - [2024-11-13T23:40:19.954+0000] {override.py:1911} INFO - Created Permission View: can edit on DAG:read_dataset_event
[2024-11-13T23:40:19.955+0000] {logging_mixin.py:190} INFO - [2024-11-13T23:40:19.955+0000] {override.py:1911} INFO - Created Permission View: can delete on DAG:read_dataset_event
[2024-11-13T23:40:19.957+0000] {logging_mixin.py:190} INFO - [2024-11-13T23:40:19.957+0000] {override.py:1911} INFO - Created Permission View: can read on DAG:read_dataset_event
[2024-11-13T23:40:19.960+0000] {logging_mixin.py:190} INFO - [2024-11-13T23:40:19.960+0000] {override.py:1911} INFO - Created Permission View: can delete on DAG Run:read_dataset_event
[2024-11-13T23:40:19.962+0000] {logging_mixin.py:190} INFO - [2024-11-13T23:40:19.961+0000] {override.py:1911} INFO - Created Permission View: menu access on DAG Run:read_dataset_event
[2024-11-13T23:40:19.963+0000] {logging_mixin.py:190} INFO - [2024-11-13T23:40:19.963+0000] {override.py:1911} INFO - Created Permission View: can read on DAG Run:read_dataset_event
[2024-11-13T23:40:19.965+0000] {logging_mixin.py:190} INFO - [2024-11-13T23:40:19.965+0000] {override.py:1911} INFO - Created Permission View: can create on DAG Run:read_dataset_event
[2024-11-13T23:40:19.965+0000] {logging_mixin.py:190} INFO - [2024-11-13T23:40:19.965+0000] {dag.py:3239} INFO - Sync 2 DAGs
[2024-11-13T23:40:19.969+0000] {logging_mixin.py:190} INFO - [2024-11-13T23:40:19.969+0000] {dag.py:3262} INFO - Creating ORM DAG for read_dataset_event
[2024-11-13T23:40:19.969+0000] {logging_mixin.py:190} INFO - [2024-11-13T23:40:19.969+0000] {dag.py:3262} INFO - Creating ORM DAG for read_dataset_event_from_classic
[2024-11-13T23:40:19.972+0000] {logging_mixin.py:190} INFO - [2024-11-13T23:40:19.972+0000] {dag.py:4180} INFO - Setting next_dagrun for read_dataset_event to 2024-11-12 00:00:00+00:00, run_after=2024-11-13 00:00:00+00:00
[2024-11-13T23:40:19.973+0000] {logging_mixin.py:190} INFO - [2024-11-13T23:40:19.973+0000] {dag.py:4180} INFO - Setting next_dagrun for read_dataset_event_from_classic to 2024-11-12 00:00:00+00:00, run_after=2024-11-13 00:00:00+00:00
[2024-11-13T23:40:19.978+0000] {processor.py:208} INFO - Processing /home/airflow/.local/lib/python3.12/site-packages/airflow/example_dags/example_inlet_event_extra.py took 0.314 seconds
[2024-11-13T23:40:50.679+0000] {processor.py:186} INFO - Started process (PID=126) to work on /home/airflow/.local/lib/python3.12/site-packages/airflow/example_dags/example_inlet_event_extra.py
[2024-11-13T23:40:50.681+0000] {processor.py:914} INFO - Processing file /home/airflow/.local/lib/python3.12/site-packages/airflow/example_dags/example_inlet_event_extra.py for tasks to queue
[2024-11-13T23:40:50.683+0000] {logging_mixin.py:190} INFO - [2024-11-13T23:40:50.682+0000] {dagbag.py:588} INFO - Filling up the DagBag from /home/airflow/.local/lib/python3.12/site-packages/airflow/example_dags/example_inlet_event_extra.py
[2024-11-13T23:40:50.919+0000] {processor.py:925} INFO - DAG(s) 'read_dataset_event', 'read_dataset_event_from_classic' retrieved from /home/airflow/.local/lib/python3.12/site-packages/airflow/example_dags/example_inlet_event_extra.py
[2024-11-13T23:40:50.926+0000] {logging_mixin.py:190} INFO - [2024-11-13T23:40:50.926+0000] {dag.py:3239} INFO - Sync 2 DAGs
[2024-11-13T23:40:50.934+0000] {logging_mixin.py:190} INFO - [2024-11-13T23:40:50.934+0000] {dag.py:4180} INFO - Setting next_dagrun for read_dataset_event to 2024-11-12 00:00:00+00:00, run_after=2024-11-13 00:00:00+00:00
[2024-11-13T23:40:50.936+0000] {logging_mixin.py:190} INFO - [2024-11-13T23:40:50.936+0000] {dag.py:4180} INFO - Setting next_dagrun for read_dataset_event_from_classic to 2024-11-12 00:00:00+00:00, run_after=2024-11-13 00:00:00+00:00
[2024-11-13T23:40:50.940+0000] {processor.py:208} INFO - Processing /home/airflow/.local/lib/python3.12/site-packages/airflow/example_dags/example_inlet_event_extra.py took 0.264 seconds
[2024-11-13T23:41:21.093+0000] {processor.py:186} INFO - Started process (PID=192) to work on /home/airflow/.local/lib/python3.12/site-packages/airflow/example_dags/example_inlet_event_extra.py
[2024-11-13T23:41:21.093+0000] {processor.py:914} INFO - Processing file /home/airflow/.local/lib/python3.12/site-packages/airflow/example_dags/example_inlet_event_extra.py for tasks to queue
[2024-11-13T23:41:21.094+0000] {logging_mixin.py:190} INFO - [2024-11-13T23:41:21.094+0000] {dagbag.py:588} INFO - Filling up the DagBag from /home/airflow/.local/lib/python3.12/site-packages/airflow/example_dags/example_inlet_event_extra.py
[2024-11-13T23:41:21.351+0000] {processor.py:925} INFO - DAG(s) 'read_dataset_event', 'read_dataset_event_from_classic' retrieved from /home/airflow/.local/lib/python3.12/site-packages/airflow/example_dags/example_inlet_event_extra.py
[2024-11-13T23:41:21.360+0000] {logging_mixin.py:190} INFO - [2024-11-13T23:41:21.359+0000] {dag.py:3239} INFO - Sync 2 DAGs
[2024-11-13T23:41:21.370+0000] {logging_mixin.py:190} INFO - [2024-11-13T23:41:21.369+0000] {dag.py:4180} INFO - Setting next_dagrun for read_dataset_event to 2024-11-12 00:00:00+00:00, run_after=2024-11-13 00:00:00+00:00
[2024-11-13T23:41:21.375+0000] {logging_mixin.py:190} INFO - [2024-11-13T23:41:21.375+0000] {dag.py:4180} INFO - Setting next_dagrun for read_dataset_event_from_classic to 2024-11-12 00:00:00+00:00, run_after=2024-11-13 00:00:00+00:00
[2024-11-13T23:41:21.412+0000] {processor.py:208} INFO - Processing /home/airflow/.local/lib/python3.12/site-packages/airflow/example_dags/example_inlet_event_extra.py took 0.322 seconds
[2024-11-13T23:41:51.611+0000] {processor.py:186} INFO - Started process (PID=263) to work on /home/airflow/.local/lib/python3.12/site-packages/airflow/example_dags/example_inlet_event_extra.py
[2024-11-13T23:41:51.612+0000] {processor.py:914} INFO - Processing file /home/airflow/.local/lib/python3.12/site-packages/airflow/example_dags/example_inlet_event_extra.py for tasks to queue
[2024-11-13T23:41:51.614+0000] {logging_mixin.py:190} INFO - [2024-11-13T23:41:51.614+0000] {dagbag.py:588} INFO - Filling up the DagBag from /home/airflow/.local/lib/python3.12/site-packages/airflow/example_dags/example_inlet_event_extra.py
[2024-11-13T23:41:51.840+0000] {processor.py:925} INFO - DAG(s) 'read_dataset_event_from_classic', 'read_dataset_event' retrieved from /home/airflow/.local/lib/python3.12/site-packages/airflow/example_dags/example_inlet_event_extra.py
[2024-11-13T23:41:51.849+0000] {logging_mixin.py:190} INFO - [2024-11-13T23:41:51.848+0000] {dag.py:3239} INFO - Sync 2 DAGs
[2024-11-13T23:41:51.859+0000] {logging_mixin.py:190} INFO - [2024-11-13T23:41:51.859+0000] {dag.py:4180} INFO - Setting next_dagrun for read_dataset_event to 2024-11-12 00:00:00+00:00, run_after=2024-11-13 00:00:00+00:00
[2024-11-13T23:41:51.860+0000] {logging_mixin.py:190} INFO - [2024-11-13T23:41:51.860+0000] {dag.py:4180} INFO - Setting next_dagrun for read_dataset_event_from_classic to 2024-11-12 00:00:00+00:00, run_after=2024-11-13 00:00:00+00:00
[2024-11-13T23:41:51.868+0000] {processor.py:208} INFO - Processing /home/airflow/.local/lib/python3.12/site-packages/airflow/example_dags/example_inlet_event_extra.py took 0.260 seconds
[2024-11-13T23:42:21.956+0000] {processor.py:186} INFO - Started process (PID=320) to work on /home/airflow/.local/lib/python3.12/site-packages/airflow/example_dags/example_inlet_event_extra.py
[2024-11-13T23:42:21.958+0000] {processor.py:914} INFO - Processing file /home/airflow/.local/lib/python3.12/site-packages/airflow/example_dags/example_inlet_event_extra.py for tasks to queue
[2024-11-13T23:42:21.959+0000] {logging_mixin.py:190} INFO - [2024-11-13T23:42:21.959+0000] {dagbag.py:588} INFO - Filling up the DagBag from /home/airflow/.local/lib/python3.12/site-packages/airflow/example_dags/example_inlet_event_extra.py
[2024-11-13T23:42:22.209+0000] {processor.py:925} INFO - DAG(s) 'read_dataset_event', 'read_dataset_event_from_classic' retrieved from /home/airflow/.local/lib/python3.12/site-packages/airflow/example_dags/example_inlet_event_extra.py
[2024-11-13T23:42:22.219+0000] {logging_mixin.py:190} INFO - [2024-11-13T23:42:22.218+0000] {dag.py:3239} INFO - Sync 2 DAGs
[2024-11-13T23:42:22.227+0000] {logging_mixin.py:190} INFO - [2024-11-13T23:42:22.227+0000] {dag.py:4180} INFO - Setting next_dagrun for read_dataset_event to 2024-11-12 00:00:00+00:00, run_after=2024-11-13 00:00:00+00:00
[2024-11-13T23:42:22.229+0000] {logging_mixin.py:190} INFO - [2024-11-13T23:42:22.229+0000] {dag.py:4180} INFO - Setting next_dagrun for read_dataset_event_from_classic to 2024-11-12 00:00:00+00:00, run_after=2024-11-13 00:00:00+00:00
[2024-11-13T23:42:22.235+0000] {processor.py:208} INFO - Processing /home/airflow/.local/lib/python3.12/site-packages/airflow/example_dags/example_inlet_event_extra.py took 0.282 seconds
[2024-11-13T23:42:52.397+0000] {processor.py:186} INFO - Started process (PID=386) to work on /home/airflow/.local/lib/python3.12/site-packages/airflow/example_dags/example_inlet_event_extra.py
[2024-11-13T23:42:52.400+0000] {processor.py:914} INFO - Processing file /home/airflow/.local/lib/python3.12/site-packages/airflow/example_dags/example_inlet_event_extra.py for tasks to queue
[2024-11-13T23:42:52.401+0000] {logging_mixin.py:190} INFO - [2024-11-13T23:42:52.400+0000] {dagbag.py:588} INFO - Filling up the DagBag from /home/airflow/.local/lib/python3.12/site-packages/airflow/example_dags/example_inlet_event_extra.py
[2024-11-13T23:42:52.634+0000] {processor.py:925} INFO - DAG(s) 'read_dataset_event', 'read_dataset_event_from_classic' retrieved from /home/airflow/.local/lib/python3.12/site-packages/airflow/example_dags/example_inlet_event_extra.py
[2024-11-13T23:42:52.641+0000] {logging_mixin.py:190} INFO - [2024-11-13T23:42:52.641+0000] {dag.py:3239} INFO - Sync 2 DAGs
[2024-11-13T23:42:52.649+0000] {logging_mixin.py:190} INFO - [2024-11-13T23:42:52.649+0000] {dag.py:4180} INFO - Setting next_dagrun for read_dataset_event to 2024-11-12 00:00:00+00:00, run_after=2024-11-13 00:00:00+00:00
[2024-11-13T23:42:52.650+0000] {logging_mixin.py:190} INFO - [2024-11-13T23:42:52.650+0000] {dag.py:4180} INFO - Setting next_dagrun for read_dataset_event_from_classic to 2024-11-12 00:00:00+00:00, run_after=2024-11-13 00:00:00+00:00
[2024-11-13T23:42:52.656+0000] {processor.py:208} INFO - Processing /home/airflow/.local/lib/python3.12/site-packages/airflow/example_dags/example_inlet_event_extra.py took 0.262 seconds
[2024-11-13T23:43:23.601+0000] {processor.py:186} INFO - Started process (PID=446) to work on /home/airflow/.local/lib/python3.12/site-packages/airflow/example_dags/example_inlet_event_extra.py
[2024-11-13T23:43:23.602+0000] {processor.py:914} INFO - Processing file /home/airflow/.local/lib/python3.12/site-packages/airflow/example_dags/example_inlet_event_extra.py for tasks to queue
[2024-11-13T23:43:23.603+0000] {logging_mixin.py:190} INFO - [2024-11-13T23:43:23.603+0000] {dagbag.py:588} INFO - Filling up the DagBag from /home/airflow/.local/lib/python3.12/site-packages/airflow/example_dags/example_inlet_event_extra.py
[2024-11-13T23:43:23.831+0000] {processor.py:925} INFO - DAG(s) 'read_dataset_event_from_classic', 'read_dataset_event' retrieved from /home/airflow/.local/lib/python3.12/site-packages/airflow/example_dags/example_inlet_event_extra.py
[2024-11-13T23:43:23.839+0000] {logging_mixin.py:190} INFO - [2024-11-13T23:43:23.839+0000] {dag.py:3239} INFO - Sync 2 DAGs
[2024-11-13T23:43:23.848+0000] {logging_mixin.py:190} INFO - [2024-11-13T23:43:23.848+0000] {dag.py:4180} INFO - Setting next_dagrun for read_dataset_event to 2024-11-12 00:00:00+00:00, run_after=2024-11-13 00:00:00+00:00
[2024-11-13T23:43:23.853+0000] {logging_mixin.py:190} INFO - [2024-11-13T23:43:23.853+0000] {dag.py:4180} INFO - Setting next_dagrun for read_dataset_event_from_classic to 2024-11-12 00:00:00+00:00, run_after=2024-11-13 00:00:00+00:00
[2024-11-13T23:43:23.859+0000] {processor.py:208} INFO - Processing /home/airflow/.local/lib/python3.12/site-packages/airflow/example_dags/example_inlet_event_extra.py took 0.260 seconds
[2024-11-13T23:43:54.850+0000] {processor.py:186} INFO - Started process (PID=509) to work on /home/airflow/.local/lib/python3.12/site-packages/airflow/example_dags/example_inlet_event_extra.py
[2024-11-13T23:43:54.852+0000] {processor.py:914} INFO - Processing file /home/airflow/.local/lib/python3.12/site-packages/airflow/example_dags/example_inlet_event_extra.py for tasks to queue
[2024-11-13T23:43:54.853+0000] {logging_mixin.py:190} INFO - [2024-11-13T23:43:54.853+0000] {dagbag.py:588} INFO - Filling up the DagBag from /home/airflow/.local/lib/python3.12/site-packages/airflow/example_dags/example_inlet_event_extra.py
[2024-11-13T23:43:55.086+0000] {processor.py:925} INFO - DAG(s) 'read_dataset_event_from_classic', 'read_dataset_event' retrieved from /home/airflow/.local/lib/python3.12/site-packages/airflow/example_dags/example_inlet_event_extra.py
[2024-11-13T23:43:55.094+0000] {logging_mixin.py:190} INFO - [2024-11-13T23:43:55.094+0000] {dag.py:3239} INFO - Sync 2 DAGs
[2024-11-13T23:43:55.102+0000] {logging_mixin.py:190} INFO - [2024-11-13T23:43:55.101+0000] {dag.py:4180} INFO - Setting next_dagrun for read_dataset_event to 2024-11-12 00:00:00+00:00, run_after=2024-11-13 00:00:00+00:00
[2024-11-13T23:43:55.106+0000] {logging_mixin.py:190} INFO - [2024-11-13T23:43:55.106+0000] {dag.py:4180} INFO - Setting next_dagrun for read_dataset_event_from_classic to 2024-11-12 00:00:00+00:00, run_after=2024-11-13 00:00:00+00:00
[2024-11-13T23:43:55.114+0000] {processor.py:208} INFO - Processing /home/airflow/.local/lib/python3.12/site-packages/airflow/example_dags/example_inlet_event_extra.py took 0.267 seconds
[2024-11-13T23:44:26.132+0000] {processor.py:186} INFO - Started process (PID=572) to work on /home/airflow/.local/lib/python3.12/site-packages/airflow/example_dags/example_inlet_event_extra.py
[2024-11-13T23:44:26.135+0000] {processor.py:914} INFO - Processing file /home/airflow/.local/lib/python3.12/site-packages/airflow/example_dags/example_inlet_event_extra.py for tasks to queue
[2024-11-13T23:44:26.136+0000] {logging_mixin.py:190} INFO - [2024-11-13T23:44:26.136+0000] {dagbag.py:588} INFO - Filling up the DagBag from /home/airflow/.local/lib/python3.12/site-packages/airflow/example_dags/example_inlet_event_extra.py
[2024-11-13T23:44:26.370+0000] {processor.py:925} INFO - DAG(s) 'read_dataset_event_from_classic', 'read_dataset_event' retrieved from /home/airflow/.local/lib/python3.12/site-packages/airflow/example_dags/example_inlet_event_extra.py
[2024-11-13T23:44:26.380+0000] {logging_mixin.py:190} INFO - [2024-11-13T23:44:26.380+0000] {dag.py:3239} INFO - Sync 2 DAGs
[2024-11-13T23:44:26.388+0000] {logging_mixin.py:190} INFO - [2024-11-13T23:44:26.388+0000] {dag.py:4180} INFO - Setting next_dagrun for read_dataset_event to 2024-11-12 00:00:00+00:00, run_after=2024-11-13 00:00:00+00:00
[2024-11-13T23:44:26.390+0000] {logging_mixin.py:190} INFO - [2024-11-13T23:44:26.390+0000] {dag.py:4180} INFO - Setting next_dagrun for read_dataset_event_from_classic to 2024-11-12 00:00:00+00:00, run_after=2024-11-13 00:00:00+00:00
[2024-11-13T23:44:26.396+0000] {processor.py:208} INFO - Processing /home/airflow/.local/lib/python3.12/site-packages/airflow/example_dags/example_inlet_event_extra.py took 0.266 seconds
[2024-11-13T23:44:57.417+0000] {processor.py:186} INFO - Started process (PID=635) to work on /home/airflow/.local/lib/python3.12/site-packages/airflow/example_dags/example_inlet_event_extra.py
[2024-11-13T23:44:57.419+0000] {processor.py:914} INFO - Processing file /home/airflow/.local/lib/python3.12/site-packages/airflow/example_dags/example_inlet_event_extra.py for tasks to queue
[2024-11-13T23:44:57.420+0000] {logging_mixin.py:190} INFO - [2024-11-13T23:44:57.419+0000] {dagbag.py:588} INFO - Filling up the DagBag from /home/airflow/.local/lib/python3.12/site-packages/airflow/example_dags/example_inlet_event_extra.py
[2024-11-13T23:44:57.645+0000] {processor.py:925} INFO - DAG(s) 'read_dataset_event', 'read_dataset_event_from_classic' retrieved from /home/airflow/.local/lib/python3.12/site-packages/airflow/example_dags/example_inlet_event_extra.py
[2024-11-13T23:44:57.656+0000] {logging_mixin.py:190} INFO - [2024-11-13T23:44:57.656+0000] {dag.py:3239} INFO - Sync 2 DAGs
[2024-11-13T23:44:57.665+0000] {logging_mixin.py:190} INFO - [2024-11-13T23:44:57.665+0000] {dag.py:4180} INFO - Setting next_dagrun for read_dataset_event to 2024-11-12 00:00:00+00:00, run_after=2024-11-13 00:00:00+00:00
[2024-11-13T23:44:57.667+0000] {logging_mixin.py:190} INFO - [2024-11-13T23:44:57.667+0000] {dag.py:4180} INFO - Setting next_dagrun for read_dataset_event_from_classic to 2024-11-12 00:00:00+00:00, run_after=2024-11-13 00:00:00+00:00
[2024-11-13T23:44:57.672+0000] {processor.py:208} INFO - Processing /home/airflow/.local/lib/python3.12/site-packages/airflow/example_dags/example_inlet_event_extra.py took 0.257 seconds
[2024-11-13T23:45:28.616+0000] {processor.py:186} INFO - Started process (PID=698) to work on /home/airflow/.local/lib/python3.12/site-packages/airflow/example_dags/example_inlet_event_extra.py
[2024-11-13T23:45:28.618+0000] {processor.py:914} INFO - Processing file /home/airflow/.local/lib/python3.12/site-packages/airflow/example_dags/example_inlet_event_extra.py for tasks to queue
[2024-11-13T23:45:28.620+0000] {logging_mixin.py:190} INFO - [2024-11-13T23:45:28.619+0000] {dagbag.py:588} INFO - Filling up the DagBag from /home/airflow/.local/lib/python3.12/site-packages/airflow/example_dags/example_inlet_event_extra.py
[2024-11-13T23:45:28.856+0000] {processor.py:925} INFO - DAG(s) 'read_dataset_event', 'read_dataset_event_from_classic' retrieved from /home/airflow/.local/lib/python3.12/site-packages/airflow/example_dags/example_inlet_event_extra.py
[2024-11-13T23:45:28.864+0000] {logging_mixin.py:190} INFO - [2024-11-13T23:45:28.864+0000] {dag.py:3239} INFO - Sync 2 DAGs
[2024-11-13T23:45:28.872+0000] {logging_mixin.py:190} INFO - [2024-11-13T23:45:28.872+0000] {dag.py:4180} INFO - Setting next_dagrun for read_dataset_event to 2024-11-12 00:00:00+00:00, run_after=2024-11-13 00:00:00+00:00
[2024-11-13T23:45:28.874+0000] {logging_mixin.py:190} INFO - [2024-11-13T23:45:28.874+0000] {dag.py:4180} INFO - Setting next_dagrun for read_dataset_event_from_classic to 2024-11-12 00:00:00+00:00, run_after=2024-11-13 00:00:00+00:00
[2024-11-13T23:45:28.881+0000] {processor.py:208} INFO - Processing /home/airflow/.local/lib/python3.12/site-packages/airflow/example_dags/example_inlet_event_extra.py took 0.267 seconds
[2024-11-13T23:45:59.773+0000] {processor.py:186} INFO - Started process (PID=761) to work on /home/airflow/.local/lib/python3.12/site-packages/airflow/example_dags/example_inlet_event_extra.py
[2024-11-13T23:45:59.774+0000] {processor.py:914} INFO - Processing file /home/airflow/.local/lib/python3.12/site-packages/airflow/example_dags/example_inlet_event_extra.py for tasks to queue
[2024-11-13T23:45:59.776+0000] {logging_mixin.py:190} INFO - [2024-11-13T23:45:59.776+0000] {dagbag.py:588} INFO - Filling up the DagBag from /home/airflow/.local/lib/python3.12/site-packages/airflow/example_dags/example_inlet_event_extra.py
[2024-11-13T23:46:00.004+0000] {processor.py:925} INFO - DAG(s) 'read_dataset_event_from_classic', 'read_dataset_event' retrieved from /home/airflow/.local/lib/python3.12/site-packages/airflow/example_dags/example_inlet_event_extra.py
[2024-11-13T23:46:00.013+0000] {logging_mixin.py:190} INFO - [2024-11-13T23:46:00.013+0000] {dag.py:3239} INFO - Sync 2 DAGs
[2024-11-13T23:46:00.021+0000] {logging_mixin.py:190} INFO - [2024-11-13T23:46:00.021+0000] {dag.py:4180} INFO - Setting next_dagrun for read_dataset_event to 2024-11-12 00:00:00+00:00, run_after=2024-11-13 00:00:00+00:00
[2024-11-13T23:46:00.025+0000] {logging_mixin.py:190} INFO - [2024-11-13T23:46:00.025+0000] {dag.py:4180} INFO - Setting next_dagrun for read_dataset_event_from_classic to 2024-11-12 00:00:00+00:00, run_after=2024-11-13 00:00:00+00:00
[2024-11-13T23:46:00.031+0000] {processor.py:208} INFO - Processing /home/airflow/.local/lib/python3.12/site-packages/airflow/example_dags/example_inlet_event_extra.py took 0.260 seconds
[2024-11-13T23:46:31.063+0000] {processor.py:186} INFO - Started process (PID=824) to work on /home/airflow/.local/lib/python3.12/site-packages/airflow/example_dags/example_inlet_event_extra.py
[2024-11-13T23:46:31.063+0000] {processor.py:914} INFO - Processing file /home/airflow/.local/lib/python3.12/site-packages/airflow/example_dags/example_inlet_event_extra.py for tasks to queue
[2024-11-13T23:46:31.064+0000] {logging_mixin.py:190} INFO - [2024-11-13T23:46:31.064+0000] {dagbag.py:588} INFO - Filling up the DagBag from /home/airflow/.local/lib/python3.12/site-packages/airflow/example_dags/example_inlet_event_extra.py
[2024-11-13T23:46:31.295+0000] {processor.py:925} INFO - DAG(s) 'read_dataset_event_from_classic', 'read_dataset_event' retrieved from /home/airflow/.local/lib/python3.12/site-packages/airflow/example_dags/example_inlet_event_extra.py
[2024-11-13T23:46:31.305+0000] {logging_mixin.py:190} INFO - [2024-11-13T23:46:31.305+0000] {dag.py:3239} INFO - Sync 2 DAGs
[2024-11-13T23:46:31.314+0000] {logging_mixin.py:190} INFO - [2024-11-13T23:46:31.313+0000] {dag.py:4180} INFO - Setting next_dagrun for read_dataset_event to 2024-11-12 00:00:00+00:00, run_after=2024-11-13 00:00:00+00:00
[2024-11-13T23:46:31.317+0000] {logging_mixin.py:190} INFO - [2024-11-13T23:46:31.316+0000] {dag.py:4180} INFO - Setting next_dagrun for read_dataset_event_from_classic to 2024-11-12 00:00:00+00:00, run_after=2024-11-13 00:00:00+00:00
[2024-11-13T23:46:31.324+0000] {processor.py:208} INFO - Processing /home/airflow/.local/lib/python3.12/site-packages/airflow/example_dags/example_inlet_event_extra.py took 0.264 seconds
[2024-11-13T23:47:02.392+0000] {processor.py:186} INFO - Started process (PID=887) to work on /home/airflow/.local/lib/python3.12/site-packages/airflow/example_dags/example_inlet_event_extra.py
[2024-11-13T23:47:02.393+0000] {processor.py:914} INFO - Processing file /home/airflow/.local/lib/python3.12/site-packages/airflow/example_dags/example_inlet_event_extra.py for tasks to queue
[2024-11-13T23:47:02.395+0000] {logging_mixin.py:190} INFO - [2024-11-13T23:47:02.394+0000] {dagbag.py:588} INFO - Filling up the DagBag from /home/airflow/.local/lib/python3.12/site-packages/airflow/example_dags/example_inlet_event_extra.py
[2024-11-13T23:47:02.620+0000] {processor.py:925} INFO - DAG(s) 'read_dataset_event', 'read_dataset_event_from_classic' retrieved from /home/airflow/.local/lib/python3.12/site-packages/airflow/example_dags/example_inlet_event_extra.py
[2024-11-13T23:47:02.628+0000] {logging_mixin.py:190} INFO - [2024-11-13T23:47:02.628+0000] {dag.py:3239} INFO - Sync 2 DAGs
[2024-11-13T23:47:02.637+0000] {logging_mixin.py:190} INFO - [2024-11-13T23:47:02.637+0000] {dag.py:4180} INFO - Setting next_dagrun for read_dataset_event to 2024-11-12 00:00:00+00:00, run_after=2024-11-13 00:00:00+00:00
[2024-11-13T23:47:02.639+0000] {logging_mixin.py:190} INFO - [2024-11-13T23:47:02.639+0000] {dag.py:4180} INFO - Setting next_dagrun for read_dataset_event_from_classic to 2024-11-12 00:00:00+00:00, run_after=2024-11-13 00:00:00+00:00
[2024-11-13T23:47:02.647+0000] {processor.py:208} INFO - Processing /home/airflow/.local/lib/python3.12/site-packages/airflow/example_dags/example_inlet_event_extra.py took 0.258 seconds
[2024-11-13T23:47:33.675+0000] {processor.py:186} INFO - Started process (PID=950) to work on /home/airflow/.local/lib/python3.12/site-packages/airflow/example_dags/example_inlet_event_extra.py
[2024-11-13T23:47:33.676+0000] {processor.py:914} INFO - Processing file /home/airflow/.local/lib/python3.12/site-packages/airflow/example_dags/example_inlet_event_extra.py for tasks to queue
[2024-11-13T23:47:33.677+0000] {logging_mixin.py:190} INFO - [2024-11-13T23:47:33.676+0000] {dagbag.py:588} INFO - Filling up the DagBag from /home/airflow/.local/lib/python3.12/site-packages/airflow/example_dags/example_inlet_event_extra.py
[2024-11-13T23:47:33.906+0000] {processor.py:925} INFO - DAG(s) 'read_dataset_event', 'read_dataset_event_from_classic' retrieved from /home/airflow/.local/lib/python3.12/site-packages/airflow/example_dags/example_inlet_event_extra.py
[2024-11-13T23:47:33.916+0000] {logging_mixin.py:190} INFO - [2024-11-13T23:47:33.916+0000] {dag.py:3239} INFO - Sync 2 DAGs
[2024-11-13T23:47:33.924+0000] {logging_mixin.py:190} INFO - [2024-11-13T23:47:33.924+0000] {dag.py:4180} INFO - Setting next_dagrun for read_dataset_event to 2024-11-12 00:00:00+00:00, run_after=2024-11-13 00:00:00+00:00
[2024-11-13T23:47:33.927+0000] {logging_mixin.py:190} INFO - [2024-11-13T23:47:33.927+0000] {dag.py:4180} INFO - Setting next_dagrun for read_dataset_event_from_classic to 2024-11-12 00:00:00+00:00, run_after=2024-11-13 00:00:00+00:00
[2024-11-13T23:47:33.932+0000] {processor.py:208} INFO - Processing /home/airflow/.local/lib/python3.12/site-packages/airflow/example_dags/example_inlet_event_extra.py took 0.259 seconds
