[2024-11-13T21:28:28.066+0000] {processor.py:186} INFO - Started process (PID=67) to work on /home/airflow/.local/lib/python3.12/site-packages/airflow/example_dags/example_subdag_operator.py
[2024-11-13T21:28:28.067+0000] {processor.py:914} INFO - Processing file /home/airflow/.local/lib/python3.12/site-packages/airflow/example_dags/example_subdag_operator.py for tasks to queue
[2024-11-13T21:28:28.068+0000] {logging_mixin.py:190} INFO - [2024-11-13T21:28:28.068+0000] {dagbag.py:588} INFO - Filling up the DagBag from /home/airflow/.local/lib/python3.12/site-packages/airflow/example_dags/example_subdag_operator.py
[2024-11-13T21:28:28.080+0000] {processor.py:925} INFO - DAG(s) 'example_subdag_operator.section-1', 'example_subdag_operator.section-2', 'example_subdag_operator' retrieved from /home/airflow/.local/lib/python3.12/site-packages/airflow/example_dags/example_subdag_operator.py
[2024-11-13T21:28:28.121+0000] {logging_mixin.py:190} INFO - [2024-11-13T21:28:28.121+0000] {override.py:1911} INFO - Created Permission View: can edit on DAG:example_subdag_operator
[2024-11-13T21:28:28.124+0000] {logging_mixin.py:190} INFO - [2024-11-13T21:28:28.124+0000] {override.py:1911} INFO - Created Permission View: can read on DAG:example_subdag_operator
[2024-11-13T21:28:28.126+0000] {logging_mixin.py:190} INFO - [2024-11-13T21:28:28.126+0000] {override.py:1911} INFO - Created Permission View: can delete on DAG:example_subdag_operator
[2024-11-13T21:28:28.127+0000] {logging_mixin.py:190} INFO - [2024-11-13T21:28:28.127+0000] {override.py:1911} INFO - Created Permission View: can delete on DAG Run:example_subdag_operator
[2024-11-13T21:28:28.129+0000] {logging_mixin.py:190} INFO - [2024-11-13T21:28:28.129+0000] {override.py:1911} INFO - Created Permission View: can read on DAG Run:example_subdag_operator
[2024-11-13T21:28:28.133+0000] {logging_mixin.py:190} INFO - [2024-11-13T21:28:28.132+0000] {override.py:1911} INFO - Created Permission View: menu access on DAG Run:example_subdag_operator
[2024-11-13T21:28:28.136+0000] {logging_mixin.py:190} INFO - [2024-11-13T21:28:28.136+0000] {override.py:1911} INFO - Created Permission View: can create on DAG Run:example_subdag_operator
[2024-11-13T21:28:28.137+0000] {logging_mixin.py:190} INFO - [2024-11-13T21:28:28.136+0000] {dag.py:3239} INFO - Sync 3 DAGs
[2024-11-13T21:28:28.142+0000] {logging_mixin.py:190} INFO - [2024-11-13T21:28:28.142+0000] {dag.py:3262} INFO - Creating ORM DAG for example_subdag_operator.section-1
[2024-11-13T21:28:28.142+0000] {logging_mixin.py:190} INFO - [2024-11-13T21:28:28.142+0000] {dag.py:3262} INFO - Creating ORM DAG for example_subdag_operator
[2024-11-13T21:28:28.142+0000] {logging_mixin.py:190} INFO - [2024-11-13T21:28:28.142+0000] {dag.py:3262} INFO - Creating ORM DAG for example_subdag_operator.section-2
[2024-11-13T21:28:28.156+0000] {logging_mixin.py:190} INFO - [2024-11-13T21:28:28.155+0000] {dag.py:4180} INFO - Setting next_dagrun for example_subdag_operator to 2022-01-01 00:00:00+00:00, run_after=2022-01-01 00:00:00+00:00
[2024-11-13T21:28:28.157+0000] {logging_mixin.py:190} INFO - [2024-11-13T21:28:28.157+0000] {dag.py:4180} INFO - Setting next_dagrun for example_subdag_operator.section-1 to None, run_after=None
[2024-11-13T21:28:28.157+0000] {logging_mixin.py:190} INFO - [2024-11-13T21:28:28.157+0000] {dag.py:4180} INFO - Setting next_dagrun for example_subdag_operator.section-2 to None, run_after=None
[2024-11-13T21:28:28.169+0000] {logging_mixin.py:190} INFO - [2024-11-13T21:28:28.169+0000] {dag.py:3239} INFO - Sync 2 DAGs
[2024-11-13T21:28:28.175+0000] {logging_mixin.py:190} INFO - [2024-11-13T21:28:28.175+0000] {dag.py:4180} INFO - Setting next_dagrun for example_subdag_operator.section-1 to None, run_after=None
[2024-11-13T21:28:28.178+0000] {logging_mixin.py:190} INFO - [2024-11-13T21:28:28.177+0000] {dag.py:4180} INFO - Setting next_dagrun for example_subdag_operator.section-2 to None, run_after=None
[2024-11-13T21:28:28.185+0000] {processor.py:208} INFO - Processing /home/airflow/.local/lib/python3.12/site-packages/airflow/example_dags/example_subdag_operator.py took 0.121 seconds
[2024-11-13T21:28:58.203+0000] {processor.py:186} INFO - Started process (PID=129) to work on /home/airflow/.local/lib/python3.12/site-packages/airflow/example_dags/example_subdag_operator.py
[2024-11-13T21:28:58.203+0000] {processor.py:914} INFO - Processing file /home/airflow/.local/lib/python3.12/site-packages/airflow/example_dags/example_subdag_operator.py for tasks to queue
[2024-11-13T21:28:58.204+0000] {logging_mixin.py:190} INFO - [2024-11-13T21:28:58.204+0000] {dagbag.py:588} INFO - Filling up the DagBag from /home/airflow/.local/lib/python3.12/site-packages/airflow/example_dags/example_subdag_operator.py
[2024-11-13T21:28:58.214+0000] {processor.py:925} INFO - DAG(s) 'example_subdag_operator.section-1', 'example_subdag_operator.section-2', 'example_subdag_operator' retrieved from /home/airflow/.local/lib/python3.12/site-packages/airflow/example_dags/example_subdag_operator.py
[2024-11-13T21:28:58.219+0000] {logging_mixin.py:190} INFO - [2024-11-13T21:28:58.219+0000] {dag.py:3239} INFO - Sync 3 DAGs
[2024-11-13T21:28:58.227+0000] {logging_mixin.py:190} INFO - [2024-11-13T21:28:58.227+0000] {dag.py:4180} INFO - Setting next_dagrun for example_subdag_operator to 2022-01-01 00:00:00+00:00, run_after=2022-01-01 00:00:00+00:00
[2024-11-13T21:28:58.228+0000] {logging_mixin.py:190} INFO - [2024-11-13T21:28:58.228+0000] {dag.py:4180} INFO - Setting next_dagrun for example_subdag_operator.section-1 to None, run_after=None
[2024-11-13T21:28:58.229+0000] {logging_mixin.py:190} INFO - [2024-11-13T21:28:58.229+0000] {dag.py:4180} INFO - Setting next_dagrun for example_subdag_operator.section-2 to None, run_after=None
[2024-11-13T21:28:58.231+0000] {logging_mixin.py:190} INFO - [2024-11-13T21:28:58.231+0000] {dag.py:3239} INFO - Sync 2 DAGs
[2024-11-13T21:28:58.233+0000] {logging_mixin.py:190} INFO - [2024-11-13T21:28:58.232+0000] {dag.py:4180} INFO - Setting next_dagrun for example_subdag_operator.section-1 to None, run_after=None
[2024-11-13T21:28:58.233+0000] {logging_mixin.py:190} INFO - [2024-11-13T21:28:58.233+0000] {dag.py:4180} INFO - Setting next_dagrun for example_subdag_operator.section-2 to None, run_after=None
[2024-11-13T21:28:58.236+0000] {processor.py:208} INFO - Processing /home/airflow/.local/lib/python3.12/site-packages/airflow/example_dags/example_subdag_operator.py took 0.035 seconds
[2024-11-13T21:29:28.714+0000] {processor.py:186} INFO - Started process (PID=192) to work on /home/airflow/.local/lib/python3.12/site-packages/airflow/example_dags/example_subdag_operator.py
[2024-11-13T21:29:28.714+0000] {processor.py:914} INFO - Processing file /home/airflow/.local/lib/python3.12/site-packages/airflow/example_dags/example_subdag_operator.py for tasks to queue
[2024-11-13T21:29:28.716+0000] {logging_mixin.py:190} INFO - [2024-11-13T21:29:28.716+0000] {dagbag.py:588} INFO - Filling up the DagBag from /home/airflow/.local/lib/python3.12/site-packages/airflow/example_dags/example_subdag_operator.py
[2024-11-13T21:29:28.726+0000] {processor.py:925} INFO - DAG(s) 'example_subdag_operator.section-1', 'example_subdag_operator.section-2', 'example_subdag_operator' retrieved from /home/airflow/.local/lib/python3.12/site-packages/airflow/example_dags/example_subdag_operator.py
[2024-11-13T21:29:28.731+0000] {logging_mixin.py:190} INFO - [2024-11-13T21:29:28.731+0000] {dag.py:3239} INFO - Sync 3 DAGs
[2024-11-13T21:29:28.739+0000] {logging_mixin.py:190} INFO - [2024-11-13T21:29:28.739+0000] {dag.py:4180} INFO - Setting next_dagrun for example_subdag_operator to 2022-01-01 00:00:00+00:00, run_after=2022-01-01 00:00:00+00:00
[2024-11-13T21:29:28.742+0000] {logging_mixin.py:190} INFO - [2024-11-13T21:29:28.742+0000] {dag.py:4180} INFO - Setting next_dagrun for example_subdag_operator.section-1 to None, run_after=None
[2024-11-13T21:29:28.743+0000] {logging_mixin.py:190} INFO - [2024-11-13T21:29:28.743+0000] {dag.py:4180} INFO - Setting next_dagrun for example_subdag_operator.section-2 to None, run_after=None
[2024-11-13T21:29:28.748+0000] {logging_mixin.py:190} INFO - [2024-11-13T21:29:28.748+0000] {dag.py:3239} INFO - Sync 2 DAGs
[2024-11-13T21:29:28.761+0000] {logging_mixin.py:190} INFO - [2024-11-13T21:29:28.761+0000] {dag.py:4180} INFO - Setting next_dagrun for example_subdag_operator.section-1 to None, run_after=None
[2024-11-13T21:29:28.763+0000] {logging_mixin.py:190} INFO - [2024-11-13T21:29:28.762+0000] {dag.py:4180} INFO - Setting next_dagrun for example_subdag_operator.section-2 to None, run_after=None
[2024-11-13T21:29:28.771+0000] {processor.py:208} INFO - Processing /home/airflow/.local/lib/python3.12/site-packages/airflow/example_dags/example_subdag_operator.py took 0.059 seconds
[2024-11-13T21:29:58.930+0000] {processor.py:186} INFO - Started process (PID=254) to work on /home/airflow/.local/lib/python3.12/site-packages/airflow/example_dags/example_subdag_operator.py
[2024-11-13T21:29:58.932+0000] {processor.py:914} INFO - Processing file /home/airflow/.local/lib/python3.12/site-packages/airflow/example_dags/example_subdag_operator.py for tasks to queue
[2024-11-13T21:29:58.933+0000] {logging_mixin.py:190} INFO - [2024-11-13T21:29:58.933+0000] {dagbag.py:588} INFO - Filling up the DagBag from /home/airflow/.local/lib/python3.12/site-packages/airflow/example_dags/example_subdag_operator.py
[2024-11-13T21:29:58.943+0000] {processor.py:925} INFO - DAG(s) 'example_subdag_operator.section-1', 'example_subdag_operator.section-2', 'example_subdag_operator' retrieved from /home/airflow/.local/lib/python3.12/site-packages/airflow/example_dags/example_subdag_operator.py
[2024-11-13T21:29:58.949+0000] {logging_mixin.py:190} INFO - [2024-11-13T21:29:58.949+0000] {dag.py:3239} INFO - Sync 3 DAGs
[2024-11-13T21:29:58.957+0000] {logging_mixin.py:190} INFO - [2024-11-13T21:29:58.957+0000] {dag.py:4180} INFO - Setting next_dagrun for example_subdag_operator to 2022-01-01 00:00:00+00:00, run_after=2022-01-01 00:00:00+00:00
[2024-11-13T21:29:58.958+0000] {logging_mixin.py:190} INFO - [2024-11-13T21:29:58.958+0000] {dag.py:4180} INFO - Setting next_dagrun for example_subdag_operator.section-1 to None, run_after=None
[2024-11-13T21:29:58.958+0000] {logging_mixin.py:190} INFO - [2024-11-13T21:29:58.958+0000] {dag.py:4180} INFO - Setting next_dagrun for example_subdag_operator.section-2 to None, run_after=None
[2024-11-13T21:29:58.961+0000] {logging_mixin.py:190} INFO - [2024-11-13T21:29:58.961+0000] {dag.py:3239} INFO - Sync 2 DAGs
[2024-11-13T21:29:58.963+0000] {logging_mixin.py:190} INFO - [2024-11-13T21:29:58.963+0000] {dag.py:4180} INFO - Setting next_dagrun for example_subdag_operator.section-1 to None, run_after=None
[2024-11-13T21:29:58.963+0000] {logging_mixin.py:190} INFO - [2024-11-13T21:29:58.963+0000] {dag.py:4180} INFO - Setting next_dagrun for example_subdag_operator.section-2 to None, run_after=None
[2024-11-13T21:29:58.966+0000] {processor.py:208} INFO - Processing /home/airflow/.local/lib/python3.12/site-packages/airflow/example_dags/example_subdag_operator.py took 0.039 seconds
[2024-11-13T21:30:29.121+0000] {processor.py:186} INFO - Started process (PID=317) to work on /home/airflow/.local/lib/python3.12/site-packages/airflow/example_dags/example_subdag_operator.py
[2024-11-13T21:30:29.122+0000] {processor.py:914} INFO - Processing file /home/airflow/.local/lib/python3.12/site-packages/airflow/example_dags/example_subdag_operator.py for tasks to queue
[2024-11-13T21:30:29.123+0000] {logging_mixin.py:190} INFO - [2024-11-13T21:30:29.123+0000] {dagbag.py:588} INFO - Filling up the DagBag from /home/airflow/.local/lib/python3.12/site-packages/airflow/example_dags/example_subdag_operator.py
[2024-11-13T21:30:29.133+0000] {processor.py:925} INFO - DAG(s) 'example_subdag_operator.section-1', 'example_subdag_operator.section-2', 'example_subdag_operator' retrieved from /home/airflow/.local/lib/python3.12/site-packages/airflow/example_dags/example_subdag_operator.py
[2024-11-13T21:30:29.139+0000] {logging_mixin.py:190} INFO - [2024-11-13T21:30:29.138+0000] {dag.py:3239} INFO - Sync 3 DAGs
[2024-11-13T21:30:29.146+0000] {logging_mixin.py:190} INFO - [2024-11-13T21:30:29.146+0000] {dag.py:4180} INFO - Setting next_dagrun for example_subdag_operator to 2022-01-01 00:00:00+00:00, run_after=2022-01-01 00:00:00+00:00
[2024-11-13T21:30:29.147+0000] {logging_mixin.py:190} INFO - [2024-11-13T21:30:29.147+0000] {dag.py:4180} INFO - Setting next_dagrun for example_subdag_operator.section-1 to None, run_after=None
[2024-11-13T21:30:29.148+0000] {logging_mixin.py:190} INFO - [2024-11-13T21:30:29.148+0000] {dag.py:4180} INFO - Setting next_dagrun for example_subdag_operator.section-2 to None, run_after=None
[2024-11-13T21:30:29.150+0000] {logging_mixin.py:190} INFO - [2024-11-13T21:30:29.150+0000] {dag.py:3239} INFO - Sync 2 DAGs
[2024-11-13T21:30:29.152+0000] {logging_mixin.py:190} INFO - [2024-11-13T21:30:29.152+0000] {dag.py:4180} INFO - Setting next_dagrun for example_subdag_operator.section-1 to None, run_after=None
[2024-11-13T21:30:29.152+0000] {logging_mixin.py:190} INFO - [2024-11-13T21:30:29.152+0000] {dag.py:4180} INFO - Setting next_dagrun for example_subdag_operator.section-2 to None, run_after=None
[2024-11-13T21:30:29.156+0000] {processor.py:208} INFO - Processing /home/airflow/.local/lib/python3.12/site-packages/airflow/example_dags/example_subdag_operator.py took 0.037 seconds
[2024-11-13T21:35:02.132+0000] {processor.py:186} INFO - Started process (PID=69) to work on /home/airflow/.local/lib/python3.12/site-packages/airflow/example_dags/example_subdag_operator.py
[2024-11-13T21:35:02.132+0000] {processor.py:914} INFO - Processing file /home/airflow/.local/lib/python3.12/site-packages/airflow/example_dags/example_subdag_operator.py for tasks to queue
[2024-11-13T21:35:02.133+0000] {logging_mixin.py:190} INFO - [2024-11-13T21:35:02.133+0000] {dagbag.py:588} INFO - Filling up the DagBag from /home/airflow/.local/lib/python3.12/site-packages/airflow/example_dags/example_subdag_operator.py
[2024-11-13T21:35:02.148+0000] {processor.py:925} INFO - DAG(s) 'example_subdag_operator.section-1', 'example_subdag_operator.section-2', 'example_subdag_operator' retrieved from /home/airflow/.local/lib/python3.12/site-packages/airflow/example_dags/example_subdag_operator.py
[2024-11-13T21:35:02.194+0000] {logging_mixin.py:190} INFO - [2024-11-13T21:35:02.194+0000] {override.py:1911} INFO - Created Permission View: can edit on DAG:example_subdag_operator
[2024-11-13T21:35:02.198+0000] {logging_mixin.py:190} INFO - [2024-11-13T21:35:02.198+0000] {override.py:1911} INFO - Created Permission View: can delete on DAG:example_subdag_operator
[2024-11-13T21:35:02.201+0000] {logging_mixin.py:190} INFO - [2024-11-13T21:35:02.201+0000] {override.py:1911} INFO - Created Permission View: can read on DAG:example_subdag_operator
[2024-11-13T21:35:02.204+0000] {logging_mixin.py:190} INFO - [2024-11-13T21:35:02.204+0000] {override.py:1911} INFO - Created Permission View: can create on DAG Run:example_subdag_operator
[2024-11-13T21:35:02.208+0000] {logging_mixin.py:190} INFO - [2024-11-13T21:35:02.208+0000] {override.py:1911} INFO - Created Permission View: can delete on DAG Run:example_subdag_operator
[2024-11-13T21:35:02.210+0000] {logging_mixin.py:190} INFO - [2024-11-13T21:35:02.210+0000] {override.py:1911} INFO - Created Permission View: menu access on DAG Run:example_subdag_operator
[2024-11-13T21:35:02.213+0000] {logging_mixin.py:190} INFO - [2024-11-13T21:35:02.213+0000] {override.py:1911} INFO - Created Permission View: can read on DAG Run:example_subdag_operator
[2024-11-13T21:35:02.213+0000] {logging_mixin.py:190} INFO - [2024-11-13T21:35:02.213+0000] {dag.py:3239} INFO - Sync 3 DAGs
[2024-11-13T21:35:02.220+0000] {logging_mixin.py:190} INFO - [2024-11-13T21:35:02.220+0000] {dag.py:3262} INFO - Creating ORM DAG for example_subdag_operator.section-2
[2024-11-13T21:35:02.221+0000] {logging_mixin.py:190} INFO - [2024-11-13T21:35:02.221+0000] {dag.py:3262} INFO - Creating ORM DAG for example_subdag_operator
[2024-11-13T21:35:02.221+0000] {logging_mixin.py:190} INFO - [2024-11-13T21:35:02.221+0000] {dag.py:3262} INFO - Creating ORM DAG for example_subdag_operator.section-1
[2024-11-13T21:35:02.225+0000] {logging_mixin.py:190} INFO - [2024-11-13T21:35:02.225+0000] {dag.py:4180} INFO - Setting next_dagrun for example_subdag_operator to 2022-01-01 00:00:00+00:00, run_after=2022-01-01 00:00:00+00:00
[2024-11-13T21:35:02.226+0000] {logging_mixin.py:190} INFO - [2024-11-13T21:35:02.226+0000] {dag.py:4180} INFO - Setting next_dagrun for example_subdag_operator.section-1 to None, run_after=None
[2024-11-13T21:35:02.226+0000] {logging_mixin.py:190} INFO - [2024-11-13T21:35:02.226+0000] {dag.py:4180} INFO - Setting next_dagrun for example_subdag_operator.section-2 to None, run_after=None
[2024-11-13T21:35:02.229+0000] {logging_mixin.py:190} INFO - [2024-11-13T21:35:02.229+0000] {dag.py:3239} INFO - Sync 2 DAGs
[2024-11-13T21:35:02.231+0000] {logging_mixin.py:190} INFO - [2024-11-13T21:35:02.231+0000] {dag.py:4180} INFO - Setting next_dagrun for example_subdag_operator.section-1 to None, run_after=None
[2024-11-13T21:35:02.232+0000] {logging_mixin.py:190} INFO - [2024-11-13T21:35:02.232+0000] {dag.py:4180} INFO - Setting next_dagrun for example_subdag_operator.section-2 to None, run_after=None
[2024-11-13T21:35:02.237+0000] {processor.py:208} INFO - Processing /home/airflow/.local/lib/python3.12/site-packages/airflow/example_dags/example_subdag_operator.py took 0.108 seconds
[2024-11-13T21:35:32.650+0000] {processor.py:186} INFO - Started process (PID=132) to work on /home/airflow/.local/lib/python3.12/site-packages/airflow/example_dags/example_subdag_operator.py
[2024-11-13T21:35:32.650+0000] {processor.py:914} INFO - Processing file /home/airflow/.local/lib/python3.12/site-packages/airflow/example_dags/example_subdag_operator.py for tasks to queue
[2024-11-13T21:35:32.651+0000] {logging_mixin.py:190} INFO - [2024-11-13T21:35:32.651+0000] {dagbag.py:588} INFO - Filling up the DagBag from /home/airflow/.local/lib/python3.12/site-packages/airflow/example_dags/example_subdag_operator.py
[2024-11-13T21:35:32.662+0000] {processor.py:925} INFO - DAG(s) 'example_subdag_operator.section-1', 'example_subdag_operator.section-2', 'example_subdag_operator' retrieved from /home/airflow/.local/lib/python3.12/site-packages/airflow/example_dags/example_subdag_operator.py
[2024-11-13T21:35:32.667+0000] {logging_mixin.py:190} INFO - [2024-11-13T21:35:32.667+0000] {dag.py:3239} INFO - Sync 3 DAGs
[2024-11-13T21:35:32.675+0000] {logging_mixin.py:190} INFO - [2024-11-13T21:35:32.675+0000] {dag.py:4180} INFO - Setting next_dagrun for example_subdag_operator to 2022-01-01 00:00:00+00:00, run_after=2022-01-01 00:00:00+00:00
[2024-11-13T21:35:32.677+0000] {logging_mixin.py:190} INFO - [2024-11-13T21:35:32.677+0000] {dag.py:4180} INFO - Setting next_dagrun for example_subdag_operator.section-1 to None, run_after=None
[2024-11-13T21:35:32.677+0000] {logging_mixin.py:190} INFO - [2024-11-13T21:35:32.677+0000] {dag.py:4180} INFO - Setting next_dagrun for example_subdag_operator.section-2 to None, run_after=None
[2024-11-13T21:35:32.679+0000] {logging_mixin.py:190} INFO - [2024-11-13T21:35:32.679+0000] {dag.py:3239} INFO - Sync 2 DAGs
[2024-11-13T21:35:32.681+0000] {logging_mixin.py:190} INFO - [2024-11-13T21:35:32.681+0000] {dag.py:4180} INFO - Setting next_dagrun for example_subdag_operator.section-1 to None, run_after=None
[2024-11-13T21:35:32.681+0000] {logging_mixin.py:190} INFO - [2024-11-13T21:35:32.681+0000] {dag.py:4180} INFO - Setting next_dagrun for example_subdag_operator.section-2 to None, run_after=None
[2024-11-13T21:35:32.684+0000] {processor.py:208} INFO - Processing /home/airflow/.local/lib/python3.12/site-packages/airflow/example_dags/example_subdag_operator.py took 0.036 seconds
[2024-11-13T21:36:03.276+0000] {processor.py:186} INFO - Started process (PID=199) to work on /home/airflow/.local/lib/python3.12/site-packages/airflow/example_dags/example_subdag_operator.py
[2024-11-13T21:36:03.277+0000] {processor.py:914} INFO - Processing file /home/airflow/.local/lib/python3.12/site-packages/airflow/example_dags/example_subdag_operator.py for tasks to queue
[2024-11-13T21:36:03.278+0000] {logging_mixin.py:190} INFO - [2024-11-13T21:36:03.278+0000] {dagbag.py:588} INFO - Filling up the DagBag from /home/airflow/.local/lib/python3.12/site-packages/airflow/example_dags/example_subdag_operator.py
[2024-11-13T21:36:03.293+0000] {processor.py:925} INFO - DAG(s) 'example_subdag_operator.section-1', 'example_subdag_operator.section-2', 'example_subdag_operator' retrieved from /home/airflow/.local/lib/python3.12/site-packages/airflow/example_dags/example_subdag_operator.py
[2024-11-13T21:36:03.303+0000] {logging_mixin.py:190} INFO - [2024-11-13T21:36:03.303+0000] {dag.py:3239} INFO - Sync 3 DAGs
[2024-11-13T21:36:03.315+0000] {logging_mixin.py:190} INFO - [2024-11-13T21:36:03.315+0000] {dag.py:4180} INFO - Setting next_dagrun for example_subdag_operator to 2022-01-01 00:00:00+00:00, run_after=2022-01-01 00:00:00+00:00
[2024-11-13T21:36:03.318+0000] {logging_mixin.py:190} INFO - [2024-11-13T21:36:03.317+0000] {dag.py:4180} INFO - Setting next_dagrun for example_subdag_operator.section-1 to None, run_after=None
[2024-11-13T21:36:03.319+0000] {logging_mixin.py:190} INFO - [2024-11-13T21:36:03.319+0000] {dag.py:4180} INFO - Setting next_dagrun for example_subdag_operator.section-2 to None, run_after=None
[2024-11-13T21:36:03.324+0000] {logging_mixin.py:190} INFO - [2024-11-13T21:36:03.324+0000] {dag.py:3239} INFO - Sync 2 DAGs
[2024-11-13T21:36:03.326+0000] {logging_mixin.py:190} INFO - [2024-11-13T21:36:03.326+0000] {dag.py:4180} INFO - Setting next_dagrun for example_subdag_operator.section-1 to None, run_after=None
[2024-11-13T21:36:03.326+0000] {logging_mixin.py:190} INFO - [2024-11-13T21:36:03.326+0000] {dag.py:4180} INFO - Setting next_dagrun for example_subdag_operator.section-2 to None, run_after=None
[2024-11-13T21:36:03.331+0000] {processor.py:208} INFO - Processing /home/airflow/.local/lib/python3.12/site-packages/airflow/example_dags/example_subdag_operator.py took 0.057 seconds
[2024-11-13T21:36:33.732+0000] {processor.py:186} INFO - Started process (PID=262) to work on /home/airflow/.local/lib/python3.12/site-packages/airflow/example_dags/example_subdag_operator.py
[2024-11-13T21:36:33.733+0000] {processor.py:914} INFO - Processing file /home/airflow/.local/lib/python3.12/site-packages/airflow/example_dags/example_subdag_operator.py for tasks to queue
[2024-11-13T21:36:33.734+0000] {logging_mixin.py:190} INFO - [2024-11-13T21:36:33.733+0000] {dagbag.py:588} INFO - Filling up the DagBag from /home/airflow/.local/lib/python3.12/site-packages/airflow/example_dags/example_subdag_operator.py
[2024-11-13T21:36:33.744+0000] {processor.py:925} INFO - DAG(s) 'example_subdag_operator.section-1', 'example_subdag_operator.section-2', 'example_subdag_operator' retrieved from /home/airflow/.local/lib/python3.12/site-packages/airflow/example_dags/example_subdag_operator.py
[2024-11-13T21:36:33.750+0000] {logging_mixin.py:190} INFO - [2024-11-13T21:36:33.750+0000] {dag.py:3239} INFO - Sync 3 DAGs
[2024-11-13T21:36:33.759+0000] {logging_mixin.py:190} INFO - [2024-11-13T21:36:33.759+0000] {dag.py:4180} INFO - Setting next_dagrun for example_subdag_operator to 2022-01-01 00:00:00+00:00, run_after=2022-01-01 00:00:00+00:00
[2024-11-13T21:36:33.761+0000] {logging_mixin.py:190} INFO - [2024-11-13T21:36:33.761+0000] {dag.py:4180} INFO - Setting next_dagrun for example_subdag_operator.section-1 to None, run_after=None
[2024-11-13T21:36:33.761+0000] {logging_mixin.py:190} INFO - [2024-11-13T21:36:33.761+0000] {dag.py:4180} INFO - Setting next_dagrun for example_subdag_operator.section-2 to None, run_after=None
[2024-11-13T21:36:33.764+0000] {logging_mixin.py:190} INFO - [2024-11-13T21:36:33.764+0000] {dag.py:3239} INFO - Sync 2 DAGs
[2024-11-13T21:36:33.765+0000] {logging_mixin.py:190} INFO - [2024-11-13T21:36:33.765+0000] {dag.py:4180} INFO - Setting next_dagrun for example_subdag_operator.section-1 to None, run_after=None
[2024-11-13T21:36:33.766+0000] {logging_mixin.py:190} INFO - [2024-11-13T21:36:33.766+0000] {dag.py:4180} INFO - Setting next_dagrun for example_subdag_operator.section-2 to None, run_after=None
[2024-11-13T21:36:33.769+0000] {processor.py:208} INFO - Processing /home/airflow/.local/lib/python3.12/site-packages/airflow/example_dags/example_subdag_operator.py took 0.039 seconds
[2024-11-13T21:37:04.243+0000] {processor.py:186} INFO - Started process (PID=331) to work on /home/airflow/.local/lib/python3.12/site-packages/airflow/example_dags/example_subdag_operator.py
[2024-11-13T21:37:04.244+0000] {processor.py:914} INFO - Processing file /home/airflow/.local/lib/python3.12/site-packages/airflow/example_dags/example_subdag_operator.py for tasks to queue
[2024-11-13T21:37:04.245+0000] {logging_mixin.py:190} INFO - [2024-11-13T21:37:04.244+0000] {dagbag.py:588} INFO - Filling up the DagBag from /home/airflow/.local/lib/python3.12/site-packages/airflow/example_dags/example_subdag_operator.py
[2024-11-13T21:37:04.256+0000] {processor.py:925} INFO - DAG(s) 'example_subdag_operator.section-1', 'example_subdag_operator.section-2', 'example_subdag_operator' retrieved from /home/airflow/.local/lib/python3.12/site-packages/airflow/example_dags/example_subdag_operator.py
[2024-11-13T21:37:04.261+0000] {logging_mixin.py:190} INFO - [2024-11-13T21:37:04.261+0000] {dag.py:3239} INFO - Sync 3 DAGs
[2024-11-13T21:37:04.269+0000] {logging_mixin.py:190} INFO - [2024-11-13T21:37:04.268+0000] {dag.py:4180} INFO - Setting next_dagrun for example_subdag_operator to 2022-01-01 00:00:00+00:00, run_after=2022-01-01 00:00:00+00:00
[2024-11-13T21:37:04.270+0000] {logging_mixin.py:190} INFO - [2024-11-13T21:37:04.270+0000] {dag.py:4180} INFO - Setting next_dagrun for example_subdag_operator.section-1 to None, run_after=None
[2024-11-13T21:37:04.270+0000] {logging_mixin.py:190} INFO - [2024-11-13T21:37:04.270+0000] {dag.py:4180} INFO - Setting next_dagrun for example_subdag_operator.section-2 to None, run_after=None
[2024-11-13T21:37:04.273+0000] {logging_mixin.py:190} INFO - [2024-11-13T21:37:04.273+0000] {dag.py:3239} INFO - Sync 2 DAGs
[2024-11-13T21:37:04.275+0000] {logging_mixin.py:190} INFO - [2024-11-13T21:37:04.275+0000] {dag.py:4180} INFO - Setting next_dagrun for example_subdag_operator.section-1 to None, run_after=None
[2024-11-13T21:37:04.275+0000] {logging_mixin.py:190} INFO - [2024-11-13T21:37:04.275+0000] {dag.py:4180} INFO - Setting next_dagrun for example_subdag_operator.section-2 to None, run_after=None
[2024-11-13T21:37:04.278+0000] {processor.py:208} INFO - Processing /home/airflow/.local/lib/python3.12/site-packages/airflow/example_dags/example_subdag_operator.py took 0.037 seconds
[2024-11-13T21:37:34.638+0000] {processor.py:186} INFO - Started process (PID=394) to work on /home/airflow/.local/lib/python3.12/site-packages/airflow/example_dags/example_subdag_operator.py
[2024-11-13T21:37:34.639+0000] {processor.py:914} INFO - Processing file /home/airflow/.local/lib/python3.12/site-packages/airflow/example_dags/example_subdag_operator.py for tasks to queue
[2024-11-13T21:37:34.640+0000] {logging_mixin.py:190} INFO - [2024-11-13T21:37:34.640+0000] {dagbag.py:588} INFO - Filling up the DagBag from /home/airflow/.local/lib/python3.12/site-packages/airflow/example_dags/example_subdag_operator.py
[2024-11-13T21:37:34.652+0000] {processor.py:925} INFO - DAG(s) 'example_subdag_operator.section-1', 'example_subdag_operator.section-2', 'example_subdag_operator' retrieved from /home/airflow/.local/lib/python3.12/site-packages/airflow/example_dags/example_subdag_operator.py
[2024-11-13T21:37:34.658+0000] {logging_mixin.py:190} INFO - [2024-11-13T21:37:34.658+0000] {dag.py:3239} INFO - Sync 3 DAGs
[2024-11-13T21:37:34.666+0000] {logging_mixin.py:190} INFO - [2024-11-13T21:37:34.666+0000] {dag.py:4180} INFO - Setting next_dagrun for example_subdag_operator to 2022-01-01 00:00:00+00:00, run_after=2022-01-01 00:00:00+00:00
[2024-11-13T21:37:34.667+0000] {logging_mixin.py:190} INFO - [2024-11-13T21:37:34.667+0000] {dag.py:4180} INFO - Setting next_dagrun for example_subdag_operator.section-1 to None, run_after=None
[2024-11-13T21:37:34.668+0000] {logging_mixin.py:190} INFO - [2024-11-13T21:37:34.668+0000] {dag.py:4180} INFO - Setting next_dagrun for example_subdag_operator.section-2 to None, run_after=None
[2024-11-13T21:37:34.671+0000] {logging_mixin.py:190} INFO - [2024-11-13T21:37:34.671+0000] {dag.py:3239} INFO - Sync 2 DAGs
[2024-11-13T21:37:34.672+0000] {logging_mixin.py:190} INFO - [2024-11-13T21:37:34.672+0000] {dag.py:4180} INFO - Setting next_dagrun for example_subdag_operator.section-1 to None, run_after=None
[2024-11-13T21:37:34.673+0000] {logging_mixin.py:190} INFO - [2024-11-13T21:37:34.673+0000] {dag.py:4180} INFO - Setting next_dagrun for example_subdag_operator.section-2 to None, run_after=None
[2024-11-13T21:37:34.676+0000] {processor.py:208} INFO - Processing /home/airflow/.local/lib/python3.12/site-packages/airflow/example_dags/example_subdag_operator.py took 0.040 seconds
[2024-11-13T21:38:05.065+0000] {processor.py:186} INFO - Started process (PID=457) to work on /home/airflow/.local/lib/python3.12/site-packages/airflow/example_dags/example_subdag_operator.py
[2024-11-13T21:38:05.065+0000] {processor.py:914} INFO - Processing file /home/airflow/.local/lib/python3.12/site-packages/airflow/example_dags/example_subdag_operator.py for tasks to queue
[2024-11-13T21:38:05.066+0000] {logging_mixin.py:190} INFO - [2024-11-13T21:38:05.066+0000] {dagbag.py:588} INFO - Filling up the DagBag from /home/airflow/.local/lib/python3.12/site-packages/airflow/example_dags/example_subdag_operator.py
[2024-11-13T21:38:05.076+0000] {processor.py:925} INFO - DAG(s) 'example_subdag_operator.section-1', 'example_subdag_operator.section-2', 'example_subdag_operator' retrieved from /home/airflow/.local/lib/python3.12/site-packages/airflow/example_dags/example_subdag_operator.py
[2024-11-13T21:38:05.081+0000] {logging_mixin.py:190} INFO - [2024-11-13T21:38:05.081+0000] {dag.py:3239} INFO - Sync 3 DAGs
[2024-11-13T21:38:05.089+0000] {logging_mixin.py:190} INFO - [2024-11-13T21:38:05.089+0000] {dag.py:4180} INFO - Setting next_dagrun for example_subdag_operator to 2022-01-01 00:00:00+00:00, run_after=2022-01-01 00:00:00+00:00
[2024-11-13T21:38:05.098+0000] {logging_mixin.py:190} INFO - [2024-11-13T21:38:05.098+0000] {dag.py:4180} INFO - Setting next_dagrun for example_subdag_operator.section-1 to None, run_after=None
[2024-11-13T21:38:05.098+0000] {logging_mixin.py:190} INFO - [2024-11-13T21:38:05.098+0000] {dag.py:4180} INFO - Setting next_dagrun for example_subdag_operator.section-2 to None, run_after=None
[2024-11-13T21:38:05.101+0000] {logging_mixin.py:190} INFO - [2024-11-13T21:38:05.101+0000] {dag.py:3239} INFO - Sync 2 DAGs
[2024-11-13T21:38:05.103+0000] {logging_mixin.py:190} INFO - [2024-11-13T21:38:05.103+0000] {dag.py:4180} INFO - Setting next_dagrun for example_subdag_operator.section-1 to None, run_after=None
[2024-11-13T21:38:05.103+0000] {logging_mixin.py:190} INFO - [2024-11-13T21:38:05.103+0000] {dag.py:4180} INFO - Setting next_dagrun for example_subdag_operator.section-2 to None, run_after=None
[2024-11-13T21:38:05.106+0000] {processor.py:208} INFO - Processing /home/airflow/.local/lib/python3.12/site-packages/airflow/example_dags/example_subdag_operator.py took 0.044 seconds
[2024-11-13T23:40:19.656+0000] {processor.py:186} INFO - Started process (PID=62) to work on /home/airflow/.local/lib/python3.12/site-packages/airflow/example_dags/example_subdag_operator.py
[2024-11-13T23:40:19.657+0000] {processor.py:914} INFO - Processing file /home/airflow/.local/lib/python3.12/site-packages/airflow/example_dags/example_subdag_operator.py for tasks to queue
[2024-11-13T23:40:19.658+0000] {logging_mixin.py:190} INFO - [2024-11-13T23:40:19.658+0000] {dagbag.py:588} INFO - Filling up the DagBag from /home/airflow/.local/lib/python3.12/site-packages/airflow/example_dags/example_subdag_operator.py
[2024-11-13T23:40:19.670+0000] {processor.py:925} INFO - DAG(s) 'example_subdag_operator.section-1', 'example_subdag_operator.section-2', 'example_subdag_operator' retrieved from /home/airflow/.local/lib/python3.12/site-packages/airflow/example_dags/example_subdag_operator.py
[2024-11-13T23:40:19.704+0000] {logging_mixin.py:190} INFO - [2024-11-13T23:40:19.704+0000] {override.py:1911} INFO - Created Permission View: can edit on DAG:example_subdag_operator
[2024-11-13T23:40:19.707+0000] {logging_mixin.py:190} INFO - [2024-11-13T23:40:19.707+0000] {override.py:1911} INFO - Created Permission View: can delete on DAG:example_subdag_operator
[2024-11-13T23:40:19.709+0000] {logging_mixin.py:190} INFO - [2024-11-13T23:40:19.709+0000] {override.py:1911} INFO - Created Permission View: can read on DAG:example_subdag_operator
[2024-11-13T23:40:19.710+0000] {logging_mixin.py:190} INFO - [2024-11-13T23:40:19.710+0000] {override.py:1911} INFO - Created Permission View: can delete on DAG Run:example_subdag_operator
[2024-11-13T23:40:19.712+0000] {logging_mixin.py:190} INFO - [2024-11-13T23:40:19.712+0000] {override.py:1911} INFO - Created Permission View: menu access on DAG Run:example_subdag_operator
[2024-11-13T23:40:19.713+0000] {logging_mixin.py:190} INFO - [2024-11-13T23:40:19.713+0000] {override.py:1911} INFO - Created Permission View: can read on DAG Run:example_subdag_operator
[2024-11-13T23:40:19.715+0000] {logging_mixin.py:190} INFO - [2024-11-13T23:40:19.715+0000] {override.py:1911} INFO - Created Permission View: can create on DAG Run:example_subdag_operator
[2024-11-13T23:40:19.715+0000] {logging_mixin.py:190} INFO - [2024-11-13T23:40:19.715+0000] {dag.py:3239} INFO - Sync 3 DAGs
[2024-11-13T23:40:19.719+0000] {logging_mixin.py:190} INFO - [2024-11-13T23:40:19.719+0000] {dag.py:3262} INFO - Creating ORM DAG for example_subdag_operator
[2024-11-13T23:40:19.720+0000] {logging_mixin.py:190} INFO - [2024-11-13T23:40:19.719+0000] {dag.py:3262} INFO - Creating ORM DAG for example_subdag_operator.section-1
[2024-11-13T23:40:19.720+0000] {logging_mixin.py:190} INFO - [2024-11-13T23:40:19.720+0000] {dag.py:3262} INFO - Creating ORM DAG for example_subdag_operator.section-2
[2024-11-13T23:40:19.723+0000] {logging_mixin.py:190} INFO - [2024-11-13T23:40:19.723+0000] {dag.py:4180} INFO - Setting next_dagrun for example_subdag_operator to 2022-01-01 00:00:00+00:00, run_after=2022-01-01 00:00:00+00:00
[2024-11-13T23:40:19.723+0000] {logging_mixin.py:190} INFO - [2024-11-13T23:40:19.723+0000] {dag.py:4180} INFO - Setting next_dagrun for example_subdag_operator.section-1 to None, run_after=None
[2024-11-13T23:40:19.723+0000] {logging_mixin.py:190} INFO - [2024-11-13T23:40:19.723+0000] {dag.py:4180} INFO - Setting next_dagrun for example_subdag_operator.section-2 to None, run_after=None
[2024-11-13T23:40:19.726+0000] {logging_mixin.py:190} INFO - [2024-11-13T23:40:19.726+0000] {dag.py:3239} INFO - Sync 2 DAGs
[2024-11-13T23:40:19.727+0000] {logging_mixin.py:190} INFO - [2024-11-13T23:40:19.727+0000] {dag.py:4180} INFO - Setting next_dagrun for example_subdag_operator.section-1 to None, run_after=None
[2024-11-13T23:40:19.728+0000] {logging_mixin.py:190} INFO - [2024-11-13T23:40:19.728+0000] {dag.py:4180} INFO - Setting next_dagrun for example_subdag_operator.section-2 to None, run_after=None
[2024-11-13T23:40:19.732+0000] {processor.py:208} INFO - Processing /home/airflow/.local/lib/python3.12/site-packages/airflow/example_dags/example_subdag_operator.py took 0.078 seconds
[2024-11-13T23:40:50.676+0000] {processor.py:186} INFO - Started process (PID=125) to work on /home/airflow/.local/lib/python3.12/site-packages/airflow/example_dags/example_subdag_operator.py
[2024-11-13T23:40:50.677+0000] {processor.py:914} INFO - Processing file /home/airflow/.local/lib/python3.12/site-packages/airflow/example_dags/example_subdag_operator.py for tasks to queue
[2024-11-13T23:40:50.678+0000] {logging_mixin.py:190} INFO - [2024-11-13T23:40:50.678+0000] {dagbag.py:588} INFO - Filling up the DagBag from /home/airflow/.local/lib/python3.12/site-packages/airflow/example_dags/example_subdag_operator.py
[2024-11-13T23:40:50.691+0000] {processor.py:925} INFO - DAG(s) 'example_subdag_operator.section-1', 'example_subdag_operator.section-2', 'example_subdag_operator' retrieved from /home/airflow/.local/lib/python3.12/site-packages/airflow/example_dags/example_subdag_operator.py
[2024-11-13T23:40:50.697+0000] {logging_mixin.py:190} INFO - [2024-11-13T23:40:50.697+0000] {dag.py:3239} INFO - Sync 3 DAGs
[2024-11-13T23:40:50.707+0000] {logging_mixin.py:190} INFO - [2024-11-13T23:40:50.707+0000] {dag.py:4180} INFO - Setting next_dagrun for example_subdag_operator to 2022-01-01 00:00:00+00:00, run_after=2022-01-01 00:00:00+00:00
[2024-11-13T23:40:50.709+0000] {logging_mixin.py:190} INFO - [2024-11-13T23:40:50.709+0000] {dag.py:4180} INFO - Setting next_dagrun for example_subdag_operator.section-1 to None, run_after=None
[2024-11-13T23:40:50.709+0000] {logging_mixin.py:190} INFO - [2024-11-13T23:40:50.709+0000] {dag.py:4180} INFO - Setting next_dagrun for example_subdag_operator.section-2 to None, run_after=None
[2024-11-13T23:40:50.712+0000] {logging_mixin.py:190} INFO - [2024-11-13T23:40:50.712+0000] {dag.py:3239} INFO - Sync 2 DAGs
[2024-11-13T23:40:50.714+0000] {logging_mixin.py:190} INFO - [2024-11-13T23:40:50.714+0000] {dag.py:4180} INFO - Setting next_dagrun for example_subdag_operator.section-1 to None, run_after=None
[2024-11-13T23:40:50.714+0000] {logging_mixin.py:190} INFO - [2024-11-13T23:40:50.714+0000] {dag.py:4180} INFO - Setting next_dagrun for example_subdag_operator.section-2 to None, run_after=None
[2024-11-13T23:40:50.718+0000] {processor.py:208} INFO - Processing /home/airflow/.local/lib/python3.12/site-packages/airflow/example_dags/example_subdag_operator.py took 0.044 seconds
[2024-11-13T23:41:20.973+0000] {processor.py:186} INFO - Started process (PID=187) to work on /home/airflow/.local/lib/python3.12/site-packages/airflow/example_dags/example_subdag_operator.py
[2024-11-13T23:41:20.974+0000] {processor.py:914} INFO - Processing file /home/airflow/.local/lib/python3.12/site-packages/airflow/example_dags/example_subdag_operator.py for tasks to queue
[2024-11-13T23:41:20.975+0000] {logging_mixin.py:190} INFO - [2024-11-13T23:41:20.975+0000] {dagbag.py:588} INFO - Filling up the DagBag from /home/airflow/.local/lib/python3.12/site-packages/airflow/example_dags/example_subdag_operator.py
[2024-11-13T23:41:20.992+0000] {processor.py:925} INFO - DAG(s) 'example_subdag_operator.section-1', 'example_subdag_operator.section-2', 'example_subdag_operator' retrieved from /home/airflow/.local/lib/python3.12/site-packages/airflow/example_dags/example_subdag_operator.py
[2024-11-13T23:41:20.998+0000] {logging_mixin.py:190} INFO - [2024-11-13T23:41:20.998+0000] {dag.py:3239} INFO - Sync 3 DAGs
[2024-11-13T23:41:21.010+0000] {logging_mixin.py:190} INFO - [2024-11-13T23:41:21.010+0000] {dag.py:4180} INFO - Setting next_dagrun for example_subdag_operator to 2022-01-01 00:00:00+00:00, run_after=2022-01-01 00:00:00+00:00
[2024-11-13T23:41:21.012+0000] {logging_mixin.py:190} INFO - [2024-11-13T23:41:21.012+0000] {dag.py:4180} INFO - Setting next_dagrun for example_subdag_operator.section-1 to None, run_after=None
[2024-11-13T23:41:21.013+0000] {logging_mixin.py:190} INFO - [2024-11-13T23:41:21.013+0000] {dag.py:4180} INFO - Setting next_dagrun for example_subdag_operator.section-2 to None, run_after=None
[2024-11-13T23:41:21.018+0000] {logging_mixin.py:190} INFO - [2024-11-13T23:41:21.018+0000] {dag.py:3239} INFO - Sync 2 DAGs
[2024-11-13T23:41:21.020+0000] {logging_mixin.py:190} INFO - [2024-11-13T23:41:21.020+0000] {dag.py:4180} INFO - Setting next_dagrun for example_subdag_operator.section-1 to None, run_after=None
[2024-11-13T23:41:21.020+0000] {logging_mixin.py:190} INFO - [2024-11-13T23:41:21.020+0000] {dag.py:4180} INFO - Setting next_dagrun for example_subdag_operator.section-2 to None, run_after=None
[2024-11-13T23:41:21.025+0000] {processor.py:208} INFO - Processing /home/airflow/.local/lib/python3.12/site-packages/airflow/example_dags/example_subdag_operator.py took 0.054 seconds
[2024-11-13T23:41:51.413+0000] {processor.py:186} INFO - Started process (PID=256) to work on /home/airflow/.local/lib/python3.12/site-packages/airflow/example_dags/example_subdag_operator.py
[2024-11-13T23:41:51.413+0000] {processor.py:914} INFO - Processing file /home/airflow/.local/lib/python3.12/site-packages/airflow/example_dags/example_subdag_operator.py for tasks to queue
[2024-11-13T23:41:51.415+0000] {logging_mixin.py:190} INFO - [2024-11-13T23:41:51.415+0000] {dagbag.py:588} INFO - Filling up the DagBag from /home/airflow/.local/lib/python3.12/site-packages/airflow/example_dags/example_subdag_operator.py
[2024-11-13T23:41:51.426+0000] {processor.py:925} INFO - DAG(s) 'example_subdag_operator.section-1', 'example_subdag_operator.section-2', 'example_subdag_operator' retrieved from /home/airflow/.local/lib/python3.12/site-packages/airflow/example_dags/example_subdag_operator.py
[2024-11-13T23:41:51.434+0000] {logging_mixin.py:190} INFO - [2024-11-13T23:41:51.434+0000] {dag.py:3239} INFO - Sync 3 DAGs
[2024-11-13T23:41:51.442+0000] {logging_mixin.py:190} INFO - [2024-11-13T23:41:51.442+0000] {dag.py:4180} INFO - Setting next_dagrun for example_subdag_operator to 2022-01-01 00:00:00+00:00, run_after=2022-01-01 00:00:00+00:00
[2024-11-13T23:41:51.445+0000] {logging_mixin.py:190} INFO - [2024-11-13T23:41:51.445+0000] {dag.py:4180} INFO - Setting next_dagrun for example_subdag_operator.section-1 to None, run_after=None
[2024-11-13T23:41:51.446+0000] {logging_mixin.py:190} INFO - [2024-11-13T23:41:51.446+0000] {dag.py:4180} INFO - Setting next_dagrun for example_subdag_operator.section-2 to None, run_after=None
[2024-11-13T23:41:51.448+0000] {logging_mixin.py:190} INFO - [2024-11-13T23:41:51.448+0000] {dag.py:3239} INFO - Sync 2 DAGs
[2024-11-13T23:41:51.451+0000] {logging_mixin.py:190} INFO - [2024-11-13T23:41:51.451+0000] {dag.py:4180} INFO - Setting next_dagrun for example_subdag_operator.section-1 to None, run_after=None
[2024-11-13T23:41:51.452+0000] {logging_mixin.py:190} INFO - [2024-11-13T23:41:51.452+0000] {dag.py:4180} INFO - Setting next_dagrun for example_subdag_operator.section-2 to None, run_after=None
[2024-11-13T23:41:51.457+0000] {processor.py:208} INFO - Processing /home/airflow/.local/lib/python3.12/site-packages/airflow/example_dags/example_subdag_operator.py took 0.047 seconds
[2024-11-13T23:42:21.931+0000] {processor.py:186} INFO - Started process (PID=319) to work on /home/airflow/.local/lib/python3.12/site-packages/airflow/example_dags/example_subdag_operator.py
[2024-11-13T23:42:21.933+0000] {processor.py:914} INFO - Processing file /home/airflow/.local/lib/python3.12/site-packages/airflow/example_dags/example_subdag_operator.py for tasks to queue
[2024-11-13T23:42:21.934+0000] {logging_mixin.py:190} INFO - [2024-11-13T23:42:21.934+0000] {dagbag.py:588} INFO - Filling up the DagBag from /home/airflow/.local/lib/python3.12/site-packages/airflow/example_dags/example_subdag_operator.py
[2024-11-13T23:42:21.947+0000] {processor.py:925} INFO - DAG(s) 'example_subdag_operator.section-1', 'example_subdag_operator.section-2', 'example_subdag_operator' retrieved from /home/airflow/.local/lib/python3.12/site-packages/airflow/example_dags/example_subdag_operator.py
[2024-11-13T23:42:21.954+0000] {logging_mixin.py:190} INFO - [2024-11-13T23:42:21.954+0000] {dag.py:3239} INFO - Sync 3 DAGs
[2024-11-13T23:42:21.964+0000] {logging_mixin.py:190} INFO - [2024-11-13T23:42:21.964+0000] {dag.py:4180} INFO - Setting next_dagrun for example_subdag_operator to 2022-01-01 00:00:00+00:00, run_after=2022-01-01 00:00:00+00:00
[2024-11-13T23:42:21.967+0000] {logging_mixin.py:190} INFO - [2024-11-13T23:42:21.967+0000] {dag.py:4180} INFO - Setting next_dagrun for example_subdag_operator.section-1 to None, run_after=None
[2024-11-13T23:42:21.968+0000] {logging_mixin.py:190} INFO - [2024-11-13T23:42:21.968+0000] {dag.py:4180} INFO - Setting next_dagrun for example_subdag_operator.section-2 to None, run_after=None
[2024-11-13T23:42:21.971+0000] {logging_mixin.py:190} INFO - [2024-11-13T23:42:21.971+0000] {dag.py:3239} INFO - Sync 2 DAGs
[2024-11-13T23:42:21.975+0000] {logging_mixin.py:190} INFO - [2024-11-13T23:42:21.975+0000] {dag.py:4180} INFO - Setting next_dagrun for example_subdag_operator.section-1 to None, run_after=None
[2024-11-13T23:42:21.975+0000] {logging_mixin.py:190} INFO - [2024-11-13T23:42:21.975+0000] {dag.py:4180} INFO - Setting next_dagrun for example_subdag_operator.section-2 to None, run_after=None
[2024-11-13T23:42:21.982+0000] {processor.py:208} INFO - Processing /home/airflow/.local/lib/python3.12/site-packages/airflow/example_dags/example_subdag_operator.py took 0.053 seconds
[2024-11-13T23:42:52.276+0000] {processor.py:186} INFO - Started process (PID=382) to work on /home/airflow/.local/lib/python3.12/site-packages/airflow/example_dags/example_subdag_operator.py
[2024-11-13T23:42:52.276+0000] {processor.py:914} INFO - Processing file /home/airflow/.local/lib/python3.12/site-packages/airflow/example_dags/example_subdag_operator.py for tasks to queue
[2024-11-13T23:42:52.277+0000] {logging_mixin.py:190} INFO - [2024-11-13T23:42:52.277+0000] {dagbag.py:588} INFO - Filling up the DagBag from /home/airflow/.local/lib/python3.12/site-packages/airflow/example_dags/example_subdag_operator.py
[2024-11-13T23:42:52.287+0000] {processor.py:925} INFO - DAG(s) 'example_subdag_operator.section-1', 'example_subdag_operator.section-2', 'example_subdag_operator' retrieved from /home/airflow/.local/lib/python3.12/site-packages/airflow/example_dags/example_subdag_operator.py
[2024-11-13T23:42:52.292+0000] {logging_mixin.py:190} INFO - [2024-11-13T23:42:52.292+0000] {dag.py:3239} INFO - Sync 3 DAGs
[2024-11-13T23:42:52.300+0000] {logging_mixin.py:190} INFO - [2024-11-13T23:42:52.300+0000] {dag.py:4180} INFO - Setting next_dagrun for example_subdag_operator to 2022-01-01 00:00:00+00:00, run_after=2022-01-01 00:00:00+00:00
[2024-11-13T23:42:52.301+0000] {logging_mixin.py:190} INFO - [2024-11-13T23:42:52.301+0000] {dag.py:4180} INFO - Setting next_dagrun for example_subdag_operator.section-1 to None, run_after=None
[2024-11-13T23:42:52.302+0000] {logging_mixin.py:190} INFO - [2024-11-13T23:42:52.301+0000] {dag.py:4180} INFO - Setting next_dagrun for example_subdag_operator.section-2 to None, run_after=None
[2024-11-13T23:42:52.304+0000] {logging_mixin.py:190} INFO - [2024-11-13T23:42:52.304+0000] {dag.py:3239} INFO - Sync 2 DAGs
[2024-11-13T23:42:52.306+0000] {logging_mixin.py:190} INFO - [2024-11-13T23:42:52.306+0000] {dag.py:4180} INFO - Setting next_dagrun for example_subdag_operator.section-1 to None, run_after=None
[2024-11-13T23:42:52.306+0000] {logging_mixin.py:190} INFO - [2024-11-13T23:42:52.306+0000] {dag.py:4180} INFO - Setting next_dagrun for example_subdag_operator.section-2 to None, run_after=None
[2024-11-13T23:42:52.309+0000] {processor.py:208} INFO - Processing /home/airflow/.local/lib/python3.12/site-packages/airflow/example_dags/example_subdag_operator.py took 0.035 seconds
[2024-11-13T23:43:23.592+0000] {processor.py:186} INFO - Started process (PID=445) to work on /home/airflow/.local/lib/python3.12/site-packages/airflow/example_dags/example_subdag_operator.py
[2024-11-13T23:43:23.594+0000] {processor.py:914} INFO - Processing file /home/airflow/.local/lib/python3.12/site-packages/airflow/example_dags/example_subdag_operator.py for tasks to queue
[2024-11-13T23:43:23.594+0000] {logging_mixin.py:190} INFO - [2024-11-13T23:43:23.594+0000] {dagbag.py:588} INFO - Filling up the DagBag from /home/airflow/.local/lib/python3.12/site-packages/airflow/example_dags/example_subdag_operator.py
[2024-11-13T23:43:23.605+0000] {processor.py:925} INFO - DAG(s) 'example_subdag_operator.section-1', 'example_subdag_operator.section-2', 'example_subdag_operator' retrieved from /home/airflow/.local/lib/python3.12/site-packages/airflow/example_dags/example_subdag_operator.py
[2024-11-13T23:43:23.611+0000] {logging_mixin.py:190} INFO - [2024-11-13T23:43:23.611+0000] {dag.py:3239} INFO - Sync 3 DAGs
[2024-11-13T23:43:23.621+0000] {logging_mixin.py:190} INFO - [2024-11-13T23:43:23.621+0000] {dag.py:4180} INFO - Setting next_dagrun for example_subdag_operator to 2022-01-01 00:00:00+00:00, run_after=2022-01-01 00:00:00+00:00
[2024-11-13T23:43:23.623+0000] {logging_mixin.py:190} INFO - [2024-11-13T23:43:23.622+0000] {dag.py:4180} INFO - Setting next_dagrun for example_subdag_operator.section-1 to None, run_after=None
[2024-11-13T23:43:23.624+0000] {logging_mixin.py:190} INFO - [2024-11-13T23:43:23.624+0000] {dag.py:4180} INFO - Setting next_dagrun for example_subdag_operator.section-2 to None, run_after=None
[2024-11-13T23:43:23.628+0000] {logging_mixin.py:190} INFO - [2024-11-13T23:43:23.628+0000] {dag.py:3239} INFO - Sync 2 DAGs
[2024-11-13T23:43:23.631+0000] {logging_mixin.py:190} INFO - [2024-11-13T23:43:23.631+0000] {dag.py:4180} INFO - Setting next_dagrun for example_subdag_operator.section-1 to None, run_after=None
[2024-11-13T23:43:23.632+0000] {logging_mixin.py:190} INFO - [2024-11-13T23:43:23.632+0000] {dag.py:4180} INFO - Setting next_dagrun for example_subdag_operator.section-2 to None, run_after=None
[2024-11-13T23:43:23.638+0000] {processor.py:208} INFO - Processing /home/airflow/.local/lib/python3.12/site-packages/airflow/example_dags/example_subdag_operator.py took 0.048 seconds
[2024-11-13T23:43:54.807+0000] {processor.py:186} INFO - Started process (PID=508) to work on /home/airflow/.local/lib/python3.12/site-packages/airflow/example_dags/example_subdag_operator.py
[2024-11-13T23:43:54.808+0000] {processor.py:914} INFO - Processing file /home/airflow/.local/lib/python3.12/site-packages/airflow/example_dags/example_subdag_operator.py for tasks to queue
[2024-11-13T23:43:54.809+0000] {logging_mixin.py:190} INFO - [2024-11-13T23:43:54.809+0000] {dagbag.py:588} INFO - Filling up the DagBag from /home/airflow/.local/lib/python3.12/site-packages/airflow/example_dags/example_subdag_operator.py
[2024-11-13T23:43:54.818+0000] {processor.py:925} INFO - DAG(s) 'example_subdag_operator.section-1', 'example_subdag_operator.section-2', 'example_subdag_operator' retrieved from /home/airflow/.local/lib/python3.12/site-packages/airflow/example_dags/example_subdag_operator.py
[2024-11-13T23:43:54.824+0000] {logging_mixin.py:190} INFO - [2024-11-13T23:43:54.823+0000] {dag.py:3239} INFO - Sync 3 DAGs
[2024-11-13T23:43:54.831+0000] {logging_mixin.py:190} INFO - [2024-11-13T23:43:54.831+0000] {dag.py:4180} INFO - Setting next_dagrun for example_subdag_operator to 2022-01-01 00:00:00+00:00, run_after=2022-01-01 00:00:00+00:00
[2024-11-13T23:43:54.832+0000] {logging_mixin.py:190} INFO - [2024-11-13T23:43:54.832+0000] {dag.py:4180} INFO - Setting next_dagrun for example_subdag_operator.section-1 to None, run_after=None
[2024-11-13T23:43:54.833+0000] {logging_mixin.py:190} INFO - [2024-11-13T23:43:54.833+0000] {dag.py:4180} INFO - Setting next_dagrun for example_subdag_operator.section-2 to None, run_after=None
[2024-11-13T23:43:54.835+0000] {logging_mixin.py:190} INFO - [2024-11-13T23:43:54.835+0000] {dag.py:3239} INFO - Sync 2 DAGs
[2024-11-13T23:43:54.837+0000] {logging_mixin.py:190} INFO - [2024-11-13T23:43:54.837+0000] {dag.py:4180} INFO - Setting next_dagrun for example_subdag_operator.section-1 to None, run_after=None
[2024-11-13T23:43:54.837+0000] {logging_mixin.py:190} INFO - [2024-11-13T23:43:54.837+0000] {dag.py:4180} INFO - Setting next_dagrun for example_subdag_operator.section-2 to None, run_after=None
[2024-11-13T23:43:54.840+0000] {processor.py:208} INFO - Processing /home/airflow/.local/lib/python3.12/site-packages/airflow/example_dags/example_subdag_operator.py took 0.035 seconds
[2024-11-13T23:44:26.113+0000] {processor.py:186} INFO - Started process (PID=571) to work on /home/airflow/.local/lib/python3.12/site-packages/airflow/example_dags/example_subdag_operator.py
[2024-11-13T23:44:26.114+0000] {processor.py:914} INFO - Processing file /home/airflow/.local/lib/python3.12/site-packages/airflow/example_dags/example_subdag_operator.py for tasks to queue
[2024-11-13T23:44:26.115+0000] {logging_mixin.py:190} INFO - [2024-11-13T23:44:26.114+0000] {dagbag.py:588} INFO - Filling up the DagBag from /home/airflow/.local/lib/python3.12/site-packages/airflow/example_dags/example_subdag_operator.py
[2024-11-13T23:44:26.125+0000] {processor.py:925} INFO - DAG(s) 'example_subdag_operator.section-1', 'example_subdag_operator.section-2', 'example_subdag_operator' retrieved from /home/airflow/.local/lib/python3.12/site-packages/airflow/example_dags/example_subdag_operator.py
[2024-11-13T23:44:26.132+0000] {logging_mixin.py:190} INFO - [2024-11-13T23:44:26.131+0000] {dag.py:3239} INFO - Sync 3 DAGs
[2024-11-13T23:44:26.141+0000] {logging_mixin.py:190} INFO - [2024-11-13T23:44:26.141+0000] {dag.py:4180} INFO - Setting next_dagrun for example_subdag_operator to 2022-01-01 00:00:00+00:00, run_after=2022-01-01 00:00:00+00:00
[2024-11-13T23:44:26.145+0000] {logging_mixin.py:190} INFO - [2024-11-13T23:44:26.145+0000] {dag.py:4180} INFO - Setting next_dagrun for example_subdag_operator.section-1 to None, run_after=None
[2024-11-13T23:44:26.146+0000] {logging_mixin.py:190} INFO - [2024-11-13T23:44:26.146+0000] {dag.py:4180} INFO - Setting next_dagrun for example_subdag_operator.section-2 to None, run_after=None
[2024-11-13T23:44:26.149+0000] {logging_mixin.py:190} INFO - [2024-11-13T23:44:26.149+0000] {dag.py:3239} INFO - Sync 2 DAGs
[2024-11-13T23:44:26.152+0000] {logging_mixin.py:190} INFO - [2024-11-13T23:44:26.152+0000] {dag.py:4180} INFO - Setting next_dagrun for example_subdag_operator.section-1 to None, run_after=None
[2024-11-13T23:44:26.154+0000] {logging_mixin.py:190} INFO - [2024-11-13T23:44:26.154+0000] {dag.py:4180} INFO - Setting next_dagrun for example_subdag_operator.section-2 to None, run_after=None
[2024-11-13T23:44:26.159+0000] {processor.py:208} INFO - Processing /home/airflow/.local/lib/python3.12/site-packages/airflow/example_dags/example_subdag_operator.py took 0.048 seconds
[2024-11-13T23:44:57.393+0000] {processor.py:186} INFO - Started process (PID=634) to work on /home/airflow/.local/lib/python3.12/site-packages/airflow/example_dags/example_subdag_operator.py
[2024-11-13T23:44:57.394+0000] {processor.py:914} INFO - Processing file /home/airflow/.local/lib/python3.12/site-packages/airflow/example_dags/example_subdag_operator.py for tasks to queue
[2024-11-13T23:44:57.396+0000] {logging_mixin.py:190} INFO - [2024-11-13T23:44:57.396+0000] {dagbag.py:588} INFO - Filling up the DagBag from /home/airflow/.local/lib/python3.12/site-packages/airflow/example_dags/example_subdag_operator.py
[2024-11-13T23:44:57.407+0000] {processor.py:925} INFO - DAG(s) 'example_subdag_operator.section-1', 'example_subdag_operator.section-2', 'example_subdag_operator' retrieved from /home/airflow/.local/lib/python3.12/site-packages/airflow/example_dags/example_subdag_operator.py
[2024-11-13T23:44:57.415+0000] {logging_mixin.py:190} INFO - [2024-11-13T23:44:57.415+0000] {dag.py:3239} INFO - Sync 3 DAGs
[2024-11-13T23:44:57.424+0000] {logging_mixin.py:190} INFO - [2024-11-13T23:44:57.424+0000] {dag.py:4180} INFO - Setting next_dagrun for example_subdag_operator to 2022-01-01 00:00:00+00:00, run_after=2022-01-01 00:00:00+00:00
[2024-11-13T23:44:57.426+0000] {logging_mixin.py:190} INFO - [2024-11-13T23:44:57.426+0000] {dag.py:4180} INFO - Setting next_dagrun for example_subdag_operator.section-1 to None, run_after=None
[2024-11-13T23:44:57.427+0000] {logging_mixin.py:190} INFO - [2024-11-13T23:44:57.427+0000] {dag.py:4180} INFO - Setting next_dagrun for example_subdag_operator.section-2 to None, run_after=None
[2024-11-13T23:44:57.430+0000] {logging_mixin.py:190} INFO - [2024-11-13T23:44:57.430+0000] {dag.py:3239} INFO - Sync 2 DAGs
[2024-11-13T23:44:57.433+0000] {logging_mixin.py:190} INFO - [2024-11-13T23:44:57.433+0000] {dag.py:4180} INFO - Setting next_dagrun for example_subdag_operator.section-1 to None, run_after=None
[2024-11-13T23:44:57.434+0000] {logging_mixin.py:190} INFO - [2024-11-13T23:44:57.434+0000] {dag.py:4180} INFO - Setting next_dagrun for example_subdag_operator.section-2 to None, run_after=None
[2024-11-13T23:44:57.438+0000] {processor.py:208} INFO - Processing /home/airflow/.local/lib/python3.12/site-packages/airflow/example_dags/example_subdag_operator.py took 0.048 seconds
[2024-11-13T23:45:28.614+0000] {processor.py:186} INFO - Started process (PID=697) to work on /home/airflow/.local/lib/python3.12/site-packages/airflow/example_dags/example_subdag_operator.py
[2024-11-13T23:45:28.615+0000] {processor.py:914} INFO - Processing file /home/airflow/.local/lib/python3.12/site-packages/airflow/example_dags/example_subdag_operator.py for tasks to queue
[2024-11-13T23:45:28.616+0000] {logging_mixin.py:190} INFO - [2024-11-13T23:45:28.616+0000] {dagbag.py:588} INFO - Filling up the DagBag from /home/airflow/.local/lib/python3.12/site-packages/airflow/example_dags/example_subdag_operator.py
[2024-11-13T23:45:28.627+0000] {processor.py:925} INFO - DAG(s) 'example_subdag_operator.section-1', 'example_subdag_operator.section-2', 'example_subdag_operator' retrieved from /home/airflow/.local/lib/python3.12/site-packages/airflow/example_dags/example_subdag_operator.py
[2024-11-13T23:45:28.633+0000] {logging_mixin.py:190} INFO - [2024-11-13T23:45:28.633+0000] {dag.py:3239} INFO - Sync 3 DAGs
[2024-11-13T23:45:28.642+0000] {logging_mixin.py:190} INFO - [2024-11-13T23:45:28.642+0000] {dag.py:4180} INFO - Setting next_dagrun for example_subdag_operator to 2022-01-01 00:00:00+00:00, run_after=2022-01-01 00:00:00+00:00
[2024-11-13T23:45:28.643+0000] {logging_mixin.py:190} INFO - [2024-11-13T23:45:28.643+0000] {dag.py:4180} INFO - Setting next_dagrun for example_subdag_operator.section-1 to None, run_after=None
[2024-11-13T23:45:28.644+0000] {logging_mixin.py:190} INFO - [2024-11-13T23:45:28.644+0000] {dag.py:4180} INFO - Setting next_dagrun for example_subdag_operator.section-2 to None, run_after=None
[2024-11-13T23:45:28.647+0000] {logging_mixin.py:190} INFO - [2024-11-13T23:45:28.646+0000] {dag.py:3239} INFO - Sync 2 DAGs
[2024-11-13T23:45:28.649+0000] {logging_mixin.py:190} INFO - [2024-11-13T23:45:28.649+0000] {dag.py:4180} INFO - Setting next_dagrun for example_subdag_operator.section-1 to None, run_after=None
[2024-11-13T23:45:28.649+0000] {logging_mixin.py:190} INFO - [2024-11-13T23:45:28.649+0000] {dag.py:4180} INFO - Setting next_dagrun for example_subdag_operator.section-2 to None, run_after=None
[2024-11-13T23:45:28.653+0000] {processor.py:208} INFO - Processing /home/airflow/.local/lib/python3.12/site-packages/airflow/example_dags/example_subdag_operator.py took 0.041 seconds
[2024-11-13T23:45:59.766+0000] {processor.py:186} INFO - Started process (PID=760) to work on /home/airflow/.local/lib/python3.12/site-packages/airflow/example_dags/example_subdag_operator.py
[2024-11-13T23:45:59.766+0000] {processor.py:914} INFO - Processing file /home/airflow/.local/lib/python3.12/site-packages/airflow/example_dags/example_subdag_operator.py for tasks to queue
[2024-11-13T23:45:59.767+0000] {logging_mixin.py:190} INFO - [2024-11-13T23:45:59.767+0000] {dagbag.py:588} INFO - Filling up the DagBag from /home/airflow/.local/lib/python3.12/site-packages/airflow/example_dags/example_subdag_operator.py
[2024-11-13T23:45:59.778+0000] {processor.py:925} INFO - DAG(s) 'example_subdag_operator.section-1', 'example_subdag_operator.section-2', 'example_subdag_operator' retrieved from /home/airflow/.local/lib/python3.12/site-packages/airflow/example_dags/example_subdag_operator.py
[2024-11-13T23:45:59.787+0000] {logging_mixin.py:190} INFO - [2024-11-13T23:45:59.787+0000] {dag.py:3239} INFO - Sync 3 DAGs
[2024-11-13T23:45:59.796+0000] {logging_mixin.py:190} INFO - [2024-11-13T23:45:59.796+0000] {dag.py:4180} INFO - Setting next_dagrun for example_subdag_operator to 2022-01-01 00:00:00+00:00, run_after=2022-01-01 00:00:00+00:00
[2024-11-13T23:45:59.797+0000] {logging_mixin.py:190} INFO - [2024-11-13T23:45:59.797+0000] {dag.py:4180} INFO - Setting next_dagrun for example_subdag_operator.section-1 to None, run_after=None
[2024-11-13T23:45:59.800+0000] {logging_mixin.py:190} INFO - [2024-11-13T23:45:59.800+0000] {dag.py:4180} INFO - Setting next_dagrun for example_subdag_operator.section-2 to None, run_after=None
[2024-11-13T23:45:59.803+0000] {logging_mixin.py:190} INFO - [2024-11-13T23:45:59.802+0000] {dag.py:3239} INFO - Sync 2 DAGs
[2024-11-13T23:45:59.805+0000] {logging_mixin.py:190} INFO - [2024-11-13T23:45:59.805+0000] {dag.py:4180} INFO - Setting next_dagrun for example_subdag_operator.section-1 to None, run_after=None
[2024-11-13T23:45:59.806+0000] {logging_mixin.py:190} INFO - [2024-11-13T23:45:59.806+0000] {dag.py:4180} INFO - Setting next_dagrun for example_subdag_operator.section-2 to None, run_after=None
[2024-11-13T23:45:59.812+0000] {processor.py:208} INFO - Processing /home/airflow/.local/lib/python3.12/site-packages/airflow/example_dags/example_subdag_operator.py took 0.049 seconds
[2024-11-13T23:46:31.052+0000] {processor.py:186} INFO - Started process (PID=823) to work on /home/airflow/.local/lib/python3.12/site-packages/airflow/example_dags/example_subdag_operator.py
[2024-11-13T23:46:31.053+0000] {processor.py:914} INFO - Processing file /home/airflow/.local/lib/python3.12/site-packages/airflow/example_dags/example_subdag_operator.py for tasks to queue
[2024-11-13T23:46:31.054+0000] {logging_mixin.py:190} INFO - [2024-11-13T23:46:31.054+0000] {dagbag.py:588} INFO - Filling up the DagBag from /home/airflow/.local/lib/python3.12/site-packages/airflow/example_dags/example_subdag_operator.py
[2024-11-13T23:46:31.065+0000] {processor.py:925} INFO - DAG(s) 'example_subdag_operator.section-1', 'example_subdag_operator.section-2', 'example_subdag_operator' retrieved from /home/airflow/.local/lib/python3.12/site-packages/airflow/example_dags/example_subdag_operator.py
[2024-11-13T23:46:31.072+0000] {logging_mixin.py:190} INFO - [2024-11-13T23:46:31.072+0000] {dag.py:3239} INFO - Sync 3 DAGs
[2024-11-13T23:46:31.082+0000] {logging_mixin.py:190} INFO - [2024-11-13T23:46:31.082+0000] {dag.py:4180} INFO - Setting next_dagrun for example_subdag_operator to 2022-01-01 00:00:00+00:00, run_after=2022-01-01 00:00:00+00:00
[2024-11-13T23:46:31.083+0000] {logging_mixin.py:190} INFO - [2024-11-13T23:46:31.083+0000] {dag.py:4180} INFO - Setting next_dagrun for example_subdag_operator.section-1 to None, run_after=None
[2024-11-13T23:46:31.085+0000] {logging_mixin.py:190} INFO - [2024-11-13T23:46:31.085+0000] {dag.py:4180} INFO - Setting next_dagrun for example_subdag_operator.section-2 to None, run_after=None
[2024-11-13T23:46:31.089+0000] {logging_mixin.py:190} INFO - [2024-11-13T23:46:31.089+0000] {dag.py:3239} INFO - Sync 2 DAGs
[2024-11-13T23:46:31.092+0000] {logging_mixin.py:190} INFO - [2024-11-13T23:46:31.092+0000] {dag.py:4180} INFO - Setting next_dagrun for example_subdag_operator.section-1 to None, run_after=None
[2024-11-13T23:46:31.092+0000] {logging_mixin.py:190} INFO - [2024-11-13T23:46:31.092+0000] {dag.py:4180} INFO - Setting next_dagrun for example_subdag_operator.section-2 to None, run_after=None
[2024-11-13T23:46:31.096+0000] {processor.py:208} INFO - Processing /home/airflow/.local/lib/python3.12/site-packages/airflow/example_dags/example_subdag_operator.py took 0.046 seconds
[2024-11-13T23:47:02.388+0000] {processor.py:186} INFO - Started process (PID=886) to work on /home/airflow/.local/lib/python3.12/site-packages/airflow/example_dags/example_subdag_operator.py
[2024-11-13T23:47:02.389+0000] {processor.py:914} INFO - Processing file /home/airflow/.local/lib/python3.12/site-packages/airflow/example_dags/example_subdag_operator.py for tasks to queue
[2024-11-13T23:47:02.390+0000] {logging_mixin.py:190} INFO - [2024-11-13T23:47:02.390+0000] {dagbag.py:588} INFO - Filling up the DagBag from /home/airflow/.local/lib/python3.12/site-packages/airflow/example_dags/example_subdag_operator.py
[2024-11-13T23:47:02.399+0000] {processor.py:925} INFO - DAG(s) 'example_subdag_operator.section-1', 'example_subdag_operator.section-2', 'example_subdag_operator' retrieved from /home/airflow/.local/lib/python3.12/site-packages/airflow/example_dags/example_subdag_operator.py
[2024-11-13T23:47:02.405+0000] {logging_mixin.py:190} INFO - [2024-11-13T23:47:02.405+0000] {dag.py:3239} INFO - Sync 3 DAGs
[2024-11-13T23:47:02.414+0000] {logging_mixin.py:190} INFO - [2024-11-13T23:47:02.413+0000] {dag.py:4180} INFO - Setting next_dagrun for example_subdag_operator to 2022-01-01 00:00:00+00:00, run_after=2022-01-01 00:00:00+00:00
[2024-11-13T23:47:02.415+0000] {logging_mixin.py:190} INFO - [2024-11-13T23:47:02.415+0000] {dag.py:4180} INFO - Setting next_dagrun for example_subdag_operator.section-1 to None, run_after=None
[2024-11-13T23:47:02.415+0000] {logging_mixin.py:190} INFO - [2024-11-13T23:47:02.415+0000] {dag.py:4180} INFO - Setting next_dagrun for example_subdag_operator.section-2 to None, run_after=None
[2024-11-13T23:47:02.418+0000] {logging_mixin.py:190} INFO - [2024-11-13T23:47:02.418+0000] {dag.py:3239} INFO - Sync 2 DAGs
[2024-11-13T23:47:02.420+0000] {logging_mixin.py:190} INFO - [2024-11-13T23:47:02.420+0000] {dag.py:4180} INFO - Setting next_dagrun for example_subdag_operator.section-1 to None, run_after=None
[2024-11-13T23:47:02.420+0000] {logging_mixin.py:190} INFO - [2024-11-13T23:47:02.420+0000] {dag.py:4180} INFO - Setting next_dagrun for example_subdag_operator.section-2 to None, run_after=None
[2024-11-13T23:47:02.423+0000] {processor.py:208} INFO - Processing /home/airflow/.local/lib/python3.12/site-packages/airflow/example_dags/example_subdag_operator.py took 0.038 seconds
[2024-11-13T23:47:33.659+0000] {processor.py:186} INFO - Started process (PID=949) to work on /home/airflow/.local/lib/python3.12/site-packages/airflow/example_dags/example_subdag_operator.py
[2024-11-13T23:47:33.659+0000] {processor.py:914} INFO - Processing file /home/airflow/.local/lib/python3.12/site-packages/airflow/example_dags/example_subdag_operator.py for tasks to queue
[2024-11-13T23:47:33.660+0000] {logging_mixin.py:190} INFO - [2024-11-13T23:47:33.660+0000] {dagbag.py:588} INFO - Filling up the DagBag from /home/airflow/.local/lib/python3.12/site-packages/airflow/example_dags/example_subdag_operator.py
[2024-11-13T23:47:33.670+0000] {processor.py:925} INFO - DAG(s) 'example_subdag_operator.section-1', 'example_subdag_operator.section-2', 'example_subdag_operator' retrieved from /home/airflow/.local/lib/python3.12/site-packages/airflow/example_dags/example_subdag_operator.py
[2024-11-13T23:47:33.676+0000] {logging_mixin.py:190} INFO - [2024-11-13T23:47:33.676+0000] {dag.py:3239} INFO - Sync 3 DAGs
[2024-11-13T23:47:33.685+0000] {logging_mixin.py:190} INFO - [2024-11-13T23:47:33.685+0000] {dag.py:4180} INFO - Setting next_dagrun for example_subdag_operator to 2022-01-01 00:00:00+00:00, run_after=2022-01-01 00:00:00+00:00
[2024-11-13T23:47:33.686+0000] {logging_mixin.py:190} INFO - [2024-11-13T23:47:33.686+0000] {dag.py:4180} INFO - Setting next_dagrun for example_subdag_operator.section-1 to None, run_after=None
[2024-11-13T23:47:33.687+0000] {logging_mixin.py:190} INFO - [2024-11-13T23:47:33.686+0000] {dag.py:4180} INFO - Setting next_dagrun for example_subdag_operator.section-2 to None, run_after=None
[2024-11-13T23:47:33.689+0000] {logging_mixin.py:190} INFO - [2024-11-13T23:47:33.689+0000] {dag.py:3239} INFO - Sync 2 DAGs
[2024-11-13T23:47:33.691+0000] {logging_mixin.py:190} INFO - [2024-11-13T23:47:33.691+0000] {dag.py:4180} INFO - Setting next_dagrun for example_subdag_operator.section-1 to None, run_after=None
[2024-11-13T23:47:33.691+0000] {logging_mixin.py:190} INFO - [2024-11-13T23:47:33.691+0000] {dag.py:4180} INFO - Setting next_dagrun for example_subdag_operator.section-2 to None, run_after=None
[2024-11-13T23:47:33.695+0000] {processor.py:208} INFO - Processing /home/airflow/.local/lib/python3.12/site-packages/airflow/example_dags/example_subdag_operator.py took 0.038 seconds
