[2024-11-13T21:28:26.233+0000] {processor.py:186} INFO - Started process (PID=43) to work on /home/airflow/.local/lib/python3.12/site-packages/airflow/example_dags/example_latest_only_with_trigger.py
[2024-11-13T21:28:26.233+0000] {processor.py:914} INFO - Processing file /home/airflow/.local/lib/python3.12/site-packages/airflow/example_dags/example_latest_only_with_trigger.py for tasks to queue
[2024-11-13T21:28:26.234+0000] {logging_mixin.py:190} INFO - [2024-11-13T21:28:26.234+0000] {dagbag.py:588} INFO - Filling up the DagBag from /home/airflow/.local/lib/python3.12/site-packages/airflow/example_dags/example_latest_only_with_trigger.py
[2024-11-13T21:28:26.241+0000] {processor.py:925} INFO - DAG(s) 'latest_only_with_trigger' retrieved from /home/airflow/.local/lib/python3.12/site-packages/airflow/example_dags/example_latest_only_with_trigger.py
[2024-11-13T21:28:26.305+0000] {logging_mixin.py:190} INFO - [2024-11-13T21:28:26.305+0000] {override.py:1911} INFO - Created Permission View: can edit on DAG:latest_only_with_trigger
[2024-11-13T21:28:26.308+0000] {logging_mixin.py:190} INFO - [2024-11-13T21:28:26.308+0000] {override.py:1911} INFO - Created Permission View: can read on DAG:latest_only_with_trigger
[2024-11-13T21:28:26.310+0000] {logging_mixin.py:190} INFO - [2024-11-13T21:28:26.310+0000] {override.py:1911} INFO - Created Permission View: can delete on DAG:latest_only_with_trigger
[2024-11-13T21:28:26.312+0000] {logging_mixin.py:190} INFO - [2024-11-13T21:28:26.311+0000] {override.py:1911} INFO - Created Permission View: can delete on DAG Run:latest_only_with_trigger
[2024-11-13T21:28:26.313+0000] {logging_mixin.py:190} INFO - [2024-11-13T21:28:26.313+0000] {override.py:1911} INFO - Created Permission View: can read on DAG Run:latest_only_with_trigger
[2024-11-13T21:28:26.314+0000] {logging_mixin.py:190} INFO - [2024-11-13T21:28:26.314+0000] {override.py:1911} INFO - Created Permission View: menu access on DAG Run:latest_only_with_trigger
[2024-11-13T21:28:26.316+0000] {logging_mixin.py:190} INFO - [2024-11-13T21:28:26.316+0000] {override.py:1911} INFO - Created Permission View: can create on DAG Run:latest_only_with_trigger
[2024-11-13T21:28:26.317+0000] {logging_mixin.py:190} INFO - [2024-11-13T21:28:26.317+0000] {dag.py:3239} INFO - Sync 1 DAGs
[2024-11-13T21:28:26.322+0000] {logging_mixin.py:190} INFO - [2024-11-13T21:28:26.322+0000] {dag.py:3262} INFO - Creating ORM DAG for latest_only_with_trigger
[2024-11-13T21:28:26.327+0000] {logging_mixin.py:190} INFO - [2024-11-13T21:28:26.327+0000] {dag.py:4180} INFO - Setting next_dagrun for latest_only_with_trigger to 2024-11-13 16:00:00+00:00, run_after=2024-11-13 20:00:00+00:00
[2024-11-13T21:28:26.341+0000] {processor.py:208} INFO - Processing /home/airflow/.local/lib/python3.12/site-packages/airflow/example_dags/example_latest_only_with_trigger.py took 0.111 seconds
[2024-11-13T21:28:57.297+0000] {processor.py:186} INFO - Started process (PID=105) to work on /home/airflow/.local/lib/python3.12/site-packages/airflow/example_dags/example_latest_only_with_trigger.py
[2024-11-13T21:28:57.299+0000] {processor.py:914} INFO - Processing file /home/airflow/.local/lib/python3.12/site-packages/airflow/example_dags/example_latest_only_with_trigger.py for tasks to queue
[2024-11-13T21:28:57.302+0000] {logging_mixin.py:190} INFO - [2024-11-13T21:28:57.302+0000] {dagbag.py:588} INFO - Filling up the DagBag from /home/airflow/.local/lib/python3.12/site-packages/airflow/example_dags/example_latest_only_with_trigger.py
[2024-11-13T21:28:57.308+0000] {processor.py:925} INFO - DAG(s) 'latest_only_with_trigger' retrieved from /home/airflow/.local/lib/python3.12/site-packages/airflow/example_dags/example_latest_only_with_trigger.py
[2024-11-13T21:28:57.324+0000] {logging_mixin.py:190} INFO - [2024-11-13T21:28:57.323+0000] {dag.py:3239} INFO - Sync 1 DAGs
[2024-11-13T21:28:57.338+0000] {logging_mixin.py:190} INFO - [2024-11-13T21:28:57.338+0000] {dag.py:4180} INFO - Setting next_dagrun for latest_only_with_trigger to 2024-11-13 16:00:00+00:00, run_after=2024-11-13 20:00:00+00:00
[2024-11-13T21:28:57.348+0000] {processor.py:208} INFO - Processing /home/airflow/.local/lib/python3.12/site-packages/airflow/example_dags/example_latest_only_with_trigger.py took 0.056 seconds
[2024-11-13T21:29:27.886+0000] {processor.py:186} INFO - Started process (PID=168) to work on /home/airflow/.local/lib/python3.12/site-packages/airflow/example_dags/example_latest_only_with_trigger.py
[2024-11-13T21:29:27.889+0000] {processor.py:914} INFO - Processing file /home/airflow/.local/lib/python3.12/site-packages/airflow/example_dags/example_latest_only_with_trigger.py for tasks to queue
[2024-11-13T21:29:27.891+0000] {logging_mixin.py:190} INFO - [2024-11-13T21:29:27.891+0000] {dagbag.py:588} INFO - Filling up the DagBag from /home/airflow/.local/lib/python3.12/site-packages/airflow/example_dags/example_latest_only_with_trigger.py
[2024-11-13T21:29:27.896+0000] {processor.py:925} INFO - DAG(s) 'latest_only_with_trigger' retrieved from /home/airflow/.local/lib/python3.12/site-packages/airflow/example_dags/example_latest_only_with_trigger.py
[2024-11-13T21:29:27.909+0000] {logging_mixin.py:190} INFO - [2024-11-13T21:29:27.909+0000] {dag.py:3239} INFO - Sync 1 DAGs
[2024-11-13T21:29:27.923+0000] {logging_mixin.py:190} INFO - [2024-11-13T21:29:27.923+0000] {dag.py:4180} INFO - Setting next_dagrun for latest_only_with_trigger to 2024-11-13 16:00:00+00:00, run_after=2024-11-13 20:00:00+00:00
[2024-11-13T21:29:27.930+0000] {processor.py:208} INFO - Processing /home/airflow/.local/lib/python3.12/site-packages/airflow/example_dags/example_latest_only_with_trigger.py took 0.049 seconds
[2024-11-13T21:29:58.098+0000] {processor.py:186} INFO - Started process (PID=229) to work on /home/airflow/.local/lib/python3.12/site-packages/airflow/example_dags/example_latest_only_with_trigger.py
[2024-11-13T21:29:58.101+0000] {processor.py:914} INFO - Processing file /home/airflow/.local/lib/python3.12/site-packages/airflow/example_dags/example_latest_only_with_trigger.py for tasks to queue
[2024-11-13T21:29:58.103+0000] {logging_mixin.py:190} INFO - [2024-11-13T21:29:58.103+0000] {dagbag.py:588} INFO - Filling up the DagBag from /home/airflow/.local/lib/python3.12/site-packages/airflow/example_dags/example_latest_only_with_trigger.py
[2024-11-13T21:29:58.109+0000] {processor.py:925} INFO - DAG(s) 'latest_only_with_trigger' retrieved from /home/airflow/.local/lib/python3.12/site-packages/airflow/example_dags/example_latest_only_with_trigger.py
[2024-11-13T21:29:58.126+0000] {logging_mixin.py:190} INFO - [2024-11-13T21:29:58.126+0000] {dag.py:3239} INFO - Sync 1 DAGs
[2024-11-13T21:29:58.140+0000] {logging_mixin.py:190} INFO - [2024-11-13T21:29:58.139+0000] {dag.py:4180} INFO - Setting next_dagrun for latest_only_with_trigger to 2024-11-13 16:00:00+00:00, run_after=2024-11-13 20:00:00+00:00
[2024-11-13T21:29:58.148+0000] {processor.py:208} INFO - Processing /home/airflow/.local/lib/python3.12/site-packages/airflow/example_dags/example_latest_only_with_trigger.py took 0.056 seconds
[2024-11-13T21:30:28.345+0000] {processor.py:186} INFO - Started process (PID=292) to work on /home/airflow/.local/lib/python3.12/site-packages/airflow/example_dags/example_latest_only_with_trigger.py
[2024-11-13T21:30:28.346+0000] {processor.py:914} INFO - Processing file /home/airflow/.local/lib/python3.12/site-packages/airflow/example_dags/example_latest_only_with_trigger.py for tasks to queue
[2024-11-13T21:30:28.348+0000] {logging_mixin.py:190} INFO - [2024-11-13T21:30:28.348+0000] {dagbag.py:588} INFO - Filling up the DagBag from /home/airflow/.local/lib/python3.12/site-packages/airflow/example_dags/example_latest_only_with_trigger.py
[2024-11-13T21:30:28.353+0000] {processor.py:925} INFO - DAG(s) 'latest_only_with_trigger' retrieved from /home/airflow/.local/lib/python3.12/site-packages/airflow/example_dags/example_latest_only_with_trigger.py
[2024-11-13T21:30:28.366+0000] {logging_mixin.py:190} INFO - [2024-11-13T21:30:28.366+0000] {dag.py:3239} INFO - Sync 1 DAGs
[2024-11-13T21:30:28.378+0000] {logging_mixin.py:190} INFO - [2024-11-13T21:30:28.378+0000] {dag.py:4180} INFO - Setting next_dagrun for latest_only_with_trigger to 2024-11-13 16:00:00+00:00, run_after=2024-11-13 20:00:00+00:00
[2024-11-13T21:30:28.385+0000] {processor.py:208} INFO - Processing /home/airflow/.local/lib/python3.12/site-packages/airflow/example_dags/example_latest_only_with_trigger.py took 0.044 seconds
[2024-11-13T21:34:59.949+0000] {processor.py:186} INFO - Started process (PID=45) to work on /home/airflow/.local/lib/python3.12/site-packages/airflow/example_dags/example_latest_only_with_trigger.py
[2024-11-13T21:34:59.951+0000] {processor.py:914} INFO - Processing file /home/airflow/.local/lib/python3.12/site-packages/airflow/example_dags/example_latest_only_with_trigger.py for tasks to queue
[2024-11-13T21:34:59.953+0000] {logging_mixin.py:190} INFO - [2024-11-13T21:34:59.952+0000] {dagbag.py:588} INFO - Filling up the DagBag from /home/airflow/.local/lib/python3.12/site-packages/airflow/example_dags/example_latest_only_with_trigger.py
[2024-11-13T21:34:59.959+0000] {processor.py:925} INFO - DAG(s) 'latest_only_with_trigger' retrieved from /home/airflow/.local/lib/python3.12/site-packages/airflow/example_dags/example_latest_only_with_trigger.py
[2024-11-13T21:35:00.098+0000] {logging_mixin.py:190} INFO - [2024-11-13T21:35:00.096+0000] {override.py:1911} INFO - Created Permission View: can edit on DAG:latest_only_with_trigger
[2024-11-13T21:35:00.113+0000] {logging_mixin.py:190} INFO - [2024-11-13T21:35:00.113+0000] {override.py:1911} INFO - Created Permission View: can delete on DAG:latest_only_with_trigger
[2024-11-13T21:35:00.116+0000] {logging_mixin.py:190} INFO - [2024-11-13T21:35:00.116+0000] {override.py:1911} INFO - Created Permission View: can read on DAG:latest_only_with_trigger
[2024-11-13T21:35:00.120+0000] {logging_mixin.py:190} INFO - [2024-11-13T21:35:00.120+0000] {override.py:1911} INFO - Created Permission View: can create on DAG Run:latest_only_with_trigger
[2024-11-13T21:35:00.124+0000] {logging_mixin.py:190} INFO - [2024-11-13T21:35:00.123+0000] {override.py:1911} INFO - Created Permission View: can delete on DAG Run:latest_only_with_trigger
[2024-11-13T21:35:00.128+0000] {logging_mixin.py:190} INFO - [2024-11-13T21:35:00.128+0000] {override.py:1911} INFO - Created Permission View: menu access on DAG Run:latest_only_with_trigger
[2024-11-13T21:35:00.132+0000] {logging_mixin.py:190} INFO - [2024-11-13T21:35:00.132+0000] {override.py:1911} INFO - Created Permission View: can read on DAG Run:latest_only_with_trigger
[2024-11-13T21:35:00.133+0000] {logging_mixin.py:190} INFO - [2024-11-13T21:35:00.132+0000] {dag.py:3239} INFO - Sync 1 DAGs
[2024-11-13T21:35:00.143+0000] {logging_mixin.py:190} INFO - [2024-11-13T21:35:00.143+0000] {dag.py:3262} INFO - Creating ORM DAG for latest_only_with_trigger
[2024-11-13T21:35:00.182+0000] {logging_mixin.py:190} INFO - [2024-11-13T21:35:00.182+0000] {dag.py:4180} INFO - Setting next_dagrun for latest_only_with_trigger to 2024-11-13 16:00:00+00:00, run_after=2024-11-13 20:00:00+00:00
[2024-11-13T21:35:00.192+0000] {processor.py:208} INFO - Processing /home/airflow/.local/lib/python3.12/site-packages/airflow/example_dags/example_latest_only_with_trigger.py took 0.251 seconds
[2024-11-13T21:35:30.483+0000] {processor.py:186} INFO - Started process (PID=107) to work on /home/airflow/.local/lib/python3.12/site-packages/airflow/example_dags/example_latest_only_with_trigger.py
[2024-11-13T21:35:30.483+0000] {processor.py:914} INFO - Processing file /home/airflow/.local/lib/python3.12/site-packages/airflow/example_dags/example_latest_only_with_trigger.py for tasks to queue
[2024-11-13T21:35:30.485+0000] {logging_mixin.py:190} INFO - [2024-11-13T21:35:30.485+0000] {dagbag.py:588} INFO - Filling up the DagBag from /home/airflow/.local/lib/python3.12/site-packages/airflow/example_dags/example_latest_only_with_trigger.py
[2024-11-13T21:35:30.495+0000] {processor.py:925} INFO - DAG(s) 'latest_only_with_trigger' retrieved from /home/airflow/.local/lib/python3.12/site-packages/airflow/example_dags/example_latest_only_with_trigger.py
[2024-11-13T21:35:30.515+0000] {logging_mixin.py:190} INFO - [2024-11-13T21:35:30.514+0000] {dag.py:3239} INFO - Sync 1 DAGs
[2024-11-13T21:35:30.545+0000] {logging_mixin.py:190} INFO - [2024-11-13T21:35:30.545+0000] {dag.py:4180} INFO - Setting next_dagrun for latest_only_with_trigger to 2024-11-13 16:00:00+00:00, run_after=2024-11-13 20:00:00+00:00
[2024-11-13T21:35:30.554+0000] {processor.py:208} INFO - Processing /home/airflow/.local/lib/python3.12/site-packages/airflow/example_dags/example_latest_only_with_trigger.py took 0.077 seconds
[2024-11-13T21:36:01.200+0000] {processor.py:186} INFO - Started process (PID=174) to work on /home/airflow/.local/lib/python3.12/site-packages/airflow/example_dags/example_latest_only_with_trigger.py
[2024-11-13T21:36:01.201+0000] {processor.py:914} INFO - Processing file /home/airflow/.local/lib/python3.12/site-packages/airflow/example_dags/example_latest_only_with_trigger.py for tasks to queue
[2024-11-13T21:36:01.204+0000] {logging_mixin.py:190} INFO - [2024-11-13T21:36:01.203+0000] {dagbag.py:588} INFO - Filling up the DagBag from /home/airflow/.local/lib/python3.12/site-packages/airflow/example_dags/example_latest_only_with_trigger.py
[2024-11-13T21:36:01.211+0000] {processor.py:925} INFO - DAG(s) 'latest_only_with_trigger' retrieved from /home/airflow/.local/lib/python3.12/site-packages/airflow/example_dags/example_latest_only_with_trigger.py
[2024-11-13T21:36:01.228+0000] {logging_mixin.py:190} INFO - [2024-11-13T21:36:01.228+0000] {dag.py:3239} INFO - Sync 1 DAGs
[2024-11-13T21:36:01.241+0000] {logging_mixin.py:190} INFO - [2024-11-13T21:36:01.241+0000] {dag.py:4180} INFO - Setting next_dagrun for latest_only_with_trigger to 2024-11-13 16:00:00+00:00, run_after=2024-11-13 20:00:00+00:00
[2024-11-13T21:36:01.253+0000] {processor.py:208} INFO - Processing /home/airflow/.local/lib/python3.12/site-packages/airflow/example_dags/example_latest_only_with_trigger.py took 0.058 seconds
[2024-11-13T21:36:31.726+0000] {processor.py:186} INFO - Started process (PID=237) to work on /home/airflow/.local/lib/python3.12/site-packages/airflow/example_dags/example_latest_only_with_trigger.py
[2024-11-13T21:36:31.727+0000] {processor.py:914} INFO - Processing file /home/airflow/.local/lib/python3.12/site-packages/airflow/example_dags/example_latest_only_with_trigger.py for tasks to queue
[2024-11-13T21:36:31.729+0000] {logging_mixin.py:190} INFO - [2024-11-13T21:36:31.729+0000] {dagbag.py:588} INFO - Filling up the DagBag from /home/airflow/.local/lib/python3.12/site-packages/airflow/example_dags/example_latest_only_with_trigger.py
[2024-11-13T21:36:31.736+0000] {processor.py:925} INFO - DAG(s) 'latest_only_with_trigger' retrieved from /home/airflow/.local/lib/python3.12/site-packages/airflow/example_dags/example_latest_only_with_trigger.py
[2024-11-13T21:36:31.753+0000] {logging_mixin.py:190} INFO - [2024-11-13T21:36:31.753+0000] {dag.py:3239} INFO - Sync 1 DAGs
[2024-11-13T21:36:31.767+0000] {logging_mixin.py:190} INFO - [2024-11-13T21:36:31.767+0000] {dag.py:4180} INFO - Setting next_dagrun for latest_only_with_trigger to 2024-11-13 16:00:00+00:00, run_after=2024-11-13 20:00:00+00:00
[2024-11-13T21:36:31.778+0000] {processor.py:208} INFO - Processing /home/airflow/.local/lib/python3.12/site-packages/airflow/example_dags/example_latest_only_with_trigger.py took 0.057 seconds
[2024-11-13T21:37:02.217+0000] {processor.py:186} INFO - Started process (PID=300) to work on /home/airflow/.local/lib/python3.12/site-packages/airflow/example_dags/example_latest_only_with_trigger.py
[2024-11-13T21:37:02.217+0000] {processor.py:914} INFO - Processing file /home/airflow/.local/lib/python3.12/site-packages/airflow/example_dags/example_latest_only_with_trigger.py for tasks to queue
[2024-11-13T21:37:02.219+0000] {logging_mixin.py:190} INFO - [2024-11-13T21:37:02.219+0000] {dagbag.py:588} INFO - Filling up the DagBag from /home/airflow/.local/lib/python3.12/site-packages/airflow/example_dags/example_latest_only_with_trigger.py
[2024-11-13T21:37:02.224+0000] {processor.py:925} INFO - DAG(s) 'latest_only_with_trigger' retrieved from /home/airflow/.local/lib/python3.12/site-packages/airflow/example_dags/example_latest_only_with_trigger.py
[2024-11-13T21:37:02.237+0000] {logging_mixin.py:190} INFO - [2024-11-13T21:37:02.237+0000] {dag.py:3239} INFO - Sync 1 DAGs
[2024-11-13T21:37:02.249+0000] {logging_mixin.py:190} INFO - [2024-11-13T21:37:02.249+0000] {dag.py:4180} INFO - Setting next_dagrun for latest_only_with_trigger to 2024-11-13 16:00:00+00:00, run_after=2024-11-13 20:00:00+00:00
[2024-11-13T21:37:02.260+0000] {processor.py:208} INFO - Processing /home/airflow/.local/lib/python3.12/site-packages/airflow/example_dags/example_latest_only_with_trigger.py took 0.047 seconds
[2024-11-13T21:37:32.667+0000] {processor.py:186} INFO - Started process (PID=363) to work on /home/airflow/.local/lib/python3.12/site-packages/airflow/example_dags/example_latest_only_with_trigger.py
[2024-11-13T21:37:32.667+0000] {processor.py:914} INFO - Processing file /home/airflow/.local/lib/python3.12/site-packages/airflow/example_dags/example_latest_only_with_trigger.py for tasks to queue
[2024-11-13T21:37:32.669+0000] {logging_mixin.py:190} INFO - [2024-11-13T21:37:32.669+0000] {dagbag.py:588} INFO - Filling up the DagBag from /home/airflow/.local/lib/python3.12/site-packages/airflow/example_dags/example_latest_only_with_trigger.py
[2024-11-13T21:37:32.673+0000] {processor.py:925} INFO - DAG(s) 'latest_only_with_trigger' retrieved from /home/airflow/.local/lib/python3.12/site-packages/airflow/example_dags/example_latest_only_with_trigger.py
[2024-11-13T21:37:32.685+0000] {logging_mixin.py:190} INFO - [2024-11-13T21:37:32.685+0000] {dag.py:3239} INFO - Sync 1 DAGs
[2024-11-13T21:37:32.695+0000] {logging_mixin.py:190} INFO - [2024-11-13T21:37:32.695+0000] {dag.py:4180} INFO - Setting next_dagrun for latest_only_with_trigger to 2024-11-13 16:00:00+00:00, run_after=2024-11-13 20:00:00+00:00
[2024-11-13T21:37:32.704+0000] {processor.py:208} INFO - Processing /home/airflow/.local/lib/python3.12/site-packages/airflow/example_dags/example_latest_only_with_trigger.py took 0.040 seconds
[2024-11-13T21:38:03.081+0000] {processor.py:186} INFO - Started process (PID=426) to work on /home/airflow/.local/lib/python3.12/site-packages/airflow/example_dags/example_latest_only_with_trigger.py
[2024-11-13T21:38:03.082+0000] {processor.py:914} INFO - Processing file /home/airflow/.local/lib/python3.12/site-packages/airflow/example_dags/example_latest_only_with_trigger.py for tasks to queue
[2024-11-13T21:38:03.085+0000] {logging_mixin.py:190} INFO - [2024-11-13T21:38:03.085+0000] {dagbag.py:588} INFO - Filling up the DagBag from /home/airflow/.local/lib/python3.12/site-packages/airflow/example_dags/example_latest_only_with_trigger.py
[2024-11-13T21:38:03.091+0000] {processor.py:925} INFO - DAG(s) 'latest_only_with_trigger' retrieved from /home/airflow/.local/lib/python3.12/site-packages/airflow/example_dags/example_latest_only_with_trigger.py
[2024-11-13T21:38:03.104+0000] {logging_mixin.py:190} INFO - [2024-11-13T21:38:03.103+0000] {dag.py:3239} INFO - Sync 1 DAGs
[2024-11-13T21:38:03.119+0000] {logging_mixin.py:190} INFO - [2024-11-13T21:38:03.119+0000] {dag.py:4180} INFO - Setting next_dagrun for latest_only_with_trigger to 2024-11-13 16:00:00+00:00, run_after=2024-11-13 20:00:00+00:00
[2024-11-13T21:38:03.131+0000] {processor.py:208} INFO - Processing /home/airflow/.local/lib/python3.12/site-packages/airflow/example_dags/example_latest_only_with_trigger.py took 0.055 seconds
[2024-11-13T23:40:17.853+0000] {processor.py:186} INFO - Started process (PID=38) to work on /home/airflow/.local/lib/python3.12/site-packages/airflow/example_dags/example_latest_only_with_trigger.py
[2024-11-13T23:40:17.853+0000] {processor.py:914} INFO - Processing file /home/airflow/.local/lib/python3.12/site-packages/airflow/example_dags/example_latest_only_with_trigger.py for tasks to queue
[2024-11-13T23:40:17.855+0000] {logging_mixin.py:190} INFO - [2024-11-13T23:40:17.855+0000] {dagbag.py:588} INFO - Filling up the DagBag from /home/airflow/.local/lib/python3.12/site-packages/airflow/example_dags/example_latest_only_with_trigger.py
[2024-11-13T23:40:17.859+0000] {processor.py:925} INFO - DAG(s) 'latest_only_with_trigger' retrieved from /home/airflow/.local/lib/python3.12/site-packages/airflow/example_dags/example_latest_only_with_trigger.py
[2024-11-13T23:40:17.902+0000] {logging_mixin.py:190} INFO - [2024-11-13T23:40:17.902+0000] {override.py:1911} INFO - Created Permission View: can edit on DAG:latest_only_with_trigger
[2024-11-13T23:40:17.905+0000] {logging_mixin.py:190} INFO - [2024-11-13T23:40:17.905+0000] {override.py:1911} INFO - Created Permission View: can delete on DAG:latest_only_with_trigger
[2024-11-13T23:40:17.908+0000] {logging_mixin.py:190} INFO - [2024-11-13T23:40:17.907+0000] {override.py:1911} INFO - Created Permission View: can read on DAG:latest_only_with_trigger
[2024-11-13T23:40:17.913+0000] {logging_mixin.py:190} INFO - [2024-11-13T23:40:17.913+0000] {override.py:1911} INFO - Created Permission View: can delete on DAG Run:latest_only_with_trigger
[2024-11-13T23:40:17.915+0000] {logging_mixin.py:190} INFO - [2024-11-13T23:40:17.915+0000] {override.py:1911} INFO - Created Permission View: menu access on DAG Run:latest_only_with_trigger
[2024-11-13T23:40:17.918+0000] {logging_mixin.py:190} INFO - [2024-11-13T23:40:17.917+0000] {override.py:1911} INFO - Created Permission View: can read on DAG Run:latest_only_with_trigger
[2024-11-13T23:40:17.922+0000] {logging_mixin.py:190} INFO - [2024-11-13T23:40:17.921+0000] {override.py:1911} INFO - Created Permission View: can create on DAG Run:latest_only_with_trigger
[2024-11-13T23:40:17.922+0000] {logging_mixin.py:190} INFO - [2024-11-13T23:40:17.922+0000] {dag.py:3239} INFO - Sync 1 DAGs
[2024-11-13T23:40:17.927+0000] {logging_mixin.py:190} INFO - [2024-11-13T23:40:17.927+0000] {dag.py:3262} INFO - Creating ORM DAG for latest_only_with_trigger
[2024-11-13T23:40:17.932+0000] {logging_mixin.py:190} INFO - [2024-11-13T23:40:17.932+0000] {dag.py:4180} INFO - Setting next_dagrun for latest_only_with_trigger to 2024-11-13 16:00:00+00:00, run_after=2024-11-13 20:00:00+00:00
[2024-11-13T23:40:17.938+0000] {processor.py:208} INFO - Processing /home/airflow/.local/lib/python3.12/site-packages/airflow/example_dags/example_latest_only_with_trigger.py took 0.087 seconds
[2024-11-13T23:40:48.631+0000] {processor.py:186} INFO - Started process (PID=100) to work on /home/airflow/.local/lib/python3.12/site-packages/airflow/example_dags/example_latest_only_with_trigger.py
[2024-11-13T23:40:48.631+0000] {processor.py:914} INFO - Processing file /home/airflow/.local/lib/python3.12/site-packages/airflow/example_dags/example_latest_only_with_trigger.py for tasks to queue
[2024-11-13T23:40:48.633+0000] {logging_mixin.py:190} INFO - [2024-11-13T23:40:48.633+0000] {dagbag.py:588} INFO - Filling up the DagBag from /home/airflow/.local/lib/python3.12/site-packages/airflow/example_dags/example_latest_only_with_trigger.py
[2024-11-13T23:40:48.639+0000] {processor.py:925} INFO - DAG(s) 'latest_only_with_trigger' retrieved from /home/airflow/.local/lib/python3.12/site-packages/airflow/example_dags/example_latest_only_with_trigger.py
[2024-11-13T23:40:48.654+0000] {logging_mixin.py:190} INFO - [2024-11-13T23:40:48.654+0000] {dag.py:3239} INFO - Sync 1 DAGs
[2024-11-13T23:40:48.666+0000] {logging_mixin.py:190} INFO - [2024-11-13T23:40:48.666+0000] {dag.py:4180} INFO - Setting next_dagrun for latest_only_with_trigger to 2024-11-13 16:00:00+00:00, run_after=2024-11-13 20:00:00+00:00
[2024-11-13T23:40:48.676+0000] {processor.py:208} INFO - Processing /home/airflow/.local/lib/python3.12/site-packages/airflow/example_dags/example_latest_only_with_trigger.py took 0.050 seconds
[2024-11-13T23:41:19.005+0000] {processor.py:186} INFO - Started process (PID=162) to work on /home/airflow/.local/lib/python3.12/site-packages/airflow/example_dags/example_latest_only_with_trigger.py
[2024-11-13T23:41:19.007+0000] {processor.py:914} INFO - Processing file /home/airflow/.local/lib/python3.12/site-packages/airflow/example_dags/example_latest_only_with_trigger.py for tasks to queue
[2024-11-13T23:41:19.011+0000] {logging_mixin.py:190} INFO - [2024-11-13T23:41:19.011+0000] {dagbag.py:588} INFO - Filling up the DagBag from /home/airflow/.local/lib/python3.12/site-packages/airflow/example_dags/example_latest_only_with_trigger.py
[2024-11-13T23:41:19.017+0000] {processor.py:925} INFO - DAG(s) 'latest_only_with_trigger' retrieved from /home/airflow/.local/lib/python3.12/site-packages/airflow/example_dags/example_latest_only_with_trigger.py
[2024-11-13T23:41:19.034+0000] {logging_mixin.py:190} INFO - [2024-11-13T23:41:19.034+0000] {dag.py:3239} INFO - Sync 1 DAGs
[2024-11-13T23:41:19.048+0000] {logging_mixin.py:190} INFO - [2024-11-13T23:41:19.048+0000] {dag.py:4180} INFO - Setting next_dagrun for latest_only_with_trigger to 2024-11-13 16:00:00+00:00, run_after=2024-11-13 20:00:00+00:00
[2024-11-13T23:41:19.060+0000] {processor.py:208} INFO - Processing /home/airflow/.local/lib/python3.12/site-packages/airflow/example_dags/example_latest_only_with_trigger.py took 0.060 seconds
[2024-11-13T23:41:49.311+0000] {processor.py:186} INFO - Started process (PID=225) to work on /home/airflow/.local/lib/python3.12/site-packages/airflow/example_dags/example_latest_only_with_trigger.py
[2024-11-13T23:41:49.312+0000] {processor.py:914} INFO - Processing file /home/airflow/.local/lib/python3.12/site-packages/airflow/example_dags/example_latest_only_with_trigger.py for tasks to queue
[2024-11-13T23:41:49.315+0000] {logging_mixin.py:190} INFO - [2024-11-13T23:41:49.315+0000] {dagbag.py:588} INFO - Filling up the DagBag from /home/airflow/.local/lib/python3.12/site-packages/airflow/example_dags/example_latest_only_with_trigger.py
[2024-11-13T23:41:49.324+0000] {processor.py:925} INFO - DAG(s) 'latest_only_with_trigger' retrieved from /home/airflow/.local/lib/python3.12/site-packages/airflow/example_dags/example_latest_only_with_trigger.py
[2024-11-13T23:41:49.344+0000] {logging_mixin.py:190} INFO - [2024-11-13T23:41:49.344+0000] {dag.py:3239} INFO - Sync 1 DAGs
[2024-11-13T23:41:49.362+0000] {logging_mixin.py:190} INFO - [2024-11-13T23:41:49.362+0000] {dag.py:4180} INFO - Setting next_dagrun for latest_only_with_trigger to 2024-11-13 16:00:00+00:00, run_after=2024-11-13 20:00:00+00:00
[2024-11-13T23:41:49.375+0000] {processor.py:208} INFO - Processing /home/airflow/.local/lib/python3.12/site-packages/airflow/example_dags/example_latest_only_with_trigger.py took 0.071 seconds
[2024-11-13T23:42:19.792+0000] {processor.py:186} INFO - Started process (PID=288) to work on /home/airflow/.local/lib/python3.12/site-packages/airflow/example_dags/example_latest_only_with_trigger.py
[2024-11-13T23:42:19.794+0000] {processor.py:914} INFO - Processing file /home/airflow/.local/lib/python3.12/site-packages/airflow/example_dags/example_latest_only_with_trigger.py for tasks to queue
[2024-11-13T23:42:19.796+0000] {logging_mixin.py:190} INFO - [2024-11-13T23:42:19.796+0000] {dagbag.py:588} INFO - Filling up the DagBag from /home/airflow/.local/lib/python3.12/site-packages/airflow/example_dags/example_latest_only_with_trigger.py
[2024-11-13T23:42:19.802+0000] {processor.py:925} INFO - DAG(s) 'latest_only_with_trigger' retrieved from /home/airflow/.local/lib/python3.12/site-packages/airflow/example_dags/example_latest_only_with_trigger.py
[2024-11-13T23:42:19.816+0000] {logging_mixin.py:190} INFO - [2024-11-13T23:42:19.816+0000] {dag.py:3239} INFO - Sync 1 DAGs
[2024-11-13T23:42:19.830+0000] {logging_mixin.py:190} INFO - [2024-11-13T23:42:19.830+0000] {dag.py:4180} INFO - Setting next_dagrun for latest_only_with_trigger to 2024-11-13 16:00:00+00:00, run_after=2024-11-13 20:00:00+00:00
[2024-11-13T23:42:19.841+0000] {processor.py:208} INFO - Processing /home/airflow/.local/lib/python3.12/site-packages/airflow/example_dags/example_latest_only_with_trigger.py took 0.055 seconds
[2024-11-13T23:42:50.231+0000] {processor.py:186} INFO - Started process (PID=351) to work on /home/airflow/.local/lib/python3.12/site-packages/airflow/example_dags/example_latest_only_with_trigger.py
[2024-11-13T23:42:50.233+0000] {processor.py:914} INFO - Processing file /home/airflow/.local/lib/python3.12/site-packages/airflow/example_dags/example_latest_only_with_trigger.py for tasks to queue
[2024-11-13T23:42:50.237+0000] {logging_mixin.py:190} INFO - [2024-11-13T23:42:50.236+0000] {dagbag.py:588} INFO - Filling up the DagBag from /home/airflow/.local/lib/python3.12/site-packages/airflow/example_dags/example_latest_only_with_trigger.py
[2024-11-13T23:42:50.245+0000] {processor.py:925} INFO - DAG(s) 'latest_only_with_trigger' retrieved from /home/airflow/.local/lib/python3.12/site-packages/airflow/example_dags/example_latest_only_with_trigger.py
[2024-11-13T23:42:50.262+0000] {logging_mixin.py:190} INFO - [2024-11-13T23:42:50.262+0000] {dag.py:3239} INFO - Sync 1 DAGs
[2024-11-13T23:42:50.280+0000] {logging_mixin.py:190} INFO - [2024-11-13T23:42:50.280+0000] {dag.py:4180} INFO - Setting next_dagrun for latest_only_with_trigger to 2024-11-13 16:00:00+00:00, run_after=2024-11-13 20:00:00+00:00
[2024-11-13T23:42:50.291+0000] {processor.py:208} INFO - Processing /home/airflow/.local/lib/python3.12/site-packages/airflow/example_dags/example_latest_only_with_trigger.py took 0.066 seconds
[2024-11-13T23:43:20.594+0000] {processor.py:186} INFO - Started process (PID=414) to work on /home/airflow/.local/lib/python3.12/site-packages/airflow/example_dags/example_latest_only_with_trigger.py
[2024-11-13T23:43:20.596+0000] {processor.py:914} INFO - Processing file /home/airflow/.local/lib/python3.12/site-packages/airflow/example_dags/example_latest_only_with_trigger.py for tasks to queue
[2024-11-13T23:43:20.599+0000] {logging_mixin.py:190} INFO - [2024-11-13T23:43:20.599+0000] {dagbag.py:588} INFO - Filling up the DagBag from /home/airflow/.local/lib/python3.12/site-packages/airflow/example_dags/example_latest_only_with_trigger.py
[2024-11-13T23:43:20.605+0000] {processor.py:925} INFO - DAG(s) 'latest_only_with_trigger' retrieved from /home/airflow/.local/lib/python3.12/site-packages/airflow/example_dags/example_latest_only_with_trigger.py
[2024-11-13T23:43:20.621+0000] {logging_mixin.py:190} INFO - [2024-11-13T23:43:20.620+0000] {dag.py:3239} INFO - Sync 1 DAGs
[2024-11-13T23:43:20.633+0000] {logging_mixin.py:190} INFO - [2024-11-13T23:43:20.633+0000] {dag.py:4180} INFO - Setting next_dagrun for latest_only_with_trigger to 2024-11-13 16:00:00+00:00, run_after=2024-11-13 20:00:00+00:00
[2024-11-13T23:43:20.646+0000] {processor.py:208} INFO - Processing /home/airflow/.local/lib/python3.12/site-packages/airflow/example_dags/example_latest_only_with_trigger.py took 0.056 seconds
[2024-11-13T23:43:50.815+0000] {processor.py:186} INFO - Started process (PID=477) to work on /home/airflow/.local/lib/python3.12/site-packages/airflow/example_dags/example_latest_only_with_trigger.py
[2024-11-13T23:43:50.816+0000] {processor.py:914} INFO - Processing file /home/airflow/.local/lib/python3.12/site-packages/airflow/example_dags/example_latest_only_with_trigger.py for tasks to queue
[2024-11-13T23:43:50.818+0000] {logging_mixin.py:190} INFO - [2024-11-13T23:43:50.818+0000] {dagbag.py:588} INFO - Filling up the DagBag from /home/airflow/.local/lib/python3.12/site-packages/airflow/example_dags/example_latest_only_with_trigger.py
[2024-11-13T23:43:50.824+0000] {processor.py:925} INFO - DAG(s) 'latest_only_with_trigger' retrieved from /home/airflow/.local/lib/python3.12/site-packages/airflow/example_dags/example_latest_only_with_trigger.py
[2024-11-13T23:43:50.840+0000] {logging_mixin.py:190} INFO - [2024-11-13T23:43:50.840+0000] {dag.py:3239} INFO - Sync 1 DAGs
[2024-11-13T23:43:50.853+0000] {logging_mixin.py:190} INFO - [2024-11-13T23:43:50.853+0000] {dag.py:4180} INFO - Setting next_dagrun for latest_only_with_trigger to 2024-11-13 16:00:00+00:00, run_after=2024-11-13 20:00:00+00:00
[2024-11-13T23:43:50.864+0000] {processor.py:208} INFO - Processing /home/airflow/.local/lib/python3.12/site-packages/airflow/example_dags/example_latest_only_with_trigger.py took 0.053 seconds
[2024-11-13T23:44:21.095+0000] {processor.py:186} INFO - Started process (PID=540) to work on /home/airflow/.local/lib/python3.12/site-packages/airflow/example_dags/example_latest_only_with_trigger.py
[2024-11-13T23:44:21.098+0000] {processor.py:914} INFO - Processing file /home/airflow/.local/lib/python3.12/site-packages/airflow/example_dags/example_latest_only_with_trigger.py for tasks to queue
[2024-11-13T23:44:21.101+0000] {logging_mixin.py:190} INFO - [2024-11-13T23:44:21.101+0000] {dagbag.py:588} INFO - Filling up the DagBag from /home/airflow/.local/lib/python3.12/site-packages/airflow/example_dags/example_latest_only_with_trigger.py
[2024-11-13T23:44:21.107+0000] {processor.py:925} INFO - DAG(s) 'latest_only_with_trigger' retrieved from /home/airflow/.local/lib/python3.12/site-packages/airflow/example_dags/example_latest_only_with_trigger.py
[2024-11-13T23:44:21.121+0000] {logging_mixin.py:190} INFO - [2024-11-13T23:44:21.121+0000] {dag.py:3239} INFO - Sync 1 DAGs
[2024-11-13T23:44:21.137+0000] {logging_mixin.py:190} INFO - [2024-11-13T23:44:21.137+0000] {dag.py:4180} INFO - Setting next_dagrun for latest_only_with_trigger to 2024-11-13 16:00:00+00:00, run_after=2024-11-13 20:00:00+00:00
[2024-11-13T23:44:21.147+0000] {processor.py:208} INFO - Processing /home/airflow/.local/lib/python3.12/site-packages/airflow/example_dags/example_latest_only_with_trigger.py took 0.057 seconds
[2024-11-13T23:44:51.360+0000] {processor.py:186} INFO - Started process (PID=603) to work on /home/airflow/.local/lib/python3.12/site-packages/airflow/example_dags/example_latest_only_with_trigger.py
[2024-11-13T23:44:51.360+0000] {processor.py:914} INFO - Processing file /home/airflow/.local/lib/python3.12/site-packages/airflow/example_dags/example_latest_only_with_trigger.py for tasks to queue
[2024-11-13T23:44:51.366+0000] {logging_mixin.py:190} INFO - [2024-11-13T23:44:51.366+0000] {dagbag.py:588} INFO - Filling up the DagBag from /home/airflow/.local/lib/python3.12/site-packages/airflow/example_dags/example_latest_only_with_trigger.py
[2024-11-13T23:44:51.376+0000] {processor.py:925} INFO - DAG(s) 'latest_only_with_trigger' retrieved from /home/airflow/.local/lib/python3.12/site-packages/airflow/example_dags/example_latest_only_with_trigger.py
[2024-11-13T23:44:51.391+0000] {logging_mixin.py:190} INFO - [2024-11-13T23:44:51.391+0000] {dag.py:3239} INFO - Sync 1 DAGs
[2024-11-13T23:44:51.411+0000] {logging_mixin.py:190} INFO - [2024-11-13T23:44:51.411+0000] {dag.py:4180} INFO - Setting next_dagrun for latest_only_with_trigger to 2024-11-13 16:00:00+00:00, run_after=2024-11-13 20:00:00+00:00
[2024-11-13T23:44:51.424+0000] {processor.py:208} INFO - Processing /home/airflow/.local/lib/python3.12/site-packages/airflow/example_dags/example_latest_only_with_trigger.py took 0.070 seconds
[2024-11-13T23:45:21.625+0000] {processor.py:186} INFO - Started process (PID=672) to work on /home/airflow/.local/lib/python3.12/site-packages/airflow/example_dags/example_latest_only_with_trigger.py
[2024-11-13T23:45:21.626+0000] {processor.py:914} INFO - Processing file /home/airflow/.local/lib/python3.12/site-packages/airflow/example_dags/example_latest_only_with_trigger.py for tasks to queue
[2024-11-13T23:45:21.628+0000] {logging_mixin.py:190} INFO - [2024-11-13T23:45:21.627+0000] {dagbag.py:588} INFO - Filling up the DagBag from /home/airflow/.local/lib/python3.12/site-packages/airflow/example_dags/example_latest_only_with_trigger.py
[2024-11-13T23:45:21.632+0000] {processor.py:925} INFO - DAG(s) 'latest_only_with_trigger' retrieved from /home/airflow/.local/lib/python3.12/site-packages/airflow/example_dags/example_latest_only_with_trigger.py
[2024-11-13T23:45:21.647+0000] {logging_mixin.py:190} INFO - [2024-11-13T23:45:21.647+0000] {dag.py:3239} INFO - Sync 1 DAGs
[2024-11-13T23:45:21.659+0000] {logging_mixin.py:190} INFO - [2024-11-13T23:45:21.659+0000] {dag.py:4180} INFO - Setting next_dagrun for latest_only_with_trigger to 2024-11-13 16:00:00+00:00, run_after=2024-11-13 20:00:00+00:00
[2024-11-13T23:45:21.667+0000] {processor.py:208} INFO - Processing /home/airflow/.local/lib/python3.12/site-packages/airflow/example_dags/example_latest_only_with_trigger.py took 0.046 seconds
[2024-11-13T23:45:51.823+0000] {processor.py:186} INFO - Started process (PID=735) to work on /home/airflow/.local/lib/python3.12/site-packages/airflow/example_dags/example_latest_only_with_trigger.py
[2024-11-13T23:45:51.824+0000] {processor.py:914} INFO - Processing file /home/airflow/.local/lib/python3.12/site-packages/airflow/example_dags/example_latest_only_with_trigger.py for tasks to queue
[2024-11-13T23:45:51.825+0000] {logging_mixin.py:190} INFO - [2024-11-13T23:45:51.825+0000] {dagbag.py:588} INFO - Filling up the DagBag from /home/airflow/.local/lib/python3.12/site-packages/airflow/example_dags/example_latest_only_with_trigger.py
[2024-11-13T23:45:51.829+0000] {processor.py:925} INFO - DAG(s) 'latest_only_with_trigger' retrieved from /home/airflow/.local/lib/python3.12/site-packages/airflow/example_dags/example_latest_only_with_trigger.py
[2024-11-13T23:45:51.839+0000] {logging_mixin.py:190} INFO - [2024-11-13T23:45:51.838+0000] {dag.py:3239} INFO - Sync 1 DAGs
[2024-11-13T23:45:51.851+0000] {logging_mixin.py:190} INFO - [2024-11-13T23:45:51.851+0000] {dag.py:4180} INFO - Setting next_dagrun for latest_only_with_trigger to 2024-11-13 16:00:00+00:00, run_after=2024-11-13 20:00:00+00:00
[2024-11-13T23:45:51.859+0000] {processor.py:208} INFO - Processing /home/airflow/.local/lib/python3.12/site-packages/airflow/example_dags/example_latest_only_with_trigger.py took 0.038 seconds
[2024-11-13T23:46:21.998+0000] {processor.py:186} INFO - Started process (PID=798) to work on /home/airflow/.local/lib/python3.12/site-packages/airflow/example_dags/example_latest_only_with_trigger.py
[2024-11-13T23:46:21.999+0000] {processor.py:914} INFO - Processing file /home/airflow/.local/lib/python3.12/site-packages/airflow/example_dags/example_latest_only_with_trigger.py for tasks to queue
[2024-11-13T23:46:22.001+0000] {logging_mixin.py:190} INFO - [2024-11-13T23:46:22.000+0000] {dagbag.py:588} INFO - Filling up the DagBag from /home/airflow/.local/lib/python3.12/site-packages/airflow/example_dags/example_latest_only_with_trigger.py
[2024-11-13T23:46:22.006+0000] {processor.py:925} INFO - DAG(s) 'latest_only_with_trigger' retrieved from /home/airflow/.local/lib/python3.12/site-packages/airflow/example_dags/example_latest_only_with_trigger.py
[2024-11-13T23:46:22.019+0000] {logging_mixin.py:190} INFO - [2024-11-13T23:46:22.019+0000] {dag.py:3239} INFO - Sync 1 DAGs
[2024-11-13T23:46:22.032+0000] {logging_mixin.py:190} INFO - [2024-11-13T23:46:22.032+0000] {dag.py:4180} INFO - Setting next_dagrun for latest_only_with_trigger to 2024-11-13 16:00:00+00:00, run_after=2024-11-13 20:00:00+00:00
[2024-11-13T23:46:22.044+0000] {processor.py:208} INFO - Processing /home/airflow/.local/lib/python3.12/site-packages/airflow/example_dags/example_latest_only_with_trigger.py took 0.049 seconds
[2024-11-13T23:46:52.356+0000] {processor.py:186} INFO - Started process (PID=861) to work on /home/airflow/.local/lib/python3.12/site-packages/airflow/example_dags/example_latest_only_with_trigger.py
[2024-11-13T23:46:52.357+0000] {processor.py:914} INFO - Processing file /home/airflow/.local/lib/python3.12/site-packages/airflow/example_dags/example_latest_only_with_trigger.py for tasks to queue
[2024-11-13T23:46:52.358+0000] {logging_mixin.py:190} INFO - [2024-11-13T23:46:52.358+0000] {dagbag.py:588} INFO - Filling up the DagBag from /home/airflow/.local/lib/python3.12/site-packages/airflow/example_dags/example_latest_only_with_trigger.py
[2024-11-13T23:46:52.363+0000] {processor.py:925} INFO - DAG(s) 'latest_only_with_trigger' retrieved from /home/airflow/.local/lib/python3.12/site-packages/airflow/example_dags/example_latest_only_with_trigger.py
[2024-11-13T23:46:52.376+0000] {logging_mixin.py:190} INFO - [2024-11-13T23:46:52.376+0000] {dag.py:3239} INFO - Sync 1 DAGs
[2024-11-13T23:46:52.388+0000] {logging_mixin.py:190} INFO - [2024-11-13T23:46:52.388+0000] {dag.py:4180} INFO - Setting next_dagrun for latest_only_with_trigger to 2024-11-13 16:00:00+00:00, run_after=2024-11-13 20:00:00+00:00
[2024-11-13T23:46:52.397+0000] {processor.py:208} INFO - Processing /home/airflow/.local/lib/python3.12/site-packages/airflow/example_dags/example_latest_only_with_trigger.py took 0.045 seconds
[2024-11-13T23:47:22.598+0000] {processor.py:186} INFO - Started process (PID=924) to work on /home/airflow/.local/lib/python3.12/site-packages/airflow/example_dags/example_latest_only_with_trigger.py
[2024-11-13T23:47:22.599+0000] {processor.py:914} INFO - Processing file /home/airflow/.local/lib/python3.12/site-packages/airflow/example_dags/example_latest_only_with_trigger.py for tasks to queue
[2024-11-13T23:47:22.601+0000] {logging_mixin.py:190} INFO - [2024-11-13T23:47:22.601+0000] {dagbag.py:588} INFO - Filling up the DagBag from /home/airflow/.local/lib/python3.12/site-packages/airflow/example_dags/example_latest_only_with_trigger.py
[2024-11-13T23:47:22.607+0000] {processor.py:925} INFO - DAG(s) 'latest_only_with_trigger' retrieved from /home/airflow/.local/lib/python3.12/site-packages/airflow/example_dags/example_latest_only_with_trigger.py
[2024-11-13T23:47:22.623+0000] {logging_mixin.py:190} INFO - [2024-11-13T23:47:22.623+0000] {dag.py:3239} INFO - Sync 1 DAGs
[2024-11-13T23:47:22.636+0000] {logging_mixin.py:190} INFO - [2024-11-13T23:47:22.635+0000] {dag.py:4180} INFO - Setting next_dagrun for latest_only_with_trigger to 2024-11-13 16:00:00+00:00, run_after=2024-11-13 20:00:00+00:00
[2024-11-13T23:47:22.646+0000] {processor.py:208} INFO - Processing /home/airflow/.local/lib/python3.12/site-packages/airflow/example_dags/example_latest_only_with_trigger.py took 0.052 seconds
