[2024-11-13T21:28:27.587+0000] {processor.py:186} INFO - Started process (PID=58) to work on /home/airflow/.local/lib/python3.12/site-packages/airflow/example_dags/example_nested_branch_dag.py
[2024-11-13T21:28:27.587+0000] {processor.py:914} INFO - Processing file /home/airflow/.local/lib/python3.12/site-packages/airflow/example_dags/example_nested_branch_dag.py for tasks to queue
[2024-11-13T21:28:27.588+0000] {logging_mixin.py:190} INFO - [2024-11-13T21:28:27.588+0000] {dagbag.py:588} INFO - Filling up the DagBag from /home/airflow/.local/lib/python3.12/site-packages/airflow/example_dags/example_nested_branch_dag.py
[2024-11-13T21:28:27.594+0000] {processor.py:925} INFO - DAG(s) 'example_nested_branch_dag' retrieved from /home/airflow/.local/lib/python3.12/site-packages/airflow/example_dags/example_nested_branch_dag.py
[2024-11-13T21:28:27.638+0000] {logging_mixin.py:190} INFO - [2024-11-13T21:28:27.638+0000] {override.py:1911} INFO - Created Permission View: can edit on DAG:example_nested_branch_dag
[2024-11-13T21:28:27.643+0000] {logging_mixin.py:190} INFO - [2024-11-13T21:28:27.643+0000] {override.py:1911} INFO - Created Permission View: can read on DAG:example_nested_branch_dag
[2024-11-13T21:28:27.646+0000] {logging_mixin.py:190} INFO - [2024-11-13T21:28:27.645+0000] {override.py:1911} INFO - Created Permission View: can delete on DAG:example_nested_branch_dag
[2024-11-13T21:28:27.648+0000] {logging_mixin.py:190} INFO - [2024-11-13T21:28:27.648+0000] {override.py:1911} INFO - Created Permission View: can delete on DAG Run:example_nested_branch_dag
[2024-11-13T21:28:27.649+0000] {logging_mixin.py:190} INFO - [2024-11-13T21:28:27.649+0000] {override.py:1911} INFO - Created Permission View: can read on DAG Run:example_nested_branch_dag
[2024-11-13T21:28:27.652+0000] {logging_mixin.py:190} INFO - [2024-11-13T21:28:27.652+0000] {override.py:1911} INFO - Created Permission View: menu access on DAG Run:example_nested_branch_dag
[2024-11-13T21:28:27.654+0000] {logging_mixin.py:190} INFO - [2024-11-13T21:28:27.653+0000] {override.py:1911} INFO - Created Permission View: can create on DAG Run:example_nested_branch_dag
[2024-11-13T21:28:27.654+0000] {logging_mixin.py:190} INFO - [2024-11-13T21:28:27.654+0000] {dag.py:3239} INFO - Sync 1 DAGs
[2024-11-13T21:28:27.658+0000] {logging_mixin.py:190} INFO - [2024-11-13T21:28:27.658+0000] {dag.py:3262} INFO - Creating ORM DAG for example_nested_branch_dag
[2024-11-13T21:28:27.662+0000] {logging_mixin.py:190} INFO - [2024-11-13T21:28:27.662+0000] {dag.py:4180} INFO - Setting next_dagrun for example_nested_branch_dag to 2024-11-12 00:00:00+00:00, run_after=2024-11-13 00:00:00+00:00
[2024-11-13T21:28:27.668+0000] {processor.py:208} INFO - Processing /home/airflow/.local/lib/python3.12/site-packages/airflow/example_dags/example_nested_branch_dag.py took 0.084 seconds
[2024-11-13T21:28:57.976+0000] {processor.py:186} INFO - Started process (PID=120) to work on /home/airflow/.local/lib/python3.12/site-packages/airflow/example_dags/example_nested_branch_dag.py
[2024-11-13T21:28:57.976+0000] {processor.py:914} INFO - Processing file /home/airflow/.local/lib/python3.12/site-packages/airflow/example_dags/example_nested_branch_dag.py for tasks to queue
[2024-11-13T21:28:57.977+0000] {logging_mixin.py:190} INFO - [2024-11-13T21:28:57.977+0000] {dagbag.py:588} INFO - Filling up the DagBag from /home/airflow/.local/lib/python3.12/site-packages/airflow/example_dags/example_nested_branch_dag.py
[2024-11-13T21:28:57.983+0000] {processor.py:925} INFO - DAG(s) 'example_nested_branch_dag' retrieved from /home/airflow/.local/lib/python3.12/site-packages/airflow/example_dags/example_nested_branch_dag.py
[2024-11-13T21:28:57.994+0000] {logging_mixin.py:190} INFO - [2024-11-13T21:28:57.993+0000] {dag.py:3239} INFO - Sync 1 DAGs
[2024-11-13T21:28:58.003+0000] {logging_mixin.py:190} INFO - [2024-11-13T21:28:58.003+0000] {dag.py:4180} INFO - Setting next_dagrun for example_nested_branch_dag to 2024-11-12 00:00:00+00:00, run_after=2024-11-13 00:00:00+00:00
[2024-11-13T21:28:58.009+0000] {processor.py:208} INFO - Processing /home/airflow/.local/lib/python3.12/site-packages/airflow/example_dags/example_nested_branch_dag.py took 0.038 seconds
[2024-11-13T21:29:28.488+0000] {processor.py:186} INFO - Started process (PID=183) to work on /home/airflow/.local/lib/python3.12/site-packages/airflow/example_dags/example_nested_branch_dag.py
[2024-11-13T21:29:28.489+0000] {processor.py:914} INFO - Processing file /home/airflow/.local/lib/python3.12/site-packages/airflow/example_dags/example_nested_branch_dag.py for tasks to queue
[2024-11-13T21:29:28.490+0000] {logging_mixin.py:190} INFO - [2024-11-13T21:29:28.490+0000] {dagbag.py:588} INFO - Filling up the DagBag from /home/airflow/.local/lib/python3.12/site-packages/airflow/example_dags/example_nested_branch_dag.py
[2024-11-13T21:29:28.495+0000] {processor.py:925} INFO - DAG(s) 'example_nested_branch_dag' retrieved from /home/airflow/.local/lib/python3.12/site-packages/airflow/example_dags/example_nested_branch_dag.py
[2024-11-13T21:29:28.504+0000] {logging_mixin.py:190} INFO - [2024-11-13T21:29:28.504+0000] {dag.py:3239} INFO - Sync 1 DAGs
[2024-11-13T21:29:28.512+0000] {logging_mixin.py:190} INFO - [2024-11-13T21:29:28.512+0000] {dag.py:4180} INFO - Setting next_dagrun for example_nested_branch_dag to 2024-11-12 00:00:00+00:00, run_after=2024-11-13 00:00:00+00:00
[2024-11-13T21:29:28.518+0000] {processor.py:208} INFO - Processing /home/airflow/.local/lib/python3.12/site-packages/airflow/example_dags/example_nested_branch_dag.py took 0.033 seconds
[2024-11-13T21:29:58.645+0000] {processor.py:186} INFO - Started process (PID=245) to work on /home/airflow/.local/lib/python3.12/site-packages/airflow/example_dags/example_nested_branch_dag.py
[2024-11-13T21:29:58.645+0000] {processor.py:914} INFO - Processing file /home/airflow/.local/lib/python3.12/site-packages/airflow/example_dags/example_nested_branch_dag.py for tasks to queue
[2024-11-13T21:29:58.646+0000] {logging_mixin.py:190} INFO - [2024-11-13T21:29:58.646+0000] {dagbag.py:588} INFO - Filling up the DagBag from /home/airflow/.local/lib/python3.12/site-packages/airflow/example_dags/example_nested_branch_dag.py
[2024-11-13T21:29:58.651+0000] {processor.py:925} INFO - DAG(s) 'example_nested_branch_dag' retrieved from /home/airflow/.local/lib/python3.12/site-packages/airflow/example_dags/example_nested_branch_dag.py
[2024-11-13T21:29:58.659+0000] {logging_mixin.py:190} INFO - [2024-11-13T21:29:58.659+0000] {dag.py:3239} INFO - Sync 1 DAGs
[2024-11-13T21:29:58.668+0000] {logging_mixin.py:190} INFO - [2024-11-13T21:29:58.668+0000] {dag.py:4180} INFO - Setting next_dagrun for example_nested_branch_dag to 2024-11-12 00:00:00+00:00, run_after=2024-11-13 00:00:00+00:00
[2024-11-13T21:29:58.674+0000] {processor.py:208} INFO - Processing /home/airflow/.local/lib/python3.12/site-packages/airflow/example_dags/example_nested_branch_dag.py took 0.032 seconds
[2024-11-13T21:30:28.775+0000] {processor.py:186} INFO - Started process (PID=307) to work on /home/airflow/.local/lib/python3.12/site-packages/airflow/example_dags/example_nested_branch_dag.py
[2024-11-13T21:30:28.776+0000] {processor.py:914} INFO - Processing file /home/airflow/.local/lib/python3.12/site-packages/airflow/example_dags/example_nested_branch_dag.py for tasks to queue
[2024-11-13T21:30:28.777+0000] {logging_mixin.py:190} INFO - [2024-11-13T21:30:28.777+0000] {dagbag.py:588} INFO - Filling up the DagBag from /home/airflow/.local/lib/python3.12/site-packages/airflow/example_dags/example_nested_branch_dag.py
[2024-11-13T21:30:28.782+0000] {processor.py:925} INFO - DAG(s) 'example_nested_branch_dag' retrieved from /home/airflow/.local/lib/python3.12/site-packages/airflow/example_dags/example_nested_branch_dag.py
[2024-11-13T21:30:28.791+0000] {logging_mixin.py:190} INFO - [2024-11-13T21:30:28.791+0000] {dag.py:3239} INFO - Sync 1 DAGs
[2024-11-13T21:30:28.799+0000] {logging_mixin.py:190} INFO - [2024-11-13T21:30:28.799+0000] {dag.py:4180} INFO - Setting next_dagrun for example_nested_branch_dag to 2024-11-12 00:00:00+00:00, run_after=2024-11-13 00:00:00+00:00
[2024-11-13T21:30:28.805+0000] {processor.py:208} INFO - Processing /home/airflow/.local/lib/python3.12/site-packages/airflow/example_dags/example_nested_branch_dag.py took 0.032 seconds
[2024-11-13T21:35:01.659+0000] {processor.py:186} INFO - Started process (PID=60) to work on /home/airflow/.local/lib/python3.12/site-packages/airflow/example_dags/example_nested_branch_dag.py
[2024-11-13T21:35:01.660+0000] {processor.py:914} INFO - Processing file /home/airflow/.local/lib/python3.12/site-packages/airflow/example_dags/example_nested_branch_dag.py for tasks to queue
[2024-11-13T21:35:01.662+0000] {logging_mixin.py:190} INFO - [2024-11-13T21:35:01.662+0000] {dagbag.py:588} INFO - Filling up the DagBag from /home/airflow/.local/lib/python3.12/site-packages/airflow/example_dags/example_nested_branch_dag.py
[2024-11-13T21:35:01.669+0000] {processor.py:925} INFO - DAG(s) 'example_nested_branch_dag' retrieved from /home/airflow/.local/lib/python3.12/site-packages/airflow/example_dags/example_nested_branch_dag.py
[2024-11-13T21:35:01.718+0000] {logging_mixin.py:190} INFO - [2024-11-13T21:35:01.717+0000] {override.py:1911} INFO - Created Permission View: can edit on DAG:example_nested_branch_dag
[2024-11-13T21:35:01.723+0000] {logging_mixin.py:190} INFO - [2024-11-13T21:35:01.723+0000] {override.py:1911} INFO - Created Permission View: can delete on DAG:example_nested_branch_dag
[2024-11-13T21:35:01.726+0000] {logging_mixin.py:190} INFO - [2024-11-13T21:35:01.725+0000] {override.py:1911} INFO - Created Permission View: can read on DAG:example_nested_branch_dag
[2024-11-13T21:35:01.727+0000] {logging_mixin.py:190} INFO - [2024-11-13T21:35:01.727+0000] {override.py:1911} INFO - Created Permission View: can create on DAG Run:example_nested_branch_dag
[2024-11-13T21:35:01.729+0000] {logging_mixin.py:190} INFO - [2024-11-13T21:35:01.729+0000] {override.py:1911} INFO - Created Permission View: can delete on DAG Run:example_nested_branch_dag
[2024-11-13T21:35:01.731+0000] {logging_mixin.py:190} INFO - [2024-11-13T21:35:01.731+0000] {override.py:1911} INFO - Created Permission View: menu access on DAG Run:example_nested_branch_dag
[2024-11-13T21:35:01.733+0000] {logging_mixin.py:190} INFO - [2024-11-13T21:35:01.732+0000] {override.py:1911} INFO - Created Permission View: can read on DAG Run:example_nested_branch_dag
[2024-11-13T21:35:01.733+0000] {logging_mixin.py:190} INFO - [2024-11-13T21:35:01.733+0000] {dag.py:3239} INFO - Sync 1 DAGs
[2024-11-13T21:35:01.739+0000] {logging_mixin.py:190} INFO - [2024-11-13T21:35:01.738+0000] {dag.py:3262} INFO - Creating ORM DAG for example_nested_branch_dag
[2024-11-13T21:35:01.743+0000] {logging_mixin.py:190} INFO - [2024-11-13T21:35:01.743+0000] {dag.py:4180} INFO - Setting next_dagrun for example_nested_branch_dag to 2024-11-12 00:00:00+00:00, run_after=2024-11-13 00:00:00+00:00
[2024-11-13T21:35:01.749+0000] {processor.py:208} INFO - Processing /home/airflow/.local/lib/python3.12/site-packages/airflow/example_dags/example_nested_branch_dag.py took 0.092 seconds
[2024-11-13T21:35:32.400+0000] {processor.py:186} INFO - Started process (PID=123) to work on /home/airflow/.local/lib/python3.12/site-packages/airflow/example_dags/example_nested_branch_dag.py
[2024-11-13T21:35:32.401+0000] {processor.py:914} INFO - Processing file /home/airflow/.local/lib/python3.12/site-packages/airflow/example_dags/example_nested_branch_dag.py for tasks to queue
[2024-11-13T21:35:32.402+0000] {logging_mixin.py:190} INFO - [2024-11-13T21:35:32.402+0000] {dagbag.py:588} INFO - Filling up the DagBag from /home/airflow/.local/lib/python3.12/site-packages/airflow/example_dags/example_nested_branch_dag.py
[2024-11-13T21:35:32.407+0000] {processor.py:925} INFO - DAG(s) 'example_nested_branch_dag' retrieved from /home/airflow/.local/lib/python3.12/site-packages/airflow/example_dags/example_nested_branch_dag.py
[2024-11-13T21:35:32.416+0000] {logging_mixin.py:190} INFO - [2024-11-13T21:35:32.416+0000] {dag.py:3239} INFO - Sync 1 DAGs
[2024-11-13T21:35:32.425+0000] {logging_mixin.py:190} INFO - [2024-11-13T21:35:32.425+0000] {dag.py:4180} INFO - Setting next_dagrun for example_nested_branch_dag to 2024-11-12 00:00:00+00:00, run_after=2024-11-13 00:00:00+00:00
[2024-11-13T21:35:32.435+0000] {processor.py:208} INFO - Processing /home/airflow/.local/lib/python3.12/site-packages/airflow/example_dags/example_nested_branch_dag.py took 0.038 seconds
[2024-11-13T21:36:03.012+0000] {processor.py:186} INFO - Started process (PID=190) to work on /home/airflow/.local/lib/python3.12/site-packages/airflow/example_dags/example_nested_branch_dag.py
[2024-11-13T21:36:03.012+0000] {processor.py:914} INFO - Processing file /home/airflow/.local/lib/python3.12/site-packages/airflow/example_dags/example_nested_branch_dag.py for tasks to queue
[2024-11-13T21:36:03.013+0000] {logging_mixin.py:190} INFO - [2024-11-13T21:36:03.013+0000] {dagbag.py:588} INFO - Filling up the DagBag from /home/airflow/.local/lib/python3.12/site-packages/airflow/example_dags/example_nested_branch_dag.py
[2024-11-13T21:36:03.018+0000] {processor.py:925} INFO - DAG(s) 'example_nested_branch_dag' retrieved from /home/airflow/.local/lib/python3.12/site-packages/airflow/example_dags/example_nested_branch_dag.py
[2024-11-13T21:36:03.027+0000] {logging_mixin.py:190} INFO - [2024-11-13T21:36:03.027+0000] {dag.py:3239} INFO - Sync 1 DAGs
[2024-11-13T21:36:03.037+0000] {logging_mixin.py:190} INFO - [2024-11-13T21:36:03.037+0000] {dag.py:4180} INFO - Setting next_dagrun for example_nested_branch_dag to 2024-11-12 00:00:00+00:00, run_after=2024-11-13 00:00:00+00:00
[2024-11-13T21:36:03.049+0000] {processor.py:208} INFO - Processing /home/airflow/.local/lib/python3.12/site-packages/airflow/example_dags/example_nested_branch_dag.py took 0.040 seconds
[2024-11-13T21:36:33.485+0000] {processor.py:186} INFO - Started process (PID=253) to work on /home/airflow/.local/lib/python3.12/site-packages/airflow/example_dags/example_nested_branch_dag.py
[2024-11-13T21:36:33.487+0000] {processor.py:914} INFO - Processing file /home/airflow/.local/lib/python3.12/site-packages/airflow/example_dags/example_nested_branch_dag.py for tasks to queue
[2024-11-13T21:36:33.488+0000] {logging_mixin.py:190} INFO - [2024-11-13T21:36:33.488+0000] {dagbag.py:588} INFO - Filling up the DagBag from /home/airflow/.local/lib/python3.12/site-packages/airflow/example_dags/example_nested_branch_dag.py
[2024-11-13T21:36:33.494+0000] {processor.py:925} INFO - DAG(s) 'example_nested_branch_dag' retrieved from /home/airflow/.local/lib/python3.12/site-packages/airflow/example_dags/example_nested_branch_dag.py
[2024-11-13T21:36:33.505+0000] {logging_mixin.py:190} INFO - [2024-11-13T21:36:33.505+0000] {dag.py:3239} INFO - Sync 1 DAGs
[2024-11-13T21:36:33.515+0000] {logging_mixin.py:190} INFO - [2024-11-13T21:36:33.515+0000] {dag.py:4180} INFO - Setting next_dagrun for example_nested_branch_dag to 2024-11-12 00:00:00+00:00, run_after=2024-11-13 00:00:00+00:00
[2024-11-13T21:36:33.523+0000] {processor.py:208} INFO - Processing /home/airflow/.local/lib/python3.12/site-packages/airflow/example_dags/example_nested_branch_dag.py took 0.041 seconds
[2024-11-13T21:37:03.981+0000] {processor.py:186} INFO - Started process (PID=316) to work on /home/airflow/.local/lib/python3.12/site-packages/airflow/example_dags/example_nested_branch_dag.py
[2024-11-13T21:37:03.983+0000] {processor.py:914} INFO - Processing file /home/airflow/.local/lib/python3.12/site-packages/airflow/example_dags/example_nested_branch_dag.py for tasks to queue
[2024-11-13T21:37:03.985+0000] {logging_mixin.py:190} INFO - [2024-11-13T21:37:03.984+0000] {dagbag.py:588} INFO - Filling up the DagBag from /home/airflow/.local/lib/python3.12/site-packages/airflow/example_dags/example_nested_branch_dag.py
[2024-11-13T21:37:03.989+0000] {processor.py:925} INFO - DAG(s) 'example_nested_branch_dag' retrieved from /home/airflow/.local/lib/python3.12/site-packages/airflow/example_dags/example_nested_branch_dag.py
[2024-11-13T21:37:03.999+0000] {logging_mixin.py:190} INFO - [2024-11-13T21:37:03.999+0000] {dag.py:3239} INFO - Sync 1 DAGs
[2024-11-13T21:37:04.009+0000] {logging_mixin.py:190} INFO - [2024-11-13T21:37:04.009+0000] {dag.py:4180} INFO - Setting next_dagrun for example_nested_branch_dag to 2024-11-12 00:00:00+00:00, run_after=2024-11-13 00:00:00+00:00
[2024-11-13T21:37:04.020+0000] {processor.py:208} INFO - Processing /home/airflow/.local/lib/python3.12/site-packages/airflow/example_dags/example_nested_branch_dag.py took 0.041 seconds
[2024-11-13T21:37:34.396+0000] {processor.py:186} INFO - Started process (PID=385) to work on /home/airflow/.local/lib/python3.12/site-packages/airflow/example_dags/example_nested_branch_dag.py
[2024-11-13T21:37:34.397+0000] {processor.py:914} INFO - Processing file /home/airflow/.local/lib/python3.12/site-packages/airflow/example_dags/example_nested_branch_dag.py for tasks to queue
[2024-11-13T21:37:34.399+0000] {logging_mixin.py:190} INFO - [2024-11-13T21:37:34.399+0000] {dagbag.py:588} INFO - Filling up the DagBag from /home/airflow/.local/lib/python3.12/site-packages/airflow/example_dags/example_nested_branch_dag.py
[2024-11-13T21:37:34.404+0000] {processor.py:925} INFO - DAG(s) 'example_nested_branch_dag' retrieved from /home/airflow/.local/lib/python3.12/site-packages/airflow/example_dags/example_nested_branch_dag.py
[2024-11-13T21:37:34.417+0000] {logging_mixin.py:190} INFO - [2024-11-13T21:37:34.417+0000] {dag.py:3239} INFO - Sync 1 DAGs
[2024-11-13T21:37:34.429+0000] {logging_mixin.py:190} INFO - [2024-11-13T21:37:34.428+0000] {dag.py:4180} INFO - Setting next_dagrun for example_nested_branch_dag to 2024-11-12 00:00:00+00:00, run_after=2024-11-13 00:00:00+00:00
[2024-11-13T21:37:34.435+0000] {processor.py:208} INFO - Processing /home/airflow/.local/lib/python3.12/site-packages/airflow/example_dags/example_nested_branch_dag.py took 0.042 seconds
[2024-11-13T21:38:04.836+0000] {processor.py:186} INFO - Started process (PID=448) to work on /home/airflow/.local/lib/python3.12/site-packages/airflow/example_dags/example_nested_branch_dag.py
[2024-11-13T21:38:04.837+0000] {processor.py:914} INFO - Processing file /home/airflow/.local/lib/python3.12/site-packages/airflow/example_dags/example_nested_branch_dag.py for tasks to queue
[2024-11-13T21:38:04.838+0000] {logging_mixin.py:190} INFO - [2024-11-13T21:38:04.838+0000] {dagbag.py:588} INFO - Filling up the DagBag from /home/airflow/.local/lib/python3.12/site-packages/airflow/example_dags/example_nested_branch_dag.py
[2024-11-13T21:38:04.843+0000] {processor.py:925} INFO - DAG(s) 'example_nested_branch_dag' retrieved from /home/airflow/.local/lib/python3.12/site-packages/airflow/example_dags/example_nested_branch_dag.py
[2024-11-13T21:38:04.851+0000] {logging_mixin.py:190} INFO - [2024-11-13T21:38:04.851+0000] {dag.py:3239} INFO - Sync 1 DAGs
[2024-11-13T21:38:04.862+0000] {logging_mixin.py:190} INFO - [2024-11-13T21:38:04.862+0000] {dag.py:4180} INFO - Setting next_dagrun for example_nested_branch_dag to 2024-11-12 00:00:00+00:00, run_after=2024-11-13 00:00:00+00:00
[2024-11-13T21:38:04.870+0000] {processor.py:208} INFO - Processing /home/airflow/.local/lib/python3.12/site-packages/airflow/example_dags/example_nested_branch_dag.py took 0.036 seconds
[2024-11-13T23:40:19.258+0000] {processor.py:186} INFO - Started process (PID=53) to work on /home/airflow/.local/lib/python3.12/site-packages/airflow/example_dags/example_nested_branch_dag.py
[2024-11-13T23:40:19.258+0000] {processor.py:914} INFO - Processing file /home/airflow/.local/lib/python3.12/site-packages/airflow/example_dags/example_nested_branch_dag.py for tasks to queue
[2024-11-13T23:40:19.259+0000] {logging_mixin.py:190} INFO - [2024-11-13T23:40:19.259+0000] {dagbag.py:588} INFO - Filling up the DagBag from /home/airflow/.local/lib/python3.12/site-packages/airflow/example_dags/example_nested_branch_dag.py
[2024-11-13T23:40:19.264+0000] {processor.py:925} INFO - DAG(s) 'example_nested_branch_dag' retrieved from /home/airflow/.local/lib/python3.12/site-packages/airflow/example_dags/example_nested_branch_dag.py
[2024-11-13T23:40:19.302+0000] {logging_mixin.py:190} INFO - [2024-11-13T23:40:19.302+0000] {override.py:1911} INFO - Created Permission View: can edit on DAG:example_nested_branch_dag
[2024-11-13T23:40:19.306+0000] {logging_mixin.py:190} INFO - [2024-11-13T23:40:19.306+0000] {override.py:1911} INFO - Created Permission View: can delete on DAG:example_nested_branch_dag
[2024-11-13T23:40:19.308+0000] {logging_mixin.py:190} INFO - [2024-11-13T23:40:19.307+0000] {override.py:1911} INFO - Created Permission View: can read on DAG:example_nested_branch_dag
[2024-11-13T23:40:19.309+0000] {logging_mixin.py:190} INFO - [2024-11-13T23:40:19.309+0000] {override.py:1911} INFO - Created Permission View: can delete on DAG Run:example_nested_branch_dag
[2024-11-13T23:40:19.311+0000] {logging_mixin.py:190} INFO - [2024-11-13T23:40:19.311+0000] {override.py:1911} INFO - Created Permission View: menu access on DAG Run:example_nested_branch_dag
[2024-11-13T23:40:19.313+0000] {logging_mixin.py:190} INFO - [2024-11-13T23:40:19.312+0000] {override.py:1911} INFO - Created Permission View: can read on DAG Run:example_nested_branch_dag
[2024-11-13T23:40:19.314+0000] {logging_mixin.py:190} INFO - [2024-11-13T23:40:19.314+0000] {override.py:1911} INFO - Created Permission View: can create on DAG Run:example_nested_branch_dag
[2024-11-13T23:40:19.314+0000] {logging_mixin.py:190} INFO - [2024-11-13T23:40:19.314+0000] {dag.py:3239} INFO - Sync 1 DAGs
[2024-11-13T23:40:19.318+0000] {logging_mixin.py:190} INFO - [2024-11-13T23:40:19.318+0000] {dag.py:3262} INFO - Creating ORM DAG for example_nested_branch_dag
[2024-11-13T23:40:19.322+0000] {logging_mixin.py:190} INFO - [2024-11-13T23:40:19.322+0000] {dag.py:4180} INFO - Setting next_dagrun for example_nested_branch_dag to 2024-11-12 00:00:00+00:00, run_after=2024-11-13 00:00:00+00:00
[2024-11-13T23:40:19.327+0000] {processor.py:208} INFO - Processing /home/airflow/.local/lib/python3.12/site-packages/airflow/example_dags/example_nested_branch_dag.py took 0.072 seconds
[2024-11-13T23:40:49.438+0000] {processor.py:186} INFO - Started process (PID=116) to work on /home/airflow/.local/lib/python3.12/site-packages/airflow/example_dags/example_nested_branch_dag.py
[2024-11-13T23:40:49.440+0000] {processor.py:914} INFO - Processing file /home/airflow/.local/lib/python3.12/site-packages/airflow/example_dags/example_nested_branch_dag.py for tasks to queue
[2024-11-13T23:40:49.441+0000] {logging_mixin.py:190} INFO - [2024-11-13T23:40:49.441+0000] {dagbag.py:588} INFO - Filling up the DagBag from /home/airflow/.local/lib/python3.12/site-packages/airflow/example_dags/example_nested_branch_dag.py
[2024-11-13T23:40:49.446+0000] {processor.py:925} INFO - DAG(s) 'example_nested_branch_dag' retrieved from /home/airflow/.local/lib/python3.12/site-packages/airflow/example_dags/example_nested_branch_dag.py
[2024-11-13T23:40:49.455+0000] {logging_mixin.py:190} INFO - [2024-11-13T23:40:49.455+0000] {dag.py:3239} INFO - Sync 1 DAGs
[2024-11-13T23:40:49.465+0000] {logging_mixin.py:190} INFO - [2024-11-13T23:40:49.465+0000] {dag.py:4180} INFO - Setting next_dagrun for example_nested_branch_dag to 2024-11-12 00:00:00+00:00, run_after=2024-11-13 00:00:00+00:00
[2024-11-13T23:40:49.473+0000] {processor.py:208} INFO - Processing /home/airflow/.local/lib/python3.12/site-packages/airflow/example_dags/example_nested_branch_dag.py took 0.038 seconds
[2024-11-13T23:41:20.743+0000] {processor.py:186} INFO - Started process (PID=178) to work on /home/airflow/.local/lib/python3.12/site-packages/airflow/example_dags/example_nested_branch_dag.py
[2024-11-13T23:41:20.745+0000] {processor.py:914} INFO - Processing file /home/airflow/.local/lib/python3.12/site-packages/airflow/example_dags/example_nested_branch_dag.py for tasks to queue
[2024-11-13T23:41:20.747+0000] {logging_mixin.py:190} INFO - [2024-11-13T23:41:20.746+0000] {dagbag.py:588} INFO - Filling up the DagBag from /home/airflow/.local/lib/python3.12/site-packages/airflow/example_dags/example_nested_branch_dag.py
[2024-11-13T23:41:20.751+0000] {processor.py:925} INFO - DAG(s) 'example_nested_branch_dag' retrieved from /home/airflow/.local/lib/python3.12/site-packages/airflow/example_dags/example_nested_branch_dag.py
[2024-11-13T23:41:20.761+0000] {logging_mixin.py:190} INFO - [2024-11-13T23:41:20.761+0000] {dag.py:3239} INFO - Sync 1 DAGs
[2024-11-13T23:41:20.770+0000] {logging_mixin.py:190} INFO - [2024-11-13T23:41:20.770+0000] {dag.py:4180} INFO - Setting next_dagrun for example_nested_branch_dag to 2024-11-12 00:00:00+00:00, run_after=2024-11-13 00:00:00+00:00
[2024-11-13T23:41:20.777+0000] {processor.py:208} INFO - Processing /home/airflow/.local/lib/python3.12/site-packages/airflow/example_dags/example_nested_branch_dag.py took 0.036 seconds
[2024-11-13T23:41:51.196+0000] {processor.py:186} INFO - Started process (PID=241) to work on /home/airflow/.local/lib/python3.12/site-packages/airflow/example_dags/example_nested_branch_dag.py
[2024-11-13T23:41:51.197+0000] {processor.py:914} INFO - Processing file /home/airflow/.local/lib/python3.12/site-packages/airflow/example_dags/example_nested_branch_dag.py for tasks to queue
[2024-11-13T23:41:51.199+0000] {logging_mixin.py:190} INFO - [2024-11-13T23:41:51.199+0000] {dagbag.py:588} INFO - Filling up the DagBag from /home/airflow/.local/lib/python3.12/site-packages/airflow/example_dags/example_nested_branch_dag.py
[2024-11-13T23:41:51.206+0000] {processor.py:925} INFO - DAG(s) 'example_nested_branch_dag' retrieved from /home/airflow/.local/lib/python3.12/site-packages/airflow/example_dags/example_nested_branch_dag.py
[2024-11-13T23:41:51.215+0000] {logging_mixin.py:190} INFO - [2024-11-13T23:41:51.214+0000] {dag.py:3239} INFO - Sync 1 DAGs
[2024-11-13T23:41:51.224+0000] {logging_mixin.py:190} INFO - [2024-11-13T23:41:51.223+0000] {dag.py:4180} INFO - Setting next_dagrun for example_nested_branch_dag to 2024-11-12 00:00:00+00:00, run_after=2024-11-13 00:00:00+00:00
[2024-11-13T23:41:51.231+0000] {processor.py:208} INFO - Processing /home/airflow/.local/lib/python3.12/site-packages/airflow/example_dags/example_nested_branch_dag.py took 0.037 seconds
[2024-11-13T23:42:21.676+0000] {processor.py:186} INFO - Started process (PID=310) to work on /home/airflow/.local/lib/python3.12/site-packages/airflow/example_dags/example_nested_branch_dag.py
[2024-11-13T23:42:21.677+0000] {processor.py:914} INFO - Processing file /home/airflow/.local/lib/python3.12/site-packages/airflow/example_dags/example_nested_branch_dag.py for tasks to queue
[2024-11-13T23:42:21.679+0000] {logging_mixin.py:190} INFO - [2024-11-13T23:42:21.678+0000] {dagbag.py:588} INFO - Filling up the DagBag from /home/airflow/.local/lib/python3.12/site-packages/airflow/example_dags/example_nested_branch_dag.py
[2024-11-13T23:42:21.685+0000] {processor.py:925} INFO - DAG(s) 'example_nested_branch_dag' retrieved from /home/airflow/.local/lib/python3.12/site-packages/airflow/example_dags/example_nested_branch_dag.py
[2024-11-13T23:42:21.696+0000] {logging_mixin.py:190} INFO - [2024-11-13T23:42:21.696+0000] {dag.py:3239} INFO - Sync 1 DAGs
[2024-11-13T23:42:21.708+0000] {logging_mixin.py:190} INFO - [2024-11-13T23:42:21.708+0000] {dag.py:4180} INFO - Setting next_dagrun for example_nested_branch_dag to 2024-11-12 00:00:00+00:00, run_after=2024-11-13 00:00:00+00:00
[2024-11-13T23:42:21.717+0000] {processor.py:208} INFO - Processing /home/airflow/.local/lib/python3.12/site-packages/airflow/example_dags/example_nested_branch_dag.py took 0.043 seconds
[2024-11-13T23:42:52.055+0000] {processor.py:186} INFO - Started process (PID=373) to work on /home/airflow/.local/lib/python3.12/site-packages/airflow/example_dags/example_nested_branch_dag.py
[2024-11-13T23:42:52.055+0000] {processor.py:914} INFO - Processing file /home/airflow/.local/lib/python3.12/site-packages/airflow/example_dags/example_nested_branch_dag.py for tasks to queue
[2024-11-13T23:42:52.056+0000] {logging_mixin.py:190} INFO - [2024-11-13T23:42:52.056+0000] {dagbag.py:588} INFO - Filling up the DagBag from /home/airflow/.local/lib/python3.12/site-packages/airflow/example_dags/example_nested_branch_dag.py
[2024-11-13T23:42:52.061+0000] {processor.py:925} INFO - DAG(s) 'example_nested_branch_dag' retrieved from /home/airflow/.local/lib/python3.12/site-packages/airflow/example_dags/example_nested_branch_dag.py
[2024-11-13T23:42:52.072+0000] {logging_mixin.py:190} INFO - [2024-11-13T23:42:52.072+0000] {dag.py:3239} INFO - Sync 1 DAGs
[2024-11-13T23:42:52.080+0000] {logging_mixin.py:190} INFO - [2024-11-13T23:42:52.080+0000] {dag.py:4180} INFO - Setting next_dagrun for example_nested_branch_dag to 2024-11-12 00:00:00+00:00, run_after=2024-11-13 00:00:00+00:00
[2024-11-13T23:42:52.088+0000] {processor.py:208} INFO - Processing /home/airflow/.local/lib/python3.12/site-packages/airflow/example_dags/example_nested_branch_dag.py took 0.036 seconds
[2024-11-13T23:43:23.388+0000] {processor.py:186} INFO - Started process (PID=436) to work on /home/airflow/.local/lib/python3.12/site-packages/airflow/example_dags/example_nested_branch_dag.py
[2024-11-13T23:43:23.388+0000] {processor.py:914} INFO - Processing file /home/airflow/.local/lib/python3.12/site-packages/airflow/example_dags/example_nested_branch_dag.py for tasks to queue
[2024-11-13T23:43:23.389+0000] {logging_mixin.py:190} INFO - [2024-11-13T23:43:23.389+0000] {dagbag.py:588} INFO - Filling up the DagBag from /home/airflow/.local/lib/python3.12/site-packages/airflow/example_dags/example_nested_branch_dag.py
[2024-11-13T23:43:23.394+0000] {processor.py:925} INFO - DAG(s) 'example_nested_branch_dag' retrieved from /home/airflow/.local/lib/python3.12/site-packages/airflow/example_dags/example_nested_branch_dag.py
[2024-11-13T23:43:23.404+0000] {logging_mixin.py:190} INFO - [2024-11-13T23:43:23.404+0000] {dag.py:3239} INFO - Sync 1 DAGs
[2024-11-13T23:43:23.412+0000] {logging_mixin.py:190} INFO - [2024-11-13T23:43:23.412+0000] {dag.py:4180} INFO - Setting next_dagrun for example_nested_branch_dag to 2024-11-12 00:00:00+00:00, run_after=2024-11-13 00:00:00+00:00
[2024-11-13T23:43:23.421+0000] {processor.py:208} INFO - Processing /home/airflow/.local/lib/python3.12/site-packages/airflow/example_dags/example_nested_branch_dag.py took 0.036 seconds
[2024-11-13T23:43:54.575+0000] {processor.py:186} INFO - Started process (PID=499) to work on /home/airflow/.local/lib/python3.12/site-packages/airflow/example_dags/example_nested_branch_dag.py
[2024-11-13T23:43:54.578+0000] {processor.py:914} INFO - Processing file /home/airflow/.local/lib/python3.12/site-packages/airflow/example_dags/example_nested_branch_dag.py for tasks to queue
[2024-11-13T23:43:54.579+0000] {logging_mixin.py:190} INFO - [2024-11-13T23:43:54.579+0000] {dagbag.py:588} INFO - Filling up the DagBag from /home/airflow/.local/lib/python3.12/site-packages/airflow/example_dags/example_nested_branch_dag.py
[2024-11-13T23:43:54.584+0000] {processor.py:925} INFO - DAG(s) 'example_nested_branch_dag' retrieved from /home/airflow/.local/lib/python3.12/site-packages/airflow/example_dags/example_nested_branch_dag.py
[2024-11-13T23:43:54.597+0000] {logging_mixin.py:190} INFO - [2024-11-13T23:43:54.597+0000] {dag.py:3239} INFO - Sync 1 DAGs
[2024-11-13T23:43:54.606+0000] {logging_mixin.py:190} INFO - [2024-11-13T23:43:54.606+0000] {dag.py:4180} INFO - Setting next_dagrun for example_nested_branch_dag to 2024-11-12 00:00:00+00:00, run_after=2024-11-13 00:00:00+00:00
[2024-11-13T23:43:54.616+0000] {processor.py:208} INFO - Processing /home/airflow/.local/lib/python3.12/site-packages/airflow/example_dags/example_nested_branch_dag.py took 0.043 seconds
[2024-11-13T23:44:25.910+0000] {processor.py:186} INFO - Started process (PID=562) to work on /home/airflow/.local/lib/python3.12/site-packages/airflow/example_dags/example_nested_branch_dag.py
[2024-11-13T23:44:25.910+0000] {processor.py:914} INFO - Processing file /home/airflow/.local/lib/python3.12/site-packages/airflow/example_dags/example_nested_branch_dag.py for tasks to queue
[2024-11-13T23:44:25.911+0000] {logging_mixin.py:190} INFO - [2024-11-13T23:44:25.911+0000] {dagbag.py:588} INFO - Filling up the DagBag from /home/airflow/.local/lib/python3.12/site-packages/airflow/example_dags/example_nested_branch_dag.py
[2024-11-13T23:44:25.916+0000] {processor.py:925} INFO - DAG(s) 'example_nested_branch_dag' retrieved from /home/airflow/.local/lib/python3.12/site-packages/airflow/example_dags/example_nested_branch_dag.py
[2024-11-13T23:44:25.926+0000] {logging_mixin.py:190} INFO - [2024-11-13T23:44:25.926+0000] {dag.py:3239} INFO - Sync 1 DAGs
[2024-11-13T23:44:25.935+0000] {logging_mixin.py:190} INFO - [2024-11-13T23:44:25.935+0000] {dag.py:4180} INFO - Setting next_dagrun for example_nested_branch_dag to 2024-11-12 00:00:00+00:00, run_after=2024-11-13 00:00:00+00:00
[2024-11-13T23:44:25.943+0000] {processor.py:208} INFO - Processing /home/airflow/.local/lib/python3.12/site-packages/airflow/example_dags/example_nested_branch_dag.py took 0.035 seconds
[2024-11-13T23:44:57.193+0000] {processor.py:186} INFO - Started process (PID=625) to work on /home/airflow/.local/lib/python3.12/site-packages/airflow/example_dags/example_nested_branch_dag.py
[2024-11-13T23:44:57.194+0000] {processor.py:914} INFO - Processing file /home/airflow/.local/lib/python3.12/site-packages/airflow/example_dags/example_nested_branch_dag.py for tasks to queue
[2024-11-13T23:44:57.195+0000] {logging_mixin.py:190} INFO - [2024-11-13T23:44:57.195+0000] {dagbag.py:588} INFO - Filling up the DagBag from /home/airflow/.local/lib/python3.12/site-packages/airflow/example_dags/example_nested_branch_dag.py
[2024-11-13T23:44:57.199+0000] {processor.py:925} INFO - DAG(s) 'example_nested_branch_dag' retrieved from /home/airflow/.local/lib/python3.12/site-packages/airflow/example_dags/example_nested_branch_dag.py
[2024-11-13T23:44:57.208+0000] {logging_mixin.py:190} INFO - [2024-11-13T23:44:57.208+0000] {dag.py:3239} INFO - Sync 1 DAGs
[2024-11-13T23:44:57.217+0000] {logging_mixin.py:190} INFO - [2024-11-13T23:44:57.217+0000] {dag.py:4180} INFO - Setting next_dagrun for example_nested_branch_dag to 2024-11-12 00:00:00+00:00, run_after=2024-11-13 00:00:00+00:00
[2024-11-13T23:44:57.226+0000] {processor.py:208} INFO - Processing /home/airflow/.local/lib/python3.12/site-packages/airflow/example_dags/example_nested_branch_dag.py took 0.036 seconds
[2024-11-13T23:45:28.390+0000] {processor.py:186} INFO - Started process (PID=688) to work on /home/airflow/.local/lib/python3.12/site-packages/airflow/example_dags/example_nested_branch_dag.py
[2024-11-13T23:45:28.391+0000] {processor.py:914} INFO - Processing file /home/airflow/.local/lib/python3.12/site-packages/airflow/example_dags/example_nested_branch_dag.py for tasks to queue
[2024-11-13T23:45:28.392+0000] {logging_mixin.py:190} INFO - [2024-11-13T23:45:28.392+0000] {dagbag.py:588} INFO - Filling up the DagBag from /home/airflow/.local/lib/python3.12/site-packages/airflow/example_dags/example_nested_branch_dag.py
[2024-11-13T23:45:28.399+0000] {processor.py:925} INFO - DAG(s) 'example_nested_branch_dag' retrieved from /home/airflow/.local/lib/python3.12/site-packages/airflow/example_dags/example_nested_branch_dag.py
[2024-11-13T23:45:28.409+0000] {logging_mixin.py:190} INFO - [2024-11-13T23:45:28.409+0000] {dag.py:3239} INFO - Sync 1 DAGs
[2024-11-13T23:45:28.418+0000] {logging_mixin.py:190} INFO - [2024-11-13T23:45:28.418+0000] {dag.py:4180} INFO - Setting next_dagrun for example_nested_branch_dag to 2024-11-12 00:00:00+00:00, run_after=2024-11-13 00:00:00+00:00
[2024-11-13T23:45:28.424+0000] {processor.py:208} INFO - Processing /home/airflow/.local/lib/python3.12/site-packages/airflow/example_dags/example_nested_branch_dag.py took 0.036 seconds
[2024-11-13T23:45:59.546+0000] {processor.py:186} INFO - Started process (PID=751) to work on /home/airflow/.local/lib/python3.12/site-packages/airflow/example_dags/example_nested_branch_dag.py
[2024-11-13T23:45:59.548+0000] {processor.py:914} INFO - Processing file /home/airflow/.local/lib/python3.12/site-packages/airflow/example_dags/example_nested_branch_dag.py for tasks to queue
[2024-11-13T23:45:59.549+0000] {logging_mixin.py:190} INFO - [2024-11-13T23:45:59.549+0000] {dagbag.py:588} INFO - Filling up the DagBag from /home/airflow/.local/lib/python3.12/site-packages/airflow/example_dags/example_nested_branch_dag.py
[2024-11-13T23:45:59.557+0000] {processor.py:925} INFO - DAG(s) 'example_nested_branch_dag' retrieved from /home/airflow/.local/lib/python3.12/site-packages/airflow/example_dags/example_nested_branch_dag.py
[2024-11-13T23:45:59.566+0000] {logging_mixin.py:190} INFO - [2024-11-13T23:45:59.566+0000] {dag.py:3239} INFO - Sync 1 DAGs
[2024-11-13T23:45:59.576+0000] {logging_mixin.py:190} INFO - [2024-11-13T23:45:59.576+0000] {dag.py:4180} INFO - Setting next_dagrun for example_nested_branch_dag to 2024-11-12 00:00:00+00:00, run_after=2024-11-13 00:00:00+00:00
[2024-11-13T23:45:59.584+0000] {processor.py:208} INFO - Processing /home/airflow/.local/lib/python3.12/site-packages/airflow/example_dags/example_nested_branch_dag.py took 0.040 seconds
[2024-11-13T23:46:30.843+0000] {processor.py:186} INFO - Started process (PID=814) to work on /home/airflow/.local/lib/python3.12/site-packages/airflow/example_dags/example_nested_branch_dag.py
[2024-11-13T23:46:30.844+0000] {processor.py:914} INFO - Processing file /home/airflow/.local/lib/python3.12/site-packages/airflow/example_dags/example_nested_branch_dag.py for tasks to queue
[2024-11-13T23:46:30.845+0000] {logging_mixin.py:190} INFO - [2024-11-13T23:46:30.845+0000] {dagbag.py:588} INFO - Filling up the DagBag from /home/airflow/.local/lib/python3.12/site-packages/airflow/example_dags/example_nested_branch_dag.py
[2024-11-13T23:46:30.851+0000] {processor.py:925} INFO - DAG(s) 'example_nested_branch_dag' retrieved from /home/airflow/.local/lib/python3.12/site-packages/airflow/example_dags/example_nested_branch_dag.py
[2024-11-13T23:46:30.859+0000] {logging_mixin.py:190} INFO - [2024-11-13T23:46:30.859+0000] {dag.py:3239} INFO - Sync 1 DAGs
[2024-11-13T23:46:30.869+0000] {logging_mixin.py:190} INFO - [2024-11-13T23:46:30.869+0000] {dag.py:4180} INFO - Setting next_dagrun for example_nested_branch_dag to 2024-11-12 00:00:00+00:00, run_after=2024-11-13 00:00:00+00:00
[2024-11-13T23:46:30.877+0000] {processor.py:208} INFO - Processing /home/airflow/.local/lib/python3.12/site-packages/airflow/example_dags/example_nested_branch_dag.py took 0.037 seconds
[2024-11-13T23:47:02.156+0000] {processor.py:186} INFO - Started process (PID=877) to work on /home/airflow/.local/lib/python3.12/site-packages/airflow/example_dags/example_nested_branch_dag.py
[2024-11-13T23:47:02.157+0000] {processor.py:914} INFO - Processing file /home/airflow/.local/lib/python3.12/site-packages/airflow/example_dags/example_nested_branch_dag.py for tasks to queue
[2024-11-13T23:47:02.158+0000] {logging_mixin.py:190} INFO - [2024-11-13T23:47:02.158+0000] {dagbag.py:588} INFO - Filling up the DagBag from /home/airflow/.local/lib/python3.12/site-packages/airflow/example_dags/example_nested_branch_dag.py
[2024-11-13T23:47:02.164+0000] {processor.py:925} INFO - DAG(s) 'example_nested_branch_dag' retrieved from /home/airflow/.local/lib/python3.12/site-packages/airflow/example_dags/example_nested_branch_dag.py
[2024-11-13T23:47:02.174+0000] {logging_mixin.py:190} INFO - [2024-11-13T23:47:02.174+0000] {dag.py:3239} INFO - Sync 1 DAGs
[2024-11-13T23:47:02.184+0000] {logging_mixin.py:190} INFO - [2024-11-13T23:47:02.184+0000] {dag.py:4180} INFO - Setting next_dagrun for example_nested_branch_dag to 2024-11-12 00:00:00+00:00, run_after=2024-11-13 00:00:00+00:00
[2024-11-13T23:47:02.193+0000] {processor.py:208} INFO - Processing /home/airflow/.local/lib/python3.12/site-packages/airflow/example_dags/example_nested_branch_dag.py took 0.039 seconds
[2024-11-13T23:47:33.452+0000] {processor.py:186} INFO - Started process (PID=940) to work on /home/airflow/.local/lib/python3.12/site-packages/airflow/example_dags/example_nested_branch_dag.py
[2024-11-13T23:47:33.453+0000] {processor.py:914} INFO - Processing file /home/airflow/.local/lib/python3.12/site-packages/airflow/example_dags/example_nested_branch_dag.py for tasks to queue
[2024-11-13T23:47:33.455+0000] {logging_mixin.py:190} INFO - [2024-11-13T23:47:33.455+0000] {dagbag.py:588} INFO - Filling up the DagBag from /home/airflow/.local/lib/python3.12/site-packages/airflow/example_dags/example_nested_branch_dag.py
[2024-11-13T23:47:33.460+0000] {processor.py:925} INFO - DAG(s) 'example_nested_branch_dag' retrieved from /home/airflow/.local/lib/python3.12/site-packages/airflow/example_dags/example_nested_branch_dag.py
[2024-11-13T23:47:33.470+0000] {logging_mixin.py:190} INFO - [2024-11-13T23:47:33.470+0000] {dag.py:3239} INFO - Sync 1 DAGs
[2024-11-13T23:47:33.481+0000] {logging_mixin.py:190} INFO - [2024-11-13T23:47:33.481+0000] {dag.py:4180} INFO - Setting next_dagrun for example_nested_branch_dag to 2024-11-12 00:00:00+00:00, run_after=2024-11-13 00:00:00+00:00
[2024-11-13T23:47:33.489+0000] {processor.py:208} INFO - Processing /home/airflow/.local/lib/python3.12/site-packages/airflow/example_dags/example_nested_branch_dag.py took 0.040 seconds
