[2024-11-13T21:28:28.200+0000] {processor.py:186} INFO - Started process (PID=69) to work on /home/airflow/.local/lib/python3.12/site-packages/airflow/example_dags/example_xcomargs.py
[2024-11-13T21:28:28.201+0000] {processor.py:914} INFO - Processing file /home/airflow/.local/lib/python3.12/site-packages/airflow/example_dags/example_xcomargs.py for tasks to queue
[2024-11-13T21:28:28.202+0000] {logging_mixin.py:190} INFO - [2024-11-13T21:28:28.202+0000] {dagbag.py:588} INFO - Filling up the DagBag from /home/airflow/.local/lib/python3.12/site-packages/airflow/example_dags/example_xcomargs.py
[2024-11-13T21:28:28.209+0000] {processor.py:925} INFO - DAG(s) 'example_xcom_args', 'example_xcom_args_with_operators' retrieved from /home/airflow/.local/lib/python3.12/site-packages/airflow/example_dags/example_xcomargs.py
[2024-11-13T21:28:28.265+0000] {logging_mixin.py:190} INFO - [2024-11-13T21:28:28.264+0000] {override.py:1911} INFO - Created Permission View: can edit on DAG:example_xcom_args
[2024-11-13T21:28:28.269+0000] {logging_mixin.py:190} INFO - [2024-11-13T21:28:28.269+0000] {override.py:1911} INFO - Created Permission View: can read on DAG:example_xcom_args
[2024-11-13T21:28:28.271+0000] {logging_mixin.py:190} INFO - [2024-11-13T21:28:28.271+0000] {override.py:1911} INFO - Created Permission View: can delete on DAG:example_xcom_args
[2024-11-13T21:28:28.274+0000] {logging_mixin.py:190} INFO - [2024-11-13T21:28:28.273+0000] {override.py:1911} INFO - Created Permission View: can delete on DAG Run:example_xcom_args
[2024-11-13T21:28:28.276+0000] {logging_mixin.py:190} INFO - [2024-11-13T21:28:28.275+0000] {override.py:1911} INFO - Created Permission View: can read on DAG Run:example_xcom_args
[2024-11-13T21:28:28.278+0000] {logging_mixin.py:190} INFO - [2024-11-13T21:28:28.278+0000] {override.py:1911} INFO - Created Permission View: menu access on DAG Run:example_xcom_args
[2024-11-13T21:28:28.280+0000] {logging_mixin.py:190} INFO - [2024-11-13T21:28:28.279+0000] {override.py:1911} INFO - Created Permission View: can create on DAG Run:example_xcom_args
[2024-11-13T21:28:28.285+0000] {logging_mixin.py:190} INFO - [2024-11-13T21:28:28.285+0000] {override.py:1911} INFO - Created Permission View: can edit on DAG:example_xcom_args_with_operators
[2024-11-13T21:28:28.287+0000] {logging_mixin.py:190} INFO - [2024-11-13T21:28:28.287+0000] {override.py:1911} INFO - Created Permission View: can read on DAG:example_xcom_args_with_operators
[2024-11-13T21:28:28.289+0000] {logging_mixin.py:190} INFO - [2024-11-13T21:28:28.289+0000] {override.py:1911} INFO - Created Permission View: can delete on DAG:example_xcom_args_with_operators
[2024-11-13T21:28:28.292+0000] {logging_mixin.py:190} INFO - [2024-11-13T21:28:28.291+0000] {override.py:1911} INFO - Created Permission View: can delete on DAG Run:example_xcom_args_with_operators
[2024-11-13T21:28:28.297+0000] {logging_mixin.py:190} INFO - [2024-11-13T21:28:28.297+0000] {override.py:1911} INFO - Created Permission View: can read on DAG Run:example_xcom_args_with_operators
[2024-11-13T21:28:28.299+0000] {logging_mixin.py:190} INFO - [2024-11-13T21:28:28.299+0000] {override.py:1911} INFO - Created Permission View: menu access on DAG Run:example_xcom_args_with_operators
[2024-11-13T21:28:28.304+0000] {logging_mixin.py:190} INFO - [2024-11-13T21:28:28.304+0000] {override.py:1911} INFO - Created Permission View: can create on DAG Run:example_xcom_args_with_operators
[2024-11-13T21:28:28.304+0000] {logging_mixin.py:190} INFO - [2024-11-13T21:28:28.304+0000] {dag.py:3239} INFO - Sync 2 DAGs
[2024-11-13T21:28:28.311+0000] {logging_mixin.py:190} INFO - [2024-11-13T21:28:28.311+0000] {dag.py:3262} INFO - Creating ORM DAG for example_xcom_args_with_operators
[2024-11-13T21:28:28.312+0000] {logging_mixin.py:190} INFO - [2024-11-13T21:28:28.312+0000] {dag.py:3262} INFO - Creating ORM DAG for example_xcom_args
[2024-11-13T21:28:28.312+0000] {logging_mixin.py:190} INFO - [2024-11-13T21:28:28.312+0000] {dag.py:4180} INFO - Setting next_dagrun for example_xcom_args to None, run_after=None
[2024-11-13T21:28:28.312+0000] {logging_mixin.py:190} INFO - [2024-11-13T21:28:28.312+0000] {dag.py:4180} INFO - Setting next_dagrun for example_xcom_args_with_operators to None, run_after=None
[2024-11-13T21:28:28.324+0000] {processor.py:208} INFO - Processing /home/airflow/.local/lib/python3.12/site-packages/airflow/example_dags/example_xcomargs.py took 0.127 seconds
[2024-11-13T21:28:59.239+0000] {processor.py:186} INFO - Started process (PID=131) to work on /home/airflow/.local/lib/python3.12/site-packages/airflow/example_dags/example_xcomargs.py
[2024-11-13T21:28:59.240+0000] {processor.py:914} INFO - Processing file /home/airflow/.local/lib/python3.12/site-packages/airflow/example_dags/example_xcomargs.py for tasks to queue
[2024-11-13T21:28:59.242+0000] {logging_mixin.py:190} INFO - [2024-11-13T21:28:59.242+0000] {dagbag.py:588} INFO - Filling up the DagBag from /home/airflow/.local/lib/python3.12/site-packages/airflow/example_dags/example_xcomargs.py
[2024-11-13T21:28:59.250+0000] {processor.py:925} INFO - DAG(s) 'example_xcom_args_with_operators', 'example_xcom_args' retrieved from /home/airflow/.local/lib/python3.12/site-packages/airflow/example_dags/example_xcomargs.py
[2024-11-13T21:28:59.265+0000] {logging_mixin.py:190} INFO - [2024-11-13T21:28:59.265+0000] {dag.py:3239} INFO - Sync 2 DAGs
[2024-11-13T21:28:59.273+0000] {logging_mixin.py:190} INFO - [2024-11-13T21:28:59.273+0000] {dag.py:4180} INFO - Setting next_dagrun for example_xcom_args to None, run_after=None
[2024-11-13T21:28:59.275+0000] {logging_mixin.py:190} INFO - [2024-11-13T21:28:59.275+0000] {dag.py:4180} INFO - Setting next_dagrun for example_xcom_args_with_operators to None, run_after=None
[2024-11-13T21:28:59.283+0000] {processor.py:208} INFO - Processing /home/airflow/.local/lib/python3.12/site-packages/airflow/example_dags/example_xcomargs.py took 0.048 seconds
[2024-11-13T21:29:29.755+0000] {processor.py:186} INFO - Started process (PID=194) to work on /home/airflow/.local/lib/python3.12/site-packages/airflow/example_dags/example_xcomargs.py
[2024-11-13T21:29:29.759+0000] {processor.py:914} INFO - Processing file /home/airflow/.local/lib/python3.12/site-packages/airflow/example_dags/example_xcomargs.py for tasks to queue
[2024-11-13T21:29:29.760+0000] {logging_mixin.py:190} INFO - [2024-11-13T21:29:29.760+0000] {dagbag.py:588} INFO - Filling up the DagBag from /home/airflow/.local/lib/python3.12/site-packages/airflow/example_dags/example_xcomargs.py
[2024-11-13T21:29:29.768+0000] {processor.py:925} INFO - DAG(s) 'example_xcom_args_with_operators', 'example_xcom_args' retrieved from /home/airflow/.local/lib/python3.12/site-packages/airflow/example_dags/example_xcomargs.py
[2024-11-13T21:29:29.786+0000] {logging_mixin.py:190} INFO - [2024-11-13T21:29:29.786+0000] {dag.py:3239} INFO - Sync 2 DAGs
[2024-11-13T21:29:29.795+0000] {logging_mixin.py:190} INFO - [2024-11-13T21:29:29.795+0000] {dag.py:4180} INFO - Setting next_dagrun for example_xcom_args to None, run_after=None
[2024-11-13T21:29:29.797+0000] {logging_mixin.py:190} INFO - [2024-11-13T21:29:29.797+0000] {dag.py:4180} INFO - Setting next_dagrun for example_xcom_args_with_operators to None, run_after=None
[2024-11-13T21:29:29.805+0000] {processor.py:208} INFO - Processing /home/airflow/.local/lib/python3.12/site-packages/airflow/example_dags/example_xcomargs.py took 0.054 seconds
[2024-11-13T21:29:59.982+0000] {processor.py:186} INFO - Started process (PID=255) to work on /home/airflow/.local/lib/python3.12/site-packages/airflow/example_dags/example_xcomargs.py
[2024-11-13T21:29:59.983+0000] {processor.py:914} INFO - Processing file /home/airflow/.local/lib/python3.12/site-packages/airflow/example_dags/example_xcomargs.py for tasks to queue
[2024-11-13T21:29:59.984+0000] {logging_mixin.py:190} INFO - [2024-11-13T21:29:59.984+0000] {dagbag.py:588} INFO - Filling up the DagBag from /home/airflow/.local/lib/python3.12/site-packages/airflow/example_dags/example_xcomargs.py
[2024-11-13T21:29:59.992+0000] {processor.py:925} INFO - DAG(s) 'example_xcom_args', 'example_xcom_args_with_operators' retrieved from /home/airflow/.local/lib/python3.12/site-packages/airflow/example_dags/example_xcomargs.py
[2024-11-13T21:30:00.011+0000] {logging_mixin.py:190} INFO - [2024-11-13T21:30:00.011+0000] {dag.py:3239} INFO - Sync 2 DAGs
[2024-11-13T21:30:00.018+0000] {logging_mixin.py:190} INFO - [2024-11-13T21:30:00.018+0000] {dag.py:4180} INFO - Setting next_dagrun for example_xcom_args to None, run_after=None
[2024-11-13T21:30:00.020+0000] {logging_mixin.py:190} INFO - [2024-11-13T21:30:00.020+0000] {dag.py:4180} INFO - Setting next_dagrun for example_xcom_args_with_operators to None, run_after=None
[2024-11-13T21:30:00.027+0000] {processor.py:208} INFO - Processing /home/airflow/.local/lib/python3.12/site-packages/airflow/example_dags/example_xcomargs.py took 0.050 seconds
[2024-11-13T21:30:30.149+0000] {processor.py:186} INFO - Started process (PID=318) to work on /home/airflow/.local/lib/python3.12/site-packages/airflow/example_dags/example_xcomargs.py
[2024-11-13T21:30:30.151+0000] {processor.py:914} INFO - Processing file /home/airflow/.local/lib/python3.12/site-packages/airflow/example_dags/example_xcomargs.py for tasks to queue
[2024-11-13T21:30:30.153+0000] {logging_mixin.py:190} INFO - [2024-11-13T21:30:30.153+0000] {dagbag.py:588} INFO - Filling up the DagBag from /home/airflow/.local/lib/python3.12/site-packages/airflow/example_dags/example_xcomargs.py
[2024-11-13T21:30:30.162+0000] {processor.py:925} INFO - DAG(s) 'example_xcom_args_with_operators', 'example_xcom_args' retrieved from /home/airflow/.local/lib/python3.12/site-packages/airflow/example_dags/example_xcomargs.py
[2024-11-13T21:30:30.178+0000] {logging_mixin.py:190} INFO - [2024-11-13T21:30:30.178+0000] {dag.py:3239} INFO - Sync 2 DAGs
[2024-11-13T21:30:30.186+0000] {logging_mixin.py:190} INFO - [2024-11-13T21:30:30.186+0000] {dag.py:4180} INFO - Setting next_dagrun for example_xcom_args to None, run_after=None
[2024-11-13T21:30:30.188+0000] {logging_mixin.py:190} INFO - [2024-11-13T21:30:30.188+0000] {dag.py:4180} INFO - Setting next_dagrun for example_xcom_args_with_operators to None, run_after=None
[2024-11-13T21:30:30.196+0000] {processor.py:208} INFO - Processing /home/airflow/.local/lib/python3.12/site-packages/airflow/example_dags/example_xcomargs.py took 0.054 seconds
[2024-11-13T21:35:02.249+0000] {processor.py:186} INFO - Started process (PID=71) to work on /home/airflow/.local/lib/python3.12/site-packages/airflow/example_dags/example_xcomargs.py
[2024-11-13T21:35:02.249+0000] {processor.py:914} INFO - Processing file /home/airflow/.local/lib/python3.12/site-packages/airflow/example_dags/example_xcomargs.py for tasks to queue
[2024-11-13T21:35:02.250+0000] {logging_mixin.py:190} INFO - [2024-11-13T21:35:02.250+0000] {dagbag.py:588} INFO - Filling up the DagBag from /home/airflow/.local/lib/python3.12/site-packages/airflow/example_dags/example_xcomargs.py
[2024-11-13T21:35:02.256+0000] {processor.py:925} INFO - DAG(s) 'example_xcom_args', 'example_xcom_args_with_operators' retrieved from /home/airflow/.local/lib/python3.12/site-packages/airflow/example_dags/example_xcomargs.py
[2024-11-13T21:35:02.299+0000] {logging_mixin.py:190} INFO - [2024-11-13T21:35:02.299+0000] {override.py:1911} INFO - Created Permission View: can edit on DAG:example_xcom_args
[2024-11-13T21:35:02.302+0000] {logging_mixin.py:190} INFO - [2024-11-13T21:35:02.302+0000] {override.py:1911} INFO - Created Permission View: can delete on DAG:example_xcom_args
[2024-11-13T21:35:02.304+0000] {logging_mixin.py:190} INFO - [2024-11-13T21:35:02.304+0000] {override.py:1911} INFO - Created Permission View: can read on DAG:example_xcom_args
[2024-11-13T21:35:02.307+0000] {logging_mixin.py:190} INFO - [2024-11-13T21:35:02.307+0000] {override.py:1911} INFO - Created Permission View: can create on DAG Run:example_xcom_args
[2024-11-13T21:35:02.308+0000] {logging_mixin.py:190} INFO - [2024-11-13T21:35:02.308+0000] {override.py:1911} INFO - Created Permission View: can delete on DAG Run:example_xcom_args
[2024-11-13T21:35:02.310+0000] {logging_mixin.py:190} INFO - [2024-11-13T21:35:02.310+0000] {override.py:1911} INFO - Created Permission View: menu access on DAG Run:example_xcom_args
[2024-11-13T21:35:02.312+0000] {logging_mixin.py:190} INFO - [2024-11-13T21:35:02.312+0000] {override.py:1911} INFO - Created Permission View: can read on DAG Run:example_xcom_args
[2024-11-13T21:35:02.317+0000] {logging_mixin.py:190} INFO - [2024-11-13T21:35:02.316+0000] {override.py:1911} INFO - Created Permission View: can edit on DAG:example_xcom_args_with_operators
[2024-11-13T21:35:02.318+0000] {logging_mixin.py:190} INFO - [2024-11-13T21:35:02.318+0000] {override.py:1911} INFO - Created Permission View: can delete on DAG:example_xcom_args_with_operators
[2024-11-13T21:35:02.320+0000] {logging_mixin.py:190} INFO - [2024-11-13T21:35:02.320+0000] {override.py:1911} INFO - Created Permission View: can read on DAG:example_xcom_args_with_operators
[2024-11-13T21:35:02.322+0000] {logging_mixin.py:190} INFO - [2024-11-13T21:35:02.322+0000] {override.py:1911} INFO - Created Permission View: can create on DAG Run:example_xcom_args_with_operators
[2024-11-13T21:35:02.325+0000] {logging_mixin.py:190} INFO - [2024-11-13T21:35:02.325+0000] {override.py:1911} INFO - Created Permission View: can delete on DAG Run:example_xcom_args_with_operators
[2024-11-13T21:35:02.327+0000] {logging_mixin.py:190} INFO - [2024-11-13T21:35:02.326+0000] {override.py:1911} INFO - Created Permission View: menu access on DAG Run:example_xcom_args_with_operators
[2024-11-13T21:35:02.328+0000] {logging_mixin.py:190} INFO - [2024-11-13T21:35:02.328+0000] {override.py:1911} INFO - Created Permission View: can read on DAG Run:example_xcom_args_with_operators
[2024-11-13T21:35:02.328+0000] {logging_mixin.py:190} INFO - [2024-11-13T21:35:02.328+0000] {dag.py:3239} INFO - Sync 2 DAGs
[2024-11-13T21:35:02.334+0000] {logging_mixin.py:190} INFO - [2024-11-13T21:35:02.334+0000] {dag.py:3262} INFO - Creating ORM DAG for example_xcom_args_with_operators
[2024-11-13T21:35:02.334+0000] {logging_mixin.py:190} INFO - [2024-11-13T21:35:02.334+0000] {dag.py:3262} INFO - Creating ORM DAG for example_xcom_args
[2024-11-13T21:35:02.335+0000] {logging_mixin.py:190} INFO - [2024-11-13T21:35:02.335+0000] {dag.py:4180} INFO - Setting next_dagrun for example_xcom_args to None, run_after=None
[2024-11-13T21:35:02.335+0000] {logging_mixin.py:190} INFO - [2024-11-13T21:35:02.335+0000] {dag.py:4180} INFO - Setting next_dagrun for example_xcom_args_with_operators to None, run_after=None
[2024-11-13T21:35:02.342+0000] {processor.py:208} INFO - Processing /home/airflow/.local/lib/python3.12/site-packages/airflow/example_dags/example_xcomargs.py took 0.096 seconds
[2024-11-13T21:35:32.694+0000] {processor.py:186} INFO - Started process (PID=133) to work on /home/airflow/.local/lib/python3.12/site-packages/airflow/example_dags/example_xcomargs.py
[2024-11-13T21:35:32.694+0000] {processor.py:914} INFO - Processing file /home/airflow/.local/lib/python3.12/site-packages/airflow/example_dags/example_xcomargs.py for tasks to queue
[2024-11-13T21:35:32.695+0000] {logging_mixin.py:190} INFO - [2024-11-13T21:35:32.695+0000] {dagbag.py:588} INFO - Filling up the DagBag from /home/airflow/.local/lib/python3.12/site-packages/airflow/example_dags/example_xcomargs.py
[2024-11-13T21:35:32.700+0000] {processor.py:925} INFO - DAG(s) 'example_xcom_args', 'example_xcom_args_with_operators' retrieved from /home/airflow/.local/lib/python3.12/site-packages/airflow/example_dags/example_xcomargs.py
[2024-11-13T21:35:32.708+0000] {logging_mixin.py:190} INFO - [2024-11-13T21:35:32.708+0000] {dag.py:3239} INFO - Sync 2 DAGs
[2024-11-13T21:35:32.713+0000] {logging_mixin.py:190} INFO - [2024-11-13T21:35:32.713+0000] {dag.py:4180} INFO - Setting next_dagrun for example_xcom_args to None, run_after=None
[2024-11-13T21:35:32.714+0000] {logging_mixin.py:190} INFO - [2024-11-13T21:35:32.714+0000] {dag.py:4180} INFO - Setting next_dagrun for example_xcom_args_with_operators to None, run_after=None
[2024-11-13T21:35:32.720+0000] {processor.py:208} INFO - Processing /home/airflow/.local/lib/python3.12/site-packages/airflow/example_dags/example_xcomargs.py took 0.029 seconds
[2024-11-13T21:36:03.284+0000] {processor.py:186} INFO - Started process (PID=200) to work on /home/airflow/.local/lib/python3.12/site-packages/airflow/example_dags/example_xcomargs.py
[2024-11-13T21:36:03.284+0000] {processor.py:914} INFO - Processing file /home/airflow/.local/lib/python3.12/site-packages/airflow/example_dags/example_xcomargs.py for tasks to queue
[2024-11-13T21:36:03.285+0000] {logging_mixin.py:190} INFO - [2024-11-13T21:36:03.285+0000] {dagbag.py:588} INFO - Filling up the DagBag from /home/airflow/.local/lib/python3.12/site-packages/airflow/example_dags/example_xcomargs.py
[2024-11-13T21:36:03.291+0000] {processor.py:925} INFO - DAG(s) 'example_xcom_args', 'example_xcom_args_with_operators' retrieved from /home/airflow/.local/lib/python3.12/site-packages/airflow/example_dags/example_xcomargs.py
[2024-11-13T21:36:03.303+0000] {logging_mixin.py:190} INFO - [2024-11-13T21:36:03.303+0000] {dag.py:3239} INFO - Sync 2 DAGs
[2024-11-13T21:36:03.310+0000] {logging_mixin.py:190} INFO - [2024-11-13T21:36:03.309+0000] {dag.py:4180} INFO - Setting next_dagrun for example_xcom_args to None, run_after=None
[2024-11-13T21:36:03.311+0000] {logging_mixin.py:190} INFO - [2024-11-13T21:36:03.311+0000] {dag.py:4180} INFO - Setting next_dagrun for example_xcom_args_with_operators to None, run_after=None
[2024-11-13T21:36:03.319+0000] {processor.py:208} INFO - Processing /home/airflow/.local/lib/python3.12/site-packages/airflow/example_dags/example_xcomargs.py took 0.038 seconds
[2024-11-13T21:36:33.780+0000] {processor.py:186} INFO - Started process (PID=263) to work on /home/airflow/.local/lib/python3.12/site-packages/airflow/example_dags/example_xcomargs.py
[2024-11-13T21:36:33.780+0000] {processor.py:914} INFO - Processing file /home/airflow/.local/lib/python3.12/site-packages/airflow/example_dags/example_xcomargs.py for tasks to queue
[2024-11-13T21:36:33.781+0000] {logging_mixin.py:190} INFO - [2024-11-13T21:36:33.781+0000] {dagbag.py:588} INFO - Filling up the DagBag from /home/airflow/.local/lib/python3.12/site-packages/airflow/example_dags/example_xcomargs.py
[2024-11-13T21:36:33.786+0000] {processor.py:925} INFO - DAG(s) 'example_xcom_args_with_operators', 'example_xcom_args' retrieved from /home/airflow/.local/lib/python3.12/site-packages/airflow/example_dags/example_xcomargs.py
[2024-11-13T21:36:33.798+0000] {logging_mixin.py:190} INFO - [2024-11-13T21:36:33.798+0000] {dag.py:3239} INFO - Sync 2 DAGs
[2024-11-13T21:36:33.808+0000] {logging_mixin.py:190} INFO - [2024-11-13T21:36:33.807+0000] {dag.py:4180} INFO - Setting next_dagrun for example_xcom_args to None, run_after=None
[2024-11-13T21:36:33.810+0000] {logging_mixin.py:190} INFO - [2024-11-13T21:36:33.810+0000] {dag.py:4180} INFO - Setting next_dagrun for example_xcom_args_with_operators to None, run_after=None
[2024-11-13T21:36:33.818+0000] {processor.py:208} INFO - Processing /home/airflow/.local/lib/python3.12/site-packages/airflow/example_dags/example_xcomargs.py took 0.042 seconds
[2024-11-13T21:37:04.289+0000] {processor.py:186} INFO - Started process (PID=333) to work on /home/airflow/.local/lib/python3.12/site-packages/airflow/example_dags/example_xcomargs.py
[2024-11-13T21:37:04.290+0000] {processor.py:914} INFO - Processing file /home/airflow/.local/lib/python3.12/site-packages/airflow/example_dags/example_xcomargs.py for tasks to queue
[2024-11-13T21:37:04.291+0000] {logging_mixin.py:190} INFO - [2024-11-13T21:37:04.291+0000] {dagbag.py:588} INFO - Filling up the DagBag from /home/airflow/.local/lib/python3.12/site-packages/airflow/example_dags/example_xcomargs.py
[2024-11-13T21:37:04.297+0000] {processor.py:925} INFO - DAG(s) 'example_xcom_args', 'example_xcom_args_with_operators' retrieved from /home/airflow/.local/lib/python3.12/site-packages/airflow/example_dags/example_xcomargs.py
[2024-11-13T21:37:04.313+0000] {logging_mixin.py:190} INFO - [2024-11-13T21:37:04.312+0000] {dag.py:3239} INFO - Sync 2 DAGs
[2024-11-13T21:37:04.319+0000] {logging_mixin.py:190} INFO - [2024-11-13T21:37:04.319+0000] {dag.py:4180} INFO - Setting next_dagrun for example_xcom_args to None, run_after=None
[2024-11-13T21:37:04.324+0000] {logging_mixin.py:190} INFO - [2024-11-13T21:37:04.324+0000] {dag.py:4180} INFO - Setting next_dagrun for example_xcom_args_with_operators to None, run_after=None
[2024-11-13T21:37:04.330+0000] {processor.py:208} INFO - Processing /home/airflow/.local/lib/python3.12/site-packages/airflow/example_dags/example_xcomargs.py took 0.043 seconds
[2024-11-13T21:37:34.686+0000] {processor.py:186} INFO - Started process (PID=396) to work on /home/airflow/.local/lib/python3.12/site-packages/airflow/example_dags/example_xcomargs.py
[2024-11-13T21:37:34.686+0000] {processor.py:914} INFO - Processing file /home/airflow/.local/lib/python3.12/site-packages/airflow/example_dags/example_xcomargs.py for tasks to queue
[2024-11-13T21:37:34.687+0000] {logging_mixin.py:190} INFO - [2024-11-13T21:37:34.687+0000] {dagbag.py:588} INFO - Filling up the DagBag from /home/airflow/.local/lib/python3.12/site-packages/airflow/example_dags/example_xcomargs.py
[2024-11-13T21:37:34.691+0000] {processor.py:925} INFO - DAG(s) 'example_xcom_args_with_operators', 'example_xcom_args' retrieved from /home/airflow/.local/lib/python3.12/site-packages/airflow/example_dags/example_xcomargs.py
[2024-11-13T21:37:34.700+0000] {logging_mixin.py:190} INFO - [2024-11-13T21:37:34.700+0000] {dag.py:3239} INFO - Sync 2 DAGs
[2024-11-13T21:37:34.705+0000] {logging_mixin.py:190} INFO - [2024-11-13T21:37:34.705+0000] {dag.py:4180} INFO - Setting next_dagrun for example_xcom_args to None, run_after=None
[2024-11-13T21:37:34.707+0000] {logging_mixin.py:190} INFO - [2024-11-13T21:37:34.707+0000] {dag.py:4180} INFO - Setting next_dagrun for example_xcom_args_with_operators to None, run_after=None
[2024-11-13T21:37:34.712+0000] {processor.py:208} INFO - Processing /home/airflow/.local/lib/python3.12/site-packages/airflow/example_dags/example_xcomargs.py took 0.028 seconds
[2024-11-13T21:38:05.119+0000] {processor.py:186} INFO - Started process (PID=459) to work on /home/airflow/.local/lib/python3.12/site-packages/airflow/example_dags/example_xcomargs.py
[2024-11-13T21:38:05.120+0000] {processor.py:914} INFO - Processing file /home/airflow/.local/lib/python3.12/site-packages/airflow/example_dags/example_xcomargs.py for tasks to queue
[2024-11-13T21:38:05.121+0000] {logging_mixin.py:190} INFO - [2024-11-13T21:38:05.121+0000] {dagbag.py:588} INFO - Filling up the DagBag from /home/airflow/.local/lib/python3.12/site-packages/airflow/example_dags/example_xcomargs.py
[2024-11-13T21:38:05.126+0000] {processor.py:925} INFO - DAG(s) 'example_xcom_args_with_operators', 'example_xcom_args' retrieved from /home/airflow/.local/lib/python3.12/site-packages/airflow/example_dags/example_xcomargs.py
[2024-11-13T21:38:05.135+0000] {logging_mixin.py:190} INFO - [2024-11-13T21:38:05.135+0000] {dag.py:3239} INFO - Sync 2 DAGs
[2024-11-13T21:38:05.140+0000] {logging_mixin.py:190} INFO - [2024-11-13T21:38:05.140+0000] {dag.py:4180} INFO - Setting next_dagrun for example_xcom_args to None, run_after=None
[2024-11-13T21:38:05.141+0000] {logging_mixin.py:190} INFO - [2024-11-13T21:38:05.141+0000] {dag.py:4180} INFO - Setting next_dagrun for example_xcom_args_with_operators to None, run_after=None
[2024-11-13T21:38:05.146+0000] {processor.py:208} INFO - Processing /home/airflow/.local/lib/python3.12/site-packages/airflow/example_dags/example_xcomargs.py took 0.029 seconds
[2024-11-13T23:40:19.743+0000] {processor.py:186} INFO - Started process (PID=64) to work on /home/airflow/.local/lib/python3.12/site-packages/airflow/example_dags/example_xcomargs.py
[2024-11-13T23:40:19.743+0000] {processor.py:914} INFO - Processing file /home/airflow/.local/lib/python3.12/site-packages/airflow/example_dags/example_xcomargs.py for tasks to queue
[2024-11-13T23:40:19.744+0000] {logging_mixin.py:190} INFO - [2024-11-13T23:40:19.744+0000] {dagbag.py:588} INFO - Filling up the DagBag from /home/airflow/.local/lib/python3.12/site-packages/airflow/example_dags/example_xcomargs.py
[2024-11-13T23:40:19.749+0000] {processor.py:925} INFO - DAG(s) 'example_xcom_args_with_operators', 'example_xcom_args' retrieved from /home/airflow/.local/lib/python3.12/site-packages/airflow/example_dags/example_xcomargs.py
[2024-11-13T23:40:19.786+0000] {logging_mixin.py:190} INFO - [2024-11-13T23:40:19.786+0000] {override.py:1911} INFO - Created Permission View: can edit on DAG:example_xcom_args_with_operators
[2024-11-13T23:40:19.789+0000] {logging_mixin.py:190} INFO - [2024-11-13T23:40:19.789+0000] {override.py:1911} INFO - Created Permission View: can delete on DAG:example_xcom_args_with_operators
[2024-11-13T23:40:19.791+0000] {logging_mixin.py:190} INFO - [2024-11-13T23:40:19.791+0000] {override.py:1911} INFO - Created Permission View: can read on DAG:example_xcom_args_with_operators
[2024-11-13T23:40:19.792+0000] {logging_mixin.py:190} INFO - [2024-11-13T23:40:19.792+0000] {override.py:1911} INFO - Created Permission View: can delete on DAG Run:example_xcom_args_with_operators
[2024-11-13T23:40:19.794+0000] {logging_mixin.py:190} INFO - [2024-11-13T23:40:19.794+0000] {override.py:1911} INFO - Created Permission View: menu access on DAG Run:example_xcom_args_with_operators
[2024-11-13T23:40:19.795+0000] {logging_mixin.py:190} INFO - [2024-11-13T23:40:19.795+0000] {override.py:1911} INFO - Created Permission View: can read on DAG Run:example_xcom_args_with_operators
[2024-11-13T23:40:19.797+0000] {logging_mixin.py:190} INFO - [2024-11-13T23:40:19.796+0000] {override.py:1911} INFO - Created Permission View: can create on DAG Run:example_xcom_args_with_operators
[2024-11-13T23:40:19.800+0000] {logging_mixin.py:190} INFO - [2024-11-13T23:40:19.800+0000] {override.py:1911} INFO - Created Permission View: can edit on DAG:example_xcom_args
[2024-11-13T23:40:19.801+0000] {logging_mixin.py:190} INFO - [2024-11-13T23:40:19.801+0000] {override.py:1911} INFO - Created Permission View: can delete on DAG:example_xcom_args
[2024-11-13T23:40:19.803+0000] {logging_mixin.py:190} INFO - [2024-11-13T23:40:19.803+0000] {override.py:1911} INFO - Created Permission View: can read on DAG:example_xcom_args
[2024-11-13T23:40:19.804+0000] {logging_mixin.py:190} INFO - [2024-11-13T23:40:19.804+0000] {override.py:1911} INFO - Created Permission View: can delete on DAG Run:example_xcom_args
[2024-11-13T23:40:19.806+0000] {logging_mixin.py:190} INFO - [2024-11-13T23:40:19.806+0000] {override.py:1911} INFO - Created Permission View: menu access on DAG Run:example_xcom_args
[2024-11-13T23:40:19.808+0000] {logging_mixin.py:190} INFO - [2024-11-13T23:40:19.807+0000] {override.py:1911} INFO - Created Permission View: can read on DAG Run:example_xcom_args
[2024-11-13T23:40:19.809+0000] {logging_mixin.py:190} INFO - [2024-11-13T23:40:19.809+0000] {override.py:1911} INFO - Created Permission View: can create on DAG Run:example_xcom_args
[2024-11-13T23:40:19.809+0000] {logging_mixin.py:190} INFO - [2024-11-13T23:40:19.809+0000] {dag.py:3239} INFO - Sync 2 DAGs
[2024-11-13T23:40:19.814+0000] {logging_mixin.py:190} INFO - [2024-11-13T23:40:19.814+0000] {dag.py:3262} INFO - Creating ORM DAG for example_xcom_args
[2024-11-13T23:40:19.814+0000] {logging_mixin.py:190} INFO - [2024-11-13T23:40:19.814+0000] {dag.py:3262} INFO - Creating ORM DAG for example_xcom_args_with_operators
[2024-11-13T23:40:19.814+0000] {logging_mixin.py:190} INFO - [2024-11-13T23:40:19.814+0000] {dag.py:4180} INFO - Setting next_dagrun for example_xcom_args to None, run_after=None
[2024-11-13T23:40:19.814+0000] {logging_mixin.py:190} INFO - [2024-11-13T23:40:19.814+0000] {dag.py:4180} INFO - Setting next_dagrun for example_xcom_args_with_operators to None, run_after=None
[2024-11-13T23:40:19.820+0000] {processor.py:208} INFO - Processing /home/airflow/.local/lib/python3.12/site-packages/airflow/example_dags/example_xcomargs.py took 0.079 seconds
[2024-11-13T23:40:50.730+0000] {processor.py:186} INFO - Started process (PID=127) to work on /home/airflow/.local/lib/python3.12/site-packages/airflow/example_dags/example_xcomargs.py
[2024-11-13T23:40:50.730+0000] {processor.py:914} INFO - Processing file /home/airflow/.local/lib/python3.12/site-packages/airflow/example_dags/example_xcomargs.py for tasks to queue
[2024-11-13T23:40:50.731+0000] {logging_mixin.py:190} INFO - [2024-11-13T23:40:50.731+0000] {dagbag.py:588} INFO - Filling up the DagBag from /home/airflow/.local/lib/python3.12/site-packages/airflow/example_dags/example_xcomargs.py
[2024-11-13T23:40:50.736+0000] {processor.py:925} INFO - DAG(s) 'example_xcom_args', 'example_xcom_args_with_operators' retrieved from /home/airflow/.local/lib/python3.12/site-packages/airflow/example_dags/example_xcomargs.py
[2024-11-13T23:40:50.745+0000] {logging_mixin.py:190} INFO - [2024-11-13T23:40:50.745+0000] {dag.py:3239} INFO - Sync 2 DAGs
[2024-11-13T23:40:50.751+0000] {logging_mixin.py:190} INFO - [2024-11-13T23:40:50.751+0000] {dag.py:4180} INFO - Setting next_dagrun for example_xcom_args to None, run_after=None
[2024-11-13T23:40:50.753+0000] {logging_mixin.py:190} INFO - [2024-11-13T23:40:50.753+0000] {dag.py:4180} INFO - Setting next_dagrun for example_xcom_args_with_operators to None, run_after=None
[2024-11-13T23:40:50.758+0000] {processor.py:208} INFO - Processing /home/airflow/.local/lib/python3.12/site-packages/airflow/example_dags/example_xcomargs.py took 0.031 seconds
[2024-11-13T23:41:20.987+0000] {processor.py:186} INFO - Started process (PID=188) to work on /home/airflow/.local/lib/python3.12/site-packages/airflow/example_dags/example_xcomargs.py
[2024-11-13T23:41:20.987+0000] {processor.py:914} INFO - Processing file /home/airflow/.local/lib/python3.12/site-packages/airflow/example_dags/example_xcomargs.py for tasks to queue
[2024-11-13T23:41:20.988+0000] {logging_mixin.py:190} INFO - [2024-11-13T23:41:20.988+0000] {dagbag.py:588} INFO - Filling up the DagBag from /home/airflow/.local/lib/python3.12/site-packages/airflow/example_dags/example_xcomargs.py
[2024-11-13T23:41:20.993+0000] {processor.py:925} INFO - DAG(s) 'example_xcom_args_with_operators', 'example_xcom_args' retrieved from /home/airflow/.local/lib/python3.12/site-packages/airflow/example_dags/example_xcomargs.py
[2024-11-13T23:41:21.002+0000] {logging_mixin.py:190} INFO - [2024-11-13T23:41:21.002+0000] {dag.py:3239} INFO - Sync 2 DAGs
[2024-11-13T23:41:21.007+0000] {logging_mixin.py:190} INFO - [2024-11-13T23:41:21.007+0000] {dag.py:4180} INFO - Setting next_dagrun for example_xcom_args to None, run_after=None
[2024-11-13T23:41:21.009+0000] {logging_mixin.py:190} INFO - [2024-11-13T23:41:21.009+0000] {dag.py:4180} INFO - Setting next_dagrun for example_xcom_args_with_operators to None, run_after=None
[2024-11-13T23:41:21.016+0000] {processor.py:208} INFO - Processing /home/airflow/.local/lib/python3.12/site-packages/airflow/example_dags/example_xcomargs.py took 0.032 seconds
[2024-11-13T23:41:51.425+0000] {processor.py:186} INFO - Started process (PID=257) to work on /home/airflow/.local/lib/python3.12/site-packages/airflow/example_dags/example_xcomargs.py
[2024-11-13T23:41:51.426+0000] {processor.py:914} INFO - Processing file /home/airflow/.local/lib/python3.12/site-packages/airflow/example_dags/example_xcomargs.py for tasks to queue
[2024-11-13T23:41:51.428+0000] {logging_mixin.py:190} INFO - [2024-11-13T23:41:51.427+0000] {dagbag.py:588} INFO - Filling up the DagBag from /home/airflow/.local/lib/python3.12/site-packages/airflow/example_dags/example_xcomargs.py
[2024-11-13T23:41:51.432+0000] {processor.py:925} INFO - DAG(s) 'example_xcom_args_with_operators', 'example_xcom_args' retrieved from /home/airflow/.local/lib/python3.12/site-packages/airflow/example_dags/example_xcomargs.py
[2024-11-13T23:41:51.442+0000] {logging_mixin.py:190} INFO - [2024-11-13T23:41:51.442+0000] {dag.py:3239} INFO - Sync 2 DAGs
[2024-11-13T23:41:51.448+0000] {logging_mixin.py:190} INFO - [2024-11-13T23:41:51.448+0000] {dag.py:4180} INFO - Setting next_dagrun for example_xcom_args to None, run_after=None
[2024-11-13T23:41:51.449+0000] {logging_mixin.py:190} INFO - [2024-11-13T23:41:51.449+0000] {dag.py:4180} INFO - Setting next_dagrun for example_xcom_args_with_operators to None, run_after=None
[2024-11-13T23:41:51.457+0000] {processor.py:208} INFO - Processing /home/airflow/.local/lib/python3.12/site-packages/airflow/example_dags/example_xcomargs.py took 0.034 seconds
[2024-11-13T23:42:21.994+0000] {processor.py:186} INFO - Started process (PID=321) to work on /home/airflow/.local/lib/python3.12/site-packages/airflow/example_dags/example_xcomargs.py
[2024-11-13T23:42:21.994+0000] {processor.py:914} INFO - Processing file /home/airflow/.local/lib/python3.12/site-packages/airflow/example_dags/example_xcomargs.py for tasks to queue
[2024-11-13T23:42:21.995+0000] {logging_mixin.py:190} INFO - [2024-11-13T23:42:21.995+0000] {dagbag.py:588} INFO - Filling up the DagBag from /home/airflow/.local/lib/python3.12/site-packages/airflow/example_dags/example_xcomargs.py
[2024-11-13T23:42:22.000+0000] {processor.py:925} INFO - DAG(s) 'example_xcom_args', 'example_xcom_args_with_operators' retrieved from /home/airflow/.local/lib/python3.12/site-packages/airflow/example_dags/example_xcomargs.py
[2024-11-13T23:42:22.010+0000] {logging_mixin.py:190} INFO - [2024-11-13T23:42:22.009+0000] {dag.py:3239} INFO - Sync 2 DAGs
[2024-11-13T23:42:22.016+0000] {logging_mixin.py:190} INFO - [2024-11-13T23:42:22.016+0000] {dag.py:4180} INFO - Setting next_dagrun for example_xcom_args to None, run_after=None
[2024-11-13T23:42:22.017+0000] {logging_mixin.py:190} INFO - [2024-11-13T23:42:22.017+0000] {dag.py:4180} INFO - Setting next_dagrun for example_xcom_args_with_operators to None, run_after=None
[2024-11-13T23:42:22.023+0000] {processor.py:208} INFO - Processing /home/airflow/.local/lib/python3.12/site-packages/airflow/example_dags/example_xcomargs.py took 0.031 seconds
[2024-11-13T23:42:52.320+0000] {processor.py:186} INFO - Started process (PID=383) to work on /home/airflow/.local/lib/python3.12/site-packages/airflow/example_dags/example_xcomargs.py
[2024-11-13T23:42:52.321+0000] {processor.py:914} INFO - Processing file /home/airflow/.local/lib/python3.12/site-packages/airflow/example_dags/example_xcomargs.py for tasks to queue
[2024-11-13T23:42:52.323+0000] {logging_mixin.py:190} INFO - [2024-11-13T23:42:52.323+0000] {dagbag.py:588} INFO - Filling up the DagBag from /home/airflow/.local/lib/python3.12/site-packages/airflow/example_dags/example_xcomargs.py
[2024-11-13T23:42:52.327+0000] {processor.py:925} INFO - DAG(s) 'example_xcom_args', 'example_xcom_args_with_operators' retrieved from /home/airflow/.local/lib/python3.12/site-packages/airflow/example_dags/example_xcomargs.py
[2024-11-13T23:42:52.338+0000] {logging_mixin.py:190} INFO - [2024-11-13T23:42:52.338+0000] {dag.py:3239} INFO - Sync 2 DAGs
[2024-11-13T23:42:52.344+0000] {logging_mixin.py:190} INFO - [2024-11-13T23:42:52.344+0000] {dag.py:4180} INFO - Setting next_dagrun for example_xcom_args to None, run_after=None
[2024-11-13T23:42:52.346+0000] {logging_mixin.py:190} INFO - [2024-11-13T23:42:52.346+0000] {dag.py:4180} INFO - Setting next_dagrun for example_xcom_args_with_operators to None, run_after=None
[2024-11-13T23:42:52.354+0000] {processor.py:208} INFO - Processing /home/airflow/.local/lib/python3.12/site-packages/airflow/example_dags/example_xcomargs.py took 0.036 seconds
[2024-11-13T23:43:23.649+0000] {processor.py:186} INFO - Started process (PID=447) to work on /home/airflow/.local/lib/python3.12/site-packages/airflow/example_dags/example_xcomargs.py
[2024-11-13T23:43:23.650+0000] {processor.py:914} INFO - Processing file /home/airflow/.local/lib/python3.12/site-packages/airflow/example_dags/example_xcomargs.py for tasks to queue
[2024-11-13T23:43:23.652+0000] {logging_mixin.py:190} INFO - [2024-11-13T23:43:23.652+0000] {dagbag.py:588} INFO - Filling up the DagBag from /home/airflow/.local/lib/python3.12/site-packages/airflow/example_dags/example_xcomargs.py
[2024-11-13T23:43:23.656+0000] {processor.py:925} INFO - DAG(s) 'example_xcom_args', 'example_xcom_args_with_operators' retrieved from /home/airflow/.local/lib/python3.12/site-packages/airflow/example_dags/example_xcomargs.py
[2024-11-13T23:43:23.665+0000] {logging_mixin.py:190} INFO - [2024-11-13T23:43:23.665+0000] {dag.py:3239} INFO - Sync 2 DAGs
[2024-11-13T23:43:23.671+0000] {logging_mixin.py:190} INFO - [2024-11-13T23:43:23.671+0000] {dag.py:4180} INFO - Setting next_dagrun for example_xcom_args to None, run_after=None
[2024-11-13T23:43:23.674+0000] {logging_mixin.py:190} INFO - [2024-11-13T23:43:23.674+0000] {dag.py:4180} INFO - Setting next_dagrun for example_xcom_args_with_operators to None, run_after=None
[2024-11-13T23:43:23.682+0000] {processor.py:208} INFO - Processing /home/airflow/.local/lib/python3.12/site-packages/airflow/example_dags/example_xcomargs.py took 0.036 seconds
[2024-11-13T23:43:54.851+0000] {processor.py:186} INFO - Started process (PID=510) to work on /home/airflow/.local/lib/python3.12/site-packages/airflow/example_dags/example_xcomargs.py
[2024-11-13T23:43:54.852+0000] {processor.py:914} INFO - Processing file /home/airflow/.local/lib/python3.12/site-packages/airflow/example_dags/example_xcomargs.py for tasks to queue
[2024-11-13T23:43:54.853+0000] {logging_mixin.py:190} INFO - [2024-11-13T23:43:54.853+0000] {dagbag.py:588} INFO - Filling up the DagBag from /home/airflow/.local/lib/python3.12/site-packages/airflow/example_dags/example_xcomargs.py
[2024-11-13T23:43:54.858+0000] {processor.py:925} INFO - DAG(s) 'example_xcom_args_with_operators', 'example_xcom_args' retrieved from /home/airflow/.local/lib/python3.12/site-packages/airflow/example_dags/example_xcomargs.py
[2024-11-13T23:43:54.867+0000] {logging_mixin.py:190} INFO - [2024-11-13T23:43:54.867+0000] {dag.py:3239} INFO - Sync 2 DAGs
[2024-11-13T23:43:54.873+0000] {logging_mixin.py:190} INFO - [2024-11-13T23:43:54.873+0000] {dag.py:4180} INFO - Setting next_dagrun for example_xcom_args to None, run_after=None
[2024-11-13T23:43:54.876+0000] {logging_mixin.py:190} INFO - [2024-11-13T23:43:54.876+0000] {dag.py:4180} INFO - Setting next_dagrun for example_xcom_args_with_operators to None, run_after=None
[2024-11-13T23:43:54.882+0000] {processor.py:208} INFO - Processing /home/airflow/.local/lib/python3.12/site-packages/airflow/example_dags/example_xcomargs.py took 0.033 seconds
[2024-11-13T23:44:26.169+0000] {processor.py:186} INFO - Started process (PID=573) to work on /home/airflow/.local/lib/python3.12/site-packages/airflow/example_dags/example_xcomargs.py
[2024-11-13T23:44:26.169+0000] {processor.py:914} INFO - Processing file /home/airflow/.local/lib/python3.12/site-packages/airflow/example_dags/example_xcomargs.py for tasks to queue
[2024-11-13T23:44:26.170+0000] {logging_mixin.py:190} INFO - [2024-11-13T23:44:26.170+0000] {dagbag.py:588} INFO - Filling up the DagBag from /home/airflow/.local/lib/python3.12/site-packages/airflow/example_dags/example_xcomargs.py
[2024-11-13T23:44:26.174+0000] {processor.py:925} INFO - DAG(s) 'example_xcom_args', 'example_xcom_args_with_operators' retrieved from /home/airflow/.local/lib/python3.12/site-packages/airflow/example_dags/example_xcomargs.py
[2024-11-13T23:44:26.183+0000] {logging_mixin.py:190} INFO - [2024-11-13T23:44:26.183+0000] {dag.py:3239} INFO - Sync 2 DAGs
[2024-11-13T23:44:26.190+0000] {logging_mixin.py:190} INFO - [2024-11-13T23:44:26.190+0000] {dag.py:4180} INFO - Setting next_dagrun for example_xcom_args to None, run_after=None
[2024-11-13T23:44:26.191+0000] {logging_mixin.py:190} INFO - [2024-11-13T23:44:26.191+0000] {dag.py:4180} INFO - Setting next_dagrun for example_xcom_args_with_operators to None, run_after=None
[2024-11-13T23:44:26.197+0000] {processor.py:208} INFO - Processing /home/airflow/.local/lib/python3.12/site-packages/airflow/example_dags/example_xcomargs.py took 0.030 seconds
[2024-11-13T23:44:57.449+0000] {processor.py:186} INFO - Started process (PID=636) to work on /home/airflow/.local/lib/python3.12/site-packages/airflow/example_dags/example_xcomargs.py
[2024-11-13T23:44:57.449+0000] {processor.py:914} INFO - Processing file /home/airflow/.local/lib/python3.12/site-packages/airflow/example_dags/example_xcomargs.py for tasks to queue
[2024-11-13T23:44:57.450+0000] {logging_mixin.py:190} INFO - [2024-11-13T23:44:57.450+0000] {dagbag.py:588} INFO - Filling up the DagBag from /home/airflow/.local/lib/python3.12/site-packages/airflow/example_dags/example_xcomargs.py
[2024-11-13T23:44:57.454+0000] {processor.py:925} INFO - DAG(s) 'example_xcom_args', 'example_xcom_args_with_operators' retrieved from /home/airflow/.local/lib/python3.12/site-packages/airflow/example_dags/example_xcomargs.py
[2024-11-13T23:44:57.462+0000] {logging_mixin.py:190} INFO - [2024-11-13T23:44:57.462+0000] {dag.py:3239} INFO - Sync 2 DAGs
[2024-11-13T23:44:57.468+0000] {logging_mixin.py:190} INFO - [2024-11-13T23:44:57.468+0000] {dag.py:4180} INFO - Setting next_dagrun for example_xcom_args to None, run_after=None
[2024-11-13T23:44:57.469+0000] {logging_mixin.py:190} INFO - [2024-11-13T23:44:57.469+0000] {dag.py:4180} INFO - Setting next_dagrun for example_xcom_args_with_operators to None, run_after=None
[2024-11-13T23:44:57.474+0000] {processor.py:208} INFO - Processing /home/airflow/.local/lib/python3.12/site-packages/airflow/example_dags/example_xcomargs.py took 0.027 seconds
[2024-11-13T23:45:28.664+0000] {processor.py:186} INFO - Started process (PID=699) to work on /home/airflow/.local/lib/python3.12/site-packages/airflow/example_dags/example_xcomargs.py
[2024-11-13T23:45:28.664+0000] {processor.py:914} INFO - Processing file /home/airflow/.local/lib/python3.12/site-packages/airflow/example_dags/example_xcomargs.py for tasks to queue
[2024-11-13T23:45:28.665+0000] {logging_mixin.py:190} INFO - [2024-11-13T23:45:28.665+0000] {dagbag.py:588} INFO - Filling up the DagBag from /home/airflow/.local/lib/python3.12/site-packages/airflow/example_dags/example_xcomargs.py
[2024-11-13T23:45:28.669+0000] {processor.py:925} INFO - DAG(s) 'example_xcom_args_with_operators', 'example_xcom_args' retrieved from /home/airflow/.local/lib/python3.12/site-packages/airflow/example_dags/example_xcomargs.py
[2024-11-13T23:45:28.679+0000] {logging_mixin.py:190} INFO - [2024-11-13T23:45:28.679+0000] {dag.py:3239} INFO - Sync 2 DAGs
[2024-11-13T23:45:28.685+0000] {logging_mixin.py:190} INFO - [2024-11-13T23:45:28.685+0000] {dag.py:4180} INFO - Setting next_dagrun for example_xcom_args to None, run_after=None
[2024-11-13T23:45:28.687+0000] {logging_mixin.py:190} INFO - [2024-11-13T23:45:28.686+0000] {dag.py:4180} INFO - Setting next_dagrun for example_xcom_args_with_operators to None, run_after=None
[2024-11-13T23:45:28.692+0000] {processor.py:208} INFO - Processing /home/airflow/.local/lib/python3.12/site-packages/airflow/example_dags/example_xcomargs.py took 0.031 seconds
[2024-11-13T23:45:59.824+0000] {processor.py:186} INFO - Started process (PID=762) to work on /home/airflow/.local/lib/python3.12/site-packages/airflow/example_dags/example_xcomargs.py
[2024-11-13T23:45:59.824+0000] {processor.py:914} INFO - Processing file /home/airflow/.local/lib/python3.12/site-packages/airflow/example_dags/example_xcomargs.py for tasks to queue
[2024-11-13T23:45:59.826+0000] {logging_mixin.py:190} INFO - [2024-11-13T23:45:59.825+0000] {dagbag.py:588} INFO - Filling up the DagBag from /home/airflow/.local/lib/python3.12/site-packages/airflow/example_dags/example_xcomargs.py
[2024-11-13T23:45:59.830+0000] {processor.py:925} INFO - DAG(s) 'example_xcom_args', 'example_xcom_args_with_operators' retrieved from /home/airflow/.local/lib/python3.12/site-packages/airflow/example_dags/example_xcomargs.py
[2024-11-13T23:45:59.838+0000] {logging_mixin.py:190} INFO - [2024-11-13T23:45:59.838+0000] {dag.py:3239} INFO - Sync 2 DAGs
[2024-11-13T23:45:59.844+0000] {logging_mixin.py:190} INFO - [2024-11-13T23:45:59.844+0000] {dag.py:4180} INFO - Setting next_dagrun for example_xcom_args to None, run_after=None
[2024-11-13T23:45:59.846+0000] {logging_mixin.py:190} INFO - [2024-11-13T23:45:59.846+0000] {dag.py:4180} INFO - Setting next_dagrun for example_xcom_args_with_operators to None, run_after=None
[2024-11-13T23:45:59.851+0000] {processor.py:208} INFO - Processing /home/airflow/.local/lib/python3.12/site-packages/airflow/example_dags/example_xcomargs.py took 0.030 seconds
[2024-11-13T23:46:31.106+0000] {processor.py:186} INFO - Started process (PID=825) to work on /home/airflow/.local/lib/python3.12/site-packages/airflow/example_dags/example_xcomargs.py
[2024-11-13T23:46:31.106+0000] {processor.py:914} INFO - Processing file /home/airflow/.local/lib/python3.12/site-packages/airflow/example_dags/example_xcomargs.py for tasks to queue
[2024-11-13T23:46:31.107+0000] {logging_mixin.py:190} INFO - [2024-11-13T23:46:31.107+0000] {dagbag.py:588} INFO - Filling up the DagBag from /home/airflow/.local/lib/python3.12/site-packages/airflow/example_dags/example_xcomargs.py
[2024-11-13T23:46:31.111+0000] {processor.py:925} INFO - DAG(s) 'example_xcom_args', 'example_xcom_args_with_operators' retrieved from /home/airflow/.local/lib/python3.12/site-packages/airflow/example_dags/example_xcomargs.py
[2024-11-13T23:46:31.119+0000] {logging_mixin.py:190} INFO - [2024-11-13T23:46:31.119+0000] {dag.py:3239} INFO - Sync 2 DAGs
[2024-11-13T23:46:31.125+0000] {logging_mixin.py:190} INFO - [2024-11-13T23:46:31.125+0000] {dag.py:4180} INFO - Setting next_dagrun for example_xcom_args to None, run_after=None
[2024-11-13T23:46:31.126+0000] {logging_mixin.py:190} INFO - [2024-11-13T23:46:31.126+0000] {dag.py:4180} INFO - Setting next_dagrun for example_xcom_args_with_operators to None, run_after=None
[2024-11-13T23:46:31.132+0000] {processor.py:208} INFO - Processing /home/airflow/.local/lib/python3.12/site-packages/airflow/example_dags/example_xcomargs.py took 0.028 seconds
[2024-11-13T23:47:02.433+0000] {processor.py:186} INFO - Started process (PID=888) to work on /home/airflow/.local/lib/python3.12/site-packages/airflow/example_dags/example_xcomargs.py
[2024-11-13T23:47:02.434+0000] {processor.py:914} INFO - Processing file /home/airflow/.local/lib/python3.12/site-packages/airflow/example_dags/example_xcomargs.py for tasks to queue
[2024-11-13T23:47:02.435+0000] {logging_mixin.py:190} INFO - [2024-11-13T23:47:02.435+0000] {dagbag.py:588} INFO - Filling up the DagBag from /home/airflow/.local/lib/python3.12/site-packages/airflow/example_dags/example_xcomargs.py
[2024-11-13T23:47:02.439+0000] {processor.py:925} INFO - DAG(s) 'example_xcom_args_with_operators', 'example_xcom_args' retrieved from /home/airflow/.local/lib/python3.12/site-packages/airflow/example_dags/example_xcomargs.py
[2024-11-13T23:47:02.448+0000] {logging_mixin.py:190} INFO - [2024-11-13T23:47:02.448+0000] {dag.py:3239} INFO - Sync 2 DAGs
[2024-11-13T23:47:02.454+0000] {logging_mixin.py:190} INFO - [2024-11-13T23:47:02.453+0000] {dag.py:4180} INFO - Setting next_dagrun for example_xcom_args to None, run_after=None
[2024-11-13T23:47:02.455+0000] {logging_mixin.py:190} INFO - [2024-11-13T23:47:02.455+0000] {dag.py:4180} INFO - Setting next_dagrun for example_xcom_args_with_operators to None, run_after=None
[2024-11-13T23:47:02.460+0000] {processor.py:208} INFO - Processing /home/airflow/.local/lib/python3.12/site-packages/airflow/example_dags/example_xcomargs.py took 0.029 seconds
[2024-11-13T23:47:33.705+0000] {processor.py:186} INFO - Started process (PID=951) to work on /home/airflow/.local/lib/python3.12/site-packages/airflow/example_dags/example_xcomargs.py
[2024-11-13T23:47:33.705+0000] {processor.py:914} INFO - Processing file /home/airflow/.local/lib/python3.12/site-packages/airflow/example_dags/example_xcomargs.py for tasks to queue
[2024-11-13T23:47:33.706+0000] {logging_mixin.py:190} INFO - [2024-11-13T23:47:33.706+0000] {dagbag.py:588} INFO - Filling up the DagBag from /home/airflow/.local/lib/python3.12/site-packages/airflow/example_dags/example_xcomargs.py
[2024-11-13T23:47:33.710+0000] {processor.py:925} INFO - DAG(s) 'example_xcom_args', 'example_xcom_args_with_operators' retrieved from /home/airflow/.local/lib/python3.12/site-packages/airflow/example_dags/example_xcomargs.py
[2024-11-13T23:47:33.719+0000] {logging_mixin.py:190} INFO - [2024-11-13T23:47:33.719+0000] {dag.py:3239} INFO - Sync 2 DAGs
[2024-11-13T23:47:33.725+0000] {logging_mixin.py:190} INFO - [2024-11-13T23:47:33.725+0000] {dag.py:4180} INFO - Setting next_dagrun for example_xcom_args to None, run_after=None
[2024-11-13T23:47:33.726+0000] {logging_mixin.py:190} INFO - [2024-11-13T23:47:33.726+0000] {dag.py:4180} INFO - Setting next_dagrun for example_xcom_args_with_operators to None, run_after=None
[2024-11-13T23:47:33.732+0000] {processor.py:208} INFO - Processing /home/airflow/.local/lib/python3.12/site-packages/airflow/example_dags/example_xcomargs.py took 0.029 seconds
