[2024-11-13T21:28:29.897+0000] {processor.py:186} INFO - Started process (PID=92) to work on /home/airflow/.local/lib/python3.12/site-packages/airflow/example_dags/example_trigger_target_dag.py
[2024-11-13T21:28:29.897+0000] {processor.py:914} INFO - Processing file /home/airflow/.local/lib/python3.12/site-packages/airflow/example_dags/example_trigger_target_dag.py for tasks to queue
[2024-11-13T21:28:29.898+0000] {logging_mixin.py:190} INFO - [2024-11-13T21:28:29.898+0000] {dagbag.py:588} INFO - Filling up the DagBag from /home/airflow/.local/lib/python3.12/site-packages/airflow/example_dags/example_trigger_target_dag.py
[2024-11-13T21:28:29.902+0000] {processor.py:925} INFO - DAG(s) 'example_trigger_target_dag' retrieved from /home/airflow/.local/lib/python3.12/site-packages/airflow/example_dags/example_trigger_target_dag.py
[2024-11-13T21:28:29.939+0000] {logging_mixin.py:190} INFO - [2024-11-13T21:28:29.938+0000] {override.py:1911} INFO - Created Permission View: can edit on DAG:example_trigger_target_dag
[2024-11-13T21:28:29.941+0000] {logging_mixin.py:190} INFO - [2024-11-13T21:28:29.941+0000] {override.py:1911} INFO - Created Permission View: can read on DAG:example_trigger_target_dag
[2024-11-13T21:28:29.943+0000] {logging_mixin.py:190} INFO - [2024-11-13T21:28:29.943+0000] {override.py:1911} INFO - Created Permission View: can delete on DAG:example_trigger_target_dag
[2024-11-13T21:28:29.945+0000] {logging_mixin.py:190} INFO - [2024-11-13T21:28:29.945+0000] {override.py:1911} INFO - Created Permission View: can delete on DAG Run:example_trigger_target_dag
[2024-11-13T21:28:29.947+0000] {logging_mixin.py:190} INFO - [2024-11-13T21:28:29.947+0000] {override.py:1911} INFO - Created Permission View: can read on DAG Run:example_trigger_target_dag
[2024-11-13T21:28:29.948+0000] {logging_mixin.py:190} INFO - [2024-11-13T21:28:29.948+0000] {override.py:1911} INFO - Created Permission View: menu access on DAG Run:example_trigger_target_dag
[2024-11-13T21:28:29.950+0000] {logging_mixin.py:190} INFO - [2024-11-13T21:28:29.950+0000] {override.py:1911} INFO - Created Permission View: can create on DAG Run:example_trigger_target_dag
[2024-11-13T21:28:29.950+0000] {logging_mixin.py:190} INFO - [2024-11-13T21:28:29.950+0000] {dag.py:3239} INFO - Sync 1 DAGs
[2024-11-13T21:28:29.954+0000] {logging_mixin.py:190} INFO - [2024-11-13T21:28:29.954+0000] {dag.py:3262} INFO - Creating ORM DAG for example_trigger_target_dag
[2024-11-13T21:28:29.955+0000] {logging_mixin.py:190} INFO - [2024-11-13T21:28:29.955+0000] {dag.py:4180} INFO - Setting next_dagrun for example_trigger_target_dag to None, run_after=None
[2024-11-13T21:28:29.960+0000] {processor.py:208} INFO - Processing /home/airflow/.local/lib/python3.12/site-packages/airflow/example_dags/example_trigger_target_dag.py took 0.065 seconds
[2024-11-13T21:29:00.457+0000] {processor.py:186} INFO - Started process (PID=154) to work on /home/airflow/.local/lib/python3.12/site-packages/airflow/example_dags/example_trigger_target_dag.py
[2024-11-13T21:29:00.457+0000] {processor.py:914} INFO - Processing file /home/airflow/.local/lib/python3.12/site-packages/airflow/example_dags/example_trigger_target_dag.py for tasks to queue
[2024-11-13T21:29:00.458+0000] {logging_mixin.py:190} INFO - [2024-11-13T21:29:00.458+0000] {dagbag.py:588} INFO - Filling up the DagBag from /home/airflow/.local/lib/python3.12/site-packages/airflow/example_dags/example_trigger_target_dag.py
[2024-11-13T21:29:00.461+0000] {processor.py:925} INFO - DAG(s) 'example_trigger_target_dag' retrieved from /home/airflow/.local/lib/python3.12/site-packages/airflow/example_dags/example_trigger_target_dag.py
[2024-11-13T21:29:00.470+0000] {logging_mixin.py:190} INFO - [2024-11-13T21:29:00.469+0000] {dag.py:3239} INFO - Sync 1 DAGs
[2024-11-13T21:29:00.475+0000] {logging_mixin.py:190} INFO - [2024-11-13T21:29:00.475+0000] {dag.py:4180} INFO - Setting next_dagrun for example_trigger_target_dag to None, run_after=None
[2024-11-13T21:29:00.482+0000] {processor.py:208} INFO - Processing /home/airflow/.local/lib/python3.12/site-packages/airflow/example_dags/example_trigger_target_dag.py took 0.028 seconds
[2024-11-13T21:29:30.719+0000] {processor.py:186} INFO - Started process (PID=222) to work on /home/airflow/.local/lib/python3.12/site-packages/airflow/example_dags/example_trigger_target_dag.py
[2024-11-13T21:29:30.719+0000] {processor.py:914} INFO - Processing file /home/airflow/.local/lib/python3.12/site-packages/airflow/example_dags/example_trigger_target_dag.py for tasks to queue
[2024-11-13T21:29:30.721+0000] {logging_mixin.py:190} INFO - [2024-11-13T21:29:30.720+0000] {dagbag.py:588} INFO - Filling up the DagBag from /home/airflow/.local/lib/python3.12/site-packages/airflow/example_dags/example_trigger_target_dag.py
[2024-11-13T21:29:30.724+0000] {processor.py:925} INFO - DAG(s) 'example_trigger_target_dag' retrieved from /home/airflow/.local/lib/python3.12/site-packages/airflow/example_dags/example_trigger_target_dag.py
[2024-11-13T21:29:30.732+0000] {logging_mixin.py:190} INFO - [2024-11-13T21:29:30.732+0000] {dag.py:3239} INFO - Sync 1 DAGs
[2024-11-13T21:29:30.738+0000] {logging_mixin.py:190} INFO - [2024-11-13T21:29:30.738+0000] {dag.py:4180} INFO - Setting next_dagrun for example_trigger_target_dag to None, run_after=None
[2024-11-13T21:29:30.745+0000] {processor.py:208} INFO - Processing /home/airflow/.local/lib/python3.12/site-packages/airflow/example_dags/example_trigger_target_dag.py took 0.029 seconds
[2024-11-13T21:30:00.962+0000] {processor.py:186} INFO - Started process (PID=285) to work on /home/airflow/.local/lib/python3.12/site-packages/airflow/example_dags/example_trigger_target_dag.py
[2024-11-13T21:30:00.963+0000] {processor.py:914} INFO - Processing file /home/airflow/.local/lib/python3.12/site-packages/airflow/example_dags/example_trigger_target_dag.py for tasks to queue
[2024-11-13T21:30:00.964+0000] {logging_mixin.py:190} INFO - [2024-11-13T21:30:00.964+0000] {dagbag.py:588} INFO - Filling up the DagBag from /home/airflow/.local/lib/python3.12/site-packages/airflow/example_dags/example_trigger_target_dag.py
[2024-11-13T21:30:00.968+0000] {processor.py:925} INFO - DAG(s) 'example_trigger_target_dag' retrieved from /home/airflow/.local/lib/python3.12/site-packages/airflow/example_dags/example_trigger_target_dag.py
[2024-11-13T21:30:00.976+0000] {logging_mixin.py:190} INFO - [2024-11-13T21:30:00.976+0000] {dag.py:3239} INFO - Sync 1 DAGs
[2024-11-13T21:30:00.981+0000] {logging_mixin.py:190} INFO - [2024-11-13T21:30:00.981+0000] {dag.py:4180} INFO - Setting next_dagrun for example_trigger_target_dag to None, run_after=None
[2024-11-13T21:30:00.989+0000] {processor.py:208} INFO - Processing /home/airflow/.local/lib/python3.12/site-packages/airflow/example_dags/example_trigger_target_dag.py took 0.029 seconds
[2024-11-13T21:30:32.145+0000] {processor.py:186} INFO - Started process (PID=348) to work on /home/airflow/.local/lib/python3.12/site-packages/airflow/example_dags/example_trigger_target_dag.py
[2024-11-13T21:30:32.145+0000] {processor.py:914} INFO - Processing file /home/airflow/.local/lib/python3.12/site-packages/airflow/example_dags/example_trigger_target_dag.py for tasks to queue
[2024-11-13T21:30:32.147+0000] {logging_mixin.py:190} INFO - [2024-11-13T21:30:32.146+0000] {dagbag.py:588} INFO - Filling up the DagBag from /home/airflow/.local/lib/python3.12/site-packages/airflow/example_dags/example_trigger_target_dag.py
[2024-11-13T21:30:32.153+0000] {processor.py:925} INFO - DAG(s) 'example_trigger_target_dag' retrieved from /home/airflow/.local/lib/python3.12/site-packages/airflow/example_dags/example_trigger_target_dag.py
[2024-11-13T21:30:32.162+0000] {logging_mixin.py:190} INFO - [2024-11-13T21:30:32.162+0000] {dag.py:3239} INFO - Sync 1 DAGs
[2024-11-13T21:30:32.168+0000] {logging_mixin.py:190} INFO - [2024-11-13T21:30:32.168+0000] {dag.py:4180} INFO - Setting next_dagrun for example_trigger_target_dag to None, run_after=None
[2024-11-13T21:30:32.176+0000] {processor.py:208} INFO - Processing /home/airflow/.local/lib/python3.12/site-packages/airflow/example_dags/example_trigger_target_dag.py took 0.034 seconds
[2024-11-13T21:35:04.081+0000] {processor.py:186} INFO - Started process (PID=100) to work on /home/airflow/.local/lib/python3.12/site-packages/airflow/example_dags/example_trigger_target_dag.py
[2024-11-13T21:35:04.082+0000] {processor.py:914} INFO - Processing file /home/airflow/.local/lib/python3.12/site-packages/airflow/example_dags/example_trigger_target_dag.py for tasks to queue
[2024-11-13T21:35:04.083+0000] {logging_mixin.py:190} INFO - [2024-11-13T21:35:04.083+0000] {dagbag.py:588} INFO - Filling up the DagBag from /home/airflow/.local/lib/python3.12/site-packages/airflow/example_dags/example_trigger_target_dag.py
[2024-11-13T21:35:04.090+0000] {processor.py:925} INFO - DAG(s) 'example_trigger_target_dag' retrieved from /home/airflow/.local/lib/python3.12/site-packages/airflow/example_dags/example_trigger_target_dag.py
[2024-11-13T21:35:04.136+0000] {logging_mixin.py:190} INFO - [2024-11-13T21:35:04.136+0000] {override.py:1911} INFO - Created Permission View: can edit on DAG:example_trigger_target_dag
[2024-11-13T21:35:04.140+0000] {logging_mixin.py:190} INFO - [2024-11-13T21:35:04.140+0000] {override.py:1911} INFO - Created Permission View: can delete on DAG:example_trigger_target_dag
[2024-11-13T21:35:04.145+0000] {logging_mixin.py:190} INFO - [2024-11-13T21:35:04.145+0000] {override.py:1911} INFO - Created Permission View: can read on DAG:example_trigger_target_dag
[2024-11-13T21:35:04.147+0000] {logging_mixin.py:190} INFO - [2024-11-13T21:35:04.147+0000] {override.py:1911} INFO - Created Permission View: can create on DAG Run:example_trigger_target_dag
[2024-11-13T21:35:04.149+0000] {logging_mixin.py:190} INFO - [2024-11-13T21:35:04.149+0000] {override.py:1911} INFO - Created Permission View: can delete on DAG Run:example_trigger_target_dag
[2024-11-13T21:35:04.151+0000] {logging_mixin.py:190} INFO - [2024-11-13T21:35:04.151+0000] {override.py:1911} INFO - Created Permission View: menu access on DAG Run:example_trigger_target_dag
[2024-11-13T21:35:04.154+0000] {logging_mixin.py:190} INFO - [2024-11-13T21:35:04.154+0000] {override.py:1911} INFO - Created Permission View: can read on DAG Run:example_trigger_target_dag
[2024-11-13T21:35:04.155+0000] {logging_mixin.py:190} INFO - [2024-11-13T21:35:04.155+0000] {dag.py:3239} INFO - Sync 1 DAGs
[2024-11-13T21:35:04.159+0000] {logging_mixin.py:190} INFO - [2024-11-13T21:35:04.159+0000] {dag.py:3262} INFO - Creating ORM DAG for example_trigger_target_dag
[2024-11-13T21:35:04.160+0000] {logging_mixin.py:190} INFO - [2024-11-13T21:35:04.160+0000] {dag.py:4180} INFO - Setting next_dagrun for example_trigger_target_dag to None, run_after=None
[2024-11-13T21:35:04.167+0000] {processor.py:208} INFO - Processing /home/airflow/.local/lib/python3.12/site-packages/airflow/example_dags/example_trigger_target_dag.py took 0.088 seconds
[2024-11-13T21:35:34.871+0000] {processor.py:186} INFO - Started process (PID=163) to work on /home/airflow/.local/lib/python3.12/site-packages/airflow/example_dags/example_trigger_target_dag.py
[2024-11-13T21:35:34.872+0000] {processor.py:914} INFO - Processing file /home/airflow/.local/lib/python3.12/site-packages/airflow/example_dags/example_trigger_target_dag.py for tasks to queue
[2024-11-13T21:35:34.873+0000] {logging_mixin.py:190} INFO - [2024-11-13T21:35:34.873+0000] {dagbag.py:588} INFO - Filling up the DagBag from /home/airflow/.local/lib/python3.12/site-packages/airflow/example_dags/example_trigger_target_dag.py
[2024-11-13T21:35:34.878+0000] {processor.py:925} INFO - DAG(s) 'example_trigger_target_dag' retrieved from /home/airflow/.local/lib/python3.12/site-packages/airflow/example_dags/example_trigger_target_dag.py
[2024-11-13T21:35:34.888+0000] {logging_mixin.py:190} INFO - [2024-11-13T21:35:34.888+0000] {dag.py:3239} INFO - Sync 1 DAGs
[2024-11-13T21:35:34.894+0000] {logging_mixin.py:190} INFO - [2024-11-13T21:35:34.894+0000] {dag.py:4180} INFO - Setting next_dagrun for example_trigger_target_dag to None, run_after=None
[2024-11-13T21:35:34.900+0000] {processor.py:208} INFO - Processing /home/airflow/.local/lib/python3.12/site-packages/airflow/example_dags/example_trigger_target_dag.py took 0.031 seconds
[2024-11-13T21:36:05.377+0000] {processor.py:186} INFO - Started process (PID=230) to work on /home/airflow/.local/lib/python3.12/site-packages/airflow/example_dags/example_trigger_target_dag.py
[2024-11-13T21:36:05.378+0000] {processor.py:914} INFO - Processing file /home/airflow/.local/lib/python3.12/site-packages/airflow/example_dags/example_trigger_target_dag.py for tasks to queue
[2024-11-13T21:36:05.380+0000] {logging_mixin.py:190} INFO - [2024-11-13T21:36:05.380+0000] {dagbag.py:588} INFO - Filling up the DagBag from /home/airflow/.local/lib/python3.12/site-packages/airflow/example_dags/example_trigger_target_dag.py
[2024-11-13T21:36:05.385+0000] {processor.py:925} INFO - DAG(s) 'example_trigger_target_dag' retrieved from /home/airflow/.local/lib/python3.12/site-packages/airflow/example_dags/example_trigger_target_dag.py
[2024-11-13T21:36:05.398+0000] {logging_mixin.py:190} INFO - [2024-11-13T21:36:05.398+0000] {dag.py:3239} INFO - Sync 1 DAGs
[2024-11-13T21:36:05.403+0000] {logging_mixin.py:190} INFO - [2024-11-13T21:36:05.403+0000] {dag.py:4180} INFO - Setting next_dagrun for example_trigger_target_dag to None, run_after=None
[2024-11-13T21:36:05.410+0000] {processor.py:208} INFO - Processing /home/airflow/.local/lib/python3.12/site-packages/airflow/example_dags/example_trigger_target_dag.py took 0.035 seconds
[2024-11-13T21:36:35.879+0000] {processor.py:186} INFO - Started process (PID=293) to work on /home/airflow/.local/lib/python3.12/site-packages/airflow/example_dags/example_trigger_target_dag.py
[2024-11-13T21:36:35.880+0000] {processor.py:914} INFO - Processing file /home/airflow/.local/lib/python3.12/site-packages/airflow/example_dags/example_trigger_target_dag.py for tasks to queue
[2024-11-13T21:36:35.882+0000] {logging_mixin.py:190} INFO - [2024-11-13T21:36:35.881+0000] {dagbag.py:588} INFO - Filling up the DagBag from /home/airflow/.local/lib/python3.12/site-packages/airflow/example_dags/example_trigger_target_dag.py
[2024-11-13T21:36:35.887+0000] {processor.py:925} INFO - DAG(s) 'example_trigger_target_dag' retrieved from /home/airflow/.local/lib/python3.12/site-packages/airflow/example_dags/example_trigger_target_dag.py
[2024-11-13T21:36:35.899+0000] {logging_mixin.py:190} INFO - [2024-11-13T21:36:35.898+0000] {dag.py:3239} INFO - Sync 1 DAGs
[2024-11-13T21:36:35.905+0000] {logging_mixin.py:190} INFO - [2024-11-13T21:36:35.905+0000] {dag.py:4180} INFO - Setting next_dagrun for example_trigger_target_dag to None, run_after=None
[2024-11-13T21:36:35.912+0000] {processor.py:208} INFO - Processing /home/airflow/.local/lib/python3.12/site-packages/airflow/example_dags/example_trigger_target_dag.py took 0.035 seconds
[2024-11-13T21:37:06.312+0000] {processor.py:186} INFO - Started process (PID=356) to work on /home/airflow/.local/lib/python3.12/site-packages/airflow/example_dags/example_trigger_target_dag.py
[2024-11-13T21:37:06.312+0000] {processor.py:914} INFO - Processing file /home/airflow/.local/lib/python3.12/site-packages/airflow/example_dags/example_trigger_target_dag.py for tasks to queue
[2024-11-13T21:37:06.314+0000] {logging_mixin.py:190} INFO - [2024-11-13T21:37:06.314+0000] {dagbag.py:588} INFO - Filling up the DagBag from /home/airflow/.local/lib/python3.12/site-packages/airflow/example_dags/example_trigger_target_dag.py
[2024-11-13T21:37:06.317+0000] {processor.py:925} INFO - DAG(s) 'example_trigger_target_dag' retrieved from /home/airflow/.local/lib/python3.12/site-packages/airflow/example_dags/example_trigger_target_dag.py
[2024-11-13T21:37:06.326+0000] {logging_mixin.py:190} INFO - [2024-11-13T21:37:06.326+0000] {dag.py:3239} INFO - Sync 1 DAGs
[2024-11-13T21:37:06.332+0000] {logging_mixin.py:190} INFO - [2024-11-13T21:37:06.331+0000] {dag.py:4180} INFO - Setting next_dagrun for example_trigger_target_dag to None, run_after=None
[2024-11-13T21:37:06.341+0000] {processor.py:208} INFO - Processing /home/airflow/.local/lib/python3.12/site-packages/airflow/example_dags/example_trigger_target_dag.py took 0.032 seconds
[2024-11-13T21:37:36.670+0000] {processor.py:186} INFO - Started process (PID=419) to work on /home/airflow/.local/lib/python3.12/site-packages/airflow/example_dags/example_trigger_target_dag.py
[2024-11-13T21:37:36.670+0000] {processor.py:914} INFO - Processing file /home/airflow/.local/lib/python3.12/site-packages/airflow/example_dags/example_trigger_target_dag.py for tasks to queue
[2024-11-13T21:37:36.671+0000] {logging_mixin.py:190} INFO - [2024-11-13T21:37:36.671+0000] {dagbag.py:588} INFO - Filling up the DagBag from /home/airflow/.local/lib/python3.12/site-packages/airflow/example_dags/example_trigger_target_dag.py
[2024-11-13T21:37:36.674+0000] {processor.py:925} INFO - DAG(s) 'example_trigger_target_dag' retrieved from /home/airflow/.local/lib/python3.12/site-packages/airflow/example_dags/example_trigger_target_dag.py
[2024-11-13T21:37:36.682+0000] {logging_mixin.py:190} INFO - [2024-11-13T21:37:36.682+0000] {dag.py:3239} INFO - Sync 1 DAGs
[2024-11-13T21:37:36.689+0000] {logging_mixin.py:190} INFO - [2024-11-13T21:37:36.689+0000] {dag.py:4180} INFO - Setting next_dagrun for example_trigger_target_dag to None, run_after=None
[2024-11-13T21:37:36.698+0000] {processor.py:208} INFO - Processing /home/airflow/.local/lib/python3.12/site-packages/airflow/example_dags/example_trigger_target_dag.py took 0.031 seconds
[2024-11-13T21:38:06.999+0000] {processor.py:186} INFO - Started process (PID=482) to work on /home/airflow/.local/lib/python3.12/site-packages/airflow/example_dags/example_trigger_target_dag.py
[2024-11-13T21:38:06.999+0000] {processor.py:914} INFO - Processing file /home/airflow/.local/lib/python3.12/site-packages/airflow/example_dags/example_trigger_target_dag.py for tasks to queue
[2024-11-13T21:38:07.000+0000] {logging_mixin.py:190} INFO - [2024-11-13T21:38:07.000+0000] {dagbag.py:588} INFO - Filling up the DagBag from /home/airflow/.local/lib/python3.12/site-packages/airflow/example_dags/example_trigger_target_dag.py
[2024-11-13T21:38:07.004+0000] {processor.py:925} INFO - DAG(s) 'example_trigger_target_dag' retrieved from /home/airflow/.local/lib/python3.12/site-packages/airflow/example_dags/example_trigger_target_dag.py
[2024-11-13T21:38:07.012+0000] {logging_mixin.py:190} INFO - [2024-11-13T21:38:07.011+0000] {dag.py:3239} INFO - Sync 1 DAGs
[2024-11-13T21:38:07.017+0000] {logging_mixin.py:190} INFO - [2024-11-13T21:38:07.017+0000] {dag.py:4180} INFO - Setting next_dagrun for example_trigger_target_dag to None, run_after=None
[2024-11-13T21:38:07.024+0000] {processor.py:208} INFO - Processing /home/airflow/.local/lib/python3.12/site-packages/airflow/example_dags/example_trigger_target_dag.py took 0.027 seconds
[2024-11-13T23:40:21.253+0000] {processor.py:186} INFO - Started process (PID=93) to work on /home/airflow/.local/lib/python3.12/site-packages/airflow/example_dags/example_trigger_target_dag.py
[2024-11-13T23:40:21.253+0000] {processor.py:914} INFO - Processing file /home/airflow/.local/lib/python3.12/site-packages/airflow/example_dags/example_trigger_target_dag.py for tasks to queue
[2024-11-13T23:40:21.255+0000] {logging_mixin.py:190} INFO - [2024-11-13T23:40:21.254+0000] {dagbag.py:588} INFO - Filling up the DagBag from /home/airflow/.local/lib/python3.12/site-packages/airflow/example_dags/example_trigger_target_dag.py
[2024-11-13T23:40:21.259+0000] {processor.py:925} INFO - DAG(s) 'example_trigger_target_dag' retrieved from /home/airflow/.local/lib/python3.12/site-packages/airflow/example_dags/example_trigger_target_dag.py
[2024-11-13T23:40:21.295+0000] {logging_mixin.py:190} INFO - [2024-11-13T23:40:21.295+0000] {override.py:1911} INFO - Created Permission View: can edit on DAG:example_trigger_target_dag
[2024-11-13T23:40:21.298+0000] {logging_mixin.py:190} INFO - [2024-11-13T23:40:21.298+0000] {override.py:1911} INFO - Created Permission View: can delete on DAG:example_trigger_target_dag
[2024-11-13T23:40:21.301+0000] {logging_mixin.py:190} INFO - [2024-11-13T23:40:21.300+0000] {override.py:1911} INFO - Created Permission View: can read on DAG:example_trigger_target_dag
[2024-11-13T23:40:21.303+0000] {logging_mixin.py:190} INFO - [2024-11-13T23:40:21.303+0000] {override.py:1911} INFO - Created Permission View: can delete on DAG Run:example_trigger_target_dag
[2024-11-13T23:40:21.307+0000] {logging_mixin.py:190} INFO - [2024-11-13T23:40:21.306+0000] {override.py:1911} INFO - Created Permission View: menu access on DAG Run:example_trigger_target_dag
[2024-11-13T23:40:21.308+0000] {logging_mixin.py:190} INFO - [2024-11-13T23:40:21.308+0000] {override.py:1911} INFO - Created Permission View: can read on DAG Run:example_trigger_target_dag
[2024-11-13T23:40:21.309+0000] {logging_mixin.py:190} INFO - [2024-11-13T23:40:21.309+0000] {override.py:1911} INFO - Created Permission View: can create on DAG Run:example_trigger_target_dag
[2024-11-13T23:40:21.310+0000] {logging_mixin.py:190} INFO - [2024-11-13T23:40:21.310+0000] {dag.py:3239} INFO - Sync 1 DAGs
[2024-11-13T23:40:21.314+0000] {logging_mixin.py:190} INFO - [2024-11-13T23:40:21.314+0000] {dag.py:3262} INFO - Creating ORM DAG for example_trigger_target_dag
[2024-11-13T23:40:21.314+0000] {logging_mixin.py:190} INFO - [2024-11-13T23:40:21.314+0000] {dag.py:4180} INFO - Setting next_dagrun for example_trigger_target_dag to None, run_after=None
[2024-11-13T23:40:21.319+0000] {processor.py:208} INFO - Processing /home/airflow/.local/lib/python3.12/site-packages/airflow/example_dags/example_trigger_target_dag.py took 0.068 seconds
[2024-11-13T23:40:51.613+0000] {processor.py:186} INFO - Started process (PID=155) to work on /home/airflow/.local/lib/python3.12/site-packages/airflow/example_dags/example_trigger_target_dag.py
[2024-11-13T23:40:51.614+0000] {processor.py:914} INFO - Processing file /home/airflow/.local/lib/python3.12/site-packages/airflow/example_dags/example_trigger_target_dag.py for tasks to queue
[2024-11-13T23:40:51.615+0000] {logging_mixin.py:190} INFO - [2024-11-13T23:40:51.615+0000] {dagbag.py:588} INFO - Filling up the DagBag from /home/airflow/.local/lib/python3.12/site-packages/airflow/example_dags/example_trigger_target_dag.py
[2024-11-13T23:40:51.619+0000] {processor.py:925} INFO - DAG(s) 'example_trigger_target_dag' retrieved from /home/airflow/.local/lib/python3.12/site-packages/airflow/example_dags/example_trigger_target_dag.py
[2024-11-13T23:40:51.628+0000] {logging_mixin.py:190} INFO - [2024-11-13T23:40:51.627+0000] {dag.py:3239} INFO - Sync 1 DAGs
[2024-11-13T23:40:51.633+0000] {logging_mixin.py:190} INFO - [2024-11-13T23:40:51.633+0000] {dag.py:4180} INFO - Setting next_dagrun for example_trigger_target_dag to None, run_after=None
[2024-11-13T23:40:51.640+0000] {processor.py:208} INFO - Processing /home/airflow/.local/lib/python3.12/site-packages/airflow/example_dags/example_trigger_target_dag.py took 0.028 seconds
[2024-11-13T23:41:21.964+0000] {processor.py:186} INFO - Started process (PID=218) to work on /home/airflow/.local/lib/python3.12/site-packages/airflow/example_dags/example_trigger_target_dag.py
[2024-11-13T23:41:21.965+0000] {processor.py:914} INFO - Processing file /home/airflow/.local/lib/python3.12/site-packages/airflow/example_dags/example_trigger_target_dag.py for tasks to queue
[2024-11-13T23:41:21.966+0000] {logging_mixin.py:190} INFO - [2024-11-13T23:41:21.966+0000] {dagbag.py:588} INFO - Filling up the DagBag from /home/airflow/.local/lib/python3.12/site-packages/airflow/example_dags/example_trigger_target_dag.py
[2024-11-13T23:41:21.969+0000] {processor.py:925} INFO - DAG(s) 'example_trigger_target_dag' retrieved from /home/airflow/.local/lib/python3.12/site-packages/airflow/example_dags/example_trigger_target_dag.py
[2024-11-13T23:41:21.977+0000] {logging_mixin.py:190} INFO - [2024-11-13T23:41:21.976+0000] {dag.py:3239} INFO - Sync 1 DAGs
[2024-11-13T23:41:21.981+0000] {logging_mixin.py:190} INFO - [2024-11-13T23:41:21.981+0000] {dag.py:4180} INFO - Setting next_dagrun for example_trigger_target_dag to None, run_after=None
[2024-11-13T23:41:21.987+0000] {processor.py:208} INFO - Processing /home/airflow/.local/lib/python3.12/site-packages/airflow/example_dags/example_trigger_target_dag.py took 0.025 seconds
[2024-11-13T23:41:52.442+0000] {processor.py:186} INFO - Started process (PID=281) to work on /home/airflow/.local/lib/python3.12/site-packages/airflow/example_dags/example_trigger_target_dag.py
[2024-11-13T23:41:52.443+0000] {processor.py:914} INFO - Processing file /home/airflow/.local/lib/python3.12/site-packages/airflow/example_dags/example_trigger_target_dag.py for tasks to queue
[2024-11-13T23:41:52.444+0000] {logging_mixin.py:190} INFO - [2024-11-13T23:41:52.444+0000] {dagbag.py:588} INFO - Filling up the DagBag from /home/airflow/.local/lib/python3.12/site-packages/airflow/example_dags/example_trigger_target_dag.py
[2024-11-13T23:41:52.448+0000] {processor.py:925} INFO - DAG(s) 'example_trigger_target_dag' retrieved from /home/airflow/.local/lib/python3.12/site-packages/airflow/example_dags/example_trigger_target_dag.py
[2024-11-13T23:41:52.457+0000] {logging_mixin.py:190} INFO - [2024-11-13T23:41:52.457+0000] {dag.py:3239} INFO - Sync 1 DAGs
[2024-11-13T23:41:52.462+0000] {logging_mixin.py:190} INFO - [2024-11-13T23:41:52.462+0000] {dag.py:4180} INFO - Setting next_dagrun for example_trigger_target_dag to None, run_after=None
[2024-11-13T23:41:52.471+0000] {processor.py:208} INFO - Processing /home/airflow/.local/lib/python3.12/site-packages/airflow/example_dags/example_trigger_target_dag.py took 0.032 seconds
[2024-11-13T23:42:22.877+0000] {processor.py:186} INFO - Started process (PID=344) to work on /home/airflow/.local/lib/python3.12/site-packages/airflow/example_dags/example_trigger_target_dag.py
[2024-11-13T23:42:22.877+0000] {processor.py:914} INFO - Processing file /home/airflow/.local/lib/python3.12/site-packages/airflow/example_dags/example_trigger_target_dag.py for tasks to queue
[2024-11-13T23:42:22.879+0000] {logging_mixin.py:190} INFO - [2024-11-13T23:42:22.879+0000] {dagbag.py:588} INFO - Filling up the DagBag from /home/airflow/.local/lib/python3.12/site-packages/airflow/example_dags/example_trigger_target_dag.py
[2024-11-13T23:42:22.884+0000] {processor.py:925} INFO - DAG(s) 'example_trigger_target_dag' retrieved from /home/airflow/.local/lib/python3.12/site-packages/airflow/example_dags/example_trigger_target_dag.py
[2024-11-13T23:42:22.891+0000] {logging_mixin.py:190} INFO - [2024-11-13T23:42:22.891+0000] {dag.py:3239} INFO - Sync 1 DAGs
[2024-11-13T23:42:22.897+0000] {logging_mixin.py:190} INFO - [2024-11-13T23:42:22.897+0000] {dag.py:4180} INFO - Setting next_dagrun for example_trigger_target_dag to None, run_after=None
[2024-11-13T23:42:22.906+0000] {processor.py:208} INFO - Processing /home/airflow/.local/lib/python3.12/site-packages/airflow/example_dags/example_trigger_target_dag.py took 0.031 seconds
[2024-11-13T23:42:53.235+0000] {processor.py:186} INFO - Started process (PID=407) to work on /home/airflow/.local/lib/python3.12/site-packages/airflow/example_dags/example_trigger_target_dag.py
[2024-11-13T23:42:53.236+0000] {processor.py:914} INFO - Processing file /home/airflow/.local/lib/python3.12/site-packages/airflow/example_dags/example_trigger_target_dag.py for tasks to queue
[2024-11-13T23:42:53.238+0000] {logging_mixin.py:190} INFO - [2024-11-13T23:42:53.238+0000] {dagbag.py:588} INFO - Filling up the DagBag from /home/airflow/.local/lib/python3.12/site-packages/airflow/example_dags/example_trigger_target_dag.py
[2024-11-13T23:42:53.241+0000] {processor.py:925} INFO - DAG(s) 'example_trigger_target_dag' retrieved from /home/airflow/.local/lib/python3.12/site-packages/airflow/example_dags/example_trigger_target_dag.py
[2024-11-13T23:42:53.251+0000] {logging_mixin.py:190} INFO - [2024-11-13T23:42:53.251+0000] {dag.py:3239} INFO - Sync 1 DAGs
[2024-11-13T23:42:53.256+0000] {logging_mixin.py:190} INFO - [2024-11-13T23:42:53.256+0000] {dag.py:4180} INFO - Setting next_dagrun for example_trigger_target_dag to None, run_after=None
[2024-11-13T23:42:53.266+0000] {processor.py:208} INFO - Processing /home/airflow/.local/lib/python3.12/site-packages/airflow/example_dags/example_trigger_target_dag.py took 0.034 seconds
[2024-11-13T23:43:24.493+0000] {processor.py:186} INFO - Started process (PID=470) to work on /home/airflow/.local/lib/python3.12/site-packages/airflow/example_dags/example_trigger_target_dag.py
[2024-11-13T23:43:24.493+0000] {processor.py:914} INFO - Processing file /home/airflow/.local/lib/python3.12/site-packages/airflow/example_dags/example_trigger_target_dag.py for tasks to queue
[2024-11-13T23:43:24.494+0000] {logging_mixin.py:190} INFO - [2024-11-13T23:43:24.494+0000] {dagbag.py:588} INFO - Filling up the DagBag from /home/airflow/.local/lib/python3.12/site-packages/airflow/example_dags/example_trigger_target_dag.py
[2024-11-13T23:43:24.498+0000] {processor.py:925} INFO - DAG(s) 'example_trigger_target_dag' retrieved from /home/airflow/.local/lib/python3.12/site-packages/airflow/example_dags/example_trigger_target_dag.py
[2024-11-13T23:43:24.507+0000] {logging_mixin.py:190} INFO - [2024-11-13T23:43:24.507+0000] {dag.py:3239} INFO - Sync 1 DAGs
[2024-11-13T23:43:24.512+0000] {logging_mixin.py:190} INFO - [2024-11-13T23:43:24.512+0000] {dag.py:4180} INFO - Setting next_dagrun for example_trigger_target_dag to None, run_after=None
[2024-11-13T23:43:24.520+0000] {processor.py:208} INFO - Processing /home/airflow/.local/lib/python3.12/site-packages/airflow/example_dags/example_trigger_target_dag.py took 0.030 seconds
[2024-11-13T23:43:55.748+0000] {processor.py:186} INFO - Started process (PID=533) to work on /home/airflow/.local/lib/python3.12/site-packages/airflow/example_dags/example_trigger_target_dag.py
[2024-11-13T23:43:55.750+0000] {processor.py:914} INFO - Processing file /home/airflow/.local/lib/python3.12/site-packages/airflow/example_dags/example_trigger_target_dag.py for tasks to queue
[2024-11-13T23:43:55.750+0000] {logging_mixin.py:190} INFO - [2024-11-13T23:43:55.750+0000] {dagbag.py:588} INFO - Filling up the DagBag from /home/airflow/.local/lib/python3.12/site-packages/airflow/example_dags/example_trigger_target_dag.py
[2024-11-13T23:43:55.754+0000] {processor.py:925} INFO - DAG(s) 'example_trigger_target_dag' retrieved from /home/airflow/.local/lib/python3.12/site-packages/airflow/example_dags/example_trigger_target_dag.py
[2024-11-13T23:43:55.761+0000] {logging_mixin.py:190} INFO - [2024-11-13T23:43:55.761+0000] {dag.py:3239} INFO - Sync 1 DAGs
[2024-11-13T23:43:55.766+0000] {logging_mixin.py:190} INFO - [2024-11-13T23:43:55.766+0000] {dag.py:4180} INFO - Setting next_dagrun for example_trigger_target_dag to None, run_after=None
[2024-11-13T23:43:55.773+0000] {processor.py:208} INFO - Processing /home/airflow/.local/lib/python3.12/site-packages/airflow/example_dags/example_trigger_target_dag.py took 0.028 seconds
[2024-11-13T23:44:27.042+0000] {processor.py:186} INFO - Started process (PID=596) to work on /home/airflow/.local/lib/python3.12/site-packages/airflow/example_dags/example_trigger_target_dag.py
[2024-11-13T23:44:27.043+0000] {processor.py:914} INFO - Processing file /home/airflow/.local/lib/python3.12/site-packages/airflow/example_dags/example_trigger_target_dag.py for tasks to queue
[2024-11-13T23:44:27.044+0000] {logging_mixin.py:190} INFO - [2024-11-13T23:44:27.043+0000] {dagbag.py:588} INFO - Filling up the DagBag from /home/airflow/.local/lib/python3.12/site-packages/airflow/example_dags/example_trigger_target_dag.py
[2024-11-13T23:44:27.047+0000] {processor.py:925} INFO - DAG(s) 'example_trigger_target_dag' retrieved from /home/airflow/.local/lib/python3.12/site-packages/airflow/example_dags/example_trigger_target_dag.py
[2024-11-13T23:44:27.056+0000] {logging_mixin.py:190} INFO - [2024-11-13T23:44:27.056+0000] {dag.py:3239} INFO - Sync 1 DAGs
[2024-11-13T23:44:27.061+0000] {logging_mixin.py:190} INFO - [2024-11-13T23:44:27.061+0000] {dag.py:4180} INFO - Setting next_dagrun for example_trigger_target_dag to None, run_after=None
[2024-11-13T23:44:27.070+0000] {processor.py:208} INFO - Processing /home/airflow/.local/lib/python3.12/site-packages/airflow/example_dags/example_trigger_target_dag.py took 0.031 seconds
[2024-11-13T23:44:58.295+0000] {processor.py:186} INFO - Started process (PID=659) to work on /home/airflow/.local/lib/python3.12/site-packages/airflow/example_dags/example_trigger_target_dag.py
[2024-11-13T23:44:58.295+0000] {processor.py:914} INFO - Processing file /home/airflow/.local/lib/python3.12/site-packages/airflow/example_dags/example_trigger_target_dag.py for tasks to queue
[2024-11-13T23:44:58.296+0000] {logging_mixin.py:190} INFO - [2024-11-13T23:44:58.296+0000] {dagbag.py:588} INFO - Filling up the DagBag from /home/airflow/.local/lib/python3.12/site-packages/airflow/example_dags/example_trigger_target_dag.py
[2024-11-13T23:44:58.299+0000] {processor.py:925} INFO - DAG(s) 'example_trigger_target_dag' retrieved from /home/airflow/.local/lib/python3.12/site-packages/airflow/example_dags/example_trigger_target_dag.py
[2024-11-13T23:44:58.306+0000] {logging_mixin.py:190} INFO - [2024-11-13T23:44:58.306+0000] {dag.py:3239} INFO - Sync 1 DAGs
[2024-11-13T23:44:58.311+0000] {logging_mixin.py:190} INFO - [2024-11-13T23:44:58.310+0000] {dag.py:4180} INFO - Setting next_dagrun for example_trigger_target_dag to None, run_after=None
[2024-11-13T23:44:58.316+0000] {processor.py:208} INFO - Processing /home/airflow/.local/lib/python3.12/site-packages/airflow/example_dags/example_trigger_target_dag.py took 0.024 seconds
[2024-11-13T23:45:29.511+0000] {processor.py:186} INFO - Started process (PID=722) to work on /home/airflow/.local/lib/python3.12/site-packages/airflow/example_dags/example_trigger_target_dag.py
[2024-11-13T23:45:29.511+0000] {processor.py:914} INFO - Processing file /home/airflow/.local/lib/python3.12/site-packages/airflow/example_dags/example_trigger_target_dag.py for tasks to queue
[2024-11-13T23:45:29.512+0000] {logging_mixin.py:190} INFO - [2024-11-13T23:45:29.512+0000] {dagbag.py:588} INFO - Filling up the DagBag from /home/airflow/.local/lib/python3.12/site-packages/airflow/example_dags/example_trigger_target_dag.py
[2024-11-13T23:45:29.515+0000] {processor.py:925} INFO - DAG(s) 'example_trigger_target_dag' retrieved from /home/airflow/.local/lib/python3.12/site-packages/airflow/example_dags/example_trigger_target_dag.py
[2024-11-13T23:45:29.523+0000] {logging_mixin.py:190} INFO - [2024-11-13T23:45:29.523+0000] {dag.py:3239} INFO - Sync 1 DAGs
[2024-11-13T23:45:29.529+0000] {logging_mixin.py:190} INFO - [2024-11-13T23:45:29.529+0000] {dag.py:4180} INFO - Setting next_dagrun for example_trigger_target_dag to None, run_after=None
[2024-11-13T23:45:29.536+0000] {processor.py:208} INFO - Processing /home/airflow/.local/lib/python3.12/site-packages/airflow/example_dags/example_trigger_target_dag.py took 0.027 seconds
[2024-11-13T23:46:00.657+0000] {processor.py:186} INFO - Started process (PID=785) to work on /home/airflow/.local/lib/python3.12/site-packages/airflow/example_dags/example_trigger_target_dag.py
[2024-11-13T23:46:00.658+0000] {processor.py:914} INFO - Processing file /home/airflow/.local/lib/python3.12/site-packages/airflow/example_dags/example_trigger_target_dag.py for tasks to queue
[2024-11-13T23:46:00.660+0000] {logging_mixin.py:190} INFO - [2024-11-13T23:46:00.660+0000] {dagbag.py:588} INFO - Filling up the DagBag from /home/airflow/.local/lib/python3.12/site-packages/airflow/example_dags/example_trigger_target_dag.py
[2024-11-13T23:46:00.663+0000] {processor.py:925} INFO - DAG(s) 'example_trigger_target_dag' retrieved from /home/airflow/.local/lib/python3.12/site-packages/airflow/example_dags/example_trigger_target_dag.py
[2024-11-13T23:46:00.671+0000] {logging_mixin.py:190} INFO - [2024-11-13T23:46:00.671+0000] {dag.py:3239} INFO - Sync 1 DAGs
[2024-11-13T23:46:00.677+0000] {logging_mixin.py:190} INFO - [2024-11-13T23:46:00.677+0000] {dag.py:4180} INFO - Setting next_dagrun for example_trigger_target_dag to None, run_after=None
[2024-11-13T23:46:00.687+0000] {processor.py:208} INFO - Processing /home/airflow/.local/lib/python3.12/site-packages/airflow/example_dags/example_trigger_target_dag.py took 0.032 seconds
[2024-11-13T23:46:32.046+0000] {processor.py:186} INFO - Started process (PID=848) to work on /home/airflow/.local/lib/python3.12/site-packages/airflow/example_dags/example_trigger_target_dag.py
[2024-11-13T23:46:32.046+0000] {processor.py:914} INFO - Processing file /home/airflow/.local/lib/python3.12/site-packages/airflow/example_dags/example_trigger_target_dag.py for tasks to queue
[2024-11-13T23:46:32.048+0000] {logging_mixin.py:190} INFO - [2024-11-13T23:46:32.048+0000] {dagbag.py:588} INFO - Filling up the DagBag from /home/airflow/.local/lib/python3.12/site-packages/airflow/example_dags/example_trigger_target_dag.py
[2024-11-13T23:46:32.052+0000] {processor.py:925} INFO - DAG(s) 'example_trigger_target_dag' retrieved from /home/airflow/.local/lib/python3.12/site-packages/airflow/example_dags/example_trigger_target_dag.py
[2024-11-13T23:46:32.060+0000] {logging_mixin.py:190} INFO - [2024-11-13T23:46:32.060+0000] {dag.py:3239} INFO - Sync 1 DAGs
[2024-11-13T23:46:32.065+0000] {logging_mixin.py:190} INFO - [2024-11-13T23:46:32.065+0000] {dag.py:4180} INFO - Setting next_dagrun for example_trigger_target_dag to None, run_after=None
[2024-11-13T23:46:32.072+0000] {processor.py:208} INFO - Processing /home/airflow/.local/lib/python3.12/site-packages/airflow/example_dags/example_trigger_target_dag.py took 0.029 seconds
[2024-11-13T23:47:03.308+0000] {processor.py:186} INFO - Started process (PID=911) to work on /home/airflow/.local/lib/python3.12/site-packages/airflow/example_dags/example_trigger_target_dag.py
[2024-11-13T23:47:03.308+0000] {processor.py:914} INFO - Processing file /home/airflow/.local/lib/python3.12/site-packages/airflow/example_dags/example_trigger_target_dag.py for tasks to queue
[2024-11-13T23:47:03.309+0000] {logging_mixin.py:190} INFO - [2024-11-13T23:47:03.309+0000] {dagbag.py:588} INFO - Filling up the DagBag from /home/airflow/.local/lib/python3.12/site-packages/airflow/example_dags/example_trigger_target_dag.py
[2024-11-13T23:47:03.313+0000] {processor.py:925} INFO - DAG(s) 'example_trigger_target_dag' retrieved from /home/airflow/.local/lib/python3.12/site-packages/airflow/example_dags/example_trigger_target_dag.py
[2024-11-13T23:47:03.320+0000] {logging_mixin.py:190} INFO - [2024-11-13T23:47:03.320+0000] {dag.py:3239} INFO - Sync 1 DAGs
[2024-11-13T23:47:03.325+0000] {logging_mixin.py:190} INFO - [2024-11-13T23:47:03.325+0000] {dag.py:4180} INFO - Setting next_dagrun for example_trigger_target_dag to None, run_after=None
[2024-11-13T23:47:03.330+0000] {processor.py:208} INFO - Processing /home/airflow/.local/lib/python3.12/site-packages/airflow/example_dags/example_trigger_target_dag.py took 0.025 seconds
[2024-11-13T23:47:34.563+0000] {processor.py:186} INFO - Started process (PID=974) to work on /home/airflow/.local/lib/python3.12/site-packages/airflow/example_dags/example_trigger_target_dag.py
[2024-11-13T23:47:34.563+0000] {processor.py:914} INFO - Processing file /home/airflow/.local/lib/python3.12/site-packages/airflow/example_dags/example_trigger_target_dag.py for tasks to queue
[2024-11-13T23:47:34.564+0000] {logging_mixin.py:190} INFO - [2024-11-13T23:47:34.564+0000] {dagbag.py:588} INFO - Filling up the DagBag from /home/airflow/.local/lib/python3.12/site-packages/airflow/example_dags/example_trigger_target_dag.py
[2024-11-13T23:47:34.567+0000] {processor.py:925} INFO - DAG(s) 'example_trigger_target_dag' retrieved from /home/airflow/.local/lib/python3.12/site-packages/airflow/example_dags/example_trigger_target_dag.py
[2024-11-13T23:47:34.574+0000] {logging_mixin.py:190} INFO - [2024-11-13T23:47:34.574+0000] {dag.py:3239} INFO - Sync 1 DAGs
[2024-11-13T23:47:34.579+0000] {logging_mixin.py:190} INFO - [2024-11-13T23:47:34.579+0000] {dag.py:4180} INFO - Setting next_dagrun for example_trigger_target_dag to None, run_after=None
[2024-11-13T23:47:34.585+0000] {processor.py:208} INFO - Processing /home/airflow/.local/lib/python3.12/site-packages/airflow/example_dags/example_trigger_target_dag.py took 0.025 seconds
