[2024-11-13T21:28:28.022+0000] {processor.py:186} INFO - Started process (PID=66) to work on /home/airflow/.local/lib/python3.12/site-packages/airflow/example_dags/tutorial.py
[2024-11-13T21:28:28.023+0000] {processor.py:914} INFO - Processing file /home/airflow/.local/lib/python3.12/site-packages/airflow/example_dags/tutorial.py for tasks to queue
[2024-11-13T21:28:28.024+0000] {logging_mixin.py:190} INFO - [2024-11-13T21:28:28.024+0000] {dagbag.py:588} INFO - Filling up the DagBag from /home/airflow/.local/lib/python3.12/site-packages/airflow/example_dags/tutorial.py
[2024-11-13T21:28:28.029+0000] {processor.py:925} INFO - DAG(s) 'tutorial' retrieved from /home/airflow/.local/lib/python3.12/site-packages/airflow/example_dags/tutorial.py
[2024-11-13T21:28:28.071+0000] {logging_mixin.py:190} INFO - [2024-11-13T21:28:28.070+0000] {override.py:1911} INFO - Created Permission View: can edit on DAG:tutorial
[2024-11-13T21:28:28.074+0000] {logging_mixin.py:190} INFO - [2024-11-13T21:28:28.074+0000] {override.py:1911} INFO - Created Permission View: can read on DAG:tutorial
[2024-11-13T21:28:28.077+0000] {logging_mixin.py:190} INFO - [2024-11-13T21:28:28.077+0000] {override.py:1911} INFO - Created Permission View: can delete on DAG:tutorial
[2024-11-13T21:28:28.079+0000] {logging_mixin.py:190} INFO - [2024-11-13T21:28:28.079+0000] {override.py:1911} INFO - Created Permission View: can delete on DAG Run:tutorial
[2024-11-13T21:28:28.081+0000] {logging_mixin.py:190} INFO - [2024-11-13T21:28:28.081+0000] {override.py:1911} INFO - Created Permission View: can read on DAG Run:tutorial
[2024-11-13T21:28:28.083+0000] {logging_mixin.py:190} INFO - [2024-11-13T21:28:28.083+0000] {override.py:1911} INFO - Created Permission View: menu access on DAG Run:tutorial
[2024-11-13T21:28:28.084+0000] {logging_mixin.py:190} INFO - [2024-11-13T21:28:28.084+0000] {override.py:1911} INFO - Created Permission View: can create on DAG Run:tutorial
[2024-11-13T21:28:28.084+0000] {logging_mixin.py:190} INFO - [2024-11-13T21:28:28.084+0000] {dag.py:3239} INFO - Sync 1 DAGs
[2024-11-13T21:28:28.089+0000] {logging_mixin.py:190} INFO - [2024-11-13T21:28:28.089+0000] {dag.py:3262} INFO - Creating ORM DAG for tutorial
[2024-11-13T21:28:28.093+0000] {logging_mixin.py:190} INFO - [2024-11-13T21:28:28.093+0000] {dag.py:4180} INFO - Setting next_dagrun for tutorial to 2024-11-12 00:00:00+00:00, run_after=2024-11-13 00:00:00+00:00
[2024-11-13T21:28:28.099+0000] {processor.py:208} INFO - Processing /home/airflow/.local/lib/python3.12/site-packages/airflow/example_dags/tutorial.py took 0.079 seconds
[2024-11-13T21:28:58.162+0000] {processor.py:186} INFO - Started process (PID=128) to work on /home/airflow/.local/lib/python3.12/site-packages/airflow/example_dags/tutorial.py
[2024-11-13T21:28:58.163+0000] {processor.py:914} INFO - Processing file /home/airflow/.local/lib/python3.12/site-packages/airflow/example_dags/tutorial.py for tasks to queue
[2024-11-13T21:28:58.166+0000] {logging_mixin.py:190} INFO - [2024-11-13T21:28:58.166+0000] {dagbag.py:588} INFO - Filling up the DagBag from /home/airflow/.local/lib/python3.12/site-packages/airflow/example_dags/tutorial.py
[2024-11-13T21:28:58.169+0000] {processor.py:925} INFO - DAG(s) 'tutorial' retrieved from /home/airflow/.local/lib/python3.12/site-packages/airflow/example_dags/tutorial.py
[2024-11-13T21:28:58.177+0000] {logging_mixin.py:190} INFO - [2024-11-13T21:28:58.176+0000] {dag.py:3239} INFO - Sync 1 DAGs
[2024-11-13T21:28:58.187+0000] {logging_mixin.py:190} INFO - [2024-11-13T21:28:58.187+0000] {dag.py:4180} INFO - Setting next_dagrun for tutorial to 2024-11-12 00:00:00+00:00, run_after=2024-11-13 00:00:00+00:00
[2024-11-13T21:28:58.194+0000] {processor.py:208} INFO - Processing /home/airflow/.local/lib/python3.12/site-packages/airflow/example_dags/tutorial.py took 0.034 seconds
[2024-11-13T21:29:28.691+0000] {processor.py:186} INFO - Started process (PID=191) to work on /home/airflow/.local/lib/python3.12/site-packages/airflow/example_dags/tutorial.py
[2024-11-13T21:29:28.691+0000] {processor.py:914} INFO - Processing file /home/airflow/.local/lib/python3.12/site-packages/airflow/example_dags/tutorial.py for tasks to queue
[2024-11-13T21:29:28.692+0000] {logging_mixin.py:190} INFO - [2024-11-13T21:29:28.692+0000] {dagbag.py:588} INFO - Filling up the DagBag from /home/airflow/.local/lib/python3.12/site-packages/airflow/example_dags/tutorial.py
[2024-11-13T21:29:28.696+0000] {processor.py:925} INFO - DAG(s) 'tutorial' retrieved from /home/airflow/.local/lib/python3.12/site-packages/airflow/example_dags/tutorial.py
[2024-11-13T21:29:28.704+0000] {logging_mixin.py:190} INFO - [2024-11-13T21:29:28.704+0000] {dag.py:3239} INFO - Sync 1 DAGs
[2024-11-13T21:29:28.712+0000] {logging_mixin.py:190} INFO - [2024-11-13T21:29:28.712+0000] {dag.py:4180} INFO - Setting next_dagrun for tutorial to 2024-11-12 00:00:00+00:00, run_after=2024-11-13 00:00:00+00:00
[2024-11-13T21:29:28.719+0000] {processor.py:208} INFO - Processing /home/airflow/.local/lib/python3.12/site-packages/airflow/example_dags/tutorial.py took 0.031 seconds
[2024-11-13T21:29:58.912+0000] {processor.py:186} INFO - Started process (PID=253) to work on /home/airflow/.local/lib/python3.12/site-packages/airflow/example_dags/tutorial.py
[2024-11-13T21:29:58.913+0000] {processor.py:914} INFO - Processing file /home/airflow/.local/lib/python3.12/site-packages/airflow/example_dags/tutorial.py for tasks to queue
[2024-11-13T21:29:58.914+0000] {logging_mixin.py:190} INFO - [2024-11-13T21:29:58.914+0000] {dagbag.py:588} INFO - Filling up the DagBag from /home/airflow/.local/lib/python3.12/site-packages/airflow/example_dags/tutorial.py
[2024-11-13T21:29:58.918+0000] {processor.py:925} INFO - DAG(s) 'tutorial' retrieved from /home/airflow/.local/lib/python3.12/site-packages/airflow/example_dags/tutorial.py
[2024-11-13T21:29:58.925+0000] {logging_mixin.py:190} INFO - [2024-11-13T21:29:58.925+0000] {dag.py:3239} INFO - Sync 1 DAGs
[2024-11-13T21:29:58.934+0000] {logging_mixin.py:190} INFO - [2024-11-13T21:29:58.934+0000] {dag.py:4180} INFO - Setting next_dagrun for tutorial to 2024-11-12 00:00:00+00:00, run_after=2024-11-13 00:00:00+00:00
[2024-11-13T21:29:58.942+0000] {processor.py:208} INFO - Processing /home/airflow/.local/lib/python3.12/site-packages/airflow/example_dags/tutorial.py took 0.032 seconds
[2024-11-13T21:30:29.084+0000] {processor.py:186} INFO - Started process (PID=316) to work on /home/airflow/.local/lib/python3.12/site-packages/airflow/example_dags/tutorial.py
[2024-11-13T21:30:29.084+0000] {processor.py:914} INFO - Processing file /home/airflow/.local/lib/python3.12/site-packages/airflow/example_dags/tutorial.py for tasks to queue
[2024-11-13T21:30:29.085+0000] {logging_mixin.py:190} INFO - [2024-11-13T21:30:29.085+0000] {dagbag.py:588} INFO - Filling up the DagBag from /home/airflow/.local/lib/python3.12/site-packages/airflow/example_dags/tutorial.py
[2024-11-13T21:30:29.089+0000] {processor.py:925} INFO - DAG(s) 'tutorial' retrieved from /home/airflow/.local/lib/python3.12/site-packages/airflow/example_dags/tutorial.py
[2024-11-13T21:30:29.097+0000] {logging_mixin.py:190} INFO - [2024-11-13T21:30:29.097+0000] {dag.py:3239} INFO - Sync 1 DAGs
[2024-11-13T21:30:29.105+0000] {logging_mixin.py:190} INFO - [2024-11-13T21:30:29.105+0000] {dag.py:4180} INFO - Setting next_dagrun for tutorial to 2024-11-12 00:00:00+00:00, run_after=2024-11-13 00:00:00+00:00
[2024-11-13T21:30:29.112+0000] {processor.py:208} INFO - Processing /home/airflow/.local/lib/python3.12/site-packages/airflow/example_dags/tutorial.py took 0.030 seconds
[2024-11-13T21:35:02.084+0000] {processor.py:186} INFO - Started process (PID=68) to work on /home/airflow/.local/lib/python3.12/site-packages/airflow/example_dags/tutorial.py
[2024-11-13T21:35:02.085+0000] {processor.py:914} INFO - Processing file /home/airflow/.local/lib/python3.12/site-packages/airflow/example_dags/tutorial.py for tasks to queue
[2024-11-13T21:35:02.086+0000] {logging_mixin.py:190} INFO - [2024-11-13T21:35:02.085+0000] {dagbag.py:588} INFO - Filling up the DagBag from /home/airflow/.local/lib/python3.12/site-packages/airflow/example_dags/tutorial.py
[2024-11-13T21:35:02.090+0000] {processor.py:925} INFO - DAG(s) 'tutorial' retrieved from /home/airflow/.local/lib/python3.12/site-packages/airflow/example_dags/tutorial.py
[2024-11-13T21:35:02.141+0000] {logging_mixin.py:190} INFO - [2024-11-13T21:35:02.141+0000] {override.py:1911} INFO - Created Permission View: can edit on DAG:tutorial
[2024-11-13T21:35:02.146+0000] {logging_mixin.py:190} INFO - [2024-11-13T21:35:02.146+0000] {override.py:1911} INFO - Created Permission View: can delete on DAG:tutorial
[2024-11-13T21:35:02.149+0000] {logging_mixin.py:190} INFO - [2024-11-13T21:35:02.149+0000] {override.py:1911} INFO - Created Permission View: can read on DAG:tutorial
[2024-11-13T21:35:02.154+0000] {logging_mixin.py:190} INFO - [2024-11-13T21:35:02.153+0000] {override.py:1911} INFO - Created Permission View: can create on DAG Run:tutorial
[2024-11-13T21:35:02.156+0000] {logging_mixin.py:190} INFO - [2024-11-13T21:35:02.156+0000] {override.py:1911} INFO - Created Permission View: can delete on DAG Run:tutorial
[2024-11-13T21:35:02.160+0000] {logging_mixin.py:190} INFO - [2024-11-13T21:35:02.159+0000] {override.py:1911} INFO - Created Permission View: menu access on DAG Run:tutorial
[2024-11-13T21:35:02.163+0000] {logging_mixin.py:190} INFO - [2024-11-13T21:35:02.163+0000] {override.py:1911} INFO - Created Permission View: can read on DAG Run:tutorial
[2024-11-13T21:35:02.165+0000] {logging_mixin.py:190} INFO - [2024-11-13T21:35:02.165+0000] {dag.py:3239} INFO - Sync 1 DAGs
[2024-11-13T21:35:02.170+0000] {logging_mixin.py:190} INFO - [2024-11-13T21:35:02.170+0000] {dag.py:3262} INFO - Creating ORM DAG for tutorial
[2024-11-13T21:35:02.175+0000] {logging_mixin.py:190} INFO - [2024-11-13T21:35:02.175+0000] {dag.py:4180} INFO - Setting next_dagrun for tutorial to 2024-11-12 00:00:00+00:00, run_after=2024-11-13 00:00:00+00:00
[2024-11-13T21:35:02.181+0000] {processor.py:208} INFO - Processing /home/airflow/.local/lib/python3.12/site-packages/airflow/example_dags/tutorial.py took 0.099 seconds
[2024-11-13T21:35:32.607+0000] {processor.py:186} INFO - Started process (PID=131) to work on /home/airflow/.local/lib/python3.12/site-packages/airflow/example_dags/tutorial.py
[2024-11-13T21:35:32.608+0000] {processor.py:914} INFO - Processing file /home/airflow/.local/lib/python3.12/site-packages/airflow/example_dags/tutorial.py for tasks to queue
[2024-11-13T21:35:32.610+0000] {logging_mixin.py:190} INFO - [2024-11-13T21:35:32.610+0000] {dagbag.py:588} INFO - Filling up the DagBag from /home/airflow/.local/lib/python3.12/site-packages/airflow/example_dags/tutorial.py
[2024-11-13T21:35:32.613+0000] {processor.py:925} INFO - DAG(s) 'tutorial' retrieved from /home/airflow/.local/lib/python3.12/site-packages/airflow/example_dags/tutorial.py
[2024-11-13T21:35:32.623+0000] {logging_mixin.py:190} INFO - [2024-11-13T21:35:32.623+0000] {dag.py:3239} INFO - Sync 1 DAGs
[2024-11-13T21:35:32.635+0000] {logging_mixin.py:190} INFO - [2024-11-13T21:35:32.635+0000] {dag.py:4180} INFO - Setting next_dagrun for tutorial to 2024-11-12 00:00:00+00:00, run_after=2024-11-13 00:00:00+00:00
[2024-11-13T21:35:32.643+0000] {processor.py:208} INFO - Processing /home/airflow/.local/lib/python3.12/site-packages/airflow/example_dags/tutorial.py took 0.039 seconds
[2024-11-13T21:36:03.224+0000] {processor.py:186} INFO - Started process (PID=198) to work on /home/airflow/.local/lib/python3.12/site-packages/airflow/example_dags/tutorial.py
[2024-11-13T21:36:03.225+0000] {processor.py:914} INFO - Processing file /home/airflow/.local/lib/python3.12/site-packages/airflow/example_dags/tutorial.py for tasks to queue
[2024-11-13T21:36:03.226+0000] {logging_mixin.py:190} INFO - [2024-11-13T21:36:03.226+0000] {dagbag.py:588} INFO - Filling up the DagBag from /home/airflow/.local/lib/python3.12/site-packages/airflow/example_dags/tutorial.py
[2024-11-13T21:36:03.231+0000] {processor.py:925} INFO - DAG(s) 'tutorial' retrieved from /home/airflow/.local/lib/python3.12/site-packages/airflow/example_dags/tutorial.py
[2024-11-13T21:36:03.241+0000] {logging_mixin.py:190} INFO - [2024-11-13T21:36:03.241+0000] {dag.py:3239} INFO - Sync 1 DAGs
[2024-11-13T21:36:03.254+0000] {logging_mixin.py:190} INFO - [2024-11-13T21:36:03.254+0000] {dag.py:4180} INFO - Setting next_dagrun for tutorial to 2024-11-13 00:00:00+00:00, run_after=2024-11-14 00:00:00+00:00
[2024-11-13T21:36:03.264+0000] {processor.py:208} INFO - Processing /home/airflow/.local/lib/python3.12/site-packages/airflow/example_dags/tutorial.py took 0.043 seconds
[2024-11-13T21:36:33.684+0000] {processor.py:186} INFO - Started process (PID=261) to work on /home/airflow/.local/lib/python3.12/site-packages/airflow/example_dags/tutorial.py
[2024-11-13T21:36:33.685+0000] {processor.py:914} INFO - Processing file /home/airflow/.local/lib/python3.12/site-packages/airflow/example_dags/tutorial.py for tasks to queue
[2024-11-13T21:36:33.687+0000] {logging_mixin.py:190} INFO - [2024-11-13T21:36:33.686+0000] {dagbag.py:588} INFO - Filling up the DagBag from /home/airflow/.local/lib/python3.12/site-packages/airflow/example_dags/tutorial.py
[2024-11-13T21:36:33.691+0000] {processor.py:925} INFO - DAG(s) 'tutorial' retrieved from /home/airflow/.local/lib/python3.12/site-packages/airflow/example_dags/tutorial.py
[2024-11-13T21:36:33.699+0000] {logging_mixin.py:190} INFO - [2024-11-13T21:36:33.699+0000] {dag.py:3239} INFO - Sync 1 DAGs
[2024-11-13T21:36:33.709+0000] {logging_mixin.py:190} INFO - [2024-11-13T21:36:33.709+0000] {dag.py:4180} INFO - Setting next_dagrun for tutorial to 2024-11-13 00:00:00+00:00, run_after=2024-11-14 00:00:00+00:00
[2024-11-13T21:36:33.721+0000] {processor.py:208} INFO - Processing /home/airflow/.local/lib/python3.12/site-packages/airflow/example_dags/tutorial.py took 0.039 seconds
[2024-11-13T21:37:04.198+0000] {processor.py:186} INFO - Started process (PID=324) to work on /home/airflow/.local/lib/python3.12/site-packages/airflow/example_dags/tutorial.py
[2024-11-13T21:37:04.199+0000] {processor.py:914} INFO - Processing file /home/airflow/.local/lib/python3.12/site-packages/airflow/example_dags/tutorial.py for tasks to queue
[2024-11-13T21:37:04.200+0000] {logging_mixin.py:190} INFO - [2024-11-13T21:37:04.200+0000] {dagbag.py:588} INFO - Filling up the DagBag from /home/airflow/.local/lib/python3.12/site-packages/airflow/example_dags/tutorial.py
[2024-11-13T21:37:04.205+0000] {processor.py:925} INFO - DAG(s) 'tutorial' retrieved from /home/airflow/.local/lib/python3.12/site-packages/airflow/example_dags/tutorial.py
[2024-11-13T21:37:04.212+0000] {logging_mixin.py:190} INFO - [2024-11-13T21:37:04.212+0000] {dag.py:3239} INFO - Sync 1 DAGs
[2024-11-13T21:37:04.223+0000] {logging_mixin.py:190} INFO - [2024-11-13T21:37:04.222+0000] {dag.py:4180} INFO - Setting next_dagrun for tutorial to 2024-11-13 00:00:00+00:00, run_after=2024-11-14 00:00:00+00:00
[2024-11-13T21:37:04.232+0000] {processor.py:208} INFO - Processing /home/airflow/.local/lib/python3.12/site-packages/airflow/example_dags/tutorial.py took 0.036 seconds
[2024-11-13T21:37:34.589+0000] {processor.py:186} INFO - Started process (PID=393) to work on /home/airflow/.local/lib/python3.12/site-packages/airflow/example_dags/tutorial.py
[2024-11-13T21:37:34.590+0000] {processor.py:914} INFO - Processing file /home/airflow/.local/lib/python3.12/site-packages/airflow/example_dags/tutorial.py for tasks to queue
[2024-11-13T21:37:34.591+0000] {logging_mixin.py:190} INFO - [2024-11-13T21:37:34.591+0000] {dagbag.py:588} INFO - Filling up the DagBag from /home/airflow/.local/lib/python3.12/site-packages/airflow/example_dags/tutorial.py
[2024-11-13T21:37:34.596+0000] {processor.py:925} INFO - DAG(s) 'tutorial' retrieved from /home/airflow/.local/lib/python3.12/site-packages/airflow/example_dags/tutorial.py
[2024-11-13T21:37:34.606+0000] {logging_mixin.py:190} INFO - [2024-11-13T21:37:34.606+0000] {dag.py:3239} INFO - Sync 1 DAGs
[2024-11-13T21:37:34.618+0000] {logging_mixin.py:190} INFO - [2024-11-13T21:37:34.618+0000] {dag.py:4180} INFO - Setting next_dagrun for tutorial to 2024-11-13 00:00:00+00:00, run_after=2024-11-14 00:00:00+00:00
[2024-11-13T21:37:34.628+0000] {processor.py:208} INFO - Processing /home/airflow/.local/lib/python3.12/site-packages/airflow/example_dags/tutorial.py took 0.041 seconds
[2024-11-13T21:38:05.017+0000] {processor.py:186} INFO - Started process (PID=456) to work on /home/airflow/.local/lib/python3.12/site-packages/airflow/example_dags/tutorial.py
[2024-11-13T21:38:05.018+0000] {processor.py:914} INFO - Processing file /home/airflow/.local/lib/python3.12/site-packages/airflow/example_dags/tutorial.py for tasks to queue
[2024-11-13T21:38:05.018+0000] {logging_mixin.py:190} INFO - [2024-11-13T21:38:05.018+0000] {dagbag.py:588} INFO - Filling up the DagBag from /home/airflow/.local/lib/python3.12/site-packages/airflow/example_dags/tutorial.py
[2024-11-13T21:38:05.023+0000] {processor.py:925} INFO - DAG(s) 'tutorial' retrieved from /home/airflow/.local/lib/python3.12/site-packages/airflow/example_dags/tutorial.py
[2024-11-13T21:38:05.035+0000] {logging_mixin.py:190} INFO - [2024-11-13T21:38:05.035+0000] {dag.py:3239} INFO - Sync 1 DAGs
[2024-11-13T21:38:05.046+0000] {logging_mixin.py:190} INFO - [2024-11-13T21:38:05.046+0000] {dag.py:4180} INFO - Setting next_dagrun for tutorial to 2024-11-13 00:00:00+00:00, run_after=2024-11-14 00:00:00+00:00
[2024-11-13T21:38:05.054+0000] {processor.py:208} INFO - Processing /home/airflow/.local/lib/python3.12/site-packages/airflow/example_dags/tutorial.py took 0.040 seconds
[2024-11-13T23:40:19.580+0000] {processor.py:186} INFO - Started process (PID=61) to work on /home/airflow/.local/lib/python3.12/site-packages/airflow/example_dags/tutorial.py
[2024-11-13T23:40:19.580+0000] {processor.py:914} INFO - Processing file /home/airflow/.local/lib/python3.12/site-packages/airflow/example_dags/tutorial.py for tasks to queue
[2024-11-13T23:40:19.581+0000] {logging_mixin.py:190} INFO - [2024-11-13T23:40:19.581+0000] {dagbag.py:588} INFO - Filling up the DagBag from /home/airflow/.local/lib/python3.12/site-packages/airflow/example_dags/tutorial.py
[2024-11-13T23:40:19.585+0000] {processor.py:925} INFO - DAG(s) 'tutorial' retrieved from /home/airflow/.local/lib/python3.12/site-packages/airflow/example_dags/tutorial.py
[2024-11-13T23:40:19.622+0000] {logging_mixin.py:190} INFO - [2024-11-13T23:40:19.622+0000] {override.py:1911} INFO - Created Permission View: can edit on DAG:tutorial
[2024-11-13T23:40:19.625+0000] {logging_mixin.py:190} INFO - [2024-11-13T23:40:19.625+0000] {override.py:1911} INFO - Created Permission View: can delete on DAG:tutorial
[2024-11-13T23:40:19.627+0000] {logging_mixin.py:190} INFO - [2024-11-13T23:40:19.627+0000] {override.py:1911} INFO - Created Permission View: can read on DAG:tutorial
[2024-11-13T23:40:19.628+0000] {logging_mixin.py:190} INFO - [2024-11-13T23:40:19.628+0000] {override.py:1911} INFO - Created Permission View: can delete on DAG Run:tutorial
[2024-11-13T23:40:19.630+0000] {logging_mixin.py:190} INFO - [2024-11-13T23:40:19.630+0000] {override.py:1911} INFO - Created Permission View: menu access on DAG Run:tutorial
[2024-11-13T23:40:19.631+0000] {logging_mixin.py:190} INFO - [2024-11-13T23:40:19.631+0000] {override.py:1911} INFO - Created Permission View: can read on DAG Run:tutorial
[2024-11-13T23:40:19.633+0000] {logging_mixin.py:190} INFO - [2024-11-13T23:40:19.632+0000] {override.py:1911} INFO - Created Permission View: can create on DAG Run:tutorial
[2024-11-13T23:40:19.633+0000] {logging_mixin.py:190} INFO - [2024-11-13T23:40:19.633+0000] {dag.py:3239} INFO - Sync 1 DAGs
[2024-11-13T23:40:19.637+0000] {logging_mixin.py:190} INFO - [2024-11-13T23:40:19.637+0000] {dag.py:3262} INFO - Creating ORM DAG for tutorial
[2024-11-13T23:40:19.640+0000] {logging_mixin.py:190} INFO - [2024-11-13T23:40:19.640+0000] {dag.py:4180} INFO - Setting next_dagrun for tutorial to 2024-11-12 00:00:00+00:00, run_after=2024-11-13 00:00:00+00:00
[2024-11-13T23:40:19.645+0000] {processor.py:208} INFO - Processing /home/airflow/.local/lib/python3.12/site-packages/airflow/example_dags/tutorial.py took 0.067 seconds
[2024-11-13T23:40:50.619+0000] {processor.py:186} INFO - Started process (PID=124) to work on /home/airflow/.local/lib/python3.12/site-packages/airflow/example_dags/tutorial.py
[2024-11-13T23:40:50.620+0000] {processor.py:914} INFO - Processing file /home/airflow/.local/lib/python3.12/site-packages/airflow/example_dags/tutorial.py for tasks to queue
[2024-11-13T23:40:50.624+0000] {logging_mixin.py:190} INFO - [2024-11-13T23:40:50.624+0000] {dagbag.py:588} INFO - Filling up the DagBag from /home/airflow/.local/lib/python3.12/site-packages/airflow/example_dags/tutorial.py
[2024-11-13T23:40:50.628+0000] {processor.py:925} INFO - DAG(s) 'tutorial' retrieved from /home/airflow/.local/lib/python3.12/site-packages/airflow/example_dags/tutorial.py
[2024-11-13T23:40:50.641+0000] {logging_mixin.py:190} INFO - [2024-11-13T23:40:50.641+0000] {dag.py:3239} INFO - Sync 1 DAGs
[2024-11-13T23:40:50.656+0000] {logging_mixin.py:190} INFO - [2024-11-13T23:40:50.656+0000] {dag.py:4180} INFO - Setting next_dagrun for tutorial to 2024-11-12 00:00:00+00:00, run_after=2024-11-13 00:00:00+00:00
[2024-11-13T23:40:50.663+0000] {processor.py:208} INFO - Processing /home/airflow/.local/lib/python3.12/site-packages/airflow/example_dags/tutorial.py took 0.048 seconds
[2024-11-13T23:41:20.943+0000] {processor.py:186} INFO - Started process (PID=186) to work on /home/airflow/.local/lib/python3.12/site-packages/airflow/example_dags/tutorial.py
[2024-11-13T23:41:20.944+0000] {processor.py:914} INFO - Processing file /home/airflow/.local/lib/python3.12/site-packages/airflow/example_dags/tutorial.py for tasks to queue
[2024-11-13T23:41:20.945+0000] {logging_mixin.py:190} INFO - [2024-11-13T23:41:20.945+0000] {dagbag.py:588} INFO - Filling up the DagBag from /home/airflow/.local/lib/python3.12/site-packages/airflow/example_dags/tutorial.py
[2024-11-13T23:41:20.950+0000] {processor.py:925} INFO - DAG(s) 'tutorial' retrieved from /home/airflow/.local/lib/python3.12/site-packages/airflow/example_dags/tutorial.py
[2024-11-13T23:41:20.959+0000] {logging_mixin.py:190} INFO - [2024-11-13T23:41:20.958+0000] {dag.py:3239} INFO - Sync 1 DAGs
[2024-11-13T23:41:20.967+0000] {logging_mixin.py:190} INFO - [2024-11-13T23:41:20.967+0000] {dag.py:4180} INFO - Setting next_dagrun for tutorial to 2024-11-12 00:00:00+00:00, run_after=2024-11-13 00:00:00+00:00
[2024-11-13T23:41:20.974+0000] {processor.py:208} INFO - Processing /home/airflow/.local/lib/python3.12/site-packages/airflow/example_dags/tutorial.py took 0.033 seconds
[2024-11-13T23:41:51.384+0000] {processor.py:186} INFO - Started process (PID=255) to work on /home/airflow/.local/lib/python3.12/site-packages/airflow/example_dags/tutorial.py
[2024-11-13T23:41:51.385+0000] {processor.py:914} INFO - Processing file /home/airflow/.local/lib/python3.12/site-packages/airflow/example_dags/tutorial.py for tasks to queue
[2024-11-13T23:41:51.387+0000] {logging_mixin.py:190} INFO - [2024-11-13T23:41:51.387+0000] {dagbag.py:588} INFO - Filling up the DagBag from /home/airflow/.local/lib/python3.12/site-packages/airflow/example_dags/tutorial.py
[2024-11-13T23:41:51.391+0000] {processor.py:925} INFO - DAG(s) 'tutorial' retrieved from /home/airflow/.local/lib/python3.12/site-packages/airflow/example_dags/tutorial.py
[2024-11-13T23:41:51.399+0000] {logging_mixin.py:190} INFO - [2024-11-13T23:41:51.399+0000] {dag.py:3239} INFO - Sync 1 DAGs
[2024-11-13T23:41:51.408+0000] {logging_mixin.py:190} INFO - [2024-11-13T23:41:51.408+0000] {dag.py:4180} INFO - Setting next_dagrun for tutorial to 2024-11-12 00:00:00+00:00, run_after=2024-11-13 00:00:00+00:00
[2024-11-13T23:41:51.414+0000] {processor.py:208} INFO - Processing /home/airflow/.local/lib/python3.12/site-packages/airflow/example_dags/tutorial.py took 0.033 seconds
[2024-11-13T23:42:21.905+0000] {processor.py:186} INFO - Started process (PID=318) to work on /home/airflow/.local/lib/python3.12/site-packages/airflow/example_dags/tutorial.py
[2024-11-13T23:42:21.906+0000] {processor.py:914} INFO - Processing file /home/airflow/.local/lib/python3.12/site-packages/airflow/example_dags/tutorial.py for tasks to queue
[2024-11-13T23:42:21.908+0000] {logging_mixin.py:190} INFO - [2024-11-13T23:42:21.908+0000] {dagbag.py:588} INFO - Filling up the DagBag from /home/airflow/.local/lib/python3.12/site-packages/airflow/example_dags/tutorial.py
[2024-11-13T23:42:21.912+0000] {processor.py:925} INFO - DAG(s) 'tutorial' retrieved from /home/airflow/.local/lib/python3.12/site-packages/airflow/example_dags/tutorial.py
[2024-11-13T23:42:21.924+0000] {logging_mixin.py:190} INFO - [2024-11-13T23:42:21.924+0000] {dag.py:3239} INFO - Sync 1 DAGs
[2024-11-13T23:42:21.936+0000] {logging_mixin.py:190} INFO - [2024-11-13T23:42:21.936+0000] {dag.py:4180} INFO - Setting next_dagrun for tutorial to 2024-11-12 00:00:00+00:00, run_after=2024-11-13 00:00:00+00:00
[2024-11-13T23:42:21.944+0000] {processor.py:208} INFO - Processing /home/airflow/.local/lib/python3.12/site-packages/airflow/example_dags/tutorial.py took 0.042 seconds
[2024-11-13T23:42:52.236+0000] {processor.py:186} INFO - Started process (PID=381) to work on /home/airflow/.local/lib/python3.12/site-packages/airflow/example_dags/tutorial.py
[2024-11-13T23:42:52.237+0000] {processor.py:914} INFO - Processing file /home/airflow/.local/lib/python3.12/site-packages/airflow/example_dags/tutorial.py for tasks to queue
[2024-11-13T23:42:52.238+0000] {logging_mixin.py:190} INFO - [2024-11-13T23:42:52.238+0000] {dagbag.py:588} INFO - Filling up the DagBag from /home/airflow/.local/lib/python3.12/site-packages/airflow/example_dags/tutorial.py
[2024-11-13T23:42:52.242+0000] {processor.py:925} INFO - DAG(s) 'tutorial' retrieved from /home/airflow/.local/lib/python3.12/site-packages/airflow/example_dags/tutorial.py
[2024-11-13T23:42:52.249+0000] {logging_mixin.py:190} INFO - [2024-11-13T23:42:52.249+0000] {dag.py:3239} INFO - Sync 1 DAGs
[2024-11-13T23:42:52.258+0000] {logging_mixin.py:190} INFO - [2024-11-13T23:42:52.258+0000] {dag.py:4180} INFO - Setting next_dagrun for tutorial to 2024-11-12 00:00:00+00:00, run_after=2024-11-13 00:00:00+00:00
[2024-11-13T23:42:52.267+0000] {processor.py:208} INFO - Processing /home/airflow/.local/lib/python3.12/site-packages/airflow/example_dags/tutorial.py took 0.033 seconds
[2024-11-13T23:43:23.563+0000] {processor.py:186} INFO - Started process (PID=444) to work on /home/airflow/.local/lib/python3.12/site-packages/airflow/example_dags/tutorial.py
[2024-11-13T23:43:23.564+0000] {processor.py:914} INFO - Processing file /home/airflow/.local/lib/python3.12/site-packages/airflow/example_dags/tutorial.py for tasks to queue
[2024-11-13T23:43:23.565+0000] {logging_mixin.py:190} INFO - [2024-11-13T23:43:23.565+0000] {dagbag.py:588} INFO - Filling up the DagBag from /home/airflow/.local/lib/python3.12/site-packages/airflow/example_dags/tutorial.py
[2024-11-13T23:43:23.568+0000] {processor.py:925} INFO - DAG(s) 'tutorial' retrieved from /home/airflow/.local/lib/python3.12/site-packages/airflow/example_dags/tutorial.py
[2024-11-13T23:43:23.577+0000] {logging_mixin.py:190} INFO - [2024-11-13T23:43:23.577+0000] {dag.py:3239} INFO - Sync 1 DAGs
[2024-11-13T23:43:23.586+0000] {logging_mixin.py:190} INFO - [2024-11-13T23:43:23.586+0000] {dag.py:4180} INFO - Setting next_dagrun for tutorial to 2024-11-12 00:00:00+00:00, run_after=2024-11-13 00:00:00+00:00
[2024-11-13T23:43:23.591+0000] {processor.py:208} INFO - Processing /home/airflow/.local/lib/python3.12/site-packages/airflow/example_dags/tutorial.py took 0.030 seconds
[2024-11-13T23:43:54.764+0000] {processor.py:186} INFO - Started process (PID=507) to work on /home/airflow/.local/lib/python3.12/site-packages/airflow/example_dags/tutorial.py
[2024-11-13T23:43:54.765+0000] {processor.py:914} INFO - Processing file /home/airflow/.local/lib/python3.12/site-packages/airflow/example_dags/tutorial.py for tasks to queue
[2024-11-13T23:43:54.766+0000] {logging_mixin.py:190} INFO - [2024-11-13T23:43:54.766+0000] {dagbag.py:588} INFO - Filling up the DagBag from /home/airflow/.local/lib/python3.12/site-packages/airflow/example_dags/tutorial.py
[2024-11-13T23:43:54.770+0000] {processor.py:925} INFO - DAG(s) 'tutorial' retrieved from /home/airflow/.local/lib/python3.12/site-packages/airflow/example_dags/tutorial.py
[2024-11-13T23:43:54.779+0000] {logging_mixin.py:190} INFO - [2024-11-13T23:43:54.779+0000] {dag.py:3239} INFO - Sync 1 DAGs
[2024-11-13T23:43:54.789+0000] {logging_mixin.py:190} INFO - [2024-11-13T23:43:54.789+0000] {dag.py:4180} INFO - Setting next_dagrun for tutorial to 2024-11-12 00:00:00+00:00, run_after=2024-11-13 00:00:00+00:00
[2024-11-13T23:43:54.798+0000] {processor.py:208} INFO - Processing /home/airflow/.local/lib/python3.12/site-packages/airflow/example_dags/tutorial.py took 0.037 seconds
[2024-11-13T23:44:26.087+0000] {processor.py:186} INFO - Started process (PID=570) to work on /home/airflow/.local/lib/python3.12/site-packages/airflow/example_dags/tutorial.py
[2024-11-13T23:44:26.088+0000] {processor.py:914} INFO - Processing file /home/airflow/.local/lib/python3.12/site-packages/airflow/example_dags/tutorial.py for tasks to queue
[2024-11-13T23:44:26.089+0000] {logging_mixin.py:190} INFO - [2024-11-13T23:44:26.089+0000] {dagbag.py:588} INFO - Filling up the DagBag from /home/airflow/.local/lib/python3.12/site-packages/airflow/example_dags/tutorial.py
[2024-11-13T23:44:26.093+0000] {processor.py:925} INFO - DAG(s) 'tutorial' retrieved from /home/airflow/.local/lib/python3.12/site-packages/airflow/example_dags/tutorial.py
[2024-11-13T23:44:26.102+0000] {logging_mixin.py:190} INFO - [2024-11-13T23:44:26.102+0000] {dag.py:3239} INFO - Sync 1 DAGs
[2024-11-13T23:44:26.112+0000] {logging_mixin.py:190} INFO - [2024-11-13T23:44:26.112+0000] {dag.py:4180} INFO - Setting next_dagrun for tutorial to 2024-11-12 00:00:00+00:00, run_after=2024-11-13 00:00:00+00:00
[2024-11-13T23:44:26.118+0000] {processor.py:208} INFO - Processing /home/airflow/.local/lib/python3.12/site-packages/airflow/example_dags/tutorial.py took 0.034 seconds
[2024-11-13T23:44:57.376+0000] {processor.py:186} INFO - Started process (PID=633) to work on /home/airflow/.local/lib/python3.12/site-packages/airflow/example_dags/tutorial.py
[2024-11-13T23:44:57.377+0000] {processor.py:914} INFO - Processing file /home/airflow/.local/lib/python3.12/site-packages/airflow/example_dags/tutorial.py for tasks to queue
[2024-11-13T23:44:57.379+0000] {logging_mixin.py:190} INFO - [2024-11-13T23:44:57.379+0000] {dagbag.py:588} INFO - Filling up the DagBag from /home/airflow/.local/lib/python3.12/site-packages/airflow/example_dags/tutorial.py
[2024-11-13T23:44:57.383+0000] {processor.py:925} INFO - DAG(s) 'tutorial' retrieved from /home/airflow/.local/lib/python3.12/site-packages/airflow/example_dags/tutorial.py
[2024-11-13T23:44:57.390+0000] {logging_mixin.py:190} INFO - [2024-11-13T23:44:57.390+0000] {dag.py:3239} INFO - Sync 1 DAGs
[2024-11-13T23:44:57.399+0000] {logging_mixin.py:190} INFO - [2024-11-13T23:44:57.399+0000] {dag.py:4180} INFO - Setting next_dagrun for tutorial to 2024-11-12 00:00:00+00:00, run_after=2024-11-13 00:00:00+00:00
[2024-11-13T23:44:57.407+0000] {processor.py:208} INFO - Processing /home/airflow/.local/lib/python3.12/site-packages/airflow/example_dags/tutorial.py took 0.034 seconds
[2024-11-13T23:45:28.571+0000] {processor.py:186} INFO - Started process (PID=696) to work on /home/airflow/.local/lib/python3.12/site-packages/airflow/example_dags/tutorial.py
[2024-11-13T23:45:28.574+0000] {processor.py:914} INFO - Processing file /home/airflow/.local/lib/python3.12/site-packages/airflow/example_dags/tutorial.py for tasks to queue
[2024-11-13T23:45:28.575+0000] {logging_mixin.py:190} INFO - [2024-11-13T23:45:28.575+0000] {dagbag.py:588} INFO - Filling up the DagBag from /home/airflow/.local/lib/python3.12/site-packages/airflow/example_dags/tutorial.py
[2024-11-13T23:45:28.578+0000] {processor.py:925} INFO - DAG(s) 'tutorial' retrieved from /home/airflow/.local/lib/python3.12/site-packages/airflow/example_dags/tutorial.py
[2024-11-13T23:45:28.586+0000] {logging_mixin.py:190} INFO - [2024-11-13T23:45:28.586+0000] {dag.py:3239} INFO - Sync 1 DAGs
[2024-11-13T23:45:28.597+0000] {logging_mixin.py:190} INFO - [2024-11-13T23:45:28.597+0000] {dag.py:4180} INFO - Setting next_dagrun for tutorial to 2024-11-12 00:00:00+00:00, run_after=2024-11-13 00:00:00+00:00
[2024-11-13T23:45:28.604+0000] {processor.py:208} INFO - Processing /home/airflow/.local/lib/python3.12/site-packages/airflow/example_dags/tutorial.py took 0.035 seconds
[2024-11-13T23:45:59.724+0000] {processor.py:186} INFO - Started process (PID=759) to work on /home/airflow/.local/lib/python3.12/site-packages/airflow/example_dags/tutorial.py
[2024-11-13T23:45:59.724+0000] {processor.py:914} INFO - Processing file /home/airflow/.local/lib/python3.12/site-packages/airflow/example_dags/tutorial.py for tasks to queue
[2024-11-13T23:45:59.725+0000] {logging_mixin.py:190} INFO - [2024-11-13T23:45:59.725+0000] {dagbag.py:588} INFO - Filling up the DagBag from /home/airflow/.local/lib/python3.12/site-packages/airflow/example_dags/tutorial.py
[2024-11-13T23:45:59.730+0000] {processor.py:925} INFO - DAG(s) 'tutorial' retrieved from /home/airflow/.local/lib/python3.12/site-packages/airflow/example_dags/tutorial.py
[2024-11-13T23:45:59.738+0000] {logging_mixin.py:190} INFO - [2024-11-13T23:45:59.738+0000] {dag.py:3239} INFO - Sync 1 DAGs
[2024-11-13T23:45:59.748+0000] {logging_mixin.py:190} INFO - [2024-11-13T23:45:59.748+0000] {dag.py:4180} INFO - Setting next_dagrun for tutorial to 2024-11-12 00:00:00+00:00, run_after=2024-11-13 00:00:00+00:00
[2024-11-13T23:45:59.754+0000] {processor.py:208} INFO - Processing /home/airflow/.local/lib/python3.12/site-packages/airflow/example_dags/tutorial.py took 0.032 seconds
[2024-11-13T23:46:31.019+0000] {processor.py:186} INFO - Started process (PID=822) to work on /home/airflow/.local/lib/python3.12/site-packages/airflow/example_dags/tutorial.py
[2024-11-13T23:46:31.019+0000] {processor.py:914} INFO - Processing file /home/airflow/.local/lib/python3.12/site-packages/airflow/example_dags/tutorial.py for tasks to queue
[2024-11-13T23:46:31.022+0000] {logging_mixin.py:190} INFO - [2024-11-13T23:46:31.022+0000] {dagbag.py:588} INFO - Filling up the DagBag from /home/airflow/.local/lib/python3.12/site-packages/airflow/example_dags/tutorial.py
[2024-11-13T23:46:31.027+0000] {processor.py:925} INFO - DAG(s) 'tutorial' retrieved from /home/airflow/.local/lib/python3.12/site-packages/airflow/example_dags/tutorial.py
[2024-11-13T23:46:31.035+0000] {logging_mixin.py:190} INFO - [2024-11-13T23:46:31.035+0000] {dag.py:3239} INFO - Sync 1 DAGs
[2024-11-13T23:46:31.044+0000] {logging_mixin.py:190} INFO - [2024-11-13T23:46:31.044+0000] {dag.py:4180} INFO - Setting next_dagrun for tutorial to 2024-11-12 00:00:00+00:00, run_after=2024-11-13 00:00:00+00:00
[2024-11-13T23:46:31.051+0000] {processor.py:208} INFO - Processing /home/airflow/.local/lib/python3.12/site-packages/airflow/example_dags/tutorial.py took 0.034 seconds
[2024-11-13T23:47:02.347+0000] {processor.py:186} INFO - Started process (PID=885) to work on /home/airflow/.local/lib/python3.12/site-packages/airflow/example_dags/tutorial.py
[2024-11-13T23:47:02.348+0000] {processor.py:914} INFO - Processing file /home/airflow/.local/lib/python3.12/site-packages/airflow/example_dags/tutorial.py for tasks to queue
[2024-11-13T23:47:02.350+0000] {logging_mixin.py:190} INFO - [2024-11-13T23:47:02.349+0000] {dagbag.py:588} INFO - Filling up the DagBag from /home/airflow/.local/lib/python3.12/site-packages/airflow/example_dags/tutorial.py
[2024-11-13T23:47:02.353+0000] {processor.py:925} INFO - DAG(s) 'tutorial' retrieved from /home/airflow/.local/lib/python3.12/site-packages/airflow/example_dags/tutorial.py
[2024-11-13T23:47:02.361+0000] {logging_mixin.py:190} INFO - [2024-11-13T23:47:02.361+0000] {dag.py:3239} INFO - Sync 1 DAGs
[2024-11-13T23:47:02.369+0000] {logging_mixin.py:190} INFO - [2024-11-13T23:47:02.369+0000] {dag.py:4180} INFO - Setting next_dagrun for tutorial to 2024-11-12 00:00:00+00:00, run_after=2024-11-13 00:00:00+00:00
[2024-11-13T23:47:02.378+0000] {processor.py:208} INFO - Processing /home/airflow/.local/lib/python3.12/site-packages/airflow/example_dags/tutorial.py took 0.033 seconds
[2024-11-13T23:47:33.631+0000] {processor.py:186} INFO - Started process (PID=948) to work on /home/airflow/.local/lib/python3.12/site-packages/airflow/example_dags/tutorial.py
[2024-11-13T23:47:33.633+0000] {processor.py:914} INFO - Processing file /home/airflow/.local/lib/python3.12/site-packages/airflow/example_dags/tutorial.py for tasks to queue
[2024-11-13T23:47:33.635+0000] {logging_mixin.py:190} INFO - [2024-11-13T23:47:33.634+0000] {dagbag.py:588} INFO - Filling up the DagBag from /home/airflow/.local/lib/python3.12/site-packages/airflow/example_dags/tutorial.py
[2024-11-13T23:47:33.639+0000] {processor.py:925} INFO - DAG(s) 'tutorial' retrieved from /home/airflow/.local/lib/python3.12/site-packages/airflow/example_dags/tutorial.py
[2024-11-13T23:47:33.647+0000] {logging_mixin.py:190} INFO - [2024-11-13T23:47:33.647+0000] {dag.py:3239} INFO - Sync 1 DAGs
[2024-11-13T23:47:33.658+0000] {logging_mixin.py:190} INFO - [2024-11-13T23:47:33.657+0000] {dag.py:4180} INFO - Setting next_dagrun for tutorial to 2024-11-12 00:00:00+00:00, run_after=2024-11-13 00:00:00+00:00
[2024-11-13T23:47:33.663+0000] {processor.py:208} INFO - Processing /home/airflow/.local/lib/python3.12/site-packages/airflow/example_dags/tutorial.py took 0.035 seconds
