[2024-11-13T21:28:29.551+0000] {processor.py:186} INFO - Started process (PID=86) to work on /home/airflow/.local/lib/python3.12/site-packages/airflow/example_dags/tutorial_objectstorage.py
[2024-11-13T21:28:29.552+0000] {processor.py:914} INFO - Processing file /home/airflow/.local/lib/python3.12/site-packages/airflow/example_dags/tutorial_objectstorage.py for tasks to queue
[2024-11-13T21:28:29.552+0000] {logging_mixin.py:190} INFO - [2024-11-13T21:28:29.552+0000] {dagbag.py:588} INFO - Filling up the DagBag from /home/airflow/.local/lib/python3.12/site-packages/airflow/example_dags/tutorial_objectstorage.py
[2024-11-13T21:28:29.557+0000] {processor.py:925} INFO - DAG(s) 'tutorial_objectstorage' retrieved from /home/airflow/.local/lib/python3.12/site-packages/airflow/example_dags/tutorial_objectstorage.py
[2024-11-13T21:28:29.593+0000] {logging_mixin.py:190} INFO - [2024-11-13T21:28:29.593+0000] {override.py:1911} INFO - Created Permission View: can edit on DAG:tutorial_objectstorage
[2024-11-13T21:28:29.596+0000] {logging_mixin.py:190} INFO - [2024-11-13T21:28:29.596+0000] {override.py:1911} INFO - Created Permission View: can read on DAG:tutorial_objectstorage
[2024-11-13T21:28:29.598+0000] {logging_mixin.py:190} INFO - [2024-11-13T21:28:29.598+0000] {override.py:1911} INFO - Created Permission View: can delete on DAG:tutorial_objectstorage
[2024-11-13T21:28:29.600+0000] {logging_mixin.py:190} INFO - [2024-11-13T21:28:29.600+0000] {override.py:1911} INFO - Created Permission View: can delete on DAG Run:tutorial_objectstorage
[2024-11-13T21:28:29.602+0000] {logging_mixin.py:190} INFO - [2024-11-13T21:28:29.602+0000] {override.py:1911} INFO - Created Permission View: can read on DAG Run:tutorial_objectstorage
[2024-11-13T21:28:29.603+0000] {logging_mixin.py:190} INFO - [2024-11-13T21:28:29.603+0000] {override.py:1911} INFO - Created Permission View: menu access on DAG Run:tutorial_objectstorage
[2024-11-13T21:28:29.605+0000] {logging_mixin.py:190} INFO - [2024-11-13T21:28:29.605+0000] {override.py:1911} INFO - Created Permission View: can create on DAG Run:tutorial_objectstorage
[2024-11-13T21:28:29.605+0000] {logging_mixin.py:190} INFO - [2024-11-13T21:28:29.605+0000] {dag.py:3239} INFO - Sync 1 DAGs
[2024-11-13T21:28:29.609+0000] {logging_mixin.py:190} INFO - [2024-11-13T21:28:29.609+0000] {dag.py:3262} INFO - Creating ORM DAG for tutorial_objectstorage
[2024-11-13T21:28:29.609+0000] {logging_mixin.py:190} INFO - [2024-11-13T21:28:29.609+0000] {dag.py:4180} INFO - Setting next_dagrun for tutorial_objectstorage to None, run_after=None
[2024-11-13T21:28:29.614+0000] {processor.py:208} INFO - Processing /home/airflow/.local/lib/python3.12/site-packages/airflow/example_dags/tutorial_objectstorage.py took 0.065 seconds
[2024-11-13T21:29:00.252+0000] {processor.py:186} INFO - Started process (PID=148) to work on /home/airflow/.local/lib/python3.12/site-packages/airflow/example_dags/tutorial_objectstorage.py
[2024-11-13T21:29:00.252+0000] {processor.py:914} INFO - Processing file /home/airflow/.local/lib/python3.12/site-packages/airflow/example_dags/tutorial_objectstorage.py for tasks to queue
[2024-11-13T21:29:00.254+0000] {logging_mixin.py:190} INFO - [2024-11-13T21:29:00.254+0000] {dagbag.py:588} INFO - Filling up the DagBag from /home/airflow/.local/lib/python3.12/site-packages/airflow/example_dags/tutorial_objectstorage.py
[2024-11-13T21:29:00.258+0000] {processor.py:925} INFO - DAG(s) 'tutorial_objectstorage' retrieved from /home/airflow/.local/lib/python3.12/site-packages/airflow/example_dags/tutorial_objectstorage.py
[2024-11-13T21:29:00.267+0000] {logging_mixin.py:190} INFO - [2024-11-13T21:29:00.267+0000] {dag.py:3239} INFO - Sync 1 DAGs
[2024-11-13T21:29:00.274+0000] {logging_mixin.py:190} INFO - [2024-11-13T21:29:00.273+0000] {dag.py:4180} INFO - Setting next_dagrun for tutorial_objectstorage to None, run_after=None
[2024-11-13T21:29:00.282+0000] {processor.py:208} INFO - Processing /home/airflow/.local/lib/python3.12/site-packages/airflow/example_dags/tutorial_objectstorage.py took 0.033 seconds
[2024-11-13T21:29:30.490+0000] {processor.py:186} INFO - Started process (PID=211) to work on /home/airflow/.local/lib/python3.12/site-packages/airflow/example_dags/tutorial_objectstorage.py
[2024-11-13T21:29:30.491+0000] {processor.py:914} INFO - Processing file /home/airflow/.local/lib/python3.12/site-packages/airflow/example_dags/tutorial_objectstorage.py for tasks to queue
[2024-11-13T21:29:30.491+0000] {logging_mixin.py:190} INFO - [2024-11-13T21:29:30.491+0000] {dagbag.py:588} INFO - Filling up the DagBag from /home/airflow/.local/lib/python3.12/site-packages/airflow/example_dags/tutorial_objectstorage.py
[2024-11-13T21:29:30.496+0000] {processor.py:925} INFO - DAG(s) 'tutorial_objectstorage' retrieved from /home/airflow/.local/lib/python3.12/site-packages/airflow/example_dags/tutorial_objectstorage.py
[2024-11-13T21:29:30.504+0000] {logging_mixin.py:190} INFO - [2024-11-13T21:29:30.503+0000] {dag.py:3239} INFO - Sync 1 DAGs
[2024-11-13T21:29:30.509+0000] {logging_mixin.py:190} INFO - [2024-11-13T21:29:30.509+0000] {dag.py:4180} INFO - Setting next_dagrun for tutorial_objectstorage to None, run_after=None
[2024-11-13T21:29:30.516+0000] {processor.py:208} INFO - Processing /home/airflow/.local/lib/python3.12/site-packages/airflow/example_dags/tutorial_objectstorage.py took 0.028 seconds
[2024-11-13T21:30:00.681+0000] {processor.py:186} INFO - Started process (PID=272) to work on /home/airflow/.local/lib/python3.12/site-packages/airflow/example_dags/tutorial_objectstorage.py
[2024-11-13T21:30:00.682+0000] {processor.py:914} INFO - Processing file /home/airflow/.local/lib/python3.12/site-packages/airflow/example_dags/tutorial_objectstorage.py for tasks to queue
[2024-11-13T21:30:00.685+0000] {logging_mixin.py:190} INFO - [2024-11-13T21:30:00.685+0000] {dagbag.py:588} INFO - Filling up the DagBag from /home/airflow/.local/lib/python3.12/site-packages/airflow/example_dags/tutorial_objectstorage.py
[2024-11-13T21:30:00.689+0000] {processor.py:925} INFO - DAG(s) 'tutorial_objectstorage' retrieved from /home/airflow/.local/lib/python3.12/site-packages/airflow/example_dags/tutorial_objectstorage.py
[2024-11-13T21:30:00.697+0000] {logging_mixin.py:190} INFO - [2024-11-13T21:30:00.697+0000] {dag.py:3239} INFO - Sync 1 DAGs
[2024-11-13T21:30:00.704+0000] {logging_mixin.py:190} INFO - [2024-11-13T21:30:00.704+0000] {dag.py:4180} INFO - Setting next_dagrun for tutorial_objectstorage to None, run_after=None
[2024-11-13T21:30:00.712+0000] {processor.py:208} INFO - Processing /home/airflow/.local/lib/python3.12/site-packages/airflow/example_dags/tutorial_objectstorage.py took 0.033 seconds
[2024-11-13T21:30:32.022+0000] {processor.py:186} INFO - Started process (PID=342) to work on /home/airflow/.local/lib/python3.12/site-packages/airflow/example_dags/tutorial_objectstorage.py
[2024-11-13T21:30:32.023+0000] {processor.py:914} INFO - Processing file /home/airflow/.local/lib/python3.12/site-packages/airflow/example_dags/tutorial_objectstorage.py for tasks to queue
[2024-11-13T21:30:32.024+0000] {logging_mixin.py:190} INFO - [2024-11-13T21:30:32.024+0000] {dagbag.py:588} INFO - Filling up the DagBag from /home/airflow/.local/lib/python3.12/site-packages/airflow/example_dags/tutorial_objectstorage.py
[2024-11-13T21:30:32.029+0000] {processor.py:925} INFO - DAG(s) 'tutorial_objectstorage' retrieved from /home/airflow/.local/lib/python3.12/site-packages/airflow/example_dags/tutorial_objectstorage.py
[2024-11-13T21:30:32.036+0000] {logging_mixin.py:190} INFO - [2024-11-13T21:30:32.035+0000] {dag.py:3239} INFO - Sync 1 DAGs
[2024-11-13T21:30:32.041+0000] {logging_mixin.py:190} INFO - [2024-11-13T21:30:32.041+0000] {dag.py:4180} INFO - Setting next_dagrun for tutorial_objectstorage to None, run_after=None
[2024-11-13T21:30:32.047+0000] {processor.py:208} INFO - Processing /home/airflow/.local/lib/python3.12/site-packages/airflow/example_dags/tutorial_objectstorage.py took 0.028 seconds
[2024-11-13T21:35:03.733+0000] {processor.py:186} INFO - Started process (PID=88) to work on /home/airflow/.local/lib/python3.12/site-packages/airflow/example_dags/tutorial_objectstorage.py
[2024-11-13T21:35:03.734+0000] {processor.py:914} INFO - Processing file /home/airflow/.local/lib/python3.12/site-packages/airflow/example_dags/tutorial_objectstorage.py for tasks to queue
[2024-11-13T21:35:03.736+0000] {logging_mixin.py:190} INFO - [2024-11-13T21:35:03.736+0000] {dagbag.py:588} INFO - Filling up the DagBag from /home/airflow/.local/lib/python3.12/site-packages/airflow/example_dags/tutorial_objectstorage.py
[2024-11-13T21:35:03.743+0000] {processor.py:925} INFO - DAG(s) 'tutorial_objectstorage' retrieved from /home/airflow/.local/lib/python3.12/site-packages/airflow/example_dags/tutorial_objectstorage.py
[2024-11-13T21:35:03.800+0000] {logging_mixin.py:190} INFO - [2024-11-13T21:35:03.799+0000] {override.py:1911} INFO - Created Permission View: can edit on DAG:tutorial_objectstorage
[2024-11-13T21:35:03.807+0000] {logging_mixin.py:190} INFO - [2024-11-13T21:35:03.807+0000] {override.py:1911} INFO - Created Permission View: can delete on DAG:tutorial_objectstorage
[2024-11-13T21:35:03.809+0000] {logging_mixin.py:190} INFO - [2024-11-13T21:35:03.809+0000] {override.py:1911} INFO - Created Permission View: can read on DAG:tutorial_objectstorage
[2024-11-13T21:35:03.813+0000] {logging_mixin.py:190} INFO - [2024-11-13T21:35:03.813+0000] {override.py:1911} INFO - Created Permission View: can create on DAG Run:tutorial_objectstorage
[2024-11-13T21:35:03.817+0000] {logging_mixin.py:190} INFO - [2024-11-13T21:35:03.817+0000] {override.py:1911} INFO - Created Permission View: can delete on DAG Run:tutorial_objectstorage
[2024-11-13T21:35:03.820+0000] {logging_mixin.py:190} INFO - [2024-11-13T21:35:03.820+0000] {override.py:1911} INFO - Created Permission View: menu access on DAG Run:tutorial_objectstorage
[2024-11-13T21:35:03.825+0000] {logging_mixin.py:190} INFO - [2024-11-13T21:35:03.825+0000] {override.py:1911} INFO - Created Permission View: can read on DAG Run:tutorial_objectstorage
[2024-11-13T21:35:03.826+0000] {logging_mixin.py:190} INFO - [2024-11-13T21:35:03.826+0000] {dag.py:3239} INFO - Sync 1 DAGs
[2024-11-13T21:35:03.832+0000] {logging_mixin.py:190} INFO - [2024-11-13T21:35:03.832+0000] {dag.py:3262} INFO - Creating ORM DAG for tutorial_objectstorage
[2024-11-13T21:35:03.832+0000] {logging_mixin.py:190} INFO - [2024-11-13T21:35:03.832+0000] {dag.py:4180} INFO - Setting next_dagrun for tutorial_objectstorage to None, run_after=None
[2024-11-13T21:35:03.838+0000] {processor.py:208} INFO - Processing /home/airflow/.local/lib/python3.12/site-packages/airflow/example_dags/tutorial_objectstorage.py took 0.108 seconds
[2024-11-13T21:35:34.649+0000] {processor.py:186} INFO - Started process (PID=157) to work on /home/airflow/.local/lib/python3.12/site-packages/airflow/example_dags/tutorial_objectstorage.py
[2024-11-13T21:35:34.650+0000] {processor.py:914} INFO - Processing file /home/airflow/.local/lib/python3.12/site-packages/airflow/example_dags/tutorial_objectstorage.py for tasks to queue
[2024-11-13T21:35:34.651+0000] {logging_mixin.py:190} INFO - [2024-11-13T21:35:34.651+0000] {dagbag.py:588} INFO - Filling up the DagBag from /home/airflow/.local/lib/python3.12/site-packages/airflow/example_dags/tutorial_objectstorage.py
[2024-11-13T21:35:34.657+0000] {processor.py:925} INFO - DAG(s) 'tutorial_objectstorage' retrieved from /home/airflow/.local/lib/python3.12/site-packages/airflow/example_dags/tutorial_objectstorage.py
[2024-11-13T21:35:34.667+0000] {logging_mixin.py:190} INFO - [2024-11-13T21:35:34.667+0000] {dag.py:3239} INFO - Sync 1 DAGs
[2024-11-13T21:35:34.673+0000] {logging_mixin.py:190} INFO - [2024-11-13T21:35:34.673+0000] {dag.py:4180} INFO - Setting next_dagrun for tutorial_objectstorage to None, run_after=None
[2024-11-13T21:35:34.680+0000] {processor.py:208} INFO - Processing /home/airflow/.local/lib/python3.12/site-packages/airflow/example_dags/tutorial_objectstorage.py took 0.034 seconds
[2024-11-13T21:36:05.182+0000] {processor.py:186} INFO - Started process (PID=224) to work on /home/airflow/.local/lib/python3.12/site-packages/airflow/example_dags/tutorial_objectstorage.py
[2024-11-13T21:36:05.182+0000] {processor.py:914} INFO - Processing file /home/airflow/.local/lib/python3.12/site-packages/airflow/example_dags/tutorial_objectstorage.py for tasks to queue
[2024-11-13T21:36:05.184+0000] {logging_mixin.py:190} INFO - [2024-11-13T21:36:05.183+0000] {dagbag.py:588} INFO - Filling up the DagBag from /home/airflow/.local/lib/python3.12/site-packages/airflow/example_dags/tutorial_objectstorage.py
[2024-11-13T21:36:05.189+0000] {processor.py:925} INFO - DAG(s) 'tutorial_objectstorage' retrieved from /home/airflow/.local/lib/python3.12/site-packages/airflow/example_dags/tutorial_objectstorage.py
[2024-11-13T21:36:05.197+0000] {logging_mixin.py:190} INFO - [2024-11-13T21:36:05.197+0000] {dag.py:3239} INFO - Sync 1 DAGs
[2024-11-13T21:36:05.202+0000] {logging_mixin.py:190} INFO - [2024-11-13T21:36:05.202+0000] {dag.py:4180} INFO - Setting next_dagrun for tutorial_objectstorage to None, run_after=None
[2024-11-13T21:36:05.211+0000] {processor.py:208} INFO - Processing /home/airflow/.local/lib/python3.12/site-packages/airflow/example_dags/tutorial_objectstorage.py took 0.032 seconds
[2024-11-13T21:36:35.678+0000] {processor.py:186} INFO - Started process (PID=287) to work on /home/airflow/.local/lib/python3.12/site-packages/airflow/example_dags/tutorial_objectstorage.py
[2024-11-13T21:36:35.678+0000] {processor.py:914} INFO - Processing file /home/airflow/.local/lib/python3.12/site-packages/airflow/example_dags/tutorial_objectstorage.py for tasks to queue
[2024-11-13T21:36:35.679+0000] {logging_mixin.py:190} INFO - [2024-11-13T21:36:35.679+0000] {dagbag.py:588} INFO - Filling up the DagBag from /home/airflow/.local/lib/python3.12/site-packages/airflow/example_dags/tutorial_objectstorage.py
[2024-11-13T21:36:35.684+0000] {processor.py:925} INFO - DAG(s) 'tutorial_objectstorage' retrieved from /home/airflow/.local/lib/python3.12/site-packages/airflow/example_dags/tutorial_objectstorage.py
[2024-11-13T21:36:35.693+0000] {logging_mixin.py:190} INFO - [2024-11-13T21:36:35.693+0000] {dag.py:3239} INFO - Sync 1 DAGs
[2024-11-13T21:36:35.699+0000] {logging_mixin.py:190} INFO - [2024-11-13T21:36:35.699+0000] {dag.py:4180} INFO - Setting next_dagrun for tutorial_objectstorage to None, run_after=None
[2024-11-13T21:36:35.707+0000] {processor.py:208} INFO - Processing /home/airflow/.local/lib/python3.12/site-packages/airflow/example_dags/tutorial_objectstorage.py took 0.031 seconds
[2024-11-13T21:37:06.108+0000] {processor.py:186} INFO - Started process (PID=350) to work on /home/airflow/.local/lib/python3.12/site-packages/airflow/example_dags/tutorial_objectstorage.py
[2024-11-13T21:37:06.109+0000] {processor.py:914} INFO - Processing file /home/airflow/.local/lib/python3.12/site-packages/airflow/example_dags/tutorial_objectstorage.py for tasks to queue
[2024-11-13T21:37:06.110+0000] {logging_mixin.py:190} INFO - [2024-11-13T21:37:06.110+0000] {dagbag.py:588} INFO - Filling up the DagBag from /home/airflow/.local/lib/python3.12/site-packages/airflow/example_dags/tutorial_objectstorage.py
[2024-11-13T21:37:06.114+0000] {processor.py:925} INFO - DAG(s) 'tutorial_objectstorage' retrieved from /home/airflow/.local/lib/python3.12/site-packages/airflow/example_dags/tutorial_objectstorage.py
[2024-11-13T21:37:06.123+0000] {logging_mixin.py:190} INFO - [2024-11-13T21:37:06.123+0000] {dag.py:3239} INFO - Sync 1 DAGs
[2024-11-13T21:37:06.129+0000] {logging_mixin.py:190} INFO - [2024-11-13T21:37:06.129+0000] {dag.py:4180} INFO - Setting next_dagrun for tutorial_objectstorage to None, run_after=None
[2024-11-13T21:37:06.135+0000] {processor.py:208} INFO - Processing /home/airflow/.local/lib/python3.12/site-packages/airflow/example_dags/tutorial_objectstorage.py took 0.029 seconds
[2024-11-13T21:37:36.365+0000] {processor.py:186} INFO - Started process (PID=412) to work on /home/airflow/.local/lib/python3.12/site-packages/airflow/example_dags/tutorial_objectstorage.py
[2024-11-13T21:37:36.366+0000] {processor.py:914} INFO - Processing file /home/airflow/.local/lib/python3.12/site-packages/airflow/example_dags/tutorial_objectstorage.py for tasks to queue
[2024-11-13T21:37:36.367+0000] {logging_mixin.py:190} INFO - [2024-11-13T21:37:36.367+0000] {dagbag.py:588} INFO - Filling up the DagBag from /home/airflow/.local/lib/python3.12/site-packages/airflow/example_dags/tutorial_objectstorage.py
[2024-11-13T21:37:36.372+0000] {processor.py:925} INFO - DAG(s) 'tutorial_objectstorage' retrieved from /home/airflow/.local/lib/python3.12/site-packages/airflow/example_dags/tutorial_objectstorage.py
[2024-11-13T21:37:36.380+0000] {logging_mixin.py:190} INFO - [2024-11-13T21:37:36.380+0000] {dag.py:3239} INFO - Sync 1 DAGs
[2024-11-13T21:37:36.386+0000] {logging_mixin.py:190} INFO - [2024-11-13T21:37:36.386+0000] {dag.py:4180} INFO - Setting next_dagrun for tutorial_objectstorage to None, run_after=None
[2024-11-13T21:37:36.393+0000] {processor.py:208} INFO - Processing /home/airflow/.local/lib/python3.12/site-packages/airflow/example_dags/tutorial_objectstorage.py took 0.031 seconds
[2024-11-13T21:38:06.744+0000] {processor.py:186} INFO - Started process (PID=475) to work on /home/airflow/.local/lib/python3.12/site-packages/airflow/example_dags/tutorial_objectstorage.py
[2024-11-13T21:38:06.744+0000] {processor.py:914} INFO - Processing file /home/airflow/.local/lib/python3.12/site-packages/airflow/example_dags/tutorial_objectstorage.py for tasks to queue
[2024-11-13T21:38:06.746+0000] {logging_mixin.py:190} INFO - [2024-11-13T21:38:06.745+0000] {dagbag.py:588} INFO - Filling up the DagBag from /home/airflow/.local/lib/python3.12/site-packages/airflow/example_dags/tutorial_objectstorage.py
[2024-11-13T21:38:06.752+0000] {processor.py:925} INFO - DAG(s) 'tutorial_objectstorage' retrieved from /home/airflow/.local/lib/python3.12/site-packages/airflow/example_dags/tutorial_objectstorage.py
[2024-11-13T21:38:06.764+0000] {logging_mixin.py:190} INFO - [2024-11-13T21:38:06.764+0000] {dag.py:3239} INFO - Sync 1 DAGs
[2024-11-13T21:38:06.774+0000] {logging_mixin.py:190} INFO - [2024-11-13T21:38:06.774+0000] {dag.py:4180} INFO - Setting next_dagrun for tutorial_objectstorage to None, run_after=None
[2024-11-13T21:38:06.784+0000] {processor.py:208} INFO - Processing /home/airflow/.local/lib/python3.12/site-packages/airflow/example_dags/tutorial_objectstorage.py took 0.044 seconds
[2024-11-13T23:40:21.024+0000] {processor.py:186} INFO - Started process (PID=81) to work on /home/airflow/.local/lib/python3.12/site-packages/airflow/example_dags/tutorial_objectstorage.py
[2024-11-13T23:40:21.024+0000] {processor.py:914} INFO - Processing file /home/airflow/.local/lib/python3.12/site-packages/airflow/example_dags/tutorial_objectstorage.py for tasks to queue
[2024-11-13T23:40:21.025+0000] {logging_mixin.py:190} INFO - [2024-11-13T23:40:21.025+0000] {dagbag.py:588} INFO - Filling up the DagBag from /home/airflow/.local/lib/python3.12/site-packages/airflow/example_dags/tutorial_objectstorage.py
[2024-11-13T23:40:21.029+0000] {processor.py:925} INFO - DAG(s) 'tutorial_objectstorage' retrieved from /home/airflow/.local/lib/python3.12/site-packages/airflow/example_dags/tutorial_objectstorage.py
[2024-11-13T23:40:21.066+0000] {logging_mixin.py:190} INFO - [2024-11-13T23:40:21.066+0000] {override.py:1911} INFO - Created Permission View: can edit on DAG:tutorial_objectstorage
[2024-11-13T23:40:21.071+0000] {logging_mixin.py:190} INFO - [2024-11-13T23:40:21.071+0000] {override.py:1911} INFO - Created Permission View: can delete on DAG:tutorial_objectstorage
[2024-11-13T23:40:21.073+0000] {logging_mixin.py:190} INFO - [2024-11-13T23:40:21.073+0000] {override.py:1911} INFO - Created Permission View: can read on DAG:tutorial_objectstorage
[2024-11-13T23:40:21.074+0000] {logging_mixin.py:190} INFO - [2024-11-13T23:40:21.074+0000] {override.py:1911} INFO - Created Permission View: can delete on DAG Run:tutorial_objectstorage
[2024-11-13T23:40:21.076+0000] {logging_mixin.py:190} INFO - [2024-11-13T23:40:21.076+0000] {override.py:1911} INFO - Created Permission View: menu access on DAG Run:tutorial_objectstorage
[2024-11-13T23:40:21.077+0000] {logging_mixin.py:190} INFO - [2024-11-13T23:40:21.077+0000] {override.py:1911} INFO - Created Permission View: can read on DAG Run:tutorial_objectstorage
[2024-11-13T23:40:21.079+0000] {logging_mixin.py:190} INFO - [2024-11-13T23:40:21.079+0000] {override.py:1911} INFO - Created Permission View: can create on DAG Run:tutorial_objectstorage
[2024-11-13T23:40:21.079+0000] {logging_mixin.py:190} INFO - [2024-11-13T23:40:21.079+0000] {dag.py:3239} INFO - Sync 1 DAGs
[2024-11-13T23:40:21.083+0000] {logging_mixin.py:190} INFO - [2024-11-13T23:40:21.083+0000] {dag.py:3262} INFO - Creating ORM DAG for tutorial_objectstorage
[2024-11-13T23:40:21.083+0000] {logging_mixin.py:190} INFO - [2024-11-13T23:40:21.083+0000] {dag.py:4180} INFO - Setting next_dagrun for tutorial_objectstorage to None, run_after=None
[2024-11-13T23:40:21.088+0000] {processor.py:208} INFO - Processing /home/airflow/.local/lib/python3.12/site-packages/airflow/example_dags/tutorial_objectstorage.py took 0.066 seconds
[2024-11-13T23:40:51.435+0000] {processor.py:186} INFO - Started process (PID=149) to work on /home/airflow/.local/lib/python3.12/site-packages/airflow/example_dags/tutorial_objectstorage.py
[2024-11-13T23:40:51.435+0000] {processor.py:914} INFO - Processing file /home/airflow/.local/lib/python3.12/site-packages/airflow/example_dags/tutorial_objectstorage.py for tasks to queue
[2024-11-13T23:40:51.436+0000] {logging_mixin.py:190} INFO - [2024-11-13T23:40:51.436+0000] {dagbag.py:588} INFO - Filling up the DagBag from /home/airflow/.local/lib/python3.12/site-packages/airflow/example_dags/tutorial_objectstorage.py
[2024-11-13T23:40:51.440+0000] {processor.py:925} INFO - DAG(s) 'tutorial_objectstorage' retrieved from /home/airflow/.local/lib/python3.12/site-packages/airflow/example_dags/tutorial_objectstorage.py
[2024-11-13T23:40:51.447+0000] {logging_mixin.py:190} INFO - [2024-11-13T23:40:51.447+0000] {dag.py:3239} INFO - Sync 1 DAGs
[2024-11-13T23:40:51.452+0000] {logging_mixin.py:190} INFO - [2024-11-13T23:40:51.452+0000] {dag.py:4180} INFO - Setting next_dagrun for tutorial_objectstorage to None, run_after=None
[2024-11-13T23:40:51.458+0000] {processor.py:208} INFO - Processing /home/airflow/.local/lib/python3.12/site-packages/airflow/example_dags/tutorial_objectstorage.py took 0.025 seconds
[2024-11-13T23:41:21.812+0000] {processor.py:186} INFO - Started process (PID=212) to work on /home/airflow/.local/lib/python3.12/site-packages/airflow/example_dags/tutorial_objectstorage.py
[2024-11-13T23:41:21.812+0000] {processor.py:914} INFO - Processing file /home/airflow/.local/lib/python3.12/site-packages/airflow/example_dags/tutorial_objectstorage.py for tasks to queue
[2024-11-13T23:41:21.813+0000] {logging_mixin.py:190} INFO - [2024-11-13T23:41:21.813+0000] {dagbag.py:588} INFO - Filling up the DagBag from /home/airflow/.local/lib/python3.12/site-packages/airflow/example_dags/tutorial_objectstorage.py
[2024-11-13T23:41:21.817+0000] {processor.py:925} INFO - DAG(s) 'tutorial_objectstorage' retrieved from /home/airflow/.local/lib/python3.12/site-packages/airflow/example_dags/tutorial_objectstorage.py
[2024-11-13T23:41:21.825+0000] {logging_mixin.py:190} INFO - [2024-11-13T23:41:21.825+0000] {dag.py:3239} INFO - Sync 1 DAGs
[2024-11-13T23:41:21.830+0000] {logging_mixin.py:190} INFO - [2024-11-13T23:41:21.830+0000] {dag.py:4180} INFO - Setting next_dagrun for tutorial_objectstorage to None, run_after=None
[2024-11-13T23:41:21.836+0000] {processor.py:208} INFO - Processing /home/airflow/.local/lib/python3.12/site-packages/airflow/example_dags/tutorial_objectstorage.py took 0.027 seconds
[2024-11-13T23:41:52.234+0000] {processor.py:186} INFO - Started process (PID=275) to work on /home/airflow/.local/lib/python3.12/site-packages/airflow/example_dags/tutorial_objectstorage.py
[2024-11-13T23:41:52.236+0000] {processor.py:914} INFO - Processing file /home/airflow/.local/lib/python3.12/site-packages/airflow/example_dags/tutorial_objectstorage.py for tasks to queue
[2024-11-13T23:41:52.238+0000] {logging_mixin.py:190} INFO - [2024-11-13T23:41:52.238+0000] {dagbag.py:588} INFO - Filling up the DagBag from /home/airflow/.local/lib/python3.12/site-packages/airflow/example_dags/tutorial_objectstorage.py
[2024-11-13T23:41:52.243+0000] {processor.py:925} INFO - DAG(s) 'tutorial_objectstorage' retrieved from /home/airflow/.local/lib/python3.12/site-packages/airflow/example_dags/tutorial_objectstorage.py
[2024-11-13T23:41:52.251+0000] {logging_mixin.py:190} INFO - [2024-11-13T23:41:52.251+0000] {dag.py:3239} INFO - Sync 1 DAGs
[2024-11-13T23:41:52.257+0000] {logging_mixin.py:190} INFO - [2024-11-13T23:41:52.257+0000] {dag.py:4180} INFO - Setting next_dagrun for tutorial_objectstorage to None, run_after=None
[2024-11-13T23:41:52.264+0000] {processor.py:208} INFO - Processing /home/airflow/.local/lib/python3.12/site-packages/airflow/example_dags/tutorial_objectstorage.py took 0.032 seconds
[2024-11-13T23:42:22.733+0000] {processor.py:186} INFO - Started process (PID=338) to work on /home/airflow/.local/lib/python3.12/site-packages/airflow/example_dags/tutorial_objectstorage.py
[2024-11-13T23:42:22.736+0000] {processor.py:914} INFO - Processing file /home/airflow/.local/lib/python3.12/site-packages/airflow/example_dags/tutorial_objectstorage.py for tasks to queue
[2024-11-13T23:42:22.737+0000] {logging_mixin.py:190} INFO - [2024-11-13T23:42:22.736+0000] {dagbag.py:588} INFO - Filling up the DagBag from /home/airflow/.local/lib/python3.12/site-packages/airflow/example_dags/tutorial_objectstorage.py
[2024-11-13T23:42:22.741+0000] {processor.py:925} INFO - DAG(s) 'tutorial_objectstorage' retrieved from /home/airflow/.local/lib/python3.12/site-packages/airflow/example_dags/tutorial_objectstorage.py
[2024-11-13T23:42:22.749+0000] {logging_mixin.py:190} INFO - [2024-11-13T23:42:22.749+0000] {dag.py:3239} INFO - Sync 1 DAGs
[2024-11-13T23:42:22.757+0000] {logging_mixin.py:190} INFO - [2024-11-13T23:42:22.757+0000] {dag.py:4180} INFO - Setting next_dagrun for tutorial_objectstorage to None, run_after=None
[2024-11-13T23:42:22.768+0000] {processor.py:208} INFO - Processing /home/airflow/.local/lib/python3.12/site-packages/airflow/example_dags/tutorial_objectstorage.py took 0.037 seconds
[2024-11-13T23:42:53.065+0000] {processor.py:186} INFO - Started process (PID=401) to work on /home/airflow/.local/lib/python3.12/site-packages/airflow/example_dags/tutorial_objectstorage.py
[2024-11-13T23:42:53.066+0000] {processor.py:914} INFO - Processing file /home/airflow/.local/lib/python3.12/site-packages/airflow/example_dags/tutorial_objectstorage.py for tasks to queue
[2024-11-13T23:42:53.067+0000] {logging_mixin.py:190} INFO - [2024-11-13T23:42:53.067+0000] {dagbag.py:588} INFO - Filling up the DagBag from /home/airflow/.local/lib/python3.12/site-packages/airflow/example_dags/tutorial_objectstorage.py
[2024-11-13T23:42:53.071+0000] {processor.py:925} INFO - DAG(s) 'tutorial_objectstorage' retrieved from /home/airflow/.local/lib/python3.12/site-packages/airflow/example_dags/tutorial_objectstorage.py
[2024-11-13T23:42:53.080+0000] {logging_mixin.py:190} INFO - [2024-11-13T23:42:53.080+0000] {dag.py:3239} INFO - Sync 1 DAGs
[2024-11-13T23:42:53.087+0000] {logging_mixin.py:190} INFO - [2024-11-13T23:42:53.087+0000] {dag.py:4180} INFO - Setting next_dagrun for tutorial_objectstorage to None, run_after=None
[2024-11-13T23:42:53.094+0000] {processor.py:208} INFO - Processing /home/airflow/.local/lib/python3.12/site-packages/airflow/example_dags/tutorial_objectstorage.py took 0.032 seconds
[2024-11-13T23:43:24.351+0000] {processor.py:186} INFO - Started process (PID=464) to work on /home/airflow/.local/lib/python3.12/site-packages/airflow/example_dags/tutorial_objectstorage.py
[2024-11-13T23:43:24.351+0000] {processor.py:914} INFO - Processing file /home/airflow/.local/lib/python3.12/site-packages/airflow/example_dags/tutorial_objectstorage.py for tasks to queue
[2024-11-13T23:43:24.352+0000] {logging_mixin.py:190} INFO - [2024-11-13T23:43:24.352+0000] {dagbag.py:588} INFO - Filling up the DagBag from /home/airflow/.local/lib/python3.12/site-packages/airflow/example_dags/tutorial_objectstorage.py
[2024-11-13T23:43:24.356+0000] {processor.py:925} INFO - DAG(s) 'tutorial_objectstorage' retrieved from /home/airflow/.local/lib/python3.12/site-packages/airflow/example_dags/tutorial_objectstorage.py
[2024-11-13T23:43:24.363+0000] {logging_mixin.py:190} INFO - [2024-11-13T23:43:24.363+0000] {dag.py:3239} INFO - Sync 1 DAGs
[2024-11-13T23:43:24.371+0000] {logging_mixin.py:190} INFO - [2024-11-13T23:43:24.371+0000] {dag.py:4180} INFO - Setting next_dagrun for tutorial_objectstorage to None, run_after=None
[2024-11-13T23:43:24.377+0000] {processor.py:208} INFO - Processing /home/airflow/.local/lib/python3.12/site-packages/airflow/example_dags/tutorial_objectstorage.py took 0.029 seconds
[2024-11-13T23:43:55.603+0000] {processor.py:186} INFO - Started process (PID=527) to work on /home/airflow/.local/lib/python3.12/site-packages/airflow/example_dags/tutorial_objectstorage.py
[2024-11-13T23:43:55.603+0000] {processor.py:914} INFO - Processing file /home/airflow/.local/lib/python3.12/site-packages/airflow/example_dags/tutorial_objectstorage.py for tasks to queue
[2024-11-13T23:43:55.604+0000] {logging_mixin.py:190} INFO - [2024-11-13T23:43:55.604+0000] {dagbag.py:588} INFO - Filling up the DagBag from /home/airflow/.local/lib/python3.12/site-packages/airflow/example_dags/tutorial_objectstorage.py
[2024-11-13T23:43:55.609+0000] {processor.py:925} INFO - DAG(s) 'tutorial_objectstorage' retrieved from /home/airflow/.local/lib/python3.12/site-packages/airflow/example_dags/tutorial_objectstorage.py
[2024-11-13T23:43:55.617+0000] {logging_mixin.py:190} INFO - [2024-11-13T23:43:55.617+0000] {dag.py:3239} INFO - Sync 1 DAGs
[2024-11-13T23:43:55.622+0000] {logging_mixin.py:190} INFO - [2024-11-13T23:43:55.622+0000] {dag.py:4180} INFO - Setting next_dagrun for tutorial_objectstorage to None, run_after=None
[2024-11-13T23:43:55.631+0000] {processor.py:208} INFO - Processing /home/airflow/.local/lib/python3.12/site-packages/airflow/example_dags/tutorial_objectstorage.py took 0.030 seconds
[2024-11-13T23:44:26.888+0000] {processor.py:186} INFO - Started process (PID=590) to work on /home/airflow/.local/lib/python3.12/site-packages/airflow/example_dags/tutorial_objectstorage.py
[2024-11-13T23:44:26.888+0000] {processor.py:914} INFO - Processing file /home/airflow/.local/lib/python3.12/site-packages/airflow/example_dags/tutorial_objectstorage.py for tasks to queue
[2024-11-13T23:44:26.889+0000] {logging_mixin.py:190} INFO - [2024-11-13T23:44:26.889+0000] {dagbag.py:588} INFO - Filling up the DagBag from /home/airflow/.local/lib/python3.12/site-packages/airflow/example_dags/tutorial_objectstorage.py
[2024-11-13T23:44:26.893+0000] {processor.py:925} INFO - DAG(s) 'tutorial_objectstorage' retrieved from /home/airflow/.local/lib/python3.12/site-packages/airflow/example_dags/tutorial_objectstorage.py
[2024-11-13T23:44:26.901+0000] {logging_mixin.py:190} INFO - [2024-11-13T23:44:26.901+0000] {dag.py:3239} INFO - Sync 1 DAGs
[2024-11-13T23:44:26.906+0000] {logging_mixin.py:190} INFO - [2024-11-13T23:44:26.906+0000] {dag.py:4180} INFO - Setting next_dagrun for tutorial_objectstorage to None, run_after=None
[2024-11-13T23:44:26.913+0000] {processor.py:208} INFO - Processing /home/airflow/.local/lib/python3.12/site-packages/airflow/example_dags/tutorial_objectstorage.py took 0.027 seconds
[2024-11-13T23:44:58.148+0000] {processor.py:186} INFO - Started process (PID=653) to work on /home/airflow/.local/lib/python3.12/site-packages/airflow/example_dags/tutorial_objectstorage.py
[2024-11-13T23:44:58.149+0000] {processor.py:914} INFO - Processing file /home/airflow/.local/lib/python3.12/site-packages/airflow/example_dags/tutorial_objectstorage.py for tasks to queue
[2024-11-13T23:44:58.150+0000] {logging_mixin.py:190} INFO - [2024-11-13T23:44:58.149+0000] {dagbag.py:588} INFO - Filling up the DagBag from /home/airflow/.local/lib/python3.12/site-packages/airflow/example_dags/tutorial_objectstorage.py
[2024-11-13T23:44:58.154+0000] {processor.py:925} INFO - DAG(s) 'tutorial_objectstorage' retrieved from /home/airflow/.local/lib/python3.12/site-packages/airflow/example_dags/tutorial_objectstorage.py
[2024-11-13T23:44:58.164+0000] {logging_mixin.py:190} INFO - [2024-11-13T23:44:58.163+0000] {dag.py:3239} INFO - Sync 1 DAGs
[2024-11-13T23:44:58.169+0000] {logging_mixin.py:190} INFO - [2024-11-13T23:44:58.169+0000] {dag.py:4180} INFO - Setting next_dagrun for tutorial_objectstorage to None, run_after=None
[2024-11-13T23:44:58.179+0000] {processor.py:208} INFO - Processing /home/airflow/.local/lib/python3.12/site-packages/airflow/example_dags/tutorial_objectstorage.py took 0.033 seconds
[2024-11-13T23:45:29.366+0000] {processor.py:186} INFO - Started process (PID=716) to work on /home/airflow/.local/lib/python3.12/site-packages/airflow/example_dags/tutorial_objectstorage.py
[2024-11-13T23:45:29.368+0000] {processor.py:914} INFO - Processing file /home/airflow/.local/lib/python3.12/site-packages/airflow/example_dags/tutorial_objectstorage.py for tasks to queue
[2024-11-13T23:45:29.369+0000] {logging_mixin.py:190} INFO - [2024-11-13T23:45:29.369+0000] {dagbag.py:588} INFO - Filling up the DagBag from /home/airflow/.local/lib/python3.12/site-packages/airflow/example_dags/tutorial_objectstorage.py
[2024-11-13T23:45:29.373+0000] {processor.py:925} INFO - DAG(s) 'tutorial_objectstorage' retrieved from /home/airflow/.local/lib/python3.12/site-packages/airflow/example_dags/tutorial_objectstorage.py
[2024-11-13T23:45:29.380+0000] {logging_mixin.py:190} INFO - [2024-11-13T23:45:29.380+0000] {dag.py:3239} INFO - Sync 1 DAGs
[2024-11-13T23:45:29.387+0000] {logging_mixin.py:190} INFO - [2024-11-13T23:45:29.387+0000] {dag.py:4180} INFO - Setting next_dagrun for tutorial_objectstorage to None, run_after=None
[2024-11-13T23:45:29.393+0000] {processor.py:208} INFO - Processing /home/airflow/.local/lib/python3.12/site-packages/airflow/example_dags/tutorial_objectstorage.py took 0.029 seconds
[2024-11-13T23:46:00.536+0000] {processor.py:186} INFO - Started process (PID=779) to work on /home/airflow/.local/lib/python3.12/site-packages/airflow/example_dags/tutorial_objectstorage.py
[2024-11-13T23:46:00.536+0000] {processor.py:914} INFO - Processing file /home/airflow/.local/lib/python3.12/site-packages/airflow/example_dags/tutorial_objectstorage.py for tasks to queue
[2024-11-13T23:46:00.537+0000] {logging_mixin.py:190} INFO - [2024-11-13T23:46:00.537+0000] {dagbag.py:588} INFO - Filling up the DagBag from /home/airflow/.local/lib/python3.12/site-packages/airflow/example_dags/tutorial_objectstorage.py
[2024-11-13T23:46:00.541+0000] {processor.py:925} INFO - DAG(s) 'tutorial_objectstorage' retrieved from /home/airflow/.local/lib/python3.12/site-packages/airflow/example_dags/tutorial_objectstorage.py
[2024-11-13T23:46:00.549+0000] {logging_mixin.py:190} INFO - [2024-11-13T23:46:00.549+0000] {dag.py:3239} INFO - Sync 1 DAGs
[2024-11-13T23:46:00.555+0000] {logging_mixin.py:190} INFO - [2024-11-13T23:46:00.554+0000] {dag.py:4180} INFO - Setting next_dagrun for tutorial_objectstorage to None, run_after=None
[2024-11-13T23:46:00.562+0000] {processor.py:208} INFO - Processing /home/airflow/.local/lib/python3.12/site-packages/airflow/example_dags/tutorial_objectstorage.py took 0.029 seconds
[2024-11-13T23:46:31.846+0000] {processor.py:186} INFO - Started process (PID=842) to work on /home/airflow/.local/lib/python3.12/site-packages/airflow/example_dags/tutorial_objectstorage.py
[2024-11-13T23:46:31.846+0000] {processor.py:914} INFO - Processing file /home/airflow/.local/lib/python3.12/site-packages/airflow/example_dags/tutorial_objectstorage.py for tasks to queue
[2024-11-13T23:46:31.847+0000] {logging_mixin.py:190} INFO - [2024-11-13T23:46:31.847+0000] {dagbag.py:588} INFO - Filling up the DagBag from /home/airflow/.local/lib/python3.12/site-packages/airflow/example_dags/tutorial_objectstorage.py
[2024-11-13T23:46:31.851+0000] {processor.py:925} INFO - DAG(s) 'tutorial_objectstorage' retrieved from /home/airflow/.local/lib/python3.12/site-packages/airflow/example_dags/tutorial_objectstorage.py
[2024-11-13T23:46:31.860+0000] {logging_mixin.py:190} INFO - [2024-11-13T23:46:31.859+0000] {dag.py:3239} INFO - Sync 1 DAGs
[2024-11-13T23:46:31.866+0000] {logging_mixin.py:190} INFO - [2024-11-13T23:46:31.866+0000] {dag.py:4180} INFO - Setting next_dagrun for tutorial_objectstorage to None, run_after=None
[2024-11-13T23:46:31.877+0000] {processor.py:208} INFO - Processing /home/airflow/.local/lib/python3.12/site-packages/airflow/example_dags/tutorial_objectstorage.py took 0.033 seconds
[2024-11-13T23:47:03.155+0000] {processor.py:186} INFO - Started process (PID=905) to work on /home/airflow/.local/lib/python3.12/site-packages/airflow/example_dags/tutorial_objectstorage.py
[2024-11-13T23:47:03.156+0000] {processor.py:914} INFO - Processing file /home/airflow/.local/lib/python3.12/site-packages/airflow/example_dags/tutorial_objectstorage.py for tasks to queue
[2024-11-13T23:47:03.158+0000] {logging_mixin.py:190} INFO - [2024-11-13T23:47:03.158+0000] {dagbag.py:588} INFO - Filling up the DagBag from /home/airflow/.local/lib/python3.12/site-packages/airflow/example_dags/tutorial_objectstorage.py
[2024-11-13T23:47:03.162+0000] {processor.py:925} INFO - DAG(s) 'tutorial_objectstorage' retrieved from /home/airflow/.local/lib/python3.12/site-packages/airflow/example_dags/tutorial_objectstorage.py
[2024-11-13T23:47:03.171+0000] {logging_mixin.py:190} INFO - [2024-11-13T23:47:03.170+0000] {dag.py:3239} INFO - Sync 1 DAGs
[2024-11-13T23:47:03.176+0000] {logging_mixin.py:190} INFO - [2024-11-13T23:47:03.176+0000] {dag.py:4180} INFO - Setting next_dagrun for tutorial_objectstorage to None, run_after=None
[2024-11-13T23:47:03.182+0000] {processor.py:208} INFO - Processing /home/airflow/.local/lib/python3.12/site-packages/airflow/example_dags/tutorial_objectstorage.py took 0.029 seconds
[2024-11-13T23:47:34.404+0000] {processor.py:186} INFO - Started process (PID=968) to work on /home/airflow/.local/lib/python3.12/site-packages/airflow/example_dags/tutorial_objectstorage.py
[2024-11-13T23:47:34.404+0000] {processor.py:914} INFO - Processing file /home/airflow/.local/lib/python3.12/site-packages/airflow/example_dags/tutorial_objectstorage.py for tasks to queue
[2024-11-13T23:47:34.405+0000] {logging_mixin.py:190} INFO - [2024-11-13T23:47:34.405+0000] {dagbag.py:588} INFO - Filling up the DagBag from /home/airflow/.local/lib/python3.12/site-packages/airflow/example_dags/tutorial_objectstorage.py
[2024-11-13T23:47:34.409+0000] {processor.py:925} INFO - DAG(s) 'tutorial_objectstorage' retrieved from /home/airflow/.local/lib/python3.12/site-packages/airflow/example_dags/tutorial_objectstorage.py
[2024-11-13T23:47:34.418+0000] {logging_mixin.py:190} INFO - [2024-11-13T23:47:34.418+0000] {dag.py:3239} INFO - Sync 1 DAGs
[2024-11-13T23:47:34.423+0000] {logging_mixin.py:190} INFO - [2024-11-13T23:47:34.423+0000] {dag.py:4180} INFO - Setting next_dagrun for tutorial_objectstorage to None, run_after=None
[2024-11-13T23:47:34.432+0000] {processor.py:208} INFO - Processing /home/airflow/.local/lib/python3.12/site-packages/airflow/example_dags/tutorial_objectstorage.py took 0.030 seconds
