[2024-11-14T00:25:25.175+0000] {local_task_job_runner.py:123} INFO - ::group::Pre task execution logs
[2024-11-14T00:25:25.181+0000] {taskinstance.py:2613} INFO - Dependencies all met for dep_context=non-requeueable deps ti=<TaskInstance: weather_etl.load_data scheduled__2024-01-04T00:00:00+00:00 [queued]>
[2024-11-14T00:25:25.184+0000] {taskinstance.py:2613} INFO - Dependencies all met for dep_context=requeueable deps ti=<TaskInstance: weather_etl.load_data scheduled__2024-01-04T00:00:00+00:00 [queued]>
[2024-11-14T00:25:25.184+0000] {taskinstance.py:2866} INFO - Starting attempt 1 of 1
[2024-11-14T00:25:25.189+0000] {taskinstance.py:2889} INFO - Executing <Task(PythonOperator): load_data> on 2024-01-04 00:00:00+00:00
[2024-11-14T00:25:25.191+0000] {warnings.py:112} WARNING - /home/***/.local/lib/python3.12/site-packages/***/task/task_runner/standard_task_runner.py:70: DeprecationWarning: This process (pid=115) is multi-threaded, use of fork() may lead to deadlocks in the child.
  pid = os.fork()

[2024-11-14T00:25:25.192+0000] {standard_task_runner.py:72} INFO - Started process 116 to run task
[2024-11-14T00:25:25.192+0000] {standard_task_runner.py:104} INFO - Running: ['***', 'tasks', 'run', 'weather_etl', 'load_data', 'scheduled__2024-01-04T00:00:00+00:00', '--job-id', '13', '--raw', '--subdir', 'DAGS_FOLDER/sample_dag.py', '--cfg-path', '/tmp/tmpjw78lwq6']
[2024-11-14T00:25:25.193+0000] {standard_task_runner.py:105} INFO - Job 13: Subtask load_data
[2024-11-14T00:25:25.208+0000] {task_command.py:467} INFO - Running <TaskInstance: weather_etl.load_data scheduled__2024-01-04T00:00:00+00:00 [running]> on host cdbc0cb84826
[2024-11-14T00:25:25.236+0000] {taskinstance.py:3132} INFO - Exporting env vars: AIRFLOW_CTX_DAG_OWNER='***' AIRFLOW_CTX_DAG_ID='weather_etl' AIRFLOW_CTX_TASK_ID='load_data' AIRFLOW_CTX_EXECUTION_DATE='2024-01-04T00:00:00+00:00' AIRFLOW_CTX_TRY_NUMBER='1' AIRFLOW_CTX_DAG_RUN_ID='scheduled__2024-01-04T00:00:00+00:00'
[2024-11-14T00:25:25.236+0000] {logging_mixin.py:190} INFO - Task instance is in running state
[2024-11-14T00:25:25.236+0000] {logging_mixin.py:190} INFO -  Previous state of the Task instance: queued
[2024-11-14T00:25:25.237+0000] {logging_mixin.py:190} INFO - Current task name:load_data state:running start_date:2024-11-14 00:25:25.181699+00:00
[2024-11-14T00:25:25.237+0000] {logging_mixin.py:190} INFO - Dag name:weather_etl and current dag run status:running
[2024-11-14T00:25:25.237+0000] {taskinstance.py:731} INFO - ::endgroup::
[2024-11-14T00:25:25.241+0000] {logging_mixin.py:190} INFO -          date location  weather_temp   weather_conditions
0  2023-01-01      NYC            33  Light snow and wind
[2024-11-14T00:25:25.241+0000] {python.py:240} INFO - Done. Returned value was: None
[2024-11-14T00:25:25.245+0000] {taskinstance.py:340} INFO - ::group::Post task execution logs
[2024-11-14T00:25:25.245+0000] {taskinstance.py:352} INFO - Marking task as SUCCESS. dag_id=weather_etl, task_id=load_data, run_id=scheduled__2024-01-04T00:00:00+00:00, execution_date=20240104T000000, start_date=20241114T002525, end_date=20241114T002525
[2024-11-14T00:25:25.247+0000] {logging_mixin.py:190} INFO - Task instance in success state
[2024-11-14T00:25:25.247+0000] {logging_mixin.py:190} INFO -  Previous state of the Task instance: running
[2024-11-14T00:25:25.247+0000] {logging_mixin.py:190} INFO - Dag name:weather_etl queued_at:2024-11-14 00:25:22.431415+00:00
[2024-11-14T00:25:25.247+0000] {logging_mixin.py:190} INFO - Task hostname:cdbc0cb84826 operator:PythonOperator
[2024-11-14T00:25:25.251+0000] {local_task_job_runner.py:266} INFO - Task exited with return code 0
[2024-11-14T00:25:25.257+0000] {taskinstance.py:3895} INFO - 0 downstream tasks scheduled from follow-on schedule check
[2024-11-14T00:25:25.257+0000] {local_task_job_runner.py:245} INFO - ::endgroup::
