[2024-11-13T21:35:42.481+0000] {local_task_job_runner.py:123} INFO - ::group::Pre task execution logs
[2024-11-13T21:35:42.487+0000] {taskinstance.py:2613} INFO - Dependencies all met for dep_context=non-requeueable deps ti=<TaskInstance: tutorial.print_date scheduled__2024-11-12T00:00:00+00:00 [queued]>
[2024-11-13T21:35:42.489+0000] {taskinstance.py:2613} INFO - Dependencies all met for dep_context=requeueable deps ti=<TaskInstance: tutorial.print_date scheduled__2024-11-12T00:00:00+00:00 [queued]>
[2024-11-13T21:35:42.489+0000] {taskinstance.py:2866} INFO - Starting attempt 1 of 2
[2024-11-13T21:35:42.494+0000] {taskinstance.py:2889} INFO - Executing <Task(BashOperator): print_date> on 2024-11-12 00:00:00+00:00
[2024-11-13T21:35:42.497+0000] {warnings.py:112} WARNING - /home/***/.local/lib/python3.12/site-packages/***/task/task_runner/standard_task_runner.py:70: DeprecationWarning: This process (pid=71) is multi-threaded, use of fork() may lead to deadlocks in the child.
  pid = os.fork()

[2024-11-13T21:35:42.497+0000] {standard_task_runner.py:72} INFO - Started process 72 to run task
[2024-11-13T21:35:42.498+0000] {standard_task_runner.py:104} INFO - Running: ['***', 'tasks', 'run', 'tutorial', 'print_date', 'scheduled__2024-11-12T00:00:00+00:00', '--job-id', '3', '--raw', '--subdir', '/home/***/.local/lib/python3.12/site-packages/***/example_dags/tutorial.py', '--cfg-path', '/tmp/tmpaeo8fzvn']
[2024-11-13T21:35:42.498+0000] {standard_task_runner.py:105} INFO - Job 3: Subtask print_date
[2024-11-13T21:35:42.659+0000] {task_command.py:467} INFO - Running <TaskInstance: tutorial.print_date scheduled__2024-11-12T00:00:00+00:00 [running]> on host 499d2557b0dc
[2024-11-13T21:35:42.705+0000] {taskinstance.py:3132} INFO - Exporting env vars: AIRFLOW_CTX_DAG_EMAIL='***@example.com' AIRFLOW_CTX_DAG_OWNER='***' AIRFLOW_CTX_DAG_ID='tutorial' AIRFLOW_CTX_TASK_ID='print_date' AIRFLOW_CTX_EXECUTION_DATE='2024-11-12T00:00:00+00:00' AIRFLOW_CTX_TRY_NUMBER='1' AIRFLOW_CTX_DAG_RUN_ID='scheduled__2024-11-12T00:00:00+00:00'
[2024-11-13T21:35:42.705+0000] {logging_mixin.py:190} INFO - Task instance is in running state
[2024-11-13T21:35:42.705+0000] {logging_mixin.py:190} INFO -  Previous state of the Task instance: queued
[2024-11-13T21:35:42.706+0000] {logging_mixin.py:190} INFO - Current task name:print_date state:running start_date:2024-11-13 21:35:42.487314+00:00
[2024-11-13T21:35:42.706+0000] {logging_mixin.py:190} INFO - Dag name:tutorial and current dag run status:running
[2024-11-13T21:35:42.706+0000] {taskinstance.py:731} INFO - ::endgroup::
[2024-11-13T21:35:42.706+0000] {subprocess.py:78} INFO - Tmp dir root location: /tmp
[2024-11-13T21:35:42.706+0000] {subprocess.py:88} INFO - Running command: ['/usr/bin/bash', '-c', 'date']
[2024-11-13T21:35:42.719+0000] {subprocess.py:99} INFO - Output:
[2024-11-13T21:35:42.751+0000] {subprocess.py:106} INFO - Wed Nov 13 21:35:42 UTC 2024
[2024-11-13T21:35:42.752+0000] {subprocess.py:110} INFO - Command exited with return code 0
[2024-11-13T21:35:42.761+0000] {taskinstance.py:340} INFO - ::group::Post task execution logs
[2024-11-13T21:35:42.761+0000] {taskinstance.py:352} INFO - Marking task as SUCCESS. dag_id=tutorial, task_id=print_date, run_id=scheduled__2024-11-12T00:00:00+00:00, execution_date=20241112T000000, start_date=20241113T213542, end_date=20241113T213542
[2024-11-13T21:35:42.768+0000] {logging_mixin.py:190} INFO - Task instance in success state
[2024-11-13T21:35:42.768+0000] {logging_mixin.py:190} INFO -  Previous state of the Task instance: running
[2024-11-13T21:35:42.768+0000] {logging_mixin.py:190} INFO - Dag name:tutorial queued_at:2024-11-13 21:35:40.552917+00:00
[2024-11-13T21:35:42.769+0000] {logging_mixin.py:190} INFO - Task hostname:499d2557b0dc operator:BashOperator
[2024-11-13T21:35:42.809+0000] {local_task_job_runner.py:266} INFO - Task exited with return code 0
[2024-11-13T21:35:42.902+0000] {taskinstance.py:3895} INFO - 2 downstream tasks scheduled from follow-on schedule check
[2024-11-13T21:35:42.904+0000] {local_task_job_runner.py:245} INFO - ::endgroup::
