[2024-11-14T00:02:19.128+0000] {processor.py:186} INFO - Started process (PID=71) to work on /home/airflow/.local/lib/python3.12/site-packages/airflow/example_dags/example_inlet_event_extra.py
[2024-11-14T00:02:19.129+0000] {processor.py:914} INFO - Processing file /home/airflow/.local/lib/python3.12/site-packages/airflow/example_dags/example_inlet_event_extra.py for tasks to queue
[2024-11-14T00:02:19.131+0000] {logging_mixin.py:190} INFO - [2024-11-14T00:02:19.130+0000] {dagbag.py:588} INFO - Filling up the DagBag from /home/airflow/.local/lib/python3.12/site-packages/airflow/example_dags/example_inlet_event_extra.py
[2024-11-14T00:02:19.402+0000] {processor.py:925} INFO - DAG(s) 'read_dataset_event', 'read_dataset_event_from_classic' retrieved from /home/airflow/.local/lib/python3.12/site-packages/airflow/example_dags/example_inlet_event_extra.py
[2024-11-14T00:02:19.438+0000] {logging_mixin.py:190} INFO - [2024-11-14T00:02:19.437+0000] {override.py:1911} INFO - Created Permission View: can delete on DAG:read_dataset_event
[2024-11-14T00:02:19.443+0000] {logging_mixin.py:190} INFO - [2024-11-14T00:02:19.442+0000] {override.py:1911} INFO - Created Permission View: can read on DAG:read_dataset_event
[2024-11-14T00:02:19.446+0000] {logging_mixin.py:190} INFO - [2024-11-14T00:02:19.446+0000] {override.py:1911} INFO - Created Permission View: can edit on DAG:read_dataset_event
[2024-11-14T00:02:19.448+0000] {logging_mixin.py:190} INFO - [2024-11-14T00:02:19.448+0000] {override.py:1911} INFO - Created Permission View: can create on DAG Run:read_dataset_event
[2024-11-14T00:02:19.451+0000] {logging_mixin.py:190} INFO - [2024-11-14T00:02:19.451+0000] {override.py:1911} INFO - Created Permission View: can delete on DAG Run:read_dataset_event
[2024-11-14T00:02:19.454+0000] {logging_mixin.py:190} INFO - [2024-11-14T00:02:19.454+0000] {override.py:1911} INFO - Created Permission View: menu access on DAG Run:read_dataset_event
[2024-11-14T00:02:19.456+0000] {logging_mixin.py:190} INFO - [2024-11-14T00:02:19.456+0000] {override.py:1911} INFO - Created Permission View: can read on DAG Run:read_dataset_event
[2024-11-14T00:02:19.461+0000] {logging_mixin.py:190} INFO - [2024-11-14T00:02:19.461+0000] {override.py:1911} INFO - Created Permission View: can delete on DAG:read_dataset_event_from_classic
[2024-11-14T00:02:19.463+0000] {logging_mixin.py:190} INFO - [2024-11-14T00:02:19.463+0000] {override.py:1911} INFO - Created Permission View: can read on DAG:read_dataset_event_from_classic
[2024-11-14T00:02:19.466+0000] {logging_mixin.py:190} INFO - [2024-11-14T00:02:19.465+0000] {override.py:1911} INFO - Created Permission View: can edit on DAG:read_dataset_event_from_classic
[2024-11-14T00:02:19.468+0000] {logging_mixin.py:190} INFO - [2024-11-14T00:02:19.467+0000] {override.py:1911} INFO - Created Permission View: can create on DAG Run:read_dataset_event_from_classic
[2024-11-14T00:02:19.471+0000] {logging_mixin.py:190} INFO - [2024-11-14T00:02:19.471+0000] {override.py:1911} INFO - Created Permission View: can delete on DAG Run:read_dataset_event_from_classic
[2024-11-14T00:02:19.473+0000] {logging_mixin.py:190} INFO - [2024-11-14T00:02:19.473+0000] {override.py:1911} INFO - Created Permission View: menu access on DAG Run:read_dataset_event_from_classic
[2024-11-14T00:02:19.475+0000] {logging_mixin.py:190} INFO - [2024-11-14T00:02:19.475+0000] {override.py:1911} INFO - Created Permission View: can read on DAG Run:read_dataset_event_from_classic
[2024-11-14T00:02:19.476+0000] {logging_mixin.py:190} INFO - [2024-11-14T00:02:19.476+0000] {dag.py:3239} INFO - Sync 2 DAGs
[2024-11-14T00:02:19.480+0000] {logging_mixin.py:190} INFO - [2024-11-14T00:02:19.480+0000] {dag.py:3262} INFO - Creating ORM DAG for read_dataset_event
[2024-11-14T00:02:19.481+0000] {logging_mixin.py:190} INFO - [2024-11-14T00:02:19.481+0000] {dag.py:3262} INFO - Creating ORM DAG for read_dataset_event_from_classic
[2024-11-14T00:02:19.485+0000] {logging_mixin.py:190} INFO - [2024-11-14T00:02:19.485+0000] {dag.py:4180} INFO - Setting next_dagrun for read_dataset_event to 2024-11-13 00:00:00+00:00, run_after=2024-11-14 00:00:00+00:00
[2024-11-14T00:02:19.486+0000] {logging_mixin.py:190} INFO - [2024-11-14T00:02:19.486+0000] {dag.py:4180} INFO - Setting next_dagrun for read_dataset_event_from_classic to 2024-11-13 00:00:00+00:00, run_after=2024-11-14 00:00:00+00:00
[2024-11-14T00:02:19.495+0000] {processor.py:208} INFO - Processing /home/airflow/.local/lib/python3.12/site-packages/airflow/example_dags/example_inlet_event_extra.py took 0.369 seconds
[2024-11-14T00:02:50.436+0000] {processor.py:186} INFO - Started process (PID=136) to work on /home/airflow/.local/lib/python3.12/site-packages/airflow/example_dags/example_inlet_event_extra.py
[2024-11-14T00:02:50.437+0000] {processor.py:914} INFO - Processing file /home/airflow/.local/lib/python3.12/site-packages/airflow/example_dags/example_inlet_event_extra.py for tasks to queue
[2024-11-14T00:02:50.439+0000] {logging_mixin.py:190} INFO - [2024-11-14T00:02:50.439+0000] {dagbag.py:588} INFO - Filling up the DagBag from /home/airflow/.local/lib/python3.12/site-packages/airflow/example_dags/example_inlet_event_extra.py
[2024-11-14T00:02:50.748+0000] {processor.py:925} INFO - DAG(s) 'read_dataset_event', 'read_dataset_event_from_classic' retrieved from /home/airflow/.local/lib/python3.12/site-packages/airflow/example_dags/example_inlet_event_extra.py
[2024-11-14T00:02:50.759+0000] {logging_mixin.py:190} INFO - [2024-11-14T00:02:50.759+0000] {dag.py:3239} INFO - Sync 2 DAGs
[2024-11-14T00:02:50.774+0000] {logging_mixin.py:190} INFO - [2024-11-14T00:02:50.774+0000] {dag.py:4180} INFO - Setting next_dagrun for read_dataset_event to 2024-11-13 00:00:00+00:00, run_after=2024-11-14 00:00:00+00:00
[2024-11-14T00:02:50.780+0000] {logging_mixin.py:190} INFO - [2024-11-14T00:02:50.779+0000] {dag.py:4180} INFO - Setting next_dagrun for read_dataset_event_from_classic to 2024-11-13 00:00:00+00:00, run_after=2024-11-14 00:00:00+00:00
[2024-11-14T00:02:50.835+0000] {processor.py:208} INFO - Processing /home/airflow/.local/lib/python3.12/site-packages/airflow/example_dags/example_inlet_event_extra.py took 0.403 seconds
[2024-11-14T00:03:20.893+0000] {processor.py:186} INFO - Started process (PID=198) to work on /home/airflow/.local/lib/python3.12/site-packages/airflow/example_dags/example_inlet_event_extra.py
[2024-11-14T00:03:20.895+0000] {processor.py:914} INFO - Processing file /home/airflow/.local/lib/python3.12/site-packages/airflow/example_dags/example_inlet_event_extra.py for tasks to queue
[2024-11-14T00:03:20.897+0000] {logging_mixin.py:190} INFO - [2024-11-14T00:03:20.897+0000] {dagbag.py:588} INFO - Filling up the DagBag from /home/airflow/.local/lib/python3.12/site-packages/airflow/example_dags/example_inlet_event_extra.py
[2024-11-14T00:03:21.210+0000] {processor.py:925} INFO - DAG(s) 'read_dataset_event', 'read_dataset_event_from_classic' retrieved from /home/airflow/.local/lib/python3.12/site-packages/airflow/example_dags/example_inlet_event_extra.py
[2024-11-14T00:03:21.220+0000] {logging_mixin.py:190} INFO - [2024-11-14T00:03:21.220+0000] {dag.py:3239} INFO - Sync 2 DAGs
[2024-11-14T00:03:21.231+0000] {logging_mixin.py:190} INFO - [2024-11-14T00:03:21.231+0000] {dag.py:4180} INFO - Setting next_dagrun for read_dataset_event to 2024-11-13 00:00:00+00:00, run_after=2024-11-14 00:00:00+00:00
[2024-11-14T00:03:21.233+0000] {logging_mixin.py:190} INFO - [2024-11-14T00:03:21.233+0000] {dag.py:4180} INFO - Setting next_dagrun for read_dataset_event_from_classic to 2024-11-13 00:00:00+00:00, run_after=2024-11-14 00:00:00+00:00
[2024-11-14T00:03:21.239+0000] {processor.py:208} INFO - Processing /home/airflow/.local/lib/python3.12/site-packages/airflow/example_dags/example_inlet_event_extra.py took 0.353 seconds
[2024-11-14T00:03:51.286+0000] {processor.py:186} INFO - Started process (PID=266) to work on /home/airflow/.local/lib/python3.12/site-packages/airflow/example_dags/example_inlet_event_extra.py
[2024-11-14T00:03:51.288+0000] {processor.py:914} INFO - Processing file /home/airflow/.local/lib/python3.12/site-packages/airflow/example_dags/example_inlet_event_extra.py for tasks to queue
[2024-11-14T00:03:51.290+0000] {logging_mixin.py:190} INFO - [2024-11-14T00:03:51.290+0000] {dagbag.py:588} INFO - Filling up the DagBag from /home/airflow/.local/lib/python3.12/site-packages/airflow/example_dags/example_inlet_event_extra.py
[2024-11-14T00:03:51.601+0000] {processor.py:925} INFO - DAG(s) 'read_dataset_event', 'read_dataset_event_from_classic' retrieved from /home/airflow/.local/lib/python3.12/site-packages/airflow/example_dags/example_inlet_event_extra.py
[2024-11-14T00:03:51.611+0000] {logging_mixin.py:190} INFO - [2024-11-14T00:03:51.611+0000] {dag.py:3239} INFO - Sync 2 DAGs
[2024-11-14T00:03:51.620+0000] {logging_mixin.py:190} INFO - [2024-11-14T00:03:51.620+0000] {dag.py:4180} INFO - Setting next_dagrun for read_dataset_event to 2024-11-13 00:00:00+00:00, run_after=2024-11-14 00:00:00+00:00
[2024-11-14T00:03:51.621+0000] {logging_mixin.py:190} INFO - [2024-11-14T00:03:51.621+0000] {dag.py:4180} INFO - Setting next_dagrun for read_dataset_event_from_classic to 2024-11-13 00:00:00+00:00, run_after=2024-11-14 00:00:00+00:00
[2024-11-14T00:03:51.627+0000] {processor.py:208} INFO - Processing /home/airflow/.local/lib/python3.12/site-packages/airflow/example_dags/example_inlet_event_extra.py took 0.344 seconds
[2024-11-14T00:04:21.649+0000] {processor.py:186} INFO - Started process (PID=329) to work on /home/airflow/.local/lib/python3.12/site-packages/airflow/example_dags/example_inlet_event_extra.py
[2024-11-14T00:04:21.652+0000] {processor.py:914} INFO - Processing file /home/airflow/.local/lib/python3.12/site-packages/airflow/example_dags/example_inlet_event_extra.py for tasks to queue
[2024-11-14T00:04:21.654+0000] {logging_mixin.py:190} INFO - [2024-11-14T00:04:21.654+0000] {dagbag.py:588} INFO - Filling up the DagBag from /home/airflow/.local/lib/python3.12/site-packages/airflow/example_dags/example_inlet_event_extra.py
[2024-11-14T00:04:21.891+0000] {processor.py:925} INFO - DAG(s) 'read_dataset_event', 'read_dataset_event_from_classic' retrieved from /home/airflow/.local/lib/python3.12/site-packages/airflow/example_dags/example_inlet_event_extra.py
[2024-11-14T00:04:21.898+0000] {logging_mixin.py:190} INFO - [2024-11-14T00:04:21.898+0000] {dag.py:3239} INFO - Sync 2 DAGs
[2024-11-14T00:04:21.906+0000] {logging_mixin.py:190} INFO - [2024-11-14T00:04:21.906+0000] {dag.py:4180} INFO - Setting next_dagrun for read_dataset_event to 2024-11-13 00:00:00+00:00, run_after=2024-11-14 00:00:00+00:00
[2024-11-14T00:04:21.908+0000] {logging_mixin.py:190} INFO - [2024-11-14T00:04:21.908+0000] {dag.py:4180} INFO - Setting next_dagrun for read_dataset_event_from_classic to 2024-11-13 00:00:00+00:00, run_after=2024-11-14 00:00:00+00:00
[2024-11-14T00:04:21.914+0000] {processor.py:208} INFO - Processing /home/airflow/.local/lib/python3.12/site-packages/airflow/example_dags/example_inlet_event_extra.py took 0.267 seconds
[2024-11-14T00:04:52.870+0000] {processor.py:186} INFO - Started process (PID=389) to work on /home/airflow/.local/lib/python3.12/site-packages/airflow/example_dags/example_inlet_event_extra.py
[2024-11-14T00:04:52.870+0000] {processor.py:914} INFO - Processing file /home/airflow/.local/lib/python3.12/site-packages/airflow/example_dags/example_inlet_event_extra.py for tasks to queue
[2024-11-14T00:04:52.871+0000] {logging_mixin.py:190} INFO - [2024-11-14T00:04:52.871+0000] {dagbag.py:588} INFO - Filling up the DagBag from /home/airflow/.local/lib/python3.12/site-packages/airflow/example_dags/example_inlet_event_extra.py
[2024-11-14T00:04:53.107+0000] {processor.py:925} INFO - DAG(s) 'read_dataset_event_from_classic', 'read_dataset_event' retrieved from /home/airflow/.local/lib/python3.12/site-packages/airflow/example_dags/example_inlet_event_extra.py
[2024-11-14T00:04:53.114+0000] {logging_mixin.py:190} INFO - [2024-11-14T00:04:53.114+0000] {dag.py:3239} INFO - Sync 2 DAGs
[2024-11-14T00:04:53.121+0000] {logging_mixin.py:190} INFO - [2024-11-14T00:04:53.121+0000] {dag.py:4180} INFO - Setting next_dagrun for read_dataset_event to 2024-11-13 00:00:00+00:00, run_after=2024-11-14 00:00:00+00:00
[2024-11-14T00:04:53.123+0000] {logging_mixin.py:190} INFO - [2024-11-14T00:04:53.123+0000] {dag.py:4180} INFO - Setting next_dagrun for read_dataset_event_from_classic to 2024-11-13 00:00:00+00:00, run_after=2024-11-14 00:00:00+00:00
[2024-11-14T00:04:53.128+0000] {processor.py:208} INFO - Processing /home/airflow/.local/lib/python3.12/site-packages/airflow/example_dags/example_inlet_event_extra.py took 0.260 seconds
[2024-11-14T00:05:24.130+0000] {processor.py:186} INFO - Started process (PID=452) to work on /home/airflow/.local/lib/python3.12/site-packages/airflow/example_dags/example_inlet_event_extra.py
[2024-11-14T00:05:24.131+0000] {processor.py:914} INFO - Processing file /home/airflow/.local/lib/python3.12/site-packages/airflow/example_dags/example_inlet_event_extra.py for tasks to queue
[2024-11-14T00:05:24.132+0000] {logging_mixin.py:190} INFO - [2024-11-14T00:05:24.132+0000] {dagbag.py:588} INFO - Filling up the DagBag from /home/airflow/.local/lib/python3.12/site-packages/airflow/example_dags/example_inlet_event_extra.py
[2024-11-14T00:05:24.368+0000] {processor.py:925} INFO - DAG(s) 'read_dataset_event', 'read_dataset_event_from_classic' retrieved from /home/airflow/.local/lib/python3.12/site-packages/airflow/example_dags/example_inlet_event_extra.py
[2024-11-14T00:05:24.376+0000] {logging_mixin.py:190} INFO - [2024-11-14T00:05:24.376+0000] {dag.py:3239} INFO - Sync 2 DAGs
[2024-11-14T00:05:24.383+0000] {logging_mixin.py:190} INFO - [2024-11-14T00:05:24.383+0000] {dag.py:4180} INFO - Setting next_dagrun for read_dataset_event to 2024-11-13 00:00:00+00:00, run_after=2024-11-14 00:00:00+00:00
[2024-11-14T00:05:24.386+0000] {logging_mixin.py:190} INFO - [2024-11-14T00:05:24.386+0000] {dag.py:4180} INFO - Setting next_dagrun for read_dataset_event_from_classic to 2024-11-13 00:00:00+00:00, run_after=2024-11-14 00:00:00+00:00
[2024-11-14T00:05:24.392+0000] {processor.py:208} INFO - Processing /home/airflow/.local/lib/python3.12/site-packages/airflow/example_dags/example_inlet_event_extra.py took 0.264 seconds
[2024-11-14T00:05:55.624+0000] {processor.py:186} INFO - Started process (PID=515) to work on /home/airflow/.local/lib/python3.12/site-packages/airflow/example_dags/example_inlet_event_extra.py
[2024-11-14T00:05:55.624+0000] {processor.py:914} INFO - Processing file /home/airflow/.local/lib/python3.12/site-packages/airflow/example_dags/example_inlet_event_extra.py for tasks to queue
[2024-11-14T00:05:55.625+0000] {logging_mixin.py:190} INFO - [2024-11-14T00:05:55.625+0000] {dagbag.py:588} INFO - Filling up the DagBag from /home/airflow/.local/lib/python3.12/site-packages/airflow/example_dags/example_inlet_event_extra.py
[2024-11-14T00:05:55.871+0000] {processor.py:925} INFO - DAG(s) 'read_dataset_event', 'read_dataset_event_from_classic' retrieved from /home/airflow/.local/lib/python3.12/site-packages/airflow/example_dags/example_inlet_event_extra.py
[2024-11-14T00:05:55.880+0000] {logging_mixin.py:190} INFO - [2024-11-14T00:05:55.880+0000] {dag.py:3239} INFO - Sync 2 DAGs
[2024-11-14T00:05:55.888+0000] {logging_mixin.py:190} INFO - [2024-11-14T00:05:55.888+0000] {dag.py:4180} INFO - Setting next_dagrun for read_dataset_event to 2024-11-13 00:00:00+00:00, run_after=2024-11-14 00:00:00+00:00
[2024-11-14T00:05:55.890+0000] {logging_mixin.py:190} INFO - [2024-11-14T00:05:55.890+0000] {dag.py:4180} INFO - Setting next_dagrun for read_dataset_event_from_classic to 2024-11-13 00:00:00+00:00, run_after=2024-11-14 00:00:00+00:00
[2024-11-14T00:05:55.895+0000] {processor.py:208} INFO - Processing /home/airflow/.local/lib/python3.12/site-packages/airflow/example_dags/example_inlet_event_extra.py took 0.274 seconds
[2024-11-14T00:06:26.066+0000] {processor.py:186} INFO - Started process (PID=582) to work on /home/airflow/.local/lib/python3.12/site-packages/airflow/example_dags/example_inlet_event_extra.py
[2024-11-14T00:06:26.067+0000] {processor.py:914} INFO - Processing file /home/airflow/.local/lib/python3.12/site-packages/airflow/example_dags/example_inlet_event_extra.py for tasks to queue
[2024-11-14T00:06:26.068+0000] {logging_mixin.py:190} INFO - [2024-11-14T00:06:26.068+0000] {dagbag.py:588} INFO - Filling up the DagBag from /home/airflow/.local/lib/python3.12/site-packages/airflow/example_dags/example_inlet_event_extra.py
[2024-11-14T00:06:26.303+0000] {processor.py:925} INFO - DAG(s) 'read_dataset_event', 'read_dataset_event_from_classic' retrieved from /home/airflow/.local/lib/python3.12/site-packages/airflow/example_dags/example_inlet_event_extra.py
[2024-11-14T00:06:26.311+0000] {logging_mixin.py:190} INFO - [2024-11-14T00:06:26.311+0000] {dag.py:3239} INFO - Sync 2 DAGs
[2024-11-14T00:06:26.319+0000] {logging_mixin.py:190} INFO - [2024-11-14T00:06:26.318+0000] {dag.py:4180} INFO - Setting next_dagrun for read_dataset_event to 2024-11-13 00:00:00+00:00, run_after=2024-11-14 00:00:00+00:00
[2024-11-14T00:06:26.320+0000] {logging_mixin.py:190} INFO - [2024-11-14T00:06:26.320+0000] {dag.py:4180} INFO - Setting next_dagrun for read_dataset_event_from_classic to 2024-11-13 00:00:00+00:00, run_after=2024-11-14 00:00:00+00:00
[2024-11-14T00:06:26.325+0000] {processor.py:208} INFO - Processing /home/airflow/.local/lib/python3.12/site-packages/airflow/example_dags/example_inlet_event_extra.py took 0.263 seconds
[2024-11-14T00:06:57.166+0000] {processor.py:186} INFO - Started process (PID=640) to work on /home/airflow/.local/lib/python3.12/site-packages/airflow/example_dags/example_inlet_event_extra.py
[2024-11-14T00:06:57.167+0000] {processor.py:914} INFO - Processing file /home/airflow/.local/lib/python3.12/site-packages/airflow/example_dags/example_inlet_event_extra.py for tasks to queue
[2024-11-14T00:06:57.168+0000] {logging_mixin.py:190} INFO - [2024-11-14T00:06:57.168+0000] {dagbag.py:588} INFO - Filling up the DagBag from /home/airflow/.local/lib/python3.12/site-packages/airflow/example_dags/example_inlet_event_extra.py
[2024-11-14T00:06:57.409+0000] {processor.py:925} INFO - DAG(s) 'read_dataset_event_from_classic', 'read_dataset_event' retrieved from /home/airflow/.local/lib/python3.12/site-packages/airflow/example_dags/example_inlet_event_extra.py
[2024-11-14T00:06:57.417+0000] {logging_mixin.py:190} INFO - [2024-11-14T00:06:57.417+0000] {dag.py:3239} INFO - Sync 2 DAGs
[2024-11-14T00:06:57.426+0000] {logging_mixin.py:190} INFO - [2024-11-14T00:06:57.426+0000] {dag.py:4180} INFO - Setting next_dagrun for read_dataset_event to 2024-11-13 00:00:00+00:00, run_after=2024-11-14 00:00:00+00:00
[2024-11-14T00:06:57.429+0000] {logging_mixin.py:190} INFO - [2024-11-14T00:06:57.429+0000] {dag.py:4180} INFO - Setting next_dagrun for read_dataset_event_from_classic to 2024-11-13 00:00:00+00:00, run_after=2024-11-14 00:00:00+00:00
[2024-11-14T00:06:57.434+0000] {processor.py:208} INFO - Processing /home/airflow/.local/lib/python3.12/site-packages/airflow/example_dags/example_inlet_event_extra.py took 0.270 seconds
[2024-11-14T00:07:28.474+0000] {processor.py:186} INFO - Started process (PID=703) to work on /home/airflow/.local/lib/python3.12/site-packages/airflow/example_dags/example_inlet_event_extra.py
[2024-11-14T00:07:28.475+0000] {processor.py:914} INFO - Processing file /home/airflow/.local/lib/python3.12/site-packages/airflow/example_dags/example_inlet_event_extra.py for tasks to queue
[2024-11-14T00:07:28.476+0000] {logging_mixin.py:190} INFO - [2024-11-14T00:07:28.476+0000] {dagbag.py:588} INFO - Filling up the DagBag from /home/airflow/.local/lib/python3.12/site-packages/airflow/example_dags/example_inlet_event_extra.py
[2024-11-14T00:07:28.714+0000] {processor.py:925} INFO - DAG(s) 'read_dataset_event', 'read_dataset_event_from_classic' retrieved from /home/airflow/.local/lib/python3.12/site-packages/airflow/example_dags/example_inlet_event_extra.py
[2024-11-14T00:07:28.723+0000] {logging_mixin.py:190} INFO - [2024-11-14T00:07:28.723+0000] {dag.py:3239} INFO - Sync 2 DAGs
[2024-11-14T00:07:28.733+0000] {logging_mixin.py:190} INFO - [2024-11-14T00:07:28.732+0000] {dag.py:4180} INFO - Setting next_dagrun for read_dataset_event to 2024-11-13 00:00:00+00:00, run_after=2024-11-14 00:00:00+00:00
[2024-11-14T00:07:28.738+0000] {logging_mixin.py:190} INFO - [2024-11-14T00:07:28.738+0000] {dag.py:4180} INFO - Setting next_dagrun for read_dataset_event_from_classic to 2024-11-13 00:00:00+00:00, run_after=2024-11-14 00:00:00+00:00
[2024-11-14T00:07:28.745+0000] {processor.py:208} INFO - Processing /home/airflow/.local/lib/python3.12/site-packages/airflow/example_dags/example_inlet_event_extra.py took 0.274 seconds
[2024-11-14T00:07:58.971+0000] {processor.py:186} INFO - Started process (PID=767) to work on /home/airflow/.local/lib/python3.12/site-packages/airflow/example_dags/example_inlet_event_extra.py
[2024-11-14T00:07:58.973+0000] {processor.py:914} INFO - Processing file /home/airflow/.local/lib/python3.12/site-packages/airflow/example_dags/example_inlet_event_extra.py for tasks to queue
[2024-11-14T00:07:58.974+0000] {logging_mixin.py:190} INFO - [2024-11-14T00:07:58.974+0000] {dagbag.py:588} INFO - Filling up the DagBag from /home/airflow/.local/lib/python3.12/site-packages/airflow/example_dags/example_inlet_event_extra.py
[2024-11-14T00:07:59.209+0000] {processor.py:925} INFO - DAG(s) 'read_dataset_event', 'read_dataset_event_from_classic' retrieved from /home/airflow/.local/lib/python3.12/site-packages/airflow/example_dags/example_inlet_event_extra.py
[2024-11-14T00:07:59.217+0000] {logging_mixin.py:190} INFO - [2024-11-14T00:07:59.217+0000] {dag.py:3239} INFO - Sync 2 DAGs
[2024-11-14T00:07:59.225+0000] {logging_mixin.py:190} INFO - [2024-11-14T00:07:59.225+0000] {dag.py:4180} INFO - Setting next_dagrun for read_dataset_event to 2024-11-13 00:00:00+00:00, run_after=2024-11-14 00:00:00+00:00
[2024-11-14T00:07:59.227+0000] {logging_mixin.py:190} INFO - [2024-11-14T00:07:59.227+0000] {dag.py:4180} INFO - Setting next_dagrun for read_dataset_event_from_classic to 2024-11-13 00:00:00+00:00, run_after=2024-11-14 00:00:00+00:00
[2024-11-14T00:07:59.234+0000] {processor.py:208} INFO - Processing /home/airflow/.local/lib/python3.12/site-packages/airflow/example_dags/example_inlet_event_extra.py took 0.266 seconds
[2024-11-14T00:08:30.275+0000] {processor.py:186} INFO - Started process (PID=829) to work on /home/airflow/.local/lib/python3.12/site-packages/airflow/example_dags/example_inlet_event_extra.py
[2024-11-14T00:08:30.277+0000] {processor.py:914} INFO - Processing file /home/airflow/.local/lib/python3.12/site-packages/airflow/example_dags/example_inlet_event_extra.py for tasks to queue
[2024-11-14T00:08:30.278+0000] {logging_mixin.py:190} INFO - [2024-11-14T00:08:30.278+0000] {dagbag.py:588} INFO - Filling up the DagBag from /home/airflow/.local/lib/python3.12/site-packages/airflow/example_dags/example_inlet_event_extra.py
[2024-11-14T00:08:30.521+0000] {processor.py:925} INFO - DAG(s) 'read_dataset_event', 'read_dataset_event_from_classic' retrieved from /home/airflow/.local/lib/python3.12/site-packages/airflow/example_dags/example_inlet_event_extra.py
[2024-11-14T00:08:30.529+0000] {logging_mixin.py:190} INFO - [2024-11-14T00:08:30.529+0000] {dag.py:3239} INFO - Sync 2 DAGs
[2024-11-14T00:08:30.538+0000] {logging_mixin.py:190} INFO - [2024-11-14T00:08:30.537+0000] {dag.py:4180} INFO - Setting next_dagrun for read_dataset_event to 2024-11-13 00:00:00+00:00, run_after=2024-11-14 00:00:00+00:00
[2024-11-14T00:08:30.542+0000] {logging_mixin.py:190} INFO - [2024-11-14T00:08:30.542+0000] {dag.py:4180} INFO - Setting next_dagrun for read_dataset_event_from_classic to 2024-11-13 00:00:00+00:00, run_after=2024-11-14 00:00:00+00:00
[2024-11-14T00:08:30.550+0000] {processor.py:208} INFO - Processing /home/airflow/.local/lib/python3.12/site-packages/airflow/example_dags/example_inlet_event_extra.py took 0.277 seconds
[2024-11-14T00:09:01.551+0000] {processor.py:186} INFO - Started process (PID=892) to work on /home/airflow/.local/lib/python3.12/site-packages/airflow/example_dags/example_inlet_event_extra.py
[2024-11-14T00:09:01.552+0000] {processor.py:914} INFO - Processing file /home/airflow/.local/lib/python3.12/site-packages/airflow/example_dags/example_inlet_event_extra.py for tasks to queue
[2024-11-14T00:09:01.554+0000] {logging_mixin.py:190} INFO - [2024-11-14T00:09:01.554+0000] {dagbag.py:588} INFO - Filling up the DagBag from /home/airflow/.local/lib/python3.12/site-packages/airflow/example_dags/example_inlet_event_extra.py
[2024-11-14T00:09:01.791+0000] {processor.py:925} INFO - DAG(s) 'read_dataset_event', 'read_dataset_event_from_classic' retrieved from /home/airflow/.local/lib/python3.12/site-packages/airflow/example_dags/example_inlet_event_extra.py
[2024-11-14T00:09:01.801+0000] {logging_mixin.py:190} INFO - [2024-11-14T00:09:01.801+0000] {dag.py:3239} INFO - Sync 2 DAGs
[2024-11-14T00:09:01.809+0000] {logging_mixin.py:190} INFO - [2024-11-14T00:09:01.809+0000] {dag.py:4180} INFO - Setting next_dagrun for read_dataset_event to 2024-11-13 00:00:00+00:00, run_after=2024-11-14 00:00:00+00:00
[2024-11-14T00:09:01.810+0000] {logging_mixin.py:190} INFO - [2024-11-14T00:09:01.810+0000] {dag.py:4180} INFO - Setting next_dagrun for read_dataset_event_from_classic to 2024-11-13 00:00:00+00:00, run_after=2024-11-14 00:00:00+00:00
[2024-11-14T00:09:01.815+0000] {processor.py:208} INFO - Processing /home/airflow/.local/lib/python3.12/site-packages/airflow/example_dags/example_inlet_event_extra.py took 0.266 seconds
[2024-11-14T00:09:32.743+0000] {processor.py:186} INFO - Started process (PID=955) to work on /home/airflow/.local/lib/python3.12/site-packages/airflow/example_dags/example_inlet_event_extra.py
[2024-11-14T00:09:32.746+0000] {processor.py:914} INFO - Processing file /home/airflow/.local/lib/python3.12/site-packages/airflow/example_dags/example_inlet_event_extra.py for tasks to queue
[2024-11-14T00:09:32.747+0000] {logging_mixin.py:190} INFO - [2024-11-14T00:09:32.747+0000] {dagbag.py:588} INFO - Filling up the DagBag from /home/airflow/.local/lib/python3.12/site-packages/airflow/example_dags/example_inlet_event_extra.py
[2024-11-14T00:09:33.013+0000] {processor.py:925} INFO - DAG(s) 'read_dataset_event_from_classic', 'read_dataset_event' retrieved from /home/airflow/.local/lib/python3.12/site-packages/airflow/example_dags/example_inlet_event_extra.py
[2024-11-14T00:09:33.025+0000] {logging_mixin.py:190} INFO - [2024-11-14T00:09:33.025+0000] {dag.py:3239} INFO - Sync 2 DAGs
[2024-11-14T00:09:33.033+0000] {logging_mixin.py:190} INFO - [2024-11-14T00:09:33.032+0000] {dag.py:4180} INFO - Setting next_dagrun for read_dataset_event to 2024-11-13 00:00:00+00:00, run_after=2024-11-14 00:00:00+00:00
[2024-11-14T00:09:33.035+0000] {logging_mixin.py:190} INFO - [2024-11-14T00:09:33.035+0000] {dag.py:4180} INFO - Setting next_dagrun for read_dataset_event_from_classic to 2024-11-13 00:00:00+00:00, run_after=2024-11-14 00:00:00+00:00
[2024-11-14T00:09:33.040+0000] {processor.py:208} INFO - Processing /home/airflow/.local/lib/python3.12/site-packages/airflow/example_dags/example_inlet_event_extra.py took 0.299 seconds
