[2024-11-14T00:02:20.686+0000] {processor.py:186} INFO - Started process (PID=92) to work on /home/airflow/.local/lib/python3.12/site-packages/airflow/example_dags/example_sla_dag.py
[2024-11-14T00:02:20.687+0000] {processor.py:914} INFO - Processing file /home/airflow/.local/lib/python3.12/site-packages/airflow/example_dags/example_sla_dag.py for tasks to queue
[2024-11-14T00:02:20.688+0000] {logging_mixin.py:190} INFO - [2024-11-14T00:02:20.687+0000] {dagbag.py:588} INFO - Filling up the DagBag from /home/airflow/.local/lib/python3.12/site-packages/airflow/example_dags/example_sla_dag.py
[2024-11-14T00:02:20.692+0000] {processor.py:925} INFO - DAG(s) 'example_sla_dag' retrieved from /home/airflow/.local/lib/python3.12/site-packages/airflow/example_dags/example_sla_dag.py
[2024-11-14T00:02:20.738+0000] {logging_mixin.py:190} INFO - [2024-11-14T00:02:20.738+0000] {override.py:1911} INFO - Created Permission View: can delete on DAG:example_sla_dag
[2024-11-14T00:02:20.744+0000] {logging_mixin.py:190} INFO - [2024-11-14T00:02:20.744+0000] {override.py:1911} INFO - Created Permission View: can read on DAG:example_sla_dag
[2024-11-14T00:02:20.747+0000] {logging_mixin.py:190} INFO - [2024-11-14T00:02:20.746+0000] {override.py:1911} INFO - Created Permission View: can edit on DAG:example_sla_dag
[2024-11-14T00:02:20.749+0000] {logging_mixin.py:190} INFO - [2024-11-14T00:02:20.749+0000] {override.py:1911} INFO - Created Permission View: can create on DAG Run:example_sla_dag
[2024-11-14T00:02:20.752+0000] {logging_mixin.py:190} INFO - [2024-11-14T00:02:20.752+0000] {override.py:1911} INFO - Created Permission View: can delete on DAG Run:example_sla_dag
[2024-11-14T00:02:20.754+0000] {logging_mixin.py:190} INFO - [2024-11-14T00:02:20.754+0000] {override.py:1911} INFO - Created Permission View: menu access on DAG Run:example_sla_dag
[2024-11-14T00:02:20.758+0000] {logging_mixin.py:190} INFO - [2024-11-14T00:02:20.758+0000] {override.py:1911} INFO - Created Permission View: can read on DAG Run:example_sla_dag
[2024-11-14T00:02:20.759+0000] {logging_mixin.py:190} INFO - [2024-11-14T00:02:20.759+0000] {dag.py:3239} INFO - Sync 1 DAGs
[2024-11-14T00:02:20.764+0000] {logging_mixin.py:190} INFO - [2024-11-14T00:02:20.764+0000] {dag.py:3262} INFO - Creating ORM DAG for example_sla_dag
[2024-11-14T00:02:20.770+0000] {logging_mixin.py:190} INFO - [2024-11-14T00:02:20.770+0000] {dag.py:4180} INFO - Setting next_dagrun for example_sla_dag to 2024-11-14 00:00:00+00:00, run_after=2024-11-14 00:02:00+00:00
[2024-11-14T00:02:20.775+0000] {processor.py:208} INFO - Processing /home/airflow/.local/lib/python3.12/site-packages/airflow/example_dags/example_sla_dag.py took 0.091 seconds
[2024-11-14T00:02:51.317+0000] {processor.py:186} INFO - Started process (PID=159) to work on /home/airflow/.local/lib/python3.12/site-packages/airflow/example_dags/example_sla_dag.py
[2024-11-14T00:02:51.318+0000] {processor.py:914} INFO - Processing file /home/airflow/.local/lib/python3.12/site-packages/airflow/example_dags/example_sla_dag.py for tasks to queue
[2024-11-14T00:02:51.319+0000] {logging_mixin.py:190} INFO - [2024-11-14T00:02:51.319+0000] {dagbag.py:588} INFO - Filling up the DagBag from /home/airflow/.local/lib/python3.12/site-packages/airflow/example_dags/example_sla_dag.py
[2024-11-14T00:02:51.325+0000] {processor.py:925} INFO - DAG(s) 'example_sla_dag' retrieved from /home/airflow/.local/lib/python3.12/site-packages/airflow/example_dags/example_sla_dag.py
[2024-11-14T00:02:51.333+0000] {logging_mixin.py:190} INFO - [2024-11-14T00:02:51.333+0000] {dag.py:3239} INFO - Sync 1 DAGs
[2024-11-14T00:02:51.343+0000] {logging_mixin.py:190} INFO - [2024-11-14T00:02:51.343+0000] {dag.py:4180} INFO - Setting next_dagrun for example_sla_dag to 2024-11-14 00:00:00+00:00, run_after=2024-11-14 00:02:00+00:00
[2024-11-14T00:02:51.349+0000] {processor.py:208} INFO - Processing /home/airflow/.local/lib/python3.12/site-packages/airflow/example_dags/example_sla_dag.py took 0.035 seconds
[2024-11-14T00:03:21.649+0000] {processor.py:186} INFO - Started process (PID=221) to work on /home/airflow/.local/lib/python3.12/site-packages/airflow/example_dags/example_sla_dag.py
[2024-11-14T00:03:21.650+0000] {processor.py:914} INFO - Processing file /home/airflow/.local/lib/python3.12/site-packages/airflow/example_dags/example_sla_dag.py for tasks to queue
[2024-11-14T00:03:21.651+0000] {logging_mixin.py:190} INFO - [2024-11-14T00:03:21.650+0000] {dagbag.py:588} INFO - Filling up the DagBag from /home/airflow/.local/lib/python3.12/site-packages/airflow/example_dags/example_sla_dag.py
[2024-11-14T00:03:21.655+0000] {processor.py:925} INFO - DAG(s) 'example_sla_dag' retrieved from /home/airflow/.local/lib/python3.12/site-packages/airflow/example_dags/example_sla_dag.py
[2024-11-14T00:03:21.662+0000] {logging_mixin.py:190} INFO - [2024-11-14T00:03:21.662+0000] {dag.py:3239} INFO - Sync 1 DAGs
[2024-11-14T00:03:21.671+0000] {logging_mixin.py:190} INFO - [2024-11-14T00:03:21.671+0000] {dag.py:4180} INFO - Setting next_dagrun for example_sla_dag to 2024-11-14 00:00:00+00:00, run_after=2024-11-14 00:02:00+00:00
[2024-11-14T00:03:21.677+0000] {processor.py:208} INFO - Processing /home/airflow/.local/lib/python3.12/site-packages/airflow/example_dags/example_sla_dag.py took 0.030 seconds
[2024-11-14T00:03:51.988+0000] {processor.py:186} INFO - Started process (PID=284) to work on /home/airflow/.local/lib/python3.12/site-packages/airflow/example_dags/example_sla_dag.py
[2024-11-14T00:03:51.988+0000] {processor.py:914} INFO - Processing file /home/airflow/.local/lib/python3.12/site-packages/airflow/example_dags/example_sla_dag.py for tasks to queue
[2024-11-14T00:03:51.989+0000] {logging_mixin.py:190} INFO - [2024-11-14T00:03:51.989+0000] {dagbag.py:588} INFO - Filling up the DagBag from /home/airflow/.local/lib/python3.12/site-packages/airflow/example_dags/example_sla_dag.py
[2024-11-14T00:03:51.994+0000] {processor.py:925} INFO - DAG(s) 'example_sla_dag' retrieved from /home/airflow/.local/lib/python3.12/site-packages/airflow/example_dags/example_sla_dag.py
[2024-11-14T00:03:52.002+0000] {logging_mixin.py:190} INFO - [2024-11-14T00:03:52.002+0000] {dag.py:3239} INFO - Sync 1 DAGs
[2024-11-14T00:03:52.011+0000] {logging_mixin.py:190} INFO - [2024-11-14T00:03:52.011+0000] {dag.py:4180} INFO - Setting next_dagrun for example_sla_dag to 2024-11-14 00:00:00+00:00, run_after=2024-11-14 00:02:00+00:00
[2024-11-14T00:03:52.017+0000] {processor.py:208} INFO - Processing /home/airflow/.local/lib/python3.12/site-packages/airflow/example_dags/example_sla_dag.py took 0.032 seconds
[2024-11-14T00:04:22.289+0000] {processor.py:186} INFO - Started process (PID=346) to work on /home/airflow/.local/lib/python3.12/site-packages/airflow/example_dags/example_sla_dag.py
[2024-11-14T00:04:22.289+0000] {processor.py:914} INFO - Processing file /home/airflow/.local/lib/python3.12/site-packages/airflow/example_dags/example_sla_dag.py for tasks to queue
[2024-11-14T00:04:22.290+0000] {logging_mixin.py:190} INFO - [2024-11-14T00:04:22.290+0000] {dagbag.py:588} INFO - Filling up the DagBag from /home/airflow/.local/lib/python3.12/site-packages/airflow/example_dags/example_sla_dag.py
[2024-11-14T00:04:22.295+0000] {processor.py:925} INFO - DAG(s) 'example_sla_dag' retrieved from /home/airflow/.local/lib/python3.12/site-packages/airflow/example_dags/example_sla_dag.py
[2024-11-14T00:04:22.303+0000] {logging_mixin.py:190} INFO - [2024-11-14T00:04:22.303+0000] {dag.py:3239} INFO - Sync 1 DAGs
[2024-11-14T00:04:22.313+0000] {logging_mixin.py:190} INFO - [2024-11-14T00:04:22.313+0000] {dag.py:4180} INFO - Setting next_dagrun for example_sla_dag to 2024-11-14 00:02:00+00:00, run_after=2024-11-14 00:04:00+00:00
[2024-11-14T00:04:22.320+0000] {processor.py:208} INFO - Processing /home/airflow/.local/lib/python3.12/site-packages/airflow/example_dags/example_sla_dag.py took 0.033 seconds
[2024-11-14T00:04:53.654+0000] {processor.py:186} INFO - Started process (PID=410) to work on /home/airflow/.local/lib/python3.12/site-packages/airflow/example_dags/example_sla_dag.py
[2024-11-14T00:04:53.655+0000] {processor.py:914} INFO - Processing file /home/airflow/.local/lib/python3.12/site-packages/airflow/example_dags/example_sla_dag.py for tasks to queue
[2024-11-14T00:04:53.656+0000] {logging_mixin.py:190} INFO - [2024-11-14T00:04:53.656+0000] {dagbag.py:588} INFO - Filling up the DagBag from /home/airflow/.local/lib/python3.12/site-packages/airflow/example_dags/example_sla_dag.py
[2024-11-14T00:04:53.662+0000] {processor.py:925} INFO - DAG(s) 'example_sla_dag' retrieved from /home/airflow/.local/lib/python3.12/site-packages/airflow/example_dags/example_sla_dag.py
[2024-11-14T00:04:53.671+0000] {logging_mixin.py:190} INFO - [2024-11-14T00:04:53.671+0000] {dag.py:3239} INFO - Sync 1 DAGs
[2024-11-14T00:04:53.681+0000] {logging_mixin.py:190} INFO - [2024-11-14T00:04:53.681+0000] {dag.py:4180} INFO - Setting next_dagrun for example_sla_dag to 2024-11-14 00:02:00+00:00, run_after=2024-11-14 00:04:00+00:00
[2024-11-14T00:04:53.687+0000] {processor.py:208} INFO - Processing /home/airflow/.local/lib/python3.12/site-packages/airflow/example_dags/example_sla_dag.py took 0.035 seconds
[2024-11-14T00:05:24.932+0000] {processor.py:186} INFO - Started process (PID=473) to work on /home/airflow/.local/lib/python3.12/site-packages/airflow/example_dags/example_sla_dag.py
[2024-11-14T00:05:24.935+0000] {processor.py:914} INFO - Processing file /home/airflow/.local/lib/python3.12/site-packages/airflow/example_dags/example_sla_dag.py for tasks to queue
[2024-11-14T00:05:24.937+0000] {logging_mixin.py:190} INFO - [2024-11-14T00:05:24.937+0000] {dagbag.py:588} INFO - Filling up the DagBag from /home/airflow/.local/lib/python3.12/site-packages/airflow/example_dags/example_sla_dag.py
[2024-11-14T00:05:24.943+0000] {processor.py:925} INFO - DAG(s) 'example_sla_dag' retrieved from /home/airflow/.local/lib/python3.12/site-packages/airflow/example_dags/example_sla_dag.py
[2024-11-14T00:05:24.952+0000] {logging_mixin.py:190} INFO - [2024-11-14T00:05:24.952+0000] {dag.py:3239} INFO - Sync 1 DAGs
[2024-11-14T00:05:24.964+0000] {logging_mixin.py:190} INFO - [2024-11-14T00:05:24.964+0000] {dag.py:4180} INFO - Setting next_dagrun for example_sla_dag to 2024-11-14 00:02:00+00:00, run_after=2024-11-14 00:04:00+00:00
[2024-11-14T00:05:24.974+0000] {processor.py:208} INFO - Processing /home/airflow/.local/lib/python3.12/site-packages/airflow/example_dags/example_sla_dag.py took 0.044 seconds
[2024-11-14T00:05:56.566+0000] {processor.py:186} INFO - Started process (PID=536) to work on /home/airflow/.local/lib/python3.12/site-packages/airflow/example_dags/example_sla_dag.py
[2024-11-14T00:05:56.568+0000] {processor.py:914} INFO - Processing file /home/airflow/.local/lib/python3.12/site-packages/airflow/example_dags/example_sla_dag.py for tasks to queue
[2024-11-14T00:05:56.569+0000] {logging_mixin.py:190} INFO - [2024-11-14T00:05:56.569+0000] {dagbag.py:588} INFO - Filling up the DagBag from /home/airflow/.local/lib/python3.12/site-packages/airflow/example_dags/example_sla_dag.py
[2024-11-14T00:05:56.573+0000] {processor.py:925} INFO - DAG(s) 'example_sla_dag' retrieved from /home/airflow/.local/lib/python3.12/site-packages/airflow/example_dags/example_sla_dag.py
[2024-11-14T00:05:56.581+0000] {logging_mixin.py:190} INFO - [2024-11-14T00:05:56.581+0000] {dag.py:3239} INFO - Sync 1 DAGs
[2024-11-14T00:05:56.592+0000] {logging_mixin.py:190} INFO - [2024-11-14T00:05:56.591+0000] {dag.py:4180} INFO - Setting next_dagrun for example_sla_dag to 2024-11-14 00:02:00+00:00, run_after=2024-11-14 00:04:00+00:00
[2024-11-14T00:05:56.598+0000] {processor.py:208} INFO - Processing /home/airflow/.local/lib/python3.12/site-packages/airflow/example_dags/example_sla_dag.py took 0.034 seconds
[2024-11-14T00:06:26.709+0000] {processor.py:186} INFO - Started process (PID=599) to work on /home/airflow/.local/lib/python3.12/site-packages/airflow/example_dags/example_sla_dag.py
[2024-11-14T00:06:26.709+0000] {processor.py:914} INFO - Processing file /home/airflow/.local/lib/python3.12/site-packages/airflow/example_dags/example_sla_dag.py for tasks to queue
[2024-11-14T00:06:26.710+0000] {logging_mixin.py:190} INFO - [2024-11-14T00:06:26.710+0000] {dagbag.py:588} INFO - Filling up the DagBag from /home/airflow/.local/lib/python3.12/site-packages/airflow/example_dags/example_sla_dag.py
[2024-11-14T00:06:26.715+0000] {processor.py:925} INFO - DAG(s) 'example_sla_dag' retrieved from /home/airflow/.local/lib/python3.12/site-packages/airflow/example_dags/example_sla_dag.py
[2024-11-14T00:06:26.724+0000] {logging_mixin.py:190} INFO - [2024-11-14T00:06:26.724+0000] {dag.py:3239} INFO - Sync 1 DAGs
[2024-11-14T00:06:26.733+0000] {logging_mixin.py:190} INFO - [2024-11-14T00:06:26.733+0000] {dag.py:4180} INFO - Setting next_dagrun for example_sla_dag to 2024-11-14 00:04:00+00:00, run_after=2024-11-14 00:06:00+00:00
[2024-11-14T00:06:26.739+0000] {processor.py:208} INFO - Processing /home/airflow/.local/lib/python3.12/site-packages/airflow/example_dags/example_sla_dag.py took 0.033 seconds
[2024-11-14T00:06:57.990+0000] {processor.py:186} INFO - Started process (PID=661) to work on /home/airflow/.local/lib/python3.12/site-packages/airflow/example_dags/example_sla_dag.py
[2024-11-14T00:06:57.992+0000] {processor.py:914} INFO - Processing file /home/airflow/.local/lib/python3.12/site-packages/airflow/example_dags/example_sla_dag.py for tasks to queue
[2024-11-14T00:06:57.993+0000] {logging_mixin.py:190} INFO - [2024-11-14T00:06:57.993+0000] {dagbag.py:588} INFO - Filling up the DagBag from /home/airflow/.local/lib/python3.12/site-packages/airflow/example_dags/example_sla_dag.py
[2024-11-14T00:06:57.998+0000] {processor.py:925} INFO - DAG(s) 'example_sla_dag' retrieved from /home/airflow/.local/lib/python3.12/site-packages/airflow/example_dags/example_sla_dag.py
[2024-11-14T00:06:58.007+0000] {logging_mixin.py:190} INFO - [2024-11-14T00:06:58.007+0000] {dag.py:3239} INFO - Sync 1 DAGs
[2024-11-14T00:06:58.017+0000] {logging_mixin.py:190} INFO - [2024-11-14T00:06:58.017+0000] {dag.py:4180} INFO - Setting next_dagrun for example_sla_dag to 2024-11-14 00:04:00+00:00, run_after=2024-11-14 00:06:00+00:00
[2024-11-14T00:06:58.026+0000] {processor.py:208} INFO - Processing /home/airflow/.local/lib/python3.12/site-packages/airflow/example_dags/example_sla_dag.py took 0.039 seconds
[2024-11-14T00:07:29.415+0000] {processor.py:186} INFO - Started process (PID=724) to work on /home/airflow/.local/lib/python3.12/site-packages/airflow/example_dags/example_sla_dag.py
[2024-11-14T00:07:29.416+0000] {processor.py:914} INFO - Processing file /home/airflow/.local/lib/python3.12/site-packages/airflow/example_dags/example_sla_dag.py for tasks to queue
[2024-11-14T00:07:29.418+0000] {logging_mixin.py:190} INFO - [2024-11-14T00:07:29.417+0000] {dagbag.py:588} INFO - Filling up the DagBag from /home/airflow/.local/lib/python3.12/site-packages/airflow/example_dags/example_sla_dag.py
[2024-11-14T00:07:29.422+0000] {processor.py:925} INFO - DAG(s) 'example_sla_dag' retrieved from /home/airflow/.local/lib/python3.12/site-packages/airflow/example_dags/example_sla_dag.py
[2024-11-14T00:07:29.432+0000] {logging_mixin.py:190} INFO - [2024-11-14T00:07:29.432+0000] {dag.py:3239} INFO - Sync 1 DAGs
[2024-11-14T00:07:29.441+0000] {logging_mixin.py:190} INFO - [2024-11-14T00:07:29.441+0000] {dag.py:4180} INFO - Setting next_dagrun for example_sla_dag to 2024-11-14 00:04:00+00:00, run_after=2024-11-14 00:06:00+00:00
[2024-11-14T00:07:29.450+0000] {processor.py:208} INFO - Processing /home/airflow/.local/lib/python3.12/site-packages/airflow/example_dags/example_sla_dag.py took 0.038 seconds
[2024-11-14T00:07:59.703+0000] {processor.py:186} INFO - Started process (PID=787) to work on /home/airflow/.local/lib/python3.12/site-packages/airflow/example_dags/example_sla_dag.py
[2024-11-14T00:07:59.703+0000] {processor.py:914} INFO - Processing file /home/airflow/.local/lib/python3.12/site-packages/airflow/example_dags/example_sla_dag.py for tasks to queue
[2024-11-14T00:07:59.704+0000] {logging_mixin.py:190} INFO - [2024-11-14T00:07:59.704+0000] {dagbag.py:588} INFO - Filling up the DagBag from /home/airflow/.local/lib/python3.12/site-packages/airflow/example_dags/example_sla_dag.py
[2024-11-14T00:07:59.709+0000] {processor.py:925} INFO - DAG(s) 'example_sla_dag' retrieved from /home/airflow/.local/lib/python3.12/site-packages/airflow/example_dags/example_sla_dag.py
[2024-11-14T00:07:59.716+0000] {logging_mixin.py:190} INFO - [2024-11-14T00:07:59.716+0000] {dag.py:3239} INFO - Sync 1 DAGs
[2024-11-14T00:07:59.726+0000] {logging_mixin.py:190} INFO - [2024-11-14T00:07:59.726+0000] {dag.py:4180} INFO - Setting next_dagrun for example_sla_dag to 2024-11-14 00:04:00+00:00, run_after=2024-11-14 00:06:00+00:00
[2024-11-14T00:07:59.734+0000] {processor.py:208} INFO - Processing /home/airflow/.local/lib/python3.12/site-packages/airflow/example_dags/example_sla_dag.py took 0.034 seconds
[2024-11-14T00:08:31.093+0000] {processor.py:186} INFO - Started process (PID=850) to work on /home/airflow/.local/lib/python3.12/site-packages/airflow/example_dags/example_sla_dag.py
[2024-11-14T00:08:31.093+0000] {processor.py:914} INFO - Processing file /home/airflow/.local/lib/python3.12/site-packages/airflow/example_dags/example_sla_dag.py for tasks to queue
[2024-11-14T00:08:31.094+0000] {logging_mixin.py:190} INFO - [2024-11-14T00:08:31.094+0000] {dagbag.py:588} INFO - Filling up the DagBag from /home/airflow/.local/lib/python3.12/site-packages/airflow/example_dags/example_sla_dag.py
[2024-11-14T00:08:31.100+0000] {processor.py:925} INFO - DAG(s) 'example_sla_dag' retrieved from /home/airflow/.local/lib/python3.12/site-packages/airflow/example_dags/example_sla_dag.py
[2024-11-14T00:08:31.108+0000] {logging_mixin.py:190} INFO - [2024-11-14T00:08:31.108+0000] {dag.py:3239} INFO - Sync 1 DAGs
[2024-11-14T00:08:31.118+0000] {logging_mixin.py:190} INFO - [2024-11-14T00:08:31.118+0000] {dag.py:4180} INFO - Setting next_dagrun for example_sla_dag to 2024-11-14 00:06:00+00:00, run_after=2024-11-14 00:08:00+00:00
[2024-11-14T00:08:31.126+0000] {processor.py:208} INFO - Processing /home/airflow/.local/lib/python3.12/site-packages/airflow/example_dags/example_sla_dag.py took 0.036 seconds
[2024-11-14T00:09:02.359+0000] {processor.py:186} INFO - Started process (PID=913) to work on /home/airflow/.local/lib/python3.12/site-packages/airflow/example_dags/example_sla_dag.py
[2024-11-14T00:09:02.360+0000] {processor.py:914} INFO - Processing file /home/airflow/.local/lib/python3.12/site-packages/airflow/example_dags/example_sla_dag.py for tasks to queue
[2024-11-14T00:09:02.361+0000] {logging_mixin.py:190} INFO - [2024-11-14T00:09:02.361+0000] {dagbag.py:588} INFO - Filling up the DagBag from /home/airflow/.local/lib/python3.12/site-packages/airflow/example_dags/example_sla_dag.py
[2024-11-14T00:09:02.366+0000] {processor.py:925} INFO - DAG(s) 'example_sla_dag' retrieved from /home/airflow/.local/lib/python3.12/site-packages/airflow/example_dags/example_sla_dag.py
[2024-11-14T00:09:02.374+0000] {logging_mixin.py:190} INFO - [2024-11-14T00:09:02.374+0000] {dag.py:3239} INFO - Sync 1 DAGs
[2024-11-14T00:09:02.384+0000] {logging_mixin.py:190} INFO - [2024-11-14T00:09:02.384+0000] {dag.py:4180} INFO - Setting next_dagrun for example_sla_dag to 2024-11-14 00:06:00+00:00, run_after=2024-11-14 00:08:00+00:00
[2024-11-14T00:09:02.392+0000] {processor.py:208} INFO - Processing /home/airflow/.local/lib/python3.12/site-packages/airflow/example_dags/example_sla_dag.py took 0.035 seconds
[2024-11-14T00:09:33.606+0000] {processor.py:186} INFO - Started process (PID=976) to work on /home/airflow/.local/lib/python3.12/site-packages/airflow/example_dags/example_sla_dag.py
[2024-11-14T00:09:33.607+0000] {processor.py:914} INFO - Processing file /home/airflow/.local/lib/python3.12/site-packages/airflow/example_dags/example_sla_dag.py for tasks to queue
[2024-11-14T00:09:33.608+0000] {logging_mixin.py:190} INFO - [2024-11-14T00:09:33.607+0000] {dagbag.py:588} INFO - Filling up the DagBag from /home/airflow/.local/lib/python3.12/site-packages/airflow/example_dags/example_sla_dag.py
[2024-11-14T00:09:33.613+0000] {processor.py:925} INFO - DAG(s) 'example_sla_dag' retrieved from /home/airflow/.local/lib/python3.12/site-packages/airflow/example_dags/example_sla_dag.py
[2024-11-14T00:09:33.622+0000] {logging_mixin.py:190} INFO - [2024-11-14T00:09:33.622+0000] {dag.py:3239} INFO - Sync 1 DAGs
[2024-11-14T00:09:33.632+0000] {logging_mixin.py:190} INFO - [2024-11-14T00:09:33.632+0000] {dag.py:4180} INFO - Setting next_dagrun for example_sla_dag to 2024-11-14 00:06:00+00:00, run_after=2024-11-14 00:08:00+00:00
[2024-11-14T00:09:33.641+0000] {processor.py:208} INFO - Processing /home/airflow/.local/lib/python3.12/site-packages/airflow/example_dags/example_sla_dag.py took 0.037 seconds
