[2024-11-14T00:02:19.831+0000] {processor.py:186} INFO - Started process (PID=80) to work on /home/airflow/.local/lib/python3.12/site-packages/airflow/example_dags/example_bash_operator.py
[2024-11-14T00:02:19.832+0000] {processor.py:914} INFO - Processing file /home/airflow/.local/lib/python3.12/site-packages/airflow/example_dags/example_bash_operator.py for tasks to queue
[2024-11-14T00:02:19.833+0000] {logging_mixin.py:190} INFO - [2024-11-14T00:02:19.833+0000] {dagbag.py:588} INFO - Filling up the DagBag from /home/airflow/.local/lib/python3.12/site-packages/airflow/example_dags/example_bash_operator.py
[2024-11-14T00:02:19.840+0000] {processor.py:925} INFO - DAG(s) 'example_bash_operator' retrieved from /home/airflow/.local/lib/python3.12/site-packages/airflow/example_dags/example_bash_operator.py
[2024-11-14T00:02:19.891+0000] {logging_mixin.py:190} INFO - [2024-11-14T00:02:19.891+0000] {override.py:1911} INFO - Created Permission View: can delete on DAG:example_bash_operator
[2024-11-14T00:02:19.896+0000] {logging_mixin.py:190} INFO - [2024-11-14T00:02:19.896+0000] {override.py:1911} INFO - Created Permission View: can read on DAG:example_bash_operator
[2024-11-14T00:02:19.899+0000] {logging_mixin.py:190} INFO - [2024-11-14T00:02:19.899+0000] {override.py:1911} INFO - Created Permission View: can edit on DAG:example_bash_operator
[2024-11-14T00:02:19.901+0000] {logging_mixin.py:190} INFO - [2024-11-14T00:02:19.901+0000] {override.py:1911} INFO - Created Permission View: can create on DAG Run:example_bash_operator
[2024-11-14T00:02:19.904+0000] {logging_mixin.py:190} INFO - [2024-11-14T00:02:19.904+0000] {override.py:1911} INFO - Created Permission View: can delete on DAG Run:example_bash_operator
[2024-11-14T00:02:19.906+0000] {logging_mixin.py:190} INFO - [2024-11-14T00:02:19.906+0000] {override.py:1911} INFO - Created Permission View: menu access on DAG Run:example_bash_operator
[2024-11-14T00:02:19.909+0000] {logging_mixin.py:190} INFO - [2024-11-14T00:02:19.908+0000] {override.py:1911} INFO - Created Permission View: can read on DAG Run:example_bash_operator
[2024-11-14T00:02:19.909+0000] {logging_mixin.py:190} INFO - [2024-11-14T00:02:19.909+0000] {dag.py:3239} INFO - Sync 1 DAGs
[2024-11-14T00:02:19.916+0000] {logging_mixin.py:190} INFO - [2024-11-14T00:02:19.915+0000] {dag.py:3262} INFO - Creating ORM DAG for example_bash_operator
[2024-11-14T00:02:19.919+0000] {logging_mixin.py:190} INFO - [2024-11-14T00:02:19.919+0000] {dag.py:4180} INFO - Setting next_dagrun for example_bash_operator to 2024-11-13 00:00:00+00:00, run_after=2024-11-14 00:00:00+00:00
[2024-11-14T00:02:19.929+0000] {processor.py:208} INFO - Processing /home/airflow/.local/lib/python3.12/site-packages/airflow/example_dags/example_bash_operator.py took 0.100 seconds
[2024-11-14T00:02:50.939+0000] {processor.py:186} INFO - Started process (PID=142) to work on /home/airflow/.local/lib/python3.12/site-packages/airflow/example_dags/example_bash_operator.py
[2024-11-14T00:02:50.940+0000] {processor.py:914} INFO - Processing file /home/airflow/.local/lib/python3.12/site-packages/airflow/example_dags/example_bash_operator.py for tasks to queue
[2024-11-14T00:02:50.943+0000] {logging_mixin.py:190} INFO - [2024-11-14T00:02:50.942+0000] {dagbag.py:588} INFO - Filling up the DagBag from /home/airflow/.local/lib/python3.12/site-packages/airflow/example_dags/example_bash_operator.py
[2024-11-14T00:02:50.949+0000] {processor.py:925} INFO - DAG(s) 'example_bash_operator' retrieved from /home/airflow/.local/lib/python3.12/site-packages/airflow/example_dags/example_bash_operator.py
[2024-11-14T00:02:50.961+0000] {logging_mixin.py:190} INFO - [2024-11-14T00:02:50.961+0000] {dag.py:3239} INFO - Sync 1 DAGs
[2024-11-14T00:02:50.972+0000] {logging_mixin.py:190} INFO - [2024-11-14T00:02:50.972+0000] {dag.py:4180} INFO - Setting next_dagrun for example_bash_operator to 2024-11-13 00:00:00+00:00, run_after=2024-11-14 00:00:00+00:00
[2024-11-14T00:02:50.981+0000] {processor.py:208} INFO - Processing /home/airflow/.local/lib/python3.12/site-packages/airflow/example_dags/example_bash_operator.py took 0.045 seconds
[2024-11-14T00:03:21.339+0000] {processor.py:186} INFO - Started process (PID=209) to work on /home/airflow/.local/lib/python3.12/site-packages/airflow/example_dags/example_bash_operator.py
[2024-11-14T00:03:21.340+0000] {processor.py:914} INFO - Processing file /home/airflow/.local/lib/python3.12/site-packages/airflow/example_dags/example_bash_operator.py for tasks to queue
[2024-11-14T00:03:21.341+0000] {logging_mixin.py:190} INFO - [2024-11-14T00:03:21.341+0000] {dagbag.py:588} INFO - Filling up the DagBag from /home/airflow/.local/lib/python3.12/site-packages/airflow/example_dags/example_bash_operator.py
[2024-11-14T00:03:21.348+0000] {processor.py:925} INFO - DAG(s) 'example_bash_operator' retrieved from /home/airflow/.local/lib/python3.12/site-packages/airflow/example_dags/example_bash_operator.py
[2024-11-14T00:03:21.359+0000] {logging_mixin.py:190} INFO - [2024-11-14T00:03:21.358+0000] {dag.py:3239} INFO - Sync 1 DAGs
[2024-11-14T00:03:21.367+0000] {logging_mixin.py:190} INFO - [2024-11-14T00:03:21.367+0000] {dag.py:4180} INFO - Setting next_dagrun for example_bash_operator to 2024-11-13 00:00:00+00:00, run_after=2024-11-14 00:00:00+00:00
[2024-11-14T00:03:21.376+0000] {processor.py:208} INFO - Processing /home/airflow/.local/lib/python3.12/site-packages/airflow/example_dags/example_bash_operator.py took 0.039 seconds
[2024-11-14T00:03:51.724+0000] {processor.py:186} INFO - Started process (PID=272) to work on /home/airflow/.local/lib/python3.12/site-packages/airflow/example_dags/example_bash_operator.py
[2024-11-14T00:03:51.724+0000] {processor.py:914} INFO - Processing file /home/airflow/.local/lib/python3.12/site-packages/airflow/example_dags/example_bash_operator.py for tasks to queue
[2024-11-14T00:03:51.726+0000] {logging_mixin.py:190} INFO - [2024-11-14T00:03:51.726+0000] {dagbag.py:588} INFO - Filling up the DagBag from /home/airflow/.local/lib/python3.12/site-packages/airflow/example_dags/example_bash_operator.py
[2024-11-14T00:03:51.733+0000] {processor.py:925} INFO - DAG(s) 'example_bash_operator' retrieved from /home/airflow/.local/lib/python3.12/site-packages/airflow/example_dags/example_bash_operator.py
[2024-11-14T00:03:51.745+0000] {logging_mixin.py:190} INFO - [2024-11-14T00:03:51.745+0000] {dag.py:3239} INFO - Sync 1 DAGs
[2024-11-14T00:03:51.755+0000] {logging_mixin.py:190} INFO - [2024-11-14T00:03:51.755+0000] {dag.py:4180} INFO - Setting next_dagrun for example_bash_operator to 2024-11-13 00:00:00+00:00, run_after=2024-11-14 00:00:00+00:00
[2024-11-14T00:03:51.764+0000] {processor.py:208} INFO - Processing /home/airflow/.local/lib/python3.12/site-packages/airflow/example_dags/example_bash_operator.py took 0.042 seconds
[2024-11-14T00:04:22.032+0000] {processor.py:186} INFO - Started process (PID=335) to work on /home/airflow/.local/lib/python3.12/site-packages/airflow/example_dags/example_bash_operator.py
[2024-11-14T00:04:22.033+0000] {processor.py:914} INFO - Processing file /home/airflow/.local/lib/python3.12/site-packages/airflow/example_dags/example_bash_operator.py for tasks to queue
[2024-11-14T00:04:22.034+0000] {logging_mixin.py:190} INFO - [2024-11-14T00:04:22.034+0000] {dagbag.py:588} INFO - Filling up the DagBag from /home/airflow/.local/lib/python3.12/site-packages/airflow/example_dags/example_bash_operator.py
[2024-11-14T00:04:22.041+0000] {processor.py:925} INFO - DAG(s) 'example_bash_operator' retrieved from /home/airflow/.local/lib/python3.12/site-packages/airflow/example_dags/example_bash_operator.py
[2024-11-14T00:04:22.052+0000] {logging_mixin.py:190} INFO - [2024-11-14T00:04:22.051+0000] {dag.py:3239} INFO - Sync 1 DAGs
[2024-11-14T00:04:22.061+0000] {logging_mixin.py:190} INFO - [2024-11-14T00:04:22.061+0000] {dag.py:4180} INFO - Setting next_dagrun for example_bash_operator to 2024-11-13 00:00:00+00:00, run_after=2024-11-14 00:00:00+00:00
[2024-11-14T00:04:22.069+0000] {processor.py:208} INFO - Processing /home/airflow/.local/lib/python3.12/site-packages/airflow/example_dags/example_bash_operator.py took 0.039 seconds
[2024-11-14T00:04:53.232+0000] {processor.py:186} INFO - Started process (PID=398) to work on /home/airflow/.local/lib/python3.12/site-packages/airflow/example_dags/example_bash_operator.py
[2024-11-14T00:04:53.232+0000] {processor.py:914} INFO - Processing file /home/airflow/.local/lib/python3.12/site-packages/airflow/example_dags/example_bash_operator.py for tasks to queue
[2024-11-14T00:04:53.233+0000] {logging_mixin.py:190} INFO - [2024-11-14T00:04:53.233+0000] {dagbag.py:588} INFO - Filling up the DagBag from /home/airflow/.local/lib/python3.12/site-packages/airflow/example_dags/example_bash_operator.py
[2024-11-14T00:04:53.239+0000] {processor.py:925} INFO - DAG(s) 'example_bash_operator' retrieved from /home/airflow/.local/lib/python3.12/site-packages/airflow/example_dags/example_bash_operator.py
[2024-11-14T00:04:53.248+0000] {logging_mixin.py:190} INFO - [2024-11-14T00:04:53.248+0000] {dag.py:3239} INFO - Sync 1 DAGs
[2024-11-14T00:04:53.257+0000] {logging_mixin.py:190} INFO - [2024-11-14T00:04:53.256+0000] {dag.py:4180} INFO - Setting next_dagrun for example_bash_operator to 2024-11-13 00:00:00+00:00, run_after=2024-11-14 00:00:00+00:00
[2024-11-14T00:04:53.263+0000] {processor.py:208} INFO - Processing /home/airflow/.local/lib/python3.12/site-packages/airflow/example_dags/example_bash_operator.py took 0.033 seconds
[2024-11-14T00:05:24.409+0000] {processor.py:186} INFO - Started process (PID=460) to work on /home/airflow/.local/lib/python3.12/site-packages/airflow/example_dags/example_bash_operator.py
[2024-11-14T00:05:24.410+0000] {processor.py:914} INFO - Processing file /home/airflow/.local/lib/python3.12/site-packages/airflow/example_dags/example_bash_operator.py for tasks to queue
[2024-11-14T00:05:24.410+0000] {logging_mixin.py:190} INFO - [2024-11-14T00:05:24.410+0000] {dagbag.py:588} INFO - Filling up the DagBag from /home/airflow/.local/lib/python3.12/site-packages/airflow/example_dags/example_bash_operator.py
[2024-11-14T00:05:24.417+0000] {processor.py:925} INFO - DAG(s) 'example_bash_operator' retrieved from /home/airflow/.local/lib/python3.12/site-packages/airflow/example_dags/example_bash_operator.py
[2024-11-14T00:05:24.428+0000] {logging_mixin.py:190} INFO - [2024-11-14T00:05:24.428+0000] {dag.py:3239} INFO - Sync 1 DAGs
[2024-11-14T00:05:24.437+0000] {logging_mixin.py:190} INFO - [2024-11-14T00:05:24.437+0000] {dag.py:4180} INFO - Setting next_dagrun for example_bash_operator to 2024-11-13 00:00:00+00:00, run_after=2024-11-14 00:00:00+00:00
[2024-11-14T00:05:24.443+0000] {processor.py:208} INFO - Processing /home/airflow/.local/lib/python3.12/site-packages/airflow/example_dags/example_bash_operator.py took 0.037 seconds
[2024-11-14T00:05:55.909+0000] {processor.py:186} INFO - Started process (PID=523) to work on /home/airflow/.local/lib/python3.12/site-packages/airflow/example_dags/example_bash_operator.py
[2024-11-14T00:05:55.910+0000] {processor.py:914} INFO - Processing file /home/airflow/.local/lib/python3.12/site-packages/airflow/example_dags/example_bash_operator.py for tasks to queue
[2024-11-14T00:05:55.912+0000] {logging_mixin.py:190} INFO - [2024-11-14T00:05:55.911+0000] {dagbag.py:588} INFO - Filling up the DagBag from /home/airflow/.local/lib/python3.12/site-packages/airflow/example_dags/example_bash_operator.py
[2024-11-14T00:05:55.917+0000] {processor.py:925} INFO - DAG(s) 'example_bash_operator' retrieved from /home/airflow/.local/lib/python3.12/site-packages/airflow/example_dags/example_bash_operator.py
[2024-11-14T00:05:55.928+0000] {logging_mixin.py:190} INFO - [2024-11-14T00:05:55.928+0000] {dag.py:3239} INFO - Sync 1 DAGs
[2024-11-14T00:05:55.937+0000] {logging_mixin.py:190} INFO - [2024-11-14T00:05:55.937+0000] {dag.py:4180} INFO - Setting next_dagrun for example_bash_operator to 2024-11-13 00:00:00+00:00, run_after=2024-11-14 00:00:00+00:00
[2024-11-14T00:05:55.948+0000] {processor.py:208} INFO - Processing /home/airflow/.local/lib/python3.12/site-packages/airflow/example_dags/example_bash_operator.py took 0.041 seconds
[2024-11-14T00:06:26.222+0000] {processor.py:186} INFO - Started process (PID=586) to work on /home/airflow/.local/lib/python3.12/site-packages/airflow/example_dags/example_bash_operator.py
[2024-11-14T00:06:26.223+0000] {processor.py:914} INFO - Processing file /home/airflow/.local/lib/python3.12/site-packages/airflow/example_dags/example_bash_operator.py for tasks to queue
[2024-11-14T00:06:26.224+0000] {logging_mixin.py:190} INFO - [2024-11-14T00:06:26.223+0000] {dagbag.py:588} INFO - Filling up the DagBag from /home/airflow/.local/lib/python3.12/site-packages/airflow/example_dags/example_bash_operator.py
[2024-11-14T00:06:26.229+0000] {processor.py:925} INFO - DAG(s) 'example_bash_operator' retrieved from /home/airflow/.local/lib/python3.12/site-packages/airflow/example_dags/example_bash_operator.py
[2024-11-14T00:06:26.239+0000] {logging_mixin.py:190} INFO - [2024-11-14T00:06:26.239+0000] {dag.py:3239} INFO - Sync 1 DAGs
[2024-11-14T00:06:26.248+0000] {logging_mixin.py:190} INFO - [2024-11-14T00:06:26.248+0000] {dag.py:4180} INFO - Setting next_dagrun for example_bash_operator to 2024-11-13 00:00:00+00:00, run_after=2024-11-14 00:00:00+00:00
[2024-11-14T00:06:26.254+0000] {processor.py:208} INFO - Processing /home/airflow/.local/lib/python3.12/site-packages/airflow/example_dags/example_bash_operator.py took 0.035 seconds
[2024-11-14T00:06:57.447+0000] {processor.py:186} INFO - Started process (PID=648) to work on /home/airflow/.local/lib/python3.12/site-packages/airflow/example_dags/example_bash_operator.py
[2024-11-14T00:06:57.449+0000] {processor.py:914} INFO - Processing file /home/airflow/.local/lib/python3.12/site-packages/airflow/example_dags/example_bash_operator.py for tasks to queue
[2024-11-14T00:06:57.451+0000] {logging_mixin.py:190} INFO - [2024-11-14T00:06:57.451+0000] {dagbag.py:588} INFO - Filling up the DagBag from /home/airflow/.local/lib/python3.12/site-packages/airflow/example_dags/example_bash_operator.py
[2024-11-14T00:06:57.458+0000] {processor.py:925} INFO - DAG(s) 'example_bash_operator' retrieved from /home/airflow/.local/lib/python3.12/site-packages/airflow/example_dags/example_bash_operator.py
[2024-11-14T00:06:57.470+0000] {logging_mixin.py:190} INFO - [2024-11-14T00:06:57.469+0000] {dag.py:3239} INFO - Sync 1 DAGs
[2024-11-14T00:06:57.480+0000] {logging_mixin.py:190} INFO - [2024-11-14T00:06:57.480+0000] {dag.py:4180} INFO - Setting next_dagrun for example_bash_operator to 2024-11-13 00:00:00+00:00, run_after=2024-11-14 00:00:00+00:00
[2024-11-14T00:06:57.488+0000] {processor.py:208} INFO - Processing /home/airflow/.local/lib/python3.12/site-packages/airflow/example_dags/example_bash_operator.py took 0.043 seconds
[2024-11-14T00:07:28.761+0000] {processor.py:186} INFO - Started process (PID=711) to work on /home/airflow/.local/lib/python3.12/site-packages/airflow/example_dags/example_bash_operator.py
[2024-11-14T00:07:28.761+0000] {processor.py:914} INFO - Processing file /home/airflow/.local/lib/python3.12/site-packages/airflow/example_dags/example_bash_operator.py for tasks to queue
[2024-11-14T00:07:28.762+0000] {logging_mixin.py:190} INFO - [2024-11-14T00:07:28.762+0000] {dagbag.py:588} INFO - Filling up the DagBag from /home/airflow/.local/lib/python3.12/site-packages/airflow/example_dags/example_bash_operator.py
[2024-11-14T00:07:28.770+0000] {processor.py:925} INFO - DAG(s) 'example_bash_operator' retrieved from /home/airflow/.local/lib/python3.12/site-packages/airflow/example_dags/example_bash_operator.py
[2024-11-14T00:07:28.789+0000] {logging_mixin.py:190} INFO - [2024-11-14T00:07:28.788+0000] {dag.py:3239} INFO - Sync 1 DAGs
[2024-11-14T00:07:28.799+0000] {logging_mixin.py:190} INFO - [2024-11-14T00:07:28.799+0000] {dag.py:4180} INFO - Setting next_dagrun for example_bash_operator to 2024-11-13 00:00:00+00:00, run_after=2024-11-14 00:00:00+00:00
[2024-11-14T00:07:28.807+0000] {processor.py:208} INFO - Processing /home/airflow/.local/lib/python3.12/site-packages/airflow/example_dags/example_bash_operator.py took 0.049 seconds
[2024-11-14T00:07:59.223+0000] {processor.py:186} INFO - Started process (PID=774) to work on /home/airflow/.local/lib/python3.12/site-packages/airflow/example_dags/example_bash_operator.py
[2024-11-14T00:07:59.224+0000] {processor.py:914} INFO - Processing file /home/airflow/.local/lib/python3.12/site-packages/airflow/example_dags/example_bash_operator.py for tasks to queue
[2024-11-14T00:07:59.225+0000] {logging_mixin.py:190} INFO - [2024-11-14T00:07:59.225+0000] {dagbag.py:588} INFO - Filling up the DagBag from /home/airflow/.local/lib/python3.12/site-packages/airflow/example_dags/example_bash_operator.py
[2024-11-14T00:07:59.231+0000] {processor.py:925} INFO - DAG(s) 'example_bash_operator' retrieved from /home/airflow/.local/lib/python3.12/site-packages/airflow/example_dags/example_bash_operator.py
[2024-11-14T00:07:59.243+0000] {logging_mixin.py:190} INFO - [2024-11-14T00:07:59.243+0000] {dag.py:3239} INFO - Sync 1 DAGs
[2024-11-14T00:07:59.253+0000] {logging_mixin.py:190} INFO - [2024-11-14T00:07:59.253+0000] {dag.py:4180} INFO - Setting next_dagrun for example_bash_operator to 2024-11-13 00:00:00+00:00, run_after=2024-11-14 00:00:00+00:00
[2024-11-14T00:07:59.260+0000] {processor.py:208} INFO - Processing /home/airflow/.local/lib/python3.12/site-packages/airflow/example_dags/example_bash_operator.py took 0.040 seconds
[2024-11-14T00:08:30.566+0000] {processor.py:186} INFO - Started process (PID=837) to work on /home/airflow/.local/lib/python3.12/site-packages/airflow/example_dags/example_bash_operator.py
[2024-11-14T00:08:30.566+0000] {processor.py:914} INFO - Processing file /home/airflow/.local/lib/python3.12/site-packages/airflow/example_dags/example_bash_operator.py for tasks to queue
[2024-11-14T00:08:30.567+0000] {logging_mixin.py:190} INFO - [2024-11-14T00:08:30.567+0000] {dagbag.py:588} INFO - Filling up the DagBag from /home/airflow/.local/lib/python3.12/site-packages/airflow/example_dags/example_bash_operator.py
[2024-11-14T00:08:30.573+0000] {processor.py:925} INFO - DAG(s) 'example_bash_operator' retrieved from /home/airflow/.local/lib/python3.12/site-packages/airflow/example_dags/example_bash_operator.py
[2024-11-14T00:08:30.584+0000] {logging_mixin.py:190} INFO - [2024-11-14T00:08:30.584+0000] {dag.py:3239} INFO - Sync 1 DAGs
[2024-11-14T00:08:30.592+0000] {logging_mixin.py:190} INFO - [2024-11-14T00:08:30.592+0000] {dag.py:4180} INFO - Setting next_dagrun for example_bash_operator to 2024-11-13 00:00:00+00:00, run_after=2024-11-14 00:00:00+00:00
[2024-11-14T00:08:30.600+0000] {processor.py:208} INFO - Processing /home/airflow/.local/lib/python3.12/site-packages/airflow/example_dags/example_bash_operator.py took 0.037 seconds
[2024-11-14T00:09:01.831+0000] {processor.py:186} INFO - Started process (PID=900) to work on /home/airflow/.local/lib/python3.12/site-packages/airflow/example_dags/example_bash_operator.py
[2024-11-14T00:09:01.832+0000] {processor.py:914} INFO - Processing file /home/airflow/.local/lib/python3.12/site-packages/airflow/example_dags/example_bash_operator.py for tasks to queue
[2024-11-14T00:09:01.833+0000] {logging_mixin.py:190} INFO - [2024-11-14T00:09:01.833+0000] {dagbag.py:588} INFO - Filling up the DagBag from /home/airflow/.local/lib/python3.12/site-packages/airflow/example_dags/example_bash_operator.py
[2024-11-14T00:09:01.838+0000] {processor.py:925} INFO - DAG(s) 'example_bash_operator' retrieved from /home/airflow/.local/lib/python3.12/site-packages/airflow/example_dags/example_bash_operator.py
[2024-11-14T00:09:01.850+0000] {logging_mixin.py:190} INFO - [2024-11-14T00:09:01.850+0000] {dag.py:3239} INFO - Sync 1 DAGs
[2024-11-14T00:09:01.861+0000] {logging_mixin.py:190} INFO - [2024-11-14T00:09:01.861+0000] {dag.py:4180} INFO - Setting next_dagrun for example_bash_operator to 2024-11-13 00:00:00+00:00, run_after=2024-11-14 00:00:00+00:00
[2024-11-14T00:09:01.867+0000] {processor.py:208} INFO - Processing /home/airflow/.local/lib/python3.12/site-packages/airflow/example_dags/example_bash_operator.py took 0.038 seconds
[2024-11-14T00:09:33.058+0000] {processor.py:186} INFO - Started process (PID=963) to work on /home/airflow/.local/lib/python3.12/site-packages/airflow/example_dags/example_bash_operator.py
[2024-11-14T00:09:33.058+0000] {processor.py:914} INFO - Processing file /home/airflow/.local/lib/python3.12/site-packages/airflow/example_dags/example_bash_operator.py for tasks to queue
[2024-11-14T00:09:33.062+0000] {logging_mixin.py:190} INFO - [2024-11-14T00:09:33.062+0000] {dagbag.py:588} INFO - Filling up the DagBag from /home/airflow/.local/lib/python3.12/site-packages/airflow/example_dags/example_bash_operator.py
[2024-11-14T00:09:33.067+0000] {processor.py:925} INFO - DAG(s) 'example_bash_operator' retrieved from /home/airflow/.local/lib/python3.12/site-packages/airflow/example_dags/example_bash_operator.py
[2024-11-14T00:09:33.078+0000] {logging_mixin.py:190} INFO - [2024-11-14T00:09:33.078+0000] {dag.py:3239} INFO - Sync 1 DAGs
[2024-11-14T00:09:33.088+0000] {logging_mixin.py:190} INFO - [2024-11-14T00:09:33.088+0000] {dag.py:4180} INFO - Setting next_dagrun for example_bash_operator to 2024-11-13 00:00:00+00:00, run_after=2024-11-14 00:00:00+00:00
[2024-11-14T00:09:33.094+0000] {processor.py:208} INFO - Processing /home/airflow/.local/lib/python3.12/site-packages/airflow/example_dags/example_bash_operator.py took 0.040 seconds
