[2024-11-14T00:02:19.612+0000] {processor.py:186} INFO - Started process (PID=78) to work on /home/airflow/.local/lib/python3.12/site-packages/airflow/example_dags/example_branch_datetime_operator.py
[2024-11-14T00:02:19.613+0000] {processor.py:914} INFO - Processing file /home/airflow/.local/lib/python3.12/site-packages/airflow/example_dags/example_branch_datetime_operator.py for tasks to queue
[2024-11-14T00:02:19.613+0000] {logging_mixin.py:190} INFO - [2024-11-14T00:02:19.613+0000] {dagbag.py:588} INFO - Filling up the DagBag from /home/airflow/.local/lib/python3.12/site-packages/airflow/example_dags/example_branch_datetime_operator.py
[2024-11-14T00:02:19.619+0000] {processor.py:925} INFO - DAG(s) 'example_branch_datetime_operator', 'example_branch_datetime_operator_3', 'example_branch_datetime_operator_2' retrieved from /home/airflow/.local/lib/python3.12/site-packages/airflow/example_dags/example_branch_datetime_operator.py
[2024-11-14T00:02:19.665+0000] {logging_mixin.py:190} INFO - [2024-11-14T00:02:19.665+0000] {override.py:1911} INFO - Created Permission View: can delete on DAG:example_branch_datetime_operator
[2024-11-14T00:02:19.668+0000] {logging_mixin.py:190} INFO - [2024-11-14T00:02:19.668+0000] {override.py:1911} INFO - Created Permission View: can read on DAG:example_branch_datetime_operator
[2024-11-14T00:02:19.670+0000] {logging_mixin.py:190} INFO - [2024-11-14T00:02:19.670+0000] {override.py:1911} INFO - Created Permission View: can edit on DAG:example_branch_datetime_operator
[2024-11-14T00:02:19.671+0000] {logging_mixin.py:190} INFO - [2024-11-14T00:02:19.671+0000] {override.py:1911} INFO - Created Permission View: can create on DAG Run:example_branch_datetime_operator
[2024-11-14T00:02:19.673+0000] {logging_mixin.py:190} INFO - [2024-11-14T00:02:19.673+0000] {override.py:1911} INFO - Created Permission View: can delete on DAG Run:example_branch_datetime_operator
[2024-11-14T00:02:19.675+0000] {logging_mixin.py:190} INFO - [2024-11-14T00:02:19.675+0000] {override.py:1911} INFO - Created Permission View: menu access on DAG Run:example_branch_datetime_operator
[2024-11-14T00:02:19.677+0000] {logging_mixin.py:190} INFO - [2024-11-14T00:02:19.676+0000] {override.py:1911} INFO - Created Permission View: can read on DAG Run:example_branch_datetime_operator
[2024-11-14T00:02:19.680+0000] {logging_mixin.py:190} INFO - [2024-11-14T00:02:19.680+0000] {override.py:1911} INFO - Created Permission View: can delete on DAG:example_branch_datetime_operator_3
[2024-11-14T00:02:19.682+0000] {logging_mixin.py:190} INFO - [2024-11-14T00:02:19.682+0000] {override.py:1911} INFO - Created Permission View: can read on DAG:example_branch_datetime_operator_3
[2024-11-14T00:02:19.683+0000] {logging_mixin.py:190} INFO - [2024-11-14T00:02:19.683+0000] {override.py:1911} INFO - Created Permission View: can edit on DAG:example_branch_datetime_operator_3
[2024-11-14T00:02:19.685+0000] {logging_mixin.py:190} INFO - [2024-11-14T00:02:19.685+0000] {override.py:1911} INFO - Created Permission View: can create on DAG Run:example_branch_datetime_operator_3
[2024-11-14T00:02:19.687+0000] {logging_mixin.py:190} INFO - [2024-11-14T00:02:19.687+0000] {override.py:1911} INFO - Created Permission View: can delete on DAG Run:example_branch_datetime_operator_3
[2024-11-14T00:02:19.688+0000] {logging_mixin.py:190} INFO - [2024-11-14T00:02:19.688+0000] {override.py:1911} INFO - Created Permission View: menu access on DAG Run:example_branch_datetime_operator_3
[2024-11-14T00:02:19.689+0000] {logging_mixin.py:190} INFO - [2024-11-14T00:02:19.689+0000] {override.py:1911} INFO - Created Permission View: can read on DAG Run:example_branch_datetime_operator_3
[2024-11-14T00:02:19.693+0000] {logging_mixin.py:190} INFO - [2024-11-14T00:02:19.693+0000] {override.py:1911} INFO - Created Permission View: can delete on DAG:example_branch_datetime_operator_2
[2024-11-14T00:02:19.694+0000] {logging_mixin.py:190} INFO - [2024-11-14T00:02:19.694+0000] {override.py:1911} INFO - Created Permission View: can read on DAG:example_branch_datetime_operator_2
[2024-11-14T00:02:19.696+0000] {logging_mixin.py:190} INFO - [2024-11-14T00:02:19.696+0000] {override.py:1911} INFO - Created Permission View: can edit on DAG:example_branch_datetime_operator_2
[2024-11-14T00:02:19.697+0000] {logging_mixin.py:190} INFO - [2024-11-14T00:02:19.697+0000] {override.py:1911} INFO - Created Permission View: can create on DAG Run:example_branch_datetime_operator_2
[2024-11-14T00:02:19.699+0000] {logging_mixin.py:190} INFO - [2024-11-14T00:02:19.699+0000] {override.py:1911} INFO - Created Permission View: can delete on DAG Run:example_branch_datetime_operator_2
[2024-11-14T00:02:19.700+0000] {logging_mixin.py:190} INFO - [2024-11-14T00:02:19.700+0000] {override.py:1911} INFO - Created Permission View: menu access on DAG Run:example_branch_datetime_operator_2
[2024-11-14T00:02:19.701+0000] {logging_mixin.py:190} INFO - [2024-11-14T00:02:19.701+0000] {override.py:1911} INFO - Created Permission View: can read on DAG Run:example_branch_datetime_operator_2
[2024-11-14T00:02:19.701+0000] {logging_mixin.py:190} INFO - [2024-11-14T00:02:19.701+0000] {dag.py:3239} INFO - Sync 3 DAGs
[2024-11-14T00:02:19.706+0000] {logging_mixin.py:190} INFO - [2024-11-14T00:02:19.706+0000] {dag.py:3262} INFO - Creating ORM DAG for example_branch_datetime_operator_2
[2024-11-14T00:02:19.706+0000] {logging_mixin.py:190} INFO - [2024-11-14T00:02:19.706+0000] {dag.py:3262} INFO - Creating ORM DAG for example_branch_datetime_operator
[2024-11-14T00:02:19.706+0000] {logging_mixin.py:190} INFO - [2024-11-14T00:02:19.706+0000] {dag.py:3262} INFO - Creating ORM DAG for example_branch_datetime_operator_3
[2024-11-14T00:02:19.710+0000] {logging_mixin.py:190} INFO - [2024-11-14T00:02:19.710+0000] {dag.py:4180} INFO - Setting next_dagrun for example_branch_datetime_operator to 2024-11-13 00:00:00+00:00, run_after=2024-11-14 00:00:00+00:00
[2024-11-14T00:02:19.711+0000] {logging_mixin.py:190} INFO - [2024-11-14T00:02:19.711+0000] {dag.py:4180} INFO - Setting next_dagrun for example_branch_datetime_operator_2 to 2024-11-13 00:00:00+00:00, run_after=2024-11-14 00:00:00+00:00
[2024-11-14T00:02:19.711+0000] {logging_mixin.py:190} INFO - [2024-11-14T00:02:19.711+0000] {dag.py:4180} INFO - Setting next_dagrun for example_branch_datetime_operator_3 to 2024-11-13 00:00:00+00:00, run_after=2024-11-14 00:00:00+00:00
[2024-11-14T00:02:19.717+0000] {processor.py:208} INFO - Processing /home/airflow/.local/lib/python3.12/site-packages/airflow/example_dags/example_branch_datetime_operator.py took 0.108 seconds
[2024-11-14T00:02:50.887+0000] {processor.py:186} INFO - Started process (PID=140) to work on /home/airflow/.local/lib/python3.12/site-packages/airflow/example_dags/example_branch_datetime_operator.py
[2024-11-14T00:02:50.888+0000] {processor.py:914} INFO - Processing file /home/airflow/.local/lib/python3.12/site-packages/airflow/example_dags/example_branch_datetime_operator.py for tasks to queue
[2024-11-14T00:02:50.889+0000] {logging_mixin.py:190} INFO - [2024-11-14T00:02:50.889+0000] {dagbag.py:588} INFO - Filling up the DagBag from /home/airflow/.local/lib/python3.12/site-packages/airflow/example_dags/example_branch_datetime_operator.py
[2024-11-14T00:02:50.896+0000] {processor.py:925} INFO - DAG(s) 'example_branch_datetime_operator_3', 'example_branch_datetime_operator', 'example_branch_datetime_operator_2' retrieved from /home/airflow/.local/lib/python3.12/site-packages/airflow/example_dags/example_branch_datetime_operator.py
[2024-11-14T00:02:50.908+0000] {logging_mixin.py:190} INFO - [2024-11-14T00:02:50.907+0000] {dag.py:3239} INFO - Sync 3 DAGs
[2024-11-14T00:02:50.918+0000] {logging_mixin.py:190} INFO - [2024-11-14T00:02:50.918+0000] {dag.py:4180} INFO - Setting next_dagrun for example_branch_datetime_operator to 2024-11-13 00:00:00+00:00, run_after=2024-11-14 00:00:00+00:00
[2024-11-14T00:02:50.920+0000] {logging_mixin.py:190} INFO - [2024-11-14T00:02:50.920+0000] {dag.py:4180} INFO - Setting next_dagrun for example_branch_datetime_operator_2 to 2024-11-13 00:00:00+00:00, run_after=2024-11-14 00:00:00+00:00
[2024-11-14T00:02:50.921+0000] {logging_mixin.py:190} INFO - [2024-11-14T00:02:50.921+0000] {dag.py:4180} INFO - Setting next_dagrun for example_branch_datetime_operator_3 to 2024-11-13 00:00:00+00:00, run_after=2024-11-14 00:00:00+00:00
[2024-11-14T00:02:50.927+0000] {processor.py:208} INFO - Processing /home/airflow/.local/lib/python3.12/site-packages/airflow/example_dags/example_branch_datetime_operator.py took 0.043 seconds
[2024-11-14T00:03:21.297+0000] {processor.py:186} INFO - Started process (PID=207) to work on /home/airflow/.local/lib/python3.12/site-packages/airflow/example_dags/example_branch_datetime_operator.py
[2024-11-14T00:03:21.297+0000] {processor.py:914} INFO - Processing file /home/airflow/.local/lib/python3.12/site-packages/airflow/example_dags/example_branch_datetime_operator.py for tasks to queue
[2024-11-14T00:03:21.298+0000] {logging_mixin.py:190} INFO - [2024-11-14T00:03:21.298+0000] {dagbag.py:588} INFO - Filling up the DagBag from /home/airflow/.local/lib/python3.12/site-packages/airflow/example_dags/example_branch_datetime_operator.py
[2024-11-14T00:03:21.303+0000] {processor.py:925} INFO - DAG(s) 'example_branch_datetime_operator_3', 'example_branch_datetime_operator_2', 'example_branch_datetime_operator' retrieved from /home/airflow/.local/lib/python3.12/site-packages/airflow/example_dags/example_branch_datetime_operator.py
[2024-11-14T00:03:21.312+0000] {logging_mixin.py:190} INFO - [2024-11-14T00:03:21.312+0000] {dag.py:3239} INFO - Sync 3 DAGs
[2024-11-14T00:03:21.321+0000] {logging_mixin.py:190} INFO - [2024-11-14T00:03:21.321+0000] {dag.py:4180} INFO - Setting next_dagrun for example_branch_datetime_operator to 2024-11-13 00:00:00+00:00, run_after=2024-11-14 00:00:00+00:00
[2024-11-14T00:03:21.322+0000] {logging_mixin.py:190} INFO - [2024-11-14T00:03:21.322+0000] {dag.py:4180} INFO - Setting next_dagrun for example_branch_datetime_operator_2 to 2024-11-13 00:00:00+00:00, run_after=2024-11-14 00:00:00+00:00
[2024-11-14T00:03:21.323+0000] {logging_mixin.py:190} INFO - [2024-11-14T00:03:21.323+0000] {dag.py:4180} INFO - Setting next_dagrun for example_branch_datetime_operator_3 to 2024-11-13 00:00:00+00:00, run_after=2024-11-14 00:00:00+00:00
[2024-11-14T00:03:21.328+0000] {processor.py:208} INFO - Processing /home/airflow/.local/lib/python3.12/site-packages/airflow/example_dags/example_branch_datetime_operator.py took 0.034 seconds
[2024-11-14T00:03:51.676+0000] {processor.py:186} INFO - Started process (PID=270) to work on /home/airflow/.local/lib/python3.12/site-packages/airflow/example_dags/example_branch_datetime_operator.py
[2024-11-14T00:03:51.678+0000] {processor.py:914} INFO - Processing file /home/airflow/.local/lib/python3.12/site-packages/airflow/example_dags/example_branch_datetime_operator.py for tasks to queue
[2024-11-14T00:03:51.679+0000] {logging_mixin.py:190} INFO - [2024-11-14T00:03:51.679+0000] {dagbag.py:588} INFO - Filling up the DagBag from /home/airflow/.local/lib/python3.12/site-packages/airflow/example_dags/example_branch_datetime_operator.py
[2024-11-14T00:03:51.685+0000] {processor.py:925} INFO - DAG(s) 'example_branch_datetime_operator_2', 'example_branch_datetime_operator', 'example_branch_datetime_operator_3' retrieved from /home/airflow/.local/lib/python3.12/site-packages/airflow/example_dags/example_branch_datetime_operator.py
[2024-11-14T00:03:51.696+0000] {logging_mixin.py:190} INFO - [2024-11-14T00:03:51.696+0000] {dag.py:3239} INFO - Sync 3 DAGs
[2024-11-14T00:03:51.706+0000] {logging_mixin.py:190} INFO - [2024-11-14T00:03:51.706+0000] {dag.py:4180} INFO - Setting next_dagrun for example_branch_datetime_operator to 2024-11-13 00:00:00+00:00, run_after=2024-11-14 00:00:00+00:00
[2024-11-14T00:03:51.707+0000] {logging_mixin.py:190} INFO - [2024-11-14T00:03:51.707+0000] {dag.py:4180} INFO - Setting next_dagrun for example_branch_datetime_operator_2 to 2024-11-13 00:00:00+00:00, run_after=2024-11-14 00:00:00+00:00
[2024-11-14T00:03:51.708+0000] {logging_mixin.py:190} INFO - [2024-11-14T00:03:51.708+0000] {dag.py:4180} INFO - Setting next_dagrun for example_branch_datetime_operator_3 to 2024-11-13 00:00:00+00:00, run_after=2024-11-14 00:00:00+00:00
[2024-11-14T00:03:51.713+0000] {processor.py:208} INFO - Processing /home/airflow/.local/lib/python3.12/site-packages/airflow/example_dags/example_branch_datetime_operator.py took 0.040 seconds
[2024-11-14T00:04:21.976+0000] {processor.py:186} INFO - Started process (PID=333) to work on /home/airflow/.local/lib/python3.12/site-packages/airflow/example_dags/example_branch_datetime_operator.py
[2024-11-14T00:04:21.977+0000] {processor.py:914} INFO - Processing file /home/airflow/.local/lib/python3.12/site-packages/airflow/example_dags/example_branch_datetime_operator.py for tasks to queue
[2024-11-14T00:04:21.979+0000] {logging_mixin.py:190} INFO - [2024-11-14T00:04:21.979+0000] {dagbag.py:588} INFO - Filling up the DagBag from /home/airflow/.local/lib/python3.12/site-packages/airflow/example_dags/example_branch_datetime_operator.py
[2024-11-14T00:04:21.984+0000] {processor.py:925} INFO - DAG(s) 'example_branch_datetime_operator', 'example_branch_datetime_operator_2', 'example_branch_datetime_operator_3' retrieved from /home/airflow/.local/lib/python3.12/site-packages/airflow/example_dags/example_branch_datetime_operator.py
[2024-11-14T00:04:21.996+0000] {logging_mixin.py:190} INFO - [2024-11-14T00:04:21.996+0000] {dag.py:3239} INFO - Sync 3 DAGs
[2024-11-14T00:04:22.007+0000] {logging_mixin.py:190} INFO - [2024-11-14T00:04:22.007+0000] {dag.py:4180} INFO - Setting next_dagrun for example_branch_datetime_operator to 2024-11-13 00:00:00+00:00, run_after=2024-11-14 00:00:00+00:00
[2024-11-14T00:04:22.010+0000] {logging_mixin.py:190} INFO - [2024-11-14T00:04:22.010+0000] {dag.py:4180} INFO - Setting next_dagrun for example_branch_datetime_operator_2 to 2024-11-13 00:00:00+00:00, run_after=2024-11-14 00:00:00+00:00
[2024-11-14T00:04:22.011+0000] {logging_mixin.py:190} INFO - [2024-11-14T00:04:22.011+0000] {dag.py:4180} INFO - Setting next_dagrun for example_branch_datetime_operator_3 to 2024-11-13 00:00:00+00:00, run_after=2024-11-14 00:00:00+00:00
[2024-11-14T00:04:22.018+0000] {processor.py:208} INFO - Processing /home/airflow/.local/lib/python3.12/site-packages/airflow/example_dags/example_branch_datetime_operator.py took 0.045 seconds
[2024-11-14T00:04:53.141+0000] {processor.py:186} INFO - Started process (PID=396) to work on /home/airflow/.local/lib/python3.12/site-packages/airflow/example_dags/example_branch_datetime_operator.py
[2024-11-14T00:04:53.142+0000] {processor.py:914} INFO - Processing file /home/airflow/.local/lib/python3.12/site-packages/airflow/example_dags/example_branch_datetime_operator.py for tasks to queue
[2024-11-14T00:04:53.143+0000] {logging_mixin.py:190} INFO - [2024-11-14T00:04:53.143+0000] {dagbag.py:588} INFO - Filling up the DagBag from /home/airflow/.local/lib/python3.12/site-packages/airflow/example_dags/example_branch_datetime_operator.py
[2024-11-14T00:04:53.148+0000] {processor.py:925} INFO - DAG(s) 'example_branch_datetime_operator_3', 'example_branch_datetime_operator', 'example_branch_datetime_operator_2' retrieved from /home/airflow/.local/lib/python3.12/site-packages/airflow/example_dags/example_branch_datetime_operator.py
[2024-11-14T00:04:53.158+0000] {logging_mixin.py:190} INFO - [2024-11-14T00:04:53.158+0000] {dag.py:3239} INFO - Sync 3 DAGs
[2024-11-14T00:04:53.169+0000] {logging_mixin.py:190} INFO - [2024-11-14T00:04:53.169+0000] {dag.py:4180} INFO - Setting next_dagrun for example_branch_datetime_operator to 2024-11-13 00:00:00+00:00, run_after=2024-11-14 00:00:00+00:00
[2024-11-14T00:04:53.170+0000] {logging_mixin.py:190} INFO - [2024-11-14T00:04:53.170+0000] {dag.py:4180} INFO - Setting next_dagrun for example_branch_datetime_operator_2 to 2024-11-13 00:00:00+00:00, run_after=2024-11-14 00:00:00+00:00
[2024-11-14T00:04:53.171+0000] {logging_mixin.py:190} INFO - [2024-11-14T00:04:53.171+0000] {dag.py:4180} INFO - Setting next_dagrun for example_branch_datetime_operator_3 to 2024-11-13 00:00:00+00:00, run_after=2024-11-14 00:00:00+00:00
[2024-11-14T00:04:53.177+0000] {processor.py:208} INFO - Processing /home/airflow/.local/lib/python3.12/site-packages/airflow/example_dags/example_branch_datetime_operator.py took 0.038 seconds
[2024-11-14T00:05:24.349+0000] {processor.py:186} INFO - Started process (PID=458) to work on /home/airflow/.local/lib/python3.12/site-packages/airflow/example_dags/example_branch_datetime_operator.py
[2024-11-14T00:05:24.350+0000] {processor.py:914} INFO - Processing file /home/airflow/.local/lib/python3.12/site-packages/airflow/example_dags/example_branch_datetime_operator.py for tasks to queue
[2024-11-14T00:05:24.351+0000] {logging_mixin.py:190} INFO - [2024-11-14T00:05:24.351+0000] {dagbag.py:588} INFO - Filling up the DagBag from /home/airflow/.local/lib/python3.12/site-packages/airflow/example_dags/example_branch_datetime_operator.py
[2024-11-14T00:05:24.357+0000] {processor.py:925} INFO - DAG(s) 'example_branch_datetime_operator_3', 'example_branch_datetime_operator_2', 'example_branch_datetime_operator' retrieved from /home/airflow/.local/lib/python3.12/site-packages/airflow/example_dags/example_branch_datetime_operator.py
[2024-11-14T00:05:24.368+0000] {logging_mixin.py:190} INFO - [2024-11-14T00:05:24.368+0000] {dag.py:3239} INFO - Sync 3 DAGs
[2024-11-14T00:05:24.379+0000] {logging_mixin.py:190} INFO - [2024-11-14T00:05:24.378+0000] {dag.py:4180} INFO - Setting next_dagrun for example_branch_datetime_operator to 2024-11-13 00:00:00+00:00, run_after=2024-11-14 00:00:00+00:00
[2024-11-14T00:05:24.380+0000] {logging_mixin.py:190} INFO - [2024-11-14T00:05:24.380+0000] {dag.py:4180} INFO - Setting next_dagrun for example_branch_datetime_operator_2 to 2024-11-13 00:00:00+00:00, run_after=2024-11-14 00:00:00+00:00
[2024-11-14T00:05:24.381+0000] {logging_mixin.py:190} INFO - [2024-11-14T00:05:24.381+0000] {dag.py:4180} INFO - Setting next_dagrun for example_branch_datetime_operator_3 to 2024-11-13 00:00:00+00:00, run_after=2024-11-14 00:00:00+00:00
[2024-11-14T00:05:24.388+0000] {processor.py:208} INFO - Processing /home/airflow/.local/lib/python3.12/site-packages/airflow/example_dags/example_branch_datetime_operator.py took 0.041 seconds
[2024-11-14T00:05:55.847+0000] {processor.py:186} INFO - Started process (PID=521) to work on /home/airflow/.local/lib/python3.12/site-packages/airflow/example_dags/example_branch_datetime_operator.py
[2024-11-14T00:05:55.848+0000] {processor.py:914} INFO - Processing file /home/airflow/.local/lib/python3.12/site-packages/airflow/example_dags/example_branch_datetime_operator.py for tasks to queue
[2024-11-14T00:05:55.849+0000] {logging_mixin.py:190} INFO - [2024-11-14T00:05:55.849+0000] {dagbag.py:588} INFO - Filling up the DagBag from /home/airflow/.local/lib/python3.12/site-packages/airflow/example_dags/example_branch_datetime_operator.py
[2024-11-14T00:05:55.854+0000] {processor.py:925} INFO - DAG(s) 'example_branch_datetime_operator_2', 'example_branch_datetime_operator_3', 'example_branch_datetime_operator' retrieved from /home/airflow/.local/lib/python3.12/site-packages/airflow/example_dags/example_branch_datetime_operator.py
[2024-11-14T00:05:55.865+0000] {logging_mixin.py:190} INFO - [2024-11-14T00:05:55.865+0000] {dag.py:3239} INFO - Sync 3 DAGs
[2024-11-14T00:05:55.875+0000] {logging_mixin.py:190} INFO - [2024-11-14T00:05:55.875+0000] {dag.py:4180} INFO - Setting next_dagrun for example_branch_datetime_operator to 2024-11-13 00:00:00+00:00, run_after=2024-11-14 00:00:00+00:00
[2024-11-14T00:05:55.877+0000] {logging_mixin.py:190} INFO - [2024-11-14T00:05:55.877+0000] {dag.py:4180} INFO - Setting next_dagrun for example_branch_datetime_operator_2 to 2024-11-13 00:00:00+00:00, run_after=2024-11-14 00:00:00+00:00
[2024-11-14T00:05:55.878+0000] {logging_mixin.py:190} INFO - [2024-11-14T00:05:55.878+0000] {dag.py:4180} INFO - Setting next_dagrun for example_branch_datetime_operator_3 to 2024-11-13 00:00:00+00:00, run_after=2024-11-14 00:00:00+00:00
[2024-11-14T00:05:55.885+0000] {processor.py:208} INFO - Processing /home/airflow/.local/lib/python3.12/site-packages/airflow/example_dags/example_branch_datetime_operator.py took 0.040 seconds
[2024-11-14T00:06:26.130+0000] {processor.py:186} INFO - Started process (PID=584) to work on /home/airflow/.local/lib/python3.12/site-packages/airflow/example_dags/example_branch_datetime_operator.py
[2024-11-14T00:06:26.130+0000] {processor.py:914} INFO - Processing file /home/airflow/.local/lib/python3.12/site-packages/airflow/example_dags/example_branch_datetime_operator.py for tasks to queue
[2024-11-14T00:06:26.131+0000] {logging_mixin.py:190} INFO - [2024-11-14T00:06:26.131+0000] {dagbag.py:588} INFO - Filling up the DagBag from /home/airflow/.local/lib/python3.12/site-packages/airflow/example_dags/example_branch_datetime_operator.py
[2024-11-14T00:06:26.136+0000] {processor.py:925} INFO - DAG(s) 'example_branch_datetime_operator_2', 'example_branch_datetime_operator', 'example_branch_datetime_operator_3' retrieved from /home/airflow/.local/lib/python3.12/site-packages/airflow/example_dags/example_branch_datetime_operator.py
[2024-11-14T00:06:26.146+0000] {logging_mixin.py:190} INFO - [2024-11-14T00:06:26.146+0000] {dag.py:3239} INFO - Sync 3 DAGs
[2024-11-14T00:06:26.156+0000] {logging_mixin.py:190} INFO - [2024-11-14T00:06:26.156+0000] {dag.py:4180} INFO - Setting next_dagrun for example_branch_datetime_operator to 2024-11-13 00:00:00+00:00, run_after=2024-11-14 00:00:00+00:00
[2024-11-14T00:06:26.158+0000] {logging_mixin.py:190} INFO - [2024-11-14T00:06:26.158+0000] {dag.py:4180} INFO - Setting next_dagrun for example_branch_datetime_operator_2 to 2024-11-13 00:00:00+00:00, run_after=2024-11-14 00:00:00+00:00
[2024-11-14T00:06:26.159+0000] {logging_mixin.py:190} INFO - [2024-11-14T00:06:26.159+0000] {dag.py:4180} INFO - Setting next_dagrun for example_branch_datetime_operator_3 to 2024-11-13 00:00:00+00:00, run_after=2024-11-14 00:00:00+00:00
[2024-11-14T00:06:26.164+0000] {processor.py:208} INFO - Processing /home/airflow/.local/lib/python3.12/site-packages/airflow/example_dags/example_branch_datetime_operator.py took 0.037 seconds
[2024-11-14T00:06:57.375+0000] {processor.py:186} INFO - Started process (PID=646) to work on /home/airflow/.local/lib/python3.12/site-packages/airflow/example_dags/example_branch_datetime_operator.py
[2024-11-14T00:06:57.376+0000] {processor.py:914} INFO - Processing file /home/airflow/.local/lib/python3.12/site-packages/airflow/example_dags/example_branch_datetime_operator.py for tasks to queue
[2024-11-14T00:06:57.377+0000] {logging_mixin.py:190} INFO - [2024-11-14T00:06:57.377+0000] {dagbag.py:588} INFO - Filling up the DagBag from /home/airflow/.local/lib/python3.12/site-packages/airflow/example_dags/example_branch_datetime_operator.py
[2024-11-14T00:06:57.382+0000] {processor.py:925} INFO - DAG(s) 'example_branch_datetime_operator_2', 'example_branch_datetime_operator', 'example_branch_datetime_operator_3' retrieved from /home/airflow/.local/lib/python3.12/site-packages/airflow/example_dags/example_branch_datetime_operator.py
[2024-11-14T00:06:57.392+0000] {logging_mixin.py:190} INFO - [2024-11-14T00:06:57.392+0000] {dag.py:3239} INFO - Sync 3 DAGs
[2024-11-14T00:06:57.402+0000] {logging_mixin.py:190} INFO - [2024-11-14T00:06:57.401+0000] {dag.py:4180} INFO - Setting next_dagrun for example_branch_datetime_operator to 2024-11-13 00:00:00+00:00, run_after=2024-11-14 00:00:00+00:00
[2024-11-14T00:06:57.403+0000] {logging_mixin.py:190} INFO - [2024-11-14T00:06:57.403+0000] {dag.py:4180} INFO - Setting next_dagrun for example_branch_datetime_operator_2 to 2024-11-13 00:00:00+00:00, run_after=2024-11-14 00:00:00+00:00
[2024-11-14T00:06:57.404+0000] {logging_mixin.py:190} INFO - [2024-11-14T00:06:57.404+0000] {dag.py:4180} INFO - Setting next_dagrun for example_branch_datetime_operator_3 to 2024-11-13 00:00:00+00:00, run_after=2024-11-14 00:00:00+00:00
[2024-11-14T00:06:57.410+0000] {processor.py:208} INFO - Processing /home/airflow/.local/lib/python3.12/site-packages/airflow/example_dags/example_branch_datetime_operator.py took 0.037 seconds
[2024-11-14T00:07:28.670+0000] {processor.py:186} INFO - Started process (PID=709) to work on /home/airflow/.local/lib/python3.12/site-packages/airflow/example_dags/example_branch_datetime_operator.py
[2024-11-14T00:07:28.671+0000] {processor.py:914} INFO - Processing file /home/airflow/.local/lib/python3.12/site-packages/airflow/example_dags/example_branch_datetime_operator.py for tasks to queue
[2024-11-14T00:07:28.672+0000] {logging_mixin.py:190} INFO - [2024-11-14T00:07:28.672+0000] {dagbag.py:588} INFO - Filling up the DagBag from /home/airflow/.local/lib/python3.12/site-packages/airflow/example_dags/example_branch_datetime_operator.py
[2024-11-14T00:07:28.676+0000] {processor.py:925} INFO - DAG(s) 'example_branch_datetime_operator', 'example_branch_datetime_operator_2', 'example_branch_datetime_operator_3' retrieved from /home/airflow/.local/lib/python3.12/site-packages/airflow/example_dags/example_branch_datetime_operator.py
[2024-11-14T00:07:28.687+0000] {logging_mixin.py:190} INFO - [2024-11-14T00:07:28.687+0000] {dag.py:3239} INFO - Sync 3 DAGs
[2024-11-14T00:07:28.697+0000] {logging_mixin.py:190} INFO - [2024-11-14T00:07:28.697+0000] {dag.py:4180} INFO - Setting next_dagrun for example_branch_datetime_operator to 2024-11-13 00:00:00+00:00, run_after=2024-11-14 00:00:00+00:00
[2024-11-14T00:07:28.700+0000] {logging_mixin.py:190} INFO - [2024-11-14T00:07:28.700+0000] {dag.py:4180} INFO - Setting next_dagrun for example_branch_datetime_operator_2 to 2024-11-13 00:00:00+00:00, run_after=2024-11-14 00:00:00+00:00
[2024-11-14T00:07:28.701+0000] {logging_mixin.py:190} INFO - [2024-11-14T00:07:28.701+0000] {dag.py:4180} INFO - Setting next_dagrun for example_branch_datetime_operator_3 to 2024-11-13 00:00:00+00:00, run_after=2024-11-14 00:00:00+00:00
[2024-11-14T00:07:28.707+0000] {processor.py:208} INFO - Processing /home/airflow/.local/lib/python3.12/site-packages/airflow/example_dags/example_branch_datetime_operator.py took 0.039 seconds
[2024-11-14T00:07:59.129+0000] {processor.py:186} INFO - Started process (PID=772) to work on /home/airflow/.local/lib/python3.12/site-packages/airflow/example_dags/example_branch_datetime_operator.py
[2024-11-14T00:07:59.130+0000] {processor.py:914} INFO - Processing file /home/airflow/.local/lib/python3.12/site-packages/airflow/example_dags/example_branch_datetime_operator.py for tasks to queue
[2024-11-14T00:07:59.131+0000] {logging_mixin.py:190} INFO - [2024-11-14T00:07:59.131+0000] {dagbag.py:588} INFO - Filling up the DagBag from /home/airflow/.local/lib/python3.12/site-packages/airflow/example_dags/example_branch_datetime_operator.py
[2024-11-14T00:07:59.136+0000] {processor.py:925} INFO - DAG(s) 'example_branch_datetime_operator', 'example_branch_datetime_operator_2', 'example_branch_datetime_operator_3' retrieved from /home/airflow/.local/lib/python3.12/site-packages/airflow/example_dags/example_branch_datetime_operator.py
[2024-11-14T00:07:59.146+0000] {logging_mixin.py:190} INFO - [2024-11-14T00:07:59.146+0000] {dag.py:3239} INFO - Sync 3 DAGs
[2024-11-14T00:07:59.155+0000] {logging_mixin.py:190} INFO - [2024-11-14T00:07:59.155+0000] {dag.py:4180} INFO - Setting next_dagrun for example_branch_datetime_operator to 2024-11-13 00:00:00+00:00, run_after=2024-11-14 00:00:00+00:00
[2024-11-14T00:07:59.156+0000] {logging_mixin.py:190} INFO - [2024-11-14T00:07:59.156+0000] {dag.py:4180} INFO - Setting next_dagrun for example_branch_datetime_operator_2 to 2024-11-13 00:00:00+00:00, run_after=2024-11-14 00:00:00+00:00
[2024-11-14T00:07:59.157+0000] {logging_mixin.py:190} INFO - [2024-11-14T00:07:59.157+0000] {dag.py:4180} INFO - Setting next_dagrun for example_branch_datetime_operator_3 to 2024-11-13 00:00:00+00:00, run_after=2024-11-14 00:00:00+00:00
[2024-11-14T00:07:59.163+0000] {processor.py:208} INFO - Processing /home/airflow/.local/lib/python3.12/site-packages/airflow/example_dags/example_branch_datetime_operator.py took 0.036 seconds
[2024-11-14T00:08:30.472+0000] {processor.py:186} INFO - Started process (PID=835) to work on /home/airflow/.local/lib/python3.12/site-packages/airflow/example_dags/example_branch_datetime_operator.py
[2024-11-14T00:08:30.473+0000] {processor.py:914} INFO - Processing file /home/airflow/.local/lib/python3.12/site-packages/airflow/example_dags/example_branch_datetime_operator.py for tasks to queue
[2024-11-14T00:08:30.474+0000] {logging_mixin.py:190} INFO - [2024-11-14T00:08:30.474+0000] {dagbag.py:588} INFO - Filling up the DagBag from /home/airflow/.local/lib/python3.12/site-packages/airflow/example_dags/example_branch_datetime_operator.py
[2024-11-14T00:08:30.479+0000] {processor.py:925} INFO - DAG(s) 'example_branch_datetime_operator_3', 'example_branch_datetime_operator', 'example_branch_datetime_operator_2' retrieved from /home/airflow/.local/lib/python3.12/site-packages/airflow/example_dags/example_branch_datetime_operator.py
[2024-11-14T00:08:30.490+0000] {logging_mixin.py:190} INFO - [2024-11-14T00:08:30.490+0000] {dag.py:3239} INFO - Sync 3 DAGs
[2024-11-14T00:08:30.501+0000] {logging_mixin.py:190} INFO - [2024-11-14T00:08:30.501+0000] {dag.py:4180} INFO - Setting next_dagrun for example_branch_datetime_operator to 2024-11-13 00:00:00+00:00, run_after=2024-11-14 00:00:00+00:00
[2024-11-14T00:08:30.504+0000] {logging_mixin.py:190} INFO - [2024-11-14T00:08:30.504+0000] {dag.py:4180} INFO - Setting next_dagrun for example_branch_datetime_operator_2 to 2024-11-13 00:00:00+00:00, run_after=2024-11-14 00:00:00+00:00
[2024-11-14T00:08:30.505+0000] {logging_mixin.py:190} INFO - [2024-11-14T00:08:30.505+0000] {dag.py:4180} INFO - Setting next_dagrun for example_branch_datetime_operator_3 to 2024-11-13 00:00:00+00:00, run_after=2024-11-14 00:00:00+00:00
[2024-11-14T00:08:30.512+0000] {processor.py:208} INFO - Processing /home/airflow/.local/lib/python3.12/site-packages/airflow/example_dags/example_branch_datetime_operator.py took 0.042 seconds
[2024-11-14T00:09:01.767+0000] {processor.py:186} INFO - Started process (PID=898) to work on /home/airflow/.local/lib/python3.12/site-packages/airflow/example_dags/example_branch_datetime_operator.py
[2024-11-14T00:09:01.767+0000] {processor.py:914} INFO - Processing file /home/airflow/.local/lib/python3.12/site-packages/airflow/example_dags/example_branch_datetime_operator.py for tasks to queue
[2024-11-14T00:09:01.768+0000] {logging_mixin.py:190} INFO - [2024-11-14T00:09:01.768+0000] {dagbag.py:588} INFO - Filling up the DagBag from /home/airflow/.local/lib/python3.12/site-packages/airflow/example_dags/example_branch_datetime_operator.py
[2024-11-14T00:09:01.773+0000] {processor.py:925} INFO - DAG(s) 'example_branch_datetime_operator', 'example_branch_datetime_operator_3', 'example_branch_datetime_operator_2' retrieved from /home/airflow/.local/lib/python3.12/site-packages/airflow/example_dags/example_branch_datetime_operator.py
[2024-11-14T00:09:01.784+0000] {logging_mixin.py:190} INFO - [2024-11-14T00:09:01.784+0000] {dag.py:3239} INFO - Sync 3 DAGs
[2024-11-14T00:09:01.793+0000] {logging_mixin.py:190} INFO - [2024-11-14T00:09:01.793+0000] {dag.py:4180} INFO - Setting next_dagrun for example_branch_datetime_operator to 2024-11-13 00:00:00+00:00, run_after=2024-11-14 00:00:00+00:00
[2024-11-14T00:09:01.795+0000] {logging_mixin.py:190} INFO - [2024-11-14T00:09:01.795+0000] {dag.py:4180} INFO - Setting next_dagrun for example_branch_datetime_operator_2 to 2024-11-13 00:00:00+00:00, run_after=2024-11-14 00:00:00+00:00
[2024-11-14T00:09:01.796+0000] {logging_mixin.py:190} INFO - [2024-11-14T00:09:01.796+0000] {dag.py:4180} INFO - Setting next_dagrun for example_branch_datetime_operator_3 to 2024-11-13 00:00:00+00:00, run_after=2024-11-14 00:00:00+00:00
[2024-11-14T00:09:01.806+0000] {processor.py:208} INFO - Processing /home/airflow/.local/lib/python3.12/site-packages/airflow/example_dags/example_branch_datetime_operator.py took 0.041 seconds
[2024-11-14T00:09:32.995+0000] {processor.py:186} INFO - Started process (PID=961) to work on /home/airflow/.local/lib/python3.12/site-packages/airflow/example_dags/example_branch_datetime_operator.py
[2024-11-14T00:09:32.996+0000] {processor.py:914} INFO - Processing file /home/airflow/.local/lib/python3.12/site-packages/airflow/example_dags/example_branch_datetime_operator.py for tasks to queue
[2024-11-14T00:09:32.997+0000] {logging_mixin.py:190} INFO - [2024-11-14T00:09:32.997+0000] {dagbag.py:588} INFO - Filling up the DagBag from /home/airflow/.local/lib/python3.12/site-packages/airflow/example_dags/example_branch_datetime_operator.py
[2024-11-14T00:09:33.002+0000] {processor.py:925} INFO - DAG(s) 'example_branch_datetime_operator_3', 'example_branch_datetime_operator', 'example_branch_datetime_operator_2' retrieved from /home/airflow/.local/lib/python3.12/site-packages/airflow/example_dags/example_branch_datetime_operator.py
[2024-11-14T00:09:33.012+0000] {logging_mixin.py:190} INFO - [2024-11-14T00:09:33.012+0000] {dag.py:3239} INFO - Sync 3 DAGs
[2024-11-14T00:09:33.023+0000] {logging_mixin.py:190} INFO - [2024-11-14T00:09:33.023+0000] {dag.py:4180} INFO - Setting next_dagrun for example_branch_datetime_operator to 2024-11-13 00:00:00+00:00, run_after=2024-11-14 00:00:00+00:00
[2024-11-14T00:09:33.024+0000] {logging_mixin.py:190} INFO - [2024-11-14T00:09:33.024+0000] {dag.py:4180} INFO - Setting next_dagrun for example_branch_datetime_operator_2 to 2024-11-13 00:00:00+00:00, run_after=2024-11-14 00:00:00+00:00
[2024-11-14T00:09:33.026+0000] {logging_mixin.py:190} INFO - [2024-11-14T00:09:33.026+0000] {dag.py:4180} INFO - Setting next_dagrun for example_branch_datetime_operator_3 to 2024-11-13 00:00:00+00:00, run_after=2024-11-14 00:00:00+00:00
[2024-11-14T00:09:33.034+0000] {processor.py:208} INFO - Processing /home/airflow/.local/lib/python3.12/site-packages/airflow/example_dags/example_branch_datetime_operator.py took 0.041 seconds
