[2024-11-14T00:02:16.260+0000] {processor.py:186} INFO - Started process (PID=44) to work on /home/airflow/.local/lib/python3.12/site-packages/airflow/example_dags/example_params_trigger_ui.py
[2024-11-14T00:02:16.262+0000] {processor.py:914} INFO - Processing file /home/airflow/.local/lib/python3.12/site-packages/airflow/example_dags/example_params_trigger_ui.py for tasks to queue
[2024-11-14T00:02:16.266+0000] {logging_mixin.py:190} INFO - [2024-11-14T00:02:16.266+0000] {dagbag.py:588} INFO - Filling up the DagBag from /home/airflow/.local/lib/python3.12/site-packages/airflow/example_dags/example_params_trigger_ui.py
[2024-11-14T00:02:16.292+0000] {processor.py:925} INFO - DAG(s) 'example_params_trigger_ui' retrieved from /home/airflow/.local/lib/python3.12/site-packages/airflow/example_dags/example_params_trigger_ui.py
[2024-11-14T00:02:16.620+0000] {logging_mixin.py:190} INFO - [2024-11-14T00:02:16.619+0000] {override.py:1911} INFO - Created Permission View: can delete on DAG:example_params_trigger_ui
[2024-11-14T00:02:16.625+0000] {logging_mixin.py:190} INFO - [2024-11-14T00:02:16.625+0000] {override.py:1911} INFO - Created Permission View: can read on DAG:example_params_trigger_ui
[2024-11-14T00:02:16.645+0000] {logging_mixin.py:190} INFO - [2024-11-14T00:02:16.645+0000] {override.py:1911} INFO - Created Permission View: can edit on DAG:example_params_trigger_ui
[2024-11-14T00:02:16.654+0000] {logging_mixin.py:190} INFO - [2024-11-14T00:02:16.654+0000] {override.py:1911} INFO - Created Permission View: can create on DAG Run:example_params_trigger_ui
[2024-11-14T00:02:16.666+0000] {logging_mixin.py:190} INFO - [2024-11-14T00:02:16.666+0000] {override.py:1911} INFO - Created Permission View: can delete on DAG Run:example_params_trigger_ui
[2024-11-14T00:02:16.676+0000] {logging_mixin.py:190} INFO - [2024-11-14T00:02:16.676+0000] {override.py:1911} INFO - Created Permission View: menu access on DAG Run:example_params_trigger_ui
[2024-11-14T00:02:16.685+0000] {logging_mixin.py:190} INFO - [2024-11-14T00:02:16.685+0000] {override.py:1911} INFO - Created Permission View: can read on DAG Run:example_params_trigger_ui
[2024-11-14T00:02:16.686+0000] {logging_mixin.py:190} INFO - [2024-11-14T00:02:16.686+0000] {dag.py:3239} INFO - Sync 1 DAGs
[2024-11-14T00:02:16.699+0000] {logging_mixin.py:190} INFO - [2024-11-14T00:02:16.699+0000] {dag.py:3262} INFO - Creating ORM DAG for example_params_trigger_ui
[2024-11-14T00:02:16.701+0000] {logging_mixin.py:190} INFO - [2024-11-14T00:02:16.701+0000] {dag.py:4180} INFO - Setting next_dagrun for example_params_trigger_ui to None, run_after=None
[2024-11-14T00:02:16.718+0000] {processor.py:208} INFO - Processing /home/airflow/.local/lib/python3.12/site-packages/airflow/example_dags/example_params_trigger_ui.py took 0.468 seconds
[2024-11-14T00:02:47.236+0000] {processor.py:186} INFO - Started process (PID=106) to work on /home/airflow/.local/lib/python3.12/site-packages/airflow/example_dags/example_params_trigger_ui.py
[2024-11-14T00:02:47.237+0000] {processor.py:914} INFO - Processing file /home/airflow/.local/lib/python3.12/site-packages/airflow/example_dags/example_params_trigger_ui.py for tasks to queue
[2024-11-14T00:02:47.242+0000] {logging_mixin.py:190} INFO - [2024-11-14T00:02:47.241+0000] {dagbag.py:588} INFO - Filling up the DagBag from /home/airflow/.local/lib/python3.12/site-packages/airflow/example_dags/example_params_trigger_ui.py
[2024-11-14T00:02:47.253+0000] {processor.py:925} INFO - DAG(s) 'example_params_trigger_ui' retrieved from /home/airflow/.local/lib/python3.12/site-packages/airflow/example_dags/example_params_trigger_ui.py
[2024-11-14T00:02:47.278+0000] {logging_mixin.py:190} INFO - [2024-11-14T00:02:47.278+0000] {dag.py:3239} INFO - Sync 1 DAGs
[2024-11-14T00:02:47.289+0000] {logging_mixin.py:190} INFO - [2024-11-14T00:02:47.289+0000] {dag.py:4180} INFO - Setting next_dagrun for example_params_trigger_ui to None, run_after=None
[2024-11-14T00:02:47.303+0000] {processor.py:208} INFO - Processing /home/airflow/.local/lib/python3.12/site-packages/airflow/example_dags/example_params_trigger_ui.py took 0.071 seconds
[2024-11-14T00:03:17.769+0000] {processor.py:186} INFO - Started process (PID=168) to work on /home/airflow/.local/lib/python3.12/site-packages/airflow/example_dags/example_params_trigger_ui.py
[2024-11-14T00:03:17.770+0000] {processor.py:914} INFO - Processing file /home/airflow/.local/lib/python3.12/site-packages/airflow/example_dags/example_params_trigger_ui.py for tasks to queue
[2024-11-14T00:03:17.772+0000] {logging_mixin.py:190} INFO - [2024-11-14T00:03:17.771+0000] {dagbag.py:588} INFO - Filling up the DagBag from /home/airflow/.local/lib/python3.12/site-packages/airflow/example_dags/example_params_trigger_ui.py
[2024-11-14T00:03:17.782+0000] {processor.py:925} INFO - DAG(s) 'example_params_trigger_ui' retrieved from /home/airflow/.local/lib/python3.12/site-packages/airflow/example_dags/example_params_trigger_ui.py
[2024-11-14T00:03:17.810+0000] {logging_mixin.py:190} INFO - [2024-11-14T00:03:17.809+0000] {dag.py:3239} INFO - Sync 1 DAGs
[2024-11-14T00:03:17.817+0000] {logging_mixin.py:190} INFO - [2024-11-14T00:03:17.817+0000] {dag.py:4180} INFO - Setting next_dagrun for example_params_trigger_ui to None, run_after=None
[2024-11-14T00:03:17.827+0000] {processor.py:208} INFO - Processing /home/airflow/.local/lib/python3.12/site-packages/airflow/example_dags/example_params_trigger_ui.py took 0.063 seconds
[2024-11-14T00:03:48.164+0000] {processor.py:186} INFO - Started process (PID=230) to work on /home/airflow/.local/lib/python3.12/site-packages/airflow/example_dags/example_params_trigger_ui.py
[2024-11-14T00:03:48.167+0000] {processor.py:914} INFO - Processing file /home/airflow/.local/lib/python3.12/site-packages/airflow/example_dags/example_params_trigger_ui.py for tasks to queue
[2024-11-14T00:03:48.170+0000] {logging_mixin.py:190} INFO - [2024-11-14T00:03:48.170+0000] {dagbag.py:588} INFO - Filling up the DagBag from /home/airflow/.local/lib/python3.12/site-packages/airflow/example_dags/example_params_trigger_ui.py
[2024-11-14T00:03:48.180+0000] {processor.py:925} INFO - DAG(s) 'example_params_trigger_ui' retrieved from /home/airflow/.local/lib/python3.12/site-packages/airflow/example_dags/example_params_trigger_ui.py
[2024-11-14T00:03:48.205+0000] {logging_mixin.py:190} INFO - [2024-11-14T00:03:48.205+0000] {dag.py:3239} INFO - Sync 1 DAGs
[2024-11-14T00:03:48.214+0000] {logging_mixin.py:190} INFO - [2024-11-14T00:03:48.214+0000] {dag.py:4180} INFO - Setting next_dagrun for example_params_trigger_ui to None, run_after=None
[2024-11-14T00:03:48.226+0000] {processor.py:208} INFO - Processing /home/airflow/.local/lib/python3.12/site-packages/airflow/example_dags/example_params_trigger_ui.py took 0.069 seconds
[2024-11-14T00:04:18.528+0000] {processor.py:186} INFO - Started process (PID=293) to work on /home/airflow/.local/lib/python3.12/site-packages/airflow/example_dags/example_params_trigger_ui.py
[2024-11-14T00:04:18.530+0000] {processor.py:914} INFO - Processing file /home/airflow/.local/lib/python3.12/site-packages/airflow/example_dags/example_params_trigger_ui.py for tasks to queue
[2024-11-14T00:04:18.532+0000] {logging_mixin.py:190} INFO - [2024-11-14T00:04:18.531+0000] {dagbag.py:588} INFO - Filling up the DagBag from /home/airflow/.local/lib/python3.12/site-packages/airflow/example_dags/example_params_trigger_ui.py
[2024-11-14T00:04:18.538+0000] {processor.py:925} INFO - DAG(s) 'example_params_trigger_ui' retrieved from /home/airflow/.local/lib/python3.12/site-packages/airflow/example_dags/example_params_trigger_ui.py
[2024-11-14T00:04:18.558+0000] {logging_mixin.py:190} INFO - [2024-11-14T00:04:18.558+0000] {dag.py:3239} INFO - Sync 1 DAGs
[2024-11-14T00:04:18.564+0000] {logging_mixin.py:190} INFO - [2024-11-14T00:04:18.564+0000] {dag.py:4180} INFO - Setting next_dagrun for example_params_trigger_ui to None, run_after=None
[2024-11-14T00:04:18.574+0000] {processor.py:208} INFO - Processing /home/airflow/.local/lib/python3.12/site-packages/airflow/example_dags/example_params_trigger_ui.py took 0.049 seconds
[2024-11-14T00:04:48.778+0000] {processor.py:186} INFO - Started process (PID=356) to work on /home/airflow/.local/lib/python3.12/site-packages/airflow/example_dags/example_params_trigger_ui.py
[2024-11-14T00:04:48.779+0000] {processor.py:914} INFO - Processing file /home/airflow/.local/lib/python3.12/site-packages/airflow/example_dags/example_params_trigger_ui.py for tasks to queue
[2024-11-14T00:04:48.781+0000] {logging_mixin.py:190} INFO - [2024-11-14T00:04:48.781+0000] {dagbag.py:588} INFO - Filling up the DagBag from /home/airflow/.local/lib/python3.12/site-packages/airflow/example_dags/example_params_trigger_ui.py
[2024-11-14T00:04:48.795+0000] {processor.py:925} INFO - DAG(s) 'example_params_trigger_ui' retrieved from /home/airflow/.local/lib/python3.12/site-packages/airflow/example_dags/example_params_trigger_ui.py
[2024-11-14T00:04:48.820+0000] {logging_mixin.py:190} INFO - [2024-11-14T00:04:48.820+0000] {dag.py:3239} INFO - Sync 1 DAGs
[2024-11-14T00:04:48.829+0000] {logging_mixin.py:190} INFO - [2024-11-14T00:04:48.828+0000] {dag.py:4180} INFO - Setting next_dagrun for example_params_trigger_ui to None, run_after=None
[2024-11-14T00:04:48.842+0000] {processor.py:208} INFO - Processing /home/airflow/.local/lib/python3.12/site-packages/airflow/example_dags/example_params_trigger_ui.py took 0.071 seconds
[2024-11-14T00:05:19.099+0000] {processor.py:186} INFO - Started process (PID=419) to work on /home/airflow/.local/lib/python3.12/site-packages/airflow/example_dags/example_params_trigger_ui.py
[2024-11-14T00:05:19.101+0000] {processor.py:914} INFO - Processing file /home/airflow/.local/lib/python3.12/site-packages/airflow/example_dags/example_params_trigger_ui.py for tasks to queue
[2024-11-14T00:05:19.104+0000] {logging_mixin.py:190} INFO - [2024-11-14T00:05:19.104+0000] {dagbag.py:588} INFO - Filling up the DagBag from /home/airflow/.local/lib/python3.12/site-packages/airflow/example_dags/example_params_trigger_ui.py
[2024-11-14T00:05:19.116+0000] {processor.py:925} INFO - DAG(s) 'example_params_trigger_ui' retrieved from /home/airflow/.local/lib/python3.12/site-packages/airflow/example_dags/example_params_trigger_ui.py
[2024-11-14T00:05:19.142+0000] {logging_mixin.py:190} INFO - [2024-11-14T00:05:19.142+0000] {dag.py:3239} INFO - Sync 1 DAGs
[2024-11-14T00:05:19.152+0000] {logging_mixin.py:190} INFO - [2024-11-14T00:05:19.152+0000] {dag.py:4180} INFO - Setting next_dagrun for example_params_trigger_ui to None, run_after=None
[2024-11-14T00:05:19.163+0000] {processor.py:208} INFO - Processing /home/airflow/.local/lib/python3.12/site-packages/airflow/example_dags/example_params_trigger_ui.py took 0.069 seconds
[2024-11-14T00:05:49.360+0000] {processor.py:186} INFO - Started process (PID=482) to work on /home/airflow/.local/lib/python3.12/site-packages/airflow/example_dags/example_params_trigger_ui.py
[2024-11-14T00:05:49.362+0000] {processor.py:914} INFO - Processing file /home/airflow/.local/lib/python3.12/site-packages/airflow/example_dags/example_params_trigger_ui.py for tasks to queue
[2024-11-14T00:05:49.366+0000] {logging_mixin.py:190} INFO - [2024-11-14T00:05:49.366+0000] {dagbag.py:588} INFO - Filling up the DagBag from /home/airflow/.local/lib/python3.12/site-packages/airflow/example_dags/example_params_trigger_ui.py
[2024-11-14T00:05:49.381+0000] {processor.py:925} INFO - DAG(s) 'example_params_trigger_ui' retrieved from /home/airflow/.local/lib/python3.12/site-packages/airflow/example_dags/example_params_trigger_ui.py
[2024-11-14T00:05:49.412+0000] {logging_mixin.py:190} INFO - [2024-11-14T00:05:49.412+0000] {dag.py:3239} INFO - Sync 1 DAGs
[2024-11-14T00:05:49.420+0000] {logging_mixin.py:190} INFO - [2024-11-14T00:05:49.419+0000] {dag.py:4180} INFO - Setting next_dagrun for example_params_trigger_ui to None, run_after=None
[2024-11-14T00:05:49.433+0000] {processor.py:208} INFO - Processing /home/airflow/.local/lib/python3.12/site-packages/airflow/example_dags/example_params_trigger_ui.py took 0.082 seconds
[2024-11-14T00:06:19.911+0000] {processor.py:186} INFO - Started process (PID=545) to work on /home/airflow/.local/lib/python3.12/site-packages/airflow/example_dags/example_params_trigger_ui.py
[2024-11-14T00:06:19.914+0000] {processor.py:914} INFO - Processing file /home/airflow/.local/lib/python3.12/site-packages/airflow/example_dags/example_params_trigger_ui.py for tasks to queue
[2024-11-14T00:06:19.916+0000] {logging_mixin.py:190} INFO - [2024-11-14T00:06:19.916+0000] {dagbag.py:588} INFO - Filling up the DagBag from /home/airflow/.local/lib/python3.12/site-packages/airflow/example_dags/example_params_trigger_ui.py
[2024-11-14T00:06:19.929+0000] {processor.py:925} INFO - DAG(s) 'example_params_trigger_ui' retrieved from /home/airflow/.local/lib/python3.12/site-packages/airflow/example_dags/example_params_trigger_ui.py
[2024-11-14T00:06:19.954+0000] {logging_mixin.py:190} INFO - [2024-11-14T00:06:19.954+0000] {dag.py:3239} INFO - Sync 1 DAGs
[2024-11-14T00:06:19.962+0000] {logging_mixin.py:190} INFO - [2024-11-14T00:06:19.961+0000] {dag.py:4180} INFO - Setting next_dagrun for example_params_trigger_ui to None, run_after=None
[2024-11-14T00:06:19.975+0000] {processor.py:208} INFO - Processing /home/airflow/.local/lib/python3.12/site-packages/airflow/example_dags/example_params_trigger_ui.py took 0.068 seconds
[2024-11-14T00:06:50.154+0000] {processor.py:186} INFO - Started process (PID=608) to work on /home/airflow/.local/lib/python3.12/site-packages/airflow/example_dags/example_params_trigger_ui.py
[2024-11-14T00:06:50.157+0000] {processor.py:914} INFO - Processing file /home/airflow/.local/lib/python3.12/site-packages/airflow/example_dags/example_params_trigger_ui.py for tasks to queue
[2024-11-14T00:06:50.160+0000] {logging_mixin.py:190} INFO - [2024-11-14T00:06:50.160+0000] {dagbag.py:588} INFO - Filling up the DagBag from /home/airflow/.local/lib/python3.12/site-packages/airflow/example_dags/example_params_trigger_ui.py
[2024-11-14T00:06:50.173+0000] {processor.py:925} INFO - DAG(s) 'example_params_trigger_ui' retrieved from /home/airflow/.local/lib/python3.12/site-packages/airflow/example_dags/example_params_trigger_ui.py
[2024-11-14T00:06:50.201+0000] {logging_mixin.py:190} INFO - [2024-11-14T00:06:50.200+0000] {dag.py:3239} INFO - Sync 1 DAGs
[2024-11-14T00:06:50.209+0000] {logging_mixin.py:190} INFO - [2024-11-14T00:06:50.208+0000] {dag.py:4180} INFO - Setting next_dagrun for example_params_trigger_ui to None, run_after=None
[2024-11-14T00:06:50.225+0000] {processor.py:208} INFO - Processing /home/airflow/.local/lib/python3.12/site-packages/airflow/example_dags/example_params_trigger_ui.py took 0.078 seconds
[2024-11-14T00:07:20.397+0000] {processor.py:186} INFO - Started process (PID=670) to work on /home/airflow/.local/lib/python3.12/site-packages/airflow/example_dags/example_params_trigger_ui.py
[2024-11-14T00:07:20.398+0000] {processor.py:914} INFO - Processing file /home/airflow/.local/lib/python3.12/site-packages/airflow/example_dags/example_params_trigger_ui.py for tasks to queue
[2024-11-14T00:07:20.401+0000] {logging_mixin.py:190} INFO - [2024-11-14T00:07:20.401+0000] {dagbag.py:588} INFO - Filling up the DagBag from /home/airflow/.local/lib/python3.12/site-packages/airflow/example_dags/example_params_trigger_ui.py
[2024-11-14T00:07:20.409+0000] {processor.py:925} INFO - DAG(s) 'example_params_trigger_ui' retrieved from /home/airflow/.local/lib/python3.12/site-packages/airflow/example_dags/example_params_trigger_ui.py
[2024-11-14T00:07:20.435+0000] {logging_mixin.py:190} INFO - [2024-11-14T00:07:20.435+0000] {dag.py:3239} INFO - Sync 1 DAGs
[2024-11-14T00:07:20.443+0000] {logging_mixin.py:190} INFO - [2024-11-14T00:07:20.443+0000] {dag.py:4180} INFO - Setting next_dagrun for example_params_trigger_ui to None, run_after=None
[2024-11-14T00:07:20.454+0000] {processor.py:208} INFO - Processing /home/airflow/.local/lib/python3.12/site-packages/airflow/example_dags/example_params_trigger_ui.py took 0.064 seconds
[2024-11-14T00:07:50.827+0000] {processor.py:186} INFO - Started process (PID=733) to work on /home/airflow/.local/lib/python3.12/site-packages/airflow/example_dags/example_params_trigger_ui.py
[2024-11-14T00:07:50.828+0000] {processor.py:914} INFO - Processing file /home/airflow/.local/lib/python3.12/site-packages/airflow/example_dags/example_params_trigger_ui.py for tasks to queue
[2024-11-14T00:07:50.831+0000] {logging_mixin.py:190} INFO - [2024-11-14T00:07:50.831+0000] {dagbag.py:588} INFO - Filling up the DagBag from /home/airflow/.local/lib/python3.12/site-packages/airflow/example_dags/example_params_trigger_ui.py
[2024-11-14T00:07:50.844+0000] {processor.py:925} INFO - DAG(s) 'example_params_trigger_ui' retrieved from /home/airflow/.local/lib/python3.12/site-packages/airflow/example_dags/example_params_trigger_ui.py
[2024-11-14T00:07:50.869+0000] {logging_mixin.py:190} INFO - [2024-11-14T00:07:50.869+0000] {dag.py:3239} INFO - Sync 1 DAGs
[2024-11-14T00:07:50.875+0000] {logging_mixin.py:190} INFO - [2024-11-14T00:07:50.875+0000] {dag.py:4180} INFO - Setting next_dagrun for example_params_trigger_ui to None, run_after=None
[2024-11-14T00:07:50.886+0000] {processor.py:208} INFO - Processing /home/airflow/.local/lib/python3.12/site-packages/airflow/example_dags/example_params_trigger_ui.py took 0.069 seconds
[2024-11-14T00:08:21.144+0000] {processor.py:186} INFO - Started process (PID=796) to work on /home/airflow/.local/lib/python3.12/site-packages/airflow/example_dags/example_params_trigger_ui.py
[2024-11-14T00:08:21.146+0000] {processor.py:914} INFO - Processing file /home/airflow/.local/lib/python3.12/site-packages/airflow/example_dags/example_params_trigger_ui.py for tasks to queue
[2024-11-14T00:08:21.148+0000] {logging_mixin.py:190} INFO - [2024-11-14T00:08:21.148+0000] {dagbag.py:588} INFO - Filling up the DagBag from /home/airflow/.local/lib/python3.12/site-packages/airflow/example_dags/example_params_trigger_ui.py
[2024-11-14T00:08:21.162+0000] {processor.py:925} INFO - DAG(s) 'example_params_trigger_ui' retrieved from /home/airflow/.local/lib/python3.12/site-packages/airflow/example_dags/example_params_trigger_ui.py
[2024-11-14T00:08:21.188+0000] {logging_mixin.py:190} INFO - [2024-11-14T00:08:21.188+0000] {dag.py:3239} INFO - Sync 1 DAGs
[2024-11-14T00:08:21.197+0000] {logging_mixin.py:190} INFO - [2024-11-14T00:08:21.197+0000] {dag.py:4180} INFO - Setting next_dagrun for example_params_trigger_ui to None, run_after=None
[2024-11-14T00:08:21.208+0000] {processor.py:208} INFO - Processing /home/airflow/.local/lib/python3.12/site-packages/airflow/example_dags/example_params_trigger_ui.py took 0.072 seconds
[2024-11-14T00:08:51.464+0000] {processor.py:186} INFO - Started process (PID=859) to work on /home/airflow/.local/lib/python3.12/site-packages/airflow/example_dags/example_params_trigger_ui.py
[2024-11-14T00:08:51.466+0000] {processor.py:914} INFO - Processing file /home/airflow/.local/lib/python3.12/site-packages/airflow/example_dags/example_params_trigger_ui.py for tasks to queue
[2024-11-14T00:08:51.469+0000] {logging_mixin.py:190} INFO - [2024-11-14T00:08:51.469+0000] {dagbag.py:588} INFO - Filling up the DagBag from /home/airflow/.local/lib/python3.12/site-packages/airflow/example_dags/example_params_trigger_ui.py
[2024-11-14T00:08:51.479+0000] {processor.py:925} INFO - DAG(s) 'example_params_trigger_ui' retrieved from /home/airflow/.local/lib/python3.12/site-packages/airflow/example_dags/example_params_trigger_ui.py
[2024-11-14T00:08:51.506+0000] {logging_mixin.py:190} INFO - [2024-11-14T00:08:51.505+0000] {dag.py:3239} INFO - Sync 1 DAGs
[2024-11-14T00:08:51.515+0000] {logging_mixin.py:190} INFO - [2024-11-14T00:08:51.515+0000] {dag.py:4180} INFO - Setting next_dagrun for example_params_trigger_ui to None, run_after=None
[2024-11-14T00:08:51.525+0000] {processor.py:208} INFO - Processing /home/airflow/.local/lib/python3.12/site-packages/airflow/example_dags/example_params_trigger_ui.py took 0.066 seconds
[2024-11-14T00:09:21.673+0000] {processor.py:186} INFO - Started process (PID=928) to work on /home/airflow/.local/lib/python3.12/site-packages/airflow/example_dags/example_params_trigger_ui.py
[2024-11-14T00:09:21.675+0000] {processor.py:914} INFO - Processing file /home/airflow/.local/lib/python3.12/site-packages/airflow/example_dags/example_params_trigger_ui.py for tasks to queue
[2024-11-14T00:09:21.677+0000] {logging_mixin.py:190} INFO - [2024-11-14T00:09:21.676+0000] {dagbag.py:588} INFO - Filling up the DagBag from /home/airflow/.local/lib/python3.12/site-packages/airflow/example_dags/example_params_trigger_ui.py
[2024-11-14T00:09:21.684+0000] {processor.py:925} INFO - DAG(s) 'example_params_trigger_ui' retrieved from /home/airflow/.local/lib/python3.12/site-packages/airflow/example_dags/example_params_trigger_ui.py
[2024-11-14T00:09:21.707+0000] {logging_mixin.py:190} INFO - [2024-11-14T00:09:21.706+0000] {dag.py:3239} INFO - Sync 1 DAGs
[2024-11-14T00:09:21.714+0000] {logging_mixin.py:190} INFO - [2024-11-14T00:09:21.714+0000] {dag.py:4180} INFO - Setting next_dagrun for example_params_trigger_ui to None, run_after=None
[2024-11-14T00:09:21.727+0000] {processor.py:208} INFO - Processing /home/airflow/.local/lib/python3.12/site-packages/airflow/example_dags/example_params_trigger_ui.py took 0.058 seconds
