[2024-11-14T00:02:18.416+0000] {processor.py:186} INFO - Started process (PID=59) to work on /home/airflow/.local/lib/python3.12/site-packages/airflow/example_dags/example_bash_decorator.py
[2024-11-14T00:02:18.418+0000] {processor.py:914} INFO - Processing file /home/airflow/.local/lib/python3.12/site-packages/airflow/example_dags/example_bash_decorator.py for tasks to queue
[2024-11-14T00:02:18.419+0000] {logging_mixin.py:190} INFO - [2024-11-14T00:02:18.419+0000] {dagbag.py:588} INFO - Filling up the DagBag from /home/airflow/.local/lib/python3.12/site-packages/airflow/example_dags/example_bash_decorator.py
[2024-11-14T00:02:18.428+0000] {processor.py:925} INFO - DAG(s) 'example_bash_decorator' retrieved from /home/airflow/.local/lib/python3.12/site-packages/airflow/example_dags/example_bash_decorator.py
[2024-11-14T00:02:18.474+0000] {logging_mixin.py:190} INFO - [2024-11-14T00:02:18.474+0000] {override.py:1911} INFO - Created Permission View: can delete on DAG:example_bash_decorator
[2024-11-14T00:02:18.479+0000] {logging_mixin.py:190} INFO - [2024-11-14T00:02:18.479+0000] {override.py:1911} INFO - Created Permission View: can read on DAG:example_bash_decorator
[2024-11-14T00:02:18.481+0000] {logging_mixin.py:190} INFO - [2024-11-14T00:02:18.481+0000] {override.py:1911} INFO - Created Permission View: can edit on DAG:example_bash_decorator
[2024-11-14T00:02:18.484+0000] {logging_mixin.py:190} INFO - [2024-11-14T00:02:18.484+0000] {override.py:1911} INFO - Created Permission View: can create on DAG Run:example_bash_decorator
[2024-11-14T00:02:18.487+0000] {logging_mixin.py:190} INFO - [2024-11-14T00:02:18.487+0000] {override.py:1911} INFO - Created Permission View: can delete on DAG Run:example_bash_decorator
[2024-11-14T00:02:18.489+0000] {logging_mixin.py:190} INFO - [2024-11-14T00:02:18.489+0000] {override.py:1911} INFO - Created Permission View: menu access on DAG Run:example_bash_decorator
[2024-11-14T00:02:18.494+0000] {logging_mixin.py:190} INFO - [2024-11-14T00:02:18.494+0000] {override.py:1911} INFO - Created Permission View: can read on DAG Run:example_bash_decorator
[2024-11-14T00:02:18.494+0000] {logging_mixin.py:190} INFO - [2024-11-14T00:02:18.494+0000] {dag.py:3239} INFO - Sync 1 DAGs
[2024-11-14T00:02:18.499+0000] {logging_mixin.py:190} INFO - [2024-11-14T00:02:18.499+0000] {dag.py:3262} INFO - Creating ORM DAG for example_bash_decorator
[2024-11-14T00:02:18.499+0000] {logging_mixin.py:190} INFO - [2024-11-14T00:02:18.499+0000] {dag.py:4180} INFO - Setting next_dagrun for example_bash_decorator to None, run_after=None
[2024-11-14T00:02:18.507+0000] {processor.py:208} INFO - Processing /home/airflow/.local/lib/python3.12/site-packages/airflow/example_dags/example_bash_decorator.py took 0.093 seconds
[2024-11-14T00:02:49.059+0000] {processor.py:186} INFO - Started process (PID=121) to work on /home/airflow/.local/lib/python3.12/site-packages/airflow/example_dags/example_bash_decorator.py
[2024-11-14T00:02:49.061+0000] {processor.py:914} INFO - Processing file /home/airflow/.local/lib/python3.12/site-packages/airflow/example_dags/example_bash_decorator.py for tasks to queue
[2024-11-14T00:02:49.063+0000] {logging_mixin.py:190} INFO - [2024-11-14T00:02:49.062+0000] {dagbag.py:588} INFO - Filling up the DagBag from /home/airflow/.local/lib/python3.12/site-packages/airflow/example_dags/example_bash_decorator.py
[2024-11-14T00:02:49.070+0000] {processor.py:925} INFO - DAG(s) 'example_bash_decorator' retrieved from /home/airflow/.local/lib/python3.12/site-packages/airflow/example_dags/example_bash_decorator.py
[2024-11-14T00:02:49.080+0000] {logging_mixin.py:190} INFO - [2024-11-14T00:02:49.080+0000] {dag.py:3239} INFO - Sync 1 DAGs
[2024-11-14T00:02:49.085+0000] {logging_mixin.py:190} INFO - [2024-11-14T00:02:49.085+0000] {dag.py:4180} INFO - Setting next_dagrun for example_bash_decorator to None, run_after=None
[2024-11-14T00:02:49.093+0000] {processor.py:208} INFO - Processing /home/airflow/.local/lib/python3.12/site-packages/airflow/example_dags/example_bash_decorator.py took 0.036 seconds
[2024-11-14T00:03:19.492+0000] {processor.py:186} INFO - Started process (PID=183) to work on /home/airflow/.local/lib/python3.12/site-packages/airflow/example_dags/example_bash_decorator.py
[2024-11-14T00:03:19.494+0000] {processor.py:914} INFO - Processing file /home/airflow/.local/lib/python3.12/site-packages/airflow/example_dags/example_bash_decorator.py for tasks to queue
[2024-11-14T00:03:19.495+0000] {logging_mixin.py:190} INFO - [2024-11-14T00:03:19.495+0000] {dagbag.py:588} INFO - Filling up the DagBag from /home/airflow/.local/lib/python3.12/site-packages/airflow/example_dags/example_bash_decorator.py
[2024-11-14T00:03:19.502+0000] {processor.py:925} INFO - DAG(s) 'example_bash_decorator' retrieved from /home/airflow/.local/lib/python3.12/site-packages/airflow/example_dags/example_bash_decorator.py
[2024-11-14T00:03:19.511+0000] {logging_mixin.py:190} INFO - [2024-11-14T00:03:19.511+0000] {dag.py:3239} INFO - Sync 1 DAGs
[2024-11-14T00:03:19.518+0000] {logging_mixin.py:190} INFO - [2024-11-14T00:03:19.518+0000] {dag.py:4180} INFO - Setting next_dagrun for example_bash_decorator to None, run_after=None
[2024-11-14T00:03:19.527+0000] {processor.py:208} INFO - Processing /home/airflow/.local/lib/python3.12/site-packages/airflow/example_dags/example_bash_decorator.py took 0.037 seconds
[2024-11-14T00:03:49.927+0000] {processor.py:186} INFO - Started process (PID=245) to work on /home/airflow/.local/lib/python3.12/site-packages/airflow/example_dags/example_bash_decorator.py
[2024-11-14T00:03:49.929+0000] {processor.py:914} INFO - Processing file /home/airflow/.local/lib/python3.12/site-packages/airflow/example_dags/example_bash_decorator.py for tasks to queue
[2024-11-14T00:03:49.930+0000] {logging_mixin.py:190} INFO - [2024-11-14T00:03:49.930+0000] {dagbag.py:588} INFO - Filling up the DagBag from /home/airflow/.local/lib/python3.12/site-packages/airflow/example_dags/example_bash_decorator.py
[2024-11-14T00:03:49.936+0000] {processor.py:925} INFO - DAG(s) 'example_bash_decorator' retrieved from /home/airflow/.local/lib/python3.12/site-packages/airflow/example_dags/example_bash_decorator.py
[2024-11-14T00:03:49.946+0000] {logging_mixin.py:190} INFO - [2024-11-14T00:03:49.946+0000] {dag.py:3239} INFO - Sync 1 DAGs
[2024-11-14T00:03:49.952+0000] {logging_mixin.py:190} INFO - [2024-11-14T00:03:49.952+0000] {dag.py:4180} INFO - Setting next_dagrun for example_bash_decorator to None, run_after=None
[2024-11-14T00:03:49.958+0000] {processor.py:208} INFO - Processing /home/airflow/.local/lib/python3.12/site-packages/airflow/example_dags/example_bash_decorator.py took 0.033 seconds
[2024-11-14T00:04:21.282+0000] {processor.py:186} INFO - Started process (PID=314) to work on /home/airflow/.local/lib/python3.12/site-packages/airflow/example_dags/example_bash_decorator.py
[2024-11-14T00:04:21.283+0000] {processor.py:914} INFO - Processing file /home/airflow/.local/lib/python3.12/site-packages/airflow/example_dags/example_bash_decorator.py for tasks to queue
[2024-11-14T00:04:21.284+0000] {logging_mixin.py:190} INFO - [2024-11-14T00:04:21.284+0000] {dagbag.py:588} INFO - Filling up the DagBag from /home/airflow/.local/lib/python3.12/site-packages/airflow/example_dags/example_bash_decorator.py
[2024-11-14T00:04:21.290+0000] {processor.py:925} INFO - DAG(s) 'example_bash_decorator' retrieved from /home/airflow/.local/lib/python3.12/site-packages/airflow/example_dags/example_bash_decorator.py
[2024-11-14T00:04:21.300+0000] {logging_mixin.py:190} INFO - [2024-11-14T00:04:21.300+0000] {dag.py:3239} INFO - Sync 1 DAGs
[2024-11-14T00:04:21.306+0000] {logging_mixin.py:190} INFO - [2024-11-14T00:04:21.305+0000] {dag.py:4180} INFO - Setting next_dagrun for example_bash_decorator to None, run_after=None
[2024-11-14T00:04:21.313+0000] {processor.py:208} INFO - Processing /home/airflow/.local/lib/python3.12/site-packages/airflow/example_dags/example_bash_decorator.py took 0.034 seconds
[2024-11-14T00:04:52.570+0000] {processor.py:186} INFO - Started process (PID=377) to work on /home/airflow/.local/lib/python3.12/site-packages/airflow/example_dags/example_bash_decorator.py
[2024-11-14T00:04:52.571+0000] {processor.py:914} INFO - Processing file /home/airflow/.local/lib/python3.12/site-packages/airflow/example_dags/example_bash_decorator.py for tasks to queue
[2024-11-14T00:04:52.572+0000] {logging_mixin.py:190} INFO - [2024-11-14T00:04:52.571+0000] {dagbag.py:588} INFO - Filling up the DagBag from /home/airflow/.local/lib/python3.12/site-packages/airflow/example_dags/example_bash_decorator.py
[2024-11-14T00:04:52.578+0000] {processor.py:925} INFO - DAG(s) 'example_bash_decorator' retrieved from /home/airflow/.local/lib/python3.12/site-packages/airflow/example_dags/example_bash_decorator.py
[2024-11-14T00:04:52.590+0000] {logging_mixin.py:190} INFO - [2024-11-14T00:04:52.589+0000] {dag.py:3239} INFO - Sync 1 DAGs
[2024-11-14T00:04:52.594+0000] {logging_mixin.py:190} INFO - [2024-11-14T00:04:52.594+0000] {dag.py:4180} INFO - Setting next_dagrun for example_bash_decorator to None, run_after=None
[2024-11-14T00:04:52.604+0000] {processor.py:208} INFO - Processing /home/airflow/.local/lib/python3.12/site-packages/airflow/example_dags/example_bash_decorator.py took 0.036 seconds
[2024-11-14T00:05:23.848+0000] {processor.py:186} INFO - Started process (PID=440) to work on /home/airflow/.local/lib/python3.12/site-packages/airflow/example_dags/example_bash_decorator.py
[2024-11-14T00:05:23.851+0000] {processor.py:914} INFO - Processing file /home/airflow/.local/lib/python3.12/site-packages/airflow/example_dags/example_bash_decorator.py for tasks to queue
[2024-11-14T00:05:23.852+0000] {logging_mixin.py:190} INFO - [2024-11-14T00:05:23.852+0000] {dagbag.py:588} INFO - Filling up the DagBag from /home/airflow/.local/lib/python3.12/site-packages/airflow/example_dags/example_bash_decorator.py
[2024-11-14T00:05:23.859+0000] {processor.py:925} INFO - DAG(s) 'example_bash_decorator' retrieved from /home/airflow/.local/lib/python3.12/site-packages/airflow/example_dags/example_bash_decorator.py
[2024-11-14T00:05:23.868+0000] {logging_mixin.py:190} INFO - [2024-11-14T00:05:23.868+0000] {dag.py:3239} INFO - Sync 1 DAGs
[2024-11-14T00:05:23.873+0000] {logging_mixin.py:190} INFO - [2024-11-14T00:05:23.873+0000] {dag.py:4180} INFO - Setting next_dagrun for example_bash_decorator to None, run_after=None
[2024-11-14T00:05:23.881+0000] {processor.py:208} INFO - Processing /home/airflow/.local/lib/python3.12/site-packages/airflow/example_dags/example_bash_decorator.py took 0.035 seconds
[2024-11-14T00:05:55.331+0000] {processor.py:186} INFO - Started process (PID=503) to work on /home/airflow/.local/lib/python3.12/site-packages/airflow/example_dags/example_bash_decorator.py
[2024-11-14T00:05:55.331+0000] {processor.py:914} INFO - Processing file /home/airflow/.local/lib/python3.12/site-packages/airflow/example_dags/example_bash_decorator.py for tasks to queue
[2024-11-14T00:05:55.335+0000] {logging_mixin.py:190} INFO - [2024-11-14T00:05:55.334+0000] {dagbag.py:588} INFO - Filling up the DagBag from /home/airflow/.local/lib/python3.12/site-packages/airflow/example_dags/example_bash_decorator.py
[2024-11-14T00:05:55.343+0000] {processor.py:925} INFO - DAG(s) 'example_bash_decorator' retrieved from /home/airflow/.local/lib/python3.12/site-packages/airflow/example_dags/example_bash_decorator.py
[2024-11-14T00:05:55.357+0000] {logging_mixin.py:190} INFO - [2024-11-14T00:05:55.357+0000] {dag.py:3239} INFO - Sync 1 DAGs
[2024-11-14T00:05:55.365+0000] {logging_mixin.py:190} INFO - [2024-11-14T00:05:55.365+0000] {dag.py:4180} INFO - Setting next_dagrun for example_bash_decorator to None, run_after=None
[2024-11-14T00:05:55.377+0000] {processor.py:208} INFO - Processing /home/airflow/.local/lib/python3.12/site-packages/airflow/example_dags/example_bash_decorator.py took 0.052 seconds
[2024-11-14T00:06:25.665+0000] {processor.py:186} INFO - Started process (PID=566) to work on /home/airflow/.local/lib/python3.12/site-packages/airflow/example_dags/example_bash_decorator.py
[2024-11-14T00:06:25.666+0000] {processor.py:914} INFO - Processing file /home/airflow/.local/lib/python3.12/site-packages/airflow/example_dags/example_bash_decorator.py for tasks to queue
[2024-11-14T00:06:25.667+0000] {logging_mixin.py:190} INFO - [2024-11-14T00:06:25.667+0000] {dagbag.py:588} INFO - Filling up the DagBag from /home/airflow/.local/lib/python3.12/site-packages/airflow/example_dags/example_bash_decorator.py
[2024-11-14T00:06:25.674+0000] {processor.py:925} INFO - DAG(s) 'example_bash_decorator' retrieved from /home/airflow/.local/lib/python3.12/site-packages/airflow/example_dags/example_bash_decorator.py
[2024-11-14T00:06:25.683+0000] {logging_mixin.py:190} INFO - [2024-11-14T00:06:25.683+0000] {dag.py:3239} INFO - Sync 1 DAGs
[2024-11-14T00:06:25.689+0000] {logging_mixin.py:190} INFO - [2024-11-14T00:06:25.689+0000] {dag.py:4180} INFO - Setting next_dagrun for example_bash_decorator to None, run_after=None
[2024-11-14T00:06:25.697+0000] {processor.py:208} INFO - Processing /home/airflow/.local/lib/python3.12/site-packages/airflow/example_dags/example_bash_decorator.py took 0.034 seconds
[2024-11-14T00:06:56.886+0000] {processor.py:186} INFO - Started process (PID=628) to work on /home/airflow/.local/lib/python3.12/site-packages/airflow/example_dags/example_bash_decorator.py
[2024-11-14T00:06:56.887+0000] {processor.py:914} INFO - Processing file /home/airflow/.local/lib/python3.12/site-packages/airflow/example_dags/example_bash_decorator.py for tasks to queue
[2024-11-14T00:06:56.889+0000] {logging_mixin.py:190} INFO - [2024-11-14T00:06:56.889+0000] {dagbag.py:588} INFO - Filling up the DagBag from /home/airflow/.local/lib/python3.12/site-packages/airflow/example_dags/example_bash_decorator.py
[2024-11-14T00:06:56.895+0000] {processor.py:925} INFO - DAG(s) 'example_bash_decorator' retrieved from /home/airflow/.local/lib/python3.12/site-packages/airflow/example_dags/example_bash_decorator.py
[2024-11-14T00:06:56.907+0000] {logging_mixin.py:190} INFO - [2024-11-14T00:06:56.907+0000] {dag.py:3239} INFO - Sync 1 DAGs
[2024-11-14T00:06:56.912+0000] {logging_mixin.py:190} INFO - [2024-11-14T00:06:56.912+0000] {dag.py:4180} INFO - Setting next_dagrun for example_bash_decorator to None, run_after=None
[2024-11-14T00:06:56.918+0000] {processor.py:208} INFO - Processing /home/airflow/.local/lib/python3.12/site-packages/airflow/example_dags/example_bash_decorator.py took 0.035 seconds
[2024-11-14T00:07:28.127+0000] {processor.py:186} INFO - Started process (PID=691) to work on /home/airflow/.local/lib/python3.12/site-packages/airflow/example_dags/example_bash_decorator.py
[2024-11-14T00:07:28.127+0000] {processor.py:914} INFO - Processing file /home/airflow/.local/lib/python3.12/site-packages/airflow/example_dags/example_bash_decorator.py for tasks to queue
[2024-11-14T00:07:28.128+0000] {logging_mixin.py:190} INFO - [2024-11-14T00:07:28.128+0000] {dagbag.py:588} INFO - Filling up the DagBag from /home/airflow/.local/lib/python3.12/site-packages/airflow/example_dags/example_bash_decorator.py
[2024-11-14T00:07:28.135+0000] {processor.py:925} INFO - DAG(s) 'example_bash_decorator' retrieved from /home/airflow/.local/lib/python3.12/site-packages/airflow/example_dags/example_bash_decorator.py
[2024-11-14T00:07:28.144+0000] {logging_mixin.py:190} INFO - [2024-11-14T00:07:28.144+0000] {dag.py:3239} INFO - Sync 1 DAGs
[2024-11-14T00:07:28.150+0000] {logging_mixin.py:190} INFO - [2024-11-14T00:07:28.150+0000] {dag.py:4180} INFO - Setting next_dagrun for example_bash_decorator to None, run_after=None
[2024-11-14T00:07:28.158+0000] {processor.py:208} INFO - Processing /home/airflow/.local/lib/python3.12/site-packages/airflow/example_dags/example_bash_decorator.py took 0.034 seconds
[2024-11-14T00:07:58.656+0000] {processor.py:186} INFO - Started process (PID=754) to work on /home/airflow/.local/lib/python3.12/site-packages/airflow/example_dags/example_bash_decorator.py
[2024-11-14T00:07:58.658+0000] {processor.py:914} INFO - Processing file /home/airflow/.local/lib/python3.12/site-packages/airflow/example_dags/example_bash_decorator.py for tasks to queue
[2024-11-14T00:07:58.659+0000] {logging_mixin.py:190} INFO - [2024-11-14T00:07:58.659+0000] {dagbag.py:588} INFO - Filling up the DagBag from /home/airflow/.local/lib/python3.12/site-packages/airflow/example_dags/example_bash_decorator.py
[2024-11-14T00:07:58.666+0000] {processor.py:925} INFO - DAG(s) 'example_bash_decorator' retrieved from /home/airflow/.local/lib/python3.12/site-packages/airflow/example_dags/example_bash_decorator.py
[2024-11-14T00:07:58.675+0000] {logging_mixin.py:190} INFO - [2024-11-14T00:07:58.675+0000] {dag.py:3239} INFO - Sync 1 DAGs
[2024-11-14T00:07:58.680+0000] {logging_mixin.py:190} INFO - [2024-11-14T00:07:58.680+0000] {dag.py:4180} INFO - Setting next_dagrun for example_bash_decorator to None, run_after=None
[2024-11-14T00:07:58.689+0000] {processor.py:208} INFO - Processing /home/airflow/.local/lib/python3.12/site-packages/airflow/example_dags/example_bash_decorator.py took 0.036 seconds
[2024-11-14T00:08:29.942+0000] {processor.py:186} INFO - Started process (PID=817) to work on /home/airflow/.local/lib/python3.12/site-packages/airflow/example_dags/example_bash_decorator.py
[2024-11-14T00:08:29.943+0000] {processor.py:914} INFO - Processing file /home/airflow/.local/lib/python3.12/site-packages/airflow/example_dags/example_bash_decorator.py for tasks to queue
[2024-11-14T00:08:29.944+0000] {logging_mixin.py:190} INFO - [2024-11-14T00:08:29.944+0000] {dagbag.py:588} INFO - Filling up the DagBag from /home/airflow/.local/lib/python3.12/site-packages/airflow/example_dags/example_bash_decorator.py
[2024-11-14T00:08:29.953+0000] {processor.py:925} INFO - DAG(s) 'example_bash_decorator' retrieved from /home/airflow/.local/lib/python3.12/site-packages/airflow/example_dags/example_bash_decorator.py
[2024-11-14T00:08:29.964+0000] {logging_mixin.py:190} INFO - [2024-11-14T00:08:29.964+0000] {dag.py:3239} INFO - Sync 1 DAGs
[2024-11-14T00:08:29.969+0000] {logging_mixin.py:190} INFO - [2024-11-14T00:08:29.969+0000] {dag.py:4180} INFO - Setting next_dagrun for example_bash_decorator to None, run_after=None
[2024-11-14T00:08:29.977+0000] {processor.py:208} INFO - Processing /home/airflow/.local/lib/python3.12/site-packages/airflow/example_dags/example_bash_decorator.py took 0.037 seconds
[2024-11-14T00:09:01.273+0000] {processor.py:186} INFO - Started process (PID=880) to work on /home/airflow/.local/lib/python3.12/site-packages/airflow/example_dags/example_bash_decorator.py
[2024-11-14T00:09:01.275+0000] {processor.py:914} INFO - Processing file /home/airflow/.local/lib/python3.12/site-packages/airflow/example_dags/example_bash_decorator.py for tasks to queue
[2024-11-14T00:09:01.276+0000] {logging_mixin.py:190} INFO - [2024-11-14T00:09:01.276+0000] {dagbag.py:588} INFO - Filling up the DagBag from /home/airflow/.local/lib/python3.12/site-packages/airflow/example_dags/example_bash_decorator.py
[2024-11-14T00:09:01.282+0000] {processor.py:925} INFO - DAG(s) 'example_bash_decorator' retrieved from /home/airflow/.local/lib/python3.12/site-packages/airflow/example_dags/example_bash_decorator.py
[2024-11-14T00:09:01.292+0000] {logging_mixin.py:190} INFO - [2024-11-14T00:09:01.292+0000] {dag.py:3239} INFO - Sync 1 DAGs
[2024-11-14T00:09:01.298+0000] {logging_mixin.py:190} INFO - [2024-11-14T00:09:01.298+0000] {dag.py:4180} INFO - Setting next_dagrun for example_bash_decorator to None, run_after=None
[2024-11-14T00:09:01.307+0000] {processor.py:208} INFO - Processing /home/airflow/.local/lib/python3.12/site-packages/airflow/example_dags/example_bash_decorator.py took 0.036 seconds
[2024-11-14T00:09:32.445+0000] {processor.py:186} INFO - Started process (PID=943) to work on /home/airflow/.local/lib/python3.12/site-packages/airflow/example_dags/example_bash_decorator.py
[2024-11-14T00:09:32.447+0000] {processor.py:914} INFO - Processing file /home/airflow/.local/lib/python3.12/site-packages/airflow/example_dags/example_bash_decorator.py for tasks to queue
[2024-11-14T00:09:32.448+0000] {logging_mixin.py:190} INFO - [2024-11-14T00:09:32.447+0000] {dagbag.py:588} INFO - Filling up the DagBag from /home/airflow/.local/lib/python3.12/site-packages/airflow/example_dags/example_bash_decorator.py
[2024-11-14T00:09:32.455+0000] {processor.py:925} INFO - DAG(s) 'example_bash_decorator' retrieved from /home/airflow/.local/lib/python3.12/site-packages/airflow/example_dags/example_bash_decorator.py
[2024-11-14T00:09:32.465+0000] {logging_mixin.py:190} INFO - [2024-11-14T00:09:32.465+0000] {dag.py:3239} INFO - Sync 1 DAGs
[2024-11-14T00:09:32.472+0000] {logging_mixin.py:190} INFO - [2024-11-14T00:09:32.472+0000] {dag.py:4180} INFO - Setting next_dagrun for example_bash_decorator to None, run_after=None
[2024-11-14T00:09:32.480+0000] {processor.py:208} INFO - Processing /home/airflow/.local/lib/python3.12/site-packages/airflow/example_dags/example_bash_decorator.py took 0.037 seconds
