[2024-11-14T00:02:19.511+0000] {processor.py:186} INFO - Started process (PID=76) to work on /home/airflow/.local/lib/python3.12/site-packages/airflow/example_dags/example_dataset_alias.py
[2024-11-14T00:02:19.512+0000] {processor.py:914} INFO - Processing file /home/airflow/.local/lib/python3.12/site-packages/airflow/example_dags/example_dataset_alias.py for tasks to queue
[2024-11-14T00:02:19.513+0000] {logging_mixin.py:190} INFO - [2024-11-14T00:02:19.513+0000] {dagbag.py:588} INFO - Filling up the DagBag from /home/airflow/.local/lib/python3.12/site-packages/airflow/example_dags/example_dataset_alias.py
[2024-11-14T00:02:19.761+0000] {processor.py:925} INFO - DAG(s) 'dataset_s3_bucket_producer', 'dataset_s3_bucket_consumer', 'dataset_alias_example_alias_consumer', 'dataset_alias_example_alias_producer' retrieved from /home/airflow/.local/lib/python3.12/site-packages/airflow/example_dags/example_dataset_alias.py
[2024-11-14T00:02:19.797+0000] {logging_mixin.py:190} INFO - [2024-11-14T00:02:19.796+0000] {override.py:1911} INFO - Created Permission View: can delete on DAG:dataset_s3_bucket_producer
[2024-11-14T00:02:19.802+0000] {logging_mixin.py:190} INFO - [2024-11-14T00:02:19.802+0000] {override.py:1911} INFO - Created Permission View: can read on DAG:dataset_s3_bucket_producer
[2024-11-14T00:02:19.805+0000] {logging_mixin.py:190} INFO - [2024-11-14T00:02:19.805+0000] {override.py:1911} INFO - Created Permission View: can edit on DAG:dataset_s3_bucket_producer
[2024-11-14T00:02:19.808+0000] {logging_mixin.py:190} INFO - [2024-11-14T00:02:19.808+0000] {override.py:1911} INFO - Created Permission View: can create on DAG Run:dataset_s3_bucket_producer
[2024-11-14T00:02:19.810+0000] {logging_mixin.py:190} INFO - [2024-11-14T00:02:19.810+0000] {override.py:1911} INFO - Created Permission View: can delete on DAG Run:dataset_s3_bucket_producer
[2024-11-14T00:02:19.813+0000] {logging_mixin.py:190} INFO - [2024-11-14T00:02:19.813+0000] {override.py:1911} INFO - Created Permission View: menu access on DAG Run:dataset_s3_bucket_producer
[2024-11-14T00:02:19.815+0000] {logging_mixin.py:190} INFO - [2024-11-14T00:02:19.815+0000] {override.py:1911} INFO - Created Permission View: can read on DAG Run:dataset_s3_bucket_producer
[2024-11-14T00:02:19.821+0000] {logging_mixin.py:190} INFO - [2024-11-14T00:02:19.821+0000] {override.py:1911} INFO - Created Permission View: can delete on DAG:dataset_s3_bucket_consumer
[2024-11-14T00:02:19.825+0000] {logging_mixin.py:190} INFO - [2024-11-14T00:02:19.825+0000] {override.py:1911} INFO - Created Permission View: can read on DAG:dataset_s3_bucket_consumer
[2024-11-14T00:02:19.827+0000] {logging_mixin.py:190} INFO - [2024-11-14T00:02:19.827+0000] {override.py:1911} INFO - Created Permission View: can edit on DAG:dataset_s3_bucket_consumer
[2024-11-14T00:02:19.829+0000] {logging_mixin.py:190} INFO - [2024-11-14T00:02:19.829+0000] {override.py:1911} INFO - Created Permission View: can create on DAG Run:dataset_s3_bucket_consumer
[2024-11-14T00:02:19.831+0000] {logging_mixin.py:190} INFO - [2024-11-14T00:02:19.830+0000] {override.py:1911} INFO - Created Permission View: can delete on DAG Run:dataset_s3_bucket_consumer
[2024-11-14T00:02:19.833+0000] {logging_mixin.py:190} INFO - [2024-11-14T00:02:19.833+0000] {override.py:1911} INFO - Created Permission View: menu access on DAG Run:dataset_s3_bucket_consumer
[2024-11-14T00:02:19.835+0000] {logging_mixin.py:190} INFO - [2024-11-14T00:02:19.835+0000] {override.py:1911} INFO - Created Permission View: can read on DAG Run:dataset_s3_bucket_consumer
[2024-11-14T00:02:19.841+0000] {logging_mixin.py:190} INFO - [2024-11-14T00:02:19.841+0000] {override.py:1911} INFO - Created Permission View: can delete on DAG:dataset_alias_example_alias_consumer
[2024-11-14T00:02:19.844+0000] {logging_mixin.py:190} INFO - [2024-11-14T00:02:19.844+0000] {override.py:1911} INFO - Created Permission View: can read on DAG:dataset_alias_example_alias_consumer
[2024-11-14T00:02:19.847+0000] {logging_mixin.py:190} INFO - [2024-11-14T00:02:19.847+0000] {override.py:1911} INFO - Created Permission View: can edit on DAG:dataset_alias_example_alias_consumer
[2024-11-14T00:02:19.852+0000] {logging_mixin.py:190} INFO - [2024-11-14T00:02:19.852+0000] {override.py:1911} INFO - Created Permission View: can create on DAG Run:dataset_alias_example_alias_consumer
[2024-11-14T00:02:19.855+0000] {logging_mixin.py:190} INFO - [2024-11-14T00:02:19.855+0000] {override.py:1911} INFO - Created Permission View: can delete on DAG Run:dataset_alias_example_alias_consumer
[2024-11-14T00:02:19.858+0000] {logging_mixin.py:190} INFO - [2024-11-14T00:02:19.858+0000] {override.py:1911} INFO - Created Permission View: menu access on DAG Run:dataset_alias_example_alias_consumer
[2024-11-14T00:02:19.862+0000] {logging_mixin.py:190} INFO - [2024-11-14T00:02:19.862+0000] {override.py:1911} INFO - Created Permission View: can read on DAG Run:dataset_alias_example_alias_consumer
[2024-11-14T00:02:19.866+0000] {logging_mixin.py:190} INFO - [2024-11-14T00:02:19.866+0000] {override.py:1911} INFO - Created Permission View: can delete on DAG:dataset_alias_example_alias_producer
[2024-11-14T00:02:19.870+0000] {logging_mixin.py:190} INFO - [2024-11-14T00:02:19.870+0000] {override.py:1911} INFO - Created Permission View: can read on DAG:dataset_alias_example_alias_producer
[2024-11-14T00:02:19.873+0000] {logging_mixin.py:190} INFO - [2024-11-14T00:02:19.872+0000] {override.py:1911} INFO - Created Permission View: can edit on DAG:dataset_alias_example_alias_producer
[2024-11-14T00:02:19.877+0000] {logging_mixin.py:190} INFO - [2024-11-14T00:02:19.877+0000] {override.py:1911} INFO - Created Permission View: can create on DAG Run:dataset_alias_example_alias_producer
[2024-11-14T00:02:19.881+0000] {logging_mixin.py:190} INFO - [2024-11-14T00:02:19.881+0000] {override.py:1911} INFO - Created Permission View: can delete on DAG Run:dataset_alias_example_alias_producer
[2024-11-14T00:02:19.882+0000] {logging_mixin.py:190} INFO - [2024-11-14T00:02:19.882+0000] {override.py:1911} INFO - Created Permission View: menu access on DAG Run:dataset_alias_example_alias_producer
[2024-11-14T00:02:19.885+0000] {logging_mixin.py:190} INFO - [2024-11-14T00:02:19.885+0000] {override.py:1911} INFO - Created Permission View: can read on DAG Run:dataset_alias_example_alias_producer
[2024-11-14T00:02:19.885+0000] {logging_mixin.py:190} INFO - [2024-11-14T00:02:19.885+0000] {dag.py:3239} INFO - Sync 4 DAGs
[2024-11-14T00:02:19.890+0000] {logging_mixin.py:190} INFO - [2024-11-14T00:02:19.890+0000] {dag.py:3262} INFO - Creating ORM DAG for dataset_s3_bucket_consumer
[2024-11-14T00:02:19.890+0000] {logging_mixin.py:190} INFO - [2024-11-14T00:02:19.890+0000] {dag.py:3262} INFO - Creating ORM DAG for dataset_alias_example_alias_producer
[2024-11-14T00:02:19.891+0000] {logging_mixin.py:190} INFO - [2024-11-14T00:02:19.891+0000] {dag.py:3262} INFO - Creating ORM DAG for dataset_s3_bucket_producer
[2024-11-14T00:02:19.892+0000] {logging_mixin.py:190} INFO - [2024-11-14T00:02:19.891+0000] {dag.py:3262} INFO - Creating ORM DAG for dataset_alias_example_alias_consumer
[2024-11-14T00:02:19.896+0000] {logging_mixin.py:190} INFO - [2024-11-14T00:02:19.896+0000] {dag.py:4180} INFO - Setting next_dagrun for dataset_alias_example_alias_consumer to None, run_after=None
[2024-11-14T00:02:19.896+0000] {logging_mixin.py:190} INFO - [2024-11-14T00:02:19.896+0000] {dag.py:4180} INFO - Setting next_dagrun for dataset_alias_example_alias_producer to None, run_after=None
[2024-11-14T00:02:19.897+0000] {logging_mixin.py:190} INFO - [2024-11-14T00:02:19.897+0000] {dag.py:4180} INFO - Setting next_dagrun for dataset_s3_bucket_consumer to None, run_after=None
[2024-11-14T00:02:19.897+0000] {logging_mixin.py:190} INFO - [2024-11-14T00:02:19.897+0000] {dag.py:4180} INFO - Setting next_dagrun for dataset_s3_bucket_producer to None, run_after=None
[2024-11-14T00:02:19.910+0000] {processor.py:208} INFO - Processing /home/airflow/.local/lib/python3.12/site-packages/airflow/example_dags/example_dataset_alias.py took 0.401 seconds
[2024-11-14T00:02:50.493+0000] {processor.py:186} INFO - Started process (PID=138) to work on /home/airflow/.local/lib/python3.12/site-packages/airflow/example_dags/example_dataset_alias.py
[2024-11-14T00:02:50.494+0000] {processor.py:914} INFO - Processing file /home/airflow/.local/lib/python3.12/site-packages/airflow/example_dags/example_dataset_alias.py for tasks to queue
[2024-11-14T00:02:50.496+0000] {logging_mixin.py:190} INFO - [2024-11-14T00:02:50.495+0000] {dagbag.py:588} INFO - Filling up the DagBag from /home/airflow/.local/lib/python3.12/site-packages/airflow/example_dags/example_dataset_alias.py
[2024-11-14T00:02:50.805+0000] {processor.py:925} INFO - DAG(s) 'dataset_s3_bucket_consumer', 'dataset_alias_example_alias_producer', 'dataset_alias_example_alias_consumer', 'dataset_s3_bucket_producer' retrieved from /home/airflow/.local/lib/python3.12/site-packages/airflow/example_dags/example_dataset_alias.py
[2024-11-14T00:02:50.823+0000] {logging_mixin.py:190} INFO - [2024-11-14T00:02:50.823+0000] {dag.py:3239} INFO - Sync 4 DAGs
[2024-11-14T00:02:50.835+0000] {logging_mixin.py:190} INFO - [2024-11-14T00:02:50.835+0000] {dag.py:4180} INFO - Setting next_dagrun for dataset_alias_example_alias_consumer to None, run_after=None
[2024-11-14T00:02:50.837+0000] {logging_mixin.py:190} INFO - [2024-11-14T00:02:50.837+0000] {dag.py:4180} INFO - Setting next_dagrun for dataset_alias_example_alias_producer to None, run_after=None
[2024-11-14T00:02:50.838+0000] {logging_mixin.py:190} INFO - [2024-11-14T00:02:50.838+0000] {dag.py:4180} INFO - Setting next_dagrun for dataset_s3_bucket_consumer to None, run_after=None
[2024-11-14T00:02:50.838+0000] {logging_mixin.py:190} INFO - [2024-11-14T00:02:50.838+0000] {dag.py:4180} INFO - Setting next_dagrun for dataset_s3_bucket_producer to None, run_after=None
[2024-11-14T00:02:50.865+0000] {processor.py:208} INFO - Processing /home/airflow/.local/lib/python3.12/site-packages/airflow/example_dags/example_dataset_alias.py took 0.375 seconds
[2024-11-14T00:03:20.959+0000] {processor.py:186} INFO - Started process (PID=200) to work on /home/airflow/.local/lib/python3.12/site-packages/airflow/example_dags/example_dataset_alias.py
[2024-11-14T00:03:20.960+0000] {processor.py:914} INFO - Processing file /home/airflow/.local/lib/python3.12/site-packages/airflow/example_dags/example_dataset_alias.py for tasks to queue
[2024-11-14T00:03:20.962+0000] {logging_mixin.py:190} INFO - [2024-11-14T00:03:20.961+0000] {dagbag.py:588} INFO - Filling up the DagBag from /home/airflow/.local/lib/python3.12/site-packages/airflow/example_dags/example_dataset_alias.py
[2024-11-14T00:03:21.255+0000] {processor.py:925} INFO - DAG(s) 'dataset_s3_bucket_consumer', 'dataset_alias_example_alias_producer', 'dataset_alias_example_alias_consumer', 'dataset_s3_bucket_producer' retrieved from /home/airflow/.local/lib/python3.12/site-packages/airflow/example_dags/example_dataset_alias.py
[2024-11-14T00:03:21.262+0000] {logging_mixin.py:190} INFO - [2024-11-14T00:03:21.262+0000] {dag.py:3239} INFO - Sync 4 DAGs
[2024-11-14T00:03:21.271+0000] {logging_mixin.py:190} INFO - [2024-11-14T00:03:21.271+0000] {dag.py:4180} INFO - Setting next_dagrun for dataset_alias_example_alias_consumer to None, run_after=None
[2024-11-14T00:03:21.273+0000] {logging_mixin.py:190} INFO - [2024-11-14T00:03:21.273+0000] {dag.py:4180} INFO - Setting next_dagrun for dataset_alias_example_alias_producer to None, run_after=None
[2024-11-14T00:03:21.274+0000] {logging_mixin.py:190} INFO - [2024-11-14T00:03:21.274+0000] {dag.py:4180} INFO - Setting next_dagrun for dataset_s3_bucket_consumer to None, run_after=None
[2024-11-14T00:03:21.275+0000] {logging_mixin.py:190} INFO - [2024-11-14T00:03:21.275+0000] {dag.py:4180} INFO - Setting next_dagrun for dataset_s3_bucket_producer to None, run_after=None
[2024-11-14T00:03:21.283+0000] {processor.py:208} INFO - Processing /home/airflow/.local/lib/python3.12/site-packages/airflow/example_dags/example_dataset_alias.py took 0.328 seconds
[2024-11-14T00:03:51.339+0000] {processor.py:186} INFO - Started process (PID=268) to work on /home/airflow/.local/lib/python3.12/site-packages/airflow/example_dags/example_dataset_alias.py
[2024-11-14T00:03:51.339+0000] {processor.py:914} INFO - Processing file /home/airflow/.local/lib/python3.12/site-packages/airflow/example_dags/example_dataset_alias.py for tasks to queue
[2024-11-14T00:03:51.341+0000] {logging_mixin.py:190} INFO - [2024-11-14T00:03:51.341+0000] {dagbag.py:588} INFO - Filling up the DagBag from /home/airflow/.local/lib/python3.12/site-packages/airflow/example_dags/example_dataset_alias.py
[2024-11-14T00:03:51.632+0000] {processor.py:925} INFO - DAG(s) 'dataset_alias_example_alias_consumer', 'dataset_s3_bucket_producer', 'dataset_alias_example_alias_producer', 'dataset_s3_bucket_consumer' retrieved from /home/airflow/.local/lib/python3.12/site-packages/airflow/example_dags/example_dataset_alias.py
[2024-11-14T00:03:51.640+0000] {logging_mixin.py:190} INFO - [2024-11-14T00:03:51.640+0000] {dag.py:3239} INFO - Sync 4 DAGs
[2024-11-14T00:03:51.648+0000] {logging_mixin.py:190} INFO - [2024-11-14T00:03:51.648+0000] {dag.py:4180} INFO - Setting next_dagrun for dataset_alias_example_alias_consumer to None, run_after=None
[2024-11-14T00:03:51.650+0000] {logging_mixin.py:190} INFO - [2024-11-14T00:03:51.650+0000] {dag.py:4180} INFO - Setting next_dagrun for dataset_alias_example_alias_producer to None, run_after=None
[2024-11-14T00:03:51.651+0000] {logging_mixin.py:190} INFO - [2024-11-14T00:03:51.651+0000] {dag.py:4180} INFO - Setting next_dagrun for dataset_s3_bucket_consumer to None, run_after=None
[2024-11-14T00:03:51.652+0000] {logging_mixin.py:190} INFO - [2024-11-14T00:03:51.652+0000] {dag.py:4180} INFO - Setting next_dagrun for dataset_s3_bucket_producer to None, run_after=None
[2024-11-14T00:03:51.661+0000] {processor.py:208} INFO - Processing /home/airflow/.local/lib/python3.12/site-packages/airflow/example_dags/example_dataset_alias.py took 0.325 seconds
[2024-11-14T00:04:21.713+0000] {processor.py:186} INFO - Started process (PID=331) to work on /home/airflow/.local/lib/python3.12/site-packages/airflow/example_dags/example_dataset_alias.py
[2024-11-14T00:04:21.713+0000] {processor.py:914} INFO - Processing file /home/airflow/.local/lib/python3.12/site-packages/airflow/example_dags/example_dataset_alias.py for tasks to queue
[2024-11-14T00:04:21.714+0000] {logging_mixin.py:190} INFO - [2024-11-14T00:04:21.714+0000] {dagbag.py:588} INFO - Filling up the DagBag from /home/airflow/.local/lib/python3.12/site-packages/airflow/example_dags/example_dataset_alias.py
[2024-11-14T00:04:21.958+0000] {processor.py:925} INFO - DAG(s) 'dataset_s3_bucket_producer', 'dataset_alias_example_alias_producer', 'dataset_alias_example_alias_consumer', 'dataset_s3_bucket_consumer' retrieved from /home/airflow/.local/lib/python3.12/site-packages/airflow/example_dags/example_dataset_alias.py
[2024-11-14T00:04:21.966+0000] {logging_mixin.py:190} INFO - [2024-11-14T00:04:21.966+0000] {dag.py:3239} INFO - Sync 4 DAGs
[2024-11-14T00:04:21.975+0000] {logging_mixin.py:190} INFO - [2024-11-14T00:04:21.975+0000] {dag.py:4180} INFO - Setting next_dagrun for dataset_alias_example_alias_consumer to None, run_after=None
[2024-11-14T00:04:21.976+0000] {logging_mixin.py:190} INFO - [2024-11-14T00:04:21.976+0000] {dag.py:4180} INFO - Setting next_dagrun for dataset_alias_example_alias_producer to None, run_after=None
[2024-11-14T00:04:21.977+0000] {logging_mixin.py:190} INFO - [2024-11-14T00:04:21.977+0000] {dag.py:4180} INFO - Setting next_dagrun for dataset_s3_bucket_consumer to None, run_after=None
[2024-11-14T00:04:21.978+0000] {logging_mixin.py:190} INFO - [2024-11-14T00:04:21.978+0000] {dag.py:4180} INFO - Setting next_dagrun for dataset_s3_bucket_producer to None, run_after=None
[2024-11-14T00:04:21.987+0000] {processor.py:208} INFO - Processing /home/airflow/.local/lib/python3.12/site-packages/airflow/example_dags/example_dataset_alias.py took 0.276 seconds
[2024-11-14T00:04:53.065+0000] {processor.py:186} INFO - Started process (PID=395) to work on /home/airflow/.local/lib/python3.12/site-packages/airflow/example_dags/example_dataset_alias.py
[2024-11-14T00:04:53.065+0000] {processor.py:914} INFO - Processing file /home/airflow/.local/lib/python3.12/site-packages/airflow/example_dags/example_dataset_alias.py for tasks to queue
[2024-11-14T00:04:53.066+0000] {logging_mixin.py:190} INFO - [2024-11-14T00:04:53.066+0000] {dagbag.py:588} INFO - Filling up the DagBag from /home/airflow/.local/lib/python3.12/site-packages/airflow/example_dags/example_dataset_alias.py
[2024-11-14T00:04:53.303+0000] {processor.py:925} INFO - DAG(s) 'dataset_alias_example_alias_producer', 'dataset_s3_bucket_producer', 'dataset_alias_example_alias_consumer', 'dataset_s3_bucket_consumer' retrieved from /home/airflow/.local/lib/python3.12/site-packages/airflow/example_dags/example_dataset_alias.py
[2024-11-14T00:04:53.310+0000] {logging_mixin.py:190} INFO - [2024-11-14T00:04:53.310+0000] {dag.py:3239} INFO - Sync 4 DAGs
[2024-11-14T00:04:53.318+0000] {logging_mixin.py:190} INFO - [2024-11-14T00:04:53.318+0000] {dag.py:4180} INFO - Setting next_dagrun for dataset_alias_example_alias_consumer to None, run_after=None
[2024-11-14T00:04:53.319+0000] {logging_mixin.py:190} INFO - [2024-11-14T00:04:53.319+0000] {dag.py:4180} INFO - Setting next_dagrun for dataset_alias_example_alias_producer to None, run_after=None
[2024-11-14T00:04:53.320+0000] {logging_mixin.py:190} INFO - [2024-11-14T00:04:53.320+0000] {dag.py:4180} INFO - Setting next_dagrun for dataset_s3_bucket_consumer to None, run_after=None
[2024-11-14T00:04:53.320+0000] {logging_mixin.py:190} INFO - [2024-11-14T00:04:53.320+0000] {dag.py:4180} INFO - Setting next_dagrun for dataset_s3_bucket_producer to None, run_after=None
[2024-11-14T00:04:53.326+0000] {processor.py:208} INFO - Processing /home/airflow/.local/lib/python3.12/site-packages/airflow/example_dags/example_dataset_alias.py took 0.264 seconds
[2024-11-14T00:05:24.448+0000] {processor.py:186} INFO - Started process (PID=461) to work on /home/airflow/.local/lib/python3.12/site-packages/airflow/example_dags/example_dataset_alias.py
[2024-11-14T00:05:24.449+0000] {processor.py:914} INFO - Processing file /home/airflow/.local/lib/python3.12/site-packages/airflow/example_dags/example_dataset_alias.py for tasks to queue
[2024-11-14T00:05:24.450+0000] {logging_mixin.py:190} INFO - [2024-11-14T00:05:24.450+0000] {dagbag.py:588} INFO - Filling up the DagBag from /home/airflow/.local/lib/python3.12/site-packages/airflow/example_dags/example_dataset_alias.py
[2024-11-14T00:05:24.681+0000] {processor.py:925} INFO - DAG(s) 'dataset_s3_bucket_producer', 'dataset_alias_example_alias_consumer', 'dataset_alias_example_alias_producer', 'dataset_s3_bucket_consumer' retrieved from /home/airflow/.local/lib/python3.12/site-packages/airflow/example_dags/example_dataset_alias.py
[2024-11-14T00:05:24.688+0000] {logging_mixin.py:190} INFO - [2024-11-14T00:05:24.688+0000] {dag.py:3239} INFO - Sync 4 DAGs
[2024-11-14T00:05:24.698+0000] {logging_mixin.py:190} INFO - [2024-11-14T00:05:24.698+0000] {dag.py:4180} INFO - Setting next_dagrun for dataset_alias_example_alias_consumer to None, run_after=None
[2024-11-14T00:05:24.700+0000] {logging_mixin.py:190} INFO - [2024-11-14T00:05:24.700+0000] {dag.py:4180} INFO - Setting next_dagrun for dataset_alias_example_alias_producer to None, run_after=None
[2024-11-14T00:05:24.700+0000] {logging_mixin.py:190} INFO - [2024-11-14T00:05:24.700+0000] {dag.py:4180} INFO - Setting next_dagrun for dataset_s3_bucket_consumer to None, run_after=None
[2024-11-14T00:05:24.701+0000] {logging_mixin.py:190} INFO - [2024-11-14T00:05:24.701+0000] {dag.py:4180} INFO - Setting next_dagrun for dataset_s3_bucket_producer to None, run_after=None
[2024-11-14T00:05:24.710+0000] {processor.py:208} INFO - Processing /home/airflow/.local/lib/python3.12/site-packages/airflow/example_dags/example_dataset_alias.py took 0.264 seconds
[2024-11-14T00:05:55.956+0000] {processor.py:186} INFO - Started process (PID=524) to work on /home/airflow/.local/lib/python3.12/site-packages/airflow/example_dags/example_dataset_alias.py
[2024-11-14T00:05:55.957+0000] {processor.py:914} INFO - Processing file /home/airflow/.local/lib/python3.12/site-packages/airflow/example_dags/example_dataset_alias.py for tasks to queue
[2024-11-14T00:05:55.958+0000] {logging_mixin.py:190} INFO - [2024-11-14T00:05:55.957+0000] {dagbag.py:588} INFO - Filling up the DagBag from /home/airflow/.local/lib/python3.12/site-packages/airflow/example_dags/example_dataset_alias.py
[2024-11-14T00:05:56.174+0000] {processor.py:925} INFO - DAG(s) 'dataset_s3_bucket_producer', 'dataset_alias_example_alias_consumer', 'dataset_alias_example_alias_producer', 'dataset_s3_bucket_consumer' retrieved from /home/airflow/.local/lib/python3.12/site-packages/airflow/example_dags/example_dataset_alias.py
[2024-11-14T00:05:56.181+0000] {logging_mixin.py:190} INFO - [2024-11-14T00:05:56.180+0000] {dag.py:3239} INFO - Sync 4 DAGs
[2024-11-14T00:05:56.188+0000] {logging_mixin.py:190} INFO - [2024-11-14T00:05:56.188+0000] {dag.py:4180} INFO - Setting next_dagrun for dataset_alias_example_alias_consumer to None, run_after=None
[2024-11-14T00:05:56.189+0000] {logging_mixin.py:190} INFO - [2024-11-14T00:05:56.189+0000] {dag.py:4180} INFO - Setting next_dagrun for dataset_alias_example_alias_producer to None, run_after=None
[2024-11-14T00:05:56.189+0000] {logging_mixin.py:190} INFO - [2024-11-14T00:05:56.189+0000] {dag.py:4180} INFO - Setting next_dagrun for dataset_s3_bucket_consumer to None, run_after=None
[2024-11-14T00:05:56.190+0000] {logging_mixin.py:190} INFO - [2024-11-14T00:05:56.190+0000] {dag.py:4180} INFO - Setting next_dagrun for dataset_s3_bucket_producer to None, run_after=None
[2024-11-14T00:05:56.197+0000] {processor.py:208} INFO - Processing /home/airflow/.local/lib/python3.12/site-packages/airflow/example_dags/example_dataset_alias.py took 0.243 seconds
[2024-11-14T00:06:26.264+0000] {processor.py:186} INFO - Started process (PID=587) to work on /home/airflow/.local/lib/python3.12/site-packages/airflow/example_dags/example_dataset_alias.py
[2024-11-14T00:06:26.265+0000] {processor.py:914} INFO - Processing file /home/airflow/.local/lib/python3.12/site-packages/airflow/example_dags/example_dataset_alias.py for tasks to queue
[2024-11-14T00:06:26.266+0000] {logging_mixin.py:190} INFO - [2024-11-14T00:06:26.266+0000] {dagbag.py:588} INFO - Filling up the DagBag from /home/airflow/.local/lib/python3.12/site-packages/airflow/example_dags/example_dataset_alias.py
[2024-11-14T00:06:26.513+0000] {processor.py:925} INFO - DAG(s) 'dataset_s3_bucket_producer', 'dataset_alias_example_alias_producer', 'dataset_s3_bucket_consumer', 'dataset_alias_example_alias_consumer' retrieved from /home/airflow/.local/lib/python3.12/site-packages/airflow/example_dags/example_dataset_alias.py
[2024-11-14T00:06:26.520+0000] {logging_mixin.py:190} INFO - [2024-11-14T00:06:26.520+0000] {dag.py:3239} INFO - Sync 4 DAGs
[2024-11-14T00:06:26.529+0000] {logging_mixin.py:190} INFO - [2024-11-14T00:06:26.528+0000] {dag.py:4180} INFO - Setting next_dagrun for dataset_alias_example_alias_consumer to None, run_after=None
[2024-11-14T00:06:26.530+0000] {logging_mixin.py:190} INFO - [2024-11-14T00:06:26.530+0000] {dag.py:4180} INFO - Setting next_dagrun for dataset_alias_example_alias_producer to None, run_after=None
[2024-11-14T00:06:26.531+0000] {logging_mixin.py:190} INFO - [2024-11-14T00:06:26.531+0000] {dag.py:4180} INFO - Setting next_dagrun for dataset_s3_bucket_consumer to None, run_after=None
[2024-11-14T00:06:26.532+0000] {logging_mixin.py:190} INFO - [2024-11-14T00:06:26.532+0000] {dag.py:4180} INFO - Setting next_dagrun for dataset_s3_bucket_producer to None, run_after=None
[2024-11-14T00:06:26.540+0000] {processor.py:208} INFO - Processing /home/airflow/.local/lib/python3.12/site-packages/airflow/example_dags/example_dataset_alias.py took 0.278 seconds
[2024-11-14T00:06:57.501+0000] {processor.py:186} INFO - Started process (PID=650) to work on /home/airflow/.local/lib/python3.12/site-packages/airflow/example_dags/example_dataset_alias.py
[2024-11-14T00:06:57.502+0000] {processor.py:914} INFO - Processing file /home/airflow/.local/lib/python3.12/site-packages/airflow/example_dags/example_dataset_alias.py for tasks to queue
[2024-11-14T00:06:57.504+0000] {logging_mixin.py:190} INFO - [2024-11-14T00:06:57.504+0000] {dagbag.py:588} INFO - Filling up the DagBag from /home/airflow/.local/lib/python3.12/site-packages/airflow/example_dags/example_dataset_alias.py
[2024-11-14T00:06:57.743+0000] {processor.py:925} INFO - DAG(s) 'dataset_alias_example_alias_consumer', 'dataset_s3_bucket_consumer', 'dataset_s3_bucket_producer', 'dataset_alias_example_alias_producer' retrieved from /home/airflow/.local/lib/python3.12/site-packages/airflow/example_dags/example_dataset_alias.py
[2024-11-14T00:06:57.754+0000] {logging_mixin.py:190} INFO - [2024-11-14T00:06:57.754+0000] {dag.py:3239} INFO - Sync 4 DAGs
[2024-11-14T00:06:57.765+0000] {logging_mixin.py:190} INFO - [2024-11-14T00:06:57.765+0000] {dag.py:4180} INFO - Setting next_dagrun for dataset_alias_example_alias_consumer to None, run_after=None
[2024-11-14T00:06:57.766+0000] {logging_mixin.py:190} INFO - [2024-11-14T00:06:57.766+0000] {dag.py:4180} INFO - Setting next_dagrun for dataset_alias_example_alias_producer to None, run_after=None
[2024-11-14T00:06:57.767+0000] {logging_mixin.py:190} INFO - [2024-11-14T00:06:57.767+0000] {dag.py:4180} INFO - Setting next_dagrun for dataset_s3_bucket_consumer to None, run_after=None
[2024-11-14T00:06:57.768+0000] {logging_mixin.py:190} INFO - [2024-11-14T00:06:57.768+0000] {dag.py:4180} INFO - Setting next_dagrun for dataset_s3_bucket_producer to None, run_after=None
[2024-11-14T00:06:57.775+0000] {processor.py:208} INFO - Processing /home/airflow/.local/lib/python3.12/site-packages/airflow/example_dags/example_dataset_alias.py took 0.277 seconds
[2024-11-14T00:07:28.818+0000] {processor.py:186} INFO - Started process (PID=713) to work on /home/airflow/.local/lib/python3.12/site-packages/airflow/example_dags/example_dataset_alias.py
[2024-11-14T00:07:28.818+0000] {processor.py:914} INFO - Processing file /home/airflow/.local/lib/python3.12/site-packages/airflow/example_dags/example_dataset_alias.py for tasks to queue
[2024-11-14T00:07:28.819+0000] {logging_mixin.py:190} INFO - [2024-11-14T00:07:28.819+0000] {dagbag.py:588} INFO - Filling up the DagBag from /home/airflow/.local/lib/python3.12/site-packages/airflow/example_dags/example_dataset_alias.py
[2024-11-14T00:07:29.037+0000] {processor.py:925} INFO - DAG(s) 'dataset_s3_bucket_producer', 'dataset_alias_example_alias_producer', 'dataset_s3_bucket_consumer', 'dataset_alias_example_alias_consumer' retrieved from /home/airflow/.local/lib/python3.12/site-packages/airflow/example_dags/example_dataset_alias.py
[2024-11-14T00:07:29.045+0000] {logging_mixin.py:190} INFO - [2024-11-14T00:07:29.045+0000] {dag.py:3239} INFO - Sync 4 DAGs
[2024-11-14T00:07:29.053+0000] {logging_mixin.py:190} INFO - [2024-11-14T00:07:29.053+0000] {dag.py:4180} INFO - Setting next_dagrun for dataset_alias_example_alias_consumer to None, run_after=None
[2024-11-14T00:07:29.053+0000] {logging_mixin.py:190} INFO - [2024-11-14T00:07:29.053+0000] {dag.py:4180} INFO - Setting next_dagrun for dataset_alias_example_alias_producer to None, run_after=None
[2024-11-14T00:07:29.054+0000] {logging_mixin.py:190} INFO - [2024-11-14T00:07:29.054+0000] {dag.py:4180} INFO - Setting next_dagrun for dataset_s3_bucket_consumer to None, run_after=None
[2024-11-14T00:07:29.054+0000] {logging_mixin.py:190} INFO - [2024-11-14T00:07:29.054+0000] {dag.py:4180} INFO - Setting next_dagrun for dataset_s3_bucket_producer to None, run_after=None
[2024-11-14T00:07:29.060+0000] {processor.py:208} INFO - Processing /home/airflow/.local/lib/python3.12/site-packages/airflow/example_dags/example_dataset_alias.py took 0.245 seconds
[2024-11-14T00:07:59.274+0000] {processor.py:186} INFO - Started process (PID=776) to work on /home/airflow/.local/lib/python3.12/site-packages/airflow/example_dags/example_dataset_alias.py
[2024-11-14T00:07:59.274+0000] {processor.py:914} INFO - Processing file /home/airflow/.local/lib/python3.12/site-packages/airflow/example_dags/example_dataset_alias.py for tasks to queue
[2024-11-14T00:07:59.275+0000] {logging_mixin.py:190} INFO - [2024-11-14T00:07:59.275+0000] {dagbag.py:588} INFO - Filling up the DagBag from /home/airflow/.local/lib/python3.12/site-packages/airflow/example_dags/example_dataset_alias.py
[2024-11-14T00:07:59.512+0000] {processor.py:925} INFO - DAG(s) 'dataset_s3_bucket_producer', 'dataset_alias_example_alias_producer', 'dataset_s3_bucket_consumer', 'dataset_alias_example_alias_consumer' retrieved from /home/airflow/.local/lib/python3.12/site-packages/airflow/example_dags/example_dataset_alias.py
[2024-11-14T00:07:59.519+0000] {logging_mixin.py:190} INFO - [2024-11-14T00:07:59.519+0000] {dag.py:3239} INFO - Sync 4 DAGs
[2024-11-14T00:07:59.527+0000] {logging_mixin.py:190} INFO - [2024-11-14T00:07:59.527+0000] {dag.py:4180} INFO - Setting next_dagrun for dataset_alias_example_alias_consumer to None, run_after=None
[2024-11-14T00:07:59.528+0000] {logging_mixin.py:190} INFO - [2024-11-14T00:07:59.528+0000] {dag.py:4180} INFO - Setting next_dagrun for dataset_alias_example_alias_producer to None, run_after=None
[2024-11-14T00:07:59.528+0000] {logging_mixin.py:190} INFO - [2024-11-14T00:07:59.528+0000] {dag.py:4180} INFO - Setting next_dagrun for dataset_s3_bucket_consumer to None, run_after=None
[2024-11-14T00:07:59.529+0000] {logging_mixin.py:190} INFO - [2024-11-14T00:07:59.529+0000] {dag.py:4180} INFO - Setting next_dagrun for dataset_s3_bucket_producer to None, run_after=None
[2024-11-14T00:07:59.535+0000] {processor.py:208} INFO - Processing /home/airflow/.local/lib/python3.12/site-packages/airflow/example_dags/example_dataset_alias.py took 0.263 seconds
[2024-11-14T00:08:30.687+0000] {processor.py:186} INFO - Started process (PID=842) to work on /home/airflow/.local/lib/python3.12/site-packages/airflow/example_dags/example_dataset_alias.py
[2024-11-14T00:08:30.687+0000] {processor.py:914} INFO - Processing file /home/airflow/.local/lib/python3.12/site-packages/airflow/example_dags/example_dataset_alias.py for tasks to queue
[2024-11-14T00:08:30.688+0000] {logging_mixin.py:190} INFO - [2024-11-14T00:08:30.688+0000] {dagbag.py:588} INFO - Filling up the DagBag from /home/airflow/.local/lib/python3.12/site-packages/airflow/example_dags/example_dataset_alias.py
[2024-11-14T00:08:30.922+0000] {processor.py:925} INFO - DAG(s) 'dataset_s3_bucket_consumer', 'dataset_s3_bucket_producer', 'dataset_alias_example_alias_producer', 'dataset_alias_example_alias_consumer' retrieved from /home/airflow/.local/lib/python3.12/site-packages/airflow/example_dags/example_dataset_alias.py
[2024-11-14T00:08:30.931+0000] {logging_mixin.py:190} INFO - [2024-11-14T00:08:30.931+0000] {dag.py:3239} INFO - Sync 4 DAGs
[2024-11-14T00:08:30.940+0000] {logging_mixin.py:190} INFO - [2024-11-14T00:08:30.939+0000] {dag.py:4180} INFO - Setting next_dagrun for dataset_alias_example_alias_consumer to None, run_after=None
[2024-11-14T00:08:30.941+0000] {logging_mixin.py:190} INFO - [2024-11-14T00:08:30.941+0000] {dag.py:4180} INFO - Setting next_dagrun for dataset_alias_example_alias_producer to None, run_after=None
[2024-11-14T00:08:30.943+0000] {logging_mixin.py:190} INFO - [2024-11-14T00:08:30.943+0000] {dag.py:4180} INFO - Setting next_dagrun for dataset_s3_bucket_consumer to None, run_after=None
[2024-11-14T00:08:30.943+0000] {logging_mixin.py:190} INFO - [2024-11-14T00:08:30.943+0000] {dag.py:4180} INFO - Setting next_dagrun for dataset_s3_bucket_producer to None, run_after=None
[2024-11-14T00:08:30.952+0000] {processor.py:208} INFO - Processing /home/airflow/.local/lib/python3.12/site-packages/airflow/example_dags/example_dataset_alias.py took 0.267 seconds
[2024-11-14T00:09:01.948+0000] {processor.py:186} INFO - Started process (PID=905) to work on /home/airflow/.local/lib/python3.12/site-packages/airflow/example_dags/example_dataset_alias.py
[2024-11-14T00:09:01.949+0000] {processor.py:914} INFO - Processing file /home/airflow/.local/lib/python3.12/site-packages/airflow/example_dags/example_dataset_alias.py for tasks to queue
[2024-11-14T00:09:01.950+0000] {logging_mixin.py:190} INFO - [2024-11-14T00:09:01.950+0000] {dagbag.py:588} INFO - Filling up the DagBag from /home/airflow/.local/lib/python3.12/site-packages/airflow/example_dags/example_dataset_alias.py
[2024-11-14T00:09:02.186+0000] {processor.py:925} INFO - DAG(s) 'dataset_s3_bucket_producer', 'dataset_alias_example_alias_consumer', 'dataset_alias_example_alias_producer', 'dataset_s3_bucket_consumer' retrieved from /home/airflow/.local/lib/python3.12/site-packages/airflow/example_dags/example_dataset_alias.py
[2024-11-14T00:09:02.194+0000] {logging_mixin.py:190} INFO - [2024-11-14T00:09:02.194+0000] {dag.py:3239} INFO - Sync 4 DAGs
[2024-11-14T00:09:02.205+0000] {logging_mixin.py:190} INFO - [2024-11-14T00:09:02.205+0000] {dag.py:4180} INFO - Setting next_dagrun for dataset_alias_example_alias_consumer to None, run_after=None
[2024-11-14T00:09:02.207+0000] {logging_mixin.py:190} INFO - [2024-11-14T00:09:02.207+0000] {dag.py:4180} INFO - Setting next_dagrun for dataset_alias_example_alias_producer to None, run_after=None
[2024-11-14T00:09:02.208+0000] {logging_mixin.py:190} INFO - [2024-11-14T00:09:02.208+0000] {dag.py:4180} INFO - Setting next_dagrun for dataset_s3_bucket_consumer to None, run_after=None
[2024-11-14T00:09:02.208+0000] {logging_mixin.py:190} INFO - [2024-11-14T00:09:02.208+0000] {dag.py:4180} INFO - Setting next_dagrun for dataset_s3_bucket_producer to None, run_after=None
[2024-11-14T00:09:02.219+0000] {processor.py:208} INFO - Processing /home/airflow/.local/lib/python3.12/site-packages/airflow/example_dags/example_dataset_alias.py took 0.274 seconds
[2024-11-14T00:09:33.135+0000] {processor.py:186} INFO - Started process (PID=966) to work on /home/airflow/.local/lib/python3.12/site-packages/airflow/example_dags/example_dataset_alias.py
[2024-11-14T00:09:33.136+0000] {processor.py:914} INFO - Processing file /home/airflow/.local/lib/python3.12/site-packages/airflow/example_dags/example_dataset_alias.py for tasks to queue
[2024-11-14T00:09:33.136+0000] {logging_mixin.py:190} INFO - [2024-11-14T00:09:33.136+0000] {dagbag.py:588} INFO - Filling up the DagBag from /home/airflow/.local/lib/python3.12/site-packages/airflow/example_dags/example_dataset_alias.py
[2024-11-14T00:09:33.372+0000] {processor.py:925} INFO - DAG(s) 'dataset_alias_example_alias_producer', 'dataset_s3_bucket_producer', 'dataset_s3_bucket_consumer', 'dataset_alias_example_alias_consumer' retrieved from /home/airflow/.local/lib/python3.12/site-packages/airflow/example_dags/example_dataset_alias.py
[2024-11-14T00:09:33.380+0000] {logging_mixin.py:190} INFO - [2024-11-14T00:09:33.380+0000] {dag.py:3239} INFO - Sync 4 DAGs
[2024-11-14T00:09:33.388+0000] {logging_mixin.py:190} INFO - [2024-11-14T00:09:33.388+0000] {dag.py:4180} INFO - Setting next_dagrun for dataset_alias_example_alias_consumer to None, run_after=None
[2024-11-14T00:09:33.389+0000] {logging_mixin.py:190} INFO - [2024-11-14T00:09:33.389+0000] {dag.py:4180} INFO - Setting next_dagrun for dataset_alias_example_alias_producer to None, run_after=None
[2024-11-14T00:09:33.390+0000] {logging_mixin.py:190} INFO - [2024-11-14T00:09:33.390+0000] {dag.py:4180} INFO - Setting next_dagrun for dataset_s3_bucket_consumer to None, run_after=None
[2024-11-14T00:09:33.390+0000] {logging_mixin.py:190} INFO - [2024-11-14T00:09:33.390+0000] {dag.py:4180} INFO - Setting next_dagrun for dataset_s3_bucket_producer to None, run_after=None
[2024-11-14T00:09:33.399+0000] {processor.py:208} INFO - Processing /home/airflow/.local/lib/python3.12/site-packages/airflow/example_dags/example_dataset_alias.py took 0.267 seconds
[2024-11-14T00:12:56.932+0000] {processor.py:186} INFO - Started process (PID=76) to work on /home/airflow/.local/lib/python3.12/site-packages/airflow/example_dags/example_dataset_alias.py
[2024-11-14T00:12:56.933+0000] {processor.py:914} INFO - Processing file /home/airflow/.local/lib/python3.12/site-packages/airflow/example_dags/example_dataset_alias.py for tasks to queue
[2024-11-14T00:12:56.935+0000] {logging_mixin.py:190} INFO - [2024-11-14T00:12:56.934+0000] {dagbag.py:588} INFO - Filling up the DagBag from /home/airflow/.local/lib/python3.12/site-packages/airflow/example_dags/example_dataset_alias.py
[2024-11-14T00:12:57.214+0000] {processor.py:925} INFO - DAG(s) 'dataset_alias_example_alias_consumer', 'dataset_alias_example_alias_producer', 'dataset_s3_bucket_consumer', 'dataset_s3_bucket_producer' retrieved from /home/airflow/.local/lib/python3.12/site-packages/airflow/example_dags/example_dataset_alias.py
[2024-11-14T00:12:57.257+0000] {logging_mixin.py:190} INFO - [2024-11-14T00:12:57.257+0000] {override.py:1911} INFO - Created Permission View: can delete on DAG:dataset_alias_example_alias_consumer
[2024-11-14T00:12:57.262+0000] {logging_mixin.py:190} INFO - [2024-11-14T00:12:57.262+0000] {override.py:1911} INFO - Created Permission View: can read on DAG:dataset_alias_example_alias_consumer
[2024-11-14T00:12:57.266+0000] {logging_mixin.py:190} INFO - [2024-11-14T00:12:57.266+0000] {override.py:1911} INFO - Created Permission View: can edit on DAG:dataset_alias_example_alias_consumer
[2024-11-14T00:12:57.270+0000] {logging_mixin.py:190} INFO - [2024-11-14T00:12:57.270+0000] {override.py:1911} INFO - Created Permission View: can delete on DAG Run:dataset_alias_example_alias_consumer
[2024-11-14T00:12:57.272+0000] {logging_mixin.py:190} INFO - [2024-11-14T00:12:57.271+0000] {override.py:1911} INFO - Created Permission View: can read on DAG Run:dataset_alias_example_alias_consumer
[2024-11-14T00:12:57.274+0000] {logging_mixin.py:190} INFO - [2024-11-14T00:12:57.274+0000] {override.py:1911} INFO - Created Permission View: can create on DAG Run:dataset_alias_example_alias_consumer
[2024-11-14T00:12:57.276+0000] {logging_mixin.py:190} INFO - [2024-11-14T00:12:57.276+0000] {override.py:1911} INFO - Created Permission View: menu access on DAG Run:dataset_alias_example_alias_consumer
[2024-11-14T00:12:57.284+0000] {logging_mixin.py:190} INFO - [2024-11-14T00:12:57.283+0000] {override.py:1911} INFO - Created Permission View: can delete on DAG:dataset_alias_example_alias_producer
[2024-11-14T00:12:57.286+0000] {logging_mixin.py:190} INFO - [2024-11-14T00:12:57.286+0000] {override.py:1911} INFO - Created Permission View: can read on DAG:dataset_alias_example_alias_producer
[2024-11-14T00:12:57.290+0000] {logging_mixin.py:190} INFO - [2024-11-14T00:12:57.290+0000] {override.py:1911} INFO - Created Permission View: can edit on DAG:dataset_alias_example_alias_producer
[2024-11-14T00:12:57.293+0000] {logging_mixin.py:190} INFO - [2024-11-14T00:12:57.293+0000] {override.py:1911} INFO - Created Permission View: can delete on DAG Run:dataset_alias_example_alias_producer
[2024-11-14T00:12:57.295+0000] {logging_mixin.py:190} INFO - [2024-11-14T00:12:57.294+0000] {override.py:1911} INFO - Created Permission View: can read on DAG Run:dataset_alias_example_alias_producer
[2024-11-14T00:12:57.297+0000] {logging_mixin.py:190} INFO - [2024-11-14T00:12:57.297+0000] {override.py:1911} INFO - Created Permission View: can create on DAG Run:dataset_alias_example_alias_producer
[2024-11-14T00:12:57.300+0000] {logging_mixin.py:190} INFO - [2024-11-14T00:12:57.300+0000] {override.py:1911} INFO - Created Permission View: menu access on DAG Run:dataset_alias_example_alias_producer
[2024-11-14T00:12:57.305+0000] {logging_mixin.py:190} INFO - [2024-11-14T00:12:57.305+0000] {override.py:1911} INFO - Created Permission View: can delete on DAG:dataset_s3_bucket_consumer
[2024-11-14T00:12:57.307+0000] {logging_mixin.py:190} INFO - [2024-11-14T00:12:57.307+0000] {override.py:1911} INFO - Created Permission View: can read on DAG:dataset_s3_bucket_consumer
[2024-11-14T00:12:57.309+0000] {logging_mixin.py:190} INFO - [2024-11-14T00:12:57.309+0000] {override.py:1911} INFO - Created Permission View: can edit on DAG:dataset_s3_bucket_consumer
[2024-11-14T00:12:57.313+0000] {logging_mixin.py:190} INFO - [2024-11-14T00:12:57.313+0000] {override.py:1911} INFO - Created Permission View: can delete on DAG Run:dataset_s3_bucket_consumer
[2024-11-14T00:12:57.316+0000] {logging_mixin.py:190} INFO - [2024-11-14T00:12:57.316+0000] {override.py:1911} INFO - Created Permission View: can read on DAG Run:dataset_s3_bucket_consumer
[2024-11-14T00:12:57.321+0000] {logging_mixin.py:190} INFO - [2024-11-14T00:12:57.321+0000] {override.py:1911} INFO - Created Permission View: can create on DAG Run:dataset_s3_bucket_consumer
[2024-11-14T00:12:57.325+0000] {logging_mixin.py:190} INFO - [2024-11-14T00:12:57.325+0000] {override.py:1911} INFO - Created Permission View: menu access on DAG Run:dataset_s3_bucket_consumer
[2024-11-14T00:12:57.335+0000] {logging_mixin.py:190} INFO - [2024-11-14T00:12:57.335+0000] {override.py:1911} INFO - Created Permission View: can delete on DAG:dataset_s3_bucket_producer
[2024-11-14T00:12:57.337+0000] {logging_mixin.py:190} INFO - [2024-11-14T00:12:57.337+0000] {override.py:1911} INFO - Created Permission View: can read on DAG:dataset_s3_bucket_producer
[2024-11-14T00:12:57.338+0000] {logging_mixin.py:190} INFO - [2024-11-14T00:12:57.338+0000] {override.py:1911} INFO - Created Permission View: can edit on DAG:dataset_s3_bucket_producer
[2024-11-14T00:12:57.344+0000] {logging_mixin.py:190} INFO - [2024-11-14T00:12:57.343+0000] {override.py:1911} INFO - Created Permission View: can delete on DAG Run:dataset_s3_bucket_producer
[2024-11-14T00:12:57.346+0000] {logging_mixin.py:190} INFO - [2024-11-14T00:12:57.345+0000] {override.py:1911} INFO - Created Permission View: can read on DAG Run:dataset_s3_bucket_producer
[2024-11-14T00:12:57.351+0000] {logging_mixin.py:190} INFO - [2024-11-14T00:12:57.351+0000] {override.py:1911} INFO - Created Permission View: can create on DAG Run:dataset_s3_bucket_producer
[2024-11-14T00:12:57.353+0000] {logging_mixin.py:190} INFO - [2024-11-14T00:12:57.352+0000] {override.py:1911} INFO - Created Permission View: menu access on DAG Run:dataset_s3_bucket_producer
[2024-11-14T00:12:57.353+0000] {logging_mixin.py:190} INFO - [2024-11-14T00:12:57.353+0000] {dag.py:3239} INFO - Sync 4 DAGs
[2024-11-14T00:12:57.357+0000] {logging_mixin.py:190} INFO - [2024-11-14T00:12:57.357+0000] {dag.py:3262} INFO - Creating ORM DAG for dataset_s3_bucket_producer
[2024-11-14T00:12:57.357+0000] {logging_mixin.py:190} INFO - [2024-11-14T00:12:57.357+0000] {dag.py:3262} INFO - Creating ORM DAG for dataset_alias_example_alias_consumer
[2024-11-14T00:12:57.358+0000] {logging_mixin.py:190} INFO - [2024-11-14T00:12:57.358+0000] {dag.py:3262} INFO - Creating ORM DAG for dataset_alias_example_alias_producer
[2024-11-14T00:12:57.358+0000] {logging_mixin.py:190} INFO - [2024-11-14T00:12:57.358+0000] {dag.py:3262} INFO - Creating ORM DAG for dataset_s3_bucket_consumer
[2024-11-14T00:12:57.361+0000] {logging_mixin.py:190} INFO - [2024-11-14T00:12:57.361+0000] {dag.py:4180} INFO - Setting next_dagrun for dataset_alias_example_alias_consumer to None, run_after=None
[2024-11-14T00:12:57.361+0000] {logging_mixin.py:190} INFO - [2024-11-14T00:12:57.361+0000] {dag.py:4180} INFO - Setting next_dagrun for dataset_alias_example_alias_producer to None, run_after=None
[2024-11-14T00:12:57.362+0000] {logging_mixin.py:190} INFO - [2024-11-14T00:12:57.362+0000] {dag.py:4180} INFO - Setting next_dagrun for dataset_s3_bucket_consumer to None, run_after=None
[2024-11-14T00:12:57.362+0000] {logging_mixin.py:190} INFO - [2024-11-14T00:12:57.362+0000] {dag.py:4180} INFO - Setting next_dagrun for dataset_s3_bucket_producer to None, run_after=None
[2024-11-14T00:12:57.380+0000] {processor.py:208} INFO - Processing /home/airflow/.local/lib/python3.12/site-packages/airflow/example_dags/example_dataset_alias.py took 0.451 seconds
[2024-11-14T00:13:27.397+0000] {processor.py:186} INFO - Started process (PID=142) to work on /home/airflow/.local/lib/python3.12/site-packages/airflow/example_dags/example_dataset_alias.py
[2024-11-14T00:13:27.397+0000] {processor.py:914} INFO - Processing file /home/airflow/.local/lib/python3.12/site-packages/airflow/example_dags/example_dataset_alias.py for tasks to queue
[2024-11-14T00:13:27.398+0000] {logging_mixin.py:190} INFO - [2024-11-14T00:13:27.398+0000] {dagbag.py:588} INFO - Filling up the DagBag from /home/airflow/.local/lib/python3.12/site-packages/airflow/example_dags/example_dataset_alias.py
[2024-11-14T00:13:27.653+0000] {processor.py:925} INFO - DAG(s) 'dataset_s3_bucket_consumer', 'dataset_alias_example_alias_producer', 'dataset_s3_bucket_producer', 'dataset_alias_example_alias_consumer' retrieved from /home/airflow/.local/lib/python3.12/site-packages/airflow/example_dags/example_dataset_alias.py
[2024-11-14T00:13:27.662+0000] {logging_mixin.py:190} INFO - [2024-11-14T00:13:27.662+0000] {dag.py:3239} INFO - Sync 4 DAGs
[2024-11-14T00:13:27.669+0000] {logging_mixin.py:190} INFO - [2024-11-14T00:13:27.669+0000] {dag.py:4180} INFO - Setting next_dagrun for dataset_alias_example_alias_consumer to None, run_after=None
[2024-11-14T00:13:27.669+0000] {logging_mixin.py:190} INFO - [2024-11-14T00:13:27.669+0000] {dag.py:4180} INFO - Setting next_dagrun for dataset_alias_example_alias_producer to None, run_after=None
[2024-11-14T00:13:27.670+0000] {logging_mixin.py:190} INFO - [2024-11-14T00:13:27.670+0000] {dag.py:4180} INFO - Setting next_dagrun for dataset_s3_bucket_consumer to None, run_after=None
[2024-11-14T00:13:27.670+0000] {logging_mixin.py:190} INFO - [2024-11-14T00:13:27.670+0000] {dag.py:4180} INFO - Setting next_dagrun for dataset_s3_bucket_producer to None, run_after=None
[2024-11-14T00:13:27.676+0000] {processor.py:208} INFO - Processing /home/airflow/.local/lib/python3.12/site-packages/airflow/example_dags/example_dataset_alias.py took 0.282 seconds
[2024-11-14T00:13:57.801+0000] {processor.py:186} INFO - Started process (PID=205) to work on /home/airflow/.local/lib/python3.12/site-packages/airflow/example_dags/example_dataset_alias.py
[2024-11-14T00:13:57.803+0000] {processor.py:914} INFO - Processing file /home/airflow/.local/lib/python3.12/site-packages/airflow/example_dags/example_dataset_alias.py for tasks to queue
[2024-11-14T00:13:57.804+0000] {logging_mixin.py:190} INFO - [2024-11-14T00:13:57.804+0000] {dagbag.py:588} INFO - Filling up the DagBag from /home/airflow/.local/lib/python3.12/site-packages/airflow/example_dags/example_dataset_alias.py
[2024-11-14T00:13:58.046+0000] {processor.py:925} INFO - DAG(s) 'dataset_alias_example_alias_producer', 'dataset_alias_example_alias_consumer', 'dataset_s3_bucket_producer', 'dataset_s3_bucket_consumer' retrieved from /home/airflow/.local/lib/python3.12/site-packages/airflow/example_dags/example_dataset_alias.py
[2024-11-14T00:13:58.054+0000] {logging_mixin.py:190} INFO - [2024-11-14T00:13:58.053+0000] {dag.py:3239} INFO - Sync 4 DAGs
[2024-11-14T00:13:58.062+0000] {logging_mixin.py:190} INFO - [2024-11-14T00:13:58.062+0000] {dag.py:4180} INFO - Setting next_dagrun for dataset_alias_example_alias_consumer to None, run_after=None
[2024-11-14T00:13:58.065+0000] {logging_mixin.py:190} INFO - [2024-11-14T00:13:58.064+0000] {dag.py:4180} INFO - Setting next_dagrun for dataset_alias_example_alias_producer to None, run_after=None
[2024-11-14T00:13:58.066+0000] {logging_mixin.py:190} INFO - [2024-11-14T00:13:58.065+0000] {dag.py:4180} INFO - Setting next_dagrun for dataset_s3_bucket_consumer to None, run_after=None
[2024-11-14T00:13:58.066+0000] {logging_mixin.py:190} INFO - [2024-11-14T00:13:58.066+0000] {dag.py:4180} INFO - Setting next_dagrun for dataset_s3_bucket_producer to None, run_after=None
[2024-11-14T00:13:58.072+0000] {processor.py:208} INFO - Processing /home/airflow/.local/lib/python3.12/site-packages/airflow/example_dags/example_dataset_alias.py took 0.273 seconds
[2024-11-14T00:14:28.289+0000] {processor.py:186} INFO - Started process (PID=268) to work on /home/airflow/.local/lib/python3.12/site-packages/airflow/example_dags/example_dataset_alias.py
[2024-11-14T00:14:28.289+0000] {processor.py:914} INFO - Processing file /home/airflow/.local/lib/python3.12/site-packages/airflow/example_dags/example_dataset_alias.py for tasks to queue
[2024-11-14T00:14:28.290+0000] {logging_mixin.py:190} INFO - [2024-11-14T00:14:28.290+0000] {dagbag.py:588} INFO - Filling up the DagBag from /home/airflow/.local/lib/python3.12/site-packages/airflow/example_dags/example_dataset_alias.py
[2024-11-14T00:14:28.532+0000] {processor.py:925} INFO - DAG(s) 'dataset_alias_example_alias_producer', 'dataset_s3_bucket_consumer', 'dataset_alias_example_alias_consumer', 'dataset_s3_bucket_producer' retrieved from /home/airflow/.local/lib/python3.12/site-packages/airflow/example_dags/example_dataset_alias.py
[2024-11-14T00:14:28.542+0000] {logging_mixin.py:190} INFO - [2024-11-14T00:14:28.542+0000] {dag.py:3239} INFO - Sync 4 DAGs
[2024-11-14T00:14:28.550+0000] {logging_mixin.py:190} INFO - [2024-11-14T00:14:28.550+0000] {dag.py:4180} INFO - Setting next_dagrun for dataset_alias_example_alias_consumer to None, run_after=None
[2024-11-14T00:14:28.553+0000] {logging_mixin.py:190} INFO - [2024-11-14T00:14:28.552+0000] {dag.py:4180} INFO - Setting next_dagrun for dataset_alias_example_alias_producer to None, run_after=None
[2024-11-14T00:14:28.554+0000] {logging_mixin.py:190} INFO - [2024-11-14T00:14:28.554+0000] {dag.py:4180} INFO - Setting next_dagrun for dataset_s3_bucket_consumer to None, run_after=None
[2024-11-14T00:14:28.554+0000] {logging_mixin.py:190} INFO - [2024-11-14T00:14:28.554+0000] {dag.py:4180} INFO - Setting next_dagrun for dataset_s3_bucket_producer to None, run_after=None
[2024-11-14T00:14:28.561+0000] {processor.py:208} INFO - Processing /home/airflow/.local/lib/python3.12/site-packages/airflow/example_dags/example_dataset_alias.py took 0.274 seconds
[2024-11-14T00:14:58.612+0000] {processor.py:186} INFO - Started process (PID=338) to work on /home/airflow/.local/lib/python3.12/site-packages/airflow/example_dags/example_dataset_alias.py
[2024-11-14T00:14:58.614+0000] {processor.py:914} INFO - Processing file /home/airflow/.local/lib/python3.12/site-packages/airflow/example_dags/example_dataset_alias.py for tasks to queue
[2024-11-14T00:14:58.615+0000] {logging_mixin.py:190} INFO - [2024-11-14T00:14:58.615+0000] {dagbag.py:588} INFO - Filling up the DagBag from /home/airflow/.local/lib/python3.12/site-packages/airflow/example_dags/example_dataset_alias.py
[2024-11-14T00:14:58.865+0000] {processor.py:925} INFO - DAG(s) 'dataset_alias_example_alias_producer', 'dataset_s3_bucket_producer', 'dataset_alias_example_alias_consumer', 'dataset_s3_bucket_consumer' retrieved from /home/airflow/.local/lib/python3.12/site-packages/airflow/example_dags/example_dataset_alias.py
[2024-11-14T00:14:58.875+0000] {logging_mixin.py:190} INFO - [2024-11-14T00:14:58.875+0000] {dag.py:3239} INFO - Sync 4 DAGs
[2024-11-14T00:14:58.882+0000] {logging_mixin.py:190} INFO - [2024-11-14T00:14:58.882+0000] {dag.py:4180} INFO - Setting next_dagrun for dataset_alias_example_alias_consumer to None, run_after=None
[2024-11-14T00:14:58.883+0000] {logging_mixin.py:190} INFO - [2024-11-14T00:14:58.883+0000] {dag.py:4180} INFO - Setting next_dagrun for dataset_alias_example_alias_producer to None, run_after=None
[2024-11-14T00:14:58.883+0000] {logging_mixin.py:190} INFO - [2024-11-14T00:14:58.883+0000] {dag.py:4180} INFO - Setting next_dagrun for dataset_s3_bucket_consumer to None, run_after=None
[2024-11-14T00:14:58.884+0000] {logging_mixin.py:190} INFO - [2024-11-14T00:14:58.884+0000] {dag.py:4180} INFO - Setting next_dagrun for dataset_s3_bucket_producer to None, run_after=None
[2024-11-14T00:14:58.892+0000] {processor.py:208} INFO - Processing /home/airflow/.local/lib/python3.12/site-packages/airflow/example_dags/example_dataset_alias.py took 0.282 seconds
[2024-11-14T00:15:29.245+0000] {processor.py:186} INFO - Started process (PID=402) to work on /home/airflow/.local/lib/python3.12/site-packages/airflow/example_dags/example_dataset_alias.py
[2024-11-14T00:15:29.247+0000] {processor.py:914} INFO - Processing file /home/airflow/.local/lib/python3.12/site-packages/airflow/example_dags/example_dataset_alias.py for tasks to queue
[2024-11-14T00:15:29.249+0000] {logging_mixin.py:190} INFO - [2024-11-14T00:15:29.249+0000] {dagbag.py:588} INFO - Filling up the DagBag from /home/airflow/.local/lib/python3.12/site-packages/airflow/example_dags/example_dataset_alias.py
[2024-11-14T00:15:29.496+0000] {processor.py:925} INFO - DAG(s) 'dataset_alias_example_alias_producer', 'dataset_s3_bucket_consumer', 'dataset_s3_bucket_producer', 'dataset_alias_example_alias_consumer' retrieved from /home/airflow/.local/lib/python3.12/site-packages/airflow/example_dags/example_dataset_alias.py
[2024-11-14T00:15:29.502+0000] {logging_mixin.py:190} INFO - [2024-11-14T00:15:29.502+0000] {dag.py:3239} INFO - Sync 4 DAGs
[2024-11-14T00:15:29.509+0000] {logging_mixin.py:190} INFO - [2024-11-14T00:15:29.509+0000] {dag.py:4180} INFO - Setting next_dagrun for dataset_alias_example_alias_consumer to None, run_after=None
[2024-11-14T00:15:29.510+0000] {logging_mixin.py:190} INFO - [2024-11-14T00:15:29.509+0000] {dag.py:4180} INFO - Setting next_dagrun for dataset_alias_example_alias_producer to None, run_after=None
[2024-11-14T00:15:29.510+0000] {logging_mixin.py:190} INFO - [2024-11-14T00:15:29.510+0000] {dag.py:4180} INFO - Setting next_dagrun for dataset_s3_bucket_consumer to None, run_after=None
[2024-11-14T00:15:29.510+0000] {logging_mixin.py:190} INFO - [2024-11-14T00:15:29.510+0000] {dag.py:4180} INFO - Setting next_dagrun for dataset_s3_bucket_producer to None, run_after=None
[2024-11-14T00:15:29.516+0000] {processor.py:208} INFO - Processing /home/airflow/.local/lib/python3.12/site-packages/airflow/example_dags/example_dataset_alias.py took 0.273 seconds
[2024-11-14T00:15:59.655+0000] {processor.py:186} INFO - Started process (PID=466) to work on /home/airflow/.local/lib/python3.12/site-packages/airflow/example_dags/example_dataset_alias.py
[2024-11-14T00:15:59.656+0000] {processor.py:914} INFO - Processing file /home/airflow/.local/lib/python3.12/site-packages/airflow/example_dags/example_dataset_alias.py for tasks to queue
[2024-11-14T00:15:59.658+0000] {logging_mixin.py:190} INFO - [2024-11-14T00:15:59.658+0000] {dagbag.py:588} INFO - Filling up the DagBag from /home/airflow/.local/lib/python3.12/site-packages/airflow/example_dags/example_dataset_alias.py
[2024-11-14T00:15:59.945+0000] {processor.py:925} INFO - DAG(s) 'dataset_alias_example_alias_consumer', 'dataset_alias_example_alias_producer', 'dataset_s3_bucket_consumer', 'dataset_s3_bucket_producer' retrieved from /home/airflow/.local/lib/python3.12/site-packages/airflow/example_dags/example_dataset_alias.py
[2024-11-14T00:15:59.953+0000] {logging_mixin.py:190} INFO - [2024-11-14T00:15:59.953+0000] {dag.py:3239} INFO - Sync 4 DAGs
[2024-11-14T00:15:59.963+0000] {logging_mixin.py:190} INFO - [2024-11-14T00:15:59.963+0000] {dag.py:4180} INFO - Setting next_dagrun for dataset_alias_example_alias_consumer to None, run_after=None
[2024-11-14T00:15:59.968+0000] {logging_mixin.py:190} INFO - [2024-11-14T00:15:59.968+0000] {dag.py:4180} INFO - Setting next_dagrun for dataset_alias_example_alias_producer to None, run_after=None
[2024-11-14T00:15:59.969+0000] {logging_mixin.py:190} INFO - [2024-11-14T00:15:59.969+0000] {dag.py:4180} INFO - Setting next_dagrun for dataset_s3_bucket_consumer to None, run_after=None
[2024-11-14T00:15:59.969+0000] {logging_mixin.py:190} INFO - [2024-11-14T00:15:59.969+0000] {dag.py:4180} INFO - Setting next_dagrun for dataset_s3_bucket_producer to None, run_after=None
[2024-11-14T00:15:59.975+0000] {processor.py:208} INFO - Processing /home/airflow/.local/lib/python3.12/site-packages/airflow/example_dags/example_dataset_alias.py took 0.323 seconds
[2024-11-14T00:16:30.187+0000] {processor.py:186} INFO - Started process (PID=530) to work on /home/airflow/.local/lib/python3.12/site-packages/airflow/example_dags/example_dataset_alias.py
[2024-11-14T00:16:30.187+0000] {processor.py:914} INFO - Processing file /home/airflow/.local/lib/python3.12/site-packages/airflow/example_dags/example_dataset_alias.py for tasks to queue
[2024-11-14T00:16:30.188+0000] {logging_mixin.py:190} INFO - [2024-11-14T00:16:30.188+0000] {dagbag.py:588} INFO - Filling up the DagBag from /home/airflow/.local/lib/python3.12/site-packages/airflow/example_dags/example_dataset_alias.py
[2024-11-14T00:16:30.454+0000] {processor.py:925} INFO - DAG(s) 'dataset_s3_bucket_consumer', 'dataset_alias_example_alias_consumer', 'dataset_alias_example_alias_producer', 'dataset_s3_bucket_producer' retrieved from /home/airflow/.local/lib/python3.12/site-packages/airflow/example_dags/example_dataset_alias.py
[2024-11-14T00:16:30.471+0000] {logging_mixin.py:190} INFO - [2024-11-14T00:16:30.470+0000] {dag.py:3239} INFO - Sync 4 DAGs
[2024-11-14T00:16:30.481+0000] {logging_mixin.py:190} INFO - [2024-11-14T00:16:30.481+0000] {dag.py:4180} INFO - Setting next_dagrun for dataset_alias_example_alias_consumer to None, run_after=None
[2024-11-14T00:16:30.484+0000] {logging_mixin.py:190} INFO - [2024-11-14T00:16:30.483+0000] {dag.py:4180} INFO - Setting next_dagrun for dataset_alias_example_alias_producer to None, run_after=None
[2024-11-14T00:16:30.484+0000] {logging_mixin.py:190} INFO - [2024-11-14T00:16:30.484+0000] {dag.py:4180} INFO - Setting next_dagrun for dataset_s3_bucket_consumer to None, run_after=None
[2024-11-14T00:16:30.485+0000] {logging_mixin.py:190} INFO - [2024-11-14T00:16:30.485+0000] {dag.py:4180} INFO - Setting next_dagrun for dataset_s3_bucket_producer to None, run_after=None
[2024-11-14T00:16:30.497+0000] {processor.py:208} INFO - Processing /home/airflow/.local/lib/python3.12/site-packages/airflow/example_dags/example_dataset_alias.py took 0.313 seconds
[2024-11-14T00:17:00.734+0000] {processor.py:186} INFO - Started process (PID=596) to work on /home/airflow/.local/lib/python3.12/site-packages/airflow/example_dags/example_dataset_alias.py
[2024-11-14T00:17:00.735+0000] {processor.py:914} INFO - Processing file /home/airflow/.local/lib/python3.12/site-packages/airflow/example_dags/example_dataset_alias.py for tasks to queue
[2024-11-14T00:17:00.737+0000] {logging_mixin.py:190} INFO - [2024-11-14T00:17:00.736+0000] {dagbag.py:588} INFO - Filling up the DagBag from /home/airflow/.local/lib/python3.12/site-packages/airflow/example_dags/example_dataset_alias.py
[2024-11-14T00:17:00.988+0000] {processor.py:925} INFO - DAG(s) 'dataset_s3_bucket_producer', 'dataset_s3_bucket_consumer', 'dataset_alias_example_alias_producer', 'dataset_alias_example_alias_consumer' retrieved from /home/airflow/.local/lib/python3.12/site-packages/airflow/example_dags/example_dataset_alias.py
[2024-11-14T00:17:00.994+0000] {logging_mixin.py:190} INFO - [2024-11-14T00:17:00.994+0000] {dag.py:3239} INFO - Sync 4 DAGs
[2024-11-14T00:17:01.002+0000] {logging_mixin.py:190} INFO - [2024-11-14T00:17:01.002+0000] {dag.py:4180} INFO - Setting next_dagrun for dataset_alias_example_alias_consumer to None, run_after=None
[2024-11-14T00:17:01.003+0000] {logging_mixin.py:190} INFO - [2024-11-14T00:17:01.003+0000] {dag.py:4180} INFO - Setting next_dagrun for dataset_alias_example_alias_producer to None, run_after=None
[2024-11-14T00:17:01.003+0000] {logging_mixin.py:190} INFO - [2024-11-14T00:17:01.003+0000] {dag.py:4180} INFO - Setting next_dagrun for dataset_s3_bucket_consumer to None, run_after=None
[2024-11-14T00:17:01.004+0000] {logging_mixin.py:190} INFO - [2024-11-14T00:17:01.004+0000] {dag.py:4180} INFO - Setting next_dagrun for dataset_s3_bucket_producer to None, run_after=None
[2024-11-14T00:17:01.010+0000] {processor.py:208} INFO - Processing /home/airflow/.local/lib/python3.12/site-packages/airflow/example_dags/example_dataset_alias.py took 0.279 seconds
[2024-11-14T00:17:32.251+0000] {processor.py:186} INFO - Started process (PID=662) to work on /home/airflow/.local/lib/python3.12/site-packages/airflow/example_dags/example_dataset_alias.py
[2024-11-14T00:17:32.251+0000] {processor.py:914} INFO - Processing file /home/airflow/.local/lib/python3.12/site-packages/airflow/example_dags/example_dataset_alias.py for tasks to queue
[2024-11-14T00:17:32.252+0000] {logging_mixin.py:190} INFO - [2024-11-14T00:17:32.252+0000] {dagbag.py:588} INFO - Filling up the DagBag from /home/airflow/.local/lib/python3.12/site-packages/airflow/example_dags/example_dataset_alias.py
[2024-11-14T00:17:32.528+0000] {processor.py:925} INFO - DAG(s) 'dataset_alias_example_alias_consumer', 'dataset_s3_bucket_producer', 'dataset_s3_bucket_consumer', 'dataset_alias_example_alias_producer' retrieved from /home/airflow/.local/lib/python3.12/site-packages/airflow/example_dags/example_dataset_alias.py
[2024-11-14T00:17:32.535+0000] {logging_mixin.py:190} INFO - [2024-11-14T00:17:32.535+0000] {dag.py:3239} INFO - Sync 4 DAGs
[2024-11-14T00:17:32.545+0000] {logging_mixin.py:190} INFO - [2024-11-14T00:17:32.545+0000] {dag.py:4180} INFO - Setting next_dagrun for dataset_alias_example_alias_consumer to None, run_after=None
[2024-11-14T00:17:32.547+0000] {logging_mixin.py:190} INFO - [2024-11-14T00:17:32.547+0000] {dag.py:4180} INFO - Setting next_dagrun for dataset_alias_example_alias_producer to None, run_after=None
[2024-11-14T00:17:32.548+0000] {logging_mixin.py:190} INFO - [2024-11-14T00:17:32.548+0000] {dag.py:4180} INFO - Setting next_dagrun for dataset_s3_bucket_consumer to None, run_after=None
[2024-11-14T00:17:32.548+0000] {logging_mixin.py:190} INFO - [2024-11-14T00:17:32.548+0000] {dag.py:4180} INFO - Setting next_dagrun for dataset_s3_bucket_producer to None, run_after=None
[2024-11-14T00:17:32.556+0000] {processor.py:208} INFO - Processing /home/airflow/.local/lib/python3.12/site-packages/airflow/example_dags/example_dataset_alias.py took 0.308 seconds
[2024-11-14T00:18:02.731+0000] {processor.py:186} INFO - Started process (PID=730) to work on /home/airflow/.local/lib/python3.12/site-packages/airflow/example_dags/example_dataset_alias.py
[2024-11-14T00:18:02.731+0000] {processor.py:914} INFO - Processing file /home/airflow/.local/lib/python3.12/site-packages/airflow/example_dags/example_dataset_alias.py for tasks to queue
[2024-11-14T00:18:02.732+0000] {logging_mixin.py:190} INFO - [2024-11-14T00:18:02.732+0000] {dagbag.py:588} INFO - Filling up the DagBag from /home/airflow/.local/lib/python3.12/site-packages/airflow/example_dags/example_dataset_alias.py
[2024-11-14T00:18:02.985+0000] {processor.py:925} INFO - DAG(s) 'dataset_alias_example_alias_producer', 'dataset_alias_example_alias_consumer', 'dataset_s3_bucket_producer', 'dataset_s3_bucket_consumer' retrieved from /home/airflow/.local/lib/python3.12/site-packages/airflow/example_dags/example_dataset_alias.py
[2024-11-14T00:18:02.994+0000] {logging_mixin.py:190} INFO - [2024-11-14T00:18:02.993+0000] {dag.py:3239} INFO - Sync 4 DAGs
[2024-11-14T00:18:03.001+0000] {logging_mixin.py:190} INFO - [2024-11-14T00:18:03.001+0000] {dag.py:4180} INFO - Setting next_dagrun for dataset_alias_example_alias_consumer to None, run_after=None
[2024-11-14T00:18:03.002+0000] {logging_mixin.py:190} INFO - [2024-11-14T00:18:03.002+0000] {dag.py:4180} INFO - Setting next_dagrun for dataset_alias_example_alias_producer to None, run_after=None
[2024-11-14T00:18:03.003+0000] {logging_mixin.py:190} INFO - [2024-11-14T00:18:03.003+0000] {dag.py:4180} INFO - Setting next_dagrun for dataset_s3_bucket_consumer to None, run_after=None
[2024-11-14T00:18:03.004+0000] {logging_mixin.py:190} INFO - [2024-11-14T00:18:03.004+0000] {dag.py:4180} INFO - Setting next_dagrun for dataset_s3_bucket_producer to None, run_after=None
[2024-11-14T00:18:03.013+0000] {processor.py:208} INFO - Processing /home/airflow/.local/lib/python3.12/site-packages/airflow/example_dags/example_dataset_alias.py took 0.285 seconds
[2024-11-14T00:18:34.114+0000] {processor.py:186} INFO - Started process (PID=798) to work on /home/airflow/.local/lib/python3.12/site-packages/airflow/example_dags/example_dataset_alias.py
[2024-11-14T00:18:34.114+0000] {processor.py:914} INFO - Processing file /home/airflow/.local/lib/python3.12/site-packages/airflow/example_dags/example_dataset_alias.py for tasks to queue
[2024-11-14T00:18:34.115+0000] {logging_mixin.py:190} INFO - [2024-11-14T00:18:34.115+0000] {dagbag.py:588} INFO - Filling up the DagBag from /home/airflow/.local/lib/python3.12/site-packages/airflow/example_dags/example_dataset_alias.py
[2024-11-14T00:18:34.332+0000] {processor.py:925} INFO - DAG(s) 'dataset_s3_bucket_consumer', 'dataset_alias_example_alias_producer', 'dataset_s3_bucket_producer', 'dataset_alias_example_alias_consumer' retrieved from /home/airflow/.local/lib/python3.12/site-packages/airflow/example_dags/example_dataset_alias.py
[2024-11-14T00:18:34.338+0000] {logging_mixin.py:190} INFO - [2024-11-14T00:18:34.338+0000] {dag.py:3239} INFO - Sync 4 DAGs
[2024-11-14T00:18:34.345+0000] {logging_mixin.py:190} INFO - [2024-11-14T00:18:34.345+0000] {dag.py:4180} INFO - Setting next_dagrun for dataset_alias_example_alias_consumer to None, run_after=None
[2024-11-14T00:18:34.346+0000] {logging_mixin.py:190} INFO - [2024-11-14T00:18:34.346+0000] {dag.py:4180} INFO - Setting next_dagrun for dataset_alias_example_alias_producer to None, run_after=None
[2024-11-14T00:18:34.347+0000] {logging_mixin.py:190} INFO - [2024-11-14T00:18:34.347+0000] {dag.py:4180} INFO - Setting next_dagrun for dataset_s3_bucket_consumer to None, run_after=None
[2024-11-14T00:18:34.347+0000] {logging_mixin.py:190} INFO - [2024-11-14T00:18:34.347+0000] {dag.py:4180} INFO - Setting next_dagrun for dataset_s3_bucket_producer to None, run_after=None
[2024-11-14T00:18:34.353+0000] {processor.py:208} INFO - Processing /home/airflow/.local/lib/python3.12/site-packages/airflow/example_dags/example_dataset_alias.py took 0.241 seconds
[2024-11-14T00:19:04.509+0000] {processor.py:186} INFO - Started process (PID=863) to work on /home/airflow/.local/lib/python3.12/site-packages/airflow/example_dags/example_dataset_alias.py
[2024-11-14T00:19:04.511+0000] {processor.py:914} INFO - Processing file /home/airflow/.local/lib/python3.12/site-packages/airflow/example_dags/example_dataset_alias.py for tasks to queue
[2024-11-14T00:19:04.512+0000] {logging_mixin.py:190} INFO - [2024-11-14T00:19:04.512+0000] {dagbag.py:588} INFO - Filling up the DagBag from /home/airflow/.local/lib/python3.12/site-packages/airflow/example_dags/example_dataset_alias.py
[2024-11-14T00:19:04.762+0000] {processor.py:925} INFO - DAG(s) 'dataset_s3_bucket_consumer', 'dataset_alias_example_alias_producer', 'dataset_alias_example_alias_consumer', 'dataset_s3_bucket_producer' retrieved from /home/airflow/.local/lib/python3.12/site-packages/airflow/example_dags/example_dataset_alias.py
[2024-11-14T00:19:04.770+0000] {logging_mixin.py:190} INFO - [2024-11-14T00:19:04.770+0000] {dag.py:3239} INFO - Sync 4 DAGs
[2024-11-14T00:19:04.778+0000] {logging_mixin.py:190} INFO - [2024-11-14T00:19:04.777+0000] {dag.py:4180} INFO - Setting next_dagrun for dataset_alias_example_alias_consumer to None, run_after=None
[2024-11-14T00:19:04.778+0000] {logging_mixin.py:190} INFO - [2024-11-14T00:19:04.778+0000] {dag.py:4180} INFO - Setting next_dagrun for dataset_alias_example_alias_producer to None, run_after=None
[2024-11-14T00:19:04.779+0000] {logging_mixin.py:190} INFO - [2024-11-14T00:19:04.779+0000] {dag.py:4180} INFO - Setting next_dagrun for dataset_s3_bucket_consumer to None, run_after=None
[2024-11-14T00:19:04.779+0000] {logging_mixin.py:190} INFO - [2024-11-14T00:19:04.779+0000] {dag.py:4180} INFO - Setting next_dagrun for dataset_s3_bucket_producer to None, run_after=None
[2024-11-14T00:19:04.786+0000] {processor.py:208} INFO - Processing /home/airflow/.local/lib/python3.12/site-packages/airflow/example_dags/example_dataset_alias.py took 0.280 seconds
[2024-11-14T00:23:11.469+0000] {processor.py:186} INFO - Started process (PID=69) to work on /home/airflow/.local/lib/python3.12/site-packages/airflow/example_dags/example_dataset_alias.py
[2024-11-14T00:23:11.470+0000] {processor.py:914} INFO - Processing file /home/airflow/.local/lib/python3.12/site-packages/airflow/example_dags/example_dataset_alias.py for tasks to queue
[2024-11-14T00:23:11.471+0000] {logging_mixin.py:190} INFO - [2024-11-14T00:23:11.471+0000] {dagbag.py:588} INFO - Filling up the DagBag from /home/airflow/.local/lib/python3.12/site-packages/airflow/example_dags/example_dataset_alias.py
[2024-11-14T00:23:11.722+0000] {processor.py:925} INFO - DAG(s) 'dataset_s3_bucket_producer', 'dataset_alias_example_alias_producer', 'dataset_s3_bucket_consumer', 'dataset_alias_example_alias_consumer' retrieved from /home/airflow/.local/lib/python3.12/site-packages/airflow/example_dags/example_dataset_alias.py
[2024-11-14T00:23:11.733+0000] {logging_mixin.py:190} INFO - [2024-11-14T00:23:11.733+0000] {dag.py:3239} INFO - Sync 4 DAGs
[2024-11-14T00:23:11.741+0000] {logging_mixin.py:190} INFO - [2024-11-14T00:23:11.740+0000] {dag.py:4180} INFO - Setting next_dagrun for dataset_alias_example_alias_consumer to None, run_after=None
[2024-11-14T00:23:11.743+0000] {logging_mixin.py:190} INFO - [2024-11-14T00:23:11.742+0000] {dag.py:4180} INFO - Setting next_dagrun for dataset_alias_example_alias_producer to None, run_after=None
[2024-11-14T00:23:11.743+0000] {logging_mixin.py:190} INFO - [2024-11-14T00:23:11.743+0000] {dag.py:4180} INFO - Setting next_dagrun for dataset_s3_bucket_consumer to None, run_after=None
[2024-11-14T00:23:11.744+0000] {logging_mixin.py:190} INFO - [2024-11-14T00:23:11.743+0000] {dag.py:4180} INFO - Setting next_dagrun for dataset_s3_bucket_producer to None, run_after=None
[2024-11-14T00:23:11.753+0000] {processor.py:208} INFO - Processing /home/airflow/.local/lib/python3.12/site-packages/airflow/example_dags/example_dataset_alias.py took 0.287 seconds
[2024-11-14T00:23:41.837+0000] {processor.py:186} INFO - Started process (PID=140) to work on /home/airflow/.local/lib/python3.12/site-packages/airflow/example_dags/example_dataset_alias.py
[2024-11-14T00:23:41.837+0000] {processor.py:914} INFO - Processing file /home/airflow/.local/lib/python3.12/site-packages/airflow/example_dags/example_dataset_alias.py for tasks to queue
[2024-11-14T00:23:41.838+0000] {logging_mixin.py:190} INFO - [2024-11-14T00:23:41.838+0000] {dagbag.py:588} INFO - Filling up the DagBag from /home/airflow/.local/lib/python3.12/site-packages/airflow/example_dags/example_dataset_alias.py
[2024-11-14T00:23:42.097+0000] {processor.py:925} INFO - DAG(s) 'dataset_s3_bucket_consumer', 'dataset_alias_example_alias_producer', 'dataset_s3_bucket_producer', 'dataset_alias_example_alias_consumer' retrieved from /home/airflow/.local/lib/python3.12/site-packages/airflow/example_dags/example_dataset_alias.py
[2024-11-14T00:23:42.106+0000] {logging_mixin.py:190} INFO - [2024-11-14T00:23:42.105+0000] {dag.py:3239} INFO - Sync 4 DAGs
[2024-11-14T00:23:42.114+0000] {logging_mixin.py:190} INFO - [2024-11-14T00:23:42.114+0000] {dag.py:4180} INFO - Setting next_dagrun for dataset_alias_example_alias_consumer to None, run_after=None
[2024-11-14T00:23:42.115+0000] {logging_mixin.py:190} INFO - [2024-11-14T00:23:42.115+0000] {dag.py:4180} INFO - Setting next_dagrun for dataset_alias_example_alias_producer to None, run_after=None
[2024-11-14T00:23:42.116+0000] {logging_mixin.py:190} INFO - [2024-11-14T00:23:42.116+0000] {dag.py:4180} INFO - Setting next_dagrun for dataset_s3_bucket_consumer to None, run_after=None
[2024-11-14T00:23:42.116+0000] {logging_mixin.py:190} INFO - [2024-11-14T00:23:42.116+0000] {dag.py:4180} INFO - Setting next_dagrun for dataset_s3_bucket_producer to None, run_after=None
[2024-11-14T00:23:42.123+0000] {processor.py:208} INFO - Processing /home/airflow/.local/lib/python3.12/site-packages/airflow/example_dags/example_dataset_alias.py took 0.288 seconds
[2024-11-14T00:24:12.981+0000] {processor.py:186} INFO - Started process (PID=205) to work on /home/airflow/.local/lib/python3.12/site-packages/airflow/example_dags/example_dataset_alias.py
[2024-11-14T00:24:12.983+0000] {processor.py:914} INFO - Processing file /home/airflow/.local/lib/python3.12/site-packages/airflow/example_dags/example_dataset_alias.py for tasks to queue
[2024-11-14T00:24:12.985+0000] {logging_mixin.py:190} INFO - [2024-11-14T00:24:12.984+0000] {dagbag.py:588} INFO - Filling up the DagBag from /home/airflow/.local/lib/python3.12/site-packages/airflow/example_dags/example_dataset_alias.py
[2024-11-14T00:24:13.296+0000] {processor.py:925} INFO - DAG(s) 'dataset_alias_example_alias_producer', 'dataset_s3_bucket_consumer', 'dataset_alias_example_alias_consumer', 'dataset_s3_bucket_producer' retrieved from /home/airflow/.local/lib/python3.12/site-packages/airflow/example_dags/example_dataset_alias.py
[2024-11-14T00:24:13.303+0000] {logging_mixin.py:190} INFO - [2024-11-14T00:24:13.302+0000] {dag.py:3239} INFO - Sync 4 DAGs
[2024-11-14T00:24:13.310+0000] {logging_mixin.py:190} INFO - [2024-11-14T00:24:13.310+0000] {dag.py:4180} INFO - Setting next_dagrun for dataset_alias_example_alias_consumer to None, run_after=None
[2024-11-14T00:24:13.312+0000] {logging_mixin.py:190} INFO - [2024-11-14T00:24:13.312+0000] {dag.py:4180} INFO - Setting next_dagrun for dataset_alias_example_alias_producer to None, run_after=None
[2024-11-14T00:24:13.313+0000] {logging_mixin.py:190} INFO - [2024-11-14T00:24:13.313+0000] {dag.py:4180} INFO - Setting next_dagrun for dataset_s3_bucket_consumer to None, run_after=None
[2024-11-14T00:24:13.315+0000] {logging_mixin.py:190} INFO - [2024-11-14T00:24:13.315+0000] {dag.py:4180} INFO - Setting next_dagrun for dataset_s3_bucket_producer to None, run_after=None
[2024-11-14T00:24:13.323+0000] {processor.py:208} INFO - Processing /home/airflow/.local/lib/python3.12/site-packages/airflow/example_dags/example_dataset_alias.py took 0.346 seconds
[2024-11-14T00:24:43.459+0000] {processor.py:186} INFO - Started process (PID=270) to work on /home/airflow/.local/lib/python3.12/site-packages/airflow/example_dags/example_dataset_alias.py
[2024-11-14T00:24:43.462+0000] {processor.py:914} INFO - Processing file /home/airflow/.local/lib/python3.12/site-packages/airflow/example_dags/example_dataset_alias.py for tasks to queue
[2024-11-14T00:24:43.465+0000] {logging_mixin.py:190} INFO - [2024-11-14T00:24:43.465+0000] {dagbag.py:588} INFO - Filling up the DagBag from /home/airflow/.local/lib/python3.12/site-packages/airflow/example_dags/example_dataset_alias.py
[2024-11-14T00:24:43.738+0000] {processor.py:925} INFO - DAG(s) 'dataset_alias_example_alias_producer', 'dataset_s3_bucket_producer', 'dataset_s3_bucket_consumer', 'dataset_alias_example_alias_consumer' retrieved from /home/airflow/.local/lib/python3.12/site-packages/airflow/example_dags/example_dataset_alias.py
[2024-11-14T00:24:43.746+0000] {logging_mixin.py:190} INFO - [2024-11-14T00:24:43.746+0000] {dag.py:3239} INFO - Sync 4 DAGs
[2024-11-14T00:24:43.755+0000] {logging_mixin.py:190} INFO - [2024-11-14T00:24:43.755+0000] {dag.py:4180} INFO - Setting next_dagrun for dataset_alias_example_alias_consumer to None, run_after=None
[2024-11-14T00:24:43.756+0000] {logging_mixin.py:190} INFO - [2024-11-14T00:24:43.756+0000] {dag.py:4180} INFO - Setting next_dagrun for dataset_alias_example_alias_producer to None, run_after=None
[2024-11-14T00:24:43.758+0000] {logging_mixin.py:190} INFO - [2024-11-14T00:24:43.758+0000] {dag.py:4180} INFO - Setting next_dagrun for dataset_s3_bucket_consumer to None, run_after=None
[2024-11-14T00:24:43.759+0000] {logging_mixin.py:190} INFO - [2024-11-14T00:24:43.759+0000] {dag.py:4180} INFO - Setting next_dagrun for dataset_s3_bucket_producer to None, run_after=None
[2024-11-14T00:24:43.767+0000] {processor.py:208} INFO - Processing /home/airflow/.local/lib/python3.12/site-packages/airflow/example_dags/example_dataset_alias.py took 0.313 seconds
[2024-11-14T00:25:14.149+0000] {processor.py:186} INFO - Started process (PID=335) to work on /home/airflow/.local/lib/python3.12/site-packages/airflow/example_dags/example_dataset_alias.py
[2024-11-14T00:25:14.149+0000] {processor.py:914} INFO - Processing file /home/airflow/.local/lib/python3.12/site-packages/airflow/example_dags/example_dataset_alias.py for tasks to queue
[2024-11-14T00:25:14.150+0000] {logging_mixin.py:190} INFO - [2024-11-14T00:25:14.150+0000] {dagbag.py:588} INFO - Filling up the DagBag from /home/airflow/.local/lib/python3.12/site-packages/airflow/example_dags/example_dataset_alias.py
[2024-11-14T00:25:14.386+0000] {processor.py:925} INFO - DAG(s) 'dataset_s3_bucket_producer', 'dataset_s3_bucket_consumer', 'dataset_alias_example_alias_producer', 'dataset_alias_example_alias_consumer' retrieved from /home/airflow/.local/lib/python3.12/site-packages/airflow/example_dags/example_dataset_alias.py
[2024-11-14T00:25:14.396+0000] {logging_mixin.py:190} INFO - [2024-11-14T00:25:14.396+0000] {dag.py:3239} INFO - Sync 4 DAGs
[2024-11-14T00:25:14.404+0000] {logging_mixin.py:190} INFO - [2024-11-14T00:25:14.404+0000] {dag.py:4180} INFO - Setting next_dagrun for dataset_alias_example_alias_consumer to None, run_after=None
[2024-11-14T00:25:14.406+0000] {logging_mixin.py:190} INFO - [2024-11-14T00:25:14.406+0000] {dag.py:4180} INFO - Setting next_dagrun for dataset_alias_example_alias_producer to None, run_after=None
[2024-11-14T00:25:14.407+0000] {logging_mixin.py:190} INFO - [2024-11-14T00:25:14.407+0000] {dag.py:4180} INFO - Setting next_dagrun for dataset_s3_bucket_consumer to None, run_after=None
[2024-11-14T00:25:14.408+0000] {logging_mixin.py:190} INFO - [2024-11-14T00:25:14.408+0000] {dag.py:4180} INFO - Setting next_dagrun for dataset_s3_bucket_producer to None, run_after=None
[2024-11-14T00:25:14.416+0000] {processor.py:208} INFO - Processing /home/airflow/.local/lib/python3.12/site-packages/airflow/example_dags/example_dataset_alias.py took 0.270 seconds
[2024-11-14T00:25:45.361+0000] {processor.py:186} INFO - Started process (PID=400) to work on /home/airflow/.local/lib/python3.12/site-packages/airflow/example_dags/example_dataset_alias.py
[2024-11-14T00:25:45.362+0000] {processor.py:914} INFO - Processing file /home/airflow/.local/lib/python3.12/site-packages/airflow/example_dags/example_dataset_alias.py for tasks to queue
[2024-11-14T00:25:45.363+0000] {logging_mixin.py:190} INFO - [2024-11-14T00:25:45.363+0000] {dagbag.py:588} INFO - Filling up the DagBag from /home/airflow/.local/lib/python3.12/site-packages/airflow/example_dags/example_dataset_alias.py
[2024-11-14T00:25:45.594+0000] {processor.py:925} INFO - DAG(s) 'dataset_s3_bucket_consumer', 'dataset_alias_example_alias_producer', 'dataset_s3_bucket_producer', 'dataset_alias_example_alias_consumer' retrieved from /home/airflow/.local/lib/python3.12/site-packages/airflow/example_dags/example_dataset_alias.py
[2024-11-14T00:25:45.603+0000] {logging_mixin.py:190} INFO - [2024-11-14T00:25:45.603+0000] {dag.py:3239} INFO - Sync 4 DAGs
[2024-11-14T00:25:45.612+0000] {logging_mixin.py:190} INFO - [2024-11-14T00:25:45.612+0000] {dag.py:4180} INFO - Setting next_dagrun for dataset_alias_example_alias_consumer to None, run_after=None
[2024-11-14T00:25:45.614+0000] {logging_mixin.py:190} INFO - [2024-11-14T00:25:45.614+0000] {dag.py:4180} INFO - Setting next_dagrun for dataset_alias_example_alias_producer to None, run_after=None
[2024-11-14T00:25:45.614+0000] {logging_mixin.py:190} INFO - [2024-11-14T00:25:45.614+0000] {dag.py:4180} INFO - Setting next_dagrun for dataset_s3_bucket_consumer to None, run_after=None
[2024-11-14T00:25:45.615+0000] {logging_mixin.py:190} INFO - [2024-11-14T00:25:45.615+0000] {dag.py:4180} INFO - Setting next_dagrun for dataset_s3_bucket_producer to None, run_after=None
[2024-11-14T00:25:45.626+0000] {processor.py:208} INFO - Processing /home/airflow/.local/lib/python3.12/site-packages/airflow/example_dags/example_dataset_alias.py took 0.266 seconds
[2024-11-14T00:26:15.721+0000] {processor.py:186} INFO - Started process (PID=465) to work on /home/airflow/.local/lib/python3.12/site-packages/airflow/example_dags/example_dataset_alias.py
[2024-11-14T00:26:15.721+0000] {processor.py:914} INFO - Processing file /home/airflow/.local/lib/python3.12/site-packages/airflow/example_dags/example_dataset_alias.py for tasks to queue
[2024-11-14T00:26:15.723+0000] {logging_mixin.py:190} INFO - [2024-11-14T00:26:15.723+0000] {dagbag.py:588} INFO - Filling up the DagBag from /home/airflow/.local/lib/python3.12/site-packages/airflow/example_dags/example_dataset_alias.py
[2024-11-14T00:26:15.982+0000] {processor.py:925} INFO - DAG(s) 'dataset_alias_example_alias_consumer', 'dataset_alias_example_alias_producer', 'dataset_s3_bucket_producer', 'dataset_s3_bucket_consumer' retrieved from /home/airflow/.local/lib/python3.12/site-packages/airflow/example_dags/example_dataset_alias.py
[2024-11-14T00:26:15.995+0000] {logging_mixin.py:190} INFO - [2024-11-14T00:26:15.995+0000] {dag.py:3239} INFO - Sync 4 DAGs
[2024-11-14T00:26:16.005+0000] {logging_mixin.py:190} INFO - [2024-11-14T00:26:16.005+0000] {dag.py:4180} INFO - Setting next_dagrun for dataset_alias_example_alias_consumer to None, run_after=None
[2024-11-14T00:26:16.006+0000] {logging_mixin.py:190} INFO - [2024-11-14T00:26:16.006+0000] {dag.py:4180} INFO - Setting next_dagrun for dataset_alias_example_alias_producer to None, run_after=None
[2024-11-14T00:26:16.007+0000] {logging_mixin.py:190} INFO - [2024-11-14T00:26:16.006+0000] {dag.py:4180} INFO - Setting next_dagrun for dataset_s3_bucket_consumer to None, run_after=None
[2024-11-14T00:26:16.007+0000] {logging_mixin.py:190} INFO - [2024-11-14T00:26:16.007+0000] {dag.py:4180} INFO - Setting next_dagrun for dataset_s3_bucket_producer to None, run_after=None
[2024-11-14T00:26:16.014+0000] {processor.py:208} INFO - Processing /home/airflow/.local/lib/python3.12/site-packages/airflow/example_dags/example_dataset_alias.py took 0.296 seconds
