[2024-11-14T00:02:19.025+0000] {processor.py:186} INFO - Started process (PID=69) to work on /home/airflow/.local/lib/python3.12/site-packages/airflow/example_dags/tutorial.py
[2024-11-14T00:02:19.027+0000] {processor.py:914} INFO - Processing file /home/airflow/.local/lib/python3.12/site-packages/airflow/example_dags/tutorial.py for tasks to queue
[2024-11-14T00:02:19.028+0000] {logging_mixin.py:190} INFO - [2024-11-14T00:02:19.028+0000] {dagbag.py:588} INFO - Filling up the DagBag from /home/airflow/.local/lib/python3.12/site-packages/airflow/example_dags/tutorial.py
[2024-11-14T00:02:19.032+0000] {processor.py:925} INFO - DAG(s) 'tutorial' retrieved from /home/airflow/.local/lib/python3.12/site-packages/airflow/example_dags/tutorial.py
[2024-11-14T00:02:19.074+0000] {logging_mixin.py:190} INFO - [2024-11-14T00:02:19.074+0000] {override.py:1911} INFO - Created Permission View: can delete on DAG:tutorial
[2024-11-14T00:02:19.081+0000] {logging_mixin.py:190} INFO - [2024-11-14T00:02:19.081+0000] {override.py:1911} INFO - Created Permission View: can read on DAG:tutorial
[2024-11-14T00:02:19.084+0000] {logging_mixin.py:190} INFO - [2024-11-14T00:02:19.084+0000] {override.py:1911} INFO - Created Permission View: can edit on DAG:tutorial
[2024-11-14T00:02:19.086+0000] {logging_mixin.py:190} INFO - [2024-11-14T00:02:19.086+0000] {override.py:1911} INFO - Created Permission View: can create on DAG Run:tutorial
[2024-11-14T00:02:19.089+0000] {logging_mixin.py:190} INFO - [2024-11-14T00:02:19.089+0000] {override.py:1911} INFO - Created Permission View: can delete on DAG Run:tutorial
[2024-11-14T00:02:19.095+0000] {logging_mixin.py:190} INFO - [2024-11-14T00:02:19.095+0000] {override.py:1911} INFO - Created Permission View: menu access on DAG Run:tutorial
[2024-11-14T00:02:19.098+0000] {logging_mixin.py:190} INFO - [2024-11-14T00:02:19.098+0000] {override.py:1911} INFO - Created Permission View: can read on DAG Run:tutorial
[2024-11-14T00:02:19.099+0000] {logging_mixin.py:190} INFO - [2024-11-14T00:02:19.099+0000] {dag.py:3239} INFO - Sync 1 DAGs
[2024-11-14T00:02:19.104+0000] {logging_mixin.py:190} INFO - [2024-11-14T00:02:19.104+0000] {dag.py:3262} INFO - Creating ORM DAG for tutorial
[2024-11-14T00:02:19.109+0000] {logging_mixin.py:190} INFO - [2024-11-14T00:02:19.109+0000] {dag.py:4180} INFO - Setting next_dagrun for tutorial to 2024-11-13 00:00:00+00:00, run_after=2024-11-14 00:00:00+00:00
[2024-11-14T00:02:19.115+0000] {processor.py:208} INFO - Processing /home/airflow/.local/lib/python3.12/site-packages/airflow/example_dags/tutorial.py took 0.093 seconds
[2024-11-14T00:02:49.309+0000] {processor.py:186} INFO - Started process (PID=131) to work on /home/airflow/.local/lib/python3.12/site-packages/airflow/example_dags/tutorial.py
[2024-11-14T00:02:49.309+0000] {processor.py:914} INFO - Processing file /home/airflow/.local/lib/python3.12/site-packages/airflow/example_dags/tutorial.py for tasks to queue
[2024-11-14T00:02:49.310+0000] {logging_mixin.py:190} INFO - [2024-11-14T00:02:49.310+0000] {dagbag.py:588} INFO - Filling up the DagBag from /home/airflow/.local/lib/python3.12/site-packages/airflow/example_dags/tutorial.py
[2024-11-14T00:02:49.317+0000] {processor.py:925} INFO - DAG(s) 'tutorial' retrieved from /home/airflow/.local/lib/python3.12/site-packages/airflow/example_dags/tutorial.py
[2024-11-14T00:02:49.326+0000] {logging_mixin.py:190} INFO - [2024-11-14T00:02:49.326+0000] {dag.py:3239} INFO - Sync 1 DAGs
[2024-11-14T00:02:49.336+0000] {logging_mixin.py:190} INFO - [2024-11-14T00:02:49.336+0000] {dag.py:4180} INFO - Setting next_dagrun for tutorial to 2024-11-13 00:00:00+00:00, run_after=2024-11-14 00:00:00+00:00
[2024-11-14T00:02:49.343+0000] {processor.py:208} INFO - Processing /home/airflow/.local/lib/python3.12/site-packages/airflow/example_dags/tutorial.py took 0.036 seconds
[2024-11-14T00:03:19.749+0000] {processor.py:186} INFO - Started process (PID=193) to work on /home/airflow/.local/lib/python3.12/site-packages/airflow/example_dags/tutorial.py
[2024-11-14T00:03:19.752+0000] {processor.py:914} INFO - Processing file /home/airflow/.local/lib/python3.12/site-packages/airflow/example_dags/tutorial.py for tasks to queue
[2024-11-14T00:03:19.753+0000] {logging_mixin.py:190} INFO - [2024-11-14T00:03:19.752+0000] {dagbag.py:588} INFO - Filling up the DagBag from /home/airflow/.local/lib/python3.12/site-packages/airflow/example_dags/tutorial.py
[2024-11-14T00:03:19.756+0000] {processor.py:925} INFO - DAG(s) 'tutorial' retrieved from /home/airflow/.local/lib/python3.12/site-packages/airflow/example_dags/tutorial.py
[2024-11-14T00:03:19.767+0000] {logging_mixin.py:190} INFO - [2024-11-14T00:03:19.766+0000] {dag.py:3239} INFO - Sync 1 DAGs
[2024-11-14T00:03:19.775+0000] {logging_mixin.py:190} INFO - [2024-11-14T00:03:19.775+0000] {dag.py:4180} INFO - Setting next_dagrun for tutorial to 2024-11-13 00:00:00+00:00, run_after=2024-11-14 00:00:00+00:00
[2024-11-14T00:03:19.781+0000] {processor.py:208} INFO - Processing /home/airflow/.local/lib/python3.12/site-packages/airflow/example_dags/tutorial.py took 0.035 seconds
[2024-11-14T00:03:50.146+0000] {processor.py:186} INFO - Started process (PID=255) to work on /home/airflow/.local/lib/python3.12/site-packages/airflow/example_dags/tutorial.py
[2024-11-14T00:03:50.147+0000] {processor.py:914} INFO - Processing file /home/airflow/.local/lib/python3.12/site-packages/airflow/example_dags/tutorial.py for tasks to queue
[2024-11-14T00:03:50.149+0000] {logging_mixin.py:190} INFO - [2024-11-14T00:03:50.149+0000] {dagbag.py:588} INFO - Filling up the DagBag from /home/airflow/.local/lib/python3.12/site-packages/airflow/example_dags/tutorial.py
[2024-11-14T00:03:50.152+0000] {processor.py:925} INFO - DAG(s) 'tutorial' retrieved from /home/airflow/.local/lib/python3.12/site-packages/airflow/example_dags/tutorial.py
[2024-11-14T00:03:50.162+0000] {logging_mixin.py:190} INFO - [2024-11-14T00:03:50.162+0000] {dag.py:3239} INFO - Sync 1 DAGs
[2024-11-14T00:03:50.171+0000] {logging_mixin.py:190} INFO - [2024-11-14T00:03:50.171+0000] {dag.py:4180} INFO - Setting next_dagrun for tutorial to 2024-11-13 00:00:00+00:00, run_after=2024-11-14 00:00:00+00:00
[2024-11-14T00:03:50.178+0000] {processor.py:208} INFO - Processing /home/airflow/.local/lib/python3.12/site-packages/airflow/example_dags/tutorial.py took 0.034 seconds
[2024-11-14T00:04:21.545+0000] {processor.py:186} INFO - Started process (PID=324) to work on /home/airflow/.local/lib/python3.12/site-packages/airflow/example_dags/tutorial.py
[2024-11-14T00:04:21.545+0000] {processor.py:914} INFO - Processing file /home/airflow/.local/lib/python3.12/site-packages/airflow/example_dags/tutorial.py for tasks to queue
[2024-11-14T00:04:21.547+0000] {logging_mixin.py:190} INFO - [2024-11-14T00:04:21.547+0000] {dagbag.py:588} INFO - Filling up the DagBag from /home/airflow/.local/lib/python3.12/site-packages/airflow/example_dags/tutorial.py
[2024-11-14T00:04:21.551+0000] {processor.py:925} INFO - DAG(s) 'tutorial' retrieved from /home/airflow/.local/lib/python3.12/site-packages/airflow/example_dags/tutorial.py
[2024-11-14T00:04:21.561+0000] {logging_mixin.py:190} INFO - [2024-11-14T00:04:21.561+0000] {dag.py:3239} INFO - Sync 1 DAGs
[2024-11-14T00:04:21.569+0000] {logging_mixin.py:190} INFO - [2024-11-14T00:04:21.569+0000] {dag.py:4180} INFO - Setting next_dagrun for tutorial to 2024-11-13 00:00:00+00:00, run_after=2024-11-14 00:00:00+00:00
[2024-11-14T00:04:21.576+0000] {processor.py:208} INFO - Processing /home/airflow/.local/lib/python3.12/site-packages/airflow/example_dags/tutorial.py took 0.034 seconds
[2024-11-14T00:04:52.786+0000] {processor.py:186} INFO - Started process (PID=387) to work on /home/airflow/.local/lib/python3.12/site-packages/airflow/example_dags/tutorial.py
[2024-11-14T00:04:52.786+0000] {processor.py:914} INFO - Processing file /home/airflow/.local/lib/python3.12/site-packages/airflow/example_dags/tutorial.py for tasks to queue
[2024-11-14T00:04:52.788+0000] {logging_mixin.py:190} INFO - [2024-11-14T00:04:52.788+0000] {dagbag.py:588} INFO - Filling up the DagBag from /home/airflow/.local/lib/python3.12/site-packages/airflow/example_dags/tutorial.py
[2024-11-14T00:04:52.794+0000] {processor.py:925} INFO - DAG(s) 'tutorial' retrieved from /home/airflow/.local/lib/python3.12/site-packages/airflow/example_dags/tutorial.py
[2024-11-14T00:04:52.802+0000] {logging_mixin.py:190} INFO - [2024-11-14T00:04:52.802+0000] {dag.py:3239} INFO - Sync 1 DAGs
[2024-11-14T00:04:52.813+0000] {logging_mixin.py:190} INFO - [2024-11-14T00:04:52.813+0000] {dag.py:4180} INFO - Setting next_dagrun for tutorial to 2024-11-13 00:00:00+00:00, run_after=2024-11-14 00:00:00+00:00
[2024-11-14T00:04:52.821+0000] {processor.py:208} INFO - Processing /home/airflow/.local/lib/python3.12/site-packages/airflow/example_dags/tutorial.py took 0.038 seconds
[2024-11-14T00:05:24.083+0000] {processor.py:186} INFO - Started process (PID=450) to work on /home/airflow/.local/lib/python3.12/site-packages/airflow/example_dags/tutorial.py
[2024-11-14T00:05:24.083+0000] {processor.py:914} INFO - Processing file /home/airflow/.local/lib/python3.12/site-packages/airflow/example_dags/tutorial.py for tasks to queue
[2024-11-14T00:05:24.085+0000] {logging_mixin.py:190} INFO - [2024-11-14T00:05:24.085+0000] {dagbag.py:588} INFO - Filling up the DagBag from /home/airflow/.local/lib/python3.12/site-packages/airflow/example_dags/tutorial.py
[2024-11-14T00:05:24.089+0000] {processor.py:925} INFO - DAG(s) 'tutorial' retrieved from /home/airflow/.local/lib/python3.12/site-packages/airflow/example_dags/tutorial.py
[2024-11-14T00:05:24.100+0000] {logging_mixin.py:190} INFO - [2024-11-14T00:05:24.100+0000] {dag.py:3239} INFO - Sync 1 DAGs
[2024-11-14T00:05:24.110+0000] {logging_mixin.py:190} INFO - [2024-11-14T00:05:24.110+0000] {dag.py:4180} INFO - Setting next_dagrun for tutorial to 2024-11-13 00:00:00+00:00, run_after=2024-11-14 00:00:00+00:00
[2024-11-14T00:05:24.118+0000] {processor.py:208} INFO - Processing /home/airflow/.local/lib/python3.12/site-packages/airflow/example_dags/tutorial.py took 0.038 seconds
[2024-11-14T00:05:55.577+0000] {processor.py:186} INFO - Started process (PID=513) to work on /home/airflow/.local/lib/python3.12/site-packages/airflow/example_dags/tutorial.py
[2024-11-14T00:05:55.578+0000] {processor.py:914} INFO - Processing file /home/airflow/.local/lib/python3.12/site-packages/airflow/example_dags/tutorial.py for tasks to queue
[2024-11-14T00:05:55.579+0000] {logging_mixin.py:190} INFO - [2024-11-14T00:05:55.578+0000] {dagbag.py:588} INFO - Filling up the DagBag from /home/airflow/.local/lib/python3.12/site-packages/airflow/example_dags/tutorial.py
[2024-11-14T00:05:55.584+0000] {processor.py:925} INFO - DAG(s) 'tutorial' retrieved from /home/airflow/.local/lib/python3.12/site-packages/airflow/example_dags/tutorial.py
[2024-11-14T00:05:55.594+0000] {logging_mixin.py:190} INFO - [2024-11-14T00:05:55.594+0000] {dag.py:3239} INFO - Sync 1 DAGs
[2024-11-14T00:05:55.603+0000] {logging_mixin.py:190} INFO - [2024-11-14T00:05:55.603+0000] {dag.py:4180} INFO - Setting next_dagrun for tutorial to 2024-11-13 00:00:00+00:00, run_after=2024-11-14 00:00:00+00:00
[2024-11-14T00:05:55.612+0000] {processor.py:208} INFO - Processing /home/airflow/.local/lib/python3.12/site-packages/airflow/example_dags/tutorial.py took 0.038 seconds
[2024-11-14T00:06:25.912+0000] {processor.py:186} INFO - Started process (PID=576) to work on /home/airflow/.local/lib/python3.12/site-packages/airflow/example_dags/tutorial.py
[2024-11-14T00:06:25.912+0000] {processor.py:914} INFO - Processing file /home/airflow/.local/lib/python3.12/site-packages/airflow/example_dags/tutorial.py for tasks to queue
[2024-11-14T00:06:25.914+0000] {logging_mixin.py:190} INFO - [2024-11-14T00:06:25.914+0000] {dagbag.py:588} INFO - Filling up the DagBag from /home/airflow/.local/lib/python3.12/site-packages/airflow/example_dags/tutorial.py
[2024-11-14T00:06:25.920+0000] {processor.py:925} INFO - DAG(s) 'tutorial' retrieved from /home/airflow/.local/lib/python3.12/site-packages/airflow/example_dags/tutorial.py
[2024-11-14T00:06:25.929+0000] {logging_mixin.py:190} INFO - [2024-11-14T00:06:25.929+0000] {dag.py:3239} INFO - Sync 1 DAGs
[2024-11-14T00:06:25.938+0000] {logging_mixin.py:190} INFO - [2024-11-14T00:06:25.938+0000] {dag.py:4180} INFO - Setting next_dagrun for tutorial to 2024-11-13 00:00:00+00:00, run_after=2024-11-14 00:00:00+00:00
[2024-11-14T00:06:25.946+0000] {processor.py:208} INFO - Processing /home/airflow/.local/lib/python3.12/site-packages/airflow/example_dags/tutorial.py took 0.036 seconds
[2024-11-14T00:06:57.118+0000] {processor.py:186} INFO - Started process (PID=638) to work on /home/airflow/.local/lib/python3.12/site-packages/airflow/example_dags/tutorial.py
[2024-11-14T00:06:57.120+0000] {processor.py:914} INFO - Processing file /home/airflow/.local/lib/python3.12/site-packages/airflow/example_dags/tutorial.py for tasks to queue
[2024-11-14T00:06:57.122+0000] {logging_mixin.py:190} INFO - [2024-11-14T00:06:57.121+0000] {dagbag.py:588} INFO - Filling up the DagBag from /home/airflow/.local/lib/python3.12/site-packages/airflow/example_dags/tutorial.py
[2024-11-14T00:06:57.126+0000] {processor.py:925} INFO - DAG(s) 'tutorial' retrieved from /home/airflow/.local/lib/python3.12/site-packages/airflow/example_dags/tutorial.py
[2024-11-14T00:06:57.133+0000] {logging_mixin.py:190} INFO - [2024-11-14T00:06:57.133+0000] {dag.py:3239} INFO - Sync 1 DAGs
[2024-11-14T00:06:57.145+0000] {logging_mixin.py:190} INFO - [2024-11-14T00:06:57.144+0000] {dag.py:4180} INFO - Setting next_dagrun for tutorial to 2024-11-13 00:00:00+00:00, run_after=2024-11-14 00:00:00+00:00
[2024-11-14T00:06:57.155+0000] {processor.py:208} INFO - Processing /home/airflow/.local/lib/python3.12/site-packages/airflow/example_dags/tutorial.py took 0.040 seconds
[2024-11-14T00:07:28.433+0000] {processor.py:186} INFO - Started process (PID=701) to work on /home/airflow/.local/lib/python3.12/site-packages/airflow/example_dags/tutorial.py
[2024-11-14T00:07:28.434+0000] {processor.py:914} INFO - Processing file /home/airflow/.local/lib/python3.12/site-packages/airflow/example_dags/tutorial.py for tasks to queue
[2024-11-14T00:07:28.435+0000] {logging_mixin.py:190} INFO - [2024-11-14T00:07:28.434+0000] {dagbag.py:588} INFO - Filling up the DagBag from /home/airflow/.local/lib/python3.12/site-packages/airflow/example_dags/tutorial.py
[2024-11-14T00:07:28.438+0000] {processor.py:925} INFO - DAG(s) 'tutorial' retrieved from /home/airflow/.local/lib/python3.12/site-packages/airflow/example_dags/tutorial.py
[2024-11-14T00:07:28.446+0000] {logging_mixin.py:190} INFO - [2024-11-14T00:07:28.446+0000] {dag.py:3239} INFO - Sync 1 DAGs
[2024-11-14T00:07:28.455+0000] {logging_mixin.py:190} INFO - [2024-11-14T00:07:28.455+0000] {dag.py:4180} INFO - Setting next_dagrun for tutorial to 2024-11-13 00:00:00+00:00, run_after=2024-11-14 00:00:00+00:00
[2024-11-14T00:07:28.463+0000] {processor.py:208} INFO - Processing /home/airflow/.local/lib/python3.12/site-packages/airflow/example_dags/tutorial.py took 0.032 seconds
[2024-11-14T00:07:58.894+0000] {processor.py:186} INFO - Started process (PID=764) to work on /home/airflow/.local/lib/python3.12/site-packages/airflow/example_dags/tutorial.py
[2024-11-14T00:07:58.894+0000] {processor.py:914} INFO - Processing file /home/airflow/.local/lib/python3.12/site-packages/airflow/example_dags/tutorial.py for tasks to queue
[2024-11-14T00:07:58.896+0000] {logging_mixin.py:190} INFO - [2024-11-14T00:07:58.896+0000] {dagbag.py:588} INFO - Filling up the DagBag from /home/airflow/.local/lib/python3.12/site-packages/airflow/example_dags/tutorial.py
[2024-11-14T00:07:58.901+0000] {processor.py:925} INFO - DAG(s) 'tutorial' retrieved from /home/airflow/.local/lib/python3.12/site-packages/airflow/example_dags/tutorial.py
[2024-11-14T00:07:58.908+0000] {logging_mixin.py:190} INFO - [2024-11-14T00:07:58.908+0000] {dag.py:3239} INFO - Sync 1 DAGs
[2024-11-14T00:07:58.917+0000] {logging_mixin.py:190} INFO - [2024-11-14T00:07:58.917+0000] {dag.py:4180} INFO - Setting next_dagrun for tutorial to 2024-11-13 00:00:00+00:00, run_after=2024-11-14 00:00:00+00:00
[2024-11-14T00:07:58.926+0000] {processor.py:208} INFO - Processing /home/airflow/.local/lib/python3.12/site-packages/airflow/example_dags/tutorial.py took 0.035 seconds
[2024-11-14T00:08:30.193+0000] {processor.py:186} INFO - Started process (PID=827) to work on /home/airflow/.local/lib/python3.12/site-packages/airflow/example_dags/tutorial.py
[2024-11-14T00:08:30.194+0000] {processor.py:914} INFO - Processing file /home/airflow/.local/lib/python3.12/site-packages/airflow/example_dags/tutorial.py for tasks to queue
[2024-11-14T00:08:30.194+0000] {logging_mixin.py:190} INFO - [2024-11-14T00:08:30.194+0000] {dagbag.py:588} INFO - Filling up the DagBag from /home/airflow/.local/lib/python3.12/site-packages/airflow/example_dags/tutorial.py
[2024-11-14T00:08:30.198+0000] {processor.py:925} INFO - DAG(s) 'tutorial' retrieved from /home/airflow/.local/lib/python3.12/site-packages/airflow/example_dags/tutorial.py
[2024-11-14T00:08:30.206+0000] {logging_mixin.py:190} INFO - [2024-11-14T00:08:30.206+0000] {dag.py:3239} INFO - Sync 1 DAGs
[2024-11-14T00:08:30.215+0000] {logging_mixin.py:190} INFO - [2024-11-14T00:08:30.214+0000] {dag.py:4180} INFO - Setting next_dagrun for tutorial to 2024-11-13 00:00:00+00:00, run_after=2024-11-14 00:00:00+00:00
[2024-11-14T00:08:30.223+0000] {processor.py:208} INFO - Processing /home/airflow/.local/lib/python3.12/site-packages/airflow/example_dags/tutorial.py took 0.033 seconds
[2024-11-14T00:09:01.508+0000] {processor.py:186} INFO - Started process (PID=890) to work on /home/airflow/.local/lib/python3.12/site-packages/airflow/example_dags/tutorial.py
[2024-11-14T00:09:01.509+0000] {processor.py:914} INFO - Processing file /home/airflow/.local/lib/python3.12/site-packages/airflow/example_dags/tutorial.py for tasks to queue
[2024-11-14T00:09:01.510+0000] {logging_mixin.py:190} INFO - [2024-11-14T00:09:01.510+0000] {dagbag.py:588} INFO - Filling up the DagBag from /home/airflow/.local/lib/python3.12/site-packages/airflow/example_dags/tutorial.py
[2024-11-14T00:09:01.514+0000] {processor.py:925} INFO - DAG(s) 'tutorial' retrieved from /home/airflow/.local/lib/python3.12/site-packages/airflow/example_dags/tutorial.py
[2024-11-14T00:09:01.525+0000] {logging_mixin.py:190} INFO - [2024-11-14T00:09:01.525+0000] {dag.py:3239} INFO - Sync 1 DAGs
[2024-11-14T00:09:01.534+0000] {logging_mixin.py:190} INFO - [2024-11-14T00:09:01.533+0000] {dag.py:4180} INFO - Setting next_dagrun for tutorial to 2024-11-13 00:00:00+00:00, run_after=2024-11-14 00:00:00+00:00
[2024-11-14T00:09:01.539+0000] {processor.py:208} INFO - Processing /home/airflow/.local/lib/python3.12/site-packages/airflow/example_dags/tutorial.py took 0.033 seconds
[2024-11-14T00:09:32.694+0000] {processor.py:186} INFO - Started process (PID=953) to work on /home/airflow/.local/lib/python3.12/site-packages/airflow/example_dags/tutorial.py
[2024-11-14T00:09:32.694+0000] {processor.py:914} INFO - Processing file /home/airflow/.local/lib/python3.12/site-packages/airflow/example_dags/tutorial.py for tasks to queue
[2024-11-14T00:09:32.695+0000] {logging_mixin.py:190} INFO - [2024-11-14T00:09:32.695+0000] {dagbag.py:588} INFO - Filling up the DagBag from /home/airflow/.local/lib/python3.12/site-packages/airflow/example_dags/tutorial.py
[2024-11-14T00:09:32.699+0000] {processor.py:925} INFO - DAG(s) 'tutorial' retrieved from /home/airflow/.local/lib/python3.12/site-packages/airflow/example_dags/tutorial.py
[2024-11-14T00:09:32.709+0000] {logging_mixin.py:190} INFO - [2024-11-14T00:09:32.709+0000] {dag.py:3239} INFO - Sync 1 DAGs
[2024-11-14T00:09:32.720+0000] {logging_mixin.py:190} INFO - [2024-11-14T00:09:32.720+0000] {dag.py:4180} INFO - Setting next_dagrun for tutorial to 2024-11-13 00:00:00+00:00, run_after=2024-11-14 00:00:00+00:00
[2024-11-14T00:09:32.727+0000] {processor.py:208} INFO - Processing /home/airflow/.local/lib/python3.12/site-packages/airflow/example_dags/tutorial.py took 0.036 seconds
