[2024-11-15T00:41:37.030+0000] {processor.py:186} INFO - Started process (PID=37) to work on /opt/airflow/dags/en_species_dag.py
[2024-11-15T00:41:37.031+0000] {processor.py:914} INFO - Processing file /opt/airflow/dags/en_species_dag.py for tasks to queue
[2024-11-15T00:41:37.036+0000] {logging_mixin.py:190} INFO - [2024-11-15T00:41:37.036+0000] {dagbag.py:588} INFO - Filling up the DagBag from /opt/airflow/dags/en_species_dag.py
[2024-11-15T00:41:37.611+0000] {processor.py:925} INFO - DAG(s) 'en_species_etl' retrieved from /opt/airflow/dags/en_species_dag.py
[2024-11-15T00:41:37.803+0000] {logging_mixin.py:190} INFO - [2024-11-15T00:41:37.803+0000] {override.py:1911} INFO - Created Permission View: can read on DAG:en_species_etl
[2024-11-15T00:41:37.811+0000] {logging_mixin.py:190} INFO - [2024-11-15T00:41:37.811+0000] {override.py:1911} INFO - Created Permission View: can delete on DAG:en_species_etl
[2024-11-15T00:41:37.822+0000] {logging_mixin.py:190} INFO - [2024-11-15T00:41:37.822+0000] {override.py:1911} INFO - Created Permission View: can edit on DAG:en_species_etl
[2024-11-15T00:41:37.833+0000] {logging_mixin.py:190} INFO - [2024-11-15T00:41:37.833+0000] {override.py:1911} INFO - Created Permission View: can read on DAG Run:en_species_etl
[2024-11-15T00:41:37.837+0000] {logging_mixin.py:190} INFO - [2024-11-15T00:41:37.837+0000] {override.py:1911} INFO - Created Permission View: menu access on DAG Run:en_species_etl
[2024-11-15T00:41:37.846+0000] {logging_mixin.py:190} INFO - [2024-11-15T00:41:37.845+0000] {override.py:1911} INFO - Created Permission View: can create on DAG Run:en_species_etl
[2024-11-15T00:41:37.852+0000] {logging_mixin.py:190} INFO - [2024-11-15T00:41:37.852+0000] {override.py:1911} INFO - Created Permission View: can delete on DAG Run:en_species_etl
[2024-11-15T00:41:37.855+0000] {logging_mixin.py:190} INFO - [2024-11-15T00:41:37.855+0000] {dag.py:3239} INFO - Sync 1 DAGs
[2024-11-15T00:41:37.865+0000] {logging_mixin.py:190} INFO - [2024-11-15T00:41:37.864+0000] {dag.py:3262} INFO - Creating ORM DAG for en_species_etl
[2024-11-15T00:41:37.872+0000] {logging_mixin.py:190} INFO - [2024-11-15T00:41:37.872+0000] {dag.py:4180} INFO - Setting next_dagrun for en_species_etl to 2024-11-01 00:00:00+00:00, run_after=2025-02-21 00:00:00+00:00
[2024-11-15T00:41:37.881+0000] {processor.py:208} INFO - Processing /opt/airflow/dags/en_species_dag.py took 0.860 seconds
[2024-11-15T00:42:08.141+0000] {processor.py:186} INFO - Started process (PID=51) to work on /opt/airflow/dags/en_species_dag.py
[2024-11-15T00:42:08.143+0000] {processor.py:914} INFO - Processing file /opt/airflow/dags/en_species_dag.py for tasks to queue
[2024-11-15T00:42:08.146+0000] {logging_mixin.py:190} INFO - [2024-11-15T00:42:08.145+0000] {dagbag.py:588} INFO - Filling up the DagBag from /opt/airflow/dags/en_species_dag.py
[2024-11-15T00:42:08.502+0000] {processor.py:925} INFO - DAG(s) 'en_species_etl' retrieved from /opt/airflow/dags/en_species_dag.py
[2024-11-15T00:42:08.513+0000] {logging_mixin.py:190} INFO - [2024-11-15T00:42:08.513+0000] {dag.py:3239} INFO - Sync 1 DAGs
[2024-11-15T00:42:08.527+0000] {processor.py:208} INFO - Processing /opt/airflow/dags/en_species_dag.py took 0.394 seconds
[2024-11-15T00:42:38.856+0000] {processor.py:186} INFO - Started process (PID=59) to work on /opt/airflow/dags/en_species_dag.py
[2024-11-15T00:42:38.857+0000] {processor.py:914} INFO - Processing file /opt/airflow/dags/en_species_dag.py for tasks to queue
[2024-11-15T00:42:38.860+0000] {logging_mixin.py:190} INFO - [2024-11-15T00:42:38.860+0000] {dagbag.py:588} INFO - Filling up the DagBag from /opt/airflow/dags/en_species_dag.py
[2024-11-15T00:42:39.213+0000] {processor.py:925} INFO - DAG(s) 'en_species_etl' retrieved from /opt/airflow/dags/en_species_dag.py
[2024-11-15T00:42:39.227+0000] {logging_mixin.py:190} INFO - [2024-11-15T00:42:39.226+0000] {dag.py:3239} INFO - Sync 1 DAGs
[2024-11-15T00:42:39.246+0000] {processor.py:208} INFO - Processing /opt/airflow/dags/en_species_dag.py took 0.399 seconds
[2024-11-15T00:43:09.508+0000] {processor.py:186} INFO - Started process (PID=66) to work on /opt/airflow/dags/en_species_dag.py
[2024-11-15T00:43:09.509+0000] {processor.py:914} INFO - Processing file /opt/airflow/dags/en_species_dag.py for tasks to queue
[2024-11-15T00:43:09.512+0000] {logging_mixin.py:190} INFO - [2024-11-15T00:43:09.511+0000] {dagbag.py:588} INFO - Filling up the DagBag from /opt/airflow/dags/en_species_dag.py
[2024-11-15T00:43:09.846+0000] {processor.py:925} INFO - DAG(s) 'en_species_etl' retrieved from /opt/airflow/dags/en_species_dag.py
[2024-11-15T00:43:09.855+0000] {logging_mixin.py:190} INFO - [2024-11-15T00:43:09.854+0000] {dag.py:3239} INFO - Sync 1 DAGs
[2024-11-15T00:43:09.867+0000] {processor.py:208} INFO - Processing /opt/airflow/dags/en_species_dag.py took 0.369 seconds
[2024-11-15T00:43:40.274+0000] {processor.py:186} INFO - Started process (PID=74) to work on /opt/airflow/dags/en_species_dag.py
[2024-11-15T00:43:40.275+0000] {processor.py:914} INFO - Processing file /opt/airflow/dags/en_species_dag.py for tasks to queue
[2024-11-15T00:43:40.279+0000] {logging_mixin.py:190} INFO - [2024-11-15T00:43:40.279+0000] {dagbag.py:588} INFO - Filling up the DagBag from /opt/airflow/dags/en_species_dag.py
[2024-11-15T00:43:40.551+0000] {processor.py:925} INFO - DAG(s) 'en_species_etl' retrieved from /opt/airflow/dags/en_species_dag.py
[2024-11-15T00:43:40.561+0000] {logging_mixin.py:190} INFO - [2024-11-15T00:43:40.561+0000] {dag.py:3239} INFO - Sync 1 DAGs
[2024-11-15T00:43:40.578+0000] {processor.py:208} INFO - Processing /opt/airflow/dags/en_species_dag.py took 0.308 seconds
[2024-11-15T00:44:10.878+0000] {processor.py:186} INFO - Started process (PID=82) to work on /opt/airflow/dags/en_species_dag.py
[2024-11-15T00:44:10.878+0000] {processor.py:914} INFO - Processing file /opt/airflow/dags/en_species_dag.py for tasks to queue
[2024-11-15T00:44:10.880+0000] {logging_mixin.py:190} INFO - [2024-11-15T00:44:10.880+0000] {dagbag.py:588} INFO - Filling up the DagBag from /opt/airflow/dags/en_species_dag.py
[2024-11-15T00:44:11.035+0000] {processor.py:925} INFO - DAG(s) 'en_species_etl' retrieved from /opt/airflow/dags/en_species_dag.py
[2024-11-15T00:44:11.048+0000] {logging_mixin.py:190} INFO - [2024-11-15T00:44:11.047+0000] {dag.py:3239} INFO - Sync 1 DAGs
[2024-11-15T00:44:11.065+0000] {processor.py:208} INFO - Processing /opt/airflow/dags/en_species_dag.py took 0.191 seconds
[2024-11-15T00:44:41.177+0000] {processor.py:186} INFO - Started process (PID=90) to work on /opt/airflow/dags/en_species_dag.py
[2024-11-15T00:44:41.178+0000] {processor.py:914} INFO - Processing file /opt/airflow/dags/en_species_dag.py for tasks to queue
[2024-11-15T00:44:41.180+0000] {logging_mixin.py:190} INFO - [2024-11-15T00:44:41.180+0000] {dagbag.py:588} INFO - Filling up the DagBag from /opt/airflow/dags/en_species_dag.py
[2024-11-15T00:44:41.344+0000] {processor.py:925} INFO - DAG(s) 'en_species_etl' retrieved from /opt/airflow/dags/en_species_dag.py
[2024-11-15T00:44:41.354+0000] {logging_mixin.py:190} INFO - [2024-11-15T00:44:41.354+0000] {dag.py:3239} INFO - Sync 1 DAGs
[2024-11-15T00:44:41.368+0000] {processor.py:208} INFO - Processing /opt/airflow/dags/en_species_dag.py took 0.197 seconds
[2024-11-15T00:45:11.607+0000] {processor.py:186} INFO - Started process (PID=98) to work on /opt/airflow/dags/en_species_dag.py
[2024-11-15T00:45:11.607+0000] {processor.py:914} INFO - Processing file /opt/airflow/dags/en_species_dag.py for tasks to queue
[2024-11-15T00:45:11.609+0000] {logging_mixin.py:190} INFO - [2024-11-15T00:45:11.609+0000] {dagbag.py:588} INFO - Filling up the DagBag from /opt/airflow/dags/en_species_dag.py
[2024-11-15T00:45:11.741+0000] {processor.py:925} INFO - DAG(s) 'en_species_etl' retrieved from /opt/airflow/dags/en_species_dag.py
[2024-11-15T00:45:11.748+0000] {logging_mixin.py:190} INFO - [2024-11-15T00:45:11.748+0000] {dag.py:3239} INFO - Sync 1 DAGs
[2024-11-15T00:45:11.761+0000] {processor.py:208} INFO - Processing /opt/airflow/dags/en_species_dag.py took 0.160 seconds
[2024-11-15T00:45:41.935+0000] {processor.py:186} INFO - Started process (PID=106) to work on /opt/airflow/dags/en_species_dag.py
[2024-11-15T00:45:41.937+0000] {processor.py:914} INFO - Processing file /opt/airflow/dags/en_species_dag.py for tasks to queue
[2024-11-15T00:45:41.939+0000] {logging_mixin.py:190} INFO - [2024-11-15T00:45:41.939+0000] {dagbag.py:588} INFO - Filling up the DagBag from /opt/airflow/dags/en_species_dag.py
[2024-11-15T00:45:42.082+0000] {processor.py:925} INFO - DAG(s) 'en_species_etl' retrieved from /opt/airflow/dags/en_species_dag.py
[2024-11-15T00:45:42.092+0000] {logging_mixin.py:190} INFO - [2024-11-15T00:45:42.091+0000] {dag.py:3239} INFO - Sync 1 DAGs
[2024-11-15T00:45:42.106+0000] {processor.py:208} INFO - Processing /opt/airflow/dags/en_species_dag.py took 0.179 seconds
[2024-11-15T00:46:12.319+0000] {processor.py:186} INFO - Started process (PID=114) to work on /opt/airflow/dags/en_species_dag.py
[2024-11-15T00:46:12.320+0000] {processor.py:914} INFO - Processing file /opt/airflow/dags/en_species_dag.py for tasks to queue
[2024-11-15T00:46:12.322+0000] {logging_mixin.py:190} INFO - [2024-11-15T00:46:12.322+0000] {dagbag.py:588} INFO - Filling up the DagBag from /opt/airflow/dags/en_species_dag.py
[2024-11-15T00:46:12.453+0000] {processor.py:925} INFO - DAG(s) 'en_species_etl' retrieved from /opt/airflow/dags/en_species_dag.py
[2024-11-15T00:46:12.461+0000] {logging_mixin.py:190} INFO - [2024-11-15T00:46:12.461+0000] {dag.py:3239} INFO - Sync 1 DAGs
[2024-11-15T00:46:12.474+0000] {processor.py:208} INFO - Processing /opt/airflow/dags/en_species_dag.py took 0.161 seconds
[2024-11-15T00:46:42.643+0000] {processor.py:186} INFO - Started process (PID=122) to work on /opt/airflow/dags/en_species_dag.py
[2024-11-15T00:46:42.644+0000] {processor.py:914} INFO - Processing file /opt/airflow/dags/en_species_dag.py for tasks to queue
[2024-11-15T00:46:42.646+0000] {logging_mixin.py:190} INFO - [2024-11-15T00:46:42.645+0000] {dagbag.py:588} INFO - Filling up the DagBag from /opt/airflow/dags/en_species_dag.py
[2024-11-15T00:46:42.826+0000] {processor.py:925} INFO - DAG(s) 'en_species_etl' retrieved from /opt/airflow/dags/en_species_dag.py
[2024-11-15T00:46:42.838+0000] {logging_mixin.py:190} INFO - [2024-11-15T00:46:42.838+0000] {dag.py:3239} INFO - Sync 1 DAGs
[2024-11-15T00:46:42.856+0000] {processor.py:208} INFO - Processing /opt/airflow/dags/en_species_dag.py took 0.218 seconds
[2024-11-15T00:47:13.016+0000] {processor.py:186} INFO - Started process (PID=130) to work on /opt/airflow/dags/en_species_dag.py
[2024-11-15T00:47:13.017+0000] {processor.py:914} INFO - Processing file /opt/airflow/dags/en_species_dag.py for tasks to queue
[2024-11-15T00:47:13.018+0000] {logging_mixin.py:190} INFO - [2024-11-15T00:47:13.018+0000] {dagbag.py:588} INFO - Filling up the DagBag from /opt/airflow/dags/en_species_dag.py
[2024-11-15T00:47:13.195+0000] {processor.py:925} INFO - DAG(s) 'en_species_etl' retrieved from /opt/airflow/dags/en_species_dag.py
[2024-11-15T00:47:13.206+0000] {logging_mixin.py:190} INFO - [2024-11-15T00:47:13.206+0000] {dag.py:3239} INFO - Sync 1 DAGs
[2024-11-15T00:47:13.224+0000] {processor.py:208} INFO - Processing /opt/airflow/dags/en_species_dag.py took 0.214 seconds
[2024-11-15T00:47:43.464+0000] {processor.py:186} INFO - Started process (PID=138) to work on /opt/airflow/dags/en_species_dag.py
[2024-11-15T00:47:43.465+0000] {processor.py:914} INFO - Processing file /opt/airflow/dags/en_species_dag.py for tasks to queue
[2024-11-15T00:47:43.466+0000] {logging_mixin.py:190} INFO - [2024-11-15T00:47:43.466+0000] {dagbag.py:588} INFO - Filling up the DagBag from /opt/airflow/dags/en_species_dag.py
[2024-11-15T00:47:43.636+0000] {processor.py:925} INFO - DAG(s) 'en_species_etl' retrieved from /opt/airflow/dags/en_species_dag.py
[2024-11-15T00:47:43.648+0000] {logging_mixin.py:190} INFO - [2024-11-15T00:47:43.648+0000] {dag.py:3239} INFO - Sync 1 DAGs
[2024-11-15T00:47:43.666+0000] {processor.py:208} INFO - Processing /opt/airflow/dags/en_species_dag.py took 0.206 seconds
[2024-11-15T00:48:13.741+0000] {processor.py:186} INFO - Started process (PID=146) to work on /opt/airflow/dags/en_species_dag.py
[2024-11-15T00:48:13.742+0000] {processor.py:914} INFO - Processing file /opt/airflow/dags/en_species_dag.py for tasks to queue
[2024-11-15T00:48:13.743+0000] {logging_mixin.py:190} INFO - [2024-11-15T00:48:13.743+0000] {dagbag.py:588} INFO - Filling up the DagBag from /opt/airflow/dags/en_species_dag.py
[2024-11-15T00:48:13.916+0000] {processor.py:925} INFO - DAG(s) 'en_species_etl' retrieved from /opt/airflow/dags/en_species_dag.py
[2024-11-15T00:48:13.927+0000] {logging_mixin.py:190} INFO - [2024-11-15T00:48:13.926+0000] {dag.py:3239} INFO - Sync 1 DAGs
[2024-11-15T00:48:13.944+0000] {processor.py:208} INFO - Processing /opt/airflow/dags/en_species_dag.py took 0.210 seconds
[2024-11-15T00:48:44.222+0000] {processor.py:186} INFO - Started process (PID=154) to work on /opt/airflow/dags/en_species_dag.py
[2024-11-15T00:48:44.223+0000] {processor.py:914} INFO - Processing file /opt/airflow/dags/en_species_dag.py for tasks to queue
[2024-11-15T00:48:44.224+0000] {logging_mixin.py:190} INFO - [2024-11-15T00:48:44.224+0000] {dagbag.py:588} INFO - Filling up the DagBag from /opt/airflow/dags/en_species_dag.py
[2024-11-15T00:48:44.395+0000] {processor.py:925} INFO - DAG(s) 'en_species_etl' retrieved from /opt/airflow/dags/en_species_dag.py
[2024-11-15T00:48:44.408+0000] {logging_mixin.py:190} INFO - [2024-11-15T00:48:44.408+0000] {dag.py:3239} INFO - Sync 1 DAGs
[2024-11-15T00:48:44.426+0000] {processor.py:208} INFO - Processing /opt/airflow/dags/en_species_dag.py took 0.209 seconds
[2024-11-15T00:49:14.521+0000] {processor.py:186} INFO - Started process (PID=162) to work on /opt/airflow/dags/en_species_dag.py
[2024-11-15T00:49:14.522+0000] {processor.py:914} INFO - Processing file /opt/airflow/dags/en_species_dag.py for tasks to queue
[2024-11-15T00:49:14.523+0000] {logging_mixin.py:190} INFO - [2024-11-15T00:49:14.523+0000] {dagbag.py:588} INFO - Filling up the DagBag from /opt/airflow/dags/en_species_dag.py
[2024-11-15T00:49:14.701+0000] {processor.py:925} INFO - DAG(s) 'en_species_etl' retrieved from /opt/airflow/dags/en_species_dag.py
[2024-11-15T00:49:14.714+0000] {logging_mixin.py:190} INFO - [2024-11-15T00:49:14.714+0000] {dag.py:3239} INFO - Sync 1 DAGs
[2024-11-15T00:49:14.733+0000] {processor.py:208} INFO - Processing /opt/airflow/dags/en_species_dag.py took 0.218 seconds
[2024-11-15T00:49:44.984+0000] {processor.py:186} INFO - Started process (PID=170) to work on /opt/airflow/dags/en_species_dag.py
[2024-11-15T00:49:44.985+0000] {processor.py:914} INFO - Processing file /opt/airflow/dags/en_species_dag.py for tasks to queue
[2024-11-15T00:49:44.987+0000] {logging_mixin.py:190} INFO - [2024-11-15T00:49:44.987+0000] {dagbag.py:588} INFO - Filling up the DagBag from /opt/airflow/dags/en_species_dag.py
[2024-11-15T00:49:45.158+0000] {processor.py:925} INFO - DAG(s) 'en_species_etl' retrieved from /opt/airflow/dags/en_species_dag.py
[2024-11-15T00:49:45.169+0000] {logging_mixin.py:190} INFO - [2024-11-15T00:49:45.169+0000] {dag.py:3239} INFO - Sync 1 DAGs
[2024-11-15T00:49:45.186+0000] {processor.py:208} INFO - Processing /opt/airflow/dags/en_species_dag.py took 0.207 seconds
[2024-11-15T00:50:15.466+0000] {processor.py:186} INFO - Started process (PID=178) to work on /opt/airflow/dags/en_species_dag.py
[2024-11-15T00:50:15.467+0000] {processor.py:914} INFO - Processing file /opt/airflow/dags/en_species_dag.py for tasks to queue
[2024-11-15T00:50:15.469+0000] {logging_mixin.py:190} INFO - [2024-11-15T00:50:15.468+0000] {dagbag.py:588} INFO - Filling up the DagBag from /opt/airflow/dags/en_species_dag.py
[2024-11-15T00:50:15.639+0000] {processor.py:925} INFO - DAG(s) 'en_species_etl' retrieved from /opt/airflow/dags/en_species_dag.py
[2024-11-15T00:50:15.650+0000] {logging_mixin.py:190} INFO - [2024-11-15T00:50:15.649+0000] {dag.py:3239} INFO - Sync 1 DAGs
[2024-11-15T00:50:15.667+0000] {processor.py:208} INFO - Processing /opt/airflow/dags/en_species_dag.py took 0.206 seconds
[2024-11-15T00:50:45.928+0000] {processor.py:186} INFO - Started process (PID=186) to work on /opt/airflow/dags/en_species_dag.py
[2024-11-15T00:50:45.929+0000] {processor.py:914} INFO - Processing file /opt/airflow/dags/en_species_dag.py for tasks to queue
[2024-11-15T00:50:45.931+0000] {logging_mixin.py:190} INFO - [2024-11-15T00:50:45.930+0000] {dagbag.py:588} INFO - Filling up the DagBag from /opt/airflow/dags/en_species_dag.py
[2024-11-15T00:50:46.102+0000] {processor.py:925} INFO - DAG(s) 'en_species_etl' retrieved from /opt/airflow/dags/en_species_dag.py
[2024-11-15T00:50:46.113+0000] {logging_mixin.py:190} INFO - [2024-11-15T00:50:46.113+0000] {dag.py:3239} INFO - Sync 1 DAGs
[2024-11-15T00:50:46.131+0000] {processor.py:208} INFO - Processing /opt/airflow/dags/en_species_dag.py took 0.209 seconds
[2024-11-15T00:51:16.178+0000] {processor.py:186} INFO - Started process (PID=194) to work on /opt/airflow/dags/en_species_dag.py
[2024-11-15T00:51:16.178+0000] {processor.py:914} INFO - Processing file /opt/airflow/dags/en_species_dag.py for tasks to queue
[2024-11-15T00:51:16.180+0000] {logging_mixin.py:190} INFO - [2024-11-15T00:51:16.180+0000] {dagbag.py:588} INFO - Filling up the DagBag from /opt/airflow/dags/en_species_dag.py
[2024-11-15T00:51:16.350+0000] {processor.py:925} INFO - DAG(s) 'en_species_etl' retrieved from /opt/airflow/dags/en_species_dag.py
[2024-11-15T00:51:16.362+0000] {logging_mixin.py:190} INFO - [2024-11-15T00:51:16.361+0000] {dag.py:3239} INFO - Sync 1 DAGs
[2024-11-15T00:51:16.380+0000] {processor.py:208} INFO - Processing /opt/airflow/dags/en_species_dag.py took 0.208 seconds
[2024-11-15T00:51:46.703+0000] {processor.py:186} INFO - Started process (PID=202) to work on /opt/airflow/dags/en_species_dag.py
[2024-11-15T00:51:46.703+0000] {processor.py:914} INFO - Processing file /opt/airflow/dags/en_species_dag.py for tasks to queue
[2024-11-15T00:51:46.705+0000] {logging_mixin.py:190} INFO - [2024-11-15T00:51:46.705+0000] {dagbag.py:588} INFO - Filling up the DagBag from /opt/airflow/dags/en_species_dag.py
[2024-11-15T00:51:46.871+0000] {processor.py:925} INFO - DAG(s) 'en_species_etl' retrieved from /opt/airflow/dags/en_species_dag.py
[2024-11-15T00:51:46.883+0000] {logging_mixin.py:190} INFO - [2024-11-15T00:51:46.883+0000] {dag.py:3239} INFO - Sync 1 DAGs
[2024-11-15T00:51:46.901+0000] {processor.py:208} INFO - Processing /opt/airflow/dags/en_species_dag.py took 0.203 seconds
[2024-11-15T00:52:16.970+0000] {processor.py:186} INFO - Started process (PID=210) to work on /opt/airflow/dags/en_species_dag.py
[2024-11-15T00:52:16.971+0000] {processor.py:914} INFO - Processing file /opt/airflow/dags/en_species_dag.py for tasks to queue
[2024-11-15T00:52:16.972+0000] {logging_mixin.py:190} INFO - [2024-11-15T00:52:16.972+0000] {dagbag.py:588} INFO - Filling up the DagBag from /opt/airflow/dags/en_species_dag.py
[2024-11-15T00:52:17.140+0000] {processor.py:925} INFO - DAG(s) 'en_species_etl' retrieved from /opt/airflow/dags/en_species_dag.py
[2024-11-15T00:52:17.152+0000] {logging_mixin.py:190} INFO - [2024-11-15T00:52:17.151+0000] {dag.py:3239} INFO - Sync 1 DAGs
[2024-11-15T00:52:17.169+0000] {processor.py:208} INFO - Processing /opt/airflow/dags/en_species_dag.py took 0.204 seconds
[2024-11-15T00:52:47.476+0000] {processor.py:186} INFO - Started process (PID=218) to work on /opt/airflow/dags/en_species_dag.py
[2024-11-15T00:52:47.476+0000] {processor.py:914} INFO - Processing file /opt/airflow/dags/en_species_dag.py for tasks to queue
[2024-11-15T00:52:47.477+0000] {logging_mixin.py:190} INFO - [2024-11-15T00:52:47.477+0000] {dagbag.py:588} INFO - Filling up the DagBag from /opt/airflow/dags/en_species_dag.py
[2024-11-15T00:52:47.653+0000] {processor.py:925} INFO - DAG(s) 'en_species_etl' retrieved from /opt/airflow/dags/en_species_dag.py
[2024-11-15T00:52:47.664+0000] {logging_mixin.py:190} INFO - [2024-11-15T00:52:47.664+0000] {dag.py:3239} INFO - Sync 1 DAGs
[2024-11-15T00:52:47.682+0000] {processor.py:208} INFO - Processing /opt/airflow/dags/en_species_dag.py took 0.211 seconds
[2024-11-15T00:53:17.761+0000] {processor.py:186} INFO - Started process (PID=226) to work on /opt/airflow/dags/en_species_dag.py
[2024-11-15T00:53:17.761+0000] {processor.py:914} INFO - Processing file /opt/airflow/dags/en_species_dag.py for tasks to queue
[2024-11-15T00:53:17.763+0000] {logging_mixin.py:190} INFO - [2024-11-15T00:53:17.763+0000] {dagbag.py:588} INFO - Filling up the DagBag from /opt/airflow/dags/en_species_dag.py
[2024-11-15T00:53:17.960+0000] {processor.py:925} INFO - DAG(s) 'en_species_etl' retrieved from /opt/airflow/dags/en_species_dag.py
[2024-11-15T00:53:17.977+0000] {logging_mixin.py:190} INFO - [2024-11-15T00:53:17.976+0000] {dag.py:3239} INFO - Sync 1 DAGs
[2024-11-15T00:53:18.001+0000] {processor.py:208} INFO - Processing /opt/airflow/dags/en_species_dag.py took 0.245 seconds
[2024-11-15T00:53:48.154+0000] {processor.py:186} INFO - Started process (PID=234) to work on /opt/airflow/dags/en_species_dag.py
[2024-11-15T00:53:48.154+0000] {processor.py:914} INFO - Processing file /opt/airflow/dags/en_species_dag.py for tasks to queue
[2024-11-15T00:53:48.156+0000] {logging_mixin.py:190} INFO - [2024-11-15T00:53:48.156+0000] {dagbag.py:588} INFO - Filling up the DagBag from /opt/airflow/dags/en_species_dag.py
[2024-11-15T00:53:48.327+0000] {processor.py:925} INFO - DAG(s) 'en_species_etl' retrieved from /opt/airflow/dags/en_species_dag.py
[2024-11-15T00:53:48.338+0000] {logging_mixin.py:190} INFO - [2024-11-15T00:53:48.338+0000] {dag.py:3239} INFO - Sync 1 DAGs
[2024-11-15T00:53:48.356+0000] {processor.py:208} INFO - Processing /opt/airflow/dags/en_species_dag.py took 0.208 seconds
[2024-11-15T00:54:18.507+0000] {processor.py:186} INFO - Started process (PID=242) to work on /opt/airflow/dags/en_species_dag.py
[2024-11-15T00:54:18.508+0000] {processor.py:914} INFO - Processing file /opt/airflow/dags/en_species_dag.py for tasks to queue
[2024-11-15T00:54:18.510+0000] {logging_mixin.py:190} INFO - [2024-11-15T00:54:18.510+0000] {dagbag.py:588} INFO - Filling up the DagBag from /opt/airflow/dags/en_species_dag.py
[2024-11-15T00:54:18.687+0000] {processor.py:925} INFO - DAG(s) 'en_species_etl' retrieved from /opt/airflow/dags/en_species_dag.py
[2024-11-15T00:54:18.699+0000] {logging_mixin.py:190} INFO - [2024-11-15T00:54:18.699+0000] {dag.py:3239} INFO - Sync 1 DAGs
[2024-11-15T00:54:18.716+0000] {processor.py:208} INFO - Processing /opt/airflow/dags/en_species_dag.py took 0.215 seconds
[2024-11-15T00:54:49.003+0000] {processor.py:186} INFO - Started process (PID=250) to work on /opt/airflow/dags/en_species_dag.py
[2024-11-15T00:54:49.004+0000] {processor.py:914} INFO - Processing file /opt/airflow/dags/en_species_dag.py for tasks to queue
[2024-11-15T00:54:49.005+0000] {logging_mixin.py:190} INFO - [2024-11-15T00:54:49.005+0000] {dagbag.py:588} INFO - Filling up the DagBag from /opt/airflow/dags/en_species_dag.py
[2024-11-15T00:54:49.178+0000] {processor.py:925} INFO - DAG(s) 'en_species_etl' retrieved from /opt/airflow/dags/en_species_dag.py
[2024-11-15T00:54:49.189+0000] {logging_mixin.py:190} INFO - [2024-11-15T00:54:49.189+0000] {dag.py:3239} INFO - Sync 1 DAGs
[2024-11-15T00:54:49.206+0000] {processor.py:208} INFO - Processing /opt/airflow/dags/en_species_dag.py took 0.209 seconds
[2024-11-15T00:55:19.273+0000] {processor.py:186} INFO - Started process (PID=258) to work on /opt/airflow/dags/en_species_dag.py
[2024-11-15T00:55:19.274+0000] {processor.py:914} INFO - Processing file /opt/airflow/dags/en_species_dag.py for tasks to queue
[2024-11-15T00:55:19.276+0000] {logging_mixin.py:190} INFO - [2024-11-15T00:55:19.275+0000] {dagbag.py:588} INFO - Filling up the DagBag from /opt/airflow/dags/en_species_dag.py
[2024-11-15T00:55:19.484+0000] {processor.py:925} INFO - DAG(s) 'en_species_etl' retrieved from /opt/airflow/dags/en_species_dag.py
[2024-11-15T00:55:19.498+0000] {logging_mixin.py:190} INFO - [2024-11-15T00:55:19.497+0000] {dag.py:3239} INFO - Sync 1 DAGs
[2024-11-15T00:55:19.519+0000] {processor.py:208} INFO - Processing /opt/airflow/dags/en_species_dag.py took 0.251 seconds
[2024-11-15T00:55:49.764+0000] {processor.py:186} INFO - Started process (PID=266) to work on /opt/airflow/dags/en_species_dag.py
[2024-11-15T00:55:49.765+0000] {processor.py:914} INFO - Processing file /opt/airflow/dags/en_species_dag.py for tasks to queue
[2024-11-15T00:55:49.767+0000] {logging_mixin.py:190} INFO - [2024-11-15T00:55:49.767+0000] {dagbag.py:588} INFO - Filling up the DagBag from /opt/airflow/dags/en_species_dag.py
[2024-11-15T00:55:49.972+0000] {processor.py:925} INFO - DAG(s) 'en_species_etl' retrieved from /opt/airflow/dags/en_species_dag.py
[2024-11-15T00:55:49.986+0000] {logging_mixin.py:190} INFO - [2024-11-15T00:55:49.986+0000] {dag.py:3239} INFO - Sync 1 DAGs
[2024-11-15T00:55:50.009+0000] {processor.py:208} INFO - Processing /opt/airflow/dags/en_species_dag.py took 0.250 seconds
[2024-11-15T00:56:20.279+0000] {processor.py:186} INFO - Started process (PID=274) to work on /opt/airflow/dags/en_species_dag.py
[2024-11-15T00:56:20.280+0000] {processor.py:914} INFO - Processing file /opt/airflow/dags/en_species_dag.py for tasks to queue
[2024-11-15T00:56:20.282+0000] {logging_mixin.py:190} INFO - [2024-11-15T00:56:20.282+0000] {dagbag.py:588} INFO - Filling up the DagBag from /opt/airflow/dags/en_species_dag.py
[2024-11-15T00:56:20.478+0000] {processor.py:925} INFO - DAG(s) 'en_species_etl' retrieved from /opt/airflow/dags/en_species_dag.py
[2024-11-15T00:56:20.491+0000] {logging_mixin.py:190} INFO - [2024-11-15T00:56:20.491+0000] {dag.py:3239} INFO - Sync 1 DAGs
[2024-11-15T00:56:20.513+0000] {processor.py:208} INFO - Processing /opt/airflow/dags/en_species_dag.py took 0.241 seconds
[2024-11-15T00:56:50.821+0000] {processor.py:186} INFO - Started process (PID=282) to work on /opt/airflow/dags/en_species_dag.py
[2024-11-15T00:56:50.821+0000] {processor.py:914} INFO - Processing file /opt/airflow/dags/en_species_dag.py for tasks to queue
[2024-11-15T00:56:50.823+0000] {logging_mixin.py:190} INFO - [2024-11-15T00:56:50.823+0000] {dagbag.py:588} INFO - Filling up the DagBag from /opt/airflow/dags/en_species_dag.py
[2024-11-15T00:56:50.994+0000] {processor.py:925} INFO - DAG(s) 'en_species_etl' retrieved from /opt/airflow/dags/en_species_dag.py
[2024-11-15T00:56:51.005+0000] {logging_mixin.py:190} INFO - [2024-11-15T00:56:51.005+0000] {dag.py:3239} INFO - Sync 1 DAGs
[2024-11-15T00:56:51.022+0000] {processor.py:208} INFO - Processing /opt/airflow/dags/en_species_dag.py took 0.207 seconds
[2024-11-15T00:57:21.137+0000] {processor.py:186} INFO - Started process (PID=290) to work on /opt/airflow/dags/en_species_dag.py
[2024-11-15T00:57:21.138+0000] {processor.py:914} INFO - Processing file /opt/airflow/dags/en_species_dag.py for tasks to queue
[2024-11-15T00:57:21.140+0000] {logging_mixin.py:190} INFO - [2024-11-15T00:57:21.139+0000] {dagbag.py:588} INFO - Filling up the DagBag from /opt/airflow/dags/en_species_dag.py
[2024-11-15T00:57:21.317+0000] {processor.py:925} INFO - DAG(s) 'en_species_etl' retrieved from /opt/airflow/dags/en_species_dag.py
[2024-11-15T00:57:21.328+0000] {logging_mixin.py:190} INFO - [2024-11-15T00:57:21.328+0000] {dag.py:3239} INFO - Sync 1 DAGs
[2024-11-15T00:57:21.345+0000] {processor.py:208} INFO - Processing /opt/airflow/dags/en_species_dag.py took 0.215 seconds
[2024-11-15T00:57:51.547+0000] {processor.py:186} INFO - Started process (PID=298) to work on /opt/airflow/dags/en_species_dag.py
[2024-11-15T00:57:51.547+0000] {processor.py:914} INFO - Processing file /opt/airflow/dags/en_species_dag.py for tasks to queue
[2024-11-15T00:57:51.549+0000] {logging_mixin.py:190} INFO - [2024-11-15T00:57:51.549+0000] {dagbag.py:588} INFO - Filling up the DagBag from /opt/airflow/dags/en_species_dag.py
[2024-11-15T00:57:51.719+0000] {processor.py:925} INFO - DAG(s) 'en_species_etl' retrieved from /opt/airflow/dags/en_species_dag.py
[2024-11-15T00:57:51.731+0000] {logging_mixin.py:190} INFO - [2024-11-15T00:57:51.731+0000] {dag.py:3239} INFO - Sync 1 DAGs
[2024-11-15T00:57:51.749+0000] {processor.py:208} INFO - Processing /opt/airflow/dags/en_species_dag.py took 0.209 seconds
[2024-11-15T00:58:21.859+0000] {processor.py:186} INFO - Started process (PID=306) to work on /opt/airflow/dags/en_species_dag.py
[2024-11-15T00:58:21.860+0000] {processor.py:914} INFO - Processing file /opt/airflow/dags/en_species_dag.py for tasks to queue
[2024-11-15T00:58:21.862+0000] {logging_mixin.py:190} INFO - [2024-11-15T00:58:21.862+0000] {dagbag.py:588} INFO - Filling up the DagBag from /opt/airflow/dags/en_species_dag.py
[2024-11-15T00:58:22.032+0000] {processor.py:925} INFO - DAG(s) 'en_species_etl' retrieved from /opt/airflow/dags/en_species_dag.py
[2024-11-15T00:58:22.044+0000] {logging_mixin.py:190} INFO - [2024-11-15T00:58:22.044+0000] {dag.py:3239} INFO - Sync 1 DAGs
[2024-11-15T00:58:22.062+0000] {processor.py:208} INFO - Processing /opt/airflow/dags/en_species_dag.py took 0.209 seconds
[2024-11-15T00:58:52.283+0000] {processor.py:186} INFO - Started process (PID=314) to work on /opt/airflow/dags/en_species_dag.py
[2024-11-15T00:58:52.284+0000] {processor.py:914} INFO - Processing file /opt/airflow/dags/en_species_dag.py for tasks to queue
[2024-11-15T00:58:52.286+0000] {logging_mixin.py:190} INFO - [2024-11-15T00:58:52.286+0000] {dagbag.py:588} INFO - Filling up the DagBag from /opt/airflow/dags/en_species_dag.py
[2024-11-15T00:58:52.457+0000] {processor.py:925} INFO - DAG(s) 'en_species_etl' retrieved from /opt/airflow/dags/en_species_dag.py
[2024-11-15T00:58:52.468+0000] {logging_mixin.py:190} INFO - [2024-11-15T00:58:52.468+0000] {dag.py:3239} INFO - Sync 1 DAGs
[2024-11-15T00:58:52.485+0000] {processor.py:208} INFO - Processing /opt/airflow/dags/en_species_dag.py took 0.208 seconds
[2024-11-15T00:59:22.746+0000] {processor.py:186} INFO - Started process (PID=322) to work on /opt/airflow/dags/en_species_dag.py
[2024-11-15T00:59:22.747+0000] {processor.py:914} INFO - Processing file /opt/airflow/dags/en_species_dag.py for tasks to queue
[2024-11-15T00:59:22.748+0000] {logging_mixin.py:190} INFO - [2024-11-15T00:59:22.748+0000] {dagbag.py:588} INFO - Filling up the DagBag from /opt/airflow/dags/en_species_dag.py
[2024-11-15T00:59:22.920+0000] {processor.py:925} INFO - DAG(s) 'en_species_etl' retrieved from /opt/airflow/dags/en_species_dag.py
[2024-11-15T00:59:22.932+0000] {logging_mixin.py:190} INFO - [2024-11-15T00:59:22.932+0000] {dag.py:3239} INFO - Sync 1 DAGs
[2024-11-15T00:59:22.950+0000] {processor.py:208} INFO - Processing /opt/airflow/dags/en_species_dag.py took 0.208 seconds
[2024-11-15T00:59:52.990+0000] {processor.py:186} INFO - Started process (PID=330) to work on /opt/airflow/dags/en_species_dag.py
[2024-11-15T00:59:52.990+0000] {processor.py:914} INFO - Processing file /opt/airflow/dags/en_species_dag.py for tasks to queue
[2024-11-15T00:59:52.992+0000] {logging_mixin.py:190} INFO - [2024-11-15T00:59:52.992+0000] {dagbag.py:588} INFO - Filling up the DagBag from /opt/airflow/dags/en_species_dag.py
[2024-11-15T00:59:53.166+0000] {processor.py:925} INFO - DAG(s) 'en_species_etl' retrieved from /opt/airflow/dags/en_species_dag.py
[2024-11-15T00:59:53.177+0000] {logging_mixin.py:190} INFO - [2024-11-15T00:59:53.177+0000] {dag.py:3239} INFO - Sync 1 DAGs
[2024-11-15T00:59:53.194+0000] {processor.py:208} INFO - Processing /opt/airflow/dags/en_species_dag.py took 0.210 seconds
[2024-11-15T01:00:23.425+0000] {processor.py:186} INFO - Started process (PID=338) to work on /opt/airflow/dags/en_species_dag.py
[2024-11-15T01:00:23.426+0000] {processor.py:914} INFO - Processing file /opt/airflow/dags/en_species_dag.py for tasks to queue
[2024-11-15T01:00:23.427+0000] {logging_mixin.py:190} INFO - [2024-11-15T01:00:23.427+0000] {dagbag.py:588} INFO - Filling up the DagBag from /opt/airflow/dags/en_species_dag.py
[2024-11-15T01:00:23.600+0000] {processor.py:925} INFO - DAG(s) 'en_species_etl' retrieved from /opt/airflow/dags/en_species_dag.py
[2024-11-15T01:00:23.611+0000] {logging_mixin.py:190} INFO - [2024-11-15T01:00:23.611+0000] {dag.py:3239} INFO - Sync 1 DAGs
[2024-11-15T01:00:23.629+0000] {processor.py:208} INFO - Processing /opt/airflow/dags/en_species_dag.py took 0.209 seconds
[2024-11-15T01:00:53.671+0000] {processor.py:186} INFO - Started process (PID=346) to work on /opt/airflow/dags/en_species_dag.py
[2024-11-15T01:00:53.672+0000] {processor.py:914} INFO - Processing file /opt/airflow/dags/en_species_dag.py for tasks to queue
[2024-11-15T01:00:53.673+0000] {logging_mixin.py:190} INFO - [2024-11-15T01:00:53.673+0000] {dagbag.py:588} INFO - Filling up the DagBag from /opt/airflow/dags/en_species_dag.py
[2024-11-15T01:00:53.843+0000] {processor.py:925} INFO - DAG(s) 'en_species_etl' retrieved from /opt/airflow/dags/en_species_dag.py
[2024-11-15T01:00:53.855+0000] {logging_mixin.py:190} INFO - [2024-11-15T01:00:53.855+0000] {dag.py:3239} INFO - Sync 1 DAGs
[2024-11-15T01:00:53.874+0000] {processor.py:208} INFO - Processing /opt/airflow/dags/en_species_dag.py took 0.208 seconds
[2024-11-15T01:01:24.145+0000] {processor.py:186} INFO - Started process (PID=354) to work on /opt/airflow/dags/en_species_dag.py
[2024-11-15T01:01:24.145+0000] {processor.py:914} INFO - Processing file /opt/airflow/dags/en_species_dag.py for tasks to queue
[2024-11-15T01:01:24.147+0000] {logging_mixin.py:190} INFO - [2024-11-15T01:01:24.147+0000] {dagbag.py:588} INFO - Filling up the DagBag from /opt/airflow/dags/en_species_dag.py
[2024-11-15T01:01:24.319+0000] {processor.py:925} INFO - DAG(s) 'en_species_etl' retrieved from /opt/airflow/dags/en_species_dag.py
[2024-11-15T01:01:24.330+0000] {logging_mixin.py:190} INFO - [2024-11-15T01:01:24.330+0000] {dag.py:3239} INFO - Sync 1 DAGs
[2024-11-15T01:01:24.348+0000] {processor.py:208} INFO - Processing /opt/airflow/dags/en_species_dag.py took 0.210 seconds
[2024-11-15T01:01:54.440+0000] {processor.py:186} INFO - Started process (PID=362) to work on /opt/airflow/dags/en_species_dag.py
[2024-11-15T01:01:54.440+0000] {processor.py:914} INFO - Processing file /opt/airflow/dags/en_species_dag.py for tasks to queue
[2024-11-15T01:01:54.442+0000] {logging_mixin.py:190} INFO - [2024-11-15T01:01:54.442+0000] {dagbag.py:588} INFO - Filling up the DagBag from /opt/airflow/dags/en_species_dag.py
[2024-11-15T01:01:54.616+0000] {processor.py:925} INFO - DAG(s) 'en_species_etl' retrieved from /opt/airflow/dags/en_species_dag.py
[2024-11-15T01:01:54.628+0000] {logging_mixin.py:190} INFO - [2024-11-15T01:01:54.627+0000] {dag.py:3239} INFO - Sync 1 DAGs
[2024-11-15T01:01:54.644+0000] {processor.py:208} INFO - Processing /opt/airflow/dags/en_species_dag.py took 0.211 seconds
[2024-11-15T01:02:24.954+0000] {processor.py:186} INFO - Started process (PID=370) to work on /opt/airflow/dags/en_species_dag.py
[2024-11-15T01:02:24.954+0000] {processor.py:914} INFO - Processing file /opt/airflow/dags/en_species_dag.py for tasks to queue
[2024-11-15T01:02:24.957+0000] {logging_mixin.py:190} INFO - [2024-11-15T01:02:24.956+0000] {dagbag.py:588} INFO - Filling up the DagBag from /opt/airflow/dags/en_species_dag.py
[2024-11-15T01:02:25.130+0000] {processor.py:925} INFO - DAG(s) 'en_species_etl' retrieved from /opt/airflow/dags/en_species_dag.py
[2024-11-15T01:02:25.141+0000] {logging_mixin.py:190} INFO - [2024-11-15T01:02:25.141+0000] {dag.py:3239} INFO - Sync 1 DAGs
[2024-11-15T01:02:25.160+0000] {processor.py:208} INFO - Processing /opt/airflow/dags/en_species_dag.py took 0.212 seconds
[2024-11-15T01:02:55.237+0000] {processor.py:186} INFO - Started process (PID=378) to work on /opt/airflow/dags/en_species_dag.py
[2024-11-15T01:02:55.237+0000] {processor.py:914} INFO - Processing file /opt/airflow/dags/en_species_dag.py for tasks to queue
[2024-11-15T01:02:55.239+0000] {logging_mixin.py:190} INFO - [2024-11-15T01:02:55.239+0000] {dagbag.py:588} INFO - Filling up the DagBag from /opt/airflow/dags/en_species_dag.py
[2024-11-15T01:02:55.419+0000] {processor.py:925} INFO - DAG(s) 'en_species_etl' retrieved from /opt/airflow/dags/en_species_dag.py
[2024-11-15T01:02:55.431+0000] {logging_mixin.py:190} INFO - [2024-11-15T01:02:55.431+0000] {dag.py:3239} INFO - Sync 1 DAGs
[2024-11-15T01:02:55.449+0000] {processor.py:208} INFO - Processing /opt/airflow/dags/en_species_dag.py took 0.219 seconds
[2024-11-15T01:03:25.777+0000] {processor.py:186} INFO - Started process (PID=386) to work on /opt/airflow/dags/en_species_dag.py
[2024-11-15T01:03:25.778+0000] {processor.py:914} INFO - Processing file /opt/airflow/dags/en_species_dag.py for tasks to queue
[2024-11-15T01:03:25.779+0000] {logging_mixin.py:190} INFO - [2024-11-15T01:03:25.779+0000] {dagbag.py:588} INFO - Filling up the DagBag from /opt/airflow/dags/en_species_dag.py
[2024-11-15T01:03:25.955+0000] {processor.py:925} INFO - DAG(s) 'en_species_etl' retrieved from /opt/airflow/dags/en_species_dag.py
[2024-11-15T01:03:25.968+0000] {logging_mixin.py:190} INFO - [2024-11-15T01:03:25.967+0000] {dag.py:3239} INFO - Sync 1 DAGs
[2024-11-15T01:03:25.986+0000] {processor.py:208} INFO - Processing /opt/airflow/dags/en_species_dag.py took 0.214 seconds
[2024-11-15T01:03:56.052+0000] {processor.py:186} INFO - Started process (PID=394) to work on /opt/airflow/dags/en_species_dag.py
[2024-11-15T01:03:56.053+0000] {processor.py:914} INFO - Processing file /opt/airflow/dags/en_species_dag.py for tasks to queue
[2024-11-15T01:03:56.055+0000] {logging_mixin.py:190} INFO - [2024-11-15T01:03:56.055+0000] {dagbag.py:588} INFO - Filling up the DagBag from /opt/airflow/dags/en_species_dag.py
[2024-11-15T01:03:56.266+0000] {processor.py:925} INFO - DAG(s) 'en_species_etl' retrieved from /opt/airflow/dags/en_species_dag.py
[2024-11-15T01:03:56.280+0000] {logging_mixin.py:190} INFO - [2024-11-15T01:03:56.280+0000] {dag.py:3239} INFO - Sync 1 DAGs
[2024-11-15T01:03:56.300+0000] {processor.py:208} INFO - Processing /opt/airflow/dags/en_species_dag.py took 0.254 seconds
[2024-11-15T01:04:26.539+0000] {processor.py:186} INFO - Started process (PID=402) to work on /opt/airflow/dags/en_species_dag.py
[2024-11-15T01:04:26.540+0000] {processor.py:914} INFO - Processing file /opt/airflow/dags/en_species_dag.py for tasks to queue
[2024-11-15T01:04:26.541+0000] {logging_mixin.py:190} INFO - [2024-11-15T01:04:26.541+0000] {dagbag.py:588} INFO - Filling up the DagBag from /opt/airflow/dags/en_species_dag.py
[2024-11-15T01:04:26.719+0000] {processor.py:925} INFO - DAG(s) 'en_species_etl' retrieved from /opt/airflow/dags/en_species_dag.py
[2024-11-15T01:04:26.730+0000] {logging_mixin.py:190} INFO - [2024-11-15T01:04:26.730+0000] {dag.py:3239} INFO - Sync 1 DAGs
[2024-11-15T01:04:26.747+0000] {processor.py:208} INFO - Processing /opt/airflow/dags/en_species_dag.py took 0.213 seconds
[2024-11-15T01:04:56.838+0000] {processor.py:186} INFO - Started process (PID=410) to work on /opt/airflow/dags/en_species_dag.py
[2024-11-15T01:04:56.839+0000] {processor.py:914} INFO - Processing file /opt/airflow/dags/en_species_dag.py for tasks to queue
[2024-11-15T01:04:56.842+0000] {logging_mixin.py:190} INFO - [2024-11-15T01:04:56.842+0000] {dagbag.py:588} INFO - Filling up the DagBag from /opt/airflow/dags/en_species_dag.py
[2024-11-15T01:04:57.050+0000] {processor.py:925} INFO - DAG(s) 'en_species_etl' retrieved from /opt/airflow/dags/en_species_dag.py
[2024-11-15T01:04:57.065+0000] {logging_mixin.py:190} INFO - [2024-11-15T01:04:57.065+0000] {dag.py:3239} INFO - Sync 1 DAGs
[2024-11-15T01:04:57.093+0000] {processor.py:208} INFO - Processing /opt/airflow/dags/en_species_dag.py took 0.263 seconds
[2024-11-15T01:05:27.211+0000] {processor.py:186} INFO - Started process (PID=418) to work on /opt/airflow/dags/en_species_dag.py
[2024-11-15T01:05:27.212+0000] {processor.py:914} INFO - Processing file /opt/airflow/dags/en_species_dag.py for tasks to queue
[2024-11-15T01:05:27.214+0000] {logging_mixin.py:190} INFO - [2024-11-15T01:05:27.213+0000] {dagbag.py:588} INFO - Filling up the DagBag from /opt/airflow/dags/en_species_dag.py
[2024-11-15T01:05:27.406+0000] {processor.py:925} INFO - DAG(s) 'en_species_etl' retrieved from /opt/airflow/dags/en_species_dag.py
[2024-11-15T01:05:27.419+0000] {logging_mixin.py:190} INFO - [2024-11-15T01:05:27.418+0000] {dag.py:3239} INFO - Sync 1 DAGs
[2024-11-15T01:05:27.444+0000] {processor.py:208} INFO - Processing /opt/airflow/dags/en_species_dag.py took 0.238 seconds
[2024-11-15T01:05:57.754+0000] {processor.py:186} INFO - Started process (PID=426) to work on /opt/airflow/dags/en_species_dag.py
[2024-11-15T01:05:57.755+0000] {processor.py:914} INFO - Processing file /opt/airflow/dags/en_species_dag.py for tasks to queue
[2024-11-15T01:05:57.757+0000] {logging_mixin.py:190} INFO - [2024-11-15T01:05:57.756+0000] {dagbag.py:588} INFO - Filling up the DagBag from /opt/airflow/dags/en_species_dag.py
[2024-11-15T01:05:57.977+0000] {processor.py:925} INFO - DAG(s) 'en_species_etl' retrieved from /opt/airflow/dags/en_species_dag.py
[2024-11-15T01:05:57.993+0000] {logging_mixin.py:190} INFO - [2024-11-15T01:05:57.993+0000] {dag.py:3239} INFO - Sync 1 DAGs
[2024-11-15T01:05:58.017+0000] {processor.py:208} INFO - Processing /opt/airflow/dags/en_species_dag.py took 0.268 seconds
[2024-11-15T01:06:28.297+0000] {processor.py:186} INFO - Started process (PID=435) to work on /opt/airflow/dags/en_species_dag.py
[2024-11-15T01:06:28.298+0000] {processor.py:914} INFO - Processing file /opt/airflow/dags/en_species_dag.py for tasks to queue
[2024-11-15T01:06:28.299+0000] {logging_mixin.py:190} INFO - [2024-11-15T01:06:28.299+0000] {dagbag.py:588} INFO - Filling up the DagBag from /opt/airflow/dags/en_species_dag.py
[2024-11-15T01:06:28.480+0000] {processor.py:925} INFO - DAG(s) 'en_species_etl' retrieved from /opt/airflow/dags/en_species_dag.py
[2024-11-15T01:06:28.494+0000] {logging_mixin.py:190} INFO - [2024-11-15T01:06:28.493+0000] {dag.py:3239} INFO - Sync 1 DAGs
[2024-11-15T01:06:28.512+0000] {processor.py:208} INFO - Processing /opt/airflow/dags/en_species_dag.py took 0.218 seconds
[2024-11-15T01:06:58.577+0000] {processor.py:186} INFO - Started process (PID=443) to work on /opt/airflow/dags/en_species_dag.py
[2024-11-15T01:06:58.578+0000] {processor.py:914} INFO - Processing file /opt/airflow/dags/en_species_dag.py for tasks to queue
[2024-11-15T01:06:58.579+0000] {logging_mixin.py:190} INFO - [2024-11-15T01:06:58.579+0000] {dagbag.py:588} INFO - Filling up the DagBag from /opt/airflow/dags/en_species_dag.py
[2024-11-15T01:06:58.755+0000] {processor.py:925} INFO - DAG(s) 'en_species_etl' retrieved from /opt/airflow/dags/en_species_dag.py
[2024-11-15T01:06:58.766+0000] {logging_mixin.py:190} INFO - [2024-11-15T01:06:58.765+0000] {dag.py:3239} INFO - Sync 1 DAGs
[2024-11-15T01:06:58.785+0000] {processor.py:208} INFO - Processing /opt/airflow/dags/en_species_dag.py took 0.214 seconds
[2024-11-15T01:07:29.097+0000] {processor.py:186} INFO - Started process (PID=451) to work on /opt/airflow/dags/en_species_dag.py
[2024-11-15T01:07:29.098+0000] {processor.py:914} INFO - Processing file /opt/airflow/dags/en_species_dag.py for tasks to queue
[2024-11-15T01:07:29.100+0000] {logging_mixin.py:190} INFO - [2024-11-15T01:07:29.100+0000] {dagbag.py:588} INFO - Filling up the DagBag from /opt/airflow/dags/en_species_dag.py
[2024-11-15T01:07:29.274+0000] {processor.py:925} INFO - DAG(s) 'en_species_etl' retrieved from /opt/airflow/dags/en_species_dag.py
[2024-11-15T01:07:29.286+0000] {logging_mixin.py:190} INFO - [2024-11-15T01:07:29.285+0000] {dag.py:3239} INFO - Sync 1 DAGs
[2024-11-15T01:07:29.304+0000] {processor.py:208} INFO - Processing /opt/airflow/dags/en_species_dag.py took 0.214 seconds
[2024-11-15T01:07:59.596+0000] {processor.py:186} INFO - Started process (PID=459) to work on /opt/airflow/dags/en_species_dag.py
[2024-11-15T01:07:59.597+0000] {processor.py:914} INFO - Processing file /opt/airflow/dags/en_species_dag.py for tasks to queue
[2024-11-15T01:07:59.599+0000] {logging_mixin.py:190} INFO - [2024-11-15T01:07:59.599+0000] {dagbag.py:588} INFO - Filling up the DagBag from /opt/airflow/dags/en_species_dag.py
[2024-11-15T01:07:59.772+0000] {processor.py:925} INFO - DAG(s) 'en_species_etl' retrieved from /opt/airflow/dags/en_species_dag.py
[2024-11-15T01:07:59.785+0000] {logging_mixin.py:190} INFO - [2024-11-15T01:07:59.785+0000] {dag.py:3239} INFO - Sync 1 DAGs
[2024-11-15T01:07:59.798+0000] {logging_mixin.py:190} INFO - [2024-11-15T01:07:59.798+0000] {dag.py:4180} INFO - Setting next_dagrun for en_species_etl to 2024-11-01 00:00:00+00:00, run_after=2025-02-21 00:00:00+00:00
[2024-11-15T01:07:59.809+0000] {processor.py:208} INFO - Processing /opt/airflow/dags/en_species_dag.py took 0.219 seconds
[2024-11-15T01:08:30.103+0000] {processor.py:186} INFO - Started process (PID=467) to work on /opt/airflow/dags/en_species_dag.py
[2024-11-15T01:08:30.104+0000] {processor.py:914} INFO - Processing file /opt/airflow/dags/en_species_dag.py for tasks to queue
[2024-11-15T01:08:30.106+0000] {logging_mixin.py:190} INFO - [2024-11-15T01:08:30.106+0000] {dagbag.py:588} INFO - Filling up the DagBag from /opt/airflow/dags/en_species_dag.py
[2024-11-15T01:08:30.279+0000] {processor.py:925} INFO - DAG(s) 'en_species_etl' retrieved from /opt/airflow/dags/en_species_dag.py
[2024-11-15T01:08:30.294+0000] {logging_mixin.py:190} INFO - [2024-11-15T01:08:30.294+0000] {dag.py:3239} INFO - Sync 1 DAGs
[2024-11-15T01:08:30.308+0000] {logging_mixin.py:190} INFO - [2024-11-15T01:08:30.308+0000] {dag.py:4180} INFO - Setting next_dagrun for en_species_etl to 2024-11-01 00:00:00+00:00, run_after=2025-02-21 00:00:00+00:00
[2024-11-15T01:08:30.318+0000] {processor.py:208} INFO - Processing /opt/airflow/dags/en_species_dag.py took 0.222 seconds
[2024-11-15T01:09:00.618+0000] {processor.py:186} INFO - Started process (PID=475) to work on /opt/airflow/dags/en_species_dag.py
[2024-11-15T01:09:00.619+0000] {processor.py:914} INFO - Processing file /opt/airflow/dags/en_species_dag.py for tasks to queue
[2024-11-15T01:09:00.621+0000] {logging_mixin.py:190} INFO - [2024-11-15T01:09:00.620+0000] {dagbag.py:588} INFO - Filling up the DagBag from /opt/airflow/dags/en_species_dag.py
[2024-11-15T01:09:00.902+0000] {processor.py:925} INFO - DAG(s) 'en_species_etl' retrieved from /opt/airflow/dags/en_species_dag.py
[2024-11-15T01:09:00.921+0000] {logging_mixin.py:190} INFO - [2024-11-15T01:09:00.920+0000] {dag.py:3239} INFO - Sync 1 DAGs
[2024-11-15T01:09:00.934+0000] {logging_mixin.py:190} INFO - [2024-11-15T01:09:00.934+0000] {dag.py:4180} INFO - Setting next_dagrun for en_species_etl to 2024-11-01 00:00:00+00:00, run_after=2025-02-21 00:00:00+00:00
[2024-11-15T01:09:00.947+0000] {processor.py:208} INFO - Processing /opt/airflow/dags/en_species_dag.py took 0.334 seconds
[2024-11-15T01:09:31.276+0000] {processor.py:186} INFO - Started process (PID=483) to work on /opt/airflow/dags/en_species_dag.py
[2024-11-15T01:09:31.277+0000] {processor.py:914} INFO - Processing file /opt/airflow/dags/en_species_dag.py for tasks to queue
[2024-11-15T01:09:31.279+0000] {logging_mixin.py:190} INFO - [2024-11-15T01:09:31.279+0000] {dagbag.py:588} INFO - Filling up the DagBag from /opt/airflow/dags/en_species_dag.py
[2024-11-15T01:09:31.464+0000] {processor.py:925} INFO - DAG(s) 'en_species_etl' retrieved from /opt/airflow/dags/en_species_dag.py
[2024-11-15T01:09:31.477+0000] {logging_mixin.py:190} INFO - [2024-11-15T01:09:31.477+0000] {dag.py:3239} INFO - Sync 1 DAGs
[2024-11-15T01:09:31.488+0000] {logging_mixin.py:190} INFO - [2024-11-15T01:09:31.488+0000] {dag.py:4180} INFO - Setting next_dagrun for en_species_etl to 2024-11-01 00:00:00+00:00, run_after=2025-02-21 00:00:00+00:00
[2024-11-15T01:09:31.498+0000] {processor.py:208} INFO - Processing /opt/airflow/dags/en_species_dag.py took 0.230 seconds
[2024-11-15T01:10:01.568+0000] {processor.py:186} INFO - Started process (PID=491) to work on /opt/airflow/dags/en_species_dag.py
[2024-11-15T01:10:01.569+0000] {processor.py:914} INFO - Processing file /opt/airflow/dags/en_species_dag.py for tasks to queue
[2024-11-15T01:10:01.572+0000] {logging_mixin.py:190} INFO - [2024-11-15T01:10:01.571+0000] {dagbag.py:588} INFO - Filling up the DagBag from /opt/airflow/dags/en_species_dag.py
[2024-11-15T01:10:01.793+0000] {processor.py:925} INFO - DAG(s) 'en_species_etl' retrieved from /opt/airflow/dags/en_species_dag.py
[2024-11-15T01:10:01.807+0000] {logging_mixin.py:190} INFO - [2024-11-15T01:10:01.806+0000] {dag.py:3239} INFO - Sync 1 DAGs
[2024-11-15T01:10:01.821+0000] {logging_mixin.py:190} INFO - [2024-11-15T01:10:01.821+0000] {dag.py:4180} INFO - Setting next_dagrun for en_species_etl to 2024-11-01 00:00:00+00:00, run_after=2025-02-21 00:00:00+00:00
[2024-11-15T01:10:01.834+0000] {processor.py:208} INFO - Processing /opt/airflow/dags/en_species_dag.py took 0.274 seconds
[2024-11-15T01:33:39.748+0000] {processor.py:186} INFO - Started process (PID=43) to work on /opt/airflow/dags/en_species_dag.py
[2024-11-15T01:33:39.750+0000] {processor.py:914} INFO - Processing file /opt/airflow/dags/en_species_dag.py for tasks to queue
[2024-11-15T01:33:39.753+0000] {logging_mixin.py:190} INFO - [2024-11-15T01:33:39.753+0000] {dagbag.py:588} INFO - Filling up the DagBag from /opt/airflow/dags/en_species_dag.py
[2024-11-15T01:33:40.402+0000] {logging_mixin.py:190} INFO - [2024-11-15T01:33:40.400+0000] {dagbag.py:387} ERROR - Failed to import: /opt/airflow/dags/en_species_dag.py
Traceback (most recent call last):
  File "/home/airflow/.local/lib/python3.12/site-packages/airflow/models/dagbag.py", line 383, in parse
    loader.exec_module(new_module)
  File "<frozen importlib._bootstrap_external>", line 995, in exec_module
  File "<frozen importlib._bootstrap>", line 488, in _call_with_frames_removed
  File "/opt/airflow/dags/en_species_dag.py", line 17, in <module>
    RAW_DATA = Path(Variable.get("PROJ_DIR") / 'raw_data')
                    ~~~~~~~~~~~~~~~~~~~~~~~~~^~~~~~~~~~~~
TypeError: unsupported operand type(s) for /: 'str' and 'str'
[2024-11-15T01:33:40.403+0000] {processor.py:927} WARNING - No viable dags retrieved from /opt/airflow/dags/en_species_dag.py
[2024-11-15T01:33:40.424+0000] {processor.py:208} INFO - Processing /opt/airflow/dags/en_species_dag.py took 0.682 seconds
[2024-11-15T01:33:53.112+0000] {processor.py:186} INFO - Started process (PID=36) to work on /opt/airflow/dags/en_species_dag.py
[2024-11-15T01:33:53.113+0000] {processor.py:914} INFO - Processing file /opt/airflow/dags/en_species_dag.py for tasks to queue
[2024-11-15T01:33:53.115+0000] {logging_mixin.py:190} INFO - [2024-11-15T01:33:53.115+0000] {dagbag.py:588} INFO - Filling up the DagBag from /opt/airflow/dags/en_species_dag.py
[2024-11-15T01:33:53.613+0000] {logging_mixin.py:190} INFO - [2024-11-15T01:33:53.611+0000] {dagbag.py:387} ERROR - Failed to import: /opt/airflow/dags/en_species_dag.py
Traceback (most recent call last):
  File "/home/airflow/.local/lib/python3.12/site-packages/airflow/models/dagbag.py", line 383, in parse
    loader.exec_module(new_module)
  File "<frozen importlib._bootstrap_external>", line 995, in exec_module
  File "<frozen importlib._bootstrap>", line 488, in _call_with_frames_removed
  File "/opt/airflow/dags/en_species_dag.py", line 17, in <module>
    RAW_DATA = Path(Variable.get("PROJ_DIR") / 'raw_data')
                    ~~~~~~~~~~~~~~~~~~~~~~~~~^~~~~~~~~~~~
TypeError: unsupported operand type(s) for /: 'str' and 'str'
[2024-11-15T01:33:53.613+0000] {processor.py:927} WARNING - No viable dags retrieved from /opt/airflow/dags/en_species_dag.py
[2024-11-15T01:33:53.625+0000] {processor.py:208} INFO - Processing /opt/airflow/dags/en_species_dag.py took 0.519 seconds
[2024-11-15T01:34:16.841+0000] {processor.py:186} INFO - Started process (PID=44) to work on /opt/airflow/dags/en_species_dag.py
[2024-11-15T01:34:16.842+0000] {processor.py:914} INFO - Processing file /opt/airflow/dags/en_species_dag.py for tasks to queue
[2024-11-15T01:34:16.844+0000] {logging_mixin.py:190} INFO - [2024-11-15T01:34:16.843+0000] {dagbag.py:588} INFO - Filling up the DagBag from /opt/airflow/dags/en_species_dag.py
[2024-11-15T01:34:17.020+0000] {logging_mixin.py:190} INFO - [2024-11-15T01:34:17.019+0000] {dagbag.py:387} ERROR - Failed to import: /opt/airflow/dags/en_species_dag.py
Traceback (most recent call last):
  File "/home/airflow/.local/lib/python3.12/site-packages/airflow/models/dagbag.py", line 383, in parse
    loader.exec_module(new_module)
  File "<frozen importlib._bootstrap_external>", line 995, in exec_module
  File "<frozen importlib._bootstrap>", line 488, in _call_with_frames_removed
  File "/opt/airflow/dags/en_species_dag.py", line 17, in <module>
    RAW_DATA = Path(Variable.get("PROJ_DIR") / 'raw_data')
                    ~~~~~~~~~~~~~~~~~~~~~~~~~^~~~~~~~~~~~
TypeError: unsupported operand type(s) for /: 'str' and 'str'
[2024-11-15T01:34:17.021+0000] {processor.py:927} WARNING - No viable dags retrieved from /opt/airflow/dags/en_species_dag.py
[2024-11-15T01:34:17.032+0000] {processor.py:208} INFO - Processing /opt/airflow/dags/en_species_dag.py took 0.195 seconds
[2024-11-15T01:34:47.291+0000] {processor.py:186} INFO - Started process (PID=52) to work on /opt/airflow/dags/en_species_dag.py
[2024-11-15T01:34:47.292+0000] {processor.py:914} INFO - Processing file /opt/airflow/dags/en_species_dag.py for tasks to queue
[2024-11-15T01:34:47.294+0000] {logging_mixin.py:190} INFO - [2024-11-15T01:34:47.293+0000] {dagbag.py:588} INFO - Filling up the DagBag from /opt/airflow/dags/en_species_dag.py
[2024-11-15T01:34:47.462+0000] {logging_mixin.py:190} INFO - [2024-11-15T01:34:47.461+0000] {dagbag.py:387} ERROR - Failed to import: /opt/airflow/dags/en_species_dag.py
Traceback (most recent call last):
  File "/home/airflow/.local/lib/python3.12/site-packages/airflow/models/dagbag.py", line 383, in parse
    loader.exec_module(new_module)
  File "<frozen importlib._bootstrap_external>", line 995, in exec_module
  File "<frozen importlib._bootstrap>", line 488, in _call_with_frames_removed
  File "/opt/airflow/dags/en_species_dag.py", line 17, in <module>
    RAW_DATA = Path(Variable.get("PROJ_DIR") / 'raw_data')
                    ~~~~~~~~~~~~~~~~~~~~~~~~~^~~~~~~~~~~~
TypeError: unsupported operand type(s) for /: 'str' and 'str'
[2024-11-15T01:34:47.462+0000] {processor.py:927} WARNING - No viable dags retrieved from /opt/airflow/dags/en_species_dag.py
[2024-11-15T01:34:47.471+0000] {processor.py:208} INFO - Processing /opt/airflow/dags/en_species_dag.py took 0.184 seconds
[2024-11-15T01:35:07.864+0000] {processor.py:186} INFO - Started process (PID=60) to work on /opt/airflow/dags/en_species_dag.py
[2024-11-15T01:35:07.864+0000] {processor.py:914} INFO - Processing file /opt/airflow/dags/en_species_dag.py for tasks to queue
[2024-11-15T01:35:07.866+0000] {logging_mixin.py:190} INFO - [2024-11-15T01:35:07.865+0000] {dagbag.py:588} INFO - Filling up the DagBag from /opt/airflow/dags/en_species_dag.py
[2024-11-15T01:35:08.041+0000] {processor.py:925} INFO - DAG(s) 'en_species_etl' retrieved from /opt/airflow/dags/en_species_dag.py
[2024-11-15T01:35:08.153+0000] {logging_mixin.py:190} INFO - [2024-11-15T01:35:08.153+0000] {dag.py:3239} INFO - Sync 1 DAGs
[2024-11-15T01:35:08.163+0000] {logging_mixin.py:190} INFO - [2024-11-15T01:35:08.163+0000] {dag.py:4180} INFO - Setting next_dagrun for en_species_etl to 2024-11-01 00:00:00+00:00, run_after=2025-02-21 00:00:00+00:00
[2024-11-15T01:35:08.172+0000] {processor.py:208} INFO - Processing /opt/airflow/dags/en_species_dag.py took 0.315 seconds
[2024-11-15T01:35:37.148+0000] {processor.py:186} INFO - Started process (PID=68) to work on /opt/airflow/dags/en_species_dag.py
[2024-11-15T01:35:37.149+0000] {processor.py:914} INFO - Processing file /opt/airflow/dags/en_species_dag.py for tasks to queue
[2024-11-15T01:35:37.150+0000] {logging_mixin.py:190} INFO - [2024-11-15T01:35:37.150+0000] {dagbag.py:588} INFO - Filling up the DagBag from /opt/airflow/dags/en_species_dag.py
[2024-11-15T01:35:37.327+0000] {processor.py:925} INFO - DAG(s) 'en_species_etl' retrieved from /opt/airflow/dags/en_species_dag.py
[2024-11-15T01:35:37.334+0000] {logging_mixin.py:190} INFO - [2024-11-15T01:35:37.334+0000] {dag.py:3239} INFO - Sync 1 DAGs
[2024-11-15T01:35:37.345+0000] {logging_mixin.py:190} INFO - [2024-11-15T01:35:37.345+0000] {dag.py:4180} INFO - Setting next_dagrun for en_species_etl to 2024-11-01 00:00:00+00:00, run_after=2025-02-21 00:00:00+00:00
[2024-11-15T01:35:37.354+0000] {processor.py:208} INFO - Processing /opt/airflow/dags/en_species_dag.py took 0.213 seconds
[2024-11-15T01:35:52.496+0000] {processor.py:186} INFO - Started process (PID=69) to work on /opt/airflow/dags/en_species_dag.py
[2024-11-15T01:35:52.497+0000] {processor.py:914} INFO - Processing file /opt/airflow/dags/en_species_dag.py for tasks to queue
[2024-11-15T01:35:52.498+0000] {logging_mixin.py:190} INFO - [2024-11-15T01:35:52.498+0000] {dagbag.py:588} INFO - Filling up the DagBag from /opt/airflow/dags/en_species_dag.py
[2024-11-15T01:35:52.671+0000] {processor.py:925} INFO - DAG(s) 'en_species_etl' retrieved from /opt/airflow/dags/en_species_dag.py
[2024-11-15T01:35:52.684+0000] {logging_mixin.py:190} INFO - [2024-11-15T01:35:52.684+0000] {dag.py:3239} INFO - Sync 1 DAGs
[2024-11-15T01:35:52.695+0000] {logging_mixin.py:190} INFO - [2024-11-15T01:35:52.695+0000] {dag.py:4180} INFO - Setting next_dagrun for en_species_etl to 2024-11-01 00:00:00+00:00, run_after=2025-02-21 00:00:00+00:00
[2024-11-15T01:35:52.706+0000] {processor.py:208} INFO - Processing /opt/airflow/dags/en_species_dag.py took 0.214 seconds
[2024-11-15T01:36:03.829+0000] {processor.py:186} INFO - Started process (PID=77) to work on /opt/airflow/dags/en_species_dag.py
[2024-11-15T01:36:03.830+0000] {processor.py:914} INFO - Processing file /opt/airflow/dags/en_species_dag.py for tasks to queue
[2024-11-15T01:36:03.831+0000] {logging_mixin.py:190} INFO - [2024-11-15T01:36:03.831+0000] {dagbag.py:588} INFO - Filling up the DagBag from /opt/airflow/dags/en_species_dag.py
[2024-11-15T01:36:04.009+0000] {processor.py:925} INFO - DAG(s) 'en_species_etl' retrieved from /opt/airflow/dags/en_species_dag.py
[2024-11-15T01:36:04.024+0000] {logging_mixin.py:190} INFO - [2024-11-15T01:36:04.024+0000] {dag.py:3239} INFO - Sync 1 DAGs
[2024-11-15T01:36:04.036+0000] {logging_mixin.py:190} INFO - [2024-11-15T01:36:04.036+0000] {dag.py:4180} INFO - Setting next_dagrun for en_species_etl to 2024-11-01 00:00:00+00:00, run_after=2025-02-21 00:00:00+00:00
[2024-11-15T01:36:04.046+0000] {processor.py:208} INFO - Processing /opt/airflow/dags/en_species_dag.py took 0.222 seconds
[2024-11-15T01:36:34.303+0000] {processor.py:186} INFO - Started process (PID=89) to work on /opt/airflow/dags/en_species_dag.py
[2024-11-15T01:36:34.304+0000] {processor.py:914} INFO - Processing file /opt/airflow/dags/en_species_dag.py for tasks to queue
[2024-11-15T01:36:34.305+0000] {logging_mixin.py:190} INFO - [2024-11-15T01:36:34.305+0000] {dagbag.py:588} INFO - Filling up the DagBag from /opt/airflow/dags/en_species_dag.py
[2024-11-15T01:36:34.486+0000] {processor.py:925} INFO - DAG(s) 'en_species_etl' retrieved from /opt/airflow/dags/en_species_dag.py
[2024-11-15T01:36:34.498+0000] {logging_mixin.py:190} INFO - [2024-11-15T01:36:34.498+0000] {dag.py:3239} INFO - Sync 1 DAGs
[2024-11-15T01:36:34.519+0000] {processor.py:208} INFO - Processing /opt/airflow/dags/en_species_dag.py took 0.221 seconds
[2024-11-15T01:37:04.730+0000] {processor.py:186} INFO - Started process (PID=97) to work on /opt/airflow/dags/en_species_dag.py
[2024-11-15T01:37:04.731+0000] {processor.py:914} INFO - Processing file /opt/airflow/dags/en_species_dag.py for tasks to queue
[2024-11-15T01:37:04.732+0000] {logging_mixin.py:190} INFO - [2024-11-15T01:37:04.732+0000] {dagbag.py:588} INFO - Filling up the DagBag from /opt/airflow/dags/en_species_dag.py
[2024-11-15T01:37:04.907+0000] {processor.py:925} INFO - DAG(s) 'en_species_etl' retrieved from /opt/airflow/dags/en_species_dag.py
[2024-11-15T01:37:04.920+0000] {logging_mixin.py:190} INFO - [2024-11-15T01:37:04.919+0000] {dag.py:3239} INFO - Sync 1 DAGs
[2024-11-15T01:37:04.941+0000] {processor.py:208} INFO - Processing /opt/airflow/dags/en_species_dag.py took 0.216 seconds
[2024-11-15T01:37:35.202+0000] {processor.py:186} INFO - Started process (PID=105) to work on /opt/airflow/dags/en_species_dag.py
[2024-11-15T01:37:35.203+0000] {processor.py:914} INFO - Processing file /opt/airflow/dags/en_species_dag.py for tasks to queue
[2024-11-15T01:37:35.205+0000] {logging_mixin.py:190} INFO - [2024-11-15T01:37:35.204+0000] {dagbag.py:588} INFO - Filling up the DagBag from /opt/airflow/dags/en_species_dag.py
[2024-11-15T01:37:35.409+0000] {processor.py:925} INFO - DAG(s) 'en_species_etl' retrieved from /opt/airflow/dags/en_species_dag.py
[2024-11-15T01:37:35.426+0000] {logging_mixin.py:190} INFO - [2024-11-15T01:37:35.425+0000] {dag.py:3239} INFO - Sync 1 DAGs
[2024-11-15T01:37:35.447+0000] {processor.py:208} INFO - Processing /opt/airflow/dags/en_species_dag.py took 0.249 seconds
[2024-11-15T01:38:05.721+0000] {processor.py:186} INFO - Started process (PID=112) to work on /opt/airflow/dags/en_species_dag.py
[2024-11-15T01:38:05.722+0000] {processor.py:914} INFO - Processing file /opt/airflow/dags/en_species_dag.py for tasks to queue
[2024-11-15T01:38:05.723+0000] {logging_mixin.py:190} INFO - [2024-11-15T01:38:05.723+0000] {dagbag.py:588} INFO - Filling up the DagBag from /opt/airflow/dags/en_species_dag.py
[2024-11-15T01:38:05.921+0000] {processor.py:925} INFO - DAG(s) 'en_species_etl' retrieved from /opt/airflow/dags/en_species_dag.py
[2024-11-15T01:38:05.936+0000] {logging_mixin.py:190} INFO - [2024-11-15T01:38:05.936+0000] {dag.py:3239} INFO - Sync 1 DAGs
[2024-11-15T01:38:05.957+0000] {processor.py:208} INFO - Processing /opt/airflow/dags/en_species_dag.py took 0.242 seconds
[2024-11-15T01:39:37.544+0000] {processor.py:186} INFO - Started process (PID=43) to work on /opt/airflow/dags/en_species_dag.py
[2024-11-15T01:39:37.546+0000] {processor.py:914} INFO - Processing file /opt/airflow/dags/en_species_dag.py for tasks to queue
[2024-11-15T01:39:37.548+0000] {logging_mixin.py:190} INFO - [2024-11-15T01:39:37.547+0000] {dagbag.py:588} INFO - Filling up the DagBag from /opt/airflow/dags/en_species_dag.py
[2024-11-15T01:39:38.153+0000] {processor.py:925} INFO - DAG(s) 'en_species_etl' retrieved from /opt/airflow/dags/en_species_dag.py
[2024-11-15T01:39:38.307+0000] {logging_mixin.py:190} INFO - [2024-11-15T01:39:38.307+0000] {dag.py:3239} INFO - Sync 1 DAGs
[2024-11-15T01:39:38.327+0000] {processor.py:208} INFO - Processing /opt/airflow/dags/en_species_dag.py took 0.788 seconds
[2024-11-15T01:40:08.544+0000] {processor.py:186} INFO - Started process (PID=51) to work on /opt/airflow/dags/en_species_dag.py
[2024-11-15T01:40:08.545+0000] {processor.py:914} INFO - Processing file /opt/airflow/dags/en_species_dag.py for tasks to queue
[2024-11-15T01:40:08.547+0000] {logging_mixin.py:190} INFO - [2024-11-15T01:40:08.546+0000] {dagbag.py:588} INFO - Filling up the DagBag from /opt/airflow/dags/en_species_dag.py
[2024-11-15T01:40:08.985+0000] {processor.py:925} INFO - DAG(s) 'en_species_etl' retrieved from /opt/airflow/dags/en_species_dag.py
[2024-11-15T01:40:08.997+0000] {logging_mixin.py:190} INFO - [2024-11-15T01:40:08.997+0000] {dag.py:3239} INFO - Sync 1 DAGs
[2024-11-15T01:40:09.009+0000] {logging_mixin.py:190} INFO - [2024-11-15T01:40:09.009+0000] {dag.py:4180} INFO - Setting next_dagrun for en_species_etl to 2024-11-01 00:00:00+00:00, run_after=2025-02-21 00:00:00+00:00
[2024-11-15T01:40:09.019+0000] {processor.py:208} INFO - Processing /opt/airflow/dags/en_species_dag.py took 0.483 seconds
[2024-11-15T01:40:39.276+0000] {processor.py:186} INFO - Started process (PID=59) to work on /opt/airflow/dags/en_species_dag.py
[2024-11-15T01:40:39.277+0000] {processor.py:914} INFO - Processing file /opt/airflow/dags/en_species_dag.py for tasks to queue
[2024-11-15T01:40:39.280+0000] {logging_mixin.py:190} INFO - [2024-11-15T01:40:39.280+0000] {dagbag.py:588} INFO - Filling up the DagBag from /opt/airflow/dags/en_species_dag.py
[2024-11-15T01:40:39.692+0000] {processor.py:925} INFO - DAG(s) 'en_species_etl' retrieved from /opt/airflow/dags/en_species_dag.py
[2024-11-15T01:40:39.710+0000] {logging_mixin.py:190} INFO - [2024-11-15T01:40:39.710+0000] {dag.py:3239} INFO - Sync 1 DAGs
[2024-11-15T01:40:39.723+0000] {logging_mixin.py:190} INFO - [2024-11-15T01:40:39.723+0000] {dag.py:4180} INFO - Setting next_dagrun for en_species_etl to 2024-11-01 00:00:00+00:00, run_after=2025-02-21 00:00:00+00:00
[2024-11-15T01:40:39.734+0000] {processor.py:208} INFO - Processing /opt/airflow/dags/en_species_dag.py took 0.466 seconds
[2024-11-15T02:03:26.802+0000] {processor.py:186} INFO - Started process (PID=43) to work on /opt/airflow/dags/en_species_dag.py
[2024-11-15T02:03:26.803+0000] {processor.py:914} INFO - Processing file /opt/airflow/dags/en_species_dag.py for tasks to queue
[2024-11-15T02:03:26.808+0000] {logging_mixin.py:190} INFO - [2024-11-15T02:03:26.807+0000] {dagbag.py:588} INFO - Filling up the DagBag from /opt/airflow/dags/en_species_dag.py
[2024-11-15T02:03:27.738+0000] {processor.py:925} INFO - DAG(s) 'en_species_etl' retrieved from /opt/airflow/dags/en_species_dag.py
[2024-11-15T02:03:27.812+0000] {logging_mixin.py:190} INFO - [2024-11-15T02:03:27.812+0000] {dag.py:3239} INFO - Sync 1 DAGs
[2024-11-15T02:03:27.840+0000] {logging_mixin.py:190} INFO - [2024-11-15T02:03:27.840+0000] {dag.py:4180} INFO - Setting next_dagrun for en_species_etl to 2024-11-01 00:00:00+00:00, run_after=2025-02-21 00:00:00+00:00
[2024-11-15T02:03:27.881+0000] {processor.py:208} INFO - Processing /opt/airflow/dags/en_species_dag.py took 1.085 seconds
[2024-11-15T02:03:58.167+0000] {processor.py:186} INFO - Started process (PID=51) to work on /opt/airflow/dags/en_species_dag.py
[2024-11-15T02:03:58.169+0000] {processor.py:914} INFO - Processing file /opt/airflow/dags/en_species_dag.py for tasks to queue
[2024-11-15T02:03:58.172+0000] {logging_mixin.py:190} INFO - [2024-11-15T02:03:58.171+0000] {dagbag.py:588} INFO - Filling up the DagBag from /opt/airflow/dags/en_species_dag.py
[2024-11-15T02:03:58.544+0000] {processor.py:925} INFO - DAG(s) 'en_species_etl' retrieved from /opt/airflow/dags/en_species_dag.py
[2024-11-15T02:03:58.558+0000] {logging_mixin.py:190} INFO - [2024-11-15T02:03:58.558+0000] {dag.py:3239} INFO - Sync 1 DAGs
[2024-11-15T02:03:58.569+0000] {logging_mixin.py:190} INFO - [2024-11-15T02:03:58.568+0000] {dag.py:4180} INFO - Setting next_dagrun for en_species_etl to 2024-11-01 00:00:00+00:00, run_after=2025-02-21 00:00:00+00:00
[2024-11-15T02:03:58.578+0000] {processor.py:208} INFO - Processing /opt/airflow/dags/en_species_dag.py took 0.420 seconds
[2024-11-15T02:04:28.839+0000] {processor.py:186} INFO - Started process (PID=65) to work on /opt/airflow/dags/en_species_dag.py
[2024-11-15T02:04:28.840+0000] {processor.py:914} INFO - Processing file /opt/airflow/dags/en_species_dag.py for tasks to queue
[2024-11-15T02:04:28.842+0000] {logging_mixin.py:190} INFO - [2024-11-15T02:04:28.842+0000] {dagbag.py:588} INFO - Filling up the DagBag from /opt/airflow/dags/en_species_dag.py
[2024-11-15T02:04:29.211+0000] {processor.py:925} INFO - DAG(s) 'en_species_etl' retrieved from /opt/airflow/dags/en_species_dag.py
[2024-11-15T02:04:29.226+0000] {logging_mixin.py:190} INFO - [2024-11-15T02:04:29.226+0000] {dag.py:3239} INFO - Sync 1 DAGs
[2024-11-15T02:04:29.238+0000] {logging_mixin.py:190} INFO - [2024-11-15T02:04:29.238+0000] {dag.py:4180} INFO - Setting next_dagrun for en_species_etl to 2024-11-01 00:00:00+00:00, run_after=2025-02-21 00:00:00+00:00
[2024-11-15T02:04:29.249+0000] {processor.py:208} INFO - Processing /opt/airflow/dags/en_species_dag.py took 0.414 seconds
[2024-11-15T02:04:59.499+0000] {processor.py:186} INFO - Started process (PID=73) to work on /opt/airflow/dags/en_species_dag.py
[2024-11-15T02:04:59.500+0000] {processor.py:914} INFO - Processing file /opt/airflow/dags/en_species_dag.py for tasks to queue
[2024-11-15T02:04:59.502+0000] {logging_mixin.py:190} INFO - [2024-11-15T02:04:59.502+0000] {dagbag.py:588} INFO - Filling up the DagBag from /opt/airflow/dags/en_species_dag.py
[2024-11-15T02:04:59.809+0000] {processor.py:925} INFO - DAG(s) 'en_species_etl' retrieved from /opt/airflow/dags/en_species_dag.py
[2024-11-15T02:04:59.824+0000] {logging_mixin.py:190} INFO - [2024-11-15T02:04:59.824+0000] {dag.py:3239} INFO - Sync 1 DAGs
[2024-11-15T02:04:59.834+0000] {logging_mixin.py:190} INFO - [2024-11-15T02:04:59.834+0000] {dag.py:4180} INFO - Setting next_dagrun for en_species_etl to 2024-11-01 00:00:00+00:00, run_after=2025-02-21 00:00:00+00:00
[2024-11-15T02:04:59.843+0000] {processor.py:208} INFO - Processing /opt/airflow/dags/en_species_dag.py took 0.348 seconds
[2024-11-15T02:05:30.147+0000] {processor.py:186} INFO - Started process (PID=81) to work on /opt/airflow/dags/en_species_dag.py
[2024-11-15T02:05:30.148+0000] {processor.py:914} INFO - Processing file /opt/airflow/dags/en_species_dag.py for tasks to queue
[2024-11-15T02:05:30.151+0000] {logging_mixin.py:190} INFO - [2024-11-15T02:05:30.150+0000] {dagbag.py:588} INFO - Filling up the DagBag from /opt/airflow/dags/en_species_dag.py
[2024-11-15T02:05:30.489+0000] {processor.py:925} INFO - DAG(s) 'en_species_etl' retrieved from /opt/airflow/dags/en_species_dag.py
[2024-11-15T02:05:30.505+0000] {logging_mixin.py:190} INFO - [2024-11-15T02:05:30.505+0000] {dag.py:3239} INFO - Sync 1 DAGs
[2024-11-15T02:05:30.520+0000] {logging_mixin.py:190} INFO - [2024-11-15T02:05:30.520+0000] {dag.py:4180} INFO - Setting next_dagrun for en_species_etl to 2024-11-01 00:00:00+00:00, run_after=2025-02-21 00:00:00+00:00
[2024-11-15T02:05:30.533+0000] {processor.py:208} INFO - Processing /opt/airflow/dags/en_species_dag.py took 0.393 seconds
[2024-11-15T02:06:00.799+0000] {processor.py:186} INFO - Started process (PID=89) to work on /opt/airflow/dags/en_species_dag.py
[2024-11-15T02:06:00.800+0000] {processor.py:914} INFO - Processing file /opt/airflow/dags/en_species_dag.py for tasks to queue
[2024-11-15T02:06:00.802+0000] {logging_mixin.py:190} INFO - [2024-11-15T02:06:00.801+0000] {dagbag.py:588} INFO - Filling up the DagBag from /opt/airflow/dags/en_species_dag.py
[2024-11-15T02:06:00.999+0000] {processor.py:925} INFO - DAG(s) 'en_species_etl' retrieved from /opt/airflow/dags/en_species_dag.py
[2024-11-15T02:06:01.014+0000] {logging_mixin.py:190} INFO - [2024-11-15T02:06:01.013+0000] {dag.py:3239} INFO - Sync 1 DAGs
[2024-11-15T02:06:01.026+0000] {logging_mixin.py:190} INFO - [2024-11-15T02:06:01.025+0000] {dag.py:4180} INFO - Setting next_dagrun for en_species_etl to 2024-11-01 00:00:00+00:00, run_after=2025-02-21 00:00:00+00:00
[2024-11-15T02:06:01.034+0000] {processor.py:208} INFO - Processing /opt/airflow/dags/en_species_dag.py took 0.242 seconds
[2024-11-15T02:06:23.010+0000] {processor.py:186} INFO - Started process (PID=91) to work on /opt/airflow/dags/en_species_dag.py
[2024-11-15T02:06:23.011+0000] {processor.py:914} INFO - Processing file /opt/airflow/dags/en_species_dag.py for tasks to queue
[2024-11-15T02:06:23.013+0000] {logging_mixin.py:190} INFO - [2024-11-15T02:06:23.013+0000] {dagbag.py:588} INFO - Filling up the DagBag from /opt/airflow/dags/en_species_dag.py
[2024-11-15T02:06:23.198+0000] {processor.py:925} INFO - DAG(s) 'en_species_etl' retrieved from /opt/airflow/dags/en_species_dag.py
[2024-11-15T02:06:23.211+0000] {logging_mixin.py:190} INFO - [2024-11-15T02:06:23.211+0000] {dag.py:3239} INFO - Sync 1 DAGs
[2024-11-15T02:06:23.222+0000] {logging_mixin.py:190} INFO - [2024-11-15T02:06:23.222+0000] {dag.py:4180} INFO - Setting next_dagrun for en_species_etl to 2024-11-01 00:00:00+00:00, run_after=2025-02-21 00:00:00+00:00
[2024-11-15T02:06:23.232+0000] {processor.py:208} INFO - Processing /opt/airflow/dags/en_species_dag.py took 0.228 seconds
[2024-11-15T02:06:53.462+0000] {processor.py:186} INFO - Started process (PID=99) to work on /opt/airflow/dags/en_species_dag.py
[2024-11-15T02:06:53.463+0000] {processor.py:914} INFO - Processing file /opt/airflow/dags/en_species_dag.py for tasks to queue
[2024-11-15T02:06:53.465+0000] {logging_mixin.py:190} INFO - [2024-11-15T02:06:53.465+0000] {dagbag.py:588} INFO - Filling up the DagBag from /opt/airflow/dags/en_species_dag.py
[2024-11-15T02:06:53.697+0000] {processor.py:925} INFO - DAG(s) 'en_species_etl' retrieved from /opt/airflow/dags/en_species_dag.py
[2024-11-15T02:06:53.718+0000] {logging_mixin.py:190} INFO - [2024-11-15T02:06:53.718+0000] {dag.py:3239} INFO - Sync 1 DAGs
[2024-11-15T02:06:53.742+0000] {processor.py:208} INFO - Processing /opt/airflow/dags/en_species_dag.py took 0.284 seconds
[2024-11-15T02:07:24.059+0000] {processor.py:186} INFO - Started process (PID=107) to work on /opt/airflow/dags/en_species_dag.py
[2024-11-15T02:07:24.060+0000] {processor.py:914} INFO - Processing file /opt/airflow/dags/en_species_dag.py for tasks to queue
[2024-11-15T02:07:24.062+0000] {logging_mixin.py:190} INFO - [2024-11-15T02:07:24.062+0000] {dagbag.py:588} INFO - Filling up the DagBag from /opt/airflow/dags/en_species_dag.py
[2024-11-15T02:07:24.248+0000] {processor.py:925} INFO - DAG(s) 'en_species_etl' retrieved from /opt/airflow/dags/en_species_dag.py
[2024-11-15T02:07:24.263+0000] {logging_mixin.py:190} INFO - [2024-11-15T02:07:24.262+0000] {dag.py:3239} INFO - Sync 1 DAGs
[2024-11-15T02:07:24.285+0000] {logging_mixin.py:190} INFO - [2024-11-15T02:07:24.285+0000] {dag.py:4180} INFO - Setting next_dagrun for en_species_etl to 2024-11-01 00:00:00+00:00, run_after=2025-02-21 00:00:00+00:00
[2024-11-15T02:07:24.296+0000] {processor.py:208} INFO - Processing /opt/airflow/dags/en_species_dag.py took 0.244 seconds
[2024-11-15T02:07:46.514+0000] {processor.py:186} INFO - Started process (PID=115) to work on /opt/airflow/dags/en_species_dag.py
[2024-11-15T02:07:46.514+0000] {processor.py:914} INFO - Processing file /opt/airflow/dags/en_species_dag.py for tasks to queue
[2024-11-15T02:07:46.516+0000] {logging_mixin.py:190} INFO - [2024-11-15T02:07:46.516+0000] {dagbag.py:588} INFO - Filling up the DagBag from /opt/airflow/dags/en_species_dag.py
[2024-11-15T02:07:46.716+0000] {processor.py:925} INFO - DAG(s) 'en_species_etl' retrieved from /opt/airflow/dags/en_species_dag.py
[2024-11-15T02:07:46.731+0000] {logging_mixin.py:190} INFO - [2024-11-15T02:07:46.731+0000] {dag.py:3239} INFO - Sync 1 DAGs
[2024-11-15T02:07:46.743+0000] {logging_mixin.py:190} INFO - [2024-11-15T02:07:46.743+0000] {dag.py:4180} INFO - Setting next_dagrun for en_species_etl to 2024-11-01 00:00:00+00:00, run_after=2025-02-21 00:00:00+00:00
[2024-11-15T02:07:46.754+0000] {processor.py:208} INFO - Processing /opt/airflow/dags/en_species_dag.py took 0.245 seconds
[2024-11-15T02:08:10.091+0000] {processor.py:186} INFO - Started process (PID=123) to work on /opt/airflow/dags/en_species_dag.py
[2024-11-15T02:08:10.092+0000] {processor.py:914} INFO - Processing file /opt/airflow/dags/en_species_dag.py for tasks to queue
[2024-11-15T02:08:10.094+0000] {logging_mixin.py:190} INFO - [2024-11-15T02:08:10.094+0000] {dagbag.py:588} INFO - Filling up the DagBag from /opt/airflow/dags/en_species_dag.py
[2024-11-15T02:08:10.269+0000] {processor.py:925} INFO - DAG(s) 'en_species_etl' retrieved from /opt/airflow/dags/en_species_dag.py
[2024-11-15T02:08:10.282+0000] {logging_mixin.py:190} INFO - [2024-11-15T02:08:10.282+0000] {dag.py:3239} INFO - Sync 1 DAGs
[2024-11-15T02:08:10.294+0000] {logging_mixin.py:190} INFO - [2024-11-15T02:08:10.294+0000] {dag.py:4180} INFO - Setting next_dagrun for en_species_etl to 2024-11-01 00:00:00+00:00, run_after=2025-02-21 00:00:00+00:00
[2024-11-15T02:08:10.302+0000] {processor.py:208} INFO - Processing /opt/airflow/dags/en_species_dag.py took 0.217 seconds
[2024-11-15T02:08:40.553+0000] {processor.py:186} INFO - Started process (PID=131) to work on /opt/airflow/dags/en_species_dag.py
[2024-11-15T02:08:40.554+0000] {processor.py:914} INFO - Processing file /opt/airflow/dags/en_species_dag.py for tasks to queue
[2024-11-15T02:08:40.555+0000] {logging_mixin.py:190} INFO - [2024-11-15T02:08:40.555+0000] {dagbag.py:588} INFO - Filling up the DagBag from /opt/airflow/dags/en_species_dag.py
[2024-11-15T02:08:40.735+0000] {processor.py:925} INFO - DAG(s) 'en_species_etl' retrieved from /opt/airflow/dags/en_species_dag.py
[2024-11-15T02:08:40.748+0000] {logging_mixin.py:190} INFO - [2024-11-15T02:08:40.748+0000] {dag.py:3239} INFO - Sync 1 DAGs
[2024-11-15T02:08:40.760+0000] {logging_mixin.py:190} INFO - [2024-11-15T02:08:40.760+0000] {dag.py:4180} INFO - Setting next_dagrun for en_species_etl to 2024-11-01 00:00:00+00:00, run_after=2025-02-21 00:00:00+00:00
[2024-11-15T02:08:40.768+0000] {processor.py:208} INFO - Processing /opt/airflow/dags/en_species_dag.py took 0.220 seconds
[2024-11-15T02:08:58.803+0000] {processor.py:186} INFO - Started process (PID=132) to work on /opt/airflow/dags/en_species_dag.py
[2024-11-15T02:08:58.804+0000] {processor.py:914} INFO - Processing file /opt/airflow/dags/en_species_dag.py for tasks to queue
[2024-11-15T02:08:58.806+0000] {logging_mixin.py:190} INFO - [2024-11-15T02:08:58.806+0000] {dagbag.py:588} INFO - Filling up the DagBag from /opt/airflow/dags/en_species_dag.py
[2024-11-15T02:08:58.982+0000] {processor.py:925} INFO - DAG(s) 'en_species_etl' retrieved from /opt/airflow/dags/en_species_dag.py
[2024-11-15T02:08:58.995+0000] {logging_mixin.py:190} INFO - [2024-11-15T02:08:58.995+0000] {dag.py:3239} INFO - Sync 1 DAGs
[2024-11-15T02:08:59.006+0000] {logging_mixin.py:190} INFO - [2024-11-15T02:08:59.006+0000] {dag.py:4180} INFO - Setting next_dagrun for en_species_etl to 2024-11-01 00:00:00+00:00, run_after=2025-02-21 00:00:00+00:00
[2024-11-15T02:08:59.015+0000] {processor.py:208} INFO - Processing /opt/airflow/dags/en_species_dag.py took 0.218 seconds
[2024-11-15T02:09:08.126+0000] {processor.py:186} INFO - Started process (PID=140) to work on /opt/airflow/dags/en_species_dag.py
[2024-11-15T02:09:08.126+0000] {processor.py:914} INFO - Processing file /opt/airflow/dags/en_species_dag.py for tasks to queue
[2024-11-15T02:09:08.129+0000] {logging_mixin.py:190} INFO - [2024-11-15T02:09:08.128+0000] {dagbag.py:588} INFO - Filling up the DagBag from /opt/airflow/dags/en_species_dag.py
[2024-11-15T02:09:08.319+0000] {processor.py:925} INFO - DAG(s) 'en_species_etl' retrieved from /opt/airflow/dags/en_species_dag.py
[2024-11-15T02:09:08.334+0000] {logging_mixin.py:190} INFO - [2024-11-15T02:09:08.334+0000] {dag.py:3239} INFO - Sync 1 DAGs
[2024-11-15T02:09:08.346+0000] {logging_mixin.py:190} INFO - [2024-11-15T02:09:08.346+0000] {dag.py:4180} INFO - Setting next_dagrun for en_species_etl to 2024-11-01 00:00:00+00:00, run_after=2025-02-21 00:00:00+00:00
[2024-11-15T02:09:08.356+0000] {processor.py:208} INFO - Processing /opt/airflow/dags/en_species_dag.py took 0.236 seconds
[2024-11-15T02:09:38.619+0000] {processor.py:186} INFO - Started process (PID=148) to work on /opt/airflow/dags/en_species_dag.py
[2024-11-15T02:09:38.620+0000] {processor.py:914} INFO - Processing file /opt/airflow/dags/en_species_dag.py for tasks to queue
[2024-11-15T02:09:38.622+0000] {logging_mixin.py:190} INFO - [2024-11-15T02:09:38.622+0000] {dagbag.py:588} INFO - Filling up the DagBag from /opt/airflow/dags/en_species_dag.py
[2024-11-15T02:09:38.796+0000] {processor.py:925} INFO - DAG(s) 'en_species_etl' retrieved from /opt/airflow/dags/en_species_dag.py
[2024-11-15T02:09:38.811+0000] {logging_mixin.py:190} INFO - [2024-11-15T02:09:38.811+0000] {dag.py:3239} INFO - Sync 1 DAGs
[2024-11-15T02:09:38.823+0000] {logging_mixin.py:190} INFO - [2024-11-15T02:09:38.823+0000] {dag.py:4180} INFO - Setting next_dagrun for en_species_etl to 2024-11-01 00:00:00+00:00, run_after=2025-02-21 00:00:00+00:00
[2024-11-15T02:09:38.832+0000] {processor.py:208} INFO - Processing /opt/airflow/dags/en_species_dag.py took 0.219 seconds
