[2024-11-17T06:21:18.889+0000] {processor.py:186} INFO - Started process (PID=364) to work on /opt/airflow/dags/create_table.py
[2024-11-17T06:21:18.890+0000] {processor.py:914} INFO - Processing file /opt/airflow/dags/create_table.py for tasks to queue
[2024-11-17T06:21:18.892+0000] {logging_mixin.py:190} INFO - [2024-11-17T06:21:18.891+0000] {dagbag.py:588} INFO - Filling up the DagBag from /opt/airflow/dags/create_table.py
[2024-11-17T06:21:18.898+0000] {logging_mixin.py:190} INFO - [2024-11-17T06:21:18.895+0000] {dagbag.py:387} ERROR - Failed to import: /opt/airflow/dags/create_table.py
Traceback (most recent call last):
  File "/home/airflow/.local/lib/python3.12/site-packages/airflow/models/dagbag.py", line 383, in parse
    loader.exec_module(new_module)
  File "<frozen importlib._bootstrap_external>", line 995, in exec_module
  File "<frozen importlib._bootstrap>", line 488, in _call_with_frames_removed
  File "/opt/airflow/dags/create_table.py", line 14, in <module>
    start_date=datetime.datetime(2020, 2, 2),
               ^^^^^^^^^^^^^^^^^
AttributeError: type object 'datetime.datetime' has no attribute 'datetime'
[2024-11-17T06:21:18.898+0000] {processor.py:927} WARNING - No viable dags retrieved from /opt/airflow/dags/create_table.py
[2024-11-17T06:21:18.913+0000] {processor.py:208} INFO - Processing /opt/airflow/dags/create_table.py took 0.029 seconds
[2024-11-17T06:21:37.127+0000] {processor.py:186} INFO - Started process (PID=372) to work on /opt/airflow/dags/create_table.py
[2024-11-17T06:21:37.128+0000] {processor.py:914} INFO - Processing file /opt/airflow/dags/create_table.py for tasks to queue
[2024-11-17T06:21:37.131+0000] {logging_mixin.py:190} INFO - [2024-11-17T06:21:37.131+0000] {dagbag.py:588} INFO - Filling up the DagBag from /opt/airflow/dags/create_table.py
[2024-11-17T06:21:37.136+0000] {logging_mixin.py:190} INFO - [2024-11-17T06:21:37.135+0000] {dagbag.py:387} ERROR - Failed to import: /opt/airflow/dags/create_table.py
Traceback (most recent call last):
  File "/home/airflow/.local/lib/python3.12/site-packages/airflow/models/dagbag.py", line 383, in parse
    loader.exec_module(new_module)
  File "<frozen importlib._bootstrap_external>", line 991, in exec_module
  File "<frozen importlib._bootstrap_external>", line 1129, in get_code
  File "<frozen importlib._bootstrap_external>", line 1059, in source_to_code
  File "<frozen importlib._bootstrap>", line 488, in _call_with_frames_removed
  File "/opt/airflow/dags/create_table.py", line 6
    from airflow.providers.common.sql.operators.sql import 
                                                           ^
SyntaxError: invalid syntax
[2024-11-17T06:21:37.137+0000] {processor.py:927} WARNING - No viable dags retrieved from /opt/airflow/dags/create_table.py
[2024-11-17T06:21:37.152+0000] {processor.py:208} INFO - Processing /opt/airflow/dags/create_table.py took 0.035 seconds
[2024-11-17T06:21:43.224+0000] {processor.py:186} INFO - Started process (PID=374) to work on /opt/airflow/dags/create_table.py
[2024-11-17T06:21:43.225+0000] {processor.py:914} INFO - Processing file /opt/airflow/dags/create_table.py for tasks to queue
[2024-11-17T06:21:43.228+0000] {logging_mixin.py:190} INFO - [2024-11-17T06:21:43.228+0000] {dagbag.py:588} INFO - Filling up the DagBag from /opt/airflow/dags/create_table.py
[2024-11-17T06:21:43.234+0000] {logging_mixin.py:190} INFO - [2024-11-17T06:21:43.233+0000] {dagbag.py:387} ERROR - Failed to import: /opt/airflow/dags/create_table.py
Traceback (most recent call last):
  File "/home/airflow/.local/lib/python3.12/site-packages/airflow/models/dagbag.py", line 383, in parse
    loader.exec_module(new_module)
  File "<frozen importlib._bootstrap_external>", line 995, in exec_module
  File "<frozen importlib._bootstrap>", line 488, in _call_with_frames_removed
  File "/opt/airflow/dags/create_table.py", line 15, in <module>
    start_date=datetime.datetime(2020, 2, 2),
               ^^^^^^^^^^^^^^^^^
AttributeError: type object 'datetime.datetime' has no attribute 'datetime'
[2024-11-17T06:21:43.235+0000] {processor.py:927} WARNING - No viable dags retrieved from /opt/airflow/dags/create_table.py
[2024-11-17T06:21:43.248+0000] {processor.py:208} INFO - Processing /opt/airflow/dags/create_table.py took 0.031 seconds
[2024-11-17T06:22:13.562+0000] {processor.py:186} INFO - Started process (PID=383) to work on /opt/airflow/dags/create_table.py
[2024-11-17T06:22:13.563+0000] {processor.py:914} INFO - Processing file /opt/airflow/dags/create_table.py for tasks to queue
[2024-11-17T06:22:13.566+0000] {logging_mixin.py:190} INFO - [2024-11-17T06:22:13.566+0000] {dagbag.py:588} INFO - Filling up the DagBag from /opt/airflow/dags/create_table.py
[2024-11-17T06:22:13.572+0000] {logging_mixin.py:190} INFO - [2024-11-17T06:22:13.570+0000] {dagbag.py:387} ERROR - Failed to import: /opt/airflow/dags/create_table.py
Traceback (most recent call last):
  File "/home/airflow/.local/lib/python3.12/site-packages/airflow/models/dagbag.py", line 383, in parse
    loader.exec_module(new_module)
  File "<frozen importlib._bootstrap_external>", line 995, in exec_module
  File "<frozen importlib._bootstrap>", line 488, in _call_with_frames_removed
  File "/opt/airflow/dags/create_table.py", line 15, in <module>
    start_date=datetime.datetime(2020, 2, 2),
               ^^^^^^^^^^^^^^^^^
AttributeError: type object 'datetime.datetime' has no attribute 'datetime'
[2024-11-17T06:22:13.573+0000] {processor.py:927} WARNING - No viable dags retrieved from /opt/airflow/dags/create_table.py
[2024-11-17T06:22:13.587+0000] {processor.py:208} INFO - Processing /opt/airflow/dags/create_table.py took 0.032 seconds
[2024-11-17T06:22:27.716+0000] {processor.py:186} INFO - Started process (PID=392) to work on /opt/airflow/dags/create_table.py
[2024-11-17T06:22:27.717+0000] {processor.py:914} INFO - Processing file /opt/airflow/dags/create_table.py for tasks to queue
[2024-11-17T06:22:27.719+0000] {logging_mixin.py:190} INFO - [2024-11-17T06:22:27.719+0000] {dagbag.py:588} INFO - Filling up the DagBag from /opt/airflow/dags/create_table.py
[2024-11-17T06:22:27.727+0000] {processor.py:925} INFO - DAG(s) 'postgres_operator_dag' retrieved from /opt/airflow/dags/create_table.py
[2024-11-17T06:22:27.794+0000] {logging_mixin.py:190} INFO - [2024-11-17T06:22:27.793+0000] {override.py:1911} INFO - Created Permission View: can edit on DAG:postgres_operator_dag
[2024-11-17T06:22:27.799+0000] {logging_mixin.py:190} INFO - [2024-11-17T06:22:27.799+0000] {override.py:1911} INFO - Created Permission View: can delete on DAG:postgres_operator_dag
[2024-11-17T06:22:27.801+0000] {logging_mixin.py:190} INFO - [2024-11-17T06:22:27.801+0000] {override.py:1911} INFO - Created Permission View: can read on DAG:postgres_operator_dag
[2024-11-17T06:22:27.804+0000] {logging_mixin.py:190} INFO - [2024-11-17T06:22:27.804+0000] {override.py:1911} INFO - Created Permission View: menu access on DAG Run:postgres_operator_dag
[2024-11-17T06:22:27.806+0000] {logging_mixin.py:190} INFO - [2024-11-17T06:22:27.806+0000] {override.py:1911} INFO - Created Permission View: can create on DAG Run:postgres_operator_dag
[2024-11-17T06:22:27.808+0000] {logging_mixin.py:190} INFO - [2024-11-17T06:22:27.808+0000] {override.py:1911} INFO - Created Permission View: can delete on DAG Run:postgres_operator_dag
[2024-11-17T06:22:27.809+0000] {logging_mixin.py:190} INFO - [2024-11-17T06:22:27.809+0000] {override.py:1911} INFO - Created Permission View: can read on DAG Run:postgres_operator_dag
[2024-11-17T06:22:27.810+0000] {logging_mixin.py:190} INFO - [2024-11-17T06:22:27.810+0000] {dag.py:3239} INFO - Sync 1 DAGs
[2024-11-17T06:22:27.816+0000] {logging_mixin.py:190} INFO - [2024-11-17T06:22:27.816+0000] {dag.py:3262} INFO - Creating ORM DAG for postgres_operator_dag
[2024-11-17T06:22:27.820+0000] {logging_mixin.py:190} INFO - [2024-11-17T06:22:27.820+0000] {dag.py:4180} INFO - Setting next_dagrun for postgres_operator_dag to 2020-02-02 00:00:00+00:00, run_after=2020-02-02 00:00:00+00:00
[2024-11-17T06:22:27.828+0000] {processor.py:208} INFO - Processing /opt/airflow/dags/create_table.py took 0.116 seconds
[2024-11-17T06:22:58.293+0000] {processor.py:186} INFO - Started process (PID=401) to work on /opt/airflow/dags/create_table.py
[2024-11-17T06:22:58.294+0000] {processor.py:914} INFO - Processing file /opt/airflow/dags/create_table.py for tasks to queue
[2024-11-17T06:22:58.297+0000] {logging_mixin.py:190} INFO - [2024-11-17T06:22:58.296+0000] {dagbag.py:588} INFO - Filling up the DagBag from /opt/airflow/dags/create_table.py
[2024-11-17T06:22:58.306+0000] {processor.py:925} INFO - DAG(s) 'postgres_operator_dag' retrieved from /opt/airflow/dags/create_table.py
[2024-11-17T06:22:58.325+0000] {logging_mixin.py:190} INFO - [2024-11-17T06:22:58.324+0000] {dag.py:3239} INFO - Sync 1 DAGs
[2024-11-17T06:22:58.338+0000] {logging_mixin.py:190} INFO - [2024-11-17T06:22:58.338+0000] {dag.py:4180} INFO - Setting next_dagrun for postgres_operator_dag to 2020-02-02 00:00:00+00:00, run_after=2020-02-02 00:00:00+00:00
[2024-11-17T06:22:58.348+0000] {processor.py:208} INFO - Processing /opt/airflow/dags/create_table.py took 0.063 seconds
[2024-11-17T06:23:28.900+0000] {processor.py:186} INFO - Started process (PID=410) to work on /opt/airflow/dags/create_table.py
[2024-11-17T06:23:28.901+0000] {processor.py:914} INFO - Processing file /opt/airflow/dags/create_table.py for tasks to queue
[2024-11-17T06:23:28.904+0000] {logging_mixin.py:190} INFO - [2024-11-17T06:23:28.903+0000] {dagbag.py:588} INFO - Filling up the DagBag from /opt/airflow/dags/create_table.py
[2024-11-17T06:23:28.911+0000] {processor.py:925} INFO - DAG(s) 'postgres_operator_dag' retrieved from /opt/airflow/dags/create_table.py
[2024-11-17T06:23:28.930+0000] {logging_mixin.py:190} INFO - [2024-11-17T06:23:28.930+0000] {dag.py:3239} INFO - Sync 1 DAGs
[2024-11-17T06:23:28.943+0000] {logging_mixin.py:190} INFO - [2024-11-17T06:23:28.943+0000] {dag.py:4180} INFO - Setting next_dagrun for postgres_operator_dag to 2020-02-02 00:00:00+00:00, run_after=2020-02-02 00:00:00+00:00
[2024-11-17T06:23:28.952+0000] {processor.py:208} INFO - Processing /opt/airflow/dags/create_table.py took 0.062 seconds
[2024-11-17T06:23:59.434+0000] {processor.py:186} INFO - Started process (PID=419) to work on /opt/airflow/dags/create_table.py
[2024-11-17T06:23:59.435+0000] {processor.py:914} INFO - Processing file /opt/airflow/dags/create_table.py for tasks to queue
[2024-11-17T06:23:59.438+0000] {logging_mixin.py:190} INFO - [2024-11-17T06:23:59.438+0000] {dagbag.py:588} INFO - Filling up the DagBag from /opt/airflow/dags/create_table.py
[2024-11-17T06:23:59.446+0000] {processor.py:925} INFO - DAG(s) 'postgres_operator_dag' retrieved from /opt/airflow/dags/create_table.py
[2024-11-17T06:23:59.465+0000] {logging_mixin.py:190} INFO - [2024-11-17T06:23:59.464+0000] {dag.py:3239} INFO - Sync 1 DAGs
[2024-11-17T06:23:59.479+0000] {logging_mixin.py:190} INFO - [2024-11-17T06:23:59.479+0000] {dag.py:4180} INFO - Setting next_dagrun for postgres_operator_dag to 2020-02-02 00:00:00+00:00, run_after=2020-02-02 00:00:00+00:00
[2024-11-17T06:23:59.490+0000] {processor.py:208} INFO - Processing /opt/airflow/dags/create_table.py took 0.060 seconds
[2024-11-17T06:24:30.077+0000] {processor.py:186} INFO - Started process (PID=432) to work on /opt/airflow/dags/create_table.py
[2024-11-17T06:24:30.078+0000] {processor.py:914} INFO - Processing file /opt/airflow/dags/create_table.py for tasks to queue
[2024-11-17T06:24:30.080+0000] {logging_mixin.py:190} INFO - [2024-11-17T06:24:30.079+0000] {dagbag.py:588} INFO - Filling up the DagBag from /opt/airflow/dags/create_table.py
[2024-11-17T06:24:30.087+0000] {processor.py:925} INFO - DAG(s) 'postgres_operator_dag' retrieved from /opt/airflow/dags/create_table.py
[2024-11-17T06:24:30.105+0000] {logging_mixin.py:190} INFO - [2024-11-17T06:24:30.105+0000] {dag.py:3239} INFO - Sync 1 DAGs
[2024-11-17T06:24:30.118+0000] {logging_mixin.py:190} INFO - [2024-11-17T06:24:30.118+0000] {dag.py:4180} INFO - Setting next_dagrun for postgres_operator_dag to None, run_after=None
[2024-11-17T06:24:30.127+0000] {processor.py:208} INFO - Processing /opt/airflow/dags/create_table.py took 0.057 seconds
[2024-11-17T06:25:00.593+0000] {processor.py:186} INFO - Started process (PID=441) to work on /opt/airflow/dags/create_table.py
[2024-11-17T06:25:00.594+0000] {processor.py:914} INFO - Processing file /opt/airflow/dags/create_table.py for tasks to queue
[2024-11-17T06:25:00.597+0000] {logging_mixin.py:190} INFO - [2024-11-17T06:25:00.596+0000] {dagbag.py:588} INFO - Filling up the DagBag from /opt/airflow/dags/create_table.py
[2024-11-17T06:25:00.604+0000] {processor.py:925} INFO - DAG(s) 'postgres_operator_dag' retrieved from /opt/airflow/dags/create_table.py
[2024-11-17T06:25:00.621+0000] {logging_mixin.py:190} INFO - [2024-11-17T06:25:00.621+0000] {dag.py:3239} INFO - Sync 1 DAGs
[2024-11-17T06:25:00.632+0000] {logging_mixin.py:190} INFO - [2024-11-17T06:25:00.632+0000] {dag.py:4180} INFO - Setting next_dagrun for postgres_operator_dag to None, run_after=None
[2024-11-17T06:25:00.640+0000] {processor.py:208} INFO - Processing /opt/airflow/dags/create_table.py took 0.054 seconds
[2024-11-17T06:25:31.156+0000] {processor.py:186} INFO - Started process (PID=450) to work on /opt/airflow/dags/create_table.py
[2024-11-17T06:25:31.157+0000] {processor.py:914} INFO - Processing file /opt/airflow/dags/create_table.py for tasks to queue
[2024-11-17T06:25:31.161+0000] {logging_mixin.py:190} INFO - [2024-11-17T06:25:31.160+0000] {dagbag.py:588} INFO - Filling up the DagBag from /opt/airflow/dags/create_table.py
[2024-11-17T06:25:31.169+0000] {processor.py:925} INFO - DAG(s) 'postgres_operator_dag' retrieved from /opt/airflow/dags/create_table.py
[2024-11-17T06:25:31.186+0000] {logging_mixin.py:190} INFO - [2024-11-17T06:25:31.186+0000] {dag.py:3239} INFO - Sync 1 DAGs
[2024-11-17T06:25:31.199+0000] {logging_mixin.py:190} INFO - [2024-11-17T06:25:31.199+0000] {dag.py:4180} INFO - Setting next_dagrun for postgres_operator_dag to None, run_after=None
[2024-11-17T06:25:31.209+0000] {processor.py:208} INFO - Processing /opt/airflow/dags/create_table.py took 0.059 seconds
[2024-11-17T06:26:01.683+0000] {processor.py:186} INFO - Started process (PID=459) to work on /opt/airflow/dags/create_table.py
[2024-11-17T06:26:01.684+0000] {processor.py:914} INFO - Processing file /opt/airflow/dags/create_table.py for tasks to queue
[2024-11-17T06:26:01.688+0000] {logging_mixin.py:190} INFO - [2024-11-17T06:26:01.688+0000] {dagbag.py:588} INFO - Filling up the DagBag from /opt/airflow/dags/create_table.py
[2024-11-17T06:26:01.696+0000] {processor.py:925} INFO - DAG(s) 'postgres_operator_dag' retrieved from /opt/airflow/dags/create_table.py
[2024-11-17T06:26:01.715+0000] {logging_mixin.py:190} INFO - [2024-11-17T06:26:01.715+0000] {dag.py:3239} INFO - Sync 1 DAGs
[2024-11-17T06:26:01.728+0000] {logging_mixin.py:190} INFO - [2024-11-17T06:26:01.728+0000] {dag.py:4180} INFO - Setting next_dagrun for postgres_operator_dag to None, run_after=None
[2024-11-17T06:26:01.738+0000] {processor.py:208} INFO - Processing /opt/airflow/dags/create_table.py took 0.062 seconds
[2024-11-17T06:26:32.239+0000] {processor.py:186} INFO - Started process (PID=468) to work on /opt/airflow/dags/create_table.py
[2024-11-17T06:26:32.240+0000] {processor.py:914} INFO - Processing file /opt/airflow/dags/create_table.py for tasks to queue
[2024-11-17T06:26:32.242+0000] {logging_mixin.py:190} INFO - [2024-11-17T06:26:32.242+0000] {dagbag.py:588} INFO - Filling up the DagBag from /opt/airflow/dags/create_table.py
[2024-11-17T06:26:32.250+0000] {processor.py:925} INFO - DAG(s) 'postgres_operator_dag' retrieved from /opt/airflow/dags/create_table.py
[2024-11-17T06:26:32.269+0000] {logging_mixin.py:190} INFO - [2024-11-17T06:26:32.269+0000] {dag.py:3239} INFO - Sync 1 DAGs
[2024-11-17T06:26:32.282+0000] {logging_mixin.py:190} INFO - [2024-11-17T06:26:32.282+0000] {dag.py:4180} INFO - Setting next_dagrun for postgres_operator_dag to None, run_after=None
[2024-11-17T06:26:32.291+0000] {processor.py:208} INFO - Processing /opt/airflow/dags/create_table.py took 0.058 seconds
[2024-11-17T06:27:02.761+0000] {processor.py:186} INFO - Started process (PID=477) to work on /opt/airflow/dags/create_table.py
[2024-11-17T06:27:02.762+0000] {processor.py:914} INFO - Processing file /opt/airflow/dags/create_table.py for tasks to queue
[2024-11-17T06:27:02.766+0000] {logging_mixin.py:190} INFO - [2024-11-17T06:27:02.765+0000] {dagbag.py:588} INFO - Filling up the DagBag from /opt/airflow/dags/create_table.py
[2024-11-17T06:27:02.774+0000] {processor.py:925} INFO - DAG(s) 'postgres_operator_dag' retrieved from /opt/airflow/dags/create_table.py
[2024-11-17T06:27:02.792+0000] {logging_mixin.py:190} INFO - [2024-11-17T06:27:02.792+0000] {dag.py:3239} INFO - Sync 1 DAGs
[2024-11-17T06:27:02.805+0000] {logging_mixin.py:190} INFO - [2024-11-17T06:27:02.804+0000] {dag.py:4180} INFO - Setting next_dagrun for postgres_operator_dag to None, run_after=None
[2024-11-17T06:27:02.814+0000] {processor.py:208} INFO - Processing /opt/airflow/dags/create_table.py took 0.059 seconds
[2024-11-17T06:27:33.339+0000] {processor.py:186} INFO - Started process (PID=486) to work on /opt/airflow/dags/create_table.py
[2024-11-17T06:27:33.340+0000] {processor.py:914} INFO - Processing file /opt/airflow/dags/create_table.py for tasks to queue
[2024-11-17T06:27:33.341+0000] {logging_mixin.py:190} INFO - [2024-11-17T06:27:33.341+0000] {dagbag.py:588} INFO - Filling up the DagBag from /opt/airflow/dags/create_table.py
[2024-11-17T06:27:33.350+0000] {processor.py:925} INFO - DAG(s) 'postgres_operator_dag' retrieved from /opt/airflow/dags/create_table.py
[2024-11-17T06:27:33.371+0000] {logging_mixin.py:190} INFO - [2024-11-17T06:27:33.371+0000] {dag.py:3239} INFO - Sync 1 DAGs
[2024-11-17T06:27:33.388+0000] {logging_mixin.py:190} INFO - [2024-11-17T06:27:33.388+0000] {dag.py:4180} INFO - Setting next_dagrun for postgres_operator_dag to None, run_after=None
[2024-11-17T06:27:33.397+0000] {processor.py:208} INFO - Processing /opt/airflow/dags/create_table.py took 0.065 seconds
