[2024-11-15T02:06:53.820+0000] {local_task_job_runner.py:123} INFO - ::group::Pre task execution logs
[2024-11-15T02:06:53.829+0000] {taskinstance.py:2613} INFO - Dependencies all met for dep_context=non-requeueable deps ti=<TaskInstance: en_species_etl.transform_data manual__2024-11-15T02:06:52.549465+00:00 [queued]>
[2024-11-15T02:06:53.833+0000] {taskinstance.py:2613} INFO - Dependencies all met for dep_context=requeueable deps ti=<TaskInstance: en_species_etl.transform_data manual__2024-11-15T02:06:52.549465+00:00 [queued]>
[2024-11-15T02:06:53.833+0000] {taskinstance.py:2866} INFO - Starting attempt 1 of 1
[2024-11-15T02:06:53.839+0000] {taskinstance.py:2889} INFO - Executing <Task(PythonOperator): transform_data> on 2024-11-15 02:06:52.549465+00:00
[2024-11-15T02:06:53.843+0000] {warnings.py:112} WARNING - /home/***/.local/lib/python3.12/site-packages/***/task/task_runner/standard_task_runner.py:70: DeprecationWarning: This process (pid=109) is multi-threaded, use of fork() may lead to deadlocks in the child.
  pid = os.fork()

[2024-11-15T02:06:53.845+0000] {standard_task_runner.py:72} INFO - Started process 110 to run task
[2024-11-15T02:06:53.845+0000] {standard_task_runner.py:104} INFO - Running: ['***', 'tasks', 'run', 'en_species_etl', 'transform_data', 'manual__2024-11-15T02:06:52.549465+00:00', '--job-id', '16', '--raw', '--subdir', 'DAGS_FOLDER/en_species_dag.py', '--cfg-path', '/tmp/tmpye8x2axu']
[2024-11-15T02:06:53.847+0000] {standard_task_runner.py:105} INFO - Job 16: Subtask transform_data
[2024-11-15T02:06:53.871+0000] {task_command.py:467} INFO - Running <TaskInstance: en_species_etl.transform_data manual__2024-11-15T02:06:52.549465+00:00 [running]> on host 92eecbaaaea5
[2024-11-15T02:06:54.067+0000] {taskinstance.py:3132} INFO - Exporting env vars: AIRFLOW_CTX_DAG_OWNER='***' AIRFLOW_CTX_DAG_ID='en_species_etl' AIRFLOW_CTX_TASK_ID='transform_data' AIRFLOW_CTX_EXECUTION_DATE='2024-11-15T02:06:52.549465+00:00' AIRFLOW_CTX_TRY_NUMBER='1' AIRFLOW_CTX_DAG_RUN_ID='manual__2024-11-15T02:06:52.549465+00:00'
[2024-11-15T02:06:54.067+0000] {taskinstance.py:731} INFO - ::endgroup::
[2024-11-15T02:06:54.093+0000] {logging_mixin.py:190} INFO -         id  ...                                                url
0   949716  ...   https://www.iucnredlist.org/species/16274/949716
1  1315527  ...  https://www.iucnredlist.org/species/170510/131...
2  1593392  ...  https://www.iucnredlist.org/species/179888/159...
3  1676767  ...  https://www.iucnredlist.org/species/180910/167...
4  1824169  ...  https://www.iucnredlist.org/species/187170/182...

[5 rows x 13 columns]
[2024-11-15T02:06:54.094+0000] {python.py:240} INFO - Done. Returned value was: None
[2024-11-15T02:06:54.099+0000] {taskinstance.py:340} INFO - ::group::Post task execution logs
[2024-11-15T02:06:54.100+0000] {taskinstance.py:352} INFO - Marking task as SUCCESS. dag_id=en_species_etl, task_id=transform_data, run_id=manual__2024-11-15T02:06:52.549465+00:00, execution_date=20241115T020652, start_date=20241115T020653, end_date=20241115T020654
[2024-11-15T02:06:54.112+0000] {local_task_job_runner.py:266} INFO - Task exited with return code 0
[2024-11-15T02:06:54.122+0000] {taskinstance.py:3895} INFO - 0 downstream tasks scheduled from follow-on schedule check
[2024-11-15T02:06:54.123+0000] {local_task_job_runner.py:245} INFO - ::endgroup::
