[2024-11-21T06:11:22.024+0000] {processor.py:186} INFO - Started process (PID=43) to work on /opt/airflow/dags/en_species_dag.py
[2024-11-21T06:11:22.025+0000] {processor.py:914} INFO - Processing file /opt/airflow/dags/en_species_dag.py for tasks to queue
[2024-11-21T06:11:22.028+0000] {logging_mixin.py:190} INFO - [2024-11-21T06:11:22.028+0000] {dagbag.py:588} INFO - Filling up the DagBag from /opt/airflow/dags/en_species_dag.py
[2024-11-21T06:11:23.247+0000] {processor.py:925} INFO - DAG(s) 'en_species_etl' retrieved from /opt/airflow/dags/en_species_dag.py
[2024-11-21T06:11:23.540+0000] {logging_mixin.py:190} INFO - [2024-11-21T06:11:23.540+0000] {dag.py:3239} INFO - Sync 1 DAGs
[2024-11-21T06:11:23.561+0000] {logging_mixin.py:190} INFO - [2024-11-21T06:11:23.561+0000] {dag.py:4180} INFO - Setting next_dagrun for en_species_etl to 2024-11-01 00:00:00+00:00, run_after=2025-02-21 00:00:00+00:00
[2024-11-21T06:11:23.588+0000] {processor.py:208} INFO - Processing /opt/airflow/dags/en_species_dag.py took 1.572 seconds
[2024-11-21T06:11:53.871+0000] {processor.py:186} INFO - Started process (PID=53) to work on /opt/airflow/dags/en_species_dag.py
[2024-11-21T06:11:53.873+0000] {processor.py:914} INFO - Processing file /opt/airflow/dags/en_species_dag.py for tasks to queue
[2024-11-21T06:11:53.876+0000] {logging_mixin.py:190} INFO - [2024-11-21T06:11:53.876+0000] {dagbag.py:588} INFO - Filling up the DagBag from /opt/airflow/dags/en_species_dag.py
[2024-11-21T06:11:54.348+0000] {processor.py:925} INFO - DAG(s) 'en_species_etl' retrieved from /opt/airflow/dags/en_species_dag.py
[2024-11-21T06:11:54.362+0000] {logging_mixin.py:190} INFO - [2024-11-21T06:11:54.361+0000] {dag.py:3239} INFO - Sync 1 DAGs
[2024-11-21T06:11:54.372+0000] {logging_mixin.py:190} INFO - [2024-11-21T06:11:54.372+0000] {dag.py:4180} INFO - Setting next_dagrun for en_species_etl to 2024-11-01 00:00:00+00:00, run_after=2025-02-21 00:00:00+00:00
[2024-11-21T06:11:54.380+0000] {processor.py:208} INFO - Processing /opt/airflow/dags/en_species_dag.py took 0.517 seconds
[2024-11-21T06:12:24.647+0000] {processor.py:186} INFO - Started process (PID=62) to work on /opt/airflow/dags/en_species_dag.py
[2024-11-21T06:12:24.648+0000] {processor.py:914} INFO - Processing file /opt/airflow/dags/en_species_dag.py for tasks to queue
[2024-11-21T06:12:24.650+0000] {logging_mixin.py:190} INFO - [2024-11-21T06:12:24.650+0000] {dagbag.py:588} INFO - Filling up the DagBag from /opt/airflow/dags/en_species_dag.py
[2024-11-21T06:12:25.090+0000] {processor.py:925} INFO - DAG(s) 'en_species_etl' retrieved from /opt/airflow/dags/en_species_dag.py
[2024-11-21T06:12:25.104+0000] {logging_mixin.py:190} INFO - [2024-11-21T06:12:25.103+0000] {dag.py:3239} INFO - Sync 1 DAGs
[2024-11-21T06:12:25.115+0000] {logging_mixin.py:190} INFO - [2024-11-21T06:12:25.115+0000] {dag.py:4180} INFO - Setting next_dagrun for en_species_etl to 2024-11-01 00:00:00+00:00, run_after=2025-02-21 00:00:00+00:00
[2024-11-21T06:12:25.125+0000] {processor.py:208} INFO - Processing /opt/airflow/dags/en_species_dag.py took 0.483 seconds
[2024-11-21T06:12:55.394+0000] {processor.py:186} INFO - Started process (PID=77) to work on /opt/airflow/dags/en_species_dag.py
[2024-11-21T06:12:55.395+0000] {processor.py:914} INFO - Processing file /opt/airflow/dags/en_species_dag.py for tasks to queue
[2024-11-21T06:12:55.397+0000] {logging_mixin.py:190} INFO - [2024-11-21T06:12:55.396+0000] {dagbag.py:588} INFO - Filling up the DagBag from /opt/airflow/dags/en_species_dag.py
[2024-11-21T06:12:55.834+0000] {processor.py:925} INFO - DAG(s) 'en_species_etl' retrieved from /opt/airflow/dags/en_species_dag.py
[2024-11-21T06:12:55.850+0000] {logging_mixin.py:190} INFO - [2024-11-21T06:12:55.849+0000] {dag.py:3239} INFO - Sync 1 DAGs
[2024-11-21T06:12:55.862+0000] {logging_mixin.py:190} INFO - [2024-11-21T06:12:55.862+0000] {dag.py:4180} INFO - Setting next_dagrun for en_species_etl to 2024-11-01 00:00:00+00:00, run_after=2025-02-21 00:00:00+00:00
[2024-11-21T06:12:55.872+0000] {processor.py:208} INFO - Processing /opt/airflow/dags/en_species_dag.py took 0.485 seconds
[2024-11-21T06:13:26.144+0000] {processor.py:186} INFO - Started process (PID=86) to work on /opt/airflow/dags/en_species_dag.py
[2024-11-21T06:13:26.145+0000] {processor.py:914} INFO - Processing file /opt/airflow/dags/en_species_dag.py for tasks to queue
[2024-11-21T06:13:26.148+0000] {logging_mixin.py:190} INFO - [2024-11-21T06:13:26.147+0000] {dagbag.py:588} INFO - Filling up the DagBag from /opt/airflow/dags/en_species_dag.py
[2024-11-21T06:13:26.521+0000] {processor.py:925} INFO - DAG(s) 'en_species_etl' retrieved from /opt/airflow/dags/en_species_dag.py
[2024-11-21T06:13:26.536+0000] {logging_mixin.py:190} INFO - [2024-11-21T06:13:26.536+0000] {dag.py:3239} INFO - Sync 1 DAGs
[2024-11-21T06:13:26.551+0000] {logging_mixin.py:190} INFO - [2024-11-21T06:13:26.551+0000] {dag.py:4180} INFO - Setting next_dagrun for en_species_etl to 2024-11-01 00:00:00+00:00, run_after=2025-02-21 00:00:00+00:00
[2024-11-21T06:13:26.560+0000] {processor.py:208} INFO - Processing /opt/airflow/dags/en_species_dag.py took 0.421 seconds
[2024-11-21T06:13:56.814+0000] {processor.py:186} INFO - Started process (PID=95) to work on /opt/airflow/dags/en_species_dag.py
[2024-11-21T06:13:56.815+0000] {processor.py:914} INFO - Processing file /opt/airflow/dags/en_species_dag.py for tasks to queue
[2024-11-21T06:13:56.817+0000] {logging_mixin.py:190} INFO - [2024-11-21T06:13:56.817+0000] {dagbag.py:588} INFO - Filling up the DagBag from /opt/airflow/dags/en_species_dag.py
[2024-11-21T06:13:57.173+0000] {processor.py:925} INFO - DAG(s) 'en_species_etl' retrieved from /opt/airflow/dags/en_species_dag.py
[2024-11-21T06:13:57.185+0000] {logging_mixin.py:190} INFO - [2024-11-21T06:13:57.185+0000] {dag.py:3239} INFO - Sync 1 DAGs
[2024-11-21T06:13:57.195+0000] {logging_mixin.py:190} INFO - [2024-11-21T06:13:57.195+0000] {dag.py:4180} INFO - Setting next_dagrun for en_species_etl to 2024-11-01 00:00:00+00:00, run_after=2025-02-21 00:00:00+00:00
[2024-11-21T06:13:57.202+0000] {processor.py:208} INFO - Processing /opt/airflow/dags/en_species_dag.py took 0.395 seconds
[2024-11-21T06:14:27.630+0000] {processor.py:186} INFO - Started process (PID=104) to work on /opt/airflow/dags/en_species_dag.py
[2024-11-21T06:14:27.631+0000] {processor.py:914} INFO - Processing file /opt/airflow/dags/en_species_dag.py for tasks to queue
[2024-11-21T06:14:27.633+0000] {logging_mixin.py:190} INFO - [2024-11-21T06:14:27.633+0000] {dagbag.py:588} INFO - Filling up the DagBag from /opt/airflow/dags/en_species_dag.py
[2024-11-21T06:14:27.889+0000] {processor.py:925} INFO - DAG(s) 'en_species_etl' retrieved from /opt/airflow/dags/en_species_dag.py
[2024-11-21T06:14:27.902+0000] {logging_mixin.py:190} INFO - [2024-11-21T06:14:27.902+0000] {dag.py:3239} INFO - Sync 1 DAGs
[2024-11-21T06:14:27.913+0000] {logging_mixin.py:190} INFO - [2024-11-21T06:14:27.913+0000] {dag.py:4180} INFO - Setting next_dagrun for en_species_etl to 2024-11-01 00:00:00+00:00, run_after=2025-02-21 00:00:00+00:00
[2024-11-21T06:14:27.932+0000] {processor.py:208} INFO - Processing /opt/airflow/dags/en_species_dag.py took 0.308 seconds
[2024-11-21T06:14:58.201+0000] {processor.py:186} INFO - Started process (PID=113) to work on /opt/airflow/dags/en_species_dag.py
[2024-11-21T06:14:58.203+0000] {processor.py:914} INFO - Processing file /opt/airflow/dags/en_species_dag.py for tasks to queue
[2024-11-21T06:14:58.206+0000] {logging_mixin.py:190} INFO - [2024-11-21T06:14:58.206+0000] {dagbag.py:588} INFO - Filling up the DagBag from /opt/airflow/dags/en_species_dag.py
[2024-11-21T06:14:58.451+0000] {processor.py:925} INFO - DAG(s) 'en_species_etl' retrieved from /opt/airflow/dags/en_species_dag.py
[2024-11-21T06:14:58.464+0000] {logging_mixin.py:190} INFO - [2024-11-21T06:14:58.463+0000] {dag.py:3239} INFO - Sync 1 DAGs
[2024-11-21T06:14:58.474+0000] {logging_mixin.py:190} INFO - [2024-11-21T06:14:58.474+0000] {dag.py:4180} INFO - Setting next_dagrun for en_species_etl to 2024-11-01 00:00:00+00:00, run_after=2025-02-21 00:00:00+00:00
[2024-11-21T06:14:58.482+0000] {processor.py:208} INFO - Processing /opt/airflow/dags/en_species_dag.py took 0.287 seconds
[2024-11-21T06:15:28.770+0000] {processor.py:186} INFO - Started process (PID=122) to work on /opt/airflow/dags/en_species_dag.py
[2024-11-21T06:15:28.771+0000] {processor.py:914} INFO - Processing file /opt/airflow/dags/en_species_dag.py for tasks to queue
[2024-11-21T06:15:28.774+0000] {logging_mixin.py:190} INFO - [2024-11-21T06:15:28.773+0000] {dagbag.py:588} INFO - Filling up the DagBag from /opt/airflow/dags/en_species_dag.py
[2024-11-21T06:15:29.026+0000] {processor.py:925} INFO - DAG(s) 'en_species_etl' retrieved from /opt/airflow/dags/en_species_dag.py
[2024-11-21T06:15:29.038+0000] {logging_mixin.py:190} INFO - [2024-11-21T06:15:29.038+0000] {dag.py:3239} INFO - Sync 1 DAGs
[2024-11-21T06:15:29.050+0000] {logging_mixin.py:190} INFO - [2024-11-21T06:15:29.050+0000] {dag.py:4180} INFO - Setting next_dagrun for en_species_etl to 2024-11-01 00:00:00+00:00, run_after=2025-02-21 00:00:00+00:00
[2024-11-21T06:15:29.057+0000] {processor.py:208} INFO - Processing /opt/airflow/dags/en_species_dag.py took 0.292 seconds
[2024-11-21T06:15:52.236+0000] {processor.py:186} INFO - Started process (PID=124) to work on /opt/airflow/dags/en_species_dag.py
[2024-11-21T06:15:52.237+0000] {processor.py:914} INFO - Processing file /opt/airflow/dags/en_species_dag.py for tasks to queue
[2024-11-21T06:15:52.238+0000] {logging_mixin.py:190} INFO - [2024-11-21T06:15:52.238+0000] {dagbag.py:588} INFO - Filling up the DagBag from /opt/airflow/dags/en_species_dag.py
[2024-11-21T06:15:52.523+0000] {processor.py:925} INFO - DAG(s) 'en_species_etl' retrieved from /opt/airflow/dags/en_species_dag.py
[2024-11-21T06:15:52.541+0000] {logging_mixin.py:190} INFO - [2024-11-21T06:15:52.541+0000] {dag.py:3239} INFO - Sync 1 DAGs
[2024-11-21T06:15:52.557+0000] {logging_mixin.py:190} INFO - [2024-11-21T06:15:52.557+0000] {dag.py:4180} INFO - Setting next_dagrun for en_species_etl to 2024-11-01 00:00:00+00:00, run_after=2025-02-21 00:00:00+00:00
[2024-11-21T06:15:52.569+0000] {processor.py:208} INFO - Processing /opt/airflow/dags/en_species_dag.py took 0.337 seconds
[2024-11-21T06:16:22.654+0000] {processor.py:186} INFO - Started process (PID=133) to work on /opt/airflow/dags/en_species_dag.py
[2024-11-21T06:16:22.654+0000] {processor.py:914} INFO - Processing file /opt/airflow/dags/en_species_dag.py for tasks to queue
[2024-11-21T06:16:22.655+0000] {logging_mixin.py:190} INFO - [2024-11-21T06:16:22.655+0000] {dagbag.py:588} INFO - Filling up the DagBag from /opt/airflow/dags/en_species_dag.py
[2024-11-21T06:16:22.904+0000] {processor.py:925} INFO - DAG(s) 'en_species_etl' retrieved from /opt/airflow/dags/en_species_dag.py
[2024-11-21T06:16:22.919+0000] {logging_mixin.py:190} INFO - [2024-11-21T06:16:22.918+0000] {dag.py:3239} INFO - Sync 1 DAGs
[2024-11-21T06:16:22.931+0000] {logging_mixin.py:190} INFO - [2024-11-21T06:16:22.930+0000] {dag.py:4180} INFO - Setting next_dagrun for en_species_etl to 2024-11-01 00:00:00+00:00, run_after=2025-02-21 00:00:00+00:00
[2024-11-21T06:16:22.940+0000] {processor.py:208} INFO - Processing /opt/airflow/dags/en_species_dag.py took 0.290 seconds
[2024-11-21T06:16:53.163+0000] {processor.py:186} INFO - Started process (PID=142) to work on /opt/airflow/dags/en_species_dag.py
[2024-11-21T06:16:53.164+0000] {processor.py:914} INFO - Processing file /opt/airflow/dags/en_species_dag.py for tasks to queue
[2024-11-21T06:16:53.166+0000] {logging_mixin.py:190} INFO - [2024-11-21T06:16:53.166+0000] {dagbag.py:588} INFO - Filling up the DagBag from /opt/airflow/dags/en_species_dag.py
[2024-11-21T06:16:53.416+0000] {processor.py:925} INFO - DAG(s) 'en_species_etl' retrieved from /opt/airflow/dags/en_species_dag.py
[2024-11-21T06:16:53.431+0000] {logging_mixin.py:190} INFO - [2024-11-21T06:16:53.431+0000] {dag.py:3239} INFO - Sync 1 DAGs
[2024-11-21T06:16:53.443+0000] {logging_mixin.py:190} INFO - [2024-11-21T06:16:53.443+0000] {dag.py:4180} INFO - Setting next_dagrun for en_species_etl to 2024-11-01 00:00:00+00:00, run_after=2025-02-21 00:00:00+00:00
[2024-11-21T06:16:53.452+0000] {processor.py:208} INFO - Processing /opt/airflow/dags/en_species_dag.py took 0.295 seconds
[2024-11-21T06:17:23.631+0000] {processor.py:186} INFO - Started process (PID=151) to work on /opt/airflow/dags/en_species_dag.py
[2024-11-21T06:17:23.632+0000] {processor.py:914} INFO - Processing file /opt/airflow/dags/en_species_dag.py for tasks to queue
[2024-11-21T06:17:23.634+0000] {logging_mixin.py:190} INFO - [2024-11-21T06:17:23.634+0000] {dagbag.py:588} INFO - Filling up the DagBag from /opt/airflow/dags/en_species_dag.py
[2024-11-21T06:17:23.890+0000] {processor.py:925} INFO - DAG(s) 'en_species_etl' retrieved from /opt/airflow/dags/en_species_dag.py
[2024-11-21T06:17:23.905+0000] {logging_mixin.py:190} INFO - [2024-11-21T06:17:23.905+0000] {dag.py:3239} INFO - Sync 1 DAGs
[2024-11-21T06:17:23.917+0000] {logging_mixin.py:190} INFO - [2024-11-21T06:17:23.917+0000] {dag.py:4180} INFO - Setting next_dagrun for en_species_etl to 2024-11-01 00:00:00+00:00, run_after=2025-02-21 00:00:00+00:00
[2024-11-21T06:17:23.927+0000] {processor.py:208} INFO - Processing /opt/airflow/dags/en_species_dag.py took 0.302 seconds
[2024-11-21T06:17:54.124+0000] {processor.py:186} INFO - Started process (PID=160) to work on /opt/airflow/dags/en_species_dag.py
[2024-11-21T06:17:54.125+0000] {processor.py:914} INFO - Processing file /opt/airflow/dags/en_species_dag.py for tasks to queue
[2024-11-21T06:17:54.127+0000] {logging_mixin.py:190} INFO - [2024-11-21T06:17:54.127+0000] {dagbag.py:588} INFO - Filling up the DagBag from /opt/airflow/dags/en_species_dag.py
[2024-11-21T06:17:54.366+0000] {processor.py:925} INFO - DAG(s) 'en_species_etl' retrieved from /opt/airflow/dags/en_species_dag.py
[2024-11-21T06:17:54.379+0000] {logging_mixin.py:190} INFO - [2024-11-21T06:17:54.379+0000] {dag.py:3239} INFO - Sync 1 DAGs
[2024-11-21T06:17:54.391+0000] {logging_mixin.py:190} INFO - [2024-11-21T06:17:54.391+0000] {dag.py:4180} INFO - Setting next_dagrun for en_species_etl to 2024-11-01 00:00:00+00:00, run_after=2025-02-21 00:00:00+00:00
[2024-11-21T06:17:54.399+0000] {processor.py:208} INFO - Processing /opt/airflow/dags/en_species_dag.py took 0.280 seconds
[2024-11-21T06:18:20.606+0000] {processor.py:186} INFO - Started process (PID=169) to work on /opt/airflow/dags/en_species_dag.py
[2024-11-21T06:18:20.607+0000] {processor.py:914} INFO - Processing file /opt/airflow/dags/en_species_dag.py for tasks to queue
[2024-11-21T06:18:20.609+0000] {logging_mixin.py:190} INFO - [2024-11-21T06:18:20.609+0000] {dagbag.py:588} INFO - Filling up the DagBag from /opt/airflow/dags/en_species_dag.py
[2024-11-21T06:18:20.968+0000] {processor.py:925} INFO - DAG(s) 'en_species_etl' retrieved from /opt/airflow/dags/en_species_dag.py
[2024-11-21T06:18:20.986+0000] {logging_mixin.py:190} INFO - [2024-11-21T06:18:20.986+0000] {dag.py:3239} INFO - Sync 1 DAGs
[2024-11-21T06:18:21.004+0000] {logging_mixin.py:190} INFO - [2024-11-21T06:18:21.004+0000] {dag.py:4180} INFO - Setting next_dagrun for en_species_etl to 2024-11-01 00:00:00+00:00, run_after=2025-02-21 00:00:00+00:00
[2024-11-21T06:18:21.017+0000] {processor.py:208} INFO - Processing /opt/airflow/dags/en_species_dag.py took 0.417 seconds
[2024-11-21T06:18:51.154+0000] {processor.py:186} INFO - Started process (PID=178) to work on /opt/airflow/dags/en_species_dag.py
[2024-11-21T06:18:51.155+0000] {processor.py:914} INFO - Processing file /opt/airflow/dags/en_species_dag.py for tasks to queue
[2024-11-21T06:18:51.158+0000] {logging_mixin.py:190} INFO - [2024-11-21T06:18:51.158+0000] {dagbag.py:588} INFO - Filling up the DagBag from /opt/airflow/dags/en_species_dag.py
[2024-11-21T06:18:51.421+0000] {processor.py:925} INFO - DAG(s) 'en_species_etl' retrieved from /opt/airflow/dags/en_species_dag.py
[2024-11-21T06:18:51.436+0000] {logging_mixin.py:190} INFO - [2024-11-21T06:18:51.435+0000] {dag.py:3239} INFO - Sync 1 DAGs
[2024-11-21T06:18:51.449+0000] {logging_mixin.py:190} INFO - [2024-11-21T06:18:51.449+0000] {dag.py:4180} INFO - Setting next_dagrun for en_species_etl to 2024-11-01 00:00:00+00:00, run_after=2025-02-21 00:00:00+00:00
[2024-11-21T06:18:51.457+0000] {processor.py:208} INFO - Processing /opt/airflow/dags/en_species_dag.py took 0.310 seconds
[2024-11-21T06:19:21.689+0000] {processor.py:186} INFO - Started process (PID=187) to work on /opt/airflow/dags/en_species_dag.py
[2024-11-21T06:19:21.690+0000] {processor.py:914} INFO - Processing file /opt/airflow/dags/en_species_dag.py for tasks to queue
[2024-11-21T06:19:21.692+0000] {logging_mixin.py:190} INFO - [2024-11-21T06:19:21.692+0000] {dagbag.py:588} INFO - Filling up the DagBag from /opt/airflow/dags/en_species_dag.py
[2024-11-21T06:19:21.952+0000] {processor.py:925} INFO - DAG(s) 'en_species_etl' retrieved from /opt/airflow/dags/en_species_dag.py
[2024-11-21T06:19:21.969+0000] {logging_mixin.py:190} INFO - [2024-11-21T06:19:21.969+0000] {dag.py:3239} INFO - Sync 1 DAGs
[2024-11-21T06:19:21.982+0000] {logging_mixin.py:190} INFO - [2024-11-21T06:19:21.982+0000] {dag.py:4180} INFO - Setting next_dagrun for en_species_etl to 2024-11-01 00:00:00+00:00, run_after=2025-02-21 00:00:00+00:00
[2024-11-21T06:19:21.991+0000] {processor.py:208} INFO - Processing /opt/airflow/dags/en_species_dag.py took 0.310 seconds
[2024-11-21T06:19:52.198+0000] {processor.py:186} INFO - Started process (PID=196) to work on /opt/airflow/dags/en_species_dag.py
[2024-11-21T06:19:52.200+0000] {processor.py:914} INFO - Processing file /opt/airflow/dags/en_species_dag.py for tasks to queue
[2024-11-21T06:19:52.203+0000] {logging_mixin.py:190} INFO - [2024-11-21T06:19:52.203+0000] {dagbag.py:588} INFO - Filling up the DagBag from /opt/airflow/dags/en_species_dag.py
[2024-11-21T06:19:52.476+0000] {processor.py:925} INFO - DAG(s) 'en_species_etl' retrieved from /opt/airflow/dags/en_species_dag.py
[2024-11-21T06:19:52.491+0000] {logging_mixin.py:190} INFO - [2024-11-21T06:19:52.491+0000] {dag.py:3239} INFO - Sync 1 DAGs
[2024-11-21T06:19:52.504+0000] {logging_mixin.py:190} INFO - [2024-11-21T06:19:52.504+0000] {dag.py:4180} INFO - Setting next_dagrun for en_species_etl to 2024-11-01 00:00:00+00:00, run_after=2025-02-21 00:00:00+00:00
[2024-11-21T06:19:52.513+0000] {processor.py:208} INFO - Processing /opt/airflow/dags/en_species_dag.py took 0.321 seconds
