[2024-11-21T06:11:22.025+0000] {processor.py:186} INFO - Started process (PID=44) to work on /opt/airflow/dags/sample_aws_connection.py
[2024-11-21T06:11:22.026+0000] {processor.py:914} INFO - Processing file /opt/airflow/dags/sample_aws_connection.py for tasks to queue
[2024-11-21T06:11:22.030+0000] {logging_mixin.py:190} INFO - [2024-11-21T06:11:22.029+0000] {dagbag.py:588} INFO - Filling up the DagBag from /opt/airflow/dags/sample_aws_connection.py
[2024-11-21T06:11:22.565+0000] {processor.py:925} INFO - DAG(s) 's3_conn_dag' retrieved from /opt/airflow/dags/sample_aws_connection.py
[2024-11-21T06:11:22.625+0000] {logging_mixin.py:190} INFO - [2024-11-21T06:11:22.625+0000] {dag.py:3239} INFO - Sync 1 DAGs
[2024-11-21T06:11:22.647+0000] {logging_mixin.py:190} INFO - [2024-11-21T06:11:22.646+0000] {dag.py:4180} INFO - Setting next_dagrun for s3_conn_dag to None, run_after=None
[2024-11-21T06:11:22.665+0000] {processor.py:208} INFO - Processing /opt/airflow/dags/sample_aws_connection.py took 0.646 seconds
[2024-11-21T06:11:52.843+0000] {processor.py:186} INFO - Started process (PID=52) to work on /opt/airflow/dags/sample_aws_connection.py
[2024-11-21T06:11:52.844+0000] {processor.py:914} INFO - Processing file /opt/airflow/dags/sample_aws_connection.py for tasks to queue
[2024-11-21T06:11:52.847+0000] {logging_mixin.py:190} INFO - [2024-11-21T06:11:52.847+0000] {dagbag.py:588} INFO - Filling up the DagBag from /opt/airflow/dags/sample_aws_connection.py
[2024-11-21T06:11:53.186+0000] {processor.py:925} INFO - DAG(s) 's3_conn_dag' retrieved from /opt/airflow/dags/sample_aws_connection.py
[2024-11-21T06:11:53.201+0000] {logging_mixin.py:190} INFO - [2024-11-21T06:11:53.201+0000] {dag.py:3239} INFO - Sync 1 DAGs
[2024-11-21T06:11:53.214+0000] {logging_mixin.py:190} INFO - [2024-11-21T06:11:53.214+0000] {dag.py:4180} INFO - Setting next_dagrun for s3_conn_dag to None, run_after=None
[2024-11-21T06:11:53.223+0000] {processor.py:208} INFO - Processing /opt/airflow/dags/sample_aws_connection.py took 0.388 seconds
[2024-11-21T06:12:23.629+0000] {processor.py:186} INFO - Started process (PID=61) to work on /opt/airflow/dags/sample_aws_connection.py
[2024-11-21T06:12:23.629+0000] {processor.py:914} INFO - Processing file /opt/airflow/dags/sample_aws_connection.py for tasks to queue
[2024-11-21T06:12:23.632+0000] {logging_mixin.py:190} INFO - [2024-11-21T06:12:23.632+0000] {dagbag.py:588} INFO - Filling up the DagBag from /opt/airflow/dags/sample_aws_connection.py
[2024-11-21T06:12:23.917+0000] {processor.py:925} INFO - DAG(s) 's3_conn_dag' retrieved from /opt/airflow/dags/sample_aws_connection.py
[2024-11-21T06:12:23.931+0000] {logging_mixin.py:190} INFO - [2024-11-21T06:12:23.931+0000] {dag.py:3239} INFO - Sync 1 DAGs
[2024-11-21T06:12:23.941+0000] {logging_mixin.py:190} INFO - [2024-11-21T06:12:23.941+0000] {dag.py:4180} INFO - Setting next_dagrun for s3_conn_dag to None, run_after=None
[2024-11-21T06:12:23.949+0000] {processor.py:208} INFO - Processing /opt/airflow/dags/sample_aws_connection.py took 0.328 seconds
[2024-11-21T06:12:54.370+0000] {processor.py:186} INFO - Started process (PID=70) to work on /opt/airflow/dags/sample_aws_connection.py
[2024-11-21T06:12:54.371+0000] {processor.py:914} INFO - Processing file /opt/airflow/dags/sample_aws_connection.py for tasks to queue
[2024-11-21T06:12:54.373+0000] {logging_mixin.py:190} INFO - [2024-11-21T06:12:54.372+0000] {dagbag.py:588} INFO - Filling up the DagBag from /opt/airflow/dags/sample_aws_connection.py
[2024-11-21T06:12:54.544+0000] {processor.py:925} INFO - DAG(s) 's3_conn_dag' retrieved from /opt/airflow/dags/sample_aws_connection.py
[2024-11-21T06:12:54.556+0000] {logging_mixin.py:190} INFO - [2024-11-21T06:12:54.556+0000] {dag.py:3239} INFO - Sync 1 DAGs
[2024-11-21T06:12:54.566+0000] {logging_mixin.py:190} INFO - [2024-11-21T06:12:54.566+0000] {dag.py:4180} INFO - Setting next_dagrun for s3_conn_dag to None, run_after=None
[2024-11-21T06:12:54.573+0000] {processor.py:208} INFO - Processing /opt/airflow/dags/sample_aws_connection.py took 0.208 seconds
[2024-11-21T06:13:25.116+0000] {processor.py:186} INFO - Started process (PID=85) to work on /opt/airflow/dags/sample_aws_connection.py
[2024-11-21T06:13:25.117+0000] {processor.py:914} INFO - Processing file /opt/airflow/dags/sample_aws_connection.py for tasks to queue
[2024-11-21T06:13:25.119+0000] {logging_mixin.py:190} INFO - [2024-11-21T06:13:25.118+0000] {dagbag.py:588} INFO - Filling up the DagBag from /opt/airflow/dags/sample_aws_connection.py
[2024-11-21T06:13:25.295+0000] {processor.py:925} INFO - DAG(s) 's3_conn_dag' retrieved from /opt/airflow/dags/sample_aws_connection.py
[2024-11-21T06:13:25.307+0000] {logging_mixin.py:190} INFO - [2024-11-21T06:13:25.307+0000] {dag.py:3239} INFO - Sync 1 DAGs
[2024-11-21T06:13:25.316+0000] {logging_mixin.py:190} INFO - [2024-11-21T06:13:25.316+0000] {dag.py:4180} INFO - Setting next_dagrun for s3_conn_dag to None, run_after=None
[2024-11-21T06:13:25.324+0000] {processor.py:208} INFO - Processing /opt/airflow/dags/sample_aws_connection.py took 0.210 seconds
[2024-11-21T06:13:55.789+0000] {processor.py:186} INFO - Started process (PID=94) to work on /opt/airflow/dags/sample_aws_connection.py
[2024-11-21T06:13:55.789+0000] {processor.py:914} INFO - Processing file /opt/airflow/dags/sample_aws_connection.py for tasks to queue
[2024-11-21T06:13:55.793+0000] {logging_mixin.py:190} INFO - [2024-11-21T06:13:55.793+0000] {dagbag.py:588} INFO - Filling up the DagBag from /opt/airflow/dags/sample_aws_connection.py
[2024-11-21T06:13:55.993+0000] {processor.py:925} INFO - DAG(s) 's3_conn_dag' retrieved from /opt/airflow/dags/sample_aws_connection.py
[2024-11-21T06:13:56.006+0000] {logging_mixin.py:190} INFO - [2024-11-21T06:13:56.006+0000] {dag.py:3239} INFO - Sync 1 DAGs
[2024-11-21T06:13:56.017+0000] {logging_mixin.py:190} INFO - [2024-11-21T06:13:56.017+0000] {dag.py:4180} INFO - Setting next_dagrun for s3_conn_dag to None, run_after=None
[2024-11-21T06:13:56.026+0000] {processor.py:208} INFO - Processing /opt/airflow/dags/sample_aws_connection.py took 0.245 seconds
[2024-11-21T06:14:26.602+0000] {processor.py:186} INFO - Started process (PID=103) to work on /opt/airflow/dags/sample_aws_connection.py
[2024-11-21T06:14:26.603+0000] {processor.py:914} INFO - Processing file /opt/airflow/dags/sample_aws_connection.py for tasks to queue
[2024-11-21T06:14:26.605+0000] {logging_mixin.py:190} INFO - [2024-11-21T06:14:26.605+0000] {dagbag.py:588} INFO - Filling up the DagBag from /opt/airflow/dags/sample_aws_connection.py
[2024-11-21T06:14:26.682+0000] {processor.py:925} INFO - DAG(s) 's3_conn_dag' retrieved from /opt/airflow/dags/sample_aws_connection.py
[2024-11-21T06:14:26.697+0000] {logging_mixin.py:190} INFO - [2024-11-21T06:14:26.697+0000] {dag.py:3239} INFO - Sync 1 DAGs
[2024-11-21T06:14:26.709+0000] {logging_mixin.py:190} INFO - [2024-11-21T06:14:26.709+0000] {dag.py:4180} INFO - Setting next_dagrun for s3_conn_dag to None, run_after=None
[2024-11-21T06:14:26.718+0000] {processor.py:208} INFO - Processing /opt/airflow/dags/sample_aws_connection.py took 0.123 seconds
[2024-11-21T06:14:57.149+0000] {processor.py:186} INFO - Started process (PID=112) to work on /opt/airflow/dags/sample_aws_connection.py
[2024-11-21T06:14:57.150+0000] {processor.py:914} INFO - Processing file /opt/airflow/dags/sample_aws_connection.py for tasks to queue
[2024-11-21T06:14:57.152+0000] {logging_mixin.py:190} INFO - [2024-11-21T06:14:57.152+0000] {dagbag.py:588} INFO - Filling up the DagBag from /opt/airflow/dags/sample_aws_connection.py
[2024-11-21T06:14:57.225+0000] {processor.py:925} INFO - DAG(s) 's3_conn_dag' retrieved from /opt/airflow/dags/sample_aws_connection.py
[2024-11-21T06:14:57.237+0000] {logging_mixin.py:190} INFO - [2024-11-21T06:14:57.237+0000] {dag.py:3239} INFO - Sync 1 DAGs
[2024-11-21T06:14:57.248+0000] {logging_mixin.py:190} INFO - [2024-11-21T06:14:57.248+0000] {dag.py:4180} INFO - Setting next_dagrun for s3_conn_dag to None, run_after=None
[2024-11-21T06:14:57.256+0000] {processor.py:208} INFO - Processing /opt/airflow/dags/sample_aws_connection.py took 0.113 seconds
[2024-11-21T06:15:27.743+0000] {processor.py:186} INFO - Started process (PID=121) to work on /opt/airflow/dags/sample_aws_connection.py
[2024-11-21T06:15:27.743+0000] {processor.py:914} INFO - Processing file /opt/airflow/dags/sample_aws_connection.py for tasks to queue
[2024-11-21T06:15:27.746+0000] {logging_mixin.py:190} INFO - [2024-11-21T06:15:27.746+0000] {dagbag.py:588} INFO - Filling up the DagBag from /opt/airflow/dags/sample_aws_connection.py
[2024-11-21T06:15:27.829+0000] {processor.py:925} INFO - DAG(s) 's3_conn_dag' retrieved from /opt/airflow/dags/sample_aws_connection.py
[2024-11-21T06:15:27.843+0000] {logging_mixin.py:190} INFO - [2024-11-21T06:15:27.843+0000] {dag.py:3239} INFO - Sync 1 DAGs
[2024-11-21T06:15:27.856+0000] {logging_mixin.py:190} INFO - [2024-11-21T06:15:27.856+0000] {dag.py:4180} INFO - Setting next_dagrun for s3_conn_dag to None, run_after=None
[2024-11-21T06:15:27.865+0000] {processor.py:208} INFO - Processing /opt/airflow/dags/sample_aws_connection.py took 0.129 seconds
[2024-11-21T06:15:58.283+0000] {processor.py:186} INFO - Started process (PID=131) to work on /opt/airflow/dags/sample_aws_connection.py
[2024-11-21T06:15:58.284+0000] {processor.py:914} INFO - Processing file /opt/airflow/dags/sample_aws_connection.py for tasks to queue
[2024-11-21T06:15:58.286+0000] {logging_mixin.py:190} INFO - [2024-11-21T06:15:58.286+0000] {dagbag.py:588} INFO - Filling up the DagBag from /opt/airflow/dags/sample_aws_connection.py
[2024-11-21T06:15:58.358+0000] {processor.py:925} INFO - DAG(s) 's3_conn_dag' retrieved from /opt/airflow/dags/sample_aws_connection.py
[2024-11-21T06:15:58.373+0000] {logging_mixin.py:190} INFO - [2024-11-21T06:15:58.373+0000] {dag.py:3239} INFO - Sync 1 DAGs
[2024-11-21T06:15:58.384+0000] {logging_mixin.py:190} INFO - [2024-11-21T06:15:58.384+0000] {dag.py:4180} INFO - Setting next_dagrun for s3_conn_dag to None, run_after=None
[2024-11-21T06:15:58.394+0000] {processor.py:208} INFO - Processing /opt/airflow/dags/sample_aws_connection.py took 0.116 seconds
[2024-11-21T06:16:28.818+0000] {processor.py:186} INFO - Started process (PID=140) to work on /opt/airflow/dags/sample_aws_connection.py
[2024-11-21T06:16:28.818+0000] {processor.py:914} INFO - Processing file /opt/airflow/dags/sample_aws_connection.py for tasks to queue
[2024-11-21T06:16:28.821+0000] {logging_mixin.py:190} INFO - [2024-11-21T06:16:28.821+0000] {dagbag.py:588} INFO - Filling up the DagBag from /opt/airflow/dags/sample_aws_connection.py
[2024-11-21T06:16:28.895+0000] {processor.py:925} INFO - DAG(s) 's3_conn_dag' retrieved from /opt/airflow/dags/sample_aws_connection.py
[2024-11-21T06:16:28.910+0000] {logging_mixin.py:190} INFO - [2024-11-21T06:16:28.910+0000] {dag.py:3239} INFO - Sync 1 DAGs
[2024-11-21T06:16:28.922+0000] {logging_mixin.py:190} INFO - [2024-11-21T06:16:28.922+0000] {dag.py:4180} INFO - Setting next_dagrun for s3_conn_dag to None, run_after=None
[2024-11-21T06:16:28.931+0000] {processor.py:208} INFO - Processing /opt/airflow/dags/sample_aws_connection.py took 0.119 seconds
[2024-11-21T06:16:59.306+0000] {processor.py:186} INFO - Started process (PID=149) to work on /opt/airflow/dags/sample_aws_connection.py
[2024-11-21T06:16:59.307+0000] {processor.py:914} INFO - Processing file /opt/airflow/dags/sample_aws_connection.py for tasks to queue
[2024-11-21T06:16:59.309+0000] {logging_mixin.py:190} INFO - [2024-11-21T06:16:59.309+0000] {dagbag.py:588} INFO - Filling up the DagBag from /opt/airflow/dags/sample_aws_connection.py
[2024-11-21T06:16:59.376+0000] {processor.py:925} INFO - DAG(s) 's3_conn_dag' retrieved from /opt/airflow/dags/sample_aws_connection.py
[2024-11-21T06:16:59.389+0000] {logging_mixin.py:190} INFO - [2024-11-21T06:16:59.389+0000] {dag.py:3239} INFO - Sync 1 DAGs
[2024-11-21T06:16:59.401+0000] {logging_mixin.py:190} INFO - [2024-11-21T06:16:59.401+0000] {dag.py:4180} INFO - Setting next_dagrun for s3_conn_dag to None, run_after=None
[2024-11-21T06:16:59.409+0000] {processor.py:208} INFO - Processing /opt/airflow/dags/sample_aws_connection.py took 0.107 seconds
[2024-11-21T06:17:29.765+0000] {processor.py:186} INFO - Started process (PID=158) to work on /opt/airflow/dags/sample_aws_connection.py
[2024-11-21T06:17:29.766+0000] {processor.py:914} INFO - Processing file /opt/airflow/dags/sample_aws_connection.py for tasks to queue
[2024-11-21T06:17:29.768+0000] {logging_mixin.py:190} INFO - [2024-11-21T06:17:29.768+0000] {dagbag.py:588} INFO - Filling up the DagBag from /opt/airflow/dags/sample_aws_connection.py
[2024-11-21T06:17:29.859+0000] {processor.py:925} INFO - DAG(s) 's3_conn_dag' retrieved from /opt/airflow/dags/sample_aws_connection.py
[2024-11-21T06:17:29.876+0000] {logging_mixin.py:190} INFO - [2024-11-21T06:17:29.876+0000] {dag.py:3239} INFO - Sync 1 DAGs
[2024-11-21T06:17:29.888+0000] {logging_mixin.py:190} INFO - [2024-11-21T06:17:29.888+0000] {dag.py:4180} INFO - Setting next_dagrun for s3_conn_dag to None, run_after=None
[2024-11-21T06:17:29.897+0000] {processor.py:208} INFO - Processing /opt/airflow/dags/sample_aws_connection.py took 0.138 seconds
[2024-11-21T06:18:00.261+0000] {processor.py:186} INFO - Started process (PID=167) to work on /opt/airflow/dags/sample_aws_connection.py
[2024-11-21T06:18:00.262+0000] {processor.py:914} INFO - Processing file /opt/airflow/dags/sample_aws_connection.py for tasks to queue
[2024-11-21T06:18:00.266+0000] {logging_mixin.py:190} INFO - [2024-11-21T06:18:00.266+0000] {dagbag.py:588} INFO - Filling up the DagBag from /opt/airflow/dags/sample_aws_connection.py
[2024-11-21T06:18:00.358+0000] {processor.py:925} INFO - DAG(s) 's3_conn_dag' retrieved from /opt/airflow/dags/sample_aws_connection.py
[2024-11-21T06:18:00.383+0000] {logging_mixin.py:190} INFO - [2024-11-21T06:18:00.382+0000] {dag.py:3239} INFO - Sync 1 DAGs
[2024-11-21T06:18:00.399+0000] {logging_mixin.py:190} INFO - [2024-11-21T06:18:00.399+0000] {dag.py:4180} INFO - Setting next_dagrun for s3_conn_dag to None, run_after=None
[2024-11-21T06:18:00.411+0000] {processor.py:208} INFO - Processing /opt/airflow/dags/sample_aws_connection.py took 0.156 seconds
[2024-11-21T06:18:30.830+0000] {processor.py:186} INFO - Started process (PID=176) to work on /opt/airflow/dags/sample_aws_connection.py
[2024-11-21T06:18:30.831+0000] {processor.py:914} INFO - Processing file /opt/airflow/dags/sample_aws_connection.py for tasks to queue
[2024-11-21T06:18:30.833+0000] {logging_mixin.py:190} INFO - [2024-11-21T06:18:30.833+0000] {dagbag.py:588} INFO - Filling up the DagBag from /opt/airflow/dags/sample_aws_connection.py
[2024-11-21T06:18:30.904+0000] {processor.py:925} INFO - DAG(s) 's3_conn_dag' retrieved from /opt/airflow/dags/sample_aws_connection.py
[2024-11-21T06:18:30.916+0000] {logging_mixin.py:190} INFO - [2024-11-21T06:18:30.916+0000] {dag.py:3239} INFO - Sync 1 DAGs
[2024-11-21T06:18:30.927+0000] {logging_mixin.py:190} INFO - [2024-11-21T06:18:30.927+0000] {dag.py:4180} INFO - Setting next_dagrun for s3_conn_dag to None, run_after=None
[2024-11-21T06:18:30.935+0000] {processor.py:208} INFO - Processing /opt/airflow/dags/sample_aws_connection.py took 0.111 seconds
[2024-11-21T06:19:01.352+0000] {processor.py:186} INFO - Started process (PID=185) to work on /opt/airflow/dags/sample_aws_connection.py
[2024-11-21T06:19:01.353+0000] {processor.py:914} INFO - Processing file /opt/airflow/dags/sample_aws_connection.py for tasks to queue
[2024-11-21T06:19:01.355+0000] {logging_mixin.py:190} INFO - [2024-11-21T06:19:01.354+0000] {dagbag.py:588} INFO - Filling up the DagBag from /opt/airflow/dags/sample_aws_connection.py
[2024-11-21T06:19:01.429+0000] {processor.py:925} INFO - DAG(s) 's3_conn_dag' retrieved from /opt/airflow/dags/sample_aws_connection.py
[2024-11-21T06:19:01.443+0000] {logging_mixin.py:190} INFO - [2024-11-21T06:19:01.443+0000] {dag.py:3239} INFO - Sync 1 DAGs
[2024-11-21T06:19:01.455+0000] {logging_mixin.py:190} INFO - [2024-11-21T06:19:01.455+0000] {dag.py:4180} INFO - Setting next_dagrun for s3_conn_dag to None, run_after=None
[2024-11-21T06:19:01.463+0000] {processor.py:208} INFO - Processing /opt/airflow/dags/sample_aws_connection.py took 0.116 seconds
[2024-11-21T06:19:31.840+0000] {processor.py:186} INFO - Started process (PID=194) to work on /opt/airflow/dags/sample_aws_connection.py
[2024-11-21T06:19:31.842+0000] {processor.py:914} INFO - Processing file /opt/airflow/dags/sample_aws_connection.py for tasks to queue
[2024-11-21T06:19:31.844+0000] {logging_mixin.py:190} INFO - [2024-11-21T06:19:31.844+0000] {dagbag.py:588} INFO - Filling up the DagBag from /opt/airflow/dags/sample_aws_connection.py
[2024-11-21T06:19:31.931+0000] {processor.py:925} INFO - DAG(s) 's3_conn_dag' retrieved from /opt/airflow/dags/sample_aws_connection.py
[2024-11-21T06:19:31.952+0000] {logging_mixin.py:190} INFO - [2024-11-21T06:19:31.952+0000] {dag.py:3239} INFO - Sync 1 DAGs
[2024-11-21T06:19:31.967+0000] {logging_mixin.py:190} INFO - [2024-11-21T06:19:31.966+0000] {dag.py:4180} INFO - Setting next_dagrun for s3_conn_dag to None, run_after=None
[2024-11-21T06:19:31.978+0000] {processor.py:208} INFO - Processing /opt/airflow/dags/sample_aws_connection.py took 0.144 seconds
[2024-11-21T06:20:02.411+0000] {processor.py:186} INFO - Started process (PID=203) to work on /opt/airflow/dags/sample_aws_connection.py
[2024-11-21T06:20:02.413+0000] {processor.py:914} INFO - Processing file /opt/airflow/dags/sample_aws_connection.py for tasks to queue
[2024-11-21T06:20:02.414+0000] {logging_mixin.py:190} INFO - [2024-11-21T06:20:02.414+0000] {dagbag.py:588} INFO - Filling up the DagBag from /opt/airflow/dags/sample_aws_connection.py
[2024-11-21T06:20:02.507+0000] {processor.py:925} INFO - DAG(s) 's3_conn_dag' retrieved from /opt/airflow/dags/sample_aws_connection.py
[2024-11-21T06:20:02.524+0000] {logging_mixin.py:190} INFO - [2024-11-21T06:20:02.524+0000] {dag.py:3239} INFO - Sync 1 DAGs
[2024-11-21T06:20:02.537+0000] {logging_mixin.py:190} INFO - [2024-11-21T06:20:02.537+0000] {dag.py:4180} INFO - Setting next_dagrun for s3_conn_dag to None, run_after=None
[2024-11-21T06:20:02.547+0000] {processor.py:208} INFO - Processing /opt/airflow/dags/sample_aws_connection.py took 0.141 seconds
