[2024-11-21T06:12:22.421+0000] {local_task_job_runner.py:123} INFO - ::group::Pre task execution logs
[2024-11-21T06:12:22.433+0000] {taskinstance.py:2613} INFO - Dependencies all met for dep_context=non-requeueable deps ti=<TaskInstance: en_species_etl.load_code_description_data manual__2024-11-21T06:12:17.945668+00:00 [queued]>
[2024-11-21T06:12:22.439+0000] {taskinstance.py:2613} INFO - Dependencies all met for dep_context=requeueable deps ti=<TaskInstance: en_species_etl.load_code_description_data manual__2024-11-21T06:12:17.945668+00:00 [queued]>
[2024-11-21T06:12:22.440+0000] {taskinstance.py:2866} INFO - Starting attempt 1 of 1
[2024-11-21T06:12:22.447+0000] {taskinstance.py:2889} INFO - Executing <Task(PythonOperator): load_code_description_data> on 2024-11-21 06:12:17.945668+00:00
[2024-11-21T06:12:22.453+0000] {warnings.py:112} WARNING - /home/***/.local/lib/python3.12/site-packages/***/task/task_runner/standard_task_runner.py:70: DeprecationWarning: This process (pid=74) is multi-threaded, use of fork() may lead to deadlocks in the child.
  pid = os.fork()

[2024-11-21T06:12:22.454+0000] {standard_task_runner.py:72} INFO - Started process 75 to run task
[2024-11-21T06:12:22.454+0000] {standard_task_runner.py:104} INFO - Running: ['***', 'tasks', 'run', 'en_species_etl', 'load_code_description_data', 'manual__2024-11-21T06:12:17.945668+00:00', '--job-id', '36', '--raw', '--subdir', 'DAGS_FOLDER/en_species_dag.py', '--cfg-path', '/tmp/tmpm7ppz32e']
[2024-11-21T06:12:22.457+0000] {standard_task_runner.py:105} INFO - Job 36: Subtask load_code_description_data
[2024-11-21T06:12:22.490+0000] {task_command.py:467} INFO - Running <TaskInstance: en_species_etl.load_code_description_data manual__2024-11-21T06:12:17.945668+00:00 [running]> on host 8f29e140773c
[2024-11-21T06:12:22.545+0000] {taskinstance.py:3132} INFO - Exporting env vars: AIRFLOW_CTX_DAG_OWNER='***' AIRFLOW_CTX_DAG_ID='en_species_etl' AIRFLOW_CTX_TASK_ID='load_code_description_data' AIRFLOW_CTX_EXECUTION_DATE='2024-11-21T06:12:17.945668+00:00' AIRFLOW_CTX_TRY_NUMBER='1' AIRFLOW_CTX_DAG_RUN_ID='manual__2024-11-21T06:12:17.945668+00:00'
[2024-11-21T06:12:22.546+0000] {taskinstance.py:731} INFO - ::endgroup::
[2024-11-21T06:12:22.564+0000] {base.py:84} INFO - Retrieving connection 's3_conn'
[2024-11-21T06:12:22.565+0000] {connection_wrapper.py:328} INFO - AWS Connection (conn_id='s3_conn', conn_type='aws') credentials retrieved from extra.
[2024-11-21T06:12:23.742+0000] {hook.py:208} WARNING - Data lineage tracking is disabled. Register a hook lineage reader to start tracking hook lineage.
[2024-11-21T06:12:23.886+0000] {hook.py:208} WARNING - Data lineage tracking is disabled. Register a hook lineage reader to start tracking hook lineage.
[2024-11-21T06:12:23.887+0000] {hook.py:208} WARNING - Data lineage tracking is disabled. Register a hook lineage reader to start tracking hook lineage.
[2024-11-21T06:12:24.247+0000] {hook.py:208} WARNING - Data lineage tracking is disabled. Register a hook lineage reader to start tracking hook lineage.
[2024-11-21T06:12:24.248+0000] {hook.py:208} WARNING - Data lineage tracking is disabled. Register a hook lineage reader to start tracking hook lineage.
[2024-11-21T06:12:24.253+0000] {python.py:240} INFO - Done. Returned value was: None
[2024-11-21T06:12:24.268+0000] {taskinstance.py:340} INFO - ::group::Post task execution logs
[2024-11-21T06:12:24.269+0000] {taskinstance.py:352} INFO - Marking task as SUCCESS. dag_id=en_species_etl, task_id=load_code_description_data, run_id=manual__2024-11-21T06:12:17.945668+00:00, execution_date=20241121T061217, start_date=20241121T061222, end_date=20241121T061224
[2024-11-21T06:12:24.317+0000] {local_task_job_runner.py:266} INFO - Task exited with return code 0
[2024-11-21T06:12:24.331+0000] {taskinstance.py:3895} INFO - 0 downstream tasks scheduled from follow-on schedule check
[2024-11-21T06:12:24.331+0000] {local_task_job_runner.py:245} INFO - ::endgroup::
