[2024-11-20T06:23:17.949+0000] {processor.py:186} INFO - Started process (PID=44) to work on /opt/airflow/dags/sample_aws_connection.py
[2024-11-20T06:23:17.949+0000] {processor.py:914} INFO - Processing file /opt/airflow/dags/sample_aws_connection.py for tasks to queue
[2024-11-20T06:23:17.955+0000] {logging_mixin.py:190} INFO - [2024-11-20T06:23:17.954+0000] {dagbag.py:588} INFO - Filling up the DagBag from /opt/airflow/dags/sample_aws_connection.py
[2024-11-20T06:23:18.567+0000] {processor.py:925} INFO - DAG(s) 's3_conn_dag' retrieved from /opt/airflow/dags/sample_aws_connection.py
[2024-11-20T06:23:18.600+0000] {logging_mixin.py:190} INFO - [2024-11-20T06:23:18.600+0000] {dag.py:3239} INFO - Sync 1 DAGs
[2024-11-20T06:23:18.622+0000] {logging_mixin.py:190} INFO - [2024-11-20T06:23:18.620+0000] {dag.py:4180} INFO - Setting next_dagrun for s3_conn_dag to None, run_after=None
[2024-11-20T06:23:18.645+0000] {processor.py:208} INFO - Processing /opt/airflow/dags/sample_aws_connection.py took 0.700 seconds
[2024-11-20T06:23:49.136+0000] {processor.py:186} INFO - Started process (PID=53) to work on /opt/airflow/dags/sample_aws_connection.py
[2024-11-20T06:23:49.138+0000] {processor.py:914} INFO - Processing file /opt/airflow/dags/sample_aws_connection.py for tasks to queue
[2024-11-20T06:23:49.140+0000] {logging_mixin.py:190} INFO - [2024-11-20T06:23:49.140+0000] {dagbag.py:588} INFO - Filling up the DagBag from /opt/airflow/dags/sample_aws_connection.py
[2024-11-20T06:23:49.371+0000] {processor.py:925} INFO - DAG(s) 's3_conn_dag' retrieved from /opt/airflow/dags/sample_aws_connection.py
[2024-11-20T06:23:49.386+0000] {logging_mixin.py:190} INFO - [2024-11-20T06:23:49.386+0000] {dag.py:3239} INFO - Sync 1 DAGs
[2024-11-20T06:23:49.400+0000] {logging_mixin.py:190} INFO - [2024-11-20T06:23:49.400+0000] {dag.py:4180} INFO - Setting next_dagrun for s3_conn_dag to None, run_after=None
[2024-11-20T06:23:49.408+0000] {processor.py:208} INFO - Processing /opt/airflow/dags/sample_aws_connection.py took 0.278 seconds
[2024-11-20T06:24:20.100+0000] {processor.py:186} INFO - Started process (PID=62) to work on /opt/airflow/dags/sample_aws_connection.py
[2024-11-20T06:24:20.101+0000] {processor.py:914} INFO - Processing file /opt/airflow/dags/sample_aws_connection.py for tasks to queue
[2024-11-20T06:24:20.104+0000] {logging_mixin.py:190} INFO - [2024-11-20T06:24:20.103+0000] {dagbag.py:588} INFO - Filling up the DagBag from /opt/airflow/dags/sample_aws_connection.py
[2024-11-20T06:24:20.308+0000] {processor.py:925} INFO - DAG(s) 's3_conn_dag' retrieved from /opt/airflow/dags/sample_aws_connection.py
[2024-11-20T06:24:20.323+0000] {logging_mixin.py:190} INFO - [2024-11-20T06:24:20.323+0000] {dag.py:3239} INFO - Sync 1 DAGs
[2024-11-20T06:24:20.335+0000] {logging_mixin.py:190} INFO - [2024-11-20T06:24:20.335+0000] {dag.py:4180} INFO - Setting next_dagrun for s3_conn_dag to None, run_after=None
[2024-11-20T06:24:20.344+0000] {processor.py:208} INFO - Processing /opt/airflow/dags/sample_aws_connection.py took 0.250 seconds
[2024-11-20T06:24:50.759+0000] {processor.py:186} INFO - Started process (PID=71) to work on /opt/airflow/dags/sample_aws_connection.py
[2024-11-20T06:24:50.759+0000] {processor.py:914} INFO - Processing file /opt/airflow/dags/sample_aws_connection.py for tasks to queue
[2024-11-20T06:24:50.762+0000] {logging_mixin.py:190} INFO - [2024-11-20T06:24:50.762+0000] {dagbag.py:588} INFO - Filling up the DagBag from /opt/airflow/dags/sample_aws_connection.py
[2024-11-20T06:24:50.967+0000] {processor.py:925} INFO - DAG(s) 's3_conn_dag' retrieved from /opt/airflow/dags/sample_aws_connection.py
[2024-11-20T06:24:50.982+0000] {logging_mixin.py:190} INFO - [2024-11-20T06:24:50.982+0000] {dag.py:3239} INFO - Sync 1 DAGs
[2024-11-20T06:24:50.993+0000] {logging_mixin.py:190} INFO - [2024-11-20T06:24:50.993+0000] {dag.py:4180} INFO - Setting next_dagrun for s3_conn_dag to None, run_after=None
[2024-11-20T06:24:51.002+0000] {processor.py:208} INFO - Processing /opt/airflow/dags/sample_aws_connection.py took 0.249 seconds
[2024-11-20T06:25:21.436+0000] {processor.py:186} INFO - Started process (PID=86) to work on /opt/airflow/dags/sample_aws_connection.py
[2024-11-20T06:25:21.437+0000] {processor.py:914} INFO - Processing file /opt/airflow/dags/sample_aws_connection.py for tasks to queue
[2024-11-20T06:25:21.439+0000] {logging_mixin.py:190} INFO - [2024-11-20T06:25:21.439+0000] {dagbag.py:588} INFO - Filling up the DagBag from /opt/airflow/dags/sample_aws_connection.py
[2024-11-20T06:25:21.626+0000] {processor.py:925} INFO - DAG(s) 's3_conn_dag' retrieved from /opt/airflow/dags/sample_aws_connection.py
[2024-11-20T06:25:21.638+0000] {logging_mixin.py:190} INFO - [2024-11-20T06:25:21.638+0000] {dag.py:3239} INFO - Sync 1 DAGs
[2024-11-20T06:25:21.648+0000] {logging_mixin.py:190} INFO - [2024-11-20T06:25:21.648+0000] {dag.py:4180} INFO - Setting next_dagrun for s3_conn_dag to None, run_after=None
[2024-11-20T06:25:21.657+0000] {processor.py:208} INFO - Processing /opt/airflow/dags/sample_aws_connection.py took 0.226 seconds
[2024-11-20T06:25:52.016+0000] {processor.py:186} INFO - Started process (PID=95) to work on /opt/airflow/dags/sample_aws_connection.py
[2024-11-20T06:25:52.017+0000] {processor.py:914} INFO - Processing file /opt/airflow/dags/sample_aws_connection.py for tasks to queue
[2024-11-20T06:25:52.132+0000] {logging_mixin.py:190} INFO - [2024-11-20T06:25:52.019+0000] {dagbag.py:588} INFO - Filling up the DagBag from /opt/airflow/dags/sample_aws_connection.py
[2024-11-20T06:25:52.200+0000] {processor.py:925} INFO - DAG(s) 's3_conn_dag' retrieved from /opt/airflow/dags/sample_aws_connection.py
[2024-11-20T06:25:52.212+0000] {logging_mixin.py:190} INFO - [2024-11-20T06:25:52.212+0000] {dag.py:3239} INFO - Sync 1 DAGs
[2024-11-20T06:25:52.224+0000] {logging_mixin.py:190} INFO - [2024-11-20T06:25:52.224+0000] {dag.py:4180} INFO - Setting next_dagrun for s3_conn_dag to None, run_after=None
[2024-11-20T06:25:52.232+0000] {processor.py:208} INFO - Processing /opt/airflow/dags/sample_aws_connection.py took 0.222 seconds
[2024-11-20T06:26:22.764+0000] {processor.py:186} INFO - Started process (PID=104) to work on /opt/airflow/dags/sample_aws_connection.py
[2024-11-20T06:26:22.765+0000] {processor.py:914} INFO - Processing file /opt/airflow/dags/sample_aws_connection.py for tasks to queue
[2024-11-20T06:26:22.767+0000] {logging_mixin.py:190} INFO - [2024-11-20T06:26:22.766+0000] {dagbag.py:588} INFO - Filling up the DagBag from /opt/airflow/dags/sample_aws_connection.py
[2024-11-20T06:26:22.837+0000] {processor.py:925} INFO - DAG(s) 's3_conn_dag' retrieved from /opt/airflow/dags/sample_aws_connection.py
[2024-11-20T06:26:22.850+0000] {logging_mixin.py:190} INFO - [2024-11-20T06:26:22.850+0000] {dag.py:3239} INFO - Sync 1 DAGs
[2024-11-20T06:26:22.863+0000] {logging_mixin.py:190} INFO - [2024-11-20T06:26:22.863+0000] {dag.py:4180} INFO - Setting next_dagrun for s3_conn_dag to None, run_after=None
[2024-11-20T06:26:22.870+0000] {processor.py:208} INFO - Processing /opt/airflow/dags/sample_aws_connection.py took 0.112 seconds
[2024-11-20T06:26:53.262+0000] {processor.py:186} INFO - Started process (PID=113) to work on /opt/airflow/dags/sample_aws_connection.py
[2024-11-20T06:26:53.263+0000] {processor.py:914} INFO - Processing file /opt/airflow/dags/sample_aws_connection.py for tasks to queue
[2024-11-20T06:26:53.266+0000] {logging_mixin.py:190} INFO - [2024-11-20T06:26:53.265+0000] {dagbag.py:588} INFO - Filling up the DagBag from /opt/airflow/dags/sample_aws_connection.py
[2024-11-20T06:26:53.340+0000] {processor.py:925} INFO - DAG(s) 's3_conn_dag' retrieved from /opt/airflow/dags/sample_aws_connection.py
[2024-11-20T06:26:53.353+0000] {logging_mixin.py:190} INFO - [2024-11-20T06:26:53.353+0000] {dag.py:3239} INFO - Sync 1 DAGs
[2024-11-20T06:26:53.364+0000] {logging_mixin.py:190} INFO - [2024-11-20T06:26:53.364+0000] {dag.py:4180} INFO - Setting next_dagrun for s3_conn_dag to None, run_after=None
[2024-11-20T06:26:53.374+0000] {processor.py:208} INFO - Processing /opt/airflow/dags/sample_aws_connection.py took 0.118 seconds
[2024-11-20T06:27:23.738+0000] {processor.py:186} INFO - Started process (PID=122) to work on /opt/airflow/dags/sample_aws_connection.py
[2024-11-20T06:27:23.739+0000] {processor.py:914} INFO - Processing file /opt/airflow/dags/sample_aws_connection.py for tasks to queue
[2024-11-20T06:27:23.743+0000] {logging_mixin.py:190} INFO - [2024-11-20T06:27:23.742+0000] {dagbag.py:588} INFO - Filling up the DagBag from /opt/airflow/dags/sample_aws_connection.py
[2024-11-20T06:27:23.833+0000] {processor.py:925} INFO - DAG(s) 's3_conn_dag' retrieved from /opt/airflow/dags/sample_aws_connection.py
[2024-11-20T06:27:23.847+0000] {logging_mixin.py:190} INFO - [2024-11-20T06:27:23.847+0000] {dag.py:3239} INFO - Sync 1 DAGs
[2024-11-20T06:27:23.859+0000] {logging_mixin.py:190} INFO - [2024-11-20T06:27:23.858+0000] {dag.py:4180} INFO - Setting next_dagrun for s3_conn_dag to None, run_after=None
[2024-11-20T06:27:23.867+0000] {processor.py:208} INFO - Processing /opt/airflow/dags/sample_aws_connection.py took 0.137 seconds
[2024-11-20T06:27:54.262+0000] {processor.py:186} INFO - Started process (PID=131) to work on /opt/airflow/dags/sample_aws_connection.py
[2024-11-20T06:27:54.263+0000] {processor.py:914} INFO - Processing file /opt/airflow/dags/sample_aws_connection.py for tasks to queue
[2024-11-20T06:27:54.265+0000] {logging_mixin.py:190} INFO - [2024-11-20T06:27:54.264+0000] {dagbag.py:588} INFO - Filling up the DagBag from /opt/airflow/dags/sample_aws_connection.py
[2024-11-20T06:27:54.337+0000] {processor.py:925} INFO - DAG(s) 's3_conn_dag' retrieved from /opt/airflow/dags/sample_aws_connection.py
[2024-11-20T06:27:54.350+0000] {logging_mixin.py:190} INFO - [2024-11-20T06:27:54.350+0000] {dag.py:3239} INFO - Sync 1 DAGs
[2024-11-20T06:27:54.362+0000] {logging_mixin.py:190} INFO - [2024-11-20T06:27:54.362+0000] {dag.py:4180} INFO - Setting next_dagrun for s3_conn_dag to None, run_after=None
[2024-11-20T06:27:54.370+0000] {processor.py:208} INFO - Processing /opt/airflow/dags/sample_aws_connection.py took 0.115 seconds
[2024-11-20T06:28:24.760+0000] {processor.py:186} INFO - Started process (PID=140) to work on /opt/airflow/dags/sample_aws_connection.py
[2024-11-20T06:28:24.760+0000] {processor.py:914} INFO - Processing file /opt/airflow/dags/sample_aws_connection.py for tasks to queue
[2024-11-20T06:28:24.762+0000] {logging_mixin.py:190} INFO - [2024-11-20T06:28:24.762+0000] {dagbag.py:588} INFO - Filling up the DagBag from /opt/airflow/dags/sample_aws_connection.py
[2024-11-20T06:28:24.834+0000] {processor.py:925} INFO - DAG(s) 's3_conn_dag' retrieved from /opt/airflow/dags/sample_aws_connection.py
[2024-11-20T06:28:24.847+0000] {logging_mixin.py:190} INFO - [2024-11-20T06:28:24.847+0000] {dag.py:3239} INFO - Sync 1 DAGs
[2024-11-20T06:28:24.860+0000] {logging_mixin.py:190} INFO - [2024-11-20T06:28:24.860+0000] {dag.py:4180} INFO - Setting next_dagrun for s3_conn_dag to None, run_after=None
[2024-11-20T06:28:24.868+0000] {processor.py:208} INFO - Processing /opt/airflow/dags/sample_aws_connection.py took 0.114 seconds
[2024-11-20T06:40:54.917+0000] {processor.py:186} INFO - Started process (PID=45) to work on /opt/airflow/dags/sample_aws_connection.py
[2024-11-20T06:40:54.920+0000] {processor.py:914} INFO - Processing file /opt/airflow/dags/sample_aws_connection.py for tasks to queue
[2024-11-20T06:40:54.922+0000] {logging_mixin.py:190} INFO - [2024-11-20T06:40:54.922+0000] {dagbag.py:588} INFO - Filling up the DagBag from /opt/airflow/dags/sample_aws_connection.py
[2024-11-20T06:40:55.372+0000] {processor.py:925} INFO - DAG(s) 's3_conn_dag' retrieved from /opt/airflow/dags/sample_aws_connection.py
[2024-11-20T06:40:55.416+0000] {logging_mixin.py:190} INFO - [2024-11-20T06:40:55.416+0000] {dag.py:3239} INFO - Sync 1 DAGs
[2024-11-20T06:40:55.431+0000] {logging_mixin.py:190} INFO - [2024-11-20T06:40:55.431+0000] {dag.py:4180} INFO - Setting next_dagrun for s3_conn_dag to None, run_after=None
[2024-11-20T06:40:55.441+0000] {processor.py:208} INFO - Processing /opt/airflow/dags/sample_aws_connection.py took 0.528 seconds
[2024-11-20T06:41:25.691+0000] {processor.py:186} INFO - Started process (PID=52) to work on /opt/airflow/dags/sample_aws_connection.py
[2024-11-20T06:41:25.693+0000] {processor.py:914} INFO - Processing file /opt/airflow/dags/sample_aws_connection.py for tasks to queue
[2024-11-20T06:41:25.696+0000] {logging_mixin.py:190} INFO - [2024-11-20T06:41:25.696+0000] {dagbag.py:588} INFO - Filling up the DagBag from /opt/airflow/dags/sample_aws_connection.py
[2024-11-20T06:41:25.887+0000] {processor.py:925} INFO - DAG(s) 's3_conn_dag' retrieved from /opt/airflow/dags/sample_aws_connection.py
[2024-11-20T06:41:25.899+0000] {logging_mixin.py:190} INFO - [2024-11-20T06:41:25.899+0000] {dag.py:3239} INFO - Sync 1 DAGs
[2024-11-20T06:41:25.911+0000] {logging_mixin.py:190} INFO - [2024-11-20T06:41:25.910+0000] {dag.py:4180} INFO - Setting next_dagrun for s3_conn_dag to None, run_after=None
[2024-11-20T06:41:25.919+0000] {processor.py:208} INFO - Processing /opt/airflow/dags/sample_aws_connection.py took 0.235 seconds
[2024-11-20T06:41:56.702+0000] {processor.py:186} INFO - Started process (PID=62) to work on /opt/airflow/dags/sample_aws_connection.py
[2024-11-20T06:41:56.703+0000] {processor.py:914} INFO - Processing file /opt/airflow/dags/sample_aws_connection.py for tasks to queue
[2024-11-20T06:41:56.706+0000] {logging_mixin.py:190} INFO - [2024-11-20T06:41:56.706+0000] {dagbag.py:588} INFO - Filling up the DagBag from /opt/airflow/dags/sample_aws_connection.py
[2024-11-20T06:41:56.913+0000] {processor.py:925} INFO - DAG(s) 's3_conn_dag' retrieved from /opt/airflow/dags/sample_aws_connection.py
[2024-11-20T06:41:56.927+0000] {logging_mixin.py:190} INFO - [2024-11-20T06:41:56.927+0000] {dag.py:3239} INFO - Sync 1 DAGs
[2024-11-20T06:41:56.939+0000] {logging_mixin.py:190} INFO - [2024-11-20T06:41:56.938+0000] {dag.py:4180} INFO - Setting next_dagrun for s3_conn_dag to None, run_after=None
[2024-11-20T06:41:56.949+0000] {processor.py:208} INFO - Processing /opt/airflow/dags/sample_aws_connection.py took 0.251 seconds
[2024-11-20T06:42:27.459+0000] {processor.py:186} INFO - Started process (PID=71) to work on /opt/airflow/dags/sample_aws_connection.py
[2024-11-20T06:42:27.460+0000] {processor.py:914} INFO - Processing file /opt/airflow/dags/sample_aws_connection.py for tasks to queue
[2024-11-20T06:42:27.462+0000] {logging_mixin.py:190} INFO - [2024-11-20T06:42:27.462+0000] {dagbag.py:588} INFO - Filling up the DagBag from /opt/airflow/dags/sample_aws_connection.py
[2024-11-20T06:42:27.659+0000] {processor.py:925} INFO - DAG(s) 's3_conn_dag' retrieved from /opt/airflow/dags/sample_aws_connection.py
[2024-11-20T06:42:27.671+0000] {logging_mixin.py:190} INFO - [2024-11-20T06:42:27.671+0000] {dag.py:3239} INFO - Sync 1 DAGs
[2024-11-20T06:42:27.686+0000] {logging_mixin.py:190} INFO - [2024-11-20T06:42:27.686+0000] {dag.py:4180} INFO - Setting next_dagrun for s3_conn_dag to None, run_after=None
[2024-11-20T06:42:27.698+0000] {processor.py:208} INFO - Processing /opt/airflow/dags/sample_aws_connection.py took 0.243 seconds
[2024-11-20T06:42:58.204+0000] {processor.py:186} INFO - Started process (PID=80) to work on /opt/airflow/dags/sample_aws_connection.py
[2024-11-20T06:42:58.205+0000] {processor.py:914} INFO - Processing file /opt/airflow/dags/sample_aws_connection.py for tasks to queue
[2024-11-20T06:42:58.207+0000] {logging_mixin.py:190} INFO - [2024-11-20T06:42:58.207+0000] {dagbag.py:588} INFO - Filling up the DagBag from /opt/airflow/dags/sample_aws_connection.py
[2024-11-20T06:42:58.415+0000] {processor.py:925} INFO - DAG(s) 's3_conn_dag' retrieved from /opt/airflow/dags/sample_aws_connection.py
[2024-11-20T06:42:58.430+0000] {logging_mixin.py:190} INFO - [2024-11-20T06:42:58.430+0000] {dag.py:3239} INFO - Sync 1 DAGs
[2024-11-20T06:42:58.445+0000] {logging_mixin.py:190} INFO - [2024-11-20T06:42:58.445+0000] {dag.py:4180} INFO - Setting next_dagrun for s3_conn_dag to None, run_after=None
[2024-11-20T06:42:58.455+0000] {processor.py:208} INFO - Processing /opt/airflow/dags/sample_aws_connection.py took 0.255 seconds
[2024-11-20T06:43:29.005+0000] {processor.py:186} INFO - Started process (PID=95) to work on /opt/airflow/dags/sample_aws_connection.py
[2024-11-20T06:43:29.007+0000] {processor.py:914} INFO - Processing file /opt/airflow/dags/sample_aws_connection.py for tasks to queue
[2024-11-20T06:43:29.008+0000] {logging_mixin.py:190} INFO - [2024-11-20T06:43:29.008+0000] {dagbag.py:588} INFO - Filling up the DagBag from /opt/airflow/dags/sample_aws_connection.py
[2024-11-20T06:43:29.282+0000] {processor.py:925} INFO - DAG(s) 's3_conn_dag' retrieved from /opt/airflow/dags/sample_aws_connection.py
[2024-11-20T06:43:29.300+0000] {logging_mixin.py:190} INFO - [2024-11-20T06:43:29.299+0000] {dag.py:3239} INFO - Sync 1 DAGs
[2024-11-20T06:43:29.315+0000] {logging_mixin.py:190} INFO - [2024-11-20T06:43:29.315+0000] {dag.py:4180} INFO - Setting next_dagrun for s3_conn_dag to None, run_after=None
[2024-11-20T06:43:29.326+0000] {processor.py:208} INFO - Processing /opt/airflow/dags/sample_aws_connection.py took 0.327 seconds
[2024-11-20T06:44:00.026+0000] {processor.py:186} INFO - Started process (PID=104) to work on /opt/airflow/dags/sample_aws_connection.py
[2024-11-20T06:44:00.027+0000] {processor.py:914} INFO - Processing file /opt/airflow/dags/sample_aws_connection.py for tasks to queue
[2024-11-20T06:44:00.030+0000] {logging_mixin.py:190} INFO - [2024-11-20T06:44:00.030+0000] {dagbag.py:588} INFO - Filling up the DagBag from /opt/airflow/dags/sample_aws_connection.py
[2024-11-20T06:44:00.120+0000] {processor.py:925} INFO - DAG(s) 's3_conn_dag' retrieved from /opt/airflow/dags/sample_aws_connection.py
[2024-11-20T06:44:00.142+0000] {logging_mixin.py:190} INFO - [2024-11-20T06:44:00.142+0000] {dag.py:3239} INFO - Sync 1 DAGs
[2024-11-20T06:44:00.156+0000] {logging_mixin.py:190} INFO - [2024-11-20T06:44:00.156+0000] {dag.py:4180} INFO - Setting next_dagrun for s3_conn_dag to None, run_after=None
[2024-11-20T06:44:00.167+0000] {processor.py:208} INFO - Processing /opt/airflow/dags/sample_aws_connection.py took 0.148 seconds
[2024-11-20T06:44:30.640+0000] {processor.py:186} INFO - Started process (PID=113) to work on /opt/airflow/dags/sample_aws_connection.py
[2024-11-20T06:44:30.641+0000] {processor.py:914} INFO - Processing file /opt/airflow/dags/sample_aws_connection.py for tasks to queue
[2024-11-20T06:44:30.643+0000] {logging_mixin.py:190} INFO - [2024-11-20T06:44:30.643+0000] {dagbag.py:588} INFO - Filling up the DagBag from /opt/airflow/dags/sample_aws_connection.py
[2024-11-20T06:44:30.719+0000] {processor.py:925} INFO - DAG(s) 's3_conn_dag' retrieved from /opt/airflow/dags/sample_aws_connection.py
[2024-11-20T06:44:30.734+0000] {logging_mixin.py:190} INFO - [2024-11-20T06:44:30.734+0000] {dag.py:3239} INFO - Sync 1 DAGs
[2024-11-20T06:44:30.746+0000] {logging_mixin.py:190} INFO - [2024-11-20T06:44:30.746+0000] {dag.py:4180} INFO - Setting next_dagrun for s3_conn_dag to None, run_after=None
[2024-11-20T06:44:30.755+0000] {processor.py:208} INFO - Processing /opt/airflow/dags/sample_aws_connection.py took 0.120 seconds
[2024-11-20T06:45:01.251+0000] {processor.py:186} INFO - Started process (PID=122) to work on /opt/airflow/dags/sample_aws_connection.py
[2024-11-20T06:45:01.252+0000] {processor.py:914} INFO - Processing file /opt/airflow/dags/sample_aws_connection.py for tasks to queue
[2024-11-20T06:45:01.255+0000] {logging_mixin.py:190} INFO - [2024-11-20T06:45:01.255+0000] {dagbag.py:588} INFO - Filling up the DagBag from /opt/airflow/dags/sample_aws_connection.py
[2024-11-20T06:45:01.340+0000] {processor.py:925} INFO - DAG(s) 's3_conn_dag' retrieved from /opt/airflow/dags/sample_aws_connection.py
[2024-11-20T06:45:01.360+0000] {logging_mixin.py:190} INFO - [2024-11-20T06:45:01.360+0000] {dag.py:3239} INFO - Sync 1 DAGs
[2024-11-20T06:45:01.372+0000] {logging_mixin.py:190} INFO - [2024-11-20T06:45:01.372+0000] {dag.py:4180} INFO - Setting next_dagrun for s3_conn_dag to None, run_after=None
[2024-11-20T06:45:01.380+0000] {processor.py:208} INFO - Processing /opt/airflow/dags/sample_aws_connection.py took 0.134 seconds
[2024-11-20T06:45:31.881+0000] {processor.py:186} INFO - Started process (PID=131) to work on /opt/airflow/dags/sample_aws_connection.py
[2024-11-20T06:45:31.882+0000] {processor.py:914} INFO - Processing file /opt/airflow/dags/sample_aws_connection.py for tasks to queue
[2024-11-20T06:45:31.884+0000] {logging_mixin.py:190} INFO - [2024-11-20T06:45:31.884+0000] {dagbag.py:588} INFO - Filling up the DagBag from /opt/airflow/dags/sample_aws_connection.py
[2024-11-20T06:45:31.970+0000] {processor.py:925} INFO - DAG(s) 's3_conn_dag' retrieved from /opt/airflow/dags/sample_aws_connection.py
[2024-11-20T06:45:31.996+0000] {logging_mixin.py:190} INFO - [2024-11-20T06:45:31.996+0000] {dag.py:3239} INFO - Sync 1 DAGs
[2024-11-20T06:45:32.008+0000] {logging_mixin.py:190} INFO - [2024-11-20T06:45:32.008+0000] {dag.py:4180} INFO - Setting next_dagrun for s3_conn_dag to None, run_after=None
[2024-11-20T06:45:32.019+0000] {processor.py:208} INFO - Processing /opt/airflow/dags/sample_aws_connection.py took 0.142 seconds
[2024-11-20T06:46:02.516+0000] {processor.py:186} INFO - Started process (PID=140) to work on /opt/airflow/dags/sample_aws_connection.py
[2024-11-20T06:46:02.517+0000] {processor.py:914} INFO - Processing file /opt/airflow/dags/sample_aws_connection.py for tasks to queue
[2024-11-20T06:46:02.520+0000] {logging_mixin.py:190} INFO - [2024-11-20T06:46:02.519+0000] {dagbag.py:588} INFO - Filling up the DagBag from /opt/airflow/dags/sample_aws_connection.py
[2024-11-20T06:46:02.593+0000] {processor.py:925} INFO - DAG(s) 's3_conn_dag' retrieved from /opt/airflow/dags/sample_aws_connection.py
[2024-11-20T06:46:02.614+0000] {logging_mixin.py:190} INFO - [2024-11-20T06:46:02.614+0000] {dag.py:3239} INFO - Sync 1 DAGs
[2024-11-20T06:46:02.629+0000] {logging_mixin.py:190} INFO - [2024-11-20T06:46:02.629+0000] {dag.py:4180} INFO - Setting next_dagrun for s3_conn_dag to None, run_after=None
[2024-11-20T06:46:02.637+0000] {processor.py:208} INFO - Processing /opt/airflow/dags/sample_aws_connection.py took 0.125 seconds
[2024-11-20T06:46:33.132+0000] {processor.py:186} INFO - Started process (PID=149) to work on /opt/airflow/dags/sample_aws_connection.py
[2024-11-20T06:46:33.133+0000] {processor.py:914} INFO - Processing file /opt/airflow/dags/sample_aws_connection.py for tasks to queue
[2024-11-20T06:46:33.137+0000] {logging_mixin.py:190} INFO - [2024-11-20T06:46:33.136+0000] {dagbag.py:588} INFO - Filling up the DagBag from /opt/airflow/dags/sample_aws_connection.py
[2024-11-20T06:46:33.238+0000] {processor.py:925} INFO - DAG(s) 's3_conn_dag' retrieved from /opt/airflow/dags/sample_aws_connection.py
[2024-11-20T06:46:33.264+0000] {logging_mixin.py:190} INFO - [2024-11-20T06:46:33.263+0000] {dag.py:3239} INFO - Sync 1 DAGs
[2024-11-20T06:46:33.276+0000] {logging_mixin.py:190} INFO - [2024-11-20T06:46:33.276+0000] {dag.py:4180} INFO - Setting next_dagrun for s3_conn_dag to None, run_after=None
[2024-11-20T06:46:33.286+0000] {processor.py:208} INFO - Processing /opt/airflow/dags/sample_aws_connection.py took 0.159 seconds
[2024-11-20T06:47:03.756+0000] {processor.py:186} INFO - Started process (PID=158) to work on /opt/airflow/dags/sample_aws_connection.py
[2024-11-20T06:47:03.757+0000] {processor.py:914} INFO - Processing file /opt/airflow/dags/sample_aws_connection.py for tasks to queue
[2024-11-20T06:47:03.759+0000] {logging_mixin.py:190} INFO - [2024-11-20T06:47:03.759+0000] {dagbag.py:588} INFO - Filling up the DagBag from /opt/airflow/dags/sample_aws_connection.py
[2024-11-20T06:47:03.838+0000] {processor.py:925} INFO - DAG(s) 's3_conn_dag' retrieved from /opt/airflow/dags/sample_aws_connection.py
[2024-11-20T06:47:03.853+0000] {logging_mixin.py:190} INFO - [2024-11-20T06:47:03.853+0000] {dag.py:3239} INFO - Sync 1 DAGs
[2024-11-20T06:47:03.865+0000] {logging_mixin.py:190} INFO - [2024-11-20T06:47:03.865+0000] {dag.py:4180} INFO - Setting next_dagrun for s3_conn_dag to None, run_after=None
[2024-11-20T06:47:03.873+0000] {processor.py:208} INFO - Processing /opt/airflow/dags/sample_aws_connection.py took 0.121 seconds
[2024-11-20T06:47:34.393+0000] {processor.py:186} INFO - Started process (PID=167) to work on /opt/airflow/dags/sample_aws_connection.py
[2024-11-20T06:47:34.394+0000] {processor.py:914} INFO - Processing file /opt/airflow/dags/sample_aws_connection.py for tasks to queue
[2024-11-20T06:47:34.396+0000] {logging_mixin.py:190} INFO - [2024-11-20T06:47:34.396+0000] {dagbag.py:588} INFO - Filling up the DagBag from /opt/airflow/dags/sample_aws_connection.py
[2024-11-20T06:47:34.477+0000] {processor.py:925} INFO - DAG(s) 's3_conn_dag' retrieved from /opt/airflow/dags/sample_aws_connection.py
[2024-11-20T06:47:34.495+0000] {logging_mixin.py:190} INFO - [2024-11-20T06:47:34.495+0000] {dag.py:3239} INFO - Sync 1 DAGs
[2024-11-20T06:47:34.509+0000] {logging_mixin.py:190} INFO - [2024-11-20T06:47:34.509+0000] {dag.py:4180} INFO - Setting next_dagrun for s3_conn_dag to None, run_after=None
[2024-11-20T06:47:34.518+0000] {processor.py:208} INFO - Processing /opt/airflow/dags/sample_aws_connection.py took 0.129 seconds
[2024-11-20T06:48:05.053+0000] {processor.py:186} INFO - Started process (PID=176) to work on /opt/airflow/dags/sample_aws_connection.py
[2024-11-20T06:48:05.054+0000] {processor.py:914} INFO - Processing file /opt/airflow/dags/sample_aws_connection.py for tasks to queue
[2024-11-20T06:48:05.056+0000] {logging_mixin.py:190} INFO - [2024-11-20T06:48:05.056+0000] {dagbag.py:588} INFO - Filling up the DagBag from /opt/airflow/dags/sample_aws_connection.py
[2024-11-20T06:48:05.135+0000] {processor.py:925} INFO - DAG(s) 's3_conn_dag' retrieved from /opt/airflow/dags/sample_aws_connection.py
[2024-11-20T06:48:05.154+0000] {logging_mixin.py:190} INFO - [2024-11-20T06:48:05.153+0000] {dag.py:3239} INFO - Sync 1 DAGs
[2024-11-20T06:48:05.166+0000] {logging_mixin.py:190} INFO - [2024-11-20T06:48:05.166+0000] {dag.py:4180} INFO - Setting next_dagrun for s3_conn_dag to None, run_after=None
[2024-11-20T06:48:05.175+0000] {processor.py:208} INFO - Processing /opt/airflow/dags/sample_aws_connection.py took 0.129 seconds
[2024-11-20T06:48:35.539+0000] {processor.py:186} INFO - Started process (PID=185) to work on /opt/airflow/dags/sample_aws_connection.py
[2024-11-20T06:48:35.540+0000] {processor.py:914} INFO - Processing file /opt/airflow/dags/sample_aws_connection.py for tasks to queue
[2024-11-20T06:48:35.543+0000] {logging_mixin.py:190} INFO - [2024-11-20T06:48:35.543+0000] {dagbag.py:588} INFO - Filling up the DagBag from /opt/airflow/dags/sample_aws_connection.py
[2024-11-20T06:48:35.619+0000] {processor.py:925} INFO - DAG(s) 's3_conn_dag' retrieved from /opt/airflow/dags/sample_aws_connection.py
[2024-11-20T06:48:35.635+0000] {logging_mixin.py:190} INFO - [2024-11-20T06:48:35.635+0000] {dag.py:3239} INFO - Sync 1 DAGs
[2024-11-20T06:48:35.649+0000] {logging_mixin.py:190} INFO - [2024-11-20T06:48:35.649+0000] {dag.py:4180} INFO - Setting next_dagrun for s3_conn_dag to None, run_after=None
[2024-11-20T06:48:35.660+0000] {processor.py:208} INFO - Processing /opt/airflow/dags/sample_aws_connection.py took 0.127 seconds
[2024-11-20T06:49:06.068+0000] {processor.py:186} INFO - Started process (PID=194) to work on /opt/airflow/dags/sample_aws_connection.py
[2024-11-20T06:49:06.068+0000] {processor.py:914} INFO - Processing file /opt/airflow/dags/sample_aws_connection.py for tasks to queue
[2024-11-20T06:49:06.070+0000] {logging_mixin.py:190} INFO - [2024-11-20T06:49:06.070+0000] {dagbag.py:588} INFO - Filling up the DagBag from /opt/airflow/dags/sample_aws_connection.py
[2024-11-20T06:49:06.142+0000] {processor.py:925} INFO - DAG(s) 's3_conn_dag' retrieved from /opt/airflow/dags/sample_aws_connection.py
[2024-11-20T06:49:06.154+0000] {logging_mixin.py:190} INFO - [2024-11-20T06:49:06.153+0000] {dag.py:3239} INFO - Sync 1 DAGs
[2024-11-20T06:49:06.165+0000] {logging_mixin.py:190} INFO - [2024-11-20T06:49:06.165+0000] {dag.py:4180} INFO - Setting next_dagrun for s3_conn_dag to None, run_after=None
[2024-11-20T06:49:06.172+0000] {processor.py:208} INFO - Processing /opt/airflow/dags/sample_aws_connection.py took 0.110 seconds
[2024-11-20T06:49:36.545+0000] {processor.py:186} INFO - Started process (PID=207) to work on /opt/airflow/dags/sample_aws_connection.py
[2024-11-20T06:49:36.546+0000] {processor.py:914} INFO - Processing file /opt/airflow/dags/sample_aws_connection.py for tasks to queue
[2024-11-20T06:49:36.549+0000] {logging_mixin.py:190} INFO - [2024-11-20T06:49:36.549+0000] {dagbag.py:588} INFO - Filling up the DagBag from /opt/airflow/dags/sample_aws_connection.py
[2024-11-20T06:49:36.629+0000] {processor.py:925} INFO - DAG(s) 's3_conn_dag' retrieved from /opt/airflow/dags/sample_aws_connection.py
[2024-11-20T06:49:36.649+0000] {logging_mixin.py:190} INFO - [2024-11-20T06:49:36.649+0000] {dag.py:3239} INFO - Sync 1 DAGs
[2024-11-20T06:49:36.662+0000] {logging_mixin.py:190} INFO - [2024-11-20T06:49:36.662+0000] {dag.py:4180} INFO - Setting next_dagrun for s3_conn_dag to None, run_after=None
[2024-11-20T06:49:36.671+0000] {processor.py:208} INFO - Processing /opt/airflow/dags/sample_aws_connection.py took 0.132 seconds
[2024-11-20T06:50:07.034+0000] {processor.py:186} INFO - Started process (PID=216) to work on /opt/airflow/dags/sample_aws_connection.py
[2024-11-20T06:50:07.035+0000] {processor.py:914} INFO - Processing file /opt/airflow/dags/sample_aws_connection.py for tasks to queue
[2024-11-20T06:50:07.038+0000] {logging_mixin.py:190} INFO - [2024-11-20T06:50:07.037+0000] {dagbag.py:588} INFO - Filling up the DagBag from /opt/airflow/dags/sample_aws_connection.py
[2024-11-20T06:50:07.110+0000] {processor.py:925} INFO - DAG(s) 's3_conn_dag' retrieved from /opt/airflow/dags/sample_aws_connection.py
[2024-11-20T06:50:07.123+0000] {logging_mixin.py:190} INFO - [2024-11-20T06:50:07.123+0000] {dag.py:3239} INFO - Sync 1 DAGs
[2024-11-20T06:50:07.134+0000] {logging_mixin.py:190} INFO - [2024-11-20T06:50:07.134+0000] {dag.py:4180} INFO - Setting next_dagrun for s3_conn_dag to None, run_after=None
[2024-11-20T06:50:07.142+0000] {processor.py:208} INFO - Processing /opt/airflow/dags/sample_aws_connection.py took 0.113 seconds
[2024-11-20T06:50:37.529+0000] {processor.py:186} INFO - Started process (PID=225) to work on /opt/airflow/dags/sample_aws_connection.py
[2024-11-20T06:50:37.530+0000] {processor.py:914} INFO - Processing file /opt/airflow/dags/sample_aws_connection.py for tasks to queue
[2024-11-20T06:50:37.531+0000] {logging_mixin.py:190} INFO - [2024-11-20T06:50:37.531+0000] {dagbag.py:588} INFO - Filling up the DagBag from /opt/airflow/dags/sample_aws_connection.py
[2024-11-20T06:50:37.604+0000] {processor.py:925} INFO - DAG(s) 's3_conn_dag' retrieved from /opt/airflow/dags/sample_aws_connection.py
[2024-11-20T06:50:37.620+0000] {logging_mixin.py:190} INFO - [2024-11-20T06:50:37.620+0000] {dag.py:3239} INFO - Sync 1 DAGs
[2024-11-20T06:50:37.631+0000] {logging_mixin.py:190} INFO - [2024-11-20T06:50:37.631+0000] {dag.py:4180} INFO - Setting next_dagrun for s3_conn_dag to None, run_after=None
[2024-11-20T06:50:37.639+0000] {processor.py:208} INFO - Processing /opt/airflow/dags/sample_aws_connection.py took 0.117 seconds
[2024-11-20T06:51:07.985+0000] {processor.py:186} INFO - Started process (PID=234) to work on /opt/airflow/dags/sample_aws_connection.py
[2024-11-20T06:51:07.986+0000] {processor.py:914} INFO - Processing file /opt/airflow/dags/sample_aws_connection.py for tasks to queue
[2024-11-20T06:51:07.988+0000] {logging_mixin.py:190} INFO - [2024-11-20T06:51:07.987+0000] {dagbag.py:588} INFO - Filling up the DagBag from /opt/airflow/dags/sample_aws_connection.py
[2024-11-20T06:51:08.061+0000] {processor.py:925} INFO - DAG(s) 's3_conn_dag' retrieved from /opt/airflow/dags/sample_aws_connection.py
[2024-11-20T06:51:08.079+0000] {logging_mixin.py:190} INFO - [2024-11-20T06:51:08.079+0000] {dag.py:3239} INFO - Sync 1 DAGs
[2024-11-20T06:51:08.090+0000] {logging_mixin.py:190} INFO - [2024-11-20T06:51:08.090+0000] {dag.py:4180} INFO - Setting next_dagrun for s3_conn_dag to None, run_after=None
[2024-11-20T06:51:08.099+0000] {processor.py:208} INFO - Processing /opt/airflow/dags/sample_aws_connection.py took 0.120 seconds
[2024-11-20T06:51:38.476+0000] {processor.py:186} INFO - Started process (PID=243) to work on /opt/airflow/dags/sample_aws_connection.py
[2024-11-20T06:51:38.477+0000] {processor.py:914} INFO - Processing file /opt/airflow/dags/sample_aws_connection.py for tasks to queue
[2024-11-20T06:51:38.479+0000] {logging_mixin.py:190} INFO - [2024-11-20T06:51:38.479+0000] {dagbag.py:588} INFO - Filling up the DagBag from /opt/airflow/dags/sample_aws_connection.py
[2024-11-20T06:51:38.561+0000] {processor.py:925} INFO - DAG(s) 's3_conn_dag' retrieved from /opt/airflow/dags/sample_aws_connection.py
[2024-11-20T06:51:38.575+0000] {logging_mixin.py:190} INFO - [2024-11-20T06:51:38.575+0000] {dag.py:3239} INFO - Sync 1 DAGs
[2024-11-20T06:51:38.589+0000] {logging_mixin.py:190} INFO - [2024-11-20T06:51:38.589+0000] {dag.py:4180} INFO - Setting next_dagrun for s3_conn_dag to None, run_after=None
[2024-11-20T06:51:38.600+0000] {processor.py:208} INFO - Processing /opt/airflow/dags/sample_aws_connection.py took 0.128 seconds
[2024-11-20T06:52:08.991+0000] {processor.py:186} INFO - Started process (PID=251) to work on /opt/airflow/dags/sample_aws_connection.py
[2024-11-20T06:52:08.991+0000] {processor.py:914} INFO - Processing file /opt/airflow/dags/sample_aws_connection.py for tasks to queue
[2024-11-20T06:52:08.993+0000] {logging_mixin.py:190} INFO - [2024-11-20T06:52:08.993+0000] {dagbag.py:588} INFO - Filling up the DagBag from /opt/airflow/dags/sample_aws_connection.py
[2024-11-20T06:52:09.072+0000] {processor.py:925} INFO - DAG(s) 's3_conn_dag' retrieved from /opt/airflow/dags/sample_aws_connection.py
[2024-11-20T06:52:09.086+0000] {logging_mixin.py:190} INFO - [2024-11-20T06:52:09.086+0000] {dag.py:3239} INFO - Sync 1 DAGs
[2024-11-20T06:52:09.100+0000] {logging_mixin.py:190} INFO - [2024-11-20T06:52:09.100+0000] {dag.py:4180} INFO - Setting next_dagrun for s3_conn_dag to None, run_after=None
[2024-11-20T06:52:09.109+0000] {processor.py:208} INFO - Processing /opt/airflow/dags/sample_aws_connection.py took 0.122 seconds
[2024-11-20T06:52:39.532+0000] {processor.py:186} INFO - Started process (PID=260) to work on /opt/airflow/dags/sample_aws_connection.py
[2024-11-20T06:52:39.535+0000] {processor.py:914} INFO - Processing file /opt/airflow/dags/sample_aws_connection.py for tasks to queue
[2024-11-20T06:52:39.537+0000] {logging_mixin.py:190} INFO - [2024-11-20T06:52:39.537+0000] {dagbag.py:588} INFO - Filling up the DagBag from /opt/airflow/dags/sample_aws_connection.py
[2024-11-20T06:52:39.609+0000] {processor.py:925} INFO - DAG(s) 's3_conn_dag' retrieved from /opt/airflow/dags/sample_aws_connection.py
[2024-11-20T06:52:39.623+0000] {logging_mixin.py:190} INFO - [2024-11-20T06:52:39.623+0000] {dag.py:3239} INFO - Sync 1 DAGs
[2024-11-20T06:52:39.635+0000] {logging_mixin.py:190} INFO - [2024-11-20T06:52:39.635+0000] {dag.py:4180} INFO - Setting next_dagrun for s3_conn_dag to None, run_after=None
[2024-11-20T06:52:39.645+0000] {processor.py:208} INFO - Processing /opt/airflow/dags/sample_aws_connection.py took 0.120 seconds
[2024-11-20T06:53:10.039+0000] {processor.py:186} INFO - Started process (PID=269) to work on /opt/airflow/dags/sample_aws_connection.py
[2024-11-20T06:53:10.039+0000] {processor.py:914} INFO - Processing file /opt/airflow/dags/sample_aws_connection.py for tasks to queue
[2024-11-20T06:53:10.041+0000] {logging_mixin.py:190} INFO - [2024-11-20T06:53:10.041+0000] {dagbag.py:588} INFO - Filling up the DagBag from /opt/airflow/dags/sample_aws_connection.py
[2024-11-20T06:53:10.115+0000] {processor.py:925} INFO - DAG(s) 's3_conn_dag' retrieved from /opt/airflow/dags/sample_aws_connection.py
[2024-11-20T06:53:10.127+0000] {logging_mixin.py:190} INFO - [2024-11-20T06:53:10.126+0000] {dag.py:3239} INFO - Sync 1 DAGs
[2024-11-20T06:53:10.137+0000] {logging_mixin.py:190} INFO - [2024-11-20T06:53:10.137+0000] {dag.py:4180} INFO - Setting next_dagrun for s3_conn_dag to None, run_after=None
[2024-11-20T06:53:10.145+0000] {processor.py:208} INFO - Processing /opt/airflow/dags/sample_aws_connection.py took 0.113 seconds
[2024-11-20T06:53:40.538+0000] {processor.py:186} INFO - Started process (PID=278) to work on /opt/airflow/dags/sample_aws_connection.py
[2024-11-20T06:53:40.539+0000] {processor.py:914} INFO - Processing file /opt/airflow/dags/sample_aws_connection.py for tasks to queue
[2024-11-20T06:53:40.541+0000] {logging_mixin.py:190} INFO - [2024-11-20T06:53:40.541+0000] {dagbag.py:588} INFO - Filling up the DagBag from /opt/airflow/dags/sample_aws_connection.py
[2024-11-20T06:53:40.614+0000] {processor.py:925} INFO - DAG(s) 's3_conn_dag' retrieved from /opt/airflow/dags/sample_aws_connection.py
[2024-11-20T06:53:40.628+0000] {logging_mixin.py:190} INFO - [2024-11-20T06:53:40.628+0000] {dag.py:3239} INFO - Sync 1 DAGs
[2024-11-20T06:53:40.641+0000] {logging_mixin.py:190} INFO - [2024-11-20T06:53:40.641+0000] {dag.py:4180} INFO - Setting next_dagrun for s3_conn_dag to None, run_after=None
[2024-11-20T06:53:40.649+0000] {processor.py:208} INFO - Processing /opt/airflow/dags/sample_aws_connection.py took 0.117 seconds
[2024-11-20T06:54:11.027+0000] {processor.py:186} INFO - Started process (PID=287) to work on /opt/airflow/dags/sample_aws_connection.py
[2024-11-20T06:54:11.028+0000] {processor.py:914} INFO - Processing file /opt/airflow/dags/sample_aws_connection.py for tasks to queue
[2024-11-20T06:54:11.030+0000] {logging_mixin.py:190} INFO - [2024-11-20T06:54:11.030+0000] {dagbag.py:588} INFO - Filling up the DagBag from /opt/airflow/dags/sample_aws_connection.py
[2024-11-20T06:54:11.101+0000] {processor.py:925} INFO - DAG(s) 's3_conn_dag' retrieved from /opt/airflow/dags/sample_aws_connection.py
[2024-11-20T06:54:11.113+0000] {logging_mixin.py:190} INFO - [2024-11-20T06:54:11.113+0000] {dag.py:3239} INFO - Sync 1 DAGs
[2024-11-20T06:54:11.124+0000] {logging_mixin.py:190} INFO - [2024-11-20T06:54:11.124+0000] {dag.py:4180} INFO - Setting next_dagrun for s3_conn_dag to None, run_after=None
[2024-11-20T06:54:11.135+0000] {processor.py:208} INFO - Processing /opt/airflow/dags/sample_aws_connection.py took 0.113 seconds
[2024-11-20T06:54:41.752+0000] {processor.py:186} INFO - Started process (PID=297) to work on /opt/airflow/dags/sample_aws_connection.py
[2024-11-20T06:54:41.753+0000] {processor.py:914} INFO - Processing file /opt/airflow/dags/sample_aws_connection.py for tasks to queue
[2024-11-20T06:54:41.755+0000] {logging_mixin.py:190} INFO - [2024-11-20T06:54:41.755+0000] {dagbag.py:588} INFO - Filling up the DagBag from /opt/airflow/dags/sample_aws_connection.py
[2024-11-20T06:54:41.840+0000] {processor.py:925} INFO - DAG(s) 's3_conn_dag' retrieved from /opt/airflow/dags/sample_aws_connection.py
[2024-11-20T06:54:41.854+0000] {logging_mixin.py:190} INFO - [2024-11-20T06:54:41.854+0000] {dag.py:3239} INFO - Sync 1 DAGs
[2024-11-20T06:54:41.868+0000] {logging_mixin.py:190} INFO - [2024-11-20T06:54:41.868+0000] {dag.py:4180} INFO - Setting next_dagrun for s3_conn_dag to None, run_after=None
[2024-11-20T06:54:41.876+0000] {processor.py:208} INFO - Processing /opt/airflow/dags/sample_aws_connection.py took 0.132 seconds
[2024-11-20T06:55:12.233+0000] {processor.py:186} INFO - Started process (PID=310) to work on /opt/airflow/dags/sample_aws_connection.py
[2024-11-20T06:55:12.233+0000] {processor.py:914} INFO - Processing file /opt/airflow/dags/sample_aws_connection.py for tasks to queue
[2024-11-20T06:55:12.235+0000] {logging_mixin.py:190} INFO - [2024-11-20T06:55:12.235+0000] {dagbag.py:588} INFO - Filling up the DagBag from /opt/airflow/dags/sample_aws_connection.py
[2024-11-20T06:55:12.307+0000] {processor.py:925} INFO - DAG(s) 's3_conn_dag' retrieved from /opt/airflow/dags/sample_aws_connection.py
[2024-11-20T06:55:12.325+0000] {logging_mixin.py:190} INFO - [2024-11-20T06:55:12.325+0000] {dag.py:3239} INFO - Sync 1 DAGs
[2024-11-20T06:55:12.337+0000] {logging_mixin.py:190} INFO - [2024-11-20T06:55:12.337+0000] {dag.py:4180} INFO - Setting next_dagrun for s3_conn_dag to None, run_after=None
[2024-11-20T06:55:12.346+0000] {processor.py:208} INFO - Processing /opt/airflow/dags/sample_aws_connection.py took 0.119 seconds
[2024-11-20T06:55:42.722+0000] {processor.py:186} INFO - Started process (PID=319) to work on /opt/airflow/dags/sample_aws_connection.py
[2024-11-20T06:55:42.723+0000] {processor.py:914} INFO - Processing file /opt/airflow/dags/sample_aws_connection.py for tasks to queue
[2024-11-20T06:55:42.725+0000] {logging_mixin.py:190} INFO - [2024-11-20T06:55:42.725+0000] {dagbag.py:588} INFO - Filling up the DagBag from /opt/airflow/dags/sample_aws_connection.py
[2024-11-20T06:55:42.804+0000] {processor.py:925} INFO - DAG(s) 's3_conn_dag' retrieved from /opt/airflow/dags/sample_aws_connection.py
[2024-11-20T06:55:42.819+0000] {logging_mixin.py:190} INFO - [2024-11-20T06:55:42.819+0000] {dag.py:3239} INFO - Sync 1 DAGs
[2024-11-20T06:55:42.834+0000] {logging_mixin.py:190} INFO - [2024-11-20T06:55:42.833+0000] {dag.py:4180} INFO - Setting next_dagrun for s3_conn_dag to None, run_after=None
[2024-11-20T06:55:42.844+0000] {processor.py:208} INFO - Processing /opt/airflow/dags/sample_aws_connection.py took 0.128 seconds
[2024-11-20T06:56:13.245+0000] {processor.py:186} INFO - Started process (PID=328) to work on /opt/airflow/dags/sample_aws_connection.py
[2024-11-20T06:56:13.246+0000] {processor.py:914} INFO - Processing file /opt/airflow/dags/sample_aws_connection.py for tasks to queue
[2024-11-20T06:56:13.248+0000] {logging_mixin.py:190} INFO - [2024-11-20T06:56:13.247+0000] {dagbag.py:588} INFO - Filling up the DagBag from /opt/airflow/dags/sample_aws_connection.py
[2024-11-20T06:56:13.323+0000] {processor.py:925} INFO - DAG(s) 's3_conn_dag' retrieved from /opt/airflow/dags/sample_aws_connection.py
[2024-11-20T06:56:13.338+0000] {logging_mixin.py:190} INFO - [2024-11-20T06:56:13.338+0000] {dag.py:3239} INFO - Sync 1 DAGs
[2024-11-20T06:56:13.351+0000] {logging_mixin.py:190} INFO - [2024-11-20T06:56:13.351+0000] {dag.py:4180} INFO - Setting next_dagrun for s3_conn_dag to None, run_after=None
[2024-11-20T06:56:13.360+0000] {processor.py:208} INFO - Processing /opt/airflow/dags/sample_aws_connection.py took 0.121 seconds
[2024-11-20T06:56:43.708+0000] {processor.py:186} INFO - Started process (PID=337) to work on /opt/airflow/dags/sample_aws_connection.py
[2024-11-20T06:56:43.708+0000] {processor.py:914} INFO - Processing file /opt/airflow/dags/sample_aws_connection.py for tasks to queue
[2024-11-20T06:56:43.710+0000] {logging_mixin.py:190} INFO - [2024-11-20T06:56:43.710+0000] {dagbag.py:588} INFO - Filling up the DagBag from /opt/airflow/dags/sample_aws_connection.py
[2024-11-20T06:56:43.792+0000] {processor.py:925} INFO - DAG(s) 's3_conn_dag' retrieved from /opt/airflow/dags/sample_aws_connection.py
[2024-11-20T06:56:43.807+0000] {logging_mixin.py:190} INFO - [2024-11-20T06:56:43.807+0000] {dag.py:3239} INFO - Sync 1 DAGs
[2024-11-20T06:56:43.820+0000] {logging_mixin.py:190} INFO - [2024-11-20T06:56:43.820+0000] {dag.py:4180} INFO - Setting next_dagrun for s3_conn_dag to None, run_after=None
[2024-11-20T06:56:43.830+0000] {processor.py:208} INFO - Processing /opt/airflow/dags/sample_aws_connection.py took 0.127 seconds
[2024-11-20T06:57:14.224+0000] {processor.py:186} INFO - Started process (PID=346) to work on /opt/airflow/dags/sample_aws_connection.py
[2024-11-20T06:57:14.225+0000] {processor.py:914} INFO - Processing file /opt/airflow/dags/sample_aws_connection.py for tasks to queue
[2024-11-20T06:57:14.228+0000] {logging_mixin.py:190} INFO - [2024-11-20T06:57:14.228+0000] {dagbag.py:588} INFO - Filling up the DagBag from /opt/airflow/dags/sample_aws_connection.py
[2024-11-20T06:57:14.297+0000] {processor.py:925} INFO - DAG(s) 's3_conn_dag' retrieved from /opt/airflow/dags/sample_aws_connection.py
[2024-11-20T06:57:14.310+0000] {logging_mixin.py:190} INFO - [2024-11-20T06:57:14.310+0000] {dag.py:3239} INFO - Sync 1 DAGs
[2024-11-20T06:57:14.322+0000] {logging_mixin.py:190} INFO - [2024-11-20T06:57:14.322+0000] {dag.py:4180} INFO - Setting next_dagrun for s3_conn_dag to None, run_after=None
[2024-11-20T06:57:14.331+0000] {processor.py:208} INFO - Processing /opt/airflow/dags/sample_aws_connection.py took 0.113 seconds
[2024-11-20T06:57:44.728+0000] {processor.py:186} INFO - Started process (PID=355) to work on /opt/airflow/dags/sample_aws_connection.py
[2024-11-20T06:57:44.729+0000] {processor.py:914} INFO - Processing file /opt/airflow/dags/sample_aws_connection.py for tasks to queue
[2024-11-20T06:57:44.732+0000] {logging_mixin.py:190} INFO - [2024-11-20T06:57:44.732+0000] {dagbag.py:588} INFO - Filling up the DagBag from /opt/airflow/dags/sample_aws_connection.py
[2024-11-20T06:57:44.806+0000] {processor.py:925} INFO - DAG(s) 's3_conn_dag' retrieved from /opt/airflow/dags/sample_aws_connection.py
[2024-11-20T06:57:44.821+0000] {logging_mixin.py:190} INFO - [2024-11-20T06:57:44.821+0000] {dag.py:3239} INFO - Sync 1 DAGs
[2024-11-20T06:57:44.833+0000] {logging_mixin.py:190} INFO - [2024-11-20T06:57:44.833+0000] {dag.py:4180} INFO - Setting next_dagrun for s3_conn_dag to None, run_after=None
[2024-11-20T06:57:44.841+0000] {processor.py:208} INFO - Processing /opt/airflow/dags/sample_aws_connection.py took 0.117 seconds
[2024-11-20T06:58:15.263+0000] {processor.py:186} INFO - Started process (PID=364) to work on /opt/airflow/dags/sample_aws_connection.py
[2024-11-20T06:58:15.264+0000] {processor.py:914} INFO - Processing file /opt/airflow/dags/sample_aws_connection.py for tasks to queue
[2024-11-20T06:58:15.266+0000] {logging_mixin.py:190} INFO - [2024-11-20T06:58:15.266+0000] {dagbag.py:588} INFO - Filling up the DagBag from /opt/airflow/dags/sample_aws_connection.py
[2024-11-20T06:58:15.337+0000] {processor.py:925} INFO - DAG(s) 's3_conn_dag' retrieved from /opt/airflow/dags/sample_aws_connection.py
[2024-11-20T06:58:15.354+0000] {logging_mixin.py:190} INFO - [2024-11-20T06:58:15.354+0000] {dag.py:3239} INFO - Sync 1 DAGs
[2024-11-20T06:58:15.366+0000] {logging_mixin.py:190} INFO - [2024-11-20T06:58:15.366+0000] {dag.py:4180} INFO - Setting next_dagrun for s3_conn_dag to None, run_after=None
[2024-11-20T06:58:15.375+0000] {processor.py:208} INFO - Processing /opt/airflow/dags/sample_aws_connection.py took 0.118 seconds
[2024-11-20T06:58:45.724+0000] {processor.py:186} INFO - Started process (PID=373) to work on /opt/airflow/dags/sample_aws_connection.py
[2024-11-20T06:58:45.725+0000] {processor.py:914} INFO - Processing file /opt/airflow/dags/sample_aws_connection.py for tasks to queue
[2024-11-20T06:58:45.726+0000] {logging_mixin.py:190} INFO - [2024-11-20T06:58:45.726+0000] {dagbag.py:588} INFO - Filling up the DagBag from /opt/airflow/dags/sample_aws_connection.py
[2024-11-20T06:58:45.796+0000] {processor.py:925} INFO - DAG(s) 's3_conn_dag' retrieved from /opt/airflow/dags/sample_aws_connection.py
[2024-11-20T06:58:45.810+0000] {logging_mixin.py:190} INFO - [2024-11-20T06:58:45.809+0000] {dag.py:3239} INFO - Sync 1 DAGs
[2024-11-20T06:58:45.821+0000] {logging_mixin.py:190} INFO - [2024-11-20T06:58:45.821+0000] {dag.py:4180} INFO - Setting next_dagrun for s3_conn_dag to None, run_after=None
[2024-11-20T06:58:45.830+0000] {processor.py:208} INFO - Processing /opt/airflow/dags/sample_aws_connection.py took 0.111 seconds
[2024-11-20T06:59:16.177+0000] {processor.py:186} INFO - Started process (PID=382) to work on /opt/airflow/dags/sample_aws_connection.py
[2024-11-20T06:59:16.178+0000] {processor.py:914} INFO - Processing file /opt/airflow/dags/sample_aws_connection.py for tasks to queue
[2024-11-20T06:59:16.180+0000] {logging_mixin.py:190} INFO - [2024-11-20T06:59:16.179+0000] {dagbag.py:588} INFO - Filling up the DagBag from /opt/airflow/dags/sample_aws_connection.py
[2024-11-20T06:59:16.249+0000] {processor.py:925} INFO - DAG(s) 's3_conn_dag' retrieved from /opt/airflow/dags/sample_aws_connection.py
[2024-11-20T06:59:16.266+0000] {logging_mixin.py:190} INFO - [2024-11-20T06:59:16.266+0000] {dag.py:3239} INFO - Sync 1 DAGs
[2024-11-20T06:59:16.278+0000] {logging_mixin.py:190} INFO - [2024-11-20T06:59:16.278+0000] {dag.py:4180} INFO - Setting next_dagrun for s3_conn_dag to None, run_after=None
[2024-11-20T06:59:16.287+0000] {processor.py:208} INFO - Processing /opt/airflow/dags/sample_aws_connection.py took 0.115 seconds
[2024-11-20T06:59:46.617+0000] {processor.py:186} INFO - Started process (PID=391) to work on /opt/airflow/dags/sample_aws_connection.py
[2024-11-20T06:59:46.617+0000] {processor.py:914} INFO - Processing file /opt/airflow/dags/sample_aws_connection.py for tasks to queue
[2024-11-20T06:59:46.620+0000] {logging_mixin.py:190} INFO - [2024-11-20T06:59:46.619+0000] {dagbag.py:588} INFO - Filling up the DagBag from /opt/airflow/dags/sample_aws_connection.py
[2024-11-20T06:59:46.692+0000] {processor.py:925} INFO - DAG(s) 's3_conn_dag' retrieved from /opt/airflow/dags/sample_aws_connection.py
[2024-11-20T06:59:46.707+0000] {logging_mixin.py:190} INFO - [2024-11-20T06:59:46.707+0000] {dag.py:3239} INFO - Sync 1 DAGs
[2024-11-20T06:59:46.721+0000] {logging_mixin.py:190} INFO - [2024-11-20T06:59:46.720+0000] {dag.py:4180} INFO - Setting next_dagrun for s3_conn_dag to None, run_after=None
[2024-11-20T06:59:46.729+0000] {processor.py:208} INFO - Processing /opt/airflow/dags/sample_aws_connection.py took 0.118 seconds
[2024-11-20T07:00:17.092+0000] {processor.py:186} INFO - Started process (PID=400) to work on /opt/airflow/dags/sample_aws_connection.py
[2024-11-20T07:00:17.092+0000] {processor.py:914} INFO - Processing file /opt/airflow/dags/sample_aws_connection.py for tasks to queue
[2024-11-20T07:00:17.094+0000] {logging_mixin.py:190} INFO - [2024-11-20T07:00:17.094+0000] {dagbag.py:588} INFO - Filling up the DagBag from /opt/airflow/dags/sample_aws_connection.py
[2024-11-20T07:00:17.165+0000] {processor.py:925} INFO - DAG(s) 's3_conn_dag' retrieved from /opt/airflow/dags/sample_aws_connection.py
[2024-11-20T07:00:17.182+0000] {logging_mixin.py:190} INFO - [2024-11-20T07:00:17.182+0000] {dag.py:3239} INFO - Sync 1 DAGs
[2024-11-20T07:00:17.195+0000] {logging_mixin.py:190} INFO - [2024-11-20T07:00:17.195+0000] {dag.py:4180} INFO - Setting next_dagrun for s3_conn_dag to None, run_after=None
[2024-11-20T07:00:17.204+0000] {processor.py:208} INFO - Processing /opt/airflow/dags/sample_aws_connection.py took 0.118 seconds
[2024-11-20T07:00:47.590+0000] {processor.py:186} INFO - Started process (PID=409) to work on /opt/airflow/dags/sample_aws_connection.py
[2024-11-20T07:00:47.591+0000] {processor.py:914} INFO - Processing file /opt/airflow/dags/sample_aws_connection.py for tasks to queue
[2024-11-20T07:00:47.593+0000] {logging_mixin.py:190} INFO - [2024-11-20T07:00:47.592+0000] {dagbag.py:588} INFO - Filling up the DagBag from /opt/airflow/dags/sample_aws_connection.py
[2024-11-20T07:00:47.663+0000] {processor.py:925} INFO - DAG(s) 's3_conn_dag' retrieved from /opt/airflow/dags/sample_aws_connection.py
[2024-11-20T07:00:47.679+0000] {logging_mixin.py:190} INFO - [2024-11-20T07:00:47.679+0000] {dag.py:3239} INFO - Sync 1 DAGs
[2024-11-20T07:00:47.690+0000] {logging_mixin.py:190} INFO - [2024-11-20T07:00:47.690+0000] {dag.py:4180} INFO - Setting next_dagrun for s3_conn_dag to None, run_after=None
[2024-11-20T07:00:47.699+0000] {processor.py:208} INFO - Processing /opt/airflow/dags/sample_aws_connection.py took 0.115 seconds
[2024-11-20T07:01:18.141+0000] {processor.py:186} INFO - Started process (PID=418) to work on /opt/airflow/dags/sample_aws_connection.py
[2024-11-20T07:01:18.141+0000] {processor.py:914} INFO - Processing file /opt/airflow/dags/sample_aws_connection.py for tasks to queue
[2024-11-20T07:01:18.145+0000] {logging_mixin.py:190} INFO - [2024-11-20T07:01:18.144+0000] {dagbag.py:588} INFO - Filling up the DagBag from /opt/airflow/dags/sample_aws_connection.py
[2024-11-20T07:01:18.224+0000] {processor.py:925} INFO - DAG(s) 's3_conn_dag' retrieved from /opt/airflow/dags/sample_aws_connection.py
[2024-11-20T07:01:18.239+0000] {logging_mixin.py:190} INFO - [2024-11-20T07:01:18.239+0000] {dag.py:3239} INFO - Sync 1 DAGs
[2024-11-20T07:01:18.253+0000] {logging_mixin.py:190} INFO - [2024-11-20T07:01:18.252+0000] {dag.py:4180} INFO - Setting next_dagrun for s3_conn_dag to None, run_after=None
[2024-11-20T07:01:18.262+0000] {processor.py:208} INFO - Processing /opt/airflow/dags/sample_aws_connection.py took 0.125 seconds
[2024-11-20T07:01:48.611+0000] {processor.py:186} INFO - Started process (PID=426) to work on /opt/airflow/dags/sample_aws_connection.py
[2024-11-20T07:01:48.612+0000] {processor.py:914} INFO - Processing file /opt/airflow/dags/sample_aws_connection.py for tasks to queue
[2024-11-20T07:01:48.615+0000] {logging_mixin.py:190} INFO - [2024-11-20T07:01:48.614+0000] {dagbag.py:588} INFO - Filling up the DagBag from /opt/airflow/dags/sample_aws_connection.py
[2024-11-20T07:01:48.685+0000] {processor.py:925} INFO - DAG(s) 's3_conn_dag' retrieved from /opt/airflow/dags/sample_aws_connection.py
[2024-11-20T07:01:48.699+0000] {logging_mixin.py:190} INFO - [2024-11-20T07:01:48.698+0000] {dag.py:3239} INFO - Sync 1 DAGs
[2024-11-20T07:01:48.709+0000] {logging_mixin.py:190} INFO - [2024-11-20T07:01:48.709+0000] {dag.py:4180} INFO - Setting next_dagrun for s3_conn_dag to None, run_after=None
[2024-11-20T07:01:48.716+0000] {processor.py:208} INFO - Processing /opt/airflow/dags/sample_aws_connection.py took 0.111 seconds
[2024-11-20T07:02:19.096+0000] {processor.py:186} INFO - Started process (PID=435) to work on /opt/airflow/dags/sample_aws_connection.py
[2024-11-20T07:02:19.096+0000] {processor.py:914} INFO - Processing file /opt/airflow/dags/sample_aws_connection.py for tasks to queue
[2024-11-20T07:02:19.098+0000] {logging_mixin.py:190} INFO - [2024-11-20T07:02:19.098+0000] {dagbag.py:588} INFO - Filling up the DagBag from /opt/airflow/dags/sample_aws_connection.py
[2024-11-20T07:02:19.168+0000] {processor.py:925} INFO - DAG(s) 's3_conn_dag' retrieved from /opt/airflow/dags/sample_aws_connection.py
[2024-11-20T07:02:19.181+0000] {logging_mixin.py:190} INFO - [2024-11-20T07:02:19.181+0000] {dag.py:3239} INFO - Sync 1 DAGs
[2024-11-20T07:02:19.193+0000] {logging_mixin.py:190} INFO - [2024-11-20T07:02:19.193+0000] {dag.py:4180} INFO - Setting next_dagrun for s3_conn_dag to None, run_after=None
[2024-11-20T07:02:19.201+0000] {processor.py:208} INFO - Processing /opt/airflow/dags/sample_aws_connection.py took 0.110 seconds
[2024-11-20T07:02:49.609+0000] {processor.py:186} INFO - Started process (PID=444) to work on /opt/airflow/dags/sample_aws_connection.py
[2024-11-20T07:02:49.610+0000] {processor.py:914} INFO - Processing file /opt/airflow/dags/sample_aws_connection.py for tasks to queue
[2024-11-20T07:02:49.613+0000] {logging_mixin.py:190} INFO - [2024-11-20T07:02:49.612+0000] {dagbag.py:588} INFO - Filling up the DagBag from /opt/airflow/dags/sample_aws_connection.py
[2024-11-20T07:02:49.688+0000] {processor.py:925} INFO - DAG(s) 's3_conn_dag' retrieved from /opt/airflow/dags/sample_aws_connection.py
[2024-11-20T07:02:49.703+0000] {logging_mixin.py:190} INFO - [2024-11-20T07:02:49.703+0000] {dag.py:3239} INFO - Sync 1 DAGs
[2024-11-20T07:02:49.716+0000] {logging_mixin.py:190} INFO - [2024-11-20T07:02:49.716+0000] {dag.py:4180} INFO - Setting next_dagrun for s3_conn_dag to None, run_after=None
[2024-11-20T07:02:49.726+0000] {processor.py:208} INFO - Processing /opt/airflow/dags/sample_aws_connection.py took 0.123 seconds
[2024-11-20T07:03:20.146+0000] {processor.py:186} INFO - Started process (PID=453) to work on /opt/airflow/dags/sample_aws_connection.py
[2024-11-20T07:03:20.146+0000] {processor.py:914} INFO - Processing file /opt/airflow/dags/sample_aws_connection.py for tasks to queue
[2024-11-20T07:03:20.149+0000] {logging_mixin.py:190} INFO - [2024-11-20T07:03:20.149+0000] {dagbag.py:588} INFO - Filling up the DagBag from /opt/airflow/dags/sample_aws_connection.py
[2024-11-20T07:03:20.230+0000] {processor.py:925} INFO - DAG(s) 's3_conn_dag' retrieved from /opt/airflow/dags/sample_aws_connection.py
[2024-11-20T07:03:20.250+0000] {logging_mixin.py:190} INFO - [2024-11-20T07:03:20.250+0000] {dag.py:3239} INFO - Sync 1 DAGs
[2024-11-20T07:03:20.265+0000] {logging_mixin.py:190} INFO - [2024-11-20T07:03:20.264+0000] {dag.py:4180} INFO - Setting next_dagrun for s3_conn_dag to None, run_after=None
[2024-11-20T07:03:20.274+0000] {processor.py:208} INFO - Processing /opt/airflow/dags/sample_aws_connection.py took 0.133 seconds
[2024-11-20T07:03:50.683+0000] {processor.py:186} INFO - Started process (PID=462) to work on /opt/airflow/dags/sample_aws_connection.py
[2024-11-20T07:03:50.684+0000] {processor.py:914} INFO - Processing file /opt/airflow/dags/sample_aws_connection.py for tasks to queue
[2024-11-20T07:03:50.686+0000] {logging_mixin.py:190} INFO - [2024-11-20T07:03:50.686+0000] {dagbag.py:588} INFO - Filling up the DagBag from /opt/airflow/dags/sample_aws_connection.py
[2024-11-20T07:03:50.759+0000] {processor.py:925} INFO - DAG(s) 's3_conn_dag' retrieved from /opt/airflow/dags/sample_aws_connection.py
[2024-11-20T07:03:50.775+0000] {logging_mixin.py:190} INFO - [2024-11-20T07:03:50.775+0000] {dag.py:3239} INFO - Sync 1 DAGs
[2024-11-20T07:03:50.787+0000] {logging_mixin.py:190} INFO - [2024-11-20T07:03:50.787+0000] {dag.py:4180} INFO - Setting next_dagrun for s3_conn_dag to None, run_after=None
[2024-11-20T07:03:50.795+0000] {processor.py:208} INFO - Processing /opt/airflow/dags/sample_aws_connection.py took 0.118 seconds
[2024-11-20T07:04:21.185+0000] {processor.py:186} INFO - Started process (PID=471) to work on /opt/airflow/dags/sample_aws_connection.py
[2024-11-20T07:04:21.186+0000] {processor.py:914} INFO - Processing file /opt/airflow/dags/sample_aws_connection.py for tasks to queue
[2024-11-20T07:04:21.188+0000] {logging_mixin.py:190} INFO - [2024-11-20T07:04:21.188+0000] {dagbag.py:588} INFO - Filling up the DagBag from /opt/airflow/dags/sample_aws_connection.py
[2024-11-20T07:04:21.268+0000] {processor.py:925} INFO - DAG(s) 's3_conn_dag' retrieved from /opt/airflow/dags/sample_aws_connection.py
[2024-11-20T07:04:21.289+0000] {logging_mixin.py:190} INFO - [2024-11-20T07:04:21.289+0000] {dag.py:3239} INFO - Sync 1 DAGs
[2024-11-20T07:04:21.304+0000] {logging_mixin.py:190} INFO - [2024-11-20T07:04:21.303+0000] {dag.py:4180} INFO - Setting next_dagrun for s3_conn_dag to None, run_after=None
[2024-11-20T07:04:21.313+0000] {processor.py:208} INFO - Processing /opt/airflow/dags/sample_aws_connection.py took 0.132 seconds
[2024-11-20T07:04:51.731+0000] {processor.py:186} INFO - Started process (PID=480) to work on /opt/airflow/dags/sample_aws_connection.py
[2024-11-20T07:04:51.732+0000] {processor.py:914} INFO - Processing file /opt/airflow/dags/sample_aws_connection.py for tasks to queue
[2024-11-20T07:04:51.734+0000] {logging_mixin.py:190} INFO - [2024-11-20T07:04:51.733+0000] {dagbag.py:588} INFO - Filling up the DagBag from /opt/airflow/dags/sample_aws_connection.py
[2024-11-20T07:04:51.805+0000] {processor.py:925} INFO - DAG(s) 's3_conn_dag' retrieved from /opt/airflow/dags/sample_aws_connection.py
[2024-11-20T07:04:51.819+0000] {logging_mixin.py:190} INFO - [2024-11-20T07:04:51.819+0000] {dag.py:3239} INFO - Sync 1 DAGs
[2024-11-20T07:04:51.832+0000] {logging_mixin.py:190} INFO - [2024-11-20T07:04:51.832+0000] {dag.py:4180} INFO - Setting next_dagrun for s3_conn_dag to None, run_after=None
[2024-11-20T07:04:51.843+0000] {processor.py:208} INFO - Processing /opt/airflow/dags/sample_aws_connection.py took 0.115 seconds
[2024-11-20T07:05:22.263+0000] {processor.py:186} INFO - Started process (PID=489) to work on /opt/airflow/dags/sample_aws_connection.py
[2024-11-20T07:05:22.264+0000] {processor.py:914} INFO - Processing file /opt/airflow/dags/sample_aws_connection.py for tasks to queue
[2024-11-20T07:05:22.267+0000] {logging_mixin.py:190} INFO - [2024-11-20T07:05:22.266+0000] {dagbag.py:588} INFO - Filling up the DagBag from /opt/airflow/dags/sample_aws_connection.py
[2024-11-20T07:05:22.337+0000] {processor.py:925} INFO - DAG(s) 's3_conn_dag' retrieved from /opt/airflow/dags/sample_aws_connection.py
[2024-11-20T07:05:22.355+0000] {logging_mixin.py:190} INFO - [2024-11-20T07:05:22.355+0000] {dag.py:3239} INFO - Sync 1 DAGs
[2024-11-20T07:05:22.369+0000] {logging_mixin.py:190} INFO - [2024-11-20T07:05:22.369+0000] {dag.py:4180} INFO - Setting next_dagrun for s3_conn_dag to None, run_after=None
[2024-11-20T07:05:22.378+0000] {processor.py:208} INFO - Processing /opt/airflow/dags/sample_aws_connection.py took 0.121 seconds
[2024-11-20T07:05:52.795+0000] {processor.py:186} INFO - Started process (PID=498) to work on /opt/airflow/dags/sample_aws_connection.py
[2024-11-20T07:05:52.796+0000] {processor.py:914} INFO - Processing file /opt/airflow/dags/sample_aws_connection.py for tasks to queue
[2024-11-20T07:05:52.799+0000] {logging_mixin.py:190} INFO - [2024-11-20T07:05:52.798+0000] {dagbag.py:588} INFO - Filling up the DagBag from /opt/airflow/dags/sample_aws_connection.py
[2024-11-20T07:05:52.868+0000] {processor.py:925} INFO - DAG(s) 's3_conn_dag' retrieved from /opt/airflow/dags/sample_aws_connection.py
[2024-11-20T07:05:52.886+0000] {logging_mixin.py:190} INFO - [2024-11-20T07:05:52.886+0000] {dag.py:3239} INFO - Sync 1 DAGs
[2024-11-20T07:05:52.898+0000] {logging_mixin.py:190} INFO - [2024-11-20T07:05:52.898+0000] {dag.py:4180} INFO - Setting next_dagrun for s3_conn_dag to None, run_after=None
[2024-11-20T07:05:52.908+0000] {processor.py:208} INFO - Processing /opt/airflow/dags/sample_aws_connection.py took 0.122 seconds
[2024-11-20T07:06:23.235+0000] {processor.py:186} INFO - Started process (PID=507) to work on /opt/airflow/dags/sample_aws_connection.py
[2024-11-20T07:06:23.236+0000] {processor.py:914} INFO - Processing file /opt/airflow/dags/sample_aws_connection.py for tasks to queue
[2024-11-20T07:06:23.238+0000] {logging_mixin.py:190} INFO - [2024-11-20T07:06:23.238+0000] {dagbag.py:588} INFO - Filling up the DagBag from /opt/airflow/dags/sample_aws_connection.py
[2024-11-20T07:06:23.309+0000] {processor.py:925} INFO - DAG(s) 's3_conn_dag' retrieved from /opt/airflow/dags/sample_aws_connection.py
[2024-11-20T07:06:23.326+0000] {logging_mixin.py:190} INFO - [2024-11-20T07:06:23.326+0000] {dag.py:3239} INFO - Sync 1 DAGs
[2024-11-20T07:06:23.338+0000] {logging_mixin.py:190} INFO - [2024-11-20T07:06:23.338+0000] {dag.py:4180} INFO - Setting next_dagrun for s3_conn_dag to None, run_after=None
[2024-11-20T07:06:23.346+0000] {processor.py:208} INFO - Processing /opt/airflow/dags/sample_aws_connection.py took 0.116 seconds
[2024-11-20T07:06:53.779+0000] {processor.py:186} INFO - Started process (PID=516) to work on /opt/airflow/dags/sample_aws_connection.py
[2024-11-20T07:06:53.780+0000] {processor.py:914} INFO - Processing file /opt/airflow/dags/sample_aws_connection.py for tasks to queue
[2024-11-20T07:06:53.782+0000] {logging_mixin.py:190} INFO - [2024-11-20T07:06:53.782+0000] {dagbag.py:588} INFO - Filling up the DagBag from /opt/airflow/dags/sample_aws_connection.py
[2024-11-20T07:06:53.852+0000] {processor.py:925} INFO - DAG(s) 's3_conn_dag' retrieved from /opt/airflow/dags/sample_aws_connection.py
[2024-11-20T07:06:53.868+0000] {logging_mixin.py:190} INFO - [2024-11-20T07:06:53.868+0000] {dag.py:3239} INFO - Sync 1 DAGs
[2024-11-20T07:06:53.879+0000] {logging_mixin.py:190} INFO - [2024-11-20T07:06:53.879+0000] {dag.py:4180} INFO - Setting next_dagrun for s3_conn_dag to None, run_after=None
[2024-11-20T07:06:53.888+0000] {processor.py:208} INFO - Processing /opt/airflow/dags/sample_aws_connection.py took 0.115 seconds
[2024-11-20T07:07:24.381+0000] {processor.py:186} INFO - Started process (PID=525) to work on /opt/airflow/dags/sample_aws_connection.py
[2024-11-20T07:07:24.382+0000] {processor.py:914} INFO - Processing file /opt/airflow/dags/sample_aws_connection.py for tasks to queue
[2024-11-20T07:07:24.384+0000] {logging_mixin.py:190} INFO - [2024-11-20T07:07:24.384+0000] {dagbag.py:588} INFO - Filling up the DagBag from /opt/airflow/dags/sample_aws_connection.py
[2024-11-20T07:07:24.456+0000] {processor.py:925} INFO - DAG(s) 's3_conn_dag' retrieved from /opt/airflow/dags/sample_aws_connection.py
[2024-11-20T07:07:24.472+0000] {logging_mixin.py:190} INFO - [2024-11-20T07:07:24.471+0000] {dag.py:3239} INFO - Sync 1 DAGs
[2024-11-20T07:07:24.482+0000] {logging_mixin.py:190} INFO - [2024-11-20T07:07:24.482+0000] {dag.py:4180} INFO - Setting next_dagrun for s3_conn_dag to None, run_after=None
[2024-11-20T07:07:24.491+0000] {processor.py:208} INFO - Processing /opt/airflow/dags/sample_aws_connection.py took 0.116 seconds
[2024-11-20T07:07:54.876+0000] {processor.py:186} INFO - Started process (PID=534) to work on /opt/airflow/dags/sample_aws_connection.py
[2024-11-20T07:07:54.877+0000] {processor.py:914} INFO - Processing file /opt/airflow/dags/sample_aws_connection.py for tasks to queue
[2024-11-20T07:07:54.879+0000] {logging_mixin.py:190} INFO - [2024-11-20T07:07:54.878+0000] {dagbag.py:588} INFO - Filling up the DagBag from /opt/airflow/dags/sample_aws_connection.py
[2024-11-20T07:07:54.950+0000] {processor.py:925} INFO - DAG(s) 's3_conn_dag' retrieved from /opt/airflow/dags/sample_aws_connection.py
[2024-11-20T07:07:54.971+0000] {logging_mixin.py:190} INFO - [2024-11-20T07:07:54.971+0000] {dag.py:3239} INFO - Sync 1 DAGs
[2024-11-20T07:07:54.986+0000] {logging_mixin.py:190} INFO - [2024-11-20T07:07:54.986+0000] {dag.py:4180} INFO - Setting next_dagrun for s3_conn_dag to None, run_after=None
[2024-11-20T07:07:54.995+0000] {processor.py:208} INFO - Processing /opt/airflow/dags/sample_aws_connection.py took 0.127 seconds
[2024-11-20T07:08:25.370+0000] {processor.py:186} INFO - Started process (PID=543) to work on /opt/airflow/dags/sample_aws_connection.py
[2024-11-20T07:08:25.371+0000] {processor.py:914} INFO - Processing file /opt/airflow/dags/sample_aws_connection.py for tasks to queue
[2024-11-20T07:08:25.374+0000] {logging_mixin.py:190} INFO - [2024-11-20T07:08:25.374+0000] {dagbag.py:588} INFO - Filling up the DagBag from /opt/airflow/dags/sample_aws_connection.py
[2024-11-20T07:08:25.449+0000] {processor.py:925} INFO - DAG(s) 's3_conn_dag' retrieved from /opt/airflow/dags/sample_aws_connection.py
[2024-11-20T07:08:25.463+0000] {logging_mixin.py:190} INFO - [2024-11-20T07:08:25.463+0000] {dag.py:3239} INFO - Sync 1 DAGs
[2024-11-20T07:08:25.476+0000] {logging_mixin.py:190} INFO - [2024-11-20T07:08:25.476+0000] {dag.py:4180} INFO - Setting next_dagrun for s3_conn_dag to None, run_after=None
[2024-11-20T07:08:25.484+0000] {processor.py:208} INFO - Processing /opt/airflow/dags/sample_aws_connection.py took 0.119 seconds
[2024-11-20T07:08:55.805+0000] {processor.py:186} INFO - Started process (PID=552) to work on /opt/airflow/dags/sample_aws_connection.py
[2024-11-20T07:08:55.806+0000] {processor.py:914} INFO - Processing file /opt/airflow/dags/sample_aws_connection.py for tasks to queue
[2024-11-20T07:08:55.809+0000] {logging_mixin.py:190} INFO - [2024-11-20T07:08:55.809+0000] {dagbag.py:588} INFO - Filling up the DagBag from /opt/airflow/dags/sample_aws_connection.py
[2024-11-20T07:08:55.884+0000] {processor.py:925} INFO - DAG(s) 's3_conn_dag' retrieved from /opt/airflow/dags/sample_aws_connection.py
[2024-11-20T07:08:55.897+0000] {logging_mixin.py:190} INFO - [2024-11-20T07:08:55.897+0000] {dag.py:3239} INFO - Sync 1 DAGs
[2024-11-20T07:08:55.908+0000] {logging_mixin.py:190} INFO - [2024-11-20T07:08:55.908+0000] {dag.py:4180} INFO - Setting next_dagrun for s3_conn_dag to None, run_after=None
[2024-11-20T07:08:55.916+0000] {processor.py:208} INFO - Processing /opt/airflow/dags/sample_aws_connection.py took 0.117 seconds
[2024-11-20T07:09:26.298+0000] {processor.py:186} INFO - Started process (PID=561) to work on /opt/airflow/dags/sample_aws_connection.py
[2024-11-20T07:09:26.298+0000] {processor.py:914} INFO - Processing file /opt/airflow/dags/sample_aws_connection.py for tasks to queue
[2024-11-20T07:09:26.301+0000] {logging_mixin.py:190} INFO - [2024-11-20T07:09:26.300+0000] {dagbag.py:588} INFO - Filling up the DagBag from /opt/airflow/dags/sample_aws_connection.py
[2024-11-20T07:09:26.375+0000] {processor.py:925} INFO - DAG(s) 's3_conn_dag' retrieved from /opt/airflow/dags/sample_aws_connection.py
[2024-11-20T07:09:26.389+0000] {logging_mixin.py:190} INFO - [2024-11-20T07:09:26.389+0000] {dag.py:3239} INFO - Sync 1 DAGs
[2024-11-20T07:09:26.402+0000] {logging_mixin.py:190} INFO - [2024-11-20T07:09:26.401+0000] {dag.py:4180} INFO - Setting next_dagrun for s3_conn_dag to None, run_after=None
[2024-11-20T07:09:26.410+0000] {processor.py:208} INFO - Processing /opt/airflow/dags/sample_aws_connection.py took 0.118 seconds
[2024-11-20T07:09:56.816+0000] {processor.py:186} INFO - Started process (PID=570) to work on /opt/airflow/dags/sample_aws_connection.py
[2024-11-20T07:09:56.817+0000] {processor.py:914} INFO - Processing file /opt/airflow/dags/sample_aws_connection.py for tasks to queue
[2024-11-20T07:09:56.820+0000] {logging_mixin.py:190} INFO - [2024-11-20T07:09:56.819+0000] {dagbag.py:588} INFO - Filling up the DagBag from /opt/airflow/dags/sample_aws_connection.py
[2024-11-20T07:09:56.891+0000] {processor.py:925} INFO - DAG(s) 's3_conn_dag' retrieved from /opt/airflow/dags/sample_aws_connection.py
[2024-11-20T07:09:56.904+0000] {logging_mixin.py:190} INFO - [2024-11-20T07:09:56.904+0000] {dag.py:3239} INFO - Sync 1 DAGs
[2024-11-20T07:09:56.917+0000] {logging_mixin.py:190} INFO - [2024-11-20T07:09:56.917+0000] {dag.py:4180} INFO - Setting next_dagrun for s3_conn_dag to None, run_after=None
[2024-11-20T07:09:56.925+0000] {processor.py:208} INFO - Processing /opt/airflow/dags/sample_aws_connection.py took 0.115 seconds
[2024-11-20T07:10:27.335+0000] {processor.py:186} INFO - Started process (PID=579) to work on /opt/airflow/dags/sample_aws_connection.py
[2024-11-20T07:10:27.336+0000] {processor.py:914} INFO - Processing file /opt/airflow/dags/sample_aws_connection.py for tasks to queue
[2024-11-20T07:10:27.339+0000] {logging_mixin.py:190} INFO - [2024-11-20T07:10:27.338+0000] {dagbag.py:588} INFO - Filling up the DagBag from /opt/airflow/dags/sample_aws_connection.py
[2024-11-20T07:10:27.410+0000] {processor.py:925} INFO - DAG(s) 's3_conn_dag' retrieved from /opt/airflow/dags/sample_aws_connection.py
[2024-11-20T07:10:27.424+0000] {logging_mixin.py:190} INFO - [2024-11-20T07:10:27.424+0000] {dag.py:3239} INFO - Sync 1 DAGs
[2024-11-20T07:10:27.437+0000] {logging_mixin.py:190} INFO - [2024-11-20T07:10:27.437+0000] {dag.py:4180} INFO - Setting next_dagrun for s3_conn_dag to None, run_after=None
[2024-11-20T07:10:27.445+0000] {processor.py:208} INFO - Processing /opt/airflow/dags/sample_aws_connection.py took 0.116 seconds
[2024-11-20T07:10:57.849+0000] {processor.py:186} INFO - Started process (PID=588) to work on /opt/airflow/dags/sample_aws_connection.py
[2024-11-20T07:10:57.850+0000] {processor.py:914} INFO - Processing file /opt/airflow/dags/sample_aws_connection.py for tasks to queue
[2024-11-20T07:10:57.853+0000] {logging_mixin.py:190} INFO - [2024-11-20T07:10:57.852+0000] {dagbag.py:588} INFO - Filling up the DagBag from /opt/airflow/dags/sample_aws_connection.py
[2024-11-20T07:10:57.923+0000] {processor.py:925} INFO - DAG(s) 's3_conn_dag' retrieved from /opt/airflow/dags/sample_aws_connection.py
[2024-11-20T07:10:57.939+0000] {logging_mixin.py:190} INFO - [2024-11-20T07:10:57.939+0000] {dag.py:3239} INFO - Sync 1 DAGs
[2024-11-20T07:10:57.952+0000] {logging_mixin.py:190} INFO - [2024-11-20T07:10:57.952+0000] {dag.py:4180} INFO - Setting next_dagrun for s3_conn_dag to None, run_after=None
[2024-11-20T07:10:57.960+0000] {processor.py:208} INFO - Processing /opt/airflow/dags/sample_aws_connection.py took 0.117 seconds
[2024-11-20T07:11:28.368+0000] {processor.py:186} INFO - Started process (PID=597) to work on /opt/airflow/dags/sample_aws_connection.py
[2024-11-20T07:11:28.369+0000] {processor.py:914} INFO - Processing file /opt/airflow/dags/sample_aws_connection.py for tasks to queue
[2024-11-20T07:11:28.370+0000] {logging_mixin.py:190} INFO - [2024-11-20T07:11:28.370+0000] {dagbag.py:588} INFO - Filling up the DagBag from /opt/airflow/dags/sample_aws_connection.py
[2024-11-20T07:11:28.439+0000] {processor.py:925} INFO - DAG(s) 's3_conn_dag' retrieved from /opt/airflow/dags/sample_aws_connection.py
[2024-11-20T07:11:28.455+0000] {logging_mixin.py:190} INFO - [2024-11-20T07:11:28.455+0000] {dag.py:3239} INFO - Sync 1 DAGs
[2024-11-20T07:11:28.466+0000] {logging_mixin.py:190} INFO - [2024-11-20T07:11:28.466+0000] {dag.py:4180} INFO - Setting next_dagrun for s3_conn_dag to None, run_after=None
[2024-11-20T07:11:28.475+0000] {processor.py:208} INFO - Processing /opt/airflow/dags/sample_aws_connection.py took 0.112 seconds
[2024-11-20T07:11:58.905+0000] {processor.py:186} INFO - Started process (PID=606) to work on /opt/airflow/dags/sample_aws_connection.py
[2024-11-20T07:11:58.906+0000] {processor.py:914} INFO - Processing file /opt/airflow/dags/sample_aws_connection.py for tasks to queue
[2024-11-20T07:11:58.908+0000] {logging_mixin.py:190} INFO - [2024-11-20T07:11:58.908+0000] {dagbag.py:588} INFO - Filling up the DagBag from /opt/airflow/dags/sample_aws_connection.py
[2024-11-20T07:11:58.978+0000] {processor.py:925} INFO - DAG(s) 's3_conn_dag' retrieved from /opt/airflow/dags/sample_aws_connection.py
[2024-11-20T07:11:58.995+0000] {logging_mixin.py:190} INFO - [2024-11-20T07:11:58.995+0000] {dag.py:3239} INFO - Sync 1 DAGs
[2024-11-20T07:11:59.007+0000] {logging_mixin.py:190} INFO - [2024-11-20T07:11:59.006+0000] {dag.py:4180} INFO - Setting next_dagrun for s3_conn_dag to None, run_after=None
[2024-11-20T07:11:59.016+0000] {processor.py:208} INFO - Processing /opt/airflow/dags/sample_aws_connection.py took 0.117 seconds
[2024-11-20T07:12:29.379+0000] {processor.py:186} INFO - Started process (PID=615) to work on /opt/airflow/dags/sample_aws_connection.py
[2024-11-20T07:12:29.380+0000] {processor.py:914} INFO - Processing file /opt/airflow/dags/sample_aws_connection.py for tasks to queue
[2024-11-20T07:12:29.383+0000] {logging_mixin.py:190} INFO - [2024-11-20T07:12:29.383+0000] {dagbag.py:588} INFO - Filling up the DagBag from /opt/airflow/dags/sample_aws_connection.py
[2024-11-20T07:12:29.463+0000] {processor.py:925} INFO - DAG(s) 's3_conn_dag' retrieved from /opt/airflow/dags/sample_aws_connection.py
[2024-11-20T07:12:29.478+0000] {logging_mixin.py:190} INFO - [2024-11-20T07:12:29.478+0000] {dag.py:3239} INFO - Sync 1 DAGs
[2024-11-20T07:12:29.489+0000] {logging_mixin.py:190} INFO - [2024-11-20T07:12:29.489+0000] {dag.py:4180} INFO - Setting next_dagrun for s3_conn_dag to None, run_after=None
[2024-11-20T07:12:29.497+0000] {processor.py:208} INFO - Processing /opt/airflow/dags/sample_aws_connection.py took 0.124 seconds
[2024-11-20T07:12:59.909+0000] {processor.py:186} INFO - Started process (PID=624) to work on /opt/airflow/dags/sample_aws_connection.py
[2024-11-20T07:12:59.910+0000] {processor.py:914} INFO - Processing file /opt/airflow/dags/sample_aws_connection.py for tasks to queue
[2024-11-20T07:12:59.912+0000] {logging_mixin.py:190} INFO - [2024-11-20T07:12:59.912+0000] {dagbag.py:588} INFO - Filling up the DagBag from /opt/airflow/dags/sample_aws_connection.py
[2024-11-20T07:12:59.982+0000] {processor.py:925} INFO - DAG(s) 's3_conn_dag' retrieved from /opt/airflow/dags/sample_aws_connection.py
[2024-11-20T07:12:59.998+0000] {logging_mixin.py:190} INFO - [2024-11-20T07:12:59.998+0000] {dag.py:3239} INFO - Sync 1 DAGs
[2024-11-20T07:13:00.009+0000] {logging_mixin.py:190} INFO - [2024-11-20T07:13:00.008+0000] {dag.py:4180} INFO - Setting next_dagrun for s3_conn_dag to None, run_after=None
[2024-11-20T07:13:00.017+0000] {processor.py:208} INFO - Processing /opt/airflow/dags/sample_aws_connection.py took 0.116 seconds
[2024-11-20T07:13:30.372+0000] {processor.py:186} INFO - Started process (PID=633) to work on /opt/airflow/dags/sample_aws_connection.py
[2024-11-20T07:13:30.373+0000] {processor.py:914} INFO - Processing file /opt/airflow/dags/sample_aws_connection.py for tasks to queue
[2024-11-20T07:13:30.375+0000] {logging_mixin.py:190} INFO - [2024-11-20T07:13:30.375+0000] {dagbag.py:588} INFO - Filling up the DagBag from /opt/airflow/dags/sample_aws_connection.py
[2024-11-20T07:13:30.456+0000] {processor.py:925} INFO - DAG(s) 's3_conn_dag' retrieved from /opt/airflow/dags/sample_aws_connection.py
[2024-11-20T07:13:30.472+0000] {logging_mixin.py:190} INFO - [2024-11-20T07:13:30.472+0000] {dag.py:3239} INFO - Sync 1 DAGs
[2024-11-20T07:13:30.485+0000] {logging_mixin.py:190} INFO - [2024-11-20T07:13:30.485+0000] {dag.py:4180} INFO - Setting next_dagrun for s3_conn_dag to None, run_after=None
[2024-11-20T07:13:30.493+0000] {processor.py:208} INFO - Processing /opt/airflow/dags/sample_aws_connection.py took 0.127 seconds
[2024-11-20T07:14:00.885+0000] {processor.py:186} INFO - Started process (PID=642) to work on /opt/airflow/dags/sample_aws_connection.py
[2024-11-20T07:14:00.887+0000] {processor.py:914} INFO - Processing file /opt/airflow/dags/sample_aws_connection.py for tasks to queue
[2024-11-20T07:14:00.889+0000] {logging_mixin.py:190} INFO - [2024-11-20T07:14:00.889+0000] {dagbag.py:588} INFO - Filling up the DagBag from /opt/airflow/dags/sample_aws_connection.py
[2024-11-20T07:14:00.969+0000] {processor.py:925} INFO - DAG(s) 's3_conn_dag' retrieved from /opt/airflow/dags/sample_aws_connection.py
[2024-11-20T07:14:00.988+0000] {logging_mixin.py:190} INFO - [2024-11-20T07:14:00.988+0000] {dag.py:3239} INFO - Sync 1 DAGs
[2024-11-20T07:14:01.002+0000] {logging_mixin.py:190} INFO - [2024-11-20T07:14:01.002+0000] {dag.py:4180} INFO - Setting next_dagrun for s3_conn_dag to None, run_after=None
[2024-11-20T07:14:01.011+0000] {processor.py:208} INFO - Processing /opt/airflow/dags/sample_aws_connection.py took 0.132 seconds
[2024-11-20T07:14:31.423+0000] {processor.py:186} INFO - Started process (PID=651) to work on /opt/airflow/dags/sample_aws_connection.py
[2024-11-20T07:14:31.425+0000] {processor.py:914} INFO - Processing file /opt/airflow/dags/sample_aws_connection.py for tasks to queue
[2024-11-20T07:14:31.428+0000] {logging_mixin.py:190} INFO - [2024-11-20T07:14:31.427+0000] {dagbag.py:588} INFO - Filling up the DagBag from /opt/airflow/dags/sample_aws_connection.py
[2024-11-20T07:14:31.513+0000] {processor.py:925} INFO - DAG(s) 's3_conn_dag' retrieved from /opt/airflow/dags/sample_aws_connection.py
[2024-11-20T07:14:31.533+0000] {logging_mixin.py:190} INFO - [2024-11-20T07:14:31.533+0000] {dag.py:3239} INFO - Sync 1 DAGs
[2024-11-20T07:14:31.550+0000] {logging_mixin.py:190} INFO - [2024-11-20T07:14:31.549+0000] {dag.py:4180} INFO - Setting next_dagrun for s3_conn_dag to None, run_after=None
[2024-11-20T07:14:31.560+0000] {processor.py:208} INFO - Processing /opt/airflow/dags/sample_aws_connection.py took 0.142 seconds
[2024-11-20T07:15:01.994+0000] {processor.py:186} INFO - Started process (PID=666) to work on /opt/airflow/dags/sample_aws_connection.py
[2024-11-20T07:15:01.995+0000] {processor.py:914} INFO - Processing file /opt/airflow/dags/sample_aws_connection.py for tasks to queue
[2024-11-20T07:15:01.998+0000] {logging_mixin.py:190} INFO - [2024-11-20T07:15:01.997+0000] {dagbag.py:588} INFO - Filling up the DagBag from /opt/airflow/dags/sample_aws_connection.py
[2024-11-20T07:15:02.074+0000] {processor.py:925} INFO - DAG(s) 's3_conn_dag' retrieved from /opt/airflow/dags/sample_aws_connection.py
[2024-11-20T07:15:02.087+0000] {logging_mixin.py:190} INFO - [2024-11-20T07:15:02.087+0000] {dag.py:3239} INFO - Sync 1 DAGs
[2024-11-20T07:15:02.099+0000] {logging_mixin.py:190} INFO - [2024-11-20T07:15:02.099+0000] {dag.py:4180} INFO - Setting next_dagrun for s3_conn_dag to None, run_after=None
[2024-11-20T07:15:02.108+0000] {processor.py:208} INFO - Processing /opt/airflow/dags/sample_aws_connection.py took 0.121 seconds
[2024-11-20T07:15:32.506+0000] {processor.py:186} INFO - Started process (PID=675) to work on /opt/airflow/dags/sample_aws_connection.py
[2024-11-20T07:15:32.507+0000] {processor.py:914} INFO - Processing file /opt/airflow/dags/sample_aws_connection.py for tasks to queue
[2024-11-20T07:15:32.510+0000] {logging_mixin.py:190} INFO - [2024-11-20T07:15:32.510+0000] {dagbag.py:588} INFO - Filling up the DagBag from /opt/airflow/dags/sample_aws_connection.py
[2024-11-20T07:15:32.582+0000] {processor.py:925} INFO - DAG(s) 's3_conn_dag' retrieved from /opt/airflow/dags/sample_aws_connection.py
[2024-11-20T07:15:32.596+0000] {logging_mixin.py:190} INFO - [2024-11-20T07:15:32.596+0000] {dag.py:3239} INFO - Sync 1 DAGs
[2024-11-20T07:15:32.607+0000] {logging_mixin.py:190} INFO - [2024-11-20T07:15:32.607+0000] {dag.py:4180} INFO - Setting next_dagrun for s3_conn_dag to None, run_after=None
[2024-11-20T07:15:32.616+0000] {processor.py:208} INFO - Processing /opt/airflow/dags/sample_aws_connection.py took 0.117 seconds
[2024-11-20T07:16:03.024+0000] {processor.py:186} INFO - Started process (PID=684) to work on /opt/airflow/dags/sample_aws_connection.py
[2024-11-20T07:16:03.024+0000] {processor.py:914} INFO - Processing file /opt/airflow/dags/sample_aws_connection.py for tasks to queue
[2024-11-20T07:16:03.027+0000] {logging_mixin.py:190} INFO - [2024-11-20T07:16:03.027+0000] {dagbag.py:588} INFO - Filling up the DagBag from /opt/airflow/dags/sample_aws_connection.py
[2024-11-20T07:16:03.098+0000] {processor.py:925} INFO - DAG(s) 's3_conn_dag' retrieved from /opt/airflow/dags/sample_aws_connection.py
[2024-11-20T07:16:03.110+0000] {logging_mixin.py:190} INFO - [2024-11-20T07:16:03.110+0000] {dag.py:3239} INFO - Sync 1 DAGs
[2024-11-20T07:16:03.122+0000] {logging_mixin.py:190} INFO - [2024-11-20T07:16:03.121+0000] {dag.py:4180} INFO - Setting next_dagrun for s3_conn_dag to None, run_after=None
[2024-11-20T07:16:03.129+0000] {processor.py:208} INFO - Processing /opt/airflow/dags/sample_aws_connection.py took 0.112 seconds
[2024-11-20T07:16:33.558+0000] {processor.py:186} INFO - Started process (PID=693) to work on /opt/airflow/dags/sample_aws_connection.py
[2024-11-20T07:16:33.559+0000] {processor.py:914} INFO - Processing file /opt/airflow/dags/sample_aws_connection.py for tasks to queue
[2024-11-20T07:16:33.562+0000] {logging_mixin.py:190} INFO - [2024-11-20T07:16:33.562+0000] {dagbag.py:588} INFO - Filling up the DagBag from /opt/airflow/dags/sample_aws_connection.py
[2024-11-20T07:16:33.636+0000] {processor.py:925} INFO - DAG(s) 's3_conn_dag' retrieved from /opt/airflow/dags/sample_aws_connection.py
[2024-11-20T07:16:33.648+0000] {logging_mixin.py:190} INFO - [2024-11-20T07:16:33.648+0000] {dag.py:3239} INFO - Sync 1 DAGs
[2024-11-20T07:16:33.659+0000] {logging_mixin.py:190} INFO - [2024-11-20T07:16:33.659+0000] {dag.py:4180} INFO - Setting next_dagrun for s3_conn_dag to None, run_after=None
[2024-11-20T07:16:33.667+0000] {processor.py:208} INFO - Processing /opt/airflow/dags/sample_aws_connection.py took 0.115 seconds
[2024-11-20T07:17:04.082+0000] {processor.py:186} INFO - Started process (PID=702) to work on /opt/airflow/dags/sample_aws_connection.py
[2024-11-20T07:17:04.083+0000] {processor.py:914} INFO - Processing file /opt/airflow/dags/sample_aws_connection.py for tasks to queue
[2024-11-20T07:17:04.085+0000] {logging_mixin.py:190} INFO - [2024-11-20T07:17:04.085+0000] {dagbag.py:588} INFO - Filling up the DagBag from /opt/airflow/dags/sample_aws_connection.py
[2024-11-20T07:17:04.168+0000] {processor.py:925} INFO - DAG(s) 's3_conn_dag' retrieved from /opt/airflow/dags/sample_aws_connection.py
[2024-11-20T07:17:04.186+0000] {logging_mixin.py:190} INFO - [2024-11-20T07:17:04.186+0000] {dag.py:3239} INFO - Sync 1 DAGs
[2024-11-20T07:17:04.198+0000] {logging_mixin.py:190} INFO - [2024-11-20T07:17:04.198+0000] {dag.py:4180} INFO - Setting next_dagrun for s3_conn_dag to None, run_after=None
[2024-11-20T07:17:04.209+0000] {processor.py:208} INFO - Processing /opt/airflow/dags/sample_aws_connection.py took 0.132 seconds
[2024-11-20T07:17:34.613+0000] {processor.py:186} INFO - Started process (PID=711) to work on /opt/airflow/dags/sample_aws_connection.py
[2024-11-20T07:17:34.614+0000] {processor.py:914} INFO - Processing file /opt/airflow/dags/sample_aws_connection.py for tasks to queue
[2024-11-20T07:17:34.616+0000] {logging_mixin.py:190} INFO - [2024-11-20T07:17:34.616+0000] {dagbag.py:588} INFO - Filling up the DagBag from /opt/airflow/dags/sample_aws_connection.py
[2024-11-20T07:17:34.686+0000] {processor.py:925} INFO - DAG(s) 's3_conn_dag' retrieved from /opt/airflow/dags/sample_aws_connection.py
[2024-11-20T07:17:34.698+0000] {logging_mixin.py:190} INFO - [2024-11-20T07:17:34.698+0000] {dag.py:3239} INFO - Sync 1 DAGs
[2024-11-20T07:17:34.709+0000] {logging_mixin.py:190} INFO - [2024-11-20T07:17:34.709+0000] {dag.py:4180} INFO - Setting next_dagrun for s3_conn_dag to None, run_after=None
[2024-11-20T07:17:34.717+0000] {processor.py:208} INFO - Processing /opt/airflow/dags/sample_aws_connection.py took 0.107 seconds
[2024-11-20T07:18:05.130+0000] {processor.py:186} INFO - Started process (PID=720) to work on /opt/airflow/dags/sample_aws_connection.py
[2024-11-20T07:18:05.134+0000] {processor.py:914} INFO - Processing file /opt/airflow/dags/sample_aws_connection.py for tasks to queue
[2024-11-20T07:18:05.138+0000] {logging_mixin.py:190} INFO - [2024-11-20T07:18:05.137+0000] {dagbag.py:588} INFO - Filling up the DagBag from /opt/airflow/dags/sample_aws_connection.py
[2024-11-20T07:18:05.206+0000] {processor.py:925} INFO - DAG(s) 's3_conn_dag' retrieved from /opt/airflow/dags/sample_aws_connection.py
[2024-11-20T07:18:05.218+0000] {logging_mixin.py:190} INFO - [2024-11-20T07:18:05.218+0000] {dag.py:3239} INFO - Sync 1 DAGs
[2024-11-20T07:18:05.228+0000] {logging_mixin.py:190} INFO - [2024-11-20T07:18:05.228+0000] {dag.py:4180} INFO - Setting next_dagrun for s3_conn_dag to None, run_after=None
[2024-11-20T07:18:05.236+0000] {processor.py:208} INFO - Processing /opt/airflow/dags/sample_aws_connection.py took 0.111 seconds
