[2024-11-20T06:23:18.701+0000] {processor.py:186} INFO - Started process (PID=45) to work on /opt/airflow/dags/sample_dag.py
[2024-11-20T06:23:18.702+0000] {processor.py:914} INFO - Processing file /opt/airflow/dags/sample_dag.py for tasks to queue
[2024-11-20T06:23:18.705+0000] {logging_mixin.py:190} INFO - [2024-11-20T06:23:18.704+0000] {dagbag.py:588} INFO - Filling up the DagBag from /opt/airflow/dags/sample_dag.py
[2024-11-20T06:23:19.315+0000] {processor.py:925} INFO - DAG(s) 'weather_etl' retrieved from /opt/airflow/dags/sample_dag.py
[2024-11-20T06:23:19.344+0000] {logging_mixin.py:190} INFO - [2024-11-20T06:23:19.344+0000] {dag.py:3239} INFO - Sync 1 DAGs
[2024-11-20T06:23:19.372+0000] {logging_mixin.py:190} INFO - [2024-11-20T06:23:19.372+0000] {dag.py:4180} INFO - Setting next_dagrun for weather_etl to 2024-01-02 00:00:00+00:00, run_after=2024-01-03 00:00:00+00:00
[2024-11-20T06:23:19.392+0000] {processor.py:208} INFO - Processing /opt/airflow/dags/sample_dag.py took 0.697 seconds
[2024-11-20T06:23:49.426+0000] {processor.py:186} INFO - Started process (PID=54) to work on /opt/airflow/dags/sample_dag.py
[2024-11-20T06:23:49.427+0000] {processor.py:914} INFO - Processing file /opt/airflow/dags/sample_dag.py for tasks to queue
[2024-11-20T06:23:49.429+0000] {logging_mixin.py:190} INFO - [2024-11-20T06:23:49.428+0000] {dagbag.py:588} INFO - Filling up the DagBag from /opt/airflow/dags/sample_dag.py
[2024-11-20T06:23:49.769+0000] {processor.py:925} INFO - DAG(s) 'weather_etl' retrieved from /opt/airflow/dags/sample_dag.py
[2024-11-20T06:23:49.785+0000] {logging_mixin.py:190} INFO - [2024-11-20T06:23:49.785+0000] {dag.py:3239} INFO - Sync 1 DAGs
[2024-11-20T06:23:49.797+0000] {logging_mixin.py:190} INFO - [2024-11-20T06:23:49.797+0000] {dag.py:4180} INFO - Setting next_dagrun for weather_etl to 2024-01-02 00:00:00+00:00, run_after=2024-01-03 00:00:00+00:00
[2024-11-20T06:23:49.806+0000] {processor.py:208} INFO - Processing /opt/airflow/dags/sample_dag.py took 0.385 seconds
[2024-11-20T06:24:20.104+0000] {processor.py:186} INFO - Started process (PID=63) to work on /opt/airflow/dags/sample_dag.py
[2024-11-20T06:24:20.105+0000] {processor.py:914} INFO - Processing file /opt/airflow/dags/sample_dag.py for tasks to queue
[2024-11-20T06:24:20.107+0000] {logging_mixin.py:190} INFO - [2024-11-20T06:24:20.107+0000] {dagbag.py:588} INFO - Filling up the DagBag from /opt/airflow/dags/sample_dag.py
[2024-11-20T06:24:20.432+0000] {processor.py:925} INFO - DAG(s) 'weather_etl' retrieved from /opt/airflow/dags/sample_dag.py
[2024-11-20T06:24:20.449+0000] {logging_mixin.py:190} INFO - [2024-11-20T06:24:20.449+0000] {dag.py:3239} INFO - Sync 1 DAGs
[2024-11-20T06:24:20.459+0000] {logging_mixin.py:190} INFO - [2024-11-20T06:24:20.459+0000] {dag.py:4180} INFO - Setting next_dagrun for weather_etl to 2024-01-02 00:00:00+00:00, run_after=2024-01-03 00:00:00+00:00
[2024-11-20T06:24:20.468+0000] {processor.py:208} INFO - Processing /opt/airflow/dags/sample_dag.py took 0.369 seconds
[2024-11-20T06:24:50.759+0000] {processor.py:186} INFO - Started process (PID=72) to work on /opt/airflow/dags/sample_dag.py
[2024-11-20T06:24:50.761+0000] {processor.py:914} INFO - Processing file /opt/airflow/dags/sample_dag.py for tasks to queue
[2024-11-20T06:24:50.763+0000] {logging_mixin.py:190} INFO - [2024-11-20T06:24:50.763+0000] {dagbag.py:588} INFO - Filling up the DagBag from /opt/airflow/dags/sample_dag.py
[2024-11-20T06:24:51.090+0000] {processor.py:925} INFO - DAG(s) 'weather_etl' retrieved from /opt/airflow/dags/sample_dag.py
[2024-11-20T06:24:51.105+0000] {logging_mixin.py:190} INFO - [2024-11-20T06:24:51.105+0000] {dag.py:3239} INFO - Sync 1 DAGs
[2024-11-20T06:24:51.117+0000] {logging_mixin.py:190} INFO - [2024-11-20T06:24:51.117+0000] {dag.py:4180} INFO - Setting next_dagrun for weather_etl to 2024-01-02 00:00:00+00:00, run_after=2024-01-03 00:00:00+00:00
[2024-11-20T06:24:51.126+0000] {processor.py:208} INFO - Processing /opt/airflow/dags/sample_dag.py took 0.372 seconds
[2024-11-20T06:25:21.439+0000] {processor.py:186} INFO - Started process (PID=87) to work on /opt/airflow/dags/sample_dag.py
[2024-11-20T06:25:21.440+0000] {processor.py:914} INFO - Processing file /opt/airflow/dags/sample_dag.py for tasks to queue
[2024-11-20T06:25:21.441+0000] {logging_mixin.py:190} INFO - [2024-11-20T06:25:21.441+0000] {dagbag.py:588} INFO - Filling up the DagBag from /opt/airflow/dags/sample_dag.py
[2024-11-20T06:25:21.744+0000] {processor.py:925} INFO - DAG(s) 'weather_etl' retrieved from /opt/airflow/dags/sample_dag.py
[2024-11-20T06:25:21.757+0000] {logging_mixin.py:190} INFO - [2024-11-20T06:25:21.757+0000] {dag.py:3239} INFO - Sync 1 DAGs
[2024-11-20T06:25:21.767+0000] {logging_mixin.py:190} INFO - [2024-11-20T06:25:21.767+0000] {dag.py:4180} INFO - Setting next_dagrun for weather_etl to 2024-01-02 00:00:00+00:00, run_after=2024-01-03 00:00:00+00:00
[2024-11-20T06:25:21.775+0000] {processor.py:208} INFO - Processing /opt/airflow/dags/sample_dag.py took 0.341 seconds
[2024-11-20T06:25:52.020+0000] {processor.py:186} INFO - Started process (PID=96) to work on /opt/airflow/dags/sample_dag.py
[2024-11-20T06:25:52.022+0000] {processor.py:914} INFO - Processing file /opt/airflow/dags/sample_dag.py for tasks to queue
[2024-11-20T06:25:52.132+0000] {logging_mixin.py:190} INFO - [2024-11-20T06:25:52.131+0000] {dagbag.py:588} INFO - Filling up the DagBag from /opt/airflow/dags/sample_dag.py
[2024-11-20T06:25:52.308+0000] {processor.py:925} INFO - DAG(s) 'weather_etl' retrieved from /opt/airflow/dags/sample_dag.py
[2024-11-20T06:25:52.322+0000] {logging_mixin.py:190} INFO - [2024-11-20T06:25:52.321+0000] {dag.py:3239} INFO - Sync 1 DAGs
[2024-11-20T06:25:52.333+0000] {logging_mixin.py:190} INFO - [2024-11-20T06:25:52.333+0000] {dag.py:4180} INFO - Setting next_dagrun for weather_etl to 2024-01-02 00:00:00+00:00, run_after=2024-01-03 00:00:00+00:00
[2024-11-20T06:25:52.341+0000] {processor.py:208} INFO - Processing /opt/airflow/dags/sample_dag.py took 0.327 seconds
[2024-11-20T06:26:22.767+0000] {processor.py:186} INFO - Started process (PID=105) to work on /opt/airflow/dags/sample_dag.py
[2024-11-20T06:26:22.768+0000] {processor.py:914} INFO - Processing file /opt/airflow/dags/sample_dag.py for tasks to queue
[2024-11-20T06:26:22.769+0000] {logging_mixin.py:190} INFO - [2024-11-20T06:26:22.769+0000] {dagbag.py:588} INFO - Filling up the DagBag from /opt/airflow/dags/sample_dag.py
[2024-11-20T06:26:22.937+0000] {processor.py:925} INFO - DAG(s) 'weather_etl' retrieved from /opt/airflow/dags/sample_dag.py
[2024-11-20T06:26:22.950+0000] {logging_mixin.py:190} INFO - [2024-11-20T06:26:22.950+0000] {dag.py:3239} INFO - Sync 1 DAGs
[2024-11-20T06:26:22.961+0000] {logging_mixin.py:190} INFO - [2024-11-20T06:26:22.961+0000] {dag.py:4180} INFO - Setting next_dagrun for weather_etl to 2024-01-02 00:00:00+00:00, run_after=2024-01-03 00:00:00+00:00
[2024-11-20T06:26:22.969+0000] {processor.py:208} INFO - Processing /opt/airflow/dags/sample_dag.py took 0.207 seconds
[2024-11-20T06:26:53.266+0000] {processor.py:186} INFO - Started process (PID=114) to work on /opt/airflow/dags/sample_dag.py
[2024-11-20T06:26:53.267+0000] {processor.py:914} INFO - Processing file /opt/airflow/dags/sample_dag.py for tasks to queue
[2024-11-20T06:26:53.269+0000] {logging_mixin.py:190} INFO - [2024-11-20T06:26:53.268+0000] {dagbag.py:588} INFO - Filling up the DagBag from /opt/airflow/dags/sample_dag.py
[2024-11-20T06:26:53.440+0000] {processor.py:925} INFO - DAG(s) 'weather_etl' retrieved from /opt/airflow/dags/sample_dag.py
[2024-11-20T06:26:53.454+0000] {logging_mixin.py:190} INFO - [2024-11-20T06:26:53.454+0000] {dag.py:3239} INFO - Sync 1 DAGs
[2024-11-20T06:26:53.465+0000] {logging_mixin.py:190} INFO - [2024-11-20T06:26:53.464+0000] {dag.py:4180} INFO - Setting next_dagrun for weather_etl to 2024-01-02 00:00:00+00:00, run_after=2024-01-03 00:00:00+00:00
[2024-11-20T06:26:53.473+0000] {processor.py:208} INFO - Processing /opt/airflow/dags/sample_dag.py took 0.212 seconds
[2024-11-20T06:27:23.743+0000] {processor.py:186} INFO - Started process (PID=123) to work on /opt/airflow/dags/sample_dag.py
[2024-11-20T06:27:23.744+0000] {processor.py:914} INFO - Processing file /opt/airflow/dags/sample_dag.py for tasks to queue
[2024-11-20T06:27:23.747+0000] {logging_mixin.py:190} INFO - [2024-11-20T06:27:23.747+0000] {dagbag.py:588} INFO - Filling up the DagBag from /opt/airflow/dags/sample_dag.py
[2024-11-20T06:27:23.944+0000] {processor.py:925} INFO - DAG(s) 'weather_etl' retrieved from /opt/airflow/dags/sample_dag.py
[2024-11-20T06:27:23.958+0000] {logging_mixin.py:190} INFO - [2024-11-20T06:27:23.958+0000] {dag.py:3239} INFO - Sync 1 DAGs
[2024-11-20T06:27:23.969+0000] {logging_mixin.py:190} INFO - [2024-11-20T06:27:23.969+0000] {dag.py:4180} INFO - Setting next_dagrun for weather_etl to 2024-01-02 00:00:00+00:00, run_after=2024-01-03 00:00:00+00:00
[2024-11-20T06:27:23.977+0000] {processor.py:208} INFO - Processing /opt/airflow/dags/sample_dag.py took 0.241 seconds
[2024-11-20T06:27:54.264+0000] {processor.py:186} INFO - Started process (PID=132) to work on /opt/airflow/dags/sample_dag.py
[2024-11-20T06:27:54.265+0000] {processor.py:914} INFO - Processing file /opt/airflow/dags/sample_dag.py for tasks to queue
[2024-11-20T06:27:54.268+0000] {logging_mixin.py:190} INFO - [2024-11-20T06:27:54.268+0000] {dagbag.py:588} INFO - Filling up the DagBag from /opt/airflow/dags/sample_dag.py
[2024-11-20T06:27:54.438+0000] {processor.py:925} INFO - DAG(s) 'weather_etl' retrieved from /opt/airflow/dags/sample_dag.py
[2024-11-20T06:27:54.452+0000] {logging_mixin.py:190} INFO - [2024-11-20T06:27:54.452+0000] {dag.py:3239} INFO - Sync 1 DAGs
[2024-11-20T06:27:54.463+0000] {logging_mixin.py:190} INFO - [2024-11-20T06:27:54.463+0000] {dag.py:4180} INFO - Setting next_dagrun for weather_etl to 2024-01-02 00:00:00+00:00, run_after=2024-01-03 00:00:00+00:00
[2024-11-20T06:27:54.471+0000] {processor.py:208} INFO - Processing /opt/airflow/dags/sample_dag.py took 0.212 seconds
[2024-11-20T06:28:24.762+0000] {processor.py:186} INFO - Started process (PID=141) to work on /opt/airflow/dags/sample_dag.py
[2024-11-20T06:28:24.763+0000] {processor.py:914} INFO - Processing file /opt/airflow/dags/sample_dag.py for tasks to queue
[2024-11-20T06:28:24.768+0000] {logging_mixin.py:190} INFO - [2024-11-20T06:28:24.768+0000] {dagbag.py:588} INFO - Filling up the DagBag from /opt/airflow/dags/sample_dag.py
[2024-11-20T06:28:24.941+0000] {processor.py:925} INFO - DAG(s) 'weather_etl' retrieved from /opt/airflow/dags/sample_dag.py
[2024-11-20T06:28:24.955+0000] {logging_mixin.py:190} INFO - [2024-11-20T06:28:24.955+0000] {dag.py:3239} INFO - Sync 1 DAGs
[2024-11-20T06:28:24.967+0000] {logging_mixin.py:190} INFO - [2024-11-20T06:28:24.967+0000] {dag.py:4180} INFO - Setting next_dagrun for weather_etl to 2024-01-02 00:00:00+00:00, run_after=2024-01-03 00:00:00+00:00
[2024-11-20T06:28:24.976+0000] {processor.py:208} INFO - Processing /opt/airflow/dags/sample_dag.py took 0.218 seconds
[2024-11-20T06:40:55.461+0000] {processor.py:186} INFO - Started process (PID=46) to work on /opt/airflow/dags/sample_dag.py
[2024-11-20T06:40:55.462+0000] {processor.py:914} INFO - Processing file /opt/airflow/dags/sample_dag.py for tasks to queue
[2024-11-20T06:40:55.464+0000] {logging_mixin.py:190} INFO - [2024-11-20T06:40:55.464+0000] {dagbag.py:588} INFO - Filling up the DagBag from /opt/airflow/dags/sample_dag.py
[2024-11-20T06:40:55.818+0000] {processor.py:925} INFO - DAG(s) 'weather_etl' retrieved from /opt/airflow/dags/sample_dag.py
[2024-11-20T06:40:55.852+0000] {logging_mixin.py:190} INFO - [2024-11-20T06:40:55.851+0000] {dag.py:3239} INFO - Sync 1 DAGs
[2024-11-20T06:40:55.871+0000] {logging_mixin.py:190} INFO - [2024-11-20T06:40:55.871+0000] {dag.py:4180} INFO - Setting next_dagrun for weather_etl to 2024-01-02 00:00:00+00:00, run_after=2024-01-03 00:00:00+00:00
[2024-11-20T06:40:55.891+0000] {processor.py:208} INFO - Processing /opt/airflow/dags/sample_dag.py took 0.433 seconds
[2024-11-20T06:41:25.941+0000] {processor.py:186} INFO - Started process (PID=54) to work on /opt/airflow/dags/sample_dag.py
[2024-11-20T06:41:25.942+0000] {processor.py:914} INFO - Processing file /opt/airflow/dags/sample_dag.py for tasks to queue
[2024-11-20T06:41:25.946+0000] {logging_mixin.py:190} INFO - [2024-11-20T06:41:25.945+0000] {dagbag.py:588} INFO - Filling up the DagBag from /opt/airflow/dags/sample_dag.py
[2024-11-20T06:41:26.314+0000] {processor.py:925} INFO - DAG(s) 'weather_etl' retrieved from /opt/airflow/dags/sample_dag.py
[2024-11-20T06:41:26.331+0000] {logging_mixin.py:190} INFO - [2024-11-20T06:41:26.331+0000] {dag.py:3239} INFO - Sync 1 DAGs
[2024-11-20T06:41:26.344+0000] {logging_mixin.py:190} INFO - [2024-11-20T06:41:26.344+0000] {dag.py:4180} INFO - Setting next_dagrun for weather_etl to 2024-01-02 00:00:00+00:00, run_after=2024-01-03 00:00:00+00:00
[2024-11-20T06:41:26.354+0000] {processor.py:208} INFO - Processing /opt/airflow/dags/sample_dag.py took 0.418 seconds
[2024-11-20T06:41:56.967+0000] {processor.py:186} INFO - Started process (PID=63) to work on /opt/airflow/dags/sample_dag.py
[2024-11-20T06:41:56.967+0000] {processor.py:914} INFO - Processing file /opt/airflow/dags/sample_dag.py for tasks to queue
[2024-11-20T06:41:56.969+0000] {logging_mixin.py:190} INFO - [2024-11-20T06:41:56.969+0000] {dagbag.py:588} INFO - Filling up the DagBag from /opt/airflow/dags/sample_dag.py
[2024-11-20T06:41:57.300+0000] {processor.py:925} INFO - DAG(s) 'weather_etl' retrieved from /opt/airflow/dags/sample_dag.py
[2024-11-20T06:41:57.316+0000] {logging_mixin.py:190} INFO - [2024-11-20T06:41:57.315+0000] {dag.py:3239} INFO - Sync 1 DAGs
[2024-11-20T06:41:57.326+0000] {logging_mixin.py:190} INFO - [2024-11-20T06:41:57.326+0000] {dag.py:4180} INFO - Setting next_dagrun for weather_etl to 2024-01-02 00:00:00+00:00, run_after=2024-01-03 00:00:00+00:00
[2024-11-20T06:41:57.333+0000] {processor.py:208} INFO - Processing /opt/airflow/dags/sample_dag.py took 0.370 seconds
[2024-11-20T06:42:27.718+0000] {processor.py:186} INFO - Started process (PID=72) to work on /opt/airflow/dags/sample_dag.py
[2024-11-20T06:42:27.720+0000] {processor.py:914} INFO - Processing file /opt/airflow/dags/sample_dag.py for tasks to queue
[2024-11-20T06:42:27.721+0000] {logging_mixin.py:190} INFO - [2024-11-20T06:42:27.721+0000] {dagbag.py:588} INFO - Filling up the DagBag from /opt/airflow/dags/sample_dag.py
[2024-11-20T06:42:28.096+0000] {processor.py:925} INFO - DAG(s) 'weather_etl' retrieved from /opt/airflow/dags/sample_dag.py
[2024-11-20T06:42:28.127+0000] {logging_mixin.py:190} INFO - [2024-11-20T06:42:28.127+0000] {dag.py:3239} INFO - Sync 1 DAGs
[2024-11-20T06:42:28.144+0000] {logging_mixin.py:190} INFO - [2024-11-20T06:42:28.144+0000] {dag.py:4180} INFO - Setting next_dagrun for weather_etl to 2024-01-02 00:00:00+00:00, run_after=2024-01-03 00:00:00+00:00
[2024-11-20T06:42:28.160+0000] {processor.py:208} INFO - Processing /opt/airflow/dags/sample_dag.py took 0.445 seconds
[2024-11-20T06:42:58.478+0000] {processor.py:186} INFO - Started process (PID=81) to work on /opt/airflow/dags/sample_dag.py
[2024-11-20T06:42:58.479+0000] {processor.py:914} INFO - Processing file /opt/airflow/dags/sample_dag.py for tasks to queue
[2024-11-20T06:42:58.482+0000] {logging_mixin.py:190} INFO - [2024-11-20T06:42:58.482+0000] {dagbag.py:588} INFO - Filling up the DagBag from /opt/airflow/dags/sample_dag.py
[2024-11-20T06:42:58.822+0000] {processor.py:925} INFO - DAG(s) 'weather_etl' retrieved from /opt/airflow/dags/sample_dag.py
[2024-11-20T06:42:58.836+0000] {logging_mixin.py:190} INFO - [2024-11-20T06:42:58.836+0000] {dag.py:3239} INFO - Sync 1 DAGs
[2024-11-20T06:42:58.846+0000] {logging_mixin.py:190} INFO - [2024-11-20T06:42:58.846+0000] {dag.py:4180} INFO - Setting next_dagrun for weather_etl to 2024-01-02 00:00:00+00:00, run_after=2024-01-03 00:00:00+00:00
[2024-11-20T06:42:58.854+0000] {processor.py:208} INFO - Processing /opt/airflow/dags/sample_dag.py took 0.380 seconds
[2024-11-20T06:43:29.349+0000] {processor.py:186} INFO - Started process (PID=96) to work on /opt/airflow/dags/sample_dag.py
[2024-11-20T06:43:29.350+0000] {processor.py:914} INFO - Processing file /opt/airflow/dags/sample_dag.py for tasks to queue
[2024-11-20T06:43:29.352+0000] {logging_mixin.py:190} INFO - [2024-11-20T06:43:29.352+0000] {dagbag.py:588} INFO - Filling up the DagBag from /opt/airflow/dags/sample_dag.py
[2024-11-20T06:43:29.752+0000] {processor.py:925} INFO - DAG(s) 'weather_etl' retrieved from /opt/airflow/dags/sample_dag.py
[2024-11-20T06:43:29.769+0000] {logging_mixin.py:190} INFO - [2024-11-20T06:43:29.768+0000] {dag.py:3239} INFO - Sync 1 DAGs
[2024-11-20T06:43:29.781+0000] {logging_mixin.py:190} INFO - [2024-11-20T06:43:29.780+0000] {dag.py:4180} INFO - Setting next_dagrun for weather_etl to 2024-01-02 00:00:00+00:00, run_after=2024-01-03 00:00:00+00:00
[2024-11-20T06:43:29.791+0000] {processor.py:208} INFO - Processing /opt/airflow/dags/sample_dag.py took 0.447 seconds
[2024-11-20T06:44:00.185+0000] {processor.py:186} INFO - Started process (PID=105) to work on /opt/airflow/dags/sample_dag.py
[2024-11-20T06:44:00.185+0000] {processor.py:914} INFO - Processing file /opt/airflow/dags/sample_dag.py for tasks to queue
[2024-11-20T06:44:00.187+0000] {logging_mixin.py:190} INFO - [2024-11-20T06:44:00.187+0000] {dagbag.py:588} INFO - Filling up the DagBag from /opt/airflow/dags/sample_dag.py
[2024-11-20T06:44:00.384+0000] {processor.py:925} INFO - DAG(s) 'weather_etl' retrieved from /opt/airflow/dags/sample_dag.py
[2024-11-20T06:44:00.400+0000] {logging_mixin.py:190} INFO - [2024-11-20T06:44:00.400+0000] {dag.py:3239} INFO - Sync 1 DAGs
[2024-11-20T06:44:00.413+0000] {logging_mixin.py:190} INFO - [2024-11-20T06:44:00.412+0000] {dag.py:4180} INFO - Setting next_dagrun for weather_etl to 2024-01-02 00:00:00+00:00, run_after=2024-01-03 00:00:00+00:00
[2024-11-20T06:44:00.420+0000] {processor.py:208} INFO - Processing /opt/airflow/dags/sample_dag.py took 0.240 seconds
[2024-11-20T06:44:30.768+0000] {processor.py:186} INFO - Started process (PID=114) to work on /opt/airflow/dags/sample_dag.py
[2024-11-20T06:44:30.769+0000] {processor.py:914} INFO - Processing file /opt/airflow/dags/sample_dag.py for tasks to queue
[2024-11-20T06:44:30.770+0000] {logging_mixin.py:190} INFO - [2024-11-20T06:44:30.770+0000] {dagbag.py:588} INFO - Filling up the DagBag from /opt/airflow/dags/sample_dag.py
[2024-11-20T06:44:30.944+0000] {processor.py:925} INFO - DAG(s) 'weather_etl' retrieved from /opt/airflow/dags/sample_dag.py
[2024-11-20T06:44:30.959+0000] {logging_mixin.py:190} INFO - [2024-11-20T06:44:30.959+0000] {dag.py:3239} INFO - Sync 1 DAGs
[2024-11-20T06:44:30.969+0000] {logging_mixin.py:190} INFO - [2024-11-20T06:44:30.969+0000] {dag.py:4180} INFO - Setting next_dagrun for weather_etl to 2024-01-02 00:00:00+00:00, run_after=2024-01-03 00:00:00+00:00
[2024-11-20T06:44:30.976+0000] {processor.py:208} INFO - Processing /opt/airflow/dags/sample_dag.py took 0.211 seconds
[2024-11-20T06:45:01.396+0000] {processor.py:186} INFO - Started process (PID=123) to work on /opt/airflow/dags/sample_dag.py
[2024-11-20T06:45:01.397+0000] {processor.py:914} INFO - Processing file /opt/airflow/dags/sample_dag.py for tasks to queue
[2024-11-20T06:45:01.399+0000] {logging_mixin.py:190} INFO - [2024-11-20T06:45:01.399+0000] {dagbag.py:588} INFO - Filling up the DagBag from /opt/airflow/dags/sample_dag.py
[2024-11-20T06:45:01.581+0000] {processor.py:925} INFO - DAG(s) 'weather_etl' retrieved from /opt/airflow/dags/sample_dag.py
[2024-11-20T06:45:01.595+0000] {logging_mixin.py:190} INFO - [2024-11-20T06:45:01.595+0000] {dag.py:3239} INFO - Sync 1 DAGs
[2024-11-20T06:45:01.606+0000] {logging_mixin.py:190} INFO - [2024-11-20T06:45:01.606+0000] {dag.py:4180} INFO - Setting next_dagrun for weather_etl to 2024-01-02 00:00:00+00:00, run_after=2024-01-03 00:00:00+00:00
[2024-11-20T06:45:01.614+0000] {processor.py:208} INFO - Processing /opt/airflow/dags/sample_dag.py took 0.222 seconds
[2024-11-20T06:45:32.033+0000] {processor.py:186} INFO - Started process (PID=132) to work on /opt/airflow/dags/sample_dag.py
[2024-11-20T06:45:32.034+0000] {processor.py:914} INFO - Processing file /opt/airflow/dags/sample_dag.py for tasks to queue
[2024-11-20T06:45:32.035+0000] {logging_mixin.py:190} INFO - [2024-11-20T06:45:32.035+0000] {dagbag.py:588} INFO - Filling up the DagBag from /opt/airflow/dags/sample_dag.py
[2024-11-20T06:45:32.219+0000] {processor.py:925} INFO - DAG(s) 'weather_etl' retrieved from /opt/airflow/dags/sample_dag.py
[2024-11-20T06:45:32.233+0000] {logging_mixin.py:190} INFO - [2024-11-20T06:45:32.233+0000] {dag.py:3239} INFO - Sync 1 DAGs
[2024-11-20T06:45:32.244+0000] {logging_mixin.py:190} INFO - [2024-11-20T06:45:32.244+0000] {dag.py:4180} INFO - Setting next_dagrun for weather_etl to 2024-01-02 00:00:00+00:00, run_after=2024-01-03 00:00:00+00:00
[2024-11-20T06:45:32.252+0000] {processor.py:208} INFO - Processing /opt/airflow/dags/sample_dag.py took 0.222 seconds
[2024-11-20T06:46:02.652+0000] {processor.py:186} INFO - Started process (PID=141) to work on /opt/airflow/dags/sample_dag.py
[2024-11-20T06:46:02.653+0000] {processor.py:914} INFO - Processing file /opt/airflow/dags/sample_dag.py for tasks to queue
[2024-11-20T06:46:02.655+0000] {logging_mixin.py:190} INFO - [2024-11-20T06:46:02.655+0000] {dagbag.py:588} INFO - Filling up the DagBag from /opt/airflow/dags/sample_dag.py
[2024-11-20T06:46:02.843+0000] {processor.py:925} INFO - DAG(s) 'weather_etl' retrieved from /opt/airflow/dags/sample_dag.py
[2024-11-20T06:46:02.857+0000] {logging_mixin.py:190} INFO - [2024-11-20T06:46:02.857+0000] {dag.py:3239} INFO - Sync 1 DAGs
[2024-11-20T06:46:02.868+0000] {logging_mixin.py:190} INFO - [2024-11-20T06:46:02.868+0000] {dag.py:4180} INFO - Setting next_dagrun for weather_etl to 2024-01-02 00:00:00+00:00, run_after=2024-01-03 00:00:00+00:00
[2024-11-20T06:46:02.876+0000] {processor.py:208} INFO - Processing /opt/airflow/dags/sample_dag.py took 0.230 seconds
[2024-11-20T06:46:33.301+0000] {processor.py:186} INFO - Started process (PID=150) to work on /opt/airflow/dags/sample_dag.py
[2024-11-20T06:46:33.302+0000] {processor.py:914} INFO - Processing file /opt/airflow/dags/sample_dag.py for tasks to queue
[2024-11-20T06:46:33.303+0000] {logging_mixin.py:190} INFO - [2024-11-20T06:46:33.303+0000] {dagbag.py:588} INFO - Filling up the DagBag from /opt/airflow/dags/sample_dag.py
[2024-11-20T06:46:33.496+0000] {processor.py:925} INFO - DAG(s) 'weather_etl' retrieved from /opt/airflow/dags/sample_dag.py
[2024-11-20T06:46:33.510+0000] {logging_mixin.py:190} INFO - [2024-11-20T06:46:33.510+0000] {dag.py:3239} INFO - Sync 1 DAGs
[2024-11-20T06:46:33.522+0000] {logging_mixin.py:190} INFO - [2024-11-20T06:46:33.522+0000] {dag.py:4180} INFO - Setting next_dagrun for weather_etl to 2024-01-02 00:00:00+00:00, run_after=2024-01-03 00:00:00+00:00
[2024-11-20T06:46:33.530+0000] {processor.py:208} INFO - Processing /opt/airflow/dags/sample_dag.py took 0.233 seconds
[2024-11-20T06:47:03.887+0000] {processor.py:186} INFO - Started process (PID=159) to work on /opt/airflow/dags/sample_dag.py
[2024-11-20T06:47:03.887+0000] {processor.py:914} INFO - Processing file /opt/airflow/dags/sample_dag.py for tasks to queue
[2024-11-20T06:47:03.888+0000] {logging_mixin.py:190} INFO - [2024-11-20T06:47:03.888+0000] {dagbag.py:588} INFO - Filling up the DagBag from /opt/airflow/dags/sample_dag.py
[2024-11-20T06:47:04.077+0000] {processor.py:925} INFO - DAG(s) 'weather_etl' retrieved from /opt/airflow/dags/sample_dag.py
[2024-11-20T06:47:04.091+0000] {logging_mixin.py:190} INFO - [2024-11-20T06:47:04.091+0000] {dag.py:3239} INFO - Sync 1 DAGs
[2024-11-20T06:47:04.102+0000] {logging_mixin.py:190} INFO - [2024-11-20T06:47:04.102+0000] {dag.py:4180} INFO - Setting next_dagrun for weather_etl to 2024-01-02 00:00:00+00:00, run_after=2024-01-03 00:00:00+00:00
[2024-11-20T06:47:04.109+0000] {processor.py:208} INFO - Processing /opt/airflow/dags/sample_dag.py took 0.226 seconds
[2024-11-20T06:47:34.538+0000] {processor.py:186} INFO - Started process (PID=168) to work on /opt/airflow/dags/sample_dag.py
[2024-11-20T06:47:34.539+0000] {processor.py:914} INFO - Processing file /opt/airflow/dags/sample_dag.py for tasks to queue
[2024-11-20T06:47:34.540+0000] {logging_mixin.py:190} INFO - [2024-11-20T06:47:34.540+0000] {dagbag.py:588} INFO - Filling up the DagBag from /opt/airflow/dags/sample_dag.py
[2024-11-20T06:47:34.724+0000] {processor.py:925} INFO - DAG(s) 'weather_etl' retrieved from /opt/airflow/dags/sample_dag.py
[2024-11-20T06:47:34.738+0000] {logging_mixin.py:190} INFO - [2024-11-20T06:47:34.737+0000] {dag.py:3239} INFO - Sync 1 DAGs
[2024-11-20T06:47:34.748+0000] {logging_mixin.py:190} INFO - [2024-11-20T06:47:34.748+0000] {dag.py:4180} INFO - Setting next_dagrun for weather_etl to 2024-01-02 00:00:00+00:00, run_after=2024-01-03 00:00:00+00:00
[2024-11-20T06:47:34.756+0000] {processor.py:208} INFO - Processing /opt/airflow/dags/sample_dag.py took 0.222 seconds
[2024-11-20T06:48:05.057+0000] {processor.py:186} INFO - Started process (PID=177) to work on /opt/airflow/dags/sample_dag.py
[2024-11-20T06:48:05.057+0000] {processor.py:914} INFO - Processing file /opt/airflow/dags/sample_dag.py for tasks to queue
[2024-11-20T06:48:05.062+0000] {logging_mixin.py:190} INFO - [2024-11-20T06:48:05.062+0000] {dagbag.py:588} INFO - Filling up the DagBag from /opt/airflow/dags/sample_dag.py
[2024-11-20T06:48:05.258+0000] {processor.py:925} INFO - DAG(s) 'weather_etl' retrieved from /opt/airflow/dags/sample_dag.py
[2024-11-20T06:48:05.274+0000] {logging_mixin.py:190} INFO - [2024-11-20T06:48:05.274+0000] {dag.py:3239} INFO - Sync 1 DAGs
[2024-11-20T06:48:05.286+0000] {logging_mixin.py:190} INFO - [2024-11-20T06:48:05.285+0000] {dag.py:4180} INFO - Setting next_dagrun for weather_etl to 2024-01-02 00:00:00+00:00, run_after=2024-01-03 00:00:00+00:00
[2024-11-20T06:48:05.294+0000] {processor.py:208} INFO - Processing /opt/airflow/dags/sample_dag.py took 0.243 seconds
[2024-11-20T06:48:35.542+0000] {processor.py:186} INFO - Started process (PID=186) to work on /opt/airflow/dags/sample_dag.py
[2024-11-20T06:48:35.543+0000] {processor.py:914} INFO - Processing file /opt/airflow/dags/sample_dag.py for tasks to queue
[2024-11-20T06:48:35.546+0000] {logging_mixin.py:190} INFO - [2024-11-20T06:48:35.546+0000] {dagbag.py:588} INFO - Filling up the DagBag from /opt/airflow/dags/sample_dag.py
[2024-11-20T06:48:35.738+0000] {processor.py:925} INFO - DAG(s) 'weather_etl' retrieved from /opt/airflow/dags/sample_dag.py
[2024-11-20T06:48:35.757+0000] {logging_mixin.py:190} INFO - [2024-11-20T06:48:35.756+0000] {dag.py:3239} INFO - Sync 1 DAGs
[2024-11-20T06:48:35.771+0000] {logging_mixin.py:190} INFO - [2024-11-20T06:48:35.771+0000] {dag.py:4180} INFO - Setting next_dagrun for weather_etl to 2024-01-02 00:00:00+00:00, run_after=2024-01-03 00:00:00+00:00
[2024-11-20T06:48:35.783+0000] {processor.py:208} INFO - Processing /opt/airflow/dags/sample_dag.py took 0.246 seconds
[2024-11-20T06:49:06.071+0000] {processor.py:186} INFO - Started process (PID=195) to work on /opt/airflow/dags/sample_dag.py
[2024-11-20T06:49:06.071+0000] {processor.py:914} INFO - Processing file /opt/airflow/dags/sample_dag.py for tasks to queue
[2024-11-20T06:49:06.073+0000] {logging_mixin.py:190} INFO - [2024-11-20T06:49:06.073+0000] {dagbag.py:588} INFO - Filling up the DagBag from /opt/airflow/dags/sample_dag.py
[2024-11-20T06:49:06.246+0000] {processor.py:925} INFO - DAG(s) 'weather_etl' retrieved from /opt/airflow/dags/sample_dag.py
[2024-11-20T06:49:06.260+0000] {logging_mixin.py:190} INFO - [2024-11-20T06:49:06.260+0000] {dag.py:3239} INFO - Sync 1 DAGs
[2024-11-20T06:49:06.272+0000] {logging_mixin.py:190} INFO - [2024-11-20T06:49:06.272+0000] {dag.py:4180} INFO - Setting next_dagrun for weather_etl to 2024-01-02 00:00:00+00:00, run_after=2024-01-03 00:00:00+00:00
[2024-11-20T06:49:06.280+0000] {processor.py:208} INFO - Processing /opt/airflow/dags/sample_dag.py took 0.214 seconds
[2024-11-20T06:49:36.549+0000] {processor.py:186} INFO - Started process (PID=208) to work on /opt/airflow/dags/sample_dag.py
[2024-11-20T06:49:36.549+0000] {processor.py:914} INFO - Processing file /opt/airflow/dags/sample_dag.py for tasks to queue
[2024-11-20T06:49:36.552+0000] {logging_mixin.py:190} INFO - [2024-11-20T06:49:36.552+0000] {dagbag.py:588} INFO - Filling up the DagBag from /opt/airflow/dags/sample_dag.py
[2024-11-20T06:49:36.743+0000] {processor.py:925} INFO - DAG(s) 'weather_etl' retrieved from /opt/airflow/dags/sample_dag.py
[2024-11-20T06:49:36.760+0000] {logging_mixin.py:190} INFO - [2024-11-20T06:49:36.760+0000] {dag.py:3239} INFO - Sync 1 DAGs
[2024-11-20T06:49:36.773+0000] {logging_mixin.py:190} INFO - [2024-11-20T06:49:36.773+0000] {dag.py:4180} INFO - Setting next_dagrun for weather_etl to 2024-01-02 00:00:00+00:00, run_after=2024-01-03 00:00:00+00:00
[2024-11-20T06:49:36.782+0000] {processor.py:208} INFO - Processing /opt/airflow/dags/sample_dag.py took 0.238 seconds
[2024-11-20T06:50:07.037+0000] {processor.py:186} INFO - Started process (PID=217) to work on /opt/airflow/dags/sample_dag.py
[2024-11-20T06:50:07.038+0000] {processor.py:914} INFO - Processing file /opt/airflow/dags/sample_dag.py for tasks to queue
[2024-11-20T06:50:07.040+0000] {logging_mixin.py:190} INFO - [2024-11-20T06:50:07.040+0000] {dagbag.py:588} INFO - Filling up the DagBag from /opt/airflow/dags/sample_dag.py
[2024-11-20T06:50:07.219+0000] {processor.py:925} INFO - DAG(s) 'weather_etl' retrieved from /opt/airflow/dags/sample_dag.py
[2024-11-20T06:50:07.235+0000] {logging_mixin.py:190} INFO - [2024-11-20T06:50:07.235+0000] {dag.py:3239} INFO - Sync 1 DAGs
[2024-11-20T06:50:07.246+0000] {logging_mixin.py:190} INFO - [2024-11-20T06:50:07.246+0000] {dag.py:4180} INFO - Setting next_dagrun for weather_etl to 2024-01-02 00:00:00+00:00, run_after=2024-01-03 00:00:00+00:00
[2024-11-20T06:50:07.255+0000] {processor.py:208} INFO - Processing /opt/airflow/dags/sample_dag.py took 0.222 seconds
[2024-11-20T06:50:37.532+0000] {processor.py:186} INFO - Started process (PID=226) to work on /opt/airflow/dags/sample_dag.py
[2024-11-20T06:50:37.532+0000] {processor.py:914} INFO - Processing file /opt/airflow/dags/sample_dag.py for tasks to queue
[2024-11-20T06:50:37.536+0000] {logging_mixin.py:190} INFO - [2024-11-20T06:50:37.536+0000] {dagbag.py:588} INFO - Filling up the DagBag from /opt/airflow/dags/sample_dag.py
[2024-11-20T06:50:37.709+0000] {processor.py:925} INFO - DAG(s) 'weather_etl' retrieved from /opt/airflow/dags/sample_dag.py
[2024-11-20T06:50:37.723+0000] {logging_mixin.py:190} INFO - [2024-11-20T06:50:37.723+0000] {dag.py:3239} INFO - Sync 1 DAGs
[2024-11-20T06:50:37.734+0000] {logging_mixin.py:190} INFO - [2024-11-20T06:50:37.734+0000] {dag.py:4180} INFO - Setting next_dagrun for weather_etl to 2024-01-02 00:00:00+00:00, run_after=2024-01-03 00:00:00+00:00
[2024-11-20T06:50:37.742+0000] {processor.py:208} INFO - Processing /opt/airflow/dags/sample_dag.py took 0.216 seconds
[2024-11-20T06:51:07.988+0000] {processor.py:186} INFO - Started process (PID=235) to work on /opt/airflow/dags/sample_dag.py
[2024-11-20T06:51:07.990+0000] {processor.py:914} INFO - Processing file /opt/airflow/dags/sample_dag.py for tasks to queue
[2024-11-20T06:51:07.991+0000] {logging_mixin.py:190} INFO - [2024-11-20T06:51:07.991+0000] {dagbag.py:588} INFO - Filling up the DagBag from /opt/airflow/dags/sample_dag.py
[2024-11-20T06:51:08.165+0000] {processor.py:925} INFO - DAG(s) 'weather_etl' retrieved from /opt/airflow/dags/sample_dag.py
[2024-11-20T06:51:08.179+0000] {logging_mixin.py:190} INFO - [2024-11-20T06:51:08.179+0000] {dag.py:3239} INFO - Sync 1 DAGs
[2024-11-20T06:51:08.190+0000] {logging_mixin.py:190} INFO - [2024-11-20T06:51:08.190+0000] {dag.py:4180} INFO - Setting next_dagrun for weather_etl to 2024-01-02 00:00:00+00:00, run_after=2024-01-03 00:00:00+00:00
[2024-11-20T06:51:08.197+0000] {processor.py:208} INFO - Processing /opt/airflow/dags/sample_dag.py took 0.214 seconds
[2024-11-20T06:51:38.478+0000] {processor.py:186} INFO - Started process (PID=244) to work on /opt/airflow/dags/sample_dag.py
[2024-11-20T06:51:38.478+0000] {processor.py:914} INFO - Processing file /opt/airflow/dags/sample_dag.py for tasks to queue
[2024-11-20T06:51:38.480+0000] {logging_mixin.py:190} INFO - [2024-11-20T06:51:38.480+0000] {dagbag.py:588} INFO - Filling up the DagBag from /opt/airflow/dags/sample_dag.py
[2024-11-20T06:51:38.674+0000] {processor.py:925} INFO - DAG(s) 'weather_etl' retrieved from /opt/airflow/dags/sample_dag.py
[2024-11-20T06:51:38.689+0000] {logging_mixin.py:190} INFO - [2024-11-20T06:51:38.689+0000] {dag.py:3239} INFO - Sync 1 DAGs
[2024-11-20T06:51:38.700+0000] {logging_mixin.py:190} INFO - [2024-11-20T06:51:38.700+0000] {dag.py:4180} INFO - Setting next_dagrun for weather_etl to 2024-01-02 00:00:00+00:00, run_after=2024-01-03 00:00:00+00:00
[2024-11-20T06:51:38.709+0000] {processor.py:208} INFO - Processing /opt/airflow/dags/sample_dag.py took 0.235 seconds
[2024-11-20T06:52:08.991+0000] {processor.py:186} INFO - Started process (PID=252) to work on /opt/airflow/dags/sample_dag.py
[2024-11-20T06:52:08.993+0000] {processor.py:914} INFO - Processing file /opt/airflow/dags/sample_dag.py for tasks to queue
[2024-11-20T06:52:08.995+0000] {logging_mixin.py:190} INFO - [2024-11-20T06:52:08.994+0000] {dagbag.py:588} INFO - Filling up the DagBag from /opt/airflow/dags/sample_dag.py
[2024-11-20T06:52:09.185+0000] {processor.py:925} INFO - DAG(s) 'weather_etl' retrieved from /opt/airflow/dags/sample_dag.py
[2024-11-20T06:52:09.200+0000] {logging_mixin.py:190} INFO - [2024-11-20T06:52:09.200+0000] {dag.py:3239} INFO - Sync 1 DAGs
[2024-11-20T06:52:09.212+0000] {logging_mixin.py:190} INFO - [2024-11-20T06:52:09.212+0000] {dag.py:4180} INFO - Setting next_dagrun for weather_etl to 2024-01-02 00:00:00+00:00, run_after=2024-01-03 00:00:00+00:00
[2024-11-20T06:52:09.221+0000] {processor.py:208} INFO - Processing /opt/airflow/dags/sample_dag.py took 0.233 seconds
[2024-11-20T06:52:39.535+0000] {processor.py:186} INFO - Started process (PID=261) to work on /opt/airflow/dags/sample_dag.py
[2024-11-20T06:52:39.536+0000] {processor.py:914} INFO - Processing file /opt/airflow/dags/sample_dag.py for tasks to queue
[2024-11-20T06:52:39.538+0000] {logging_mixin.py:190} INFO - [2024-11-20T06:52:39.537+0000] {dagbag.py:588} INFO - Filling up the DagBag from /opt/airflow/dags/sample_dag.py
[2024-11-20T06:52:39.709+0000] {processor.py:925} INFO - DAG(s) 'weather_etl' retrieved from /opt/airflow/dags/sample_dag.py
[2024-11-20T06:52:39.723+0000] {logging_mixin.py:190} INFO - [2024-11-20T06:52:39.723+0000] {dag.py:3239} INFO - Sync 1 DAGs
[2024-11-20T06:52:39.735+0000] {logging_mixin.py:190} INFO - [2024-11-20T06:52:39.734+0000] {dag.py:4180} INFO - Setting next_dagrun for weather_etl to 2024-01-02 00:00:00+00:00, run_after=2024-01-03 00:00:00+00:00
[2024-11-20T06:52:39.743+0000] {processor.py:208} INFO - Processing /opt/airflow/dags/sample_dag.py took 0.213 seconds
[2024-11-20T06:53:10.042+0000] {processor.py:186} INFO - Started process (PID=270) to work on /opt/airflow/dags/sample_dag.py
[2024-11-20T06:53:10.043+0000] {processor.py:914} INFO - Processing file /opt/airflow/dags/sample_dag.py for tasks to queue
[2024-11-20T06:53:10.045+0000] {logging_mixin.py:190} INFO - [2024-11-20T06:53:10.045+0000] {dagbag.py:588} INFO - Filling up the DagBag from /opt/airflow/dags/sample_dag.py
[2024-11-20T06:53:10.217+0000] {processor.py:925} INFO - DAG(s) 'weather_etl' retrieved from /opt/airflow/dags/sample_dag.py
[2024-11-20T06:53:10.231+0000] {logging_mixin.py:190} INFO - [2024-11-20T06:53:10.230+0000] {dag.py:3239} INFO - Sync 1 DAGs
[2024-11-20T06:53:10.241+0000] {logging_mixin.py:190} INFO - [2024-11-20T06:53:10.241+0000] {dag.py:4180} INFO - Setting next_dagrun for weather_etl to 2024-01-02 00:00:00+00:00, run_after=2024-01-03 00:00:00+00:00
[2024-11-20T06:53:10.249+0000] {processor.py:208} INFO - Processing /opt/airflow/dags/sample_dag.py took 0.213 seconds
[2024-11-20T06:53:40.542+0000] {processor.py:186} INFO - Started process (PID=279) to work on /opt/airflow/dags/sample_dag.py
[2024-11-20T06:53:40.542+0000] {processor.py:914} INFO - Processing file /opt/airflow/dags/sample_dag.py for tasks to queue
[2024-11-20T06:53:40.545+0000] {logging_mixin.py:190} INFO - [2024-11-20T06:53:40.544+0000] {dagbag.py:588} INFO - Filling up the DagBag from /opt/airflow/dags/sample_dag.py
[2024-11-20T06:53:40.724+0000] {processor.py:925} INFO - DAG(s) 'weather_etl' retrieved from /opt/airflow/dags/sample_dag.py
[2024-11-20T06:53:40.739+0000] {logging_mixin.py:190} INFO - [2024-11-20T06:53:40.739+0000] {dag.py:3239} INFO - Sync 1 DAGs
[2024-11-20T06:53:40.750+0000] {logging_mixin.py:190} INFO - [2024-11-20T06:53:40.750+0000] {dag.py:4180} INFO - Setting next_dagrun for weather_etl to 2024-01-02 00:00:00+00:00, run_after=2024-01-03 00:00:00+00:00
[2024-11-20T06:53:40.758+0000] {processor.py:208} INFO - Processing /opt/airflow/dags/sample_dag.py took 0.221 seconds
[2024-11-20T06:54:11.031+0000] {processor.py:186} INFO - Started process (PID=288) to work on /opt/airflow/dags/sample_dag.py
[2024-11-20T06:54:11.031+0000] {processor.py:914} INFO - Processing file /opt/airflow/dags/sample_dag.py for tasks to queue
[2024-11-20T06:54:11.033+0000] {logging_mixin.py:190} INFO - [2024-11-20T06:54:11.033+0000] {dagbag.py:588} INFO - Filling up the DagBag from /opt/airflow/dags/sample_dag.py
[2024-11-20T06:54:11.209+0000] {processor.py:925} INFO - DAG(s) 'weather_etl' retrieved from /opt/airflow/dags/sample_dag.py
[2024-11-20T06:54:11.224+0000] {logging_mixin.py:190} INFO - [2024-11-20T06:54:11.223+0000] {dag.py:3239} INFO - Sync 1 DAGs
[2024-11-20T06:54:11.234+0000] {logging_mixin.py:190} INFO - [2024-11-20T06:54:11.234+0000] {dag.py:4180} INFO - Setting next_dagrun for weather_etl to 2024-01-02 00:00:00+00:00, run_after=2024-01-03 00:00:00+00:00
[2024-11-20T06:54:11.243+0000] {processor.py:208} INFO - Processing /opt/airflow/dags/sample_dag.py took 0.217 seconds
[2024-11-20T06:54:41.756+0000] {processor.py:186} INFO - Started process (PID=298) to work on /opt/airflow/dags/sample_dag.py
[2024-11-20T06:54:41.758+0000] {processor.py:914} INFO - Processing file /opt/airflow/dags/sample_dag.py for tasks to queue
[2024-11-20T06:54:41.759+0000] {logging_mixin.py:190} INFO - [2024-11-20T06:54:41.759+0000] {dagbag.py:588} INFO - Filling up the DagBag from /opt/airflow/dags/sample_dag.py
[2024-11-20T06:54:41.955+0000] {processor.py:925} INFO - DAG(s) 'weather_etl' retrieved from /opt/airflow/dags/sample_dag.py
[2024-11-20T06:54:41.970+0000] {logging_mixin.py:190} INFO - [2024-11-20T06:54:41.970+0000] {dag.py:3239} INFO - Sync 1 DAGs
[2024-11-20T06:54:41.982+0000] {logging_mixin.py:190} INFO - [2024-11-20T06:54:41.982+0000] {dag.py:4180} INFO - Setting next_dagrun for weather_etl to 2024-01-02 00:00:00+00:00, run_after=2024-01-03 00:00:00+00:00
[2024-11-20T06:54:41.990+0000] {processor.py:208} INFO - Processing /opt/airflow/dags/sample_dag.py took 0.239 seconds
[2024-11-20T06:55:12.236+0000] {processor.py:186} INFO - Started process (PID=311) to work on /opt/airflow/dags/sample_dag.py
[2024-11-20T06:55:12.236+0000] {processor.py:914} INFO - Processing file /opt/airflow/dags/sample_dag.py for tasks to queue
[2024-11-20T06:55:12.238+0000] {logging_mixin.py:190} INFO - [2024-11-20T06:55:12.237+0000] {dagbag.py:588} INFO - Filling up the DagBag from /opt/airflow/dags/sample_dag.py
[2024-11-20T06:55:12.413+0000] {processor.py:925} INFO - DAG(s) 'weather_etl' retrieved from /opt/airflow/dags/sample_dag.py
[2024-11-20T06:55:12.430+0000] {logging_mixin.py:190} INFO - [2024-11-20T06:55:12.429+0000] {dag.py:3239} INFO - Sync 1 DAGs
[2024-11-20T06:55:12.441+0000] {logging_mixin.py:190} INFO - [2024-11-20T06:55:12.441+0000] {dag.py:4180} INFO - Setting next_dagrun for weather_etl to 2024-01-02 00:00:00+00:00, run_after=2024-01-03 00:00:00+00:00
[2024-11-20T06:55:12.449+0000] {processor.py:208} INFO - Processing /opt/airflow/dags/sample_dag.py took 0.218 seconds
[2024-11-20T06:55:42.725+0000] {processor.py:186} INFO - Started process (PID=320) to work on /opt/airflow/dags/sample_dag.py
[2024-11-20T06:55:42.726+0000] {processor.py:914} INFO - Processing file /opt/airflow/dags/sample_dag.py for tasks to queue
[2024-11-20T06:55:42.729+0000] {logging_mixin.py:190} INFO - [2024-11-20T06:55:42.728+0000] {dagbag.py:588} INFO - Filling up the DagBag from /opt/airflow/dags/sample_dag.py
[2024-11-20T06:55:42.915+0000] {processor.py:925} INFO - DAG(s) 'weather_etl' retrieved from /opt/airflow/dags/sample_dag.py
[2024-11-20T06:55:42.932+0000] {logging_mixin.py:190} INFO - [2024-11-20T06:55:42.932+0000] {dag.py:3239} INFO - Sync 1 DAGs
[2024-11-20T06:55:42.944+0000] {logging_mixin.py:190} INFO - [2024-11-20T06:55:42.943+0000] {dag.py:4180} INFO - Setting next_dagrun for weather_etl to 2024-01-02 00:00:00+00:00, run_after=2024-01-03 00:00:00+00:00
[2024-11-20T06:55:42.952+0000] {processor.py:208} INFO - Processing /opt/airflow/dags/sample_dag.py took 0.232 seconds
[2024-11-20T06:56:13.249+0000] {processor.py:186} INFO - Started process (PID=329) to work on /opt/airflow/dags/sample_dag.py
[2024-11-20T06:56:13.250+0000] {processor.py:914} INFO - Processing file /opt/airflow/dags/sample_dag.py for tasks to queue
[2024-11-20T06:56:13.254+0000] {logging_mixin.py:190} INFO - [2024-11-20T06:56:13.254+0000] {dagbag.py:588} INFO - Filling up the DagBag from /opt/airflow/dags/sample_dag.py
[2024-11-20T06:56:13.434+0000] {processor.py:925} INFO - DAG(s) 'weather_etl' retrieved from /opt/airflow/dags/sample_dag.py
[2024-11-20T06:56:13.448+0000] {logging_mixin.py:190} INFO - [2024-11-20T06:56:13.448+0000] {dag.py:3239} INFO - Sync 1 DAGs
[2024-11-20T06:56:13.459+0000] {logging_mixin.py:190} INFO - [2024-11-20T06:56:13.459+0000] {dag.py:4180} INFO - Setting next_dagrun for weather_etl to 2024-01-02 00:00:00+00:00, run_after=2024-01-03 00:00:00+00:00
[2024-11-20T06:56:13.467+0000] {processor.py:208} INFO - Processing /opt/airflow/dags/sample_dag.py took 0.223 seconds
[2024-11-20T06:56:43.711+0000] {processor.py:186} INFO - Started process (PID=338) to work on /opt/airflow/dags/sample_dag.py
[2024-11-20T06:56:43.712+0000] {processor.py:914} INFO - Processing file /opt/airflow/dags/sample_dag.py for tasks to queue
[2024-11-20T06:56:43.716+0000] {logging_mixin.py:190} INFO - [2024-11-20T06:56:43.716+0000] {dagbag.py:588} INFO - Filling up the DagBag from /opt/airflow/dags/sample_dag.py
[2024-11-20T06:56:43.906+0000] {processor.py:925} INFO - DAG(s) 'weather_etl' retrieved from /opt/airflow/dags/sample_dag.py
[2024-11-20T06:56:43.925+0000] {logging_mixin.py:190} INFO - [2024-11-20T06:56:43.925+0000] {dag.py:3239} INFO - Sync 1 DAGs
[2024-11-20T06:56:43.937+0000] {logging_mixin.py:190} INFO - [2024-11-20T06:56:43.937+0000] {dag.py:4180} INFO - Setting next_dagrun for weather_etl to 2024-01-02 00:00:00+00:00, run_after=2024-01-03 00:00:00+00:00
[2024-11-20T06:56:43.947+0000] {processor.py:208} INFO - Processing /opt/airflow/dags/sample_dag.py took 0.240 seconds
[2024-11-20T06:57:14.228+0000] {processor.py:186} INFO - Started process (PID=347) to work on /opt/airflow/dags/sample_dag.py
[2024-11-20T06:57:14.229+0000] {processor.py:914} INFO - Processing file /opt/airflow/dags/sample_dag.py for tasks to queue
[2024-11-20T06:57:14.231+0000] {logging_mixin.py:190} INFO - [2024-11-20T06:57:14.231+0000] {dagbag.py:588} INFO - Filling up the DagBag from /opt/airflow/dags/sample_dag.py
[2024-11-20T06:57:14.401+0000] {processor.py:925} INFO - DAG(s) 'weather_etl' retrieved from /opt/airflow/dags/sample_dag.py
[2024-11-20T06:57:14.415+0000] {logging_mixin.py:190} INFO - [2024-11-20T06:57:14.415+0000] {dag.py:3239} INFO - Sync 1 DAGs
[2024-11-20T06:57:14.426+0000] {logging_mixin.py:190} INFO - [2024-11-20T06:57:14.426+0000] {dag.py:4180} INFO - Setting next_dagrun for weather_etl to 2024-01-02 00:00:00+00:00, run_after=2024-01-03 00:00:00+00:00
[2024-11-20T06:57:14.435+0000] {processor.py:208} INFO - Processing /opt/airflow/dags/sample_dag.py took 0.213 seconds
[2024-11-20T06:57:44.732+0000] {processor.py:186} INFO - Started process (PID=356) to work on /opt/airflow/dags/sample_dag.py
[2024-11-20T06:57:44.733+0000] {processor.py:914} INFO - Processing file /opt/airflow/dags/sample_dag.py for tasks to queue
[2024-11-20T06:57:44.736+0000] {logging_mixin.py:190} INFO - [2024-11-20T06:57:44.736+0000] {dagbag.py:588} INFO - Filling up the DagBag from /opt/airflow/dags/sample_dag.py
[2024-11-20T06:57:44.918+0000] {processor.py:925} INFO - DAG(s) 'weather_etl' retrieved from /opt/airflow/dags/sample_dag.py
[2024-11-20T06:57:44.933+0000] {logging_mixin.py:190} INFO - [2024-11-20T06:57:44.933+0000] {dag.py:3239} INFO - Sync 1 DAGs
[2024-11-20T06:57:44.946+0000] {logging_mixin.py:190} INFO - [2024-11-20T06:57:44.946+0000] {dag.py:4180} INFO - Setting next_dagrun for weather_etl to 2024-01-02 00:00:00+00:00, run_after=2024-01-03 00:00:00+00:00
[2024-11-20T06:57:44.957+0000] {processor.py:208} INFO - Processing /opt/airflow/dags/sample_dag.py took 0.230 seconds
[2024-11-20T06:58:15.267+0000] {processor.py:186} INFO - Started process (PID=365) to work on /opt/airflow/dags/sample_dag.py
[2024-11-20T06:58:15.268+0000] {processor.py:914} INFO - Processing file /opt/airflow/dags/sample_dag.py for tasks to queue
[2024-11-20T06:58:15.269+0000] {logging_mixin.py:190} INFO - [2024-11-20T06:58:15.269+0000] {dagbag.py:588} INFO - Filling up the DagBag from /opt/airflow/dags/sample_dag.py
[2024-11-20T06:58:15.441+0000] {processor.py:925} INFO - DAG(s) 'weather_etl' retrieved from /opt/airflow/dags/sample_dag.py
[2024-11-20T06:58:15.456+0000] {logging_mixin.py:190} INFO - [2024-11-20T06:58:15.455+0000] {dag.py:3239} INFO - Sync 1 DAGs
[2024-11-20T06:58:15.466+0000] {logging_mixin.py:190} INFO - [2024-11-20T06:58:15.466+0000] {dag.py:4180} INFO - Setting next_dagrun for weather_etl to 2024-01-02 00:00:00+00:00, run_after=2024-01-03 00:00:00+00:00
[2024-11-20T06:58:15.475+0000] {processor.py:208} INFO - Processing /opt/airflow/dags/sample_dag.py took 0.213 seconds
[2024-11-20T06:58:45.725+0000] {processor.py:186} INFO - Started process (PID=374) to work on /opt/airflow/dags/sample_dag.py
[2024-11-20T06:58:45.726+0000] {processor.py:914} INFO - Processing file /opt/airflow/dags/sample_dag.py for tasks to queue
[2024-11-20T06:58:45.727+0000] {logging_mixin.py:190} INFO - [2024-11-20T06:58:45.727+0000] {dagbag.py:588} INFO - Filling up the DagBag from /opt/airflow/dags/sample_dag.py
[2024-11-20T06:58:45.900+0000] {processor.py:925} INFO - DAG(s) 'weather_etl' retrieved from /opt/airflow/dags/sample_dag.py
[2024-11-20T06:58:45.915+0000] {logging_mixin.py:190} INFO - [2024-11-20T06:58:45.914+0000] {dag.py:3239} INFO - Sync 1 DAGs
[2024-11-20T06:58:45.925+0000] {logging_mixin.py:190} INFO - [2024-11-20T06:58:45.925+0000] {dag.py:4180} INFO - Setting next_dagrun for weather_etl to 2024-01-02 00:00:00+00:00, run_after=2024-01-03 00:00:00+00:00
[2024-11-20T06:58:45.933+0000] {processor.py:208} INFO - Processing /opt/airflow/dags/sample_dag.py took 0.213 seconds
[2024-11-20T06:59:16.180+0000] {processor.py:186} INFO - Started process (PID=383) to work on /opt/airflow/dags/sample_dag.py
[2024-11-20T06:59:16.181+0000] {processor.py:914} INFO - Processing file /opt/airflow/dags/sample_dag.py for tasks to queue
[2024-11-20T06:59:16.183+0000] {logging_mixin.py:190} INFO - [2024-11-20T06:59:16.182+0000] {dagbag.py:588} INFO - Filling up the DagBag from /opt/airflow/dags/sample_dag.py
[2024-11-20T06:59:16.354+0000] {processor.py:925} INFO - DAG(s) 'weather_etl' retrieved from /opt/airflow/dags/sample_dag.py
[2024-11-20T06:59:16.368+0000] {logging_mixin.py:190} INFO - [2024-11-20T06:59:16.368+0000] {dag.py:3239} INFO - Sync 1 DAGs
[2024-11-20T06:59:16.379+0000] {logging_mixin.py:190} INFO - [2024-11-20T06:59:16.379+0000] {dag.py:4180} INFO - Setting next_dagrun for weather_etl to 2024-01-02 00:00:00+00:00, run_after=2024-01-03 00:00:00+00:00
[2024-11-20T06:59:16.387+0000] {processor.py:208} INFO - Processing /opt/airflow/dags/sample_dag.py took 0.212 seconds
[2024-11-20T06:59:46.619+0000] {processor.py:186} INFO - Started process (PID=392) to work on /opt/airflow/dags/sample_dag.py
[2024-11-20T06:59:46.620+0000] {processor.py:914} INFO - Processing file /opt/airflow/dags/sample_dag.py for tasks to queue
[2024-11-20T06:59:46.622+0000] {logging_mixin.py:190} INFO - [2024-11-20T06:59:46.622+0000] {dagbag.py:588} INFO - Filling up the DagBag from /opt/airflow/dags/sample_dag.py
[2024-11-20T06:59:46.800+0000] {processor.py:925} INFO - DAG(s) 'weather_etl' retrieved from /opt/airflow/dags/sample_dag.py
[2024-11-20T06:59:46.814+0000] {logging_mixin.py:190} INFO - [2024-11-20T06:59:46.814+0000] {dag.py:3239} INFO - Sync 1 DAGs
[2024-11-20T06:59:46.825+0000] {logging_mixin.py:190} INFO - [2024-11-20T06:59:46.825+0000] {dag.py:4180} INFO - Setting next_dagrun for weather_etl to 2024-01-02 00:00:00+00:00, run_after=2024-01-03 00:00:00+00:00
[2024-11-20T06:59:46.834+0000] {processor.py:208} INFO - Processing /opt/airflow/dags/sample_dag.py took 0.219 seconds
[2024-11-20T07:00:17.094+0000] {processor.py:186} INFO - Started process (PID=401) to work on /opt/airflow/dags/sample_dag.py
[2024-11-20T07:00:17.095+0000] {processor.py:914} INFO - Processing file /opt/airflow/dags/sample_dag.py for tasks to queue
[2024-11-20T07:00:17.097+0000] {logging_mixin.py:190} INFO - [2024-11-20T07:00:17.097+0000] {dagbag.py:588} INFO - Filling up the DagBag from /opt/airflow/dags/sample_dag.py
[2024-11-20T07:00:17.270+0000] {processor.py:925} INFO - DAG(s) 'weather_etl' retrieved from /opt/airflow/dags/sample_dag.py
[2024-11-20T07:00:17.284+0000] {logging_mixin.py:190} INFO - [2024-11-20T07:00:17.284+0000] {dag.py:3239} INFO - Sync 1 DAGs
[2024-11-20T07:00:17.296+0000] {logging_mixin.py:190} INFO - [2024-11-20T07:00:17.296+0000] {dag.py:4180} INFO - Setting next_dagrun for weather_etl to 2024-01-02 00:00:00+00:00, run_after=2024-01-03 00:00:00+00:00
[2024-11-20T07:00:17.304+0000] {processor.py:208} INFO - Processing /opt/airflow/dags/sample_dag.py took 0.214 seconds
[2024-11-20T07:00:47.593+0000] {processor.py:186} INFO - Started process (PID=410) to work on /opt/airflow/dags/sample_dag.py
[2024-11-20T07:00:47.594+0000] {processor.py:914} INFO - Processing file /opt/airflow/dags/sample_dag.py for tasks to queue
[2024-11-20T07:00:47.595+0000] {logging_mixin.py:190} INFO - [2024-11-20T07:00:47.595+0000] {dagbag.py:588} INFO - Filling up the DagBag from /opt/airflow/dags/sample_dag.py
[2024-11-20T07:00:47.768+0000] {processor.py:925} INFO - DAG(s) 'weather_etl' retrieved from /opt/airflow/dags/sample_dag.py
[2024-11-20T07:00:47.782+0000] {logging_mixin.py:190} INFO - [2024-11-20T07:00:47.782+0000] {dag.py:3239} INFO - Sync 1 DAGs
[2024-11-20T07:00:47.794+0000] {logging_mixin.py:190} INFO - [2024-11-20T07:00:47.793+0000] {dag.py:4180} INFO - Setting next_dagrun for weather_etl to 2024-01-02 00:00:00+00:00, run_after=2024-01-03 00:00:00+00:00
[2024-11-20T07:00:47.802+0000] {processor.py:208} INFO - Processing /opt/airflow/dags/sample_dag.py took 0.213 seconds
[2024-11-20T07:01:18.145+0000] {processor.py:186} INFO - Started process (PID=419) to work on /opt/airflow/dags/sample_dag.py
[2024-11-20T07:01:18.146+0000] {processor.py:914} INFO - Processing file /opt/airflow/dags/sample_dag.py for tasks to queue
[2024-11-20T07:01:18.150+0000] {logging_mixin.py:190} INFO - [2024-11-20T07:01:18.150+0000] {dagbag.py:588} INFO - Filling up the DagBag from /opt/airflow/dags/sample_dag.py
[2024-11-20T07:01:18.347+0000] {processor.py:925} INFO - DAG(s) 'weather_etl' retrieved from /opt/airflow/dags/sample_dag.py
[2024-11-20T07:01:18.363+0000] {logging_mixin.py:190} INFO - [2024-11-20T07:01:18.363+0000] {dag.py:3239} INFO - Sync 1 DAGs
[2024-11-20T07:01:18.375+0000] {logging_mixin.py:190} INFO - [2024-11-20T07:01:18.375+0000] {dag.py:4180} INFO - Setting next_dagrun for weather_etl to 2024-01-02 00:00:00+00:00, run_after=2024-01-03 00:00:00+00:00
[2024-11-20T07:01:18.384+0000] {processor.py:208} INFO - Processing /opt/airflow/dags/sample_dag.py took 0.244 seconds
[2024-11-20T07:01:48.615+0000] {processor.py:186} INFO - Started process (PID=427) to work on /opt/airflow/dags/sample_dag.py
[2024-11-20T07:01:48.616+0000] {processor.py:914} INFO - Processing file /opt/airflow/dags/sample_dag.py for tasks to queue
[2024-11-20T07:01:48.617+0000] {logging_mixin.py:190} INFO - [2024-11-20T07:01:48.617+0000] {dagbag.py:588} INFO - Filling up the DagBag from /opt/airflow/dags/sample_dag.py
[2024-11-20T07:01:48.791+0000] {processor.py:925} INFO - DAG(s) 'weather_etl' retrieved from /opt/airflow/dags/sample_dag.py
[2024-11-20T07:01:48.806+0000] {logging_mixin.py:190} INFO - [2024-11-20T07:01:48.805+0000] {dag.py:3239} INFO - Sync 1 DAGs
[2024-11-20T07:01:48.817+0000] {logging_mixin.py:190} INFO - [2024-11-20T07:01:48.816+0000] {dag.py:4180} INFO - Setting next_dagrun for weather_etl to 2024-01-02 00:00:00+00:00, run_after=2024-01-03 00:00:00+00:00
[2024-11-20T07:01:48.825+0000] {processor.py:208} INFO - Processing /opt/airflow/dags/sample_dag.py took 0.215 seconds
[2024-11-20T07:02:19.097+0000] {processor.py:186} INFO - Started process (PID=436) to work on /opt/airflow/dags/sample_dag.py
[2024-11-20T07:02:19.098+0000] {processor.py:914} INFO - Processing file /opt/airflow/dags/sample_dag.py for tasks to queue
[2024-11-20T07:02:19.100+0000] {logging_mixin.py:190} INFO - [2024-11-20T07:02:19.100+0000] {dagbag.py:588} INFO - Filling up the DagBag from /opt/airflow/dags/sample_dag.py
[2024-11-20T07:02:19.274+0000] {processor.py:925} INFO - DAG(s) 'weather_etl' retrieved from /opt/airflow/dags/sample_dag.py
[2024-11-20T07:02:19.288+0000] {logging_mixin.py:190} INFO - [2024-11-20T07:02:19.288+0000] {dag.py:3239} INFO - Sync 1 DAGs
[2024-11-20T07:02:19.299+0000] {logging_mixin.py:190} INFO - [2024-11-20T07:02:19.299+0000] {dag.py:4180} INFO - Setting next_dagrun for weather_etl to 2024-01-02 00:00:00+00:00, run_after=2024-01-03 00:00:00+00:00
[2024-11-20T07:02:19.308+0000] {processor.py:208} INFO - Processing /opt/airflow/dags/sample_dag.py took 0.215 seconds
[2024-11-20T07:02:49.613+0000] {processor.py:186} INFO - Started process (PID=445) to work on /opt/airflow/dags/sample_dag.py
[2024-11-20T07:02:49.613+0000] {processor.py:914} INFO - Processing file /opt/airflow/dags/sample_dag.py for tasks to queue
[2024-11-20T07:02:49.616+0000] {logging_mixin.py:190} INFO - [2024-11-20T07:02:49.616+0000] {dagbag.py:588} INFO - Filling up the DagBag from /opt/airflow/dags/sample_dag.py
[2024-11-20T07:02:49.798+0000] {processor.py:925} INFO - DAG(s) 'weather_etl' retrieved from /opt/airflow/dags/sample_dag.py
[2024-11-20T07:02:49.817+0000] {logging_mixin.py:190} INFO - [2024-11-20T07:02:49.817+0000] {dag.py:3239} INFO - Sync 1 DAGs
[2024-11-20T07:02:49.831+0000] {logging_mixin.py:190} INFO - [2024-11-20T07:02:49.830+0000] {dag.py:4180} INFO - Setting next_dagrun for weather_etl to 2024-01-02 00:00:00+00:00, run_after=2024-01-03 00:00:00+00:00
[2024-11-20T07:02:49.840+0000] {processor.py:208} INFO - Processing /opt/airflow/dags/sample_dag.py took 0.232 seconds
[2024-11-20T07:03:20.146+0000] {processor.py:186} INFO - Started process (PID=454) to work on /opt/airflow/dags/sample_dag.py
[2024-11-20T07:03:20.148+0000] {processor.py:914} INFO - Processing file /opt/airflow/dags/sample_dag.py for tasks to queue
[2024-11-20T07:03:20.150+0000] {logging_mixin.py:190} INFO - [2024-11-20T07:03:20.150+0000] {dagbag.py:588} INFO - Filling up the DagBag from /opt/airflow/dags/sample_dag.py
[2024-11-20T07:03:20.350+0000] {processor.py:925} INFO - DAG(s) 'weather_etl' retrieved from /opt/airflow/dags/sample_dag.py
[2024-11-20T07:03:20.367+0000] {logging_mixin.py:190} INFO - [2024-11-20T07:03:20.367+0000] {dag.py:3239} INFO - Sync 1 DAGs
[2024-11-20T07:03:20.380+0000] {logging_mixin.py:190} INFO - [2024-11-20T07:03:20.380+0000] {dag.py:4180} INFO - Setting next_dagrun for weather_etl to 2024-01-02 00:00:00+00:00, run_after=2024-01-03 00:00:00+00:00
[2024-11-20T07:03:20.389+0000] {processor.py:208} INFO - Processing /opt/airflow/dags/sample_dag.py took 0.247 seconds
[2024-11-20T07:03:50.686+0000] {processor.py:186} INFO - Started process (PID=463) to work on /opt/airflow/dags/sample_dag.py
[2024-11-20T07:03:50.687+0000] {processor.py:914} INFO - Processing file /opt/airflow/dags/sample_dag.py for tasks to queue
[2024-11-20T07:03:50.689+0000] {logging_mixin.py:190} INFO - [2024-11-20T07:03:50.688+0000] {dagbag.py:588} INFO - Filling up the DagBag from /opt/airflow/dags/sample_dag.py
[2024-11-20T07:03:50.863+0000] {processor.py:925} INFO - DAG(s) 'weather_etl' retrieved from /opt/airflow/dags/sample_dag.py
[2024-11-20T07:03:50.880+0000] {logging_mixin.py:190} INFO - [2024-11-20T07:03:50.880+0000] {dag.py:3239} INFO - Sync 1 DAGs
[2024-11-20T07:03:50.891+0000] {logging_mixin.py:190} INFO - [2024-11-20T07:03:50.891+0000] {dag.py:4180} INFO - Setting next_dagrun for weather_etl to 2024-01-02 00:00:00+00:00, run_after=2024-01-03 00:00:00+00:00
[2024-11-20T07:03:50.899+0000] {processor.py:208} INFO - Processing /opt/airflow/dags/sample_dag.py took 0.218 seconds
[2024-11-20T07:04:21.187+0000] {processor.py:186} INFO - Started process (PID=472) to work on /opt/airflow/dags/sample_dag.py
[2024-11-20T07:04:21.188+0000] {processor.py:914} INFO - Processing file /opt/airflow/dags/sample_dag.py for tasks to queue
[2024-11-20T07:04:21.190+0000] {logging_mixin.py:190} INFO - [2024-11-20T07:04:21.189+0000] {dagbag.py:588} INFO - Filling up the DagBag from /opt/airflow/dags/sample_dag.py
[2024-11-20T07:04:21.397+0000] {processor.py:925} INFO - DAG(s) 'weather_etl' retrieved from /opt/airflow/dags/sample_dag.py
[2024-11-20T07:04:21.415+0000] {logging_mixin.py:190} INFO - [2024-11-20T07:04:21.415+0000] {dag.py:3239} INFO - Sync 1 DAGs
[2024-11-20T07:04:21.428+0000] {logging_mixin.py:190} INFO - [2024-11-20T07:04:21.428+0000] {dag.py:4180} INFO - Setting next_dagrun for weather_etl to 2024-01-02 00:00:00+00:00, run_after=2024-01-03 00:00:00+00:00
[2024-11-20T07:04:21.437+0000] {processor.py:208} INFO - Processing /opt/airflow/dags/sample_dag.py took 0.255 seconds
[2024-11-20T07:04:51.732+0000] {processor.py:186} INFO - Started process (PID=481) to work on /opt/airflow/dags/sample_dag.py
[2024-11-20T07:04:51.732+0000] {processor.py:914} INFO - Processing file /opt/airflow/dags/sample_dag.py for tasks to queue
[2024-11-20T07:04:51.735+0000] {logging_mixin.py:190} INFO - [2024-11-20T07:04:51.734+0000] {dagbag.py:588} INFO - Filling up the DagBag from /opt/airflow/dags/sample_dag.py
[2024-11-20T07:04:51.918+0000] {processor.py:925} INFO - DAG(s) 'weather_etl' retrieved from /opt/airflow/dags/sample_dag.py
[2024-11-20T07:04:51.933+0000] {logging_mixin.py:190} INFO - [2024-11-20T07:04:51.932+0000] {dag.py:3239} INFO - Sync 1 DAGs
[2024-11-20T07:04:51.943+0000] {logging_mixin.py:190} INFO - [2024-11-20T07:04:51.943+0000] {dag.py:4180} INFO - Setting next_dagrun for weather_etl to 2024-01-02 00:00:00+00:00, run_after=2024-01-03 00:00:00+00:00
[2024-11-20T07:04:51.951+0000] {processor.py:208} INFO - Processing /opt/airflow/dags/sample_dag.py took 0.223 seconds
[2024-11-20T07:05:22.266+0000] {processor.py:186} INFO - Started process (PID=490) to work on /opt/airflow/dags/sample_dag.py
[2024-11-20T07:05:22.267+0000] {processor.py:914} INFO - Processing file /opt/airflow/dags/sample_dag.py for tasks to queue
[2024-11-20T07:05:22.269+0000] {logging_mixin.py:190} INFO - [2024-11-20T07:05:22.269+0000] {dagbag.py:588} INFO - Filling up the DagBag from /opt/airflow/dags/sample_dag.py
[2024-11-20T07:05:22.446+0000] {processor.py:925} INFO - DAG(s) 'weather_etl' retrieved from /opt/airflow/dags/sample_dag.py
[2024-11-20T07:05:22.460+0000] {logging_mixin.py:190} INFO - [2024-11-20T07:05:22.460+0000] {dag.py:3239} INFO - Sync 1 DAGs
[2024-11-20T07:05:22.471+0000] {logging_mixin.py:190} INFO - [2024-11-20T07:05:22.471+0000] {dag.py:4180} INFO - Setting next_dagrun for weather_etl to 2024-01-02 00:00:00+00:00, run_after=2024-01-03 00:00:00+00:00
[2024-11-20T07:05:22.480+0000] {processor.py:208} INFO - Processing /opt/airflow/dags/sample_dag.py took 0.220 seconds
[2024-11-20T07:05:52.798+0000] {processor.py:186} INFO - Started process (PID=499) to work on /opt/airflow/dags/sample_dag.py
[2024-11-20T07:05:52.799+0000] {processor.py:914} INFO - Processing file /opt/airflow/dags/sample_dag.py for tasks to queue
[2024-11-20T07:05:52.801+0000] {logging_mixin.py:190} INFO - [2024-11-20T07:05:52.801+0000] {dagbag.py:588} INFO - Filling up the DagBag from /opt/airflow/dags/sample_dag.py
[2024-11-20T07:05:52.974+0000] {processor.py:925} INFO - DAG(s) 'weather_etl' retrieved from /opt/airflow/dags/sample_dag.py
[2024-11-20T07:05:52.988+0000] {logging_mixin.py:190} INFO - [2024-11-20T07:05:52.988+0000] {dag.py:3239} INFO - Sync 1 DAGs
[2024-11-20T07:05:53.000+0000] {logging_mixin.py:190} INFO - [2024-11-20T07:05:53.000+0000] {dag.py:4180} INFO - Setting next_dagrun for weather_etl to 2024-01-02 00:00:00+00:00, run_after=2024-01-03 00:00:00+00:00
[2024-11-20T07:05:53.008+0000] {processor.py:208} INFO - Processing /opt/airflow/dags/sample_dag.py took 0.216 seconds
[2024-11-20T07:06:23.237+0000] {processor.py:186} INFO - Started process (PID=508) to work on /opt/airflow/dags/sample_dag.py
[2024-11-20T07:06:23.239+0000] {processor.py:914} INFO - Processing file /opt/airflow/dags/sample_dag.py for tasks to queue
[2024-11-20T07:06:23.241+0000] {logging_mixin.py:190} INFO - [2024-11-20T07:06:23.241+0000] {dagbag.py:588} INFO - Filling up the DagBag from /opt/airflow/dags/sample_dag.py
[2024-11-20T07:06:23.414+0000] {processor.py:925} INFO - DAG(s) 'weather_etl' retrieved from /opt/airflow/dags/sample_dag.py
[2024-11-20T07:06:23.430+0000] {logging_mixin.py:190} INFO - [2024-11-20T07:06:23.430+0000] {dag.py:3239} INFO - Sync 1 DAGs
[2024-11-20T07:06:23.442+0000] {logging_mixin.py:190} INFO - [2024-11-20T07:06:23.442+0000] {dag.py:4180} INFO - Setting next_dagrun for weather_etl to 2024-01-02 00:00:00+00:00, run_after=2024-01-03 00:00:00+00:00
[2024-11-20T07:06:23.452+0000] {processor.py:208} INFO - Processing /opt/airflow/dags/sample_dag.py took 0.218 seconds
[2024-11-20T07:06:53.782+0000] {processor.py:186} INFO - Started process (PID=517) to work on /opt/airflow/dags/sample_dag.py
[2024-11-20T07:06:53.782+0000] {processor.py:914} INFO - Processing file /opt/airflow/dags/sample_dag.py for tasks to queue
[2024-11-20T07:06:53.784+0000] {logging_mixin.py:190} INFO - [2024-11-20T07:06:53.784+0000] {dagbag.py:588} INFO - Filling up the DagBag from /opt/airflow/dags/sample_dag.py
[2024-11-20T07:06:53.959+0000] {processor.py:925} INFO - DAG(s) 'weather_etl' retrieved from /opt/airflow/dags/sample_dag.py
[2024-11-20T07:06:53.973+0000] {logging_mixin.py:190} INFO - [2024-11-20T07:06:53.973+0000] {dag.py:3239} INFO - Sync 1 DAGs
[2024-11-20T07:06:53.984+0000] {logging_mixin.py:190} INFO - [2024-11-20T07:06:53.984+0000] {dag.py:4180} INFO - Setting next_dagrun for weather_etl to 2024-01-02 00:00:00+00:00, run_after=2024-01-03 00:00:00+00:00
[2024-11-20T07:06:53.992+0000] {processor.py:208} INFO - Processing /opt/airflow/dags/sample_dag.py took 0.215 seconds
[2024-11-20T07:07:24.384+0000] {processor.py:186} INFO - Started process (PID=526) to work on /opt/airflow/dags/sample_dag.py
[2024-11-20T07:07:24.385+0000] {processor.py:914} INFO - Processing file /opt/airflow/dags/sample_dag.py for tasks to queue
[2024-11-20T07:07:24.386+0000] {logging_mixin.py:190} INFO - [2024-11-20T07:07:24.386+0000] {dagbag.py:588} INFO - Filling up the DagBag from /opt/airflow/dags/sample_dag.py
[2024-11-20T07:07:24.561+0000] {processor.py:925} INFO - DAG(s) 'weather_etl' retrieved from /opt/airflow/dags/sample_dag.py
[2024-11-20T07:07:24.575+0000] {logging_mixin.py:190} INFO - [2024-11-20T07:07:24.575+0000] {dag.py:3239} INFO - Sync 1 DAGs
[2024-11-20T07:07:24.586+0000] {logging_mixin.py:190} INFO - [2024-11-20T07:07:24.586+0000] {dag.py:4180} INFO - Setting next_dagrun for weather_etl to 2024-01-02 00:00:00+00:00, run_after=2024-01-03 00:00:00+00:00
[2024-11-20T07:07:24.594+0000] {processor.py:208} INFO - Processing /opt/airflow/dags/sample_dag.py took 0.215 seconds
[2024-11-20T07:07:54.879+0000] {processor.py:186} INFO - Started process (PID=535) to work on /opt/airflow/dags/sample_dag.py
[2024-11-20T07:07:54.880+0000] {processor.py:914} INFO - Processing file /opt/airflow/dags/sample_dag.py for tasks to queue
[2024-11-20T07:07:54.881+0000] {logging_mixin.py:190} INFO - [2024-11-20T07:07:54.881+0000] {dagbag.py:588} INFO - Filling up the DagBag from /opt/airflow/dags/sample_dag.py
[2024-11-20T07:07:55.064+0000] {processor.py:925} INFO - DAG(s) 'weather_etl' retrieved from /opt/airflow/dags/sample_dag.py
[2024-11-20T07:07:55.079+0000] {logging_mixin.py:190} INFO - [2024-11-20T07:07:55.079+0000] {dag.py:3239} INFO - Sync 1 DAGs
[2024-11-20T07:07:55.090+0000] {logging_mixin.py:190} INFO - [2024-11-20T07:07:55.090+0000] {dag.py:4180} INFO - Setting next_dagrun for weather_etl to 2024-01-02 00:00:00+00:00, run_after=2024-01-03 00:00:00+00:00
[2024-11-20T07:07:55.099+0000] {processor.py:208} INFO - Processing /opt/airflow/dags/sample_dag.py took 0.225 seconds
[2024-11-20T07:08:25.373+0000] {processor.py:186} INFO - Started process (PID=544) to work on /opt/airflow/dags/sample_dag.py
[2024-11-20T07:08:25.375+0000] {processor.py:914} INFO - Processing file /opt/airflow/dags/sample_dag.py for tasks to queue
[2024-11-20T07:08:25.377+0000] {logging_mixin.py:190} INFO - [2024-11-20T07:08:25.377+0000] {dagbag.py:588} INFO - Filling up the DagBag from /opt/airflow/dags/sample_dag.py
[2024-11-20T07:08:25.558+0000] {processor.py:925} INFO - DAG(s) 'weather_etl' retrieved from /opt/airflow/dags/sample_dag.py
[2024-11-20T07:08:25.572+0000] {logging_mixin.py:190} INFO - [2024-11-20T07:08:25.572+0000] {dag.py:3239} INFO - Sync 1 DAGs
[2024-11-20T07:08:25.584+0000] {logging_mixin.py:190} INFO - [2024-11-20T07:08:25.584+0000] {dag.py:4180} INFO - Setting next_dagrun for weather_etl to 2024-01-02 00:00:00+00:00, run_after=2024-01-03 00:00:00+00:00
[2024-11-20T07:08:25.592+0000] {processor.py:208} INFO - Processing /opt/airflow/dags/sample_dag.py took 0.223 seconds
[2024-11-20T07:08:55.809+0000] {processor.py:186} INFO - Started process (PID=553) to work on /opt/airflow/dags/sample_dag.py
[2024-11-20T07:08:55.810+0000] {processor.py:914} INFO - Processing file /opt/airflow/dags/sample_dag.py for tasks to queue
[2024-11-20T07:08:55.817+0000] {logging_mixin.py:190} INFO - [2024-11-20T07:08:55.816+0000] {dagbag.py:588} INFO - Filling up the DagBag from /opt/airflow/dags/sample_dag.py
[2024-11-20T07:08:55.993+0000] {processor.py:925} INFO - DAG(s) 'weather_etl' retrieved from /opt/airflow/dags/sample_dag.py
[2024-11-20T07:08:56.007+0000] {logging_mixin.py:190} INFO - [2024-11-20T07:08:56.007+0000] {dag.py:3239} INFO - Sync 1 DAGs
[2024-11-20T07:08:56.019+0000] {logging_mixin.py:190} INFO - [2024-11-20T07:08:56.019+0000] {dag.py:4180} INFO - Setting next_dagrun for weather_etl to 2024-01-02 00:00:00+00:00, run_after=2024-01-03 00:00:00+00:00
[2024-11-20T07:08:56.027+0000] {processor.py:208} INFO - Processing /opt/airflow/dags/sample_dag.py took 0.223 seconds
[2024-11-20T07:09:26.301+0000] {processor.py:186} INFO - Started process (PID=562) to work on /opt/airflow/dags/sample_dag.py
[2024-11-20T07:09:26.302+0000] {processor.py:914} INFO - Processing file /opt/airflow/dags/sample_dag.py for tasks to queue
[2024-11-20T07:09:26.303+0000] {logging_mixin.py:190} INFO - [2024-11-20T07:09:26.303+0000] {dagbag.py:588} INFO - Filling up the DagBag from /opt/airflow/dags/sample_dag.py
[2024-11-20T07:09:26.484+0000] {processor.py:925} INFO - DAG(s) 'weather_etl' retrieved from /opt/airflow/dags/sample_dag.py
[2024-11-20T07:09:26.499+0000] {logging_mixin.py:190} INFO - [2024-11-20T07:09:26.499+0000] {dag.py:3239} INFO - Sync 1 DAGs
[2024-11-20T07:09:26.510+0000] {logging_mixin.py:190} INFO - [2024-11-20T07:09:26.510+0000] {dag.py:4180} INFO - Setting next_dagrun for weather_etl to 2024-01-02 00:00:00+00:00, run_after=2024-01-03 00:00:00+00:00
[2024-11-20T07:09:26.518+0000] {processor.py:208} INFO - Processing /opt/airflow/dags/sample_dag.py took 0.222 seconds
[2024-11-20T07:09:56.821+0000] {processor.py:186} INFO - Started process (PID=571) to work on /opt/airflow/dags/sample_dag.py
[2024-11-20T07:09:56.822+0000] {processor.py:914} INFO - Processing file /opt/airflow/dags/sample_dag.py for tasks to queue
[2024-11-20T07:09:56.825+0000] {logging_mixin.py:190} INFO - [2024-11-20T07:09:56.824+0000] {dagbag.py:588} INFO - Filling up the DagBag from /opt/airflow/dags/sample_dag.py
[2024-11-20T07:09:56.995+0000] {processor.py:925} INFO - DAG(s) 'weather_etl' retrieved from /opt/airflow/dags/sample_dag.py
[2024-11-20T07:09:57.009+0000] {logging_mixin.py:190} INFO - [2024-11-20T07:09:57.009+0000] {dag.py:3239} INFO - Sync 1 DAGs
[2024-11-20T07:09:57.020+0000] {logging_mixin.py:190} INFO - [2024-11-20T07:09:57.019+0000] {dag.py:4180} INFO - Setting next_dagrun for weather_etl to 2024-01-02 00:00:00+00:00, run_after=2024-01-03 00:00:00+00:00
[2024-11-20T07:09:57.028+0000] {processor.py:208} INFO - Processing /opt/airflow/dags/sample_dag.py took 0.212 seconds
[2024-11-20T07:10:27.339+0000] {processor.py:186} INFO - Started process (PID=580) to work on /opt/airflow/dags/sample_dag.py
[2024-11-20T07:10:27.340+0000] {processor.py:914} INFO - Processing file /opt/airflow/dags/sample_dag.py for tasks to queue
[2024-11-20T07:10:27.342+0000] {logging_mixin.py:190} INFO - [2024-11-20T07:10:27.342+0000] {dagbag.py:588} INFO - Filling up the DagBag from /opt/airflow/dags/sample_dag.py
[2024-11-20T07:10:27.513+0000] {processor.py:925} INFO - DAG(s) 'weather_etl' retrieved from /opt/airflow/dags/sample_dag.py
[2024-11-20T07:10:27.528+0000] {logging_mixin.py:190} INFO - [2024-11-20T07:10:27.528+0000] {dag.py:3239} INFO - Sync 1 DAGs
[2024-11-20T07:10:27.539+0000] {logging_mixin.py:190} INFO - [2024-11-20T07:10:27.539+0000] {dag.py:4180} INFO - Setting next_dagrun for weather_etl to 2024-01-02 00:00:00+00:00, run_after=2024-01-03 00:00:00+00:00
[2024-11-20T07:10:27.548+0000] {processor.py:208} INFO - Processing /opt/airflow/dags/sample_dag.py took 0.214 seconds
[2024-11-20T07:10:57.853+0000] {processor.py:186} INFO - Started process (PID=589) to work on /opt/airflow/dags/sample_dag.py
[2024-11-20T07:10:57.854+0000] {processor.py:914} INFO - Processing file /opt/airflow/dags/sample_dag.py for tasks to queue
[2024-11-20T07:10:57.855+0000] {logging_mixin.py:190} INFO - [2024-11-20T07:10:57.855+0000] {dagbag.py:588} INFO - Filling up the DagBag from /opt/airflow/dags/sample_dag.py
[2024-11-20T07:10:58.027+0000] {processor.py:925} INFO - DAG(s) 'weather_etl' retrieved from /opt/airflow/dags/sample_dag.py
[2024-11-20T07:10:58.042+0000] {logging_mixin.py:190} INFO - [2024-11-20T07:10:58.042+0000] {dag.py:3239} INFO - Sync 1 DAGs
[2024-11-20T07:10:58.054+0000] {logging_mixin.py:190} INFO - [2024-11-20T07:10:58.054+0000] {dag.py:4180} INFO - Setting next_dagrun for weather_etl to 2024-01-02 00:00:00+00:00, run_after=2024-01-03 00:00:00+00:00
[2024-11-20T07:10:58.062+0000] {processor.py:208} INFO - Processing /opt/airflow/dags/sample_dag.py took 0.215 seconds
[2024-11-20T07:11:28.370+0000] {processor.py:186} INFO - Started process (PID=598) to work on /opt/airflow/dags/sample_dag.py
[2024-11-20T07:11:28.371+0000] {processor.py:914} INFO - Processing file /opt/airflow/dags/sample_dag.py for tasks to queue
[2024-11-20T07:11:28.373+0000] {logging_mixin.py:190} INFO - [2024-11-20T07:11:28.373+0000] {dagbag.py:588} INFO - Filling up the DagBag from /opt/airflow/dags/sample_dag.py
[2024-11-20T07:11:28.541+0000] {processor.py:925} INFO - DAG(s) 'weather_etl' retrieved from /opt/airflow/dags/sample_dag.py
[2024-11-20T07:11:28.559+0000] {logging_mixin.py:190} INFO - [2024-11-20T07:11:28.558+0000] {dag.py:3239} INFO - Sync 1 DAGs
[2024-11-20T07:11:28.577+0000] {logging_mixin.py:190} INFO - [2024-11-20T07:11:28.577+0000] {dag.py:4180} INFO - Setting next_dagrun for weather_etl to 2024-01-02 00:00:00+00:00, run_after=2024-01-03 00:00:00+00:00
[2024-11-20T07:11:28.587+0000] {processor.py:208} INFO - Processing /opt/airflow/dags/sample_dag.py took 0.221 seconds
[2024-11-20T07:11:58.908+0000] {processor.py:186} INFO - Started process (PID=607) to work on /opt/airflow/dags/sample_dag.py
[2024-11-20T07:11:58.909+0000] {processor.py:914} INFO - Processing file /opt/airflow/dags/sample_dag.py for tasks to queue
[2024-11-20T07:11:58.910+0000] {logging_mixin.py:190} INFO - [2024-11-20T07:11:58.910+0000] {dagbag.py:588} INFO - Filling up the DagBag from /opt/airflow/dags/sample_dag.py
[2024-11-20T07:11:59.082+0000] {processor.py:925} INFO - DAG(s) 'weather_etl' retrieved from /opt/airflow/dags/sample_dag.py
[2024-11-20T07:11:59.097+0000] {logging_mixin.py:190} INFO - [2024-11-20T07:11:59.097+0000] {dag.py:3239} INFO - Sync 1 DAGs
[2024-11-20T07:11:59.108+0000] {logging_mixin.py:190} INFO - [2024-11-20T07:11:59.108+0000] {dag.py:4180} INFO - Setting next_dagrun for weather_etl to 2024-01-02 00:00:00+00:00, run_after=2024-01-03 00:00:00+00:00
[2024-11-20T07:11:59.116+0000] {processor.py:208} INFO - Processing /opt/airflow/dags/sample_dag.py took 0.213 seconds
[2024-11-20T07:12:29.382+0000] {processor.py:186} INFO - Started process (PID=616) to work on /opt/airflow/dags/sample_dag.py
[2024-11-20T07:12:29.383+0000] {processor.py:914} INFO - Processing file /opt/airflow/dags/sample_dag.py for tasks to queue
[2024-11-20T07:12:29.386+0000] {logging_mixin.py:190} INFO - [2024-11-20T07:12:29.385+0000] {dagbag.py:588} INFO - Filling up the DagBag from /opt/airflow/dags/sample_dag.py
[2024-11-20T07:12:29.567+0000] {processor.py:925} INFO - DAG(s) 'weather_etl' retrieved from /opt/airflow/dags/sample_dag.py
[2024-11-20T07:12:29.581+0000] {logging_mixin.py:190} INFO - [2024-11-20T07:12:29.581+0000] {dag.py:3239} INFO - Sync 1 DAGs
[2024-11-20T07:12:29.592+0000] {logging_mixin.py:190} INFO - [2024-11-20T07:12:29.592+0000] {dag.py:4180} INFO - Setting next_dagrun for weather_etl to 2024-01-02 00:00:00+00:00, run_after=2024-01-03 00:00:00+00:00
[2024-11-20T07:12:29.600+0000] {processor.py:208} INFO - Processing /opt/airflow/dags/sample_dag.py took 0.223 seconds
[2024-11-20T07:12:59.911+0000] {processor.py:186} INFO - Started process (PID=625) to work on /opt/airflow/dags/sample_dag.py
[2024-11-20T07:12:59.913+0000] {processor.py:914} INFO - Processing file /opt/airflow/dags/sample_dag.py for tasks to queue
[2024-11-20T07:12:59.915+0000] {logging_mixin.py:190} INFO - [2024-11-20T07:12:59.914+0000] {dagbag.py:588} INFO - Filling up the DagBag from /opt/airflow/dags/sample_dag.py
[2024-11-20T07:13:00.086+0000] {processor.py:925} INFO - DAG(s) 'weather_etl' retrieved from /opt/airflow/dags/sample_dag.py
[2024-11-20T07:13:00.100+0000] {logging_mixin.py:190} INFO - [2024-11-20T07:13:00.100+0000] {dag.py:3239} INFO - Sync 1 DAGs
[2024-11-20T07:13:00.112+0000] {logging_mixin.py:190} INFO - [2024-11-20T07:13:00.112+0000] {dag.py:4180} INFO - Setting next_dagrun for weather_etl to 2024-01-02 00:00:00+00:00, run_after=2024-01-03 00:00:00+00:00
[2024-11-20T07:13:00.120+0000] {processor.py:208} INFO - Processing /opt/airflow/dags/sample_dag.py took 0.214 seconds
[2024-11-20T07:13:30.375+0000] {processor.py:186} INFO - Started process (PID=634) to work on /opt/airflow/dags/sample_dag.py
[2024-11-20T07:13:30.376+0000] {processor.py:914} INFO - Processing file /opt/airflow/dags/sample_dag.py for tasks to queue
[2024-11-20T07:13:30.378+0000] {logging_mixin.py:190} INFO - [2024-11-20T07:13:30.378+0000] {dagbag.py:588} INFO - Filling up the DagBag from /opt/airflow/dags/sample_dag.py
[2024-11-20T07:13:30.566+0000] {processor.py:925} INFO - DAG(s) 'weather_etl' retrieved from /opt/airflow/dags/sample_dag.py
[2024-11-20T07:13:30.586+0000] {logging_mixin.py:190} INFO - [2024-11-20T07:13:30.586+0000] {dag.py:3239} INFO - Sync 1 DAGs
[2024-11-20T07:13:30.599+0000] {logging_mixin.py:190} INFO - [2024-11-20T07:13:30.598+0000] {dag.py:4180} INFO - Setting next_dagrun for weather_etl to 2024-01-02 00:00:00+00:00, run_after=2024-01-03 00:00:00+00:00
[2024-11-20T07:13:30.607+0000] {processor.py:208} INFO - Processing /opt/airflow/dags/sample_dag.py took 0.237 seconds
[2024-11-20T07:14:00.888+0000] {processor.py:186} INFO - Started process (PID=643) to work on /opt/airflow/dags/sample_dag.py
[2024-11-20T07:14:00.889+0000] {processor.py:914} INFO - Processing file /opt/airflow/dags/sample_dag.py for tasks to queue
[2024-11-20T07:14:00.892+0000] {logging_mixin.py:190} INFO - [2024-11-20T07:14:00.892+0000] {dagbag.py:588} INFO - Filling up the DagBag from /opt/airflow/dags/sample_dag.py
[2024-11-20T07:14:01.084+0000] {processor.py:925} INFO - DAG(s) 'weather_etl' retrieved from /opt/airflow/dags/sample_dag.py
[2024-11-20T07:14:01.101+0000] {logging_mixin.py:190} INFO - [2024-11-20T07:14:01.101+0000] {dag.py:3239} INFO - Sync 1 DAGs
[2024-11-20T07:14:01.114+0000] {logging_mixin.py:190} INFO - [2024-11-20T07:14:01.114+0000] {dag.py:4180} INFO - Setting next_dagrun for weather_etl to 2024-01-02 00:00:00+00:00, run_after=2024-01-03 00:00:00+00:00
[2024-11-20T07:14:01.123+0000] {processor.py:208} INFO - Processing /opt/airflow/dags/sample_dag.py took 0.240 seconds
[2024-11-20T07:14:31.430+0000] {processor.py:186} INFO - Started process (PID=652) to work on /opt/airflow/dags/sample_dag.py
[2024-11-20T07:14:31.431+0000] {processor.py:914} INFO - Processing file /opt/airflow/dags/sample_dag.py for tasks to queue
[2024-11-20T07:14:31.434+0000] {logging_mixin.py:190} INFO - [2024-11-20T07:14:31.434+0000] {dagbag.py:588} INFO - Filling up the DagBag from /opt/airflow/dags/sample_dag.py
[2024-11-20T07:14:31.657+0000] {processor.py:925} INFO - DAG(s) 'weather_etl' retrieved from /opt/airflow/dags/sample_dag.py
[2024-11-20T07:14:31.675+0000] {logging_mixin.py:190} INFO - [2024-11-20T07:14:31.675+0000] {dag.py:3239} INFO - Sync 1 DAGs
[2024-11-20T07:14:31.688+0000] {logging_mixin.py:190} INFO - [2024-11-20T07:14:31.688+0000] {dag.py:4180} INFO - Setting next_dagrun for weather_etl to 2024-01-02 00:00:00+00:00, run_after=2024-01-03 00:00:00+00:00
[2024-11-20T07:14:31.697+0000] {processor.py:208} INFO - Processing /opt/airflow/dags/sample_dag.py took 0.271 seconds
[2024-11-20T07:15:01.998+0000] {processor.py:186} INFO - Started process (PID=667) to work on /opt/airflow/dags/sample_dag.py
[2024-11-20T07:15:01.999+0000] {processor.py:914} INFO - Processing file /opt/airflow/dags/sample_dag.py for tasks to queue
[2024-11-20T07:15:02.001+0000] {logging_mixin.py:190} INFO - [2024-11-20T07:15:02.001+0000] {dagbag.py:588} INFO - Filling up the DagBag from /opt/airflow/dags/sample_dag.py
[2024-11-20T07:15:02.174+0000] {processor.py:925} INFO - DAG(s) 'weather_etl' retrieved from /opt/airflow/dags/sample_dag.py
[2024-11-20T07:15:02.189+0000] {logging_mixin.py:190} INFO - [2024-11-20T07:15:02.189+0000] {dag.py:3239} INFO - Sync 1 DAGs
[2024-11-20T07:15:02.200+0000] {logging_mixin.py:190} INFO - [2024-11-20T07:15:02.200+0000] {dag.py:4180} INFO - Setting next_dagrun for weather_etl to 2024-01-02 00:00:00+00:00, run_after=2024-01-03 00:00:00+00:00
[2024-11-20T07:15:02.208+0000] {processor.py:208} INFO - Processing /opt/airflow/dags/sample_dag.py took 0.216 seconds
[2024-11-20T07:15:32.508+0000] {processor.py:186} INFO - Started process (PID=676) to work on /opt/airflow/dags/sample_dag.py
[2024-11-20T07:15:32.508+0000] {processor.py:914} INFO - Processing file /opt/airflow/dags/sample_dag.py for tasks to queue
[2024-11-20T07:15:32.511+0000] {logging_mixin.py:190} INFO - [2024-11-20T07:15:32.511+0000] {dagbag.py:588} INFO - Filling up the DagBag from /opt/airflow/dags/sample_dag.py
[2024-11-20T07:15:32.685+0000] {processor.py:925} INFO - DAG(s) 'weather_etl' retrieved from /opt/airflow/dags/sample_dag.py
[2024-11-20T07:15:32.699+0000] {logging_mixin.py:190} INFO - [2024-11-20T07:15:32.699+0000] {dag.py:3239} INFO - Sync 1 DAGs
[2024-11-20T07:15:32.710+0000] {logging_mixin.py:190} INFO - [2024-11-20T07:15:32.709+0000] {dag.py:4180} INFO - Setting next_dagrun for weather_etl to 2024-01-02 00:00:00+00:00, run_after=2024-01-03 00:00:00+00:00
[2024-11-20T07:15:32.718+0000] {processor.py:208} INFO - Processing /opt/airflow/dags/sample_dag.py took 0.216 seconds
[2024-11-20T07:16:03.026+0000] {processor.py:186} INFO - Started process (PID=685) to work on /opt/airflow/dags/sample_dag.py
[2024-11-20T07:16:03.027+0000] {processor.py:914} INFO - Processing file /opt/airflow/dags/sample_dag.py for tasks to queue
[2024-11-20T07:16:03.029+0000] {logging_mixin.py:190} INFO - [2024-11-20T07:16:03.029+0000] {dagbag.py:588} INFO - Filling up the DagBag from /opt/airflow/dags/sample_dag.py
[2024-11-20T07:16:03.200+0000] {processor.py:925} INFO - DAG(s) 'weather_etl' retrieved from /opt/airflow/dags/sample_dag.py
[2024-11-20T07:16:03.214+0000] {logging_mixin.py:190} INFO - [2024-11-20T07:16:03.214+0000] {dag.py:3239} INFO - Sync 1 DAGs
[2024-11-20T07:16:03.225+0000] {logging_mixin.py:190} INFO - [2024-11-20T07:16:03.225+0000] {dag.py:4180} INFO - Setting next_dagrun for weather_etl to 2024-01-02 00:00:00+00:00, run_after=2024-01-03 00:00:00+00:00
[2024-11-20T07:16:03.233+0000] {processor.py:208} INFO - Processing /opt/airflow/dags/sample_dag.py took 0.212 seconds
[2024-11-20T07:16:33.561+0000] {processor.py:186} INFO - Started process (PID=694) to work on /opt/airflow/dags/sample_dag.py
[2024-11-20T07:16:33.562+0000] {processor.py:914} INFO - Processing file /opt/airflow/dags/sample_dag.py for tasks to queue
[2024-11-20T07:16:33.564+0000] {logging_mixin.py:190} INFO - [2024-11-20T07:16:33.564+0000] {dagbag.py:588} INFO - Filling up the DagBag from /opt/airflow/dags/sample_dag.py
[2024-11-20T07:16:33.741+0000] {processor.py:925} INFO - DAG(s) 'weather_etl' retrieved from /opt/airflow/dags/sample_dag.py
[2024-11-20T07:16:33.755+0000] {logging_mixin.py:190} INFO - [2024-11-20T07:16:33.755+0000] {dag.py:3239} INFO - Sync 1 DAGs
[2024-11-20T07:16:33.767+0000] {logging_mixin.py:190} INFO - [2024-11-20T07:16:33.767+0000] {dag.py:4180} INFO - Setting next_dagrun for weather_etl to 2024-01-02 00:00:00+00:00, run_after=2024-01-03 00:00:00+00:00
[2024-11-20T07:16:33.775+0000] {processor.py:208} INFO - Processing /opt/airflow/dags/sample_dag.py took 0.219 seconds
[2024-11-20T07:17:04.083+0000] {processor.py:186} INFO - Started process (PID=703) to work on /opt/airflow/dags/sample_dag.py
[2024-11-20T07:17:04.084+0000] {processor.py:914} INFO - Processing file /opt/airflow/dags/sample_dag.py for tasks to queue
[2024-11-20T07:17:04.087+0000] {logging_mixin.py:190} INFO - [2024-11-20T07:17:04.086+0000] {dagbag.py:588} INFO - Filling up the DagBag from /opt/airflow/dags/sample_dag.py
[2024-11-20T07:17:04.287+0000] {processor.py:925} INFO - DAG(s) 'weather_etl' retrieved from /opt/airflow/dags/sample_dag.py
[2024-11-20T07:17:04.307+0000] {logging_mixin.py:190} INFO - [2024-11-20T07:17:04.307+0000] {dag.py:3239} INFO - Sync 1 DAGs
[2024-11-20T07:17:04.320+0000] {logging_mixin.py:190} INFO - [2024-11-20T07:17:04.320+0000] {dag.py:4180} INFO - Setting next_dagrun for weather_etl to 2024-01-02 00:00:00+00:00, run_after=2024-01-03 00:00:00+00:00
[2024-11-20T07:17:04.330+0000] {processor.py:208} INFO - Processing /opt/airflow/dags/sample_dag.py took 0.251 seconds
[2024-11-20T07:17:34.614+0000] {processor.py:186} INFO - Started process (PID=712) to work on /opt/airflow/dags/sample_dag.py
[2024-11-20T07:17:34.615+0000] {processor.py:914} INFO - Processing file /opt/airflow/dags/sample_dag.py for tasks to queue
[2024-11-20T07:17:34.616+0000] {logging_mixin.py:190} INFO - [2024-11-20T07:17:34.616+0000] {dagbag.py:588} INFO - Filling up the DagBag from /opt/airflow/dags/sample_dag.py
[2024-11-20T07:17:34.789+0000] {processor.py:925} INFO - DAG(s) 'weather_etl' retrieved from /opt/airflow/dags/sample_dag.py
[2024-11-20T07:17:34.802+0000] {logging_mixin.py:190} INFO - [2024-11-20T07:17:34.802+0000] {dag.py:3239} INFO - Sync 1 DAGs
[2024-11-20T07:17:34.812+0000] {logging_mixin.py:190} INFO - [2024-11-20T07:17:34.812+0000] {dag.py:4180} INFO - Setting next_dagrun for weather_etl to 2024-01-02 00:00:00+00:00, run_after=2024-01-03 00:00:00+00:00
[2024-11-20T07:17:34.820+0000] {processor.py:208} INFO - Processing /opt/airflow/dags/sample_dag.py took 0.209 seconds
[2024-11-20T07:18:05.134+0000] {processor.py:186} INFO - Started process (PID=721) to work on /opt/airflow/dags/sample_dag.py
[2024-11-20T07:18:05.134+0000] {processor.py:914} INFO - Processing file /opt/airflow/dags/sample_dag.py for tasks to queue
[2024-11-20T07:18:05.136+0000] {logging_mixin.py:190} INFO - [2024-11-20T07:18:05.136+0000] {dagbag.py:588} INFO - Filling up the DagBag from /opt/airflow/dags/sample_dag.py
[2024-11-20T07:18:05.308+0000] {processor.py:925} INFO - DAG(s) 'weather_etl' retrieved from /opt/airflow/dags/sample_dag.py
[2024-11-20T07:18:05.322+0000] {logging_mixin.py:190} INFO - [2024-11-20T07:18:05.322+0000] {dag.py:3239} INFO - Sync 1 DAGs
[2024-11-20T07:18:05.333+0000] {logging_mixin.py:190} INFO - [2024-11-20T07:18:05.333+0000] {dag.py:4180} INFO - Setting next_dagrun for weather_etl to 2024-01-02 00:00:00+00:00, run_after=2024-01-03 00:00:00+00:00
[2024-11-20T07:18:05.341+0000] {processor.py:208} INFO - Processing /opt/airflow/dags/sample_dag.py took 0.212 seconds
