[2024-11-26T20:15:07.577+0000] {processor.py:186} INFO - Started process (PID=44) to work on /opt/airflow/dags/sample_aws_connection.py
[2024-11-26T20:15:07.578+0000] {processor.py:914} INFO - Processing file /opt/airflow/dags/sample_aws_connection.py for tasks to queue
[2024-11-26T20:15:07.580+0000] {logging_mixin.py:190} INFO - [2024-11-26T20:15:07.579+0000] {dagbag.py:588} INFO - Filling up the DagBag from /opt/airflow/dags/sample_aws_connection.py
[2024-11-26T20:15:08.100+0000] {processor.py:925} INFO - DAG(s) 's3_conn_dag' retrieved from /opt/airflow/dags/sample_aws_connection.py
[2024-11-26T20:15:08.123+0000] {logging_mixin.py:190} INFO - [2024-11-26T20:15:08.122+0000] {dag.py:3239} INFO - Sync 1 DAGs
[2024-11-26T20:15:08.137+0000] {logging_mixin.py:190} INFO - [2024-11-26T20:15:08.137+0000] {dag.py:4180} INFO - Setting next_dagrun for s3_conn_dag to None, run_after=None
[2024-11-26T20:15:08.146+0000] {processor.py:208} INFO - Processing /opt/airflow/dags/sample_aws_connection.py took 0.575 seconds
[2024-11-26T20:15:38.811+0000] {processor.py:186} INFO - Started process (PID=53) to work on /opt/airflow/dags/sample_aws_connection.py
[2024-11-26T20:15:38.811+0000] {processor.py:914} INFO - Processing file /opt/airflow/dags/sample_aws_connection.py for tasks to queue
[2024-11-26T20:15:38.814+0000] {logging_mixin.py:190} INFO - [2024-11-26T20:15:38.814+0000] {dagbag.py:588} INFO - Filling up the DagBag from /opt/airflow/dags/sample_aws_connection.py
[2024-11-26T20:15:39.088+0000] {processor.py:925} INFO - DAG(s) 's3_conn_dag' retrieved from /opt/airflow/dags/sample_aws_connection.py
[2024-11-26T20:15:39.111+0000] {logging_mixin.py:190} INFO - [2024-11-26T20:15:39.111+0000] {dag.py:3239} INFO - Sync 1 DAGs
[2024-11-26T20:15:39.125+0000] {logging_mixin.py:190} INFO - [2024-11-26T20:15:39.125+0000] {dag.py:4180} INFO - Setting next_dagrun for s3_conn_dag to None, run_after=None
[2024-11-26T20:15:39.136+0000] {processor.py:208} INFO - Processing /opt/airflow/dags/sample_aws_connection.py took 0.329 seconds
[2024-11-26T20:16:09.341+0000] {processor.py:186} INFO - Started process (PID=62) to work on /opt/airflow/dags/sample_aws_connection.py
[2024-11-26T20:16:09.342+0000] {processor.py:914} INFO - Processing file /opt/airflow/dags/sample_aws_connection.py for tasks to queue
[2024-11-26T20:16:09.344+0000] {logging_mixin.py:190} INFO - [2024-11-26T20:16:09.344+0000] {dagbag.py:588} INFO - Filling up the DagBag from /opt/airflow/dags/sample_aws_connection.py
[2024-11-26T20:16:09.523+0000] {processor.py:925} INFO - DAG(s) 's3_conn_dag' retrieved from /opt/airflow/dags/sample_aws_connection.py
[2024-11-26T20:16:09.537+0000] {logging_mixin.py:190} INFO - [2024-11-26T20:16:09.536+0000] {dag.py:3239} INFO - Sync 1 DAGs
[2024-11-26T20:16:09.548+0000] {logging_mixin.py:190} INFO - [2024-11-26T20:16:09.547+0000] {dag.py:4180} INFO - Setting next_dagrun for s3_conn_dag to None, run_after=None
[2024-11-26T20:16:09.556+0000] {processor.py:208} INFO - Processing /opt/airflow/dags/sample_aws_connection.py took 0.220 seconds
[2024-11-26T20:16:40.207+0000] {processor.py:186} INFO - Started process (PID=77) to work on /opt/airflow/dags/sample_aws_connection.py
[2024-11-26T20:16:40.208+0000] {processor.py:914} INFO - Processing file /opt/airflow/dags/sample_aws_connection.py for tasks to queue
[2024-11-26T20:16:40.210+0000] {logging_mixin.py:190} INFO - [2024-11-26T20:16:40.210+0000] {dagbag.py:588} INFO - Filling up the DagBag from /opt/airflow/dags/sample_aws_connection.py
[2024-11-26T20:16:40.413+0000] {processor.py:925} INFO - DAG(s) 's3_conn_dag' retrieved from /opt/airflow/dags/sample_aws_connection.py
[2024-11-26T20:16:40.426+0000] {logging_mixin.py:190} INFO - [2024-11-26T20:16:40.425+0000] {dag.py:3239} INFO - Sync 1 DAGs
[2024-11-26T20:16:40.436+0000] {logging_mixin.py:190} INFO - [2024-11-26T20:16:40.436+0000] {dag.py:4180} INFO - Setting next_dagrun for s3_conn_dag to None, run_after=None
[2024-11-26T20:16:40.445+0000] {processor.py:208} INFO - Processing /opt/airflow/dags/sample_aws_connection.py took 0.246 seconds
[2024-11-26T20:17:10.840+0000] {processor.py:186} INFO - Started process (PID=85) to work on /opt/airflow/dags/sample_aws_connection.py
[2024-11-26T20:17:10.841+0000] {processor.py:914} INFO - Processing file /opt/airflow/dags/sample_aws_connection.py for tasks to queue
[2024-11-26T20:17:10.843+0000] {logging_mixin.py:190} INFO - [2024-11-26T20:17:10.843+0000] {dagbag.py:588} INFO - Filling up the DagBag from /opt/airflow/dags/sample_aws_connection.py
[2024-11-26T20:17:11.077+0000] {processor.py:925} INFO - DAG(s) 's3_conn_dag' retrieved from /opt/airflow/dags/sample_aws_connection.py
[2024-11-26T20:17:11.127+0000] {logging_mixin.py:190} INFO - [2024-11-26T20:17:11.126+0000] {dag.py:3239} INFO - Sync 1 DAGs
[2024-11-26T20:17:11.144+0000] {logging_mixin.py:190} INFO - [2024-11-26T20:17:11.144+0000] {dag.py:4180} INFO - Setting next_dagrun for s3_conn_dag to None, run_after=None
[2024-11-26T20:17:11.157+0000] {processor.py:208} INFO - Processing /opt/airflow/dags/sample_aws_connection.py took 0.323 seconds
[2024-11-26T20:17:41.547+0000] {processor.py:186} INFO - Started process (PID=94) to work on /opt/airflow/dags/sample_aws_connection.py
[2024-11-26T20:17:41.547+0000] {processor.py:914} INFO - Processing file /opt/airflow/dags/sample_aws_connection.py for tasks to queue
[2024-11-26T20:17:41.549+0000] {logging_mixin.py:190} INFO - [2024-11-26T20:17:41.549+0000] {dagbag.py:588} INFO - Filling up the DagBag from /opt/airflow/dags/sample_aws_connection.py
[2024-11-26T20:17:41.729+0000] {processor.py:925} INFO - DAG(s) 's3_conn_dag' retrieved from /opt/airflow/dags/sample_aws_connection.py
[2024-11-26T20:17:41.741+0000] {logging_mixin.py:190} INFO - [2024-11-26T20:17:41.741+0000] {dag.py:3239} INFO - Sync 1 DAGs
[2024-11-26T20:17:41.753+0000] {logging_mixin.py:190} INFO - [2024-11-26T20:17:41.752+0000] {dag.py:4180} INFO - Setting next_dagrun for s3_conn_dag to None, run_after=None
[2024-11-26T20:17:41.760+0000] {processor.py:208} INFO - Processing /opt/airflow/dags/sample_aws_connection.py took 0.219 seconds
[2024-11-26T20:18:12.194+0000] {processor.py:186} INFO - Started process (PID=103) to work on /opt/airflow/dags/sample_aws_connection.py
[2024-11-26T20:18:12.195+0000] {processor.py:914} INFO - Processing file /opt/airflow/dags/sample_aws_connection.py for tasks to queue
[2024-11-26T20:18:12.198+0000] {logging_mixin.py:190} INFO - [2024-11-26T20:18:12.197+0000] {dagbag.py:588} INFO - Filling up the DagBag from /opt/airflow/dags/sample_aws_connection.py
[2024-11-26T20:18:12.269+0000] {processor.py:925} INFO - DAG(s) 's3_conn_dag' retrieved from /opt/airflow/dags/sample_aws_connection.py
[2024-11-26T20:18:12.283+0000] {logging_mixin.py:190} INFO - [2024-11-26T20:18:12.282+0000] {dag.py:3239} INFO - Sync 1 DAGs
[2024-11-26T20:18:12.293+0000] {logging_mixin.py:190} INFO - [2024-11-26T20:18:12.293+0000] {dag.py:4180} INFO - Setting next_dagrun for s3_conn_dag to None, run_after=None
[2024-11-26T20:18:12.302+0000] {processor.py:208} INFO - Processing /opt/airflow/dags/sample_aws_connection.py took 0.114 seconds
[2024-11-26T20:18:42.658+0000] {processor.py:186} INFO - Started process (PID=112) to work on /opt/airflow/dags/sample_aws_connection.py
[2024-11-26T20:18:42.658+0000] {processor.py:914} INFO - Processing file /opt/airflow/dags/sample_aws_connection.py for tasks to queue
[2024-11-26T20:18:42.660+0000] {logging_mixin.py:190} INFO - [2024-11-26T20:18:42.660+0000] {dagbag.py:588} INFO - Filling up the DagBag from /opt/airflow/dags/sample_aws_connection.py
[2024-11-26T20:18:42.755+0000] {processor.py:925} INFO - DAG(s) 's3_conn_dag' retrieved from /opt/airflow/dags/sample_aws_connection.py
[2024-11-26T20:18:42.775+0000] {logging_mixin.py:190} INFO - [2024-11-26T20:18:42.775+0000] {dag.py:3239} INFO - Sync 1 DAGs
[2024-11-26T20:18:42.792+0000] {logging_mixin.py:190} INFO - [2024-11-26T20:18:42.792+0000] {dag.py:4180} INFO - Setting next_dagrun for s3_conn_dag to None, run_after=None
[2024-11-26T20:18:42.802+0000] {processor.py:208} INFO - Processing /opt/airflow/dags/sample_aws_connection.py took 0.149 seconds
[2024-11-26T20:19:13.232+0000] {processor.py:186} INFO - Started process (PID=121) to work on /opt/airflow/dags/sample_aws_connection.py
[2024-11-26T20:19:13.233+0000] {processor.py:914} INFO - Processing file /opt/airflow/dags/sample_aws_connection.py for tasks to queue
[2024-11-26T20:19:13.235+0000] {logging_mixin.py:190} INFO - [2024-11-26T20:19:13.235+0000] {dagbag.py:588} INFO - Filling up the DagBag from /opt/airflow/dags/sample_aws_connection.py
[2024-11-26T20:19:13.332+0000] {processor.py:925} INFO - DAG(s) 's3_conn_dag' retrieved from /opt/airflow/dags/sample_aws_connection.py
[2024-11-26T20:19:13.348+0000] {logging_mixin.py:190} INFO - [2024-11-26T20:19:13.347+0000] {dag.py:3239} INFO - Sync 1 DAGs
[2024-11-26T20:19:13.361+0000] {logging_mixin.py:190} INFO - [2024-11-26T20:19:13.360+0000] {dag.py:4180} INFO - Setting next_dagrun for s3_conn_dag to None, run_after=None
[2024-11-26T20:19:13.370+0000] {processor.py:208} INFO - Processing /opt/airflow/dags/sample_aws_connection.py took 0.146 seconds
[2024-11-26T20:19:43.756+0000] {processor.py:186} INFO - Started process (PID=130) to work on /opt/airflow/dags/sample_aws_connection.py
[2024-11-26T20:19:43.757+0000] {processor.py:914} INFO - Processing file /opt/airflow/dags/sample_aws_connection.py for tasks to queue
[2024-11-26T20:19:43.759+0000] {logging_mixin.py:190} INFO - [2024-11-26T20:19:43.758+0000] {dagbag.py:588} INFO - Filling up the DagBag from /opt/airflow/dags/sample_aws_connection.py
[2024-11-26T20:19:43.833+0000] {processor.py:925} INFO - DAG(s) 's3_conn_dag' retrieved from /opt/airflow/dags/sample_aws_connection.py
[2024-11-26T20:19:43.847+0000] {logging_mixin.py:190} INFO - [2024-11-26T20:19:43.847+0000] {dag.py:3239} INFO - Sync 1 DAGs
[2024-11-26T20:19:43.858+0000] {logging_mixin.py:190} INFO - [2024-11-26T20:19:43.858+0000] {dag.py:4180} INFO - Setting next_dagrun for s3_conn_dag to None, run_after=None
[2024-11-26T20:19:43.868+0000] {processor.py:208} INFO - Processing /opt/airflow/dags/sample_aws_connection.py took 0.117 seconds
[2024-11-26T20:20:14.296+0000] {processor.py:186} INFO - Started process (PID=139) to work on /opt/airflow/dags/sample_aws_connection.py
[2024-11-26T20:20:14.298+0000] {processor.py:914} INFO - Processing file /opt/airflow/dags/sample_aws_connection.py for tasks to queue
[2024-11-26T20:20:14.300+0000] {logging_mixin.py:190} INFO - [2024-11-26T20:20:14.300+0000] {dagbag.py:588} INFO - Filling up the DagBag from /opt/airflow/dags/sample_aws_connection.py
[2024-11-26T20:20:14.372+0000] {processor.py:925} INFO - DAG(s) 's3_conn_dag' retrieved from /opt/airflow/dags/sample_aws_connection.py
[2024-11-26T20:20:14.383+0000] {logging_mixin.py:190} INFO - [2024-11-26T20:20:14.383+0000] {dag.py:3239} INFO - Sync 1 DAGs
[2024-11-26T20:20:14.395+0000] {logging_mixin.py:190} INFO - [2024-11-26T20:20:14.394+0000] {dag.py:4180} INFO - Setting next_dagrun for s3_conn_dag to None, run_after=None
[2024-11-26T20:20:14.402+0000] {processor.py:208} INFO - Processing /opt/airflow/dags/sample_aws_connection.py took 0.112 seconds
[2024-11-26T20:20:44.807+0000] {processor.py:186} INFO - Started process (PID=148) to work on /opt/airflow/dags/sample_aws_connection.py
[2024-11-26T20:20:44.808+0000] {processor.py:914} INFO - Processing file /opt/airflow/dags/sample_aws_connection.py for tasks to queue
[2024-11-26T20:20:44.810+0000] {logging_mixin.py:190} INFO - [2024-11-26T20:20:44.810+0000] {dagbag.py:588} INFO - Filling up the DagBag from /opt/airflow/dags/sample_aws_connection.py
[2024-11-26T20:20:44.890+0000] {processor.py:925} INFO - DAG(s) 's3_conn_dag' retrieved from /opt/airflow/dags/sample_aws_connection.py
[2024-11-26T20:20:44.904+0000] {logging_mixin.py:190} INFO - [2024-11-26T20:20:44.904+0000] {dag.py:3239} INFO - Sync 1 DAGs
[2024-11-26T20:20:44.915+0000] {logging_mixin.py:190} INFO - [2024-11-26T20:20:44.915+0000] {dag.py:4180} INFO - Setting next_dagrun for s3_conn_dag to None, run_after=None
[2024-11-26T20:20:44.923+0000] {processor.py:208} INFO - Processing /opt/airflow/dags/sample_aws_connection.py took 0.123 seconds
[2024-11-26T20:21:15.324+0000] {processor.py:186} INFO - Started process (PID=157) to work on /opt/airflow/dags/sample_aws_connection.py
[2024-11-26T20:21:15.325+0000] {processor.py:914} INFO - Processing file /opt/airflow/dags/sample_aws_connection.py for tasks to queue
[2024-11-26T20:21:15.327+0000] {logging_mixin.py:190} INFO - [2024-11-26T20:21:15.327+0000] {dagbag.py:588} INFO - Filling up the DagBag from /opt/airflow/dags/sample_aws_connection.py
[2024-11-26T20:21:15.404+0000] {processor.py:925} INFO - DAG(s) 's3_conn_dag' retrieved from /opt/airflow/dags/sample_aws_connection.py
[2024-11-26T20:21:15.417+0000] {logging_mixin.py:190} INFO - [2024-11-26T20:21:15.417+0000] {dag.py:3239} INFO - Sync 1 DAGs
[2024-11-26T20:21:15.427+0000] {logging_mixin.py:190} INFO - [2024-11-26T20:21:15.427+0000] {dag.py:4180} INFO - Setting next_dagrun for s3_conn_dag to None, run_after=None
[2024-11-26T20:21:15.435+0000] {processor.py:208} INFO - Processing /opt/airflow/dags/sample_aws_connection.py took 0.118 seconds
[2024-11-26T20:21:45.854+0000] {processor.py:186} INFO - Started process (PID=166) to work on /opt/airflow/dags/sample_aws_connection.py
[2024-11-26T20:21:45.855+0000] {processor.py:914} INFO - Processing file /opt/airflow/dags/sample_aws_connection.py for tasks to queue
[2024-11-26T20:21:45.857+0000] {logging_mixin.py:190} INFO - [2024-11-26T20:21:45.857+0000] {dagbag.py:588} INFO - Filling up the DagBag from /opt/airflow/dags/sample_aws_connection.py
[2024-11-26T20:21:45.931+0000] {processor.py:925} INFO - DAG(s) 's3_conn_dag' retrieved from /opt/airflow/dags/sample_aws_connection.py
[2024-11-26T20:21:45.943+0000] {logging_mixin.py:190} INFO - [2024-11-26T20:21:45.943+0000] {dag.py:3239} INFO - Sync 1 DAGs
[2024-11-26T20:21:45.954+0000] {logging_mixin.py:190} INFO - [2024-11-26T20:21:45.954+0000] {dag.py:4180} INFO - Setting next_dagrun for s3_conn_dag to None, run_after=None
[2024-11-26T20:21:45.963+0000] {processor.py:208} INFO - Processing /opt/airflow/dags/sample_aws_connection.py took 0.115 seconds
[2024-11-26T20:22:16.351+0000] {processor.py:186} INFO - Started process (PID=175) to work on /opt/airflow/dags/sample_aws_connection.py
[2024-11-26T20:22:16.352+0000] {processor.py:914} INFO - Processing file /opt/airflow/dags/sample_aws_connection.py for tasks to queue
[2024-11-26T20:22:16.354+0000] {logging_mixin.py:190} INFO - [2024-11-26T20:22:16.354+0000] {dagbag.py:588} INFO - Filling up the DagBag from /opt/airflow/dags/sample_aws_connection.py
[2024-11-26T20:22:16.448+0000] {processor.py:925} INFO - DAG(s) 's3_conn_dag' retrieved from /opt/airflow/dags/sample_aws_connection.py
[2024-11-26T20:22:16.464+0000] {logging_mixin.py:190} INFO - [2024-11-26T20:22:16.464+0000] {dag.py:3239} INFO - Sync 1 DAGs
[2024-11-26T20:22:16.478+0000] {logging_mixin.py:190} INFO - [2024-11-26T20:22:16.477+0000] {dag.py:4180} INFO - Setting next_dagrun for s3_conn_dag to None, run_after=None
[2024-11-26T20:22:16.487+0000] {processor.py:208} INFO - Processing /opt/airflow/dags/sample_aws_connection.py took 0.144 seconds
[2024-11-26T20:22:46.875+0000] {processor.py:186} INFO - Started process (PID=184) to work on /opt/airflow/dags/sample_aws_connection.py
[2024-11-26T20:22:46.876+0000] {processor.py:914} INFO - Processing file /opt/airflow/dags/sample_aws_connection.py for tasks to queue
[2024-11-26T20:22:46.877+0000] {logging_mixin.py:190} INFO - [2024-11-26T20:22:46.877+0000] {dagbag.py:588} INFO - Filling up the DagBag from /opt/airflow/dags/sample_aws_connection.py
[2024-11-26T20:22:46.950+0000] {processor.py:925} INFO - DAG(s) 's3_conn_dag' retrieved from /opt/airflow/dags/sample_aws_connection.py
[2024-11-26T20:22:46.962+0000] {logging_mixin.py:190} INFO - [2024-11-26T20:22:46.962+0000] {dag.py:3239} INFO - Sync 1 DAGs
[2024-11-26T20:22:46.973+0000] {logging_mixin.py:190} INFO - [2024-11-26T20:22:46.973+0000] {dag.py:4180} INFO - Setting next_dagrun for s3_conn_dag to None, run_after=None
[2024-11-26T20:22:46.981+0000] {processor.py:208} INFO - Processing /opt/airflow/dags/sample_aws_connection.py took 0.111 seconds
[2024-11-26T20:23:17.370+0000] {processor.py:186} INFO - Started process (PID=193) to work on /opt/airflow/dags/sample_aws_connection.py
[2024-11-26T20:23:17.371+0000] {processor.py:914} INFO - Processing file /opt/airflow/dags/sample_aws_connection.py for tasks to queue
[2024-11-26T20:23:17.373+0000] {logging_mixin.py:190} INFO - [2024-11-26T20:23:17.373+0000] {dagbag.py:588} INFO - Filling up the DagBag from /opt/airflow/dags/sample_aws_connection.py
[2024-11-26T20:23:17.467+0000] {processor.py:925} INFO - DAG(s) 's3_conn_dag' retrieved from /opt/airflow/dags/sample_aws_connection.py
[2024-11-26T20:23:17.487+0000] {logging_mixin.py:190} INFO - [2024-11-26T20:23:17.486+0000] {dag.py:3239} INFO - Sync 1 DAGs
[2024-11-26T20:23:17.504+0000] {logging_mixin.py:190} INFO - [2024-11-26T20:23:17.504+0000] {dag.py:4180} INFO - Setting next_dagrun for s3_conn_dag to None, run_after=None
[2024-11-26T20:23:17.517+0000] {processor.py:208} INFO - Processing /opt/airflow/dags/sample_aws_connection.py took 0.154 seconds
[2024-11-26T20:23:47.937+0000] {processor.py:186} INFO - Started process (PID=202) to work on /opt/airflow/dags/sample_aws_connection.py
[2024-11-26T20:23:47.938+0000] {processor.py:914} INFO - Processing file /opt/airflow/dags/sample_aws_connection.py for tasks to queue
[2024-11-26T20:23:47.942+0000] {logging_mixin.py:190} INFO - [2024-11-26T20:23:47.941+0000] {dagbag.py:588} INFO - Filling up the DagBag from /opt/airflow/dags/sample_aws_connection.py
[2024-11-26T20:23:48.050+0000] {processor.py:925} INFO - DAG(s) 's3_conn_dag' retrieved from /opt/airflow/dags/sample_aws_connection.py
[2024-11-26T20:23:48.071+0000] {logging_mixin.py:190} INFO - [2024-11-26T20:23:48.071+0000] {dag.py:3239} INFO - Sync 1 DAGs
[2024-11-26T20:23:48.087+0000] {logging_mixin.py:190} INFO - [2024-11-26T20:23:48.086+0000] {dag.py:4180} INFO - Setting next_dagrun for s3_conn_dag to None, run_after=None
[2024-11-26T20:23:48.096+0000] {processor.py:208} INFO - Processing /opt/airflow/dags/sample_aws_connection.py took 0.173 seconds
[2024-11-26T21:50:47.927+0000] {processor.py:186} INFO - Started process (PID=43) to work on /opt/airflow/dags/sample_aws_connection.py
[2024-11-26T21:50:47.928+0000] {processor.py:914} INFO - Processing file /opt/airflow/dags/sample_aws_connection.py for tasks to queue
[2024-11-26T21:50:47.930+0000] {logging_mixin.py:190} INFO - [2024-11-26T21:50:47.930+0000] {dagbag.py:588} INFO - Filling up the DagBag from /opt/airflow/dags/sample_aws_connection.py
[2024-11-26T21:50:48.500+0000] {processor.py:925} INFO - DAG(s) 's3_conn_dag' retrieved from /opt/airflow/dags/sample_aws_connection.py
[2024-11-26T21:50:48.523+0000] {logging_mixin.py:190} INFO - [2024-11-26T21:50:48.523+0000] {dag.py:3239} INFO - Sync 1 DAGs
[2024-11-26T21:50:48.534+0000] {logging_mixin.py:190} INFO - [2024-11-26T21:50:48.534+0000] {dag.py:4180} INFO - Setting next_dagrun for s3_conn_dag to None, run_after=None
[2024-11-26T21:50:48.546+0000] {processor.py:208} INFO - Processing /opt/airflow/dags/sample_aws_connection.py took 0.625 seconds
[2024-11-26T21:51:19.028+0000] {processor.py:186} INFO - Started process (PID=52) to work on /opt/airflow/dags/sample_aws_connection.py
[2024-11-26T21:51:19.030+0000] {processor.py:914} INFO - Processing file /opt/airflow/dags/sample_aws_connection.py for tasks to queue
[2024-11-26T21:51:19.031+0000] {logging_mixin.py:190} INFO - [2024-11-26T21:51:19.031+0000] {dagbag.py:588} INFO - Filling up the DagBag from /opt/airflow/dags/sample_aws_connection.py
[2024-11-26T21:51:19.264+0000] {processor.py:925} INFO - DAG(s) 's3_conn_dag' retrieved from /opt/airflow/dags/sample_aws_connection.py
[2024-11-26T21:51:19.282+0000] {logging_mixin.py:190} INFO - [2024-11-26T21:51:19.282+0000] {dag.py:3239} INFO - Sync 1 DAGs
[2024-11-26T21:51:19.295+0000] {logging_mixin.py:190} INFO - [2024-11-26T21:51:19.295+0000] {dag.py:4180} INFO - Setting next_dagrun for s3_conn_dag to None, run_after=None
[2024-11-26T21:51:19.306+0000] {processor.py:208} INFO - Processing /opt/airflow/dags/sample_aws_connection.py took 0.284 seconds
[2024-11-26T21:51:49.834+0000] {processor.py:186} INFO - Started process (PID=67) to work on /opt/airflow/dags/sample_aws_connection.py
[2024-11-26T21:51:49.837+0000] {processor.py:914} INFO - Processing file /opt/airflow/dags/sample_aws_connection.py for tasks to queue
[2024-11-26T21:51:49.838+0000] {logging_mixin.py:190} INFO - [2024-11-26T21:51:49.838+0000] {dagbag.py:588} INFO - Filling up the DagBag from /opt/airflow/dags/sample_aws_connection.py
[2024-11-26T21:51:50.054+0000] {processor.py:925} INFO - DAG(s) 's3_conn_dag' retrieved from /opt/airflow/dags/sample_aws_connection.py
[2024-11-26T21:51:50.069+0000] {logging_mixin.py:190} INFO - [2024-11-26T21:51:50.069+0000] {dag.py:3239} INFO - Sync 1 DAGs
[2024-11-26T21:51:50.082+0000] {logging_mixin.py:190} INFO - [2024-11-26T21:51:50.082+0000] {dag.py:4180} INFO - Setting next_dagrun for s3_conn_dag to None, run_after=None
[2024-11-26T21:51:50.092+0000] {processor.py:208} INFO - Processing /opt/airflow/dags/sample_aws_connection.py took 0.262 seconds
[2024-11-26T22:24:07.277+0000] {processor.py:186} INFO - Started process (PID=43) to work on /opt/airflow/dags/sample_aws_connection.py
[2024-11-26T22:24:07.278+0000] {processor.py:914} INFO - Processing file /opt/airflow/dags/sample_aws_connection.py for tasks to queue
[2024-11-26T22:24:07.280+0000] {logging_mixin.py:190} INFO - [2024-11-26T22:24:07.280+0000] {dagbag.py:588} INFO - Filling up the DagBag from /opt/airflow/dags/sample_aws_connection.py
[2024-11-26T22:24:07.789+0000] {processor.py:925} INFO - DAG(s) 's3_conn_dag' retrieved from /opt/airflow/dags/sample_aws_connection.py
[2024-11-26T22:24:07.825+0000] {logging_mixin.py:190} INFO - [2024-11-26T22:24:07.824+0000] {dag.py:3239} INFO - Sync 1 DAGs
[2024-11-26T22:24:07.844+0000] {logging_mixin.py:190} INFO - [2024-11-26T22:24:07.844+0000] {dag.py:4180} INFO - Setting next_dagrun for s3_conn_dag to None, run_after=None
[2024-11-26T22:24:07.855+0000] {processor.py:208} INFO - Processing /opt/airflow/dags/sample_aws_connection.py took 0.582 seconds
[2024-11-26T22:24:37.896+0000] {processor.py:186} INFO - Started process (PID=51) to work on /opt/airflow/dags/sample_aws_connection.py
[2024-11-26T22:24:37.898+0000] {processor.py:914} INFO - Processing file /opt/airflow/dags/sample_aws_connection.py for tasks to queue
[2024-11-26T22:24:37.903+0000] {logging_mixin.py:190} INFO - [2024-11-26T22:24:37.903+0000] {dagbag.py:588} INFO - Filling up the DagBag from /opt/airflow/dags/sample_aws_connection.py
[2024-11-26T22:24:38.216+0000] {processor.py:925} INFO - DAG(s) 's3_conn_dag' retrieved from /opt/airflow/dags/sample_aws_connection.py
[2024-11-26T22:24:38.245+0000] {logging_mixin.py:190} INFO - [2024-11-26T22:24:38.245+0000] {dag.py:3239} INFO - Sync 1 DAGs
[2024-11-26T22:24:38.273+0000] {logging_mixin.py:190} INFO - [2024-11-26T22:24:38.272+0000] {dag.py:4180} INFO - Setting next_dagrun for s3_conn_dag to None, run_after=None
[2024-11-26T22:24:38.286+0000] {processor.py:208} INFO - Processing /opt/airflow/dags/sample_aws_connection.py took 0.400 seconds
[2024-11-26T22:25:08.672+0000] {processor.py:186} INFO - Started process (PID=60) to work on /opt/airflow/dags/sample_aws_connection.py
[2024-11-26T22:25:08.673+0000] {processor.py:914} INFO - Processing file /opt/airflow/dags/sample_aws_connection.py for tasks to queue
[2024-11-26T22:25:08.675+0000] {logging_mixin.py:190} INFO - [2024-11-26T22:25:08.675+0000] {dagbag.py:588} INFO - Filling up the DagBag from /opt/airflow/dags/sample_aws_connection.py
[2024-11-26T22:25:08.893+0000] {processor.py:925} INFO - DAG(s) 's3_conn_dag' retrieved from /opt/airflow/dags/sample_aws_connection.py
[2024-11-26T22:25:08.909+0000] {logging_mixin.py:190} INFO - [2024-11-26T22:25:08.908+0000] {dag.py:3239} INFO - Sync 1 DAGs
[2024-11-26T22:25:08.921+0000] {logging_mixin.py:190} INFO - [2024-11-26T22:25:08.921+0000] {dag.py:4180} INFO - Setting next_dagrun for s3_conn_dag to None, run_after=None
[2024-11-26T22:25:08.930+0000] {processor.py:208} INFO - Processing /opt/airflow/dags/sample_aws_connection.py took 0.264 seconds
[2024-11-26T22:25:39.476+0000] {processor.py:186} INFO - Started process (PID=68) to work on /opt/airflow/dags/sample_aws_connection.py
[2024-11-26T22:25:39.477+0000] {processor.py:914} INFO - Processing file /opt/airflow/dags/sample_aws_connection.py for tasks to queue
[2024-11-26T22:25:39.479+0000] {logging_mixin.py:190} INFO - [2024-11-26T22:25:39.478+0000] {dagbag.py:588} INFO - Filling up the DagBag from /opt/airflow/dags/sample_aws_connection.py
[2024-11-26T22:25:39.660+0000] {processor.py:925} INFO - DAG(s) 's3_conn_dag' retrieved from /opt/airflow/dags/sample_aws_connection.py
[2024-11-26T22:25:39.673+0000] {logging_mixin.py:190} INFO - [2024-11-26T22:25:39.673+0000] {dag.py:3239} INFO - Sync 1 DAGs
[2024-11-26T22:25:39.683+0000] {logging_mixin.py:190} INFO - [2024-11-26T22:25:39.683+0000] {dag.py:4180} INFO - Setting next_dagrun for s3_conn_dag to None, run_after=None
[2024-11-26T22:25:39.691+0000] {processor.py:208} INFO - Processing /opt/airflow/dags/sample_aws_connection.py took 0.221 seconds
[2024-11-26T22:26:10.129+0000] {processor.py:186} INFO - Started process (PID=83) to work on /opt/airflow/dags/sample_aws_connection.py
[2024-11-26T22:26:10.129+0000] {processor.py:914} INFO - Processing file /opt/airflow/dags/sample_aws_connection.py for tasks to queue
[2024-11-26T22:26:10.131+0000] {logging_mixin.py:190} INFO - [2024-11-26T22:26:10.131+0000] {dagbag.py:588} INFO - Filling up the DagBag from /opt/airflow/dags/sample_aws_connection.py
[2024-11-26T22:26:10.394+0000] {processor.py:925} INFO - DAG(s) 's3_conn_dag' retrieved from /opt/airflow/dags/sample_aws_connection.py
[2024-11-26T22:26:10.407+0000] {logging_mixin.py:190} INFO - [2024-11-26T22:26:10.407+0000] {dag.py:3239} INFO - Sync 1 DAGs
[2024-11-26T22:26:10.417+0000] {logging_mixin.py:190} INFO - [2024-11-26T22:26:10.417+0000] {dag.py:4180} INFO - Setting next_dagrun for s3_conn_dag to None, run_after=None
[2024-11-26T22:26:10.425+0000] {processor.py:208} INFO - Processing /opt/airflow/dags/sample_aws_connection.py took 0.301 seconds
[2024-11-26T22:26:40.814+0000] {processor.py:186} INFO - Started process (PID=92) to work on /opt/airflow/dags/sample_aws_connection.py
[2024-11-26T22:26:40.815+0000] {processor.py:914} INFO - Processing file /opt/airflow/dags/sample_aws_connection.py for tasks to queue
[2024-11-26T22:26:40.818+0000] {logging_mixin.py:190} INFO - [2024-11-26T22:26:40.818+0000] {dagbag.py:588} INFO - Filling up the DagBag from /opt/airflow/dags/sample_aws_connection.py
[2024-11-26T22:26:41.038+0000] {processor.py:925} INFO - DAG(s) 's3_conn_dag' retrieved from /opt/airflow/dags/sample_aws_connection.py
[2024-11-26T22:26:41.053+0000] {logging_mixin.py:190} INFO - [2024-11-26T22:26:41.053+0000] {dag.py:3239} INFO - Sync 1 DAGs
[2024-11-26T22:26:41.067+0000] {logging_mixin.py:190} INFO - [2024-11-26T22:26:41.066+0000] {dag.py:4180} INFO - Setting next_dagrun for s3_conn_dag to None, run_after=None
[2024-11-26T22:26:41.075+0000] {processor.py:208} INFO - Processing /opt/airflow/dags/sample_aws_connection.py took 0.270 seconds
[2024-11-26T22:27:11.625+0000] {processor.py:186} INFO - Started process (PID=101) to work on /opt/airflow/dags/sample_aws_connection.py
[2024-11-26T22:27:11.625+0000] {processor.py:914} INFO - Processing file /opt/airflow/dags/sample_aws_connection.py for tasks to queue
[2024-11-26T22:27:11.627+0000] {logging_mixin.py:190} INFO - [2024-11-26T22:27:11.627+0000] {dagbag.py:588} INFO - Filling up the DagBag from /opt/airflow/dags/sample_aws_connection.py
[2024-11-26T22:27:11.707+0000] {processor.py:925} INFO - DAG(s) 's3_conn_dag' retrieved from /opt/airflow/dags/sample_aws_connection.py
[2024-11-26T22:27:11.723+0000] {logging_mixin.py:190} INFO - [2024-11-26T22:27:11.723+0000] {dag.py:3239} INFO - Sync 1 DAGs
[2024-11-26T22:27:11.735+0000] {logging_mixin.py:190} INFO - [2024-11-26T22:27:11.735+0000] {dag.py:4180} INFO - Setting next_dagrun for s3_conn_dag to None, run_after=None
[2024-11-26T22:27:11.745+0000] {processor.py:208} INFO - Processing /opt/airflow/dags/sample_aws_connection.py took 0.129 seconds
[2024-11-26T22:27:42.183+0000] {processor.py:186} INFO - Started process (PID=110) to work on /opt/airflow/dags/sample_aws_connection.py
[2024-11-26T22:27:42.184+0000] {processor.py:914} INFO - Processing file /opt/airflow/dags/sample_aws_connection.py for tasks to queue
[2024-11-26T22:27:42.187+0000] {logging_mixin.py:190} INFO - [2024-11-26T22:27:42.187+0000] {dagbag.py:588} INFO - Filling up the DagBag from /opt/airflow/dags/sample_aws_connection.py
[2024-11-26T22:27:42.276+0000] {processor.py:925} INFO - DAG(s) 's3_conn_dag' retrieved from /opt/airflow/dags/sample_aws_connection.py
[2024-11-26T22:27:42.291+0000] {logging_mixin.py:190} INFO - [2024-11-26T22:27:42.291+0000] {dag.py:3239} INFO - Sync 1 DAGs
[2024-11-26T22:27:42.304+0000] {logging_mixin.py:190} INFO - [2024-11-26T22:27:42.303+0000] {dag.py:4180} INFO - Setting next_dagrun for s3_conn_dag to None, run_after=None
[2024-11-26T22:27:42.312+0000] {processor.py:208} INFO - Processing /opt/airflow/dags/sample_aws_connection.py took 0.136 seconds
[2024-11-26T22:28:12.738+0000] {processor.py:186} INFO - Started process (PID=119) to work on /opt/airflow/dags/sample_aws_connection.py
[2024-11-26T22:28:12.739+0000] {processor.py:914} INFO - Processing file /opt/airflow/dags/sample_aws_connection.py for tasks to queue
[2024-11-26T22:28:12.742+0000] {logging_mixin.py:190} INFO - [2024-11-26T22:28:12.742+0000] {dagbag.py:588} INFO - Filling up the DagBag from /opt/airflow/dags/sample_aws_connection.py
[2024-11-26T22:28:12.819+0000] {processor.py:925} INFO - DAG(s) 's3_conn_dag' retrieved from /opt/airflow/dags/sample_aws_connection.py
[2024-11-26T22:28:12.833+0000] {logging_mixin.py:190} INFO - [2024-11-26T22:28:12.833+0000] {dag.py:3239} INFO - Sync 1 DAGs
[2024-11-26T22:28:12.845+0000] {logging_mixin.py:190} INFO - [2024-11-26T22:28:12.845+0000] {dag.py:4180} INFO - Setting next_dagrun for s3_conn_dag to None, run_after=None
[2024-11-26T22:28:12.854+0000] {processor.py:208} INFO - Processing /opt/airflow/dags/sample_aws_connection.py took 0.122 seconds
