[2024-11-20T06:49:48.531+0000] {local_task_job_runner.py:123} INFO - ::group::Pre task execution logs
[2024-11-20T06:49:48.542+0000] {taskinstance.py:2613} INFO - Dependencies all met for dep_context=non-requeueable deps ti=<TaskInstance: en_species_etl.load_en_species_data manual__2024-11-20T06:49:08.058058+00:00 [queued]>
[2024-11-20T06:49:48.547+0000] {taskinstance.py:2613} INFO - Dependencies all met for dep_context=requeueable deps ti=<TaskInstance: en_species_etl.load_en_species_data manual__2024-11-20T06:49:08.058058+00:00 [queued]>
[2024-11-20T06:49:48.548+0000] {taskinstance.py:2866} INFO - Starting attempt 1 of 1
[2024-11-20T06:49:48.554+0000] {taskinstance.py:2889} INFO - Executing <Task(PythonOperator): load_en_species_data> on 2024-11-20 06:49:08.058058+00:00
[2024-11-20T06:49:48.559+0000] {warnings.py:112} WARNING - /home/***/.local/lib/python3.12/site-packages/***/task/task_runner/standard_task_runner.py:70: DeprecationWarning: This process (pid=205) is multi-threaded, use of fork() may lead to deadlocks in the child.
  pid = os.fork()

[2024-11-20T06:49:48.560+0000] {standard_task_runner.py:72} INFO - Started process 206 to run task
[2024-11-20T06:49:48.561+0000] {standard_task_runner.py:104} INFO - Running: ['***', 'tasks', 'run', 'en_species_etl', 'load_en_species_data', 'manual__2024-11-20T06:49:08.058058+00:00', '--job-id', '27', '--raw', '--subdir', 'DAGS_FOLDER/en_species_dag.py', '--cfg-path', '/tmp/tmpf5wu04ld']
[2024-11-20T06:49:48.563+0000] {standard_task_runner.py:105} INFO - Job 27: Subtask load_en_species_data
[2024-11-20T06:49:48.595+0000] {task_command.py:467} INFO - Running <TaskInstance: en_species_etl.load_en_species_data manual__2024-11-20T06:49:08.058058+00:00 [running]> on host e292f706ccf8
[2024-11-20T06:49:48.640+0000] {taskinstance.py:3132} INFO - Exporting env vars: AIRFLOW_CTX_DAG_OWNER='***' AIRFLOW_CTX_DAG_ID='en_species_etl' AIRFLOW_CTX_TASK_ID='load_en_species_data' AIRFLOW_CTX_EXECUTION_DATE='2024-11-20T06:49:08.058058+00:00' AIRFLOW_CTX_TRY_NUMBER='1' AIRFLOW_CTX_DAG_RUN_ID='manual__2024-11-20T06:49:08.058058+00:00'
[2024-11-20T06:49:48.641+0000] {taskinstance.py:731} INFO - ::endgroup::
[2024-11-20T06:49:48.657+0000] {base.py:84} INFO - Retrieving connection 's3_conn'
[2024-11-20T06:49:48.658+0000] {connection_wrapper.py:328} INFO - AWS Connection (conn_id='s3_conn', conn_type='aws') credentials retrieved from extra.
[2024-11-20T06:49:49.654+0000] {hook.py:208} WARNING - Data lineage tracking is disabled. Register a hook lineage reader to start tracking hook lineage.
[2024-11-20T06:49:49.821+0000] {hook.py:208} WARNING - Data lineage tracking is disabled. Register a hook lineage reader to start tracking hook lineage.
[2024-11-20T06:49:49.822+0000] {hook.py:208} WARNING - Data lineage tracking is disabled. Register a hook lineage reader to start tracking hook lineage.
[2024-11-20T06:49:50.034+0000] {hook.py:208} WARNING - Data lineage tracking is disabled. Register a hook lineage reader to start tracking hook lineage.
[2024-11-20T06:49:50.036+0000] {hook.py:208} WARNING - Data lineage tracking is disabled. Register a hook lineage reader to start tracking hook lineage.
[2024-11-20T06:49:50.191+0000] {hook.py:208} WARNING - Data lineage tracking is disabled. Register a hook lineage reader to start tracking hook lineage.
[2024-11-20T06:49:50.192+0000] {hook.py:208} WARNING - Data lineage tracking is disabled. Register a hook lineage reader to start tracking hook lineage.
[2024-11-20T06:49:50.426+0000] {hook.py:208} WARNING - Data lineage tracking is disabled. Register a hook lineage reader to start tracking hook lineage.
[2024-11-20T06:49:50.427+0000] {hook.py:208} WARNING - Data lineage tracking is disabled. Register a hook lineage reader to start tracking hook lineage.
[2024-11-20T06:49:50.429+0000] {python.py:240} INFO - Done. Returned value was: None
[2024-11-20T06:49:50.446+0000] {taskinstance.py:340} INFO - ::group::Post task execution logs
[2024-11-20T06:49:50.446+0000] {taskinstance.py:352} INFO - Marking task as SUCCESS. dag_id=en_species_etl, task_id=load_en_species_data, run_id=manual__2024-11-20T06:49:08.058058+00:00, execution_date=20241120T064908, start_date=20241120T064948, end_date=20241120T064950
[2024-11-20T06:49:50.499+0000] {local_task_job_runner.py:266} INFO - Task exited with return code 0
[2024-11-20T06:49:50.513+0000] {taskinstance.py:3895} INFO - 0 downstream tasks scheduled from follow-on schedule check
[2024-11-20T06:49:50.515+0000] {local_task_job_runner.py:245} INFO - ::endgroup::
