[2024-11-14T00:25:36.039+0000] {local_task_job_runner.py:123} INFO - ::group::Pre task execution logs
[2024-11-14T00:25:36.044+0000] {taskinstance.py:2613} INFO - Dependencies all met for dep_context=non-requeueable deps ti=<TaskInstance: weather_etl.transform_data scheduled__2024-01-07T00:00:00+00:00 [queued]>
[2024-11-14T00:25:36.046+0000] {taskinstance.py:2613} INFO - Dependencies all met for dep_context=requeueable deps ti=<TaskInstance: weather_etl.transform_data scheduled__2024-01-07T00:00:00+00:00 [queued]>
[2024-11-14T00:25:36.047+0000] {taskinstance.py:2866} INFO - Starting attempt 1 of 1
[2024-11-14T00:25:36.051+0000] {taskinstance.py:2889} INFO - Executing <Task(PythonOperator): transform_data> on 2024-01-07 00:00:00+00:00
[2024-11-14T00:25:36.054+0000] {warnings.py:112} WARNING - /home/***/.local/lib/python3.12/site-packages/***/task/task_runner/standard_task_runner.py:70: DeprecationWarning: This process (pid=139) is multi-threaded, use of fork() may lead to deadlocks in the child.
  pid = os.fork()

[2024-11-14T00:25:36.055+0000] {standard_task_runner.py:72} INFO - Started process 140 to run task
[2024-11-14T00:25:36.055+0000] {standard_task_runner.py:104} INFO - Running: ['***', 'tasks', 'run', 'weather_etl', 'transform_data', 'scheduled__2024-01-07T00:00:00+00:00', '--job-id', '21', '--raw', '--subdir', 'DAGS_FOLDER/sample_dag.py', '--cfg-path', '/tmp/tmpqvxyp6ns']
[2024-11-14T00:25:36.056+0000] {standard_task_runner.py:105} INFO - Job 21: Subtask transform_data
[2024-11-14T00:25:36.072+0000] {task_command.py:467} INFO - Running <TaskInstance: weather_etl.transform_data scheduled__2024-01-07T00:00:00+00:00 [running]> on host cdbc0cb84826
[2024-11-14T00:25:36.101+0000] {taskinstance.py:3132} INFO - Exporting env vars: AIRFLOW_CTX_DAG_OWNER='***' AIRFLOW_CTX_DAG_ID='weather_etl' AIRFLOW_CTX_TASK_ID='transform_data' AIRFLOW_CTX_EXECUTION_DATE='2024-01-07T00:00:00+00:00' AIRFLOW_CTX_TRY_NUMBER='1' AIRFLOW_CTX_DAG_RUN_ID='scheduled__2024-01-07T00:00:00+00:00'
[2024-11-14T00:25:36.102+0000] {logging_mixin.py:190} INFO - Task instance is in running state
[2024-11-14T00:25:36.102+0000] {logging_mixin.py:190} INFO -  Previous state of the Task instance: queued
[2024-11-14T00:25:36.102+0000] {logging_mixin.py:190} INFO - Current task name:transform_data state:running start_date:2024-11-14 00:25:36.044444+00:00
[2024-11-14T00:25:36.102+0000] {logging_mixin.py:190} INFO - Dag name:weather_etl and current dag run status:running
[2024-11-14T00:25:36.102+0000] {taskinstance.py:731} INFO - ::endgroup::
[2024-11-14T00:25:36.102+0000] {python.py:240} INFO - Done. Returned value was: [['2023-01-01', 'NYC', 33, 'Light snow and wind']]
[2024-11-14T00:25:36.108+0000] {taskinstance.py:340} INFO - ::group::Post task execution logs
[2024-11-14T00:25:36.109+0000] {taskinstance.py:352} INFO - Marking task as SUCCESS. dag_id=weather_etl, task_id=transform_data, run_id=scheduled__2024-01-07T00:00:00+00:00, execution_date=20240107T000000, start_date=20241114T002536, end_date=20241114T002536
[2024-11-14T00:25:36.111+0000] {logging_mixin.py:190} INFO - Task instance in success state
[2024-11-14T00:25:36.111+0000] {logging_mixin.py:190} INFO -  Previous state of the Task instance: running
[2024-11-14T00:25:36.111+0000] {logging_mixin.py:190} INFO - Dag name:weather_etl queued_at:2024-11-14 00:25:34.779882+00:00
[2024-11-14T00:25:36.111+0000] {logging_mixin.py:190} INFO - Task hostname:cdbc0cb84826 operator:PythonOperator
[2024-11-14T00:25:36.154+0000] {local_task_job_runner.py:266} INFO - Task exited with return code 0
[2024-11-14T00:25:36.162+0000] {taskinstance.py:3895} INFO - 1 downstream tasks scheduled from follow-on schedule check
[2024-11-14T00:25:36.162+0000] {local_task_job_runner.py:245} INFO - ::endgroup::
