[2024-11-14T01:18:52.539+0000] {local_task_job_runner.py:123} INFO - ::group::Pre task execution logs
[2024-11-14T01:18:52.548+0000] {taskinstance.py:2613} INFO - Dependencies all met for dep_context=non-requeueable deps ti=<TaskInstance: en_species_etl.message manual__2024-11-14T01:18:51.089231+00:00 [queued]>
[2024-11-14T01:18:52.551+0000] {taskinstance.py:2613} INFO - Dependencies all met for dep_context=requeueable deps ti=<TaskInstance: en_species_etl.message manual__2024-11-14T01:18:51.089231+00:00 [queued]>
[2024-11-14T01:18:52.552+0000] {taskinstance.py:2866} INFO - Starting attempt 1 of 1
[2024-11-14T01:18:52.556+0000] {taskinstance.py:2889} INFO - Executing <Task(PythonOperator): message> on 2024-11-14 01:18:51.089231+00:00
[2024-11-14T01:18:52.560+0000] {warnings.py:112} WARNING - /home/***/.local/lib/python3.12/site-packages/***/task/task_runner/standard_task_runner.py:70: DeprecationWarning: This process (pid=67) is multi-threaded, use of fork() may lead to deadlocks in the child.
  pid = os.fork()

[2024-11-14T01:18:52.561+0000] {standard_task_runner.py:72} INFO - Started process 68 to run task
[2024-11-14T01:18:52.561+0000] {standard_task_runner.py:104} INFO - Running: ['***', 'tasks', 'run', 'en_species_etl', 'message', 'manual__2024-11-14T01:18:51.089231+00:00', '--job-id', '12', '--raw', '--subdir', 'DAGS_FOLDER/en_species_dag.py', '--cfg-path', '/tmp/tmpu_kcda_h']
[2024-11-14T01:18:52.562+0000] {standard_task_runner.py:105} INFO - Job 12: Subtask message
[2024-11-14T01:18:52.579+0000] {task_command.py:467} INFO - Running <TaskInstance: en_species_etl.message manual__2024-11-14T01:18:51.089231+00:00 [running]> on host 1fc7d8720525
[2024-11-14T01:18:52.604+0000] {taskinstance.py:3132} INFO - Exporting env vars: AIRFLOW_CTX_DAG_OWNER='***' AIRFLOW_CTX_DAG_ID='en_species_etl' AIRFLOW_CTX_TASK_ID='message' AIRFLOW_CTX_EXECUTION_DATE='2024-11-14T01:18:51.089231+00:00' AIRFLOW_CTX_TRY_NUMBER='1' AIRFLOW_CTX_DAG_RUN_ID='manual__2024-11-14T01:18:51.089231+00:00'
[2024-11-14T01:18:52.605+0000] {taskinstance.py:731} INFO - ::endgroup::
[2024-11-14T01:18:52.611+0000] {logging_mixin.py:190} INFO - Extracted successfully!
[2024-11-14T01:18:52.611+0000] {python.py:240} INFO - Done. Returned value was: None
[2024-11-14T01:18:52.615+0000] {taskinstance.py:340} INFO - ::group::Post task execution logs
[2024-11-14T01:18:52.615+0000] {taskinstance.py:352} INFO - Marking task as SUCCESS. dag_id=en_species_etl, task_id=message, run_id=manual__2024-11-14T01:18:51.089231+00:00, execution_date=20241114T011851, start_date=20241114T011852, end_date=20241114T011852
[2024-11-14T01:18:52.659+0000] {local_task_job_runner.py:266} INFO - Task exited with return code 0
[2024-11-14T01:18:52.667+0000] {taskinstance.py:3895} INFO - 0 downstream tasks scheduled from follow-on schedule check
[2024-11-14T01:18:52.667+0000] {local_task_job_runner.py:245} INFO - ::endgroup::
