[2024-11-13T21:35:44.523+0000] {local_task_job_runner.py:123} INFO - ::group::Pre task execution logs
[2024-11-13T21:35:44.530+0000] {taskinstance.py:2613} INFO - Dependencies all met for dep_context=non-requeueable deps ti=<TaskInstance: tutorial.sleep scheduled__2024-11-12T00:00:00+00:00 [queued]>
[2024-11-13T21:35:44.533+0000] {taskinstance.py:2613} INFO - Dependencies all met for dep_context=requeueable deps ti=<TaskInstance: tutorial.sleep scheduled__2024-11-12T00:00:00+00:00 [queued]>
[2024-11-13T21:35:44.533+0000] {taskinstance.py:2866} INFO - Starting attempt 1 of 4
[2024-11-13T21:35:44.622+0000] {taskinstance.py:2889} INFO - Executing <Task(BashOperator): sleep> on 2024-11-12 00:00:00+00:00
[2024-11-13T21:35:44.625+0000] {warnings.py:112} WARNING - /home/***/.local/lib/python3.12/site-packages/***/task/task_runner/standard_task_runner.py:70: DeprecationWarning: This process (pid=75) is multi-threaded, use of fork() may lead to deadlocks in the child.
  pid = os.fork()

[2024-11-13T21:35:44.626+0000] {standard_task_runner.py:72} INFO - Started process 79 to run task
[2024-11-13T21:35:44.627+0000] {standard_task_runner.py:104} INFO - Running: ['***', 'tasks', 'run', 'tutorial', 'sleep', 'scheduled__2024-11-12T00:00:00+00:00', '--job-id', '4', '--raw', '--subdir', '/home/***/.local/lib/python3.12/site-packages/***/example_dags/tutorial.py', '--cfg-path', '/tmp/tmpr78kjxcz']
[2024-11-13T21:35:44.627+0000] {standard_task_runner.py:105} INFO - Job 4: Subtask sleep
[2024-11-13T21:35:44.660+0000] {task_command.py:467} INFO - Running <TaskInstance: tutorial.sleep scheduled__2024-11-12T00:00:00+00:00 [running]> on host 499d2557b0dc
[2024-11-13T21:35:44.691+0000] {taskinstance.py:3132} INFO - Exporting env vars: AIRFLOW_CTX_DAG_EMAIL='***@example.com' AIRFLOW_CTX_DAG_OWNER='***' AIRFLOW_CTX_DAG_ID='tutorial' AIRFLOW_CTX_TASK_ID='sleep' AIRFLOW_CTX_EXECUTION_DATE='2024-11-12T00:00:00+00:00' AIRFLOW_CTX_TRY_NUMBER='1' AIRFLOW_CTX_DAG_RUN_ID='scheduled__2024-11-12T00:00:00+00:00'
[2024-11-13T21:35:44.692+0000] {logging_mixin.py:190} INFO - Task instance is in running state
[2024-11-13T21:35:44.692+0000] {logging_mixin.py:190} INFO -  Previous state of the Task instance: queued
[2024-11-13T21:35:44.692+0000] {logging_mixin.py:190} INFO - Current task name:sleep state:running start_date:2024-11-13 21:35:44.530733+00:00
[2024-11-13T21:35:44.692+0000] {logging_mixin.py:190} INFO - Dag name:tutorial and current dag run status:running
[2024-11-13T21:35:44.692+0000] {taskinstance.py:731} INFO - ::endgroup::
[2024-11-13T21:35:44.693+0000] {subprocess.py:78} INFO - Tmp dir root location: /tmp
[2024-11-13T21:35:44.693+0000] {subprocess.py:88} INFO - Running command: ['/usr/bin/bash', '-c', 'sleep 5']
[2024-11-13T21:35:44.697+0000] {subprocess.py:99} INFO - Output:
[2024-11-13T21:35:49.702+0000] {subprocess.py:110} INFO - Command exited with return code 0
[2024-11-13T21:35:49.732+0000] {taskinstance.py:340} INFO - ::group::Post task execution logs
[2024-11-13T21:35:49.732+0000] {taskinstance.py:352} INFO - Marking task as SUCCESS. dag_id=tutorial, task_id=sleep, run_id=scheduled__2024-11-12T00:00:00+00:00, execution_date=20241112T000000, start_date=20241113T213544, end_date=20241113T213549
[2024-11-13T21:35:49.740+0000] {logging_mixin.py:190} INFO - Task instance in success state
[2024-11-13T21:35:49.740+0000] {logging_mixin.py:190} INFO -  Previous state of the Task instance: running
[2024-11-13T21:35:49.740+0000] {logging_mixin.py:190} INFO - Dag name:tutorial queued_at:2024-11-13 21:35:40.552917+00:00
[2024-11-13T21:35:49.740+0000] {logging_mixin.py:190} INFO - Task hostname:499d2557b0dc operator:BashOperator
[2024-11-13T21:35:49.787+0000] {local_task_job_runner.py:266} INFO - Task exited with return code 0
[2024-11-13T21:35:49.796+0000] {taskinstance.py:3895} INFO - 0 downstream tasks scheduled from follow-on schedule check
[2024-11-13T21:35:49.797+0000] {local_task_job_runner.py:245} INFO - ::endgroup::
