[2024-11-14T02:38:26.379+0000] {local_task_job_runner.py:123} INFO - ::group::Pre task execution logs
[2024-11-14T02:38:26.386+0000] {taskinstance.py:2613} INFO - Dependencies all met for dep_context=non-requeueable deps ti=<TaskInstance: en_species_etl.extract_data manual__2024-11-14T02:38:25.658430+00:00 [queued]>
[2024-11-14T02:38:26.390+0000] {taskinstance.py:2613} INFO - Dependencies all met for dep_context=requeueable deps ti=<TaskInstance: en_species_etl.extract_data manual__2024-11-14T02:38:25.658430+00:00 [queued]>
[2024-11-14T02:38:26.390+0000] {taskinstance.py:2866} INFO - Starting attempt 1 of 1
[2024-11-14T02:38:26.395+0000] {taskinstance.py:2889} INFO - Executing <Task(PythonOperator): extract_data> on 2024-11-14 02:38:25.658430+00:00
[2024-11-14T02:38:26.398+0000] {warnings.py:112} WARNING - /home/***/.local/lib/python3.12/site-packages/***/task/task_runner/standard_task_runner.py:70: DeprecationWarning: This process (pid=64) is multi-threaded, use of fork() may lead to deadlocks in the child.
  pid = os.fork()

[2024-11-14T02:38:26.399+0000] {standard_task_runner.py:72} INFO - Started process 65 to run task
[2024-11-14T02:38:26.399+0000] {standard_task_runner.py:104} INFO - Running: ['***', 'tasks', 'run', 'en_species_etl', 'extract_data', 'manual__2024-11-14T02:38:25.658430+00:00', '--job-id', '5', '--raw', '--subdir', 'DAGS_FOLDER/en_species_dag.py', '--cfg-path', '/tmp/tmpe8ygehxz']
[2024-11-14T02:38:26.399+0000] {standard_task_runner.py:105} INFO - Job 5: Subtask extract_data
[2024-11-14T02:38:26.419+0000] {task_command.py:467} INFO - Running <TaskInstance: en_species_etl.extract_data manual__2024-11-14T02:38:25.658430+00:00 [running]> on host 3bde51e44d89
[2024-11-14T02:38:26.446+0000] {taskinstance.py:3132} INFO - Exporting env vars: AIRFLOW_CTX_DAG_OWNER='***' AIRFLOW_CTX_DAG_ID='en_species_etl' AIRFLOW_CTX_TASK_ID='extract_data' AIRFLOW_CTX_EXECUTION_DATE='2024-11-14T02:38:25.658430+00:00' AIRFLOW_CTX_TRY_NUMBER='1' AIRFLOW_CTX_DAG_RUN_ID='manual__2024-11-14T02:38:25.658430+00:00'
[2024-11-14T02:38:26.447+0000] {taskinstance.py:731} INFO - ::endgroup::
[2024-11-14T02:38:26.462+0000] {logging_mixin.py:190} INFO - hello world
[2024-11-14T02:38:26.462+0000] {python.py:240} INFO - Done. Returned value was: None
[2024-11-14T02:38:26.466+0000] {taskinstance.py:340} INFO - ::group::Post task execution logs
[2024-11-14T02:38:26.466+0000] {taskinstance.py:352} INFO - Marking task as SUCCESS. dag_id=en_species_etl, task_id=extract_data, run_id=manual__2024-11-14T02:38:25.658430+00:00, execution_date=20241114T023825, start_date=20241114T023826, end_date=20241114T023826
[2024-11-14T02:38:26.498+0000] {local_task_job_runner.py:266} INFO - Task exited with return code 0
[2024-11-14T02:38:26.506+0000] {taskinstance.py:3895} INFO - 1 downstream tasks scheduled from follow-on schedule check
[2024-11-14T02:38:26.506+0000] {local_task_job_runner.py:245} INFO - ::endgroup::
