[2024-11-19T06:17:03.139+0000] {local_task_job_runner.py:123} INFO - ::group::Pre task execution logs
[2024-11-19T06:17:03.152+0000] {taskinstance.py:2613} INFO - Dependencies all met for dep_context=non-requeueable deps ti=<TaskInstance: en_species_etl.extract_en_species_data manual__2024-11-19T06:17:01.572848+00:00 [queued]>
[2024-11-19T06:17:03.161+0000] {taskinstance.py:2613} INFO - Dependencies all met for dep_context=requeueable deps ti=<TaskInstance: en_species_etl.extract_en_species_data manual__2024-11-19T06:17:01.572848+00:00 [queued]>
[2024-11-19T06:17:03.162+0000] {taskinstance.py:2866} INFO - Starting attempt 1 of 1
[2024-11-19T06:17:03.169+0000] {taskinstance.py:2889} INFO - Executing <Task(PythonOperator): extract_en_species_data> on 2024-11-19 06:17:01.572848+00:00
[2024-11-19T06:17:03.173+0000] {warnings.py:112} WARNING - /home/***/.local/lib/python3.12/site-packages/***/task/task_runner/standard_task_runner.py:70: DeprecationWarning: This process (pid=92) is multi-threaded, use of fork() may lead to deadlocks in the child.
  pid = os.fork()

[2024-11-19T06:17:03.175+0000] {standard_task_runner.py:72} INFO - Started process 94 to run task
[2024-11-19T06:17:03.180+0000] {standard_task_runner.py:104} INFO - Running: ['***', 'tasks', 'run', 'en_species_etl', 'extract_en_species_data', 'manual__2024-11-19T06:17:01.572848+00:00', '--job-id', '14', '--raw', '--subdir', 'DAGS_FOLDER/en_species_dag.py', '--cfg-path', '/tmp/tmp6_smcb0d']
[2024-11-19T06:17:03.183+0000] {standard_task_runner.py:105} INFO - Job 14: Subtask extract_en_species_data
[2024-11-19T06:17:03.234+0000] {task_command.py:467} INFO - Running <TaskInstance: en_species_etl.extract_en_species_data manual__2024-11-19T06:17:01.572848+00:00 [running]> on host c62c806ab310
[2024-11-19T06:17:03.298+0000] {taskinstance.py:3132} INFO - Exporting env vars: AIRFLOW_CTX_DAG_OWNER='***' AIRFLOW_CTX_DAG_ID='en_species_etl' AIRFLOW_CTX_TASK_ID='extract_en_species_data' AIRFLOW_CTX_EXECUTION_DATE='2024-11-19T06:17:01.572848+00:00' AIRFLOW_CTX_TRY_NUMBER='1' AIRFLOW_CTX_DAG_RUN_ID='manual__2024-11-19T06:17:01.572848+00:00'
[2024-11-19T06:17:03.300+0000] {taskinstance.py:731} INFO - ::endgroup::
[2024-11-19T06:17:15.630+0000] {logging_mixin.py:190} INFO - 'NoneType' object is not subscriptable
[2024-11-19T06:17:15.631+0000] {logging_mixin.py:190} INFO - Assessment 254583273 download unsuccessful!
[2024-11-19T06:17:46.417+0000] {logging_mixin.py:190} INFO - Page 1 data downloaded!
[2024-11-19T06:17:56.058+0000] {logging_mixin.py:190} INFO - 'NoneType' object is not subscriptable
[2024-11-19T06:17:56.059+0000] {logging_mixin.py:190} INFO - Assessment 254583273 download unsuccessful!
[2024-11-19T06:18:24.577+0000] {logging_mixin.py:190} INFO - Page 2 data downloaded!
[2024-11-19T06:18:34.252+0000] {logging_mixin.py:190} INFO - 'NoneType' object is not subscriptable
[2024-11-19T06:18:34.253+0000] {logging_mixin.py:190} INFO - Assessment 254583273 download unsuccessful!
[2024-11-19T06:19:03.635+0000] {logging_mixin.py:190} INFO - Page 3 data downloaded!
[2024-11-19T06:19:13.772+0000] {logging_mixin.py:190} INFO - 'NoneType' object is not subscriptable
[2024-11-19T06:19:13.774+0000] {logging_mixin.py:190} INFO - Assessment 254583273 download unsuccessful!
[2024-11-19T06:19:42.835+0000] {logging_mixin.py:190} INFO - Page 4 data downloaded!
[2024-11-19T06:19:52.541+0000] {logging_mixin.py:190} INFO - 'NoneType' object is not subscriptable
[2024-11-19T06:19:52.542+0000] {logging_mixin.py:190} INFO - Assessment 254583273 download unsuccessful!
[2024-11-19T06:20:21.399+0000] {logging_mixin.py:190} INFO - Page 5 data downloaded!
[2024-11-19T06:20:31.097+0000] {logging_mixin.py:190} INFO - 'NoneType' object is not subscriptable
[2024-11-19T06:20:31.097+0000] {logging_mixin.py:190} INFO - Assessment 254583273 download unsuccessful!
