[2024-11-15T00:42:04.836+0000] {local_task_job_runner.py:123} INFO - ::group::Pre task execution logs
[2024-11-15T00:42:04.844+0000] {taskinstance.py:2613} INFO - Dependencies all met for dep_context=non-requeueable deps ti=<TaskInstance: en_species_etl.extract_data manual__2024-11-15T00:42:03.392362+00:00 [queued]>
[2024-11-15T00:42:04.848+0000] {taskinstance.py:2613} INFO - Dependencies all met for dep_context=requeueable deps ti=<TaskInstance: en_species_etl.extract_data manual__2024-11-15T00:42:03.392362+00:00 [queued]>
[2024-11-15T00:42:04.848+0000] {taskinstance.py:2866} INFO - Starting attempt 1 of 1
[2024-11-15T00:42:04.853+0000] {taskinstance.py:2889} INFO - Executing <Task(PythonOperator): extract_data> on 2024-11-15 00:42:03.392362+00:00
[2024-11-15T00:42:04.857+0000] {warnings.py:112} WARNING - /home/***/.local/lib/python3.12/site-packages/***/task/task_runner/standard_task_runner.py:70: DeprecationWarning: This process (pid=63) is multi-threaded, use of fork() may lead to deadlocks in the child.
  pid = os.fork()

[2024-11-15T00:42:04.860+0000] {standard_task_runner.py:72} INFO - Started process 64 to run task
[2024-11-15T00:42:04.859+0000] {standard_task_runner.py:104} INFO - Running: ['***', 'tasks', 'run', 'en_species_etl', 'extract_data', 'manual__2024-11-15T00:42:03.392362+00:00', '--job-id', '3', '--raw', '--subdir', 'DAGS_FOLDER/en_species_dag.py', '--cfg-path', '/tmp/tmpy6fo06si']
[2024-11-15T00:42:04.861+0000] {standard_task_runner.py:105} INFO - Job 3: Subtask extract_data
[2024-11-15T00:42:04.892+0000] {task_command.py:467} INFO - Running <TaskInstance: en_species_etl.extract_data manual__2024-11-15T00:42:03.392362+00:00 [running]> on host 59eb0bcfcfd3
[2024-11-15T00:42:05.109+0000] {taskinstance.py:3132} INFO - Exporting env vars: AIRFLOW_CTX_DAG_OWNER='***' AIRFLOW_CTX_DAG_ID='en_species_etl' AIRFLOW_CTX_TASK_ID='extract_data' AIRFLOW_CTX_EXECUTION_DATE='2024-11-15T00:42:03.392362+00:00' AIRFLOW_CTX_TRY_NUMBER='1' AIRFLOW_CTX_DAG_RUN_ID='manual__2024-11-15T00:42:03.392362+00:00'
[2024-11-15T00:42:05.110+0000] {taskinstance.py:731} INFO - ::endgroup::
[2024-11-15T00:43:29.149+0000] {logging_mixin.py:190} INFO - Page 1 data downloaded!
[2024-11-15T00:45:01.050+0000] {logging_mixin.py:190} INFO - Page 2 data downloaded!
[2024-11-15T00:46:23.584+0000] {logging_mixin.py:190} INFO - Page 3 data downloaded!
[2024-11-15T00:47:51.556+0000] {logging_mixin.py:190} INFO - Page 4 data downloaded!
[2024-11-15T00:49:51.574+0000] {logging_mixin.py:190} INFO - Page 5 data downloaded!
[2024-11-15T00:52:10.020+0000] {logging_mixin.py:190} INFO - Page 6 data downloaded!
[2024-11-15T00:53:35.901+0000] {logging_mixin.py:190} INFO - Page 7 data downloaded!
[2024-11-15T00:54:54.919+0000] {logging_mixin.py:190} INFO - Page 8 data downloaded!
[2024-11-15T00:56:18.854+0000] {logging_mixin.py:190} INFO - Page 9 data downloaded!
[2024-11-15T00:57:42.934+0000] {logging_mixin.py:190} INFO - Page 10 data downloaded!
[2024-11-15T00:59:07.430+0000] {logging_mixin.py:190} INFO - Page 11 data downloaded!
[2024-11-15T01:00:29.767+0000] {logging_mixin.py:190} INFO - Page 12 data downloaded!
[2024-11-15T01:01:49.870+0000] {logging_mixin.py:190} INFO - Page 13 data downloaded!
[2024-11-15T01:03:11.516+0000] {logging_mixin.py:190} INFO - Page 14 data downloaded!
[2024-11-15T01:04:26.124+0000] {logging_mixin.py:190} INFO - Page 15 data downloaded!
[2024-11-15T01:05:37.499+0000] {logging_mixin.py:190} INFO - Page 16 data downloaded!
[2024-11-15T01:06:55.977+0000] {logging_mixin.py:190} INFO - Page 17 data downloaded!
[2024-11-15T01:07:07.347+0000] {logging_mixin.py:190} INFO - 'NoneType' object is not subscriptable
[2024-11-15T01:07:07.348+0000] {logging_mixin.py:190} INFO - Assessment 254583273 download unsuccessful!
[2024-11-15T01:07:41.317+0000] {logging_mixin.py:190} INFO - Page 18 data downloaded!
[2024-11-15T01:07:41.318+0000] {python.py:240} INFO - Done. Returned value was: None
[2024-11-15T01:07:41.333+0000] {taskinstance.py:340} INFO - ::group::Post task execution logs
[2024-11-15T01:07:41.333+0000] {taskinstance.py:352} INFO - Marking task as SUCCESS. dag_id=en_species_etl, task_id=extract_data, run_id=manual__2024-11-15T00:42:03.392362+00:00, execution_date=20241115T004203, start_date=20241115T004204, end_date=20241115T010741
[2024-11-15T01:07:41.374+0000] {local_task_job_runner.py:266} INFO - Task exited with return code 0
[2024-11-15T01:07:41.607+0000] {taskinstance.py:3895} INFO - 1 downstream tasks scheduled from follow-on schedule check
[2024-11-15T01:07:41.610+0000] {local_task_job_runner.py:245} INFO - ::endgroup::
