[2024-11-20T07:14:54.237+0000] {local_task_job_runner.py:123} INFO - ::group::Pre task execution logs
[2024-11-20T07:14:54.248+0000] {taskinstance.py:2613} INFO - Dependencies all met for dep_context=non-requeueable deps ti=<TaskInstance: en_species_etl.load_en_species_data manual__2024-11-20T06:54:43.726196+00:00 [queued]>
[2024-11-20T07:14:54.254+0000] {taskinstance.py:2613} INFO - Dependencies all met for dep_context=requeueable deps ti=<TaskInstance: en_species_etl.load_en_species_data manual__2024-11-20T06:54:43.726196+00:00 [queued]>
[2024-11-20T07:14:54.254+0000] {taskinstance.py:2866} INFO - Starting attempt 1 of 1
[2024-11-20T07:14:54.260+0000] {taskinstance.py:2889} INFO - Executing <Task(PythonOperator): load_en_species_data> on 2024-11-20 06:54:43.726196+00:00
[2024-11-20T07:14:54.266+0000] {warnings.py:112} WARNING - /home/***/.local/lib/python3.12/site-packages/***/task/task_runner/standard_task_runner.py:70: DeprecationWarning: This process (pid=563) is multi-threaded, use of fork() may lead to deadlocks in the child.
  pid = os.fork()

[2024-11-20T07:14:54.267+0000] {standard_task_runner.py:72} INFO - Started process 564 to run task
[2024-11-20T07:14:54.268+0000] {standard_task_runner.py:104} INFO - Running: ['***', 'tasks', 'run', 'en_species_etl', 'load_en_species_data', 'manual__2024-11-20T06:54:43.726196+00:00', '--job-id', '32', '--raw', '--subdir', 'DAGS_FOLDER/en_species_dag.py', '--cfg-path', '/tmp/tmppil3054r']
[2024-11-20T07:14:54.270+0000] {standard_task_runner.py:105} INFO - Job 32: Subtask load_en_species_data
[2024-11-20T07:14:54.301+0000] {task_command.py:467} INFO - Running <TaskInstance: en_species_etl.load_en_species_data manual__2024-11-20T06:54:43.726196+00:00 [running]> on host e292f706ccf8
[2024-11-20T07:14:54.348+0000] {taskinstance.py:3132} INFO - Exporting env vars: AIRFLOW_CTX_DAG_OWNER='***' AIRFLOW_CTX_DAG_ID='en_species_etl' AIRFLOW_CTX_TASK_ID='load_en_species_data' AIRFLOW_CTX_EXECUTION_DATE='2024-11-20T06:54:43.726196+00:00' AIRFLOW_CTX_TRY_NUMBER='1' AIRFLOW_CTX_DAG_RUN_ID='manual__2024-11-20T06:54:43.726196+00:00'
[2024-11-20T07:14:54.349+0000] {taskinstance.py:731} INFO - ::endgroup::
[2024-11-20T07:14:54.367+0000] {base.py:84} INFO - Retrieving connection 's3_conn'
[2024-11-20T07:14:54.367+0000] {connection_wrapper.py:328} INFO - AWS Connection (conn_id='s3_conn', conn_type='aws') credentials retrieved from extra.
[2024-11-20T07:14:56.095+0000] {hook.py:208} WARNING - Data lineage tracking is disabled. Register a hook lineage reader to start tracking hook lineage.
[2024-11-20T07:14:56.384+0000] {hook.py:208} WARNING - Data lineage tracking is disabled. Register a hook lineage reader to start tracking hook lineage.
[2024-11-20T07:14:56.384+0000] {hook.py:208} WARNING - Data lineage tracking is disabled. Register a hook lineage reader to start tracking hook lineage.
[2024-11-20T07:14:57.242+0000] {hook.py:208} WARNING - Data lineage tracking is disabled. Register a hook lineage reader to start tracking hook lineage.
[2024-11-20T07:14:57.243+0000] {hook.py:208} WARNING - Data lineage tracking is disabled. Register a hook lineage reader to start tracking hook lineage.
[2024-11-20T07:14:57.456+0000] {hook.py:208} WARNING - Data lineage tracking is disabled. Register a hook lineage reader to start tracking hook lineage.
[2024-11-20T07:14:57.456+0000] {hook.py:208} WARNING - Data lineage tracking is disabled. Register a hook lineage reader to start tracking hook lineage.
[2024-11-20T07:14:58.152+0000] {hook.py:208} WARNING - Data lineage tracking is disabled. Register a hook lineage reader to start tracking hook lineage.
[2024-11-20T07:14:58.153+0000] {hook.py:208} WARNING - Data lineage tracking is disabled. Register a hook lineage reader to start tracking hook lineage.
[2024-11-20T07:14:58.158+0000] {python.py:240} INFO - Done. Returned value was: None
[2024-11-20T07:14:58.173+0000] {taskinstance.py:340} INFO - ::group::Post task execution logs
[2024-11-20T07:14:58.174+0000] {taskinstance.py:352} INFO - Marking task as SUCCESS. dag_id=en_species_etl, task_id=load_en_species_data, run_id=manual__2024-11-20T06:54:43.726196+00:00, execution_date=20241120T065443, start_date=20241120T071454, end_date=20241120T071458
[2024-11-20T07:14:58.210+0000] {local_task_job_runner.py:266} INFO - Task exited with return code 0
[2024-11-20T07:14:58.224+0000] {taskinstance.py:3895} INFO - 0 downstream tasks scheduled from follow-on schedule check
[2024-11-20T07:14:58.225+0000] {local_task_job_runner.py:245} INFO - ::endgroup::
