[2024-11-14T03:06:29.687+0000] {local_task_job_runner.py:123} INFO - ::group::Pre task execution logs
[2024-11-14T03:06:29.695+0000] {taskinstance.py:2613} INFO - Dependencies all met for dep_context=non-requeueable deps ti=<TaskInstance: en_species_etl.message manual__2024-11-14T03:06:28.104520+00:00 [queued]>
[2024-11-14T03:06:29.698+0000] {taskinstance.py:2613} INFO - Dependencies all met for dep_context=requeueable deps ti=<TaskInstance: en_species_etl.message manual__2024-11-14T03:06:28.104520+00:00 [queued]>
[2024-11-14T03:06:29.698+0000] {taskinstance.py:2866} INFO - Starting attempt 1 of 1
[2024-11-14T03:06:29.703+0000] {taskinstance.py:2889} INFO - Executing <Task(PythonOperator): message> on 2024-11-14 03:06:28.104520+00:00
[2024-11-14T03:06:29.706+0000] {warnings.py:112} WARNING - /home/***/.local/lib/python3.12/site-packages/***/task/task_runner/standard_task_runner.py:70: DeprecationWarning: This process (pid=88) is multi-threaded, use of fork() may lead to deadlocks in the child.
  pid = os.fork()

[2024-11-14T03:06:29.707+0000] {standard_task_runner.py:72} INFO - Started process 89 to run task
[2024-11-14T03:06:29.707+0000] {standard_task_runner.py:104} INFO - Running: ['***', 'tasks', 'run', 'en_species_etl', 'message', 'manual__2024-11-14T03:06:28.104520+00:00', '--job-id', '4', '--raw', '--subdir', 'DAGS_FOLDER/en_species_dag.py', '--cfg-path', '/tmp/tmp65_awv_z']
[2024-11-14T03:06:29.708+0000] {standard_task_runner.py:105} INFO - Job 4: Subtask message
[2024-11-14T03:06:29.730+0000] {task_command.py:467} INFO - Running <TaskInstance: en_species_etl.message manual__2024-11-14T03:06:28.104520+00:00 [running]> on host 0f3a788f39c1
[2024-11-14T03:06:29.759+0000] {taskinstance.py:3132} INFO - Exporting env vars: AIRFLOW_CTX_DAG_OWNER='***' AIRFLOW_CTX_DAG_ID='en_species_etl' AIRFLOW_CTX_TASK_ID='message' AIRFLOW_CTX_EXECUTION_DATE='2024-11-14T03:06:28.104520+00:00' AIRFLOW_CTX_TRY_NUMBER='1' AIRFLOW_CTX_DAG_RUN_ID='manual__2024-11-14T03:06:28.104520+00:00'
[2024-11-14T03:06:29.759+0000] {taskinstance.py:731} INFO - ::endgroup::
[2024-11-14T03:06:29.766+0000] {logging_mixin.py:190} INFO - Extracted successfully!
[2024-11-14T03:06:29.766+0000] {python.py:240} INFO - Done. Returned value was: None
[2024-11-14T03:06:29.771+0000] {taskinstance.py:340} INFO - ::group::Post task execution logs
[2024-11-14T03:06:29.772+0000] {taskinstance.py:352} INFO - Marking task as SUCCESS. dag_id=en_species_etl, task_id=message, run_id=manual__2024-11-14T03:06:28.104520+00:00, execution_date=20241114T030628, start_date=20241114T030629, end_date=20241114T030629
[2024-11-14T03:06:29.810+0000] {local_task_job_runner.py:266} INFO - Task exited with return code 0
[2024-11-14T03:06:29.817+0000] {taskinstance.py:3895} INFO - 0 downstream tasks scheduled from follow-on schedule check
[2024-11-14T03:06:29.818+0000] {local_task_job_runner.py:245} INFO - ::endgroup::
