[2024-11-17T19:46:35.600+0000] {local_task_job_runner.py:123} INFO - ::group::Pre task execution logs
[2024-11-17T19:46:35.609+0000] {taskinstance.py:2613} INFO - Dependencies all met for dep_context=non-requeueable deps ti=<TaskInstance: en_species_etl.load_data_to_s3 manual__2024-11-17T19:46:33.000334+00:00 [queued]>
[2024-11-17T19:46:35.613+0000] {taskinstance.py:2613} INFO - Dependencies all met for dep_context=requeueable deps ti=<TaskInstance: en_species_etl.load_data_to_s3 manual__2024-11-17T19:46:33.000334+00:00 [queued]>
[2024-11-17T19:46:35.613+0000] {taskinstance.py:2866} INFO - Starting attempt 1 of 1
[2024-11-17T19:46:35.618+0000] {taskinstance.py:2889} INFO - Executing <Task(PythonOperator): load_data_to_s3> on 2024-11-17 19:46:33.000334+00:00
[2024-11-17T19:46:35.622+0000] {warnings.py:112} WARNING - /home/***/.local/lib/python3.12/site-packages/***/task/task_runner/standard_task_runner.py:70: DeprecationWarning: This process (pid=488) is multi-threaded, use of fork() may lead to deadlocks in the child.
  pid = os.fork()

[2024-11-17T19:46:35.624+0000] {standard_task_runner.py:72} INFO - Started process 489 to run task
[2024-11-17T19:46:35.623+0000] {standard_task_runner.py:104} INFO - Running: ['***', 'tasks', 'run', 'en_species_etl', 'load_data_to_s3', 'manual__2024-11-17T19:46:33.000334+00:00', '--job-id', '11', '--raw', '--subdir', 'DAGS_FOLDER/en_species_dag.py', '--cfg-path', '/tmp/tmpus35nzg5']
[2024-11-17T19:46:35.624+0000] {standard_task_runner.py:105} INFO - Job 11: Subtask load_data_to_s3
[2024-11-17T19:46:35.645+0000] {task_command.py:467} INFO - Running <TaskInstance: en_species_etl.load_data_to_s3 manual__2024-11-17T19:46:33.000334+00:00 [running]> on host 215aff354163
[2024-11-17T19:46:35.674+0000] {taskinstance.py:3132} INFO - Exporting env vars: AIRFLOW_CTX_DAG_OWNER='***' AIRFLOW_CTX_DAG_ID='en_species_etl' AIRFLOW_CTX_TASK_ID='load_data_to_s3' AIRFLOW_CTX_EXECUTION_DATE='2024-11-17T19:46:33.000334+00:00' AIRFLOW_CTX_TRY_NUMBER='1' AIRFLOW_CTX_DAG_RUN_ID='manual__2024-11-17T19:46:33.000334+00:00'
[2024-11-17T19:46:35.674+0000] {taskinstance.py:731} INFO - ::endgroup::
[2024-11-17T19:46:35.684+0000] {base.py:84} INFO - Retrieving connection 's3_conn'
[2024-11-17T19:46:35.684+0000] {connection_wrapper.py:328} INFO - AWS Connection (conn_id='s3_conn', conn_type='aws') credentials retrieved from extra.
[2024-11-17T19:46:36.855+0000] {hook.py:208} WARNING - Data lineage tracking is disabled. Register a hook lineage reader to start tracking hook lineage.
[2024-11-17T19:46:37.031+0000] {hook.py:208} WARNING - Data lineage tracking is disabled. Register a hook lineage reader to start tracking hook lineage.
[2024-11-17T19:46:37.032+0000] {hook.py:208} WARNING - Data lineage tracking is disabled. Register a hook lineage reader to start tracking hook lineage.
[2024-11-17T19:46:37.223+0000] {hook.py:208} WARNING - Data lineage tracking is disabled. Register a hook lineage reader to start tracking hook lineage.
[2024-11-17T19:46:37.224+0000] {hook.py:208} WARNING - Data lineage tracking is disabled. Register a hook lineage reader to start tracking hook lineage.
[2024-11-17T19:46:37.414+0000] {hook.py:208} WARNING - Data lineage tracking is disabled. Register a hook lineage reader to start tracking hook lineage.
[2024-11-17T19:46:37.414+0000] {hook.py:208} WARNING - Data lineage tracking is disabled. Register a hook lineage reader to start tracking hook lineage.
[2024-11-17T19:46:37.753+0000] {hook.py:208} WARNING - Data lineage tracking is disabled. Register a hook lineage reader to start tracking hook lineage.
[2024-11-17T19:46:37.754+0000] {hook.py:208} WARNING - Data lineage tracking is disabled. Register a hook lineage reader to start tracking hook lineage.
[2024-11-17T19:46:37.754+0000] {python.py:240} INFO - Done. Returned value was: None
[2024-11-17T19:46:37.765+0000] {taskinstance.py:340} INFO - ::group::Post task execution logs
[2024-11-17T19:46:37.765+0000] {taskinstance.py:352} INFO - Marking task as SUCCESS. dag_id=en_species_etl, task_id=load_data_to_s3, run_id=manual__2024-11-17T19:46:33.000334+00:00, execution_date=20241117T194633, start_date=20241117T194635, end_date=20241117T194637
[2024-11-17T19:46:37.817+0000] {local_task_job_runner.py:266} INFO - Task exited with return code 0
[2024-11-17T19:46:37.831+0000] {taskinstance.py:3895} INFO - 0 downstream tasks scheduled from follow-on schedule check
[2024-11-17T19:46:37.834+0000] {local_task_job_runner.py:245} INFO - ::endgroup::
