[2024-11-13T21:28:27.243+0000] {processor.py:186} INFO - Started process (PID=51) to work on /home/airflow/.local/lib/python3.12/site-packages/airflow/example_dags/example_branch_labels.py
[2024-11-13T21:28:27.243+0000] {processor.py:914} INFO - Processing file /home/airflow/.local/lib/python3.12/site-packages/airflow/example_dags/example_branch_labels.py for tasks to queue
[2024-11-13T21:28:27.244+0000] {logging_mixin.py:190} INFO - [2024-11-13T21:28:27.244+0000] {dagbag.py:588} INFO - Filling up the DagBag from /home/airflow/.local/lib/python3.12/site-packages/airflow/example_dags/example_branch_labels.py
[2024-11-13T21:28:27.249+0000] {processor.py:925} INFO - DAG(s) 'example_branch_labels' retrieved from /home/airflow/.local/lib/python3.12/site-packages/airflow/example_dags/example_branch_labels.py
[2024-11-13T21:28:27.297+0000] {logging_mixin.py:190} INFO - [2024-11-13T21:28:27.297+0000] {override.py:1911} INFO - Created Permission View: can edit on DAG:example_branch_labels
[2024-11-13T21:28:27.301+0000] {logging_mixin.py:190} INFO - [2024-11-13T21:28:27.301+0000] {override.py:1911} INFO - Created Permission View: can read on DAG:example_branch_labels
[2024-11-13T21:28:27.303+0000] {logging_mixin.py:190} INFO - [2024-11-13T21:28:27.303+0000] {override.py:1911} INFO - Created Permission View: can delete on DAG:example_branch_labels
[2024-11-13T21:28:27.305+0000] {logging_mixin.py:190} INFO - [2024-11-13T21:28:27.305+0000] {override.py:1911} INFO - Created Permission View: can delete on DAG Run:example_branch_labels
[2024-11-13T21:28:27.307+0000] {logging_mixin.py:190} INFO - [2024-11-13T21:28:27.307+0000] {override.py:1911} INFO - Created Permission View: can read on DAG Run:example_branch_labels
[2024-11-13T21:28:27.310+0000] {logging_mixin.py:190} INFO - [2024-11-13T21:28:27.310+0000] {override.py:1911} INFO - Created Permission View: menu access on DAG Run:example_branch_labels
[2024-11-13T21:28:27.312+0000] {logging_mixin.py:190} INFO - [2024-11-13T21:28:27.312+0000] {override.py:1911} INFO - Created Permission View: can create on DAG Run:example_branch_labels
[2024-11-13T21:28:27.312+0000] {logging_mixin.py:190} INFO - [2024-11-13T21:28:27.312+0000] {dag.py:3239} INFO - Sync 1 DAGs
[2024-11-13T21:28:27.318+0000] {logging_mixin.py:190} INFO - [2024-11-13T21:28:27.318+0000] {dag.py:3262} INFO - Creating ORM DAG for example_branch_labels
[2024-11-13T21:28:27.322+0000] {logging_mixin.py:190} INFO - [2024-11-13T21:28:27.322+0000] {dag.py:4180} INFO - Setting next_dagrun for example_branch_labels to 2024-11-12 00:00:00+00:00, run_after=2024-11-13 00:00:00+00:00
[2024-11-13T21:28:27.328+0000] {processor.py:208} INFO - Processing /home/airflow/.local/lib/python3.12/site-packages/airflow/example_dags/example_branch_labels.py took 0.088 seconds
[2024-11-13T21:28:57.717+0000] {processor.py:186} INFO - Started process (PID=113) to work on /home/airflow/.local/lib/python3.12/site-packages/airflow/example_dags/example_branch_labels.py
[2024-11-13T21:28:57.718+0000] {processor.py:914} INFO - Processing file /home/airflow/.local/lib/python3.12/site-packages/airflow/example_dags/example_branch_labels.py for tasks to queue
[2024-11-13T21:28:57.719+0000] {logging_mixin.py:190} INFO - [2024-11-13T21:28:57.719+0000] {dagbag.py:588} INFO - Filling up the DagBag from /home/airflow/.local/lib/python3.12/site-packages/airflow/example_dags/example_branch_labels.py
[2024-11-13T21:28:57.723+0000] {processor.py:925} INFO - DAG(s) 'example_branch_labels' retrieved from /home/airflow/.local/lib/python3.12/site-packages/airflow/example_dags/example_branch_labels.py
[2024-11-13T21:28:57.731+0000] {logging_mixin.py:190} INFO - [2024-11-13T21:28:57.731+0000] {dag.py:3239} INFO - Sync 1 DAGs
[2024-11-13T21:28:57.741+0000] {logging_mixin.py:190} INFO - [2024-11-13T21:28:57.741+0000] {dag.py:4180} INFO - Setting next_dagrun for example_branch_labels to 2024-11-12 00:00:00+00:00, run_after=2024-11-13 00:00:00+00:00
[2024-11-13T21:28:57.747+0000] {processor.py:208} INFO - Processing /home/airflow/.local/lib/python3.12/site-packages/airflow/example_dags/example_branch_labels.py took 0.032 seconds
[2024-11-13T21:29:28.253+0000] {processor.py:186} INFO - Started process (PID=175) to work on /home/airflow/.local/lib/python3.12/site-packages/airflow/example_dags/example_branch_labels.py
[2024-11-13T21:29:28.253+0000] {processor.py:914} INFO - Processing file /home/airflow/.local/lib/python3.12/site-packages/airflow/example_dags/example_branch_labels.py for tasks to queue
[2024-11-13T21:29:28.254+0000] {logging_mixin.py:190} INFO - [2024-11-13T21:29:28.254+0000] {dagbag.py:588} INFO - Filling up the DagBag from /home/airflow/.local/lib/python3.12/site-packages/airflow/example_dags/example_branch_labels.py
[2024-11-13T21:29:28.259+0000] {processor.py:925} INFO - DAG(s) 'example_branch_labels' retrieved from /home/airflow/.local/lib/python3.12/site-packages/airflow/example_dags/example_branch_labels.py
[2024-11-13T21:29:28.269+0000] {logging_mixin.py:190} INFO - [2024-11-13T21:29:28.269+0000] {dag.py:3239} INFO - Sync 1 DAGs
[2024-11-13T21:29:28.278+0000] {logging_mixin.py:190} INFO - [2024-11-13T21:29:28.278+0000] {dag.py:4180} INFO - Setting next_dagrun for example_branch_labels to 2024-11-12 00:00:00+00:00, run_after=2024-11-13 00:00:00+00:00
[2024-11-13T21:29:28.284+0000] {processor.py:208} INFO - Processing /home/airflow/.local/lib/python3.12/site-packages/airflow/example_dags/example_branch_labels.py took 0.033 seconds
[2024-11-13T21:29:58.338+0000] {processor.py:186} INFO - Started process (PID=237) to work on /home/airflow/.local/lib/python3.12/site-packages/airflow/example_dags/example_branch_labels.py
[2024-11-13T21:29:58.338+0000] {processor.py:914} INFO - Processing file /home/airflow/.local/lib/python3.12/site-packages/airflow/example_dags/example_branch_labels.py for tasks to queue
[2024-11-13T21:29:58.339+0000] {logging_mixin.py:190} INFO - [2024-11-13T21:29:58.339+0000] {dagbag.py:588} INFO - Filling up the DagBag from /home/airflow/.local/lib/python3.12/site-packages/airflow/example_dags/example_branch_labels.py
[2024-11-13T21:29:58.344+0000] {processor.py:925} INFO - DAG(s) 'example_branch_labels' retrieved from /home/airflow/.local/lib/python3.12/site-packages/airflow/example_dags/example_branch_labels.py
[2024-11-13T21:29:58.354+0000] {logging_mixin.py:190} INFO - [2024-11-13T21:29:58.354+0000] {dag.py:3239} INFO - Sync 1 DAGs
[2024-11-13T21:29:58.364+0000] {logging_mixin.py:190} INFO - [2024-11-13T21:29:58.364+0000] {dag.py:4180} INFO - Setting next_dagrun for example_branch_labels to 2024-11-12 00:00:00+00:00, run_after=2024-11-13 00:00:00+00:00
[2024-11-13T21:29:58.374+0000] {processor.py:208} INFO - Processing /home/airflow/.local/lib/python3.12/site-packages/airflow/example_dags/example_branch_labels.py took 0.039 seconds
[2024-11-13T21:30:28.509+0000] {processor.py:186} INFO - Started process (PID=299) to work on /home/airflow/.local/lib/python3.12/site-packages/airflow/example_dags/example_branch_labels.py
[2024-11-13T21:30:28.510+0000] {processor.py:914} INFO - Processing file /home/airflow/.local/lib/python3.12/site-packages/airflow/example_dags/example_branch_labels.py for tasks to queue
[2024-11-13T21:30:28.511+0000] {logging_mixin.py:190} INFO - [2024-11-13T21:30:28.511+0000] {dagbag.py:588} INFO - Filling up the DagBag from /home/airflow/.local/lib/python3.12/site-packages/airflow/example_dags/example_branch_labels.py
[2024-11-13T21:30:28.517+0000] {processor.py:925} INFO - DAG(s) 'example_branch_labels' retrieved from /home/airflow/.local/lib/python3.12/site-packages/airflow/example_dags/example_branch_labels.py
[2024-11-13T21:30:28.528+0000] {logging_mixin.py:190} INFO - [2024-11-13T21:30:28.528+0000] {dag.py:3239} INFO - Sync 1 DAGs
[2024-11-13T21:30:28.538+0000] {logging_mixin.py:190} INFO - [2024-11-13T21:30:28.538+0000] {dag.py:4180} INFO - Setting next_dagrun for example_branch_labels to 2024-11-12 00:00:00+00:00, run_after=2024-11-13 00:00:00+00:00
[2024-11-13T21:30:28.547+0000] {processor.py:208} INFO - Processing /home/airflow/.local/lib/python3.12/site-packages/airflow/example_dags/example_branch_labels.py took 0.041 seconds
[2024-11-13T21:35:01.123+0000] {processor.py:186} INFO - Started process (PID=53) to work on /home/airflow/.local/lib/python3.12/site-packages/airflow/example_dags/example_branch_labels.py
[2024-11-13T21:35:01.125+0000] {processor.py:914} INFO - Processing file /home/airflow/.local/lib/python3.12/site-packages/airflow/example_dags/example_branch_labels.py for tasks to queue
[2024-11-13T21:35:01.128+0000] {logging_mixin.py:190} INFO - [2024-11-13T21:35:01.127+0000] {dagbag.py:588} INFO - Filling up the DagBag from /home/airflow/.local/lib/python3.12/site-packages/airflow/example_dags/example_branch_labels.py
[2024-11-13T21:35:01.133+0000] {processor.py:925} INFO - DAG(s) 'example_branch_labels' retrieved from /home/airflow/.local/lib/python3.12/site-packages/airflow/example_dags/example_branch_labels.py
[2024-11-13T21:35:01.213+0000] {logging_mixin.py:190} INFO - [2024-11-13T21:35:01.209+0000] {override.py:1911} INFO - Created Permission View: can edit on DAG:example_branch_labels
[2024-11-13T21:35:01.221+0000] {logging_mixin.py:190} INFO - [2024-11-13T21:35:01.221+0000] {override.py:1911} INFO - Created Permission View: can delete on DAG:example_branch_labels
[2024-11-13T21:35:01.225+0000] {logging_mixin.py:190} INFO - [2024-11-13T21:35:01.225+0000] {override.py:1911} INFO - Created Permission View: can read on DAG:example_branch_labels
[2024-11-13T21:35:01.229+0000] {logging_mixin.py:190} INFO - [2024-11-13T21:35:01.229+0000] {override.py:1911} INFO - Created Permission View: can create on DAG Run:example_branch_labels
[2024-11-13T21:35:01.232+0000] {logging_mixin.py:190} INFO - [2024-11-13T21:35:01.232+0000] {override.py:1911} INFO - Created Permission View: can delete on DAG Run:example_branch_labels
[2024-11-13T21:35:01.237+0000] {logging_mixin.py:190} INFO - [2024-11-13T21:35:01.237+0000] {override.py:1911} INFO - Created Permission View: menu access on DAG Run:example_branch_labels
[2024-11-13T21:35:01.241+0000] {logging_mixin.py:190} INFO - [2024-11-13T21:35:01.241+0000] {override.py:1911} INFO - Created Permission View: can read on DAG Run:example_branch_labels
[2024-11-13T21:35:01.241+0000] {logging_mixin.py:190} INFO - [2024-11-13T21:35:01.241+0000] {dag.py:3239} INFO - Sync 1 DAGs
[2024-11-13T21:35:01.248+0000] {logging_mixin.py:190} INFO - [2024-11-13T21:35:01.247+0000] {dag.py:3262} INFO - Creating ORM DAG for example_branch_labels
[2024-11-13T21:35:01.253+0000] {logging_mixin.py:190} INFO - [2024-11-13T21:35:01.253+0000] {dag.py:4180} INFO - Setting next_dagrun for example_branch_labels to 2024-11-12 00:00:00+00:00, run_after=2024-11-13 00:00:00+00:00
[2024-11-13T21:35:01.263+0000] {processor.py:208} INFO - Processing /home/airflow/.local/lib/python3.12/site-packages/airflow/example_dags/example_branch_labels.py took 0.144 seconds
[2024-11-13T21:35:32.231+0000] {processor.py:186} INFO - Started process (PID=116) to work on /home/airflow/.local/lib/python3.12/site-packages/airflow/example_dags/example_branch_labels.py
[2024-11-13T21:35:32.231+0000] {processor.py:914} INFO - Processing file /home/airflow/.local/lib/python3.12/site-packages/airflow/example_dags/example_branch_labels.py for tasks to queue
[2024-11-13T21:35:32.232+0000] {logging_mixin.py:190} INFO - [2024-11-13T21:35:32.232+0000] {dagbag.py:588} INFO - Filling up the DagBag from /home/airflow/.local/lib/python3.12/site-packages/airflow/example_dags/example_branch_labels.py
[2024-11-13T21:35:32.237+0000] {processor.py:925} INFO - DAG(s) 'example_branch_labels' retrieved from /home/airflow/.local/lib/python3.12/site-packages/airflow/example_dags/example_branch_labels.py
[2024-11-13T21:35:32.251+0000] {logging_mixin.py:190} INFO - [2024-11-13T21:35:32.251+0000] {dag.py:3239} INFO - Sync 1 DAGs
[2024-11-13T21:35:32.261+0000] {logging_mixin.py:190} INFO - [2024-11-13T21:35:32.261+0000] {dag.py:4180} INFO - Setting next_dagrun for example_branch_labels to 2024-11-12 00:00:00+00:00, run_after=2024-11-13 00:00:00+00:00
[2024-11-13T21:35:32.269+0000] {processor.py:208} INFO - Processing /home/airflow/.local/lib/python3.12/site-packages/airflow/example_dags/example_branch_labels.py took 0.041 seconds
[2024-11-13T21:36:02.832+0000] {processor.py:186} INFO - Started process (PID=183) to work on /home/airflow/.local/lib/python3.12/site-packages/airflow/example_dags/example_branch_labels.py
[2024-11-13T21:36:02.832+0000] {processor.py:914} INFO - Processing file /home/airflow/.local/lib/python3.12/site-packages/airflow/example_dags/example_branch_labels.py for tasks to queue
[2024-11-13T21:36:02.833+0000] {logging_mixin.py:190} INFO - [2024-11-13T21:36:02.833+0000] {dagbag.py:588} INFO - Filling up the DagBag from /home/airflow/.local/lib/python3.12/site-packages/airflow/example_dags/example_branch_labels.py
[2024-11-13T21:36:02.837+0000] {processor.py:925} INFO - DAG(s) 'example_branch_labels' retrieved from /home/airflow/.local/lib/python3.12/site-packages/airflow/example_dags/example_branch_labels.py
[2024-11-13T21:36:02.849+0000] {logging_mixin.py:190} INFO - [2024-11-13T21:36:02.849+0000] {dag.py:3239} INFO - Sync 1 DAGs
[2024-11-13T21:36:02.860+0000] {logging_mixin.py:190} INFO - [2024-11-13T21:36:02.859+0000] {dag.py:4180} INFO - Setting next_dagrun for example_branch_labels to 2024-11-12 00:00:00+00:00, run_after=2024-11-13 00:00:00+00:00
[2024-11-13T21:36:02.868+0000] {processor.py:208} INFO - Processing /home/airflow/.local/lib/python3.12/site-packages/airflow/example_dags/example_branch_labels.py took 0.039 seconds
[2024-11-13T21:36:33.315+0000] {processor.py:186} INFO - Started process (PID=246) to work on /home/airflow/.local/lib/python3.12/site-packages/airflow/example_dags/example_branch_labels.py
[2024-11-13T21:36:33.315+0000] {processor.py:914} INFO - Processing file /home/airflow/.local/lib/python3.12/site-packages/airflow/example_dags/example_branch_labels.py for tasks to queue
[2024-11-13T21:36:33.318+0000] {logging_mixin.py:190} INFO - [2024-11-13T21:36:33.317+0000] {dagbag.py:588} INFO - Filling up the DagBag from /home/airflow/.local/lib/python3.12/site-packages/airflow/example_dags/example_branch_labels.py
[2024-11-13T21:36:33.323+0000] {processor.py:925} INFO - DAG(s) 'example_branch_labels' retrieved from /home/airflow/.local/lib/python3.12/site-packages/airflow/example_dags/example_branch_labels.py
[2024-11-13T21:36:33.333+0000] {logging_mixin.py:190} INFO - [2024-11-13T21:36:33.333+0000] {dag.py:3239} INFO - Sync 1 DAGs
[2024-11-13T21:36:33.343+0000] {logging_mixin.py:190} INFO - [2024-11-13T21:36:33.343+0000] {dag.py:4180} INFO - Setting next_dagrun for example_branch_labels to 2024-11-12 00:00:00+00:00, run_after=2024-11-13 00:00:00+00:00
[2024-11-13T21:36:33.355+0000] {processor.py:208} INFO - Processing /home/airflow/.local/lib/python3.12/site-packages/airflow/example_dags/example_branch_labels.py took 0.043 seconds
[2024-11-13T21:37:03.804+0000] {processor.py:186} INFO - Started process (PID=309) to work on /home/airflow/.local/lib/python3.12/site-packages/airflow/example_dags/example_branch_labels.py
[2024-11-13T21:37:03.805+0000] {processor.py:914} INFO - Processing file /home/airflow/.local/lib/python3.12/site-packages/airflow/example_dags/example_branch_labels.py for tasks to queue
[2024-11-13T21:37:03.807+0000] {logging_mixin.py:190} INFO - [2024-11-13T21:37:03.807+0000] {dagbag.py:588} INFO - Filling up the DagBag from /home/airflow/.local/lib/python3.12/site-packages/airflow/example_dags/example_branch_labels.py
[2024-11-13T21:37:03.812+0000] {processor.py:925} INFO - DAG(s) 'example_branch_labels' retrieved from /home/airflow/.local/lib/python3.12/site-packages/airflow/example_dags/example_branch_labels.py
[2024-11-13T21:37:03.821+0000] {logging_mixin.py:190} INFO - [2024-11-13T21:37:03.821+0000] {dag.py:3239} INFO - Sync 1 DAGs
[2024-11-13T21:37:03.834+0000] {logging_mixin.py:190} INFO - [2024-11-13T21:37:03.834+0000] {dag.py:4180} INFO - Setting next_dagrun for example_branch_labels to 2024-11-12 00:00:00+00:00, run_after=2024-11-13 00:00:00+00:00
[2024-11-13T21:37:03.843+0000] {processor.py:208} INFO - Processing /home/airflow/.local/lib/python3.12/site-packages/airflow/example_dags/example_branch_labels.py took 0.042 seconds
[2024-11-13T21:37:34.248+0000] {processor.py:186} INFO - Started process (PID=378) to work on /home/airflow/.local/lib/python3.12/site-packages/airflow/example_dags/example_branch_labels.py
[2024-11-13T21:37:34.248+0000] {processor.py:914} INFO - Processing file /home/airflow/.local/lib/python3.12/site-packages/airflow/example_dags/example_branch_labels.py for tasks to queue
[2024-11-13T21:37:34.249+0000] {logging_mixin.py:190} INFO - [2024-11-13T21:37:34.249+0000] {dagbag.py:588} INFO - Filling up the DagBag from /home/airflow/.local/lib/python3.12/site-packages/airflow/example_dags/example_branch_labels.py
[2024-11-13T21:37:34.256+0000] {processor.py:925} INFO - DAG(s) 'example_branch_labels' retrieved from /home/airflow/.local/lib/python3.12/site-packages/airflow/example_dags/example_branch_labels.py
[2024-11-13T21:37:34.266+0000] {logging_mixin.py:190} INFO - [2024-11-13T21:37:34.266+0000] {dag.py:3239} INFO - Sync 1 DAGs
[2024-11-13T21:37:34.276+0000] {logging_mixin.py:190} INFO - [2024-11-13T21:37:34.276+0000] {dag.py:4180} INFO - Setting next_dagrun for example_branch_labels to 2024-11-12 00:00:00+00:00, run_after=2024-11-13 00:00:00+00:00
[2024-11-13T21:37:34.286+0000] {processor.py:208} INFO - Processing /home/airflow/.local/lib/python3.12/site-packages/airflow/example_dags/example_branch_labels.py took 0.041 seconds
[2024-11-13T21:38:04.675+0000] {processor.py:186} INFO - Started process (PID=441) to work on /home/airflow/.local/lib/python3.12/site-packages/airflow/example_dags/example_branch_labels.py
[2024-11-13T21:38:04.675+0000] {processor.py:914} INFO - Processing file /home/airflow/.local/lib/python3.12/site-packages/airflow/example_dags/example_branch_labels.py for tasks to queue
[2024-11-13T21:38:04.676+0000] {logging_mixin.py:190} INFO - [2024-11-13T21:38:04.676+0000] {dagbag.py:588} INFO - Filling up the DagBag from /home/airflow/.local/lib/python3.12/site-packages/airflow/example_dags/example_branch_labels.py
[2024-11-13T21:38:04.681+0000] {processor.py:925} INFO - DAG(s) 'example_branch_labels' retrieved from /home/airflow/.local/lib/python3.12/site-packages/airflow/example_dags/example_branch_labels.py
[2024-11-13T21:38:04.690+0000] {logging_mixin.py:190} INFO - [2024-11-13T21:38:04.690+0000] {dag.py:3239} INFO - Sync 1 DAGs
[2024-11-13T21:38:04.701+0000] {logging_mixin.py:190} INFO - [2024-11-13T21:38:04.700+0000] {dag.py:4180} INFO - Setting next_dagrun for example_branch_labels to 2024-11-12 00:00:00+00:00, run_after=2024-11-13 00:00:00+00:00
[2024-11-13T21:38:04.707+0000] {processor.py:208} INFO - Processing /home/airflow/.local/lib/python3.12/site-packages/airflow/example_dags/example_branch_labels.py took 0.035 seconds
[2024-11-13T23:40:18.864+0000] {processor.py:186} INFO - Started process (PID=46) to work on /home/airflow/.local/lib/python3.12/site-packages/airflow/example_dags/example_branch_labels.py
[2024-11-13T23:40:18.865+0000] {processor.py:914} INFO - Processing file /home/airflow/.local/lib/python3.12/site-packages/airflow/example_dags/example_branch_labels.py for tasks to queue
[2024-11-13T23:40:18.866+0000] {logging_mixin.py:190} INFO - [2024-11-13T23:40:18.866+0000] {dagbag.py:588} INFO - Filling up the DagBag from /home/airflow/.local/lib/python3.12/site-packages/airflow/example_dags/example_branch_labels.py
[2024-11-13T23:40:18.870+0000] {processor.py:925} INFO - DAG(s) 'example_branch_labels' retrieved from /home/airflow/.local/lib/python3.12/site-packages/airflow/example_dags/example_branch_labels.py
[2024-11-13T23:40:18.915+0000] {logging_mixin.py:190} INFO - [2024-11-13T23:40:18.914+0000] {override.py:1911} INFO - Created Permission View: can edit on DAG:example_branch_labels
[2024-11-13T23:40:18.917+0000] {logging_mixin.py:190} INFO - [2024-11-13T23:40:18.917+0000] {override.py:1911} INFO - Created Permission View: can delete on DAG:example_branch_labels
[2024-11-13T23:40:18.919+0000] {logging_mixin.py:190} INFO - [2024-11-13T23:40:18.919+0000] {override.py:1911} INFO - Created Permission View: can read on DAG:example_branch_labels
[2024-11-13T23:40:18.920+0000] {logging_mixin.py:190} INFO - [2024-11-13T23:40:18.920+0000] {override.py:1911} INFO - Created Permission View: can delete on DAG Run:example_branch_labels
[2024-11-13T23:40:18.923+0000] {logging_mixin.py:190} INFO - [2024-11-13T23:40:18.923+0000] {override.py:1911} INFO - Created Permission View: menu access on DAG Run:example_branch_labels
[2024-11-13T23:40:18.925+0000] {logging_mixin.py:190} INFO - [2024-11-13T23:40:18.925+0000] {override.py:1911} INFO - Created Permission View: can read on DAG Run:example_branch_labels
[2024-11-13T23:40:18.927+0000] {logging_mixin.py:190} INFO - [2024-11-13T23:40:18.927+0000] {override.py:1911} INFO - Created Permission View: can create on DAG Run:example_branch_labels
[2024-11-13T23:40:18.928+0000] {logging_mixin.py:190} INFO - [2024-11-13T23:40:18.928+0000] {dag.py:3239} INFO - Sync 1 DAGs
[2024-11-13T23:40:18.932+0000] {logging_mixin.py:190} INFO - [2024-11-13T23:40:18.932+0000] {dag.py:3262} INFO - Creating ORM DAG for example_branch_labels
[2024-11-13T23:40:18.936+0000] {logging_mixin.py:190} INFO - [2024-11-13T23:40:18.936+0000] {dag.py:4180} INFO - Setting next_dagrun for example_branch_labels to 2024-11-12 00:00:00+00:00, run_after=2024-11-13 00:00:00+00:00
[2024-11-13T23:40:18.942+0000] {processor.py:208} INFO - Processing /home/airflow/.local/lib/python3.12/site-packages/airflow/example_dags/example_branch_labels.py took 0.080 seconds
[2024-11-13T23:40:49.274+0000] {processor.py:186} INFO - Started process (PID=109) to work on /home/airflow/.local/lib/python3.12/site-packages/airflow/example_dags/example_branch_labels.py
[2024-11-13T23:40:49.277+0000] {processor.py:914} INFO - Processing file /home/airflow/.local/lib/python3.12/site-packages/airflow/example_dags/example_branch_labels.py for tasks to queue
[2024-11-13T23:40:49.279+0000] {logging_mixin.py:190} INFO - [2024-11-13T23:40:49.279+0000] {dagbag.py:588} INFO - Filling up the DagBag from /home/airflow/.local/lib/python3.12/site-packages/airflow/example_dags/example_branch_labels.py
[2024-11-13T23:40:49.283+0000] {processor.py:925} INFO - DAG(s) 'example_branch_labels' retrieved from /home/airflow/.local/lib/python3.12/site-packages/airflow/example_dags/example_branch_labels.py
[2024-11-13T23:40:49.292+0000] {logging_mixin.py:190} INFO - [2024-11-13T23:40:49.292+0000] {dag.py:3239} INFO - Sync 1 DAGs
[2024-11-13T23:40:49.306+0000] {logging_mixin.py:190} INFO - [2024-11-13T23:40:49.306+0000] {dag.py:4180} INFO - Setting next_dagrun for example_branch_labels to 2024-11-12 00:00:00+00:00, run_after=2024-11-13 00:00:00+00:00
[2024-11-13T23:40:49.313+0000] {processor.py:208} INFO - Processing /home/airflow/.local/lib/python3.12/site-packages/airflow/example_dags/example_branch_labels.py took 0.041 seconds
[2024-11-13T23:41:20.571+0000] {processor.py:186} INFO - Started process (PID=171) to work on /home/airflow/.local/lib/python3.12/site-packages/airflow/example_dags/example_branch_labels.py
[2024-11-13T23:41:20.574+0000] {processor.py:914} INFO - Processing file /home/airflow/.local/lib/python3.12/site-packages/airflow/example_dags/example_branch_labels.py for tasks to queue
[2024-11-13T23:41:20.575+0000] {logging_mixin.py:190} INFO - [2024-11-13T23:41:20.575+0000] {dagbag.py:588} INFO - Filling up the DagBag from /home/airflow/.local/lib/python3.12/site-packages/airflow/example_dags/example_branch_labels.py
[2024-11-13T23:41:20.579+0000] {processor.py:925} INFO - DAG(s) 'example_branch_labels' retrieved from /home/airflow/.local/lib/python3.12/site-packages/airflow/example_dags/example_branch_labels.py
[2024-11-13T23:41:20.588+0000] {logging_mixin.py:190} INFO - [2024-11-13T23:41:20.588+0000] {dag.py:3239} INFO - Sync 1 DAGs
[2024-11-13T23:41:20.598+0000] {logging_mixin.py:190} INFO - [2024-11-13T23:41:20.598+0000] {dag.py:4180} INFO - Setting next_dagrun for example_branch_labels to 2024-11-12 00:00:00+00:00, run_after=2024-11-13 00:00:00+00:00
[2024-11-13T23:41:20.606+0000] {processor.py:208} INFO - Processing /home/airflow/.local/lib/python3.12/site-packages/airflow/example_dags/example_branch_labels.py took 0.037 seconds
[2024-11-13T23:41:51.000+0000] {processor.py:186} INFO - Started process (PID=234) to work on /home/airflow/.local/lib/python3.12/site-packages/airflow/example_dags/example_branch_labels.py
[2024-11-13T23:41:51.003+0000] {processor.py:914} INFO - Processing file /home/airflow/.local/lib/python3.12/site-packages/airflow/example_dags/example_branch_labels.py for tasks to queue
[2024-11-13T23:41:51.005+0000] {logging_mixin.py:190} INFO - [2024-11-13T23:41:51.005+0000] {dagbag.py:588} INFO - Filling up the DagBag from /home/airflow/.local/lib/python3.12/site-packages/airflow/example_dags/example_branch_labels.py
[2024-11-13T23:41:51.009+0000] {processor.py:925} INFO - DAG(s) 'example_branch_labels' retrieved from /home/airflow/.local/lib/python3.12/site-packages/airflow/example_dags/example_branch_labels.py
[2024-11-13T23:41:51.017+0000] {logging_mixin.py:190} INFO - [2024-11-13T23:41:51.017+0000] {dag.py:3239} INFO - Sync 1 DAGs
[2024-11-13T23:41:51.027+0000] {logging_mixin.py:190} INFO - [2024-11-13T23:41:51.027+0000] {dag.py:4180} INFO - Setting next_dagrun for example_branch_labels to 2024-11-12 00:00:00+00:00, run_after=2024-11-13 00:00:00+00:00
[2024-11-13T23:41:51.034+0000] {processor.py:208} INFO - Processing /home/airflow/.local/lib/python3.12/site-packages/airflow/example_dags/example_branch_labels.py took 0.036 seconds
[2024-11-13T23:42:21.489+0000] {processor.py:186} INFO - Started process (PID=303) to work on /home/airflow/.local/lib/python3.12/site-packages/airflow/example_dags/example_branch_labels.py
[2024-11-13T23:42:21.489+0000] {processor.py:914} INFO - Processing file /home/airflow/.local/lib/python3.12/site-packages/airflow/example_dags/example_branch_labels.py for tasks to queue
[2024-11-13T23:42:21.491+0000] {logging_mixin.py:190} INFO - [2024-11-13T23:42:21.490+0000] {dagbag.py:588} INFO - Filling up the DagBag from /home/airflow/.local/lib/python3.12/site-packages/airflow/example_dags/example_branch_labels.py
[2024-11-13T23:42:21.496+0000] {processor.py:925} INFO - DAG(s) 'example_branch_labels' retrieved from /home/airflow/.local/lib/python3.12/site-packages/airflow/example_dags/example_branch_labels.py
[2024-11-13T23:42:21.508+0000] {logging_mixin.py:190} INFO - [2024-11-13T23:42:21.508+0000] {dag.py:3239} INFO - Sync 1 DAGs
[2024-11-13T23:42:21.524+0000] {logging_mixin.py:190} INFO - [2024-11-13T23:42:21.524+0000] {dag.py:4180} INFO - Setting next_dagrun for example_branch_labels to 2024-11-12 00:00:00+00:00, run_after=2024-11-13 00:00:00+00:00
[2024-11-13T23:42:21.533+0000] {processor.py:208} INFO - Processing /home/airflow/.local/lib/python3.12/site-packages/airflow/example_dags/example_branch_labels.py took 0.048 seconds
[2024-11-13T23:42:51.878+0000] {processor.py:186} INFO - Started process (PID=366) to work on /home/airflow/.local/lib/python3.12/site-packages/airflow/example_dags/example_branch_labels.py
[2024-11-13T23:42:51.879+0000] {processor.py:914} INFO - Processing file /home/airflow/.local/lib/python3.12/site-packages/airflow/example_dags/example_branch_labels.py for tasks to queue
[2024-11-13T23:42:51.880+0000] {logging_mixin.py:190} INFO - [2024-11-13T23:42:51.880+0000] {dagbag.py:588} INFO - Filling up the DagBag from /home/airflow/.local/lib/python3.12/site-packages/airflow/example_dags/example_branch_labels.py
[2024-11-13T23:42:51.885+0000] {processor.py:925} INFO - DAG(s) 'example_branch_labels' retrieved from /home/airflow/.local/lib/python3.12/site-packages/airflow/example_dags/example_branch_labels.py
[2024-11-13T23:42:51.893+0000] {logging_mixin.py:190} INFO - [2024-11-13T23:42:51.893+0000] {dag.py:3239} INFO - Sync 1 DAGs
[2024-11-13T23:42:51.905+0000] {logging_mixin.py:190} INFO - [2024-11-13T23:42:51.905+0000] {dag.py:4180} INFO - Setting next_dagrun for example_branch_labels to 2024-11-12 00:00:00+00:00, run_after=2024-11-13 00:00:00+00:00
[2024-11-13T23:42:51.913+0000] {processor.py:208} INFO - Processing /home/airflow/.local/lib/python3.12/site-packages/airflow/example_dags/example_branch_labels.py took 0.038 seconds
[2024-11-13T23:43:23.213+0000] {processor.py:186} INFO - Started process (PID=429) to work on /home/airflow/.local/lib/python3.12/site-packages/airflow/example_dags/example_branch_labels.py
[2024-11-13T23:43:23.216+0000] {processor.py:914} INFO - Processing file /home/airflow/.local/lib/python3.12/site-packages/airflow/example_dags/example_branch_labels.py for tasks to queue
[2024-11-13T23:43:23.217+0000] {logging_mixin.py:190} INFO - [2024-11-13T23:43:23.217+0000] {dagbag.py:588} INFO - Filling up the DagBag from /home/airflow/.local/lib/python3.12/site-packages/airflow/example_dags/example_branch_labels.py
[2024-11-13T23:43:23.222+0000] {processor.py:925} INFO - DAG(s) 'example_branch_labels' retrieved from /home/airflow/.local/lib/python3.12/site-packages/airflow/example_dags/example_branch_labels.py
[2024-11-13T23:43:23.230+0000] {logging_mixin.py:190} INFO - [2024-11-13T23:43:23.230+0000] {dag.py:3239} INFO - Sync 1 DAGs
[2024-11-13T23:43:23.242+0000] {logging_mixin.py:190} INFO - [2024-11-13T23:43:23.242+0000] {dag.py:4180} INFO - Setting next_dagrun for example_branch_labels to 2024-11-12 00:00:00+00:00, run_after=2024-11-13 00:00:00+00:00
[2024-11-13T23:43:23.250+0000] {processor.py:208} INFO - Processing /home/airflow/.local/lib/python3.12/site-packages/airflow/example_dags/example_branch_labels.py took 0.039 seconds
[2024-11-13T23:43:54.427+0000] {processor.py:186} INFO - Started process (PID=492) to work on /home/airflow/.local/lib/python3.12/site-packages/airflow/example_dags/example_branch_labels.py
[2024-11-13T23:43:54.428+0000] {processor.py:914} INFO - Processing file /home/airflow/.local/lib/python3.12/site-packages/airflow/example_dags/example_branch_labels.py for tasks to queue
[2024-11-13T23:43:54.429+0000] {logging_mixin.py:190} INFO - [2024-11-13T23:43:54.429+0000] {dagbag.py:588} INFO - Filling up the DagBag from /home/airflow/.local/lib/python3.12/site-packages/airflow/example_dags/example_branch_labels.py
[2024-11-13T23:43:54.433+0000] {processor.py:925} INFO - DAG(s) 'example_branch_labels' retrieved from /home/airflow/.local/lib/python3.12/site-packages/airflow/example_dags/example_branch_labels.py
[2024-11-13T23:43:54.442+0000] {logging_mixin.py:190} INFO - [2024-11-13T23:43:54.442+0000] {dag.py:3239} INFO - Sync 1 DAGs
[2024-11-13T23:43:54.452+0000] {logging_mixin.py:190} INFO - [2024-11-13T23:43:54.451+0000] {dag.py:4180} INFO - Setting next_dagrun for example_branch_labels to 2024-11-12 00:00:00+00:00, run_after=2024-11-13 00:00:00+00:00
[2024-11-13T23:43:54.461+0000] {processor.py:208} INFO - Processing /home/airflow/.local/lib/python3.12/site-packages/airflow/example_dags/example_branch_labels.py took 0.036 seconds
[2024-11-13T23:44:25.738+0000] {processor.py:186} INFO - Started process (PID=555) to work on /home/airflow/.local/lib/python3.12/site-packages/airflow/example_dags/example_branch_labels.py
[2024-11-13T23:44:25.739+0000] {processor.py:914} INFO - Processing file /home/airflow/.local/lib/python3.12/site-packages/airflow/example_dags/example_branch_labels.py for tasks to queue
[2024-11-13T23:44:25.741+0000] {logging_mixin.py:190} INFO - [2024-11-13T23:44:25.741+0000] {dagbag.py:588} INFO - Filling up the DagBag from /home/airflow/.local/lib/python3.12/site-packages/airflow/example_dags/example_branch_labels.py
[2024-11-13T23:44:25.744+0000] {processor.py:925} INFO - DAG(s) 'example_branch_labels' retrieved from /home/airflow/.local/lib/python3.12/site-packages/airflow/example_dags/example_branch_labels.py
[2024-11-13T23:44:25.753+0000] {logging_mixin.py:190} INFO - [2024-11-13T23:44:25.753+0000] {dag.py:3239} INFO - Sync 1 DAGs
[2024-11-13T23:44:25.765+0000] {logging_mixin.py:190} INFO - [2024-11-13T23:44:25.765+0000] {dag.py:4180} INFO - Setting next_dagrun for example_branch_labels to 2024-11-12 00:00:00+00:00, run_after=2024-11-13 00:00:00+00:00
[2024-11-13T23:44:25.773+0000] {processor.py:208} INFO - Processing /home/airflow/.local/lib/python3.12/site-packages/airflow/example_dags/example_branch_labels.py took 0.037 seconds
[2024-11-13T23:44:57.022+0000] {processor.py:186} INFO - Started process (PID=618) to work on /home/airflow/.local/lib/python3.12/site-packages/airflow/example_dags/example_branch_labels.py
[2024-11-13T23:44:57.024+0000] {processor.py:914} INFO - Processing file /home/airflow/.local/lib/python3.12/site-packages/airflow/example_dags/example_branch_labels.py for tasks to queue
[2024-11-13T23:44:57.025+0000] {logging_mixin.py:190} INFO - [2024-11-13T23:44:57.024+0000] {dagbag.py:588} INFO - Filling up the DagBag from /home/airflow/.local/lib/python3.12/site-packages/airflow/example_dags/example_branch_labels.py
[2024-11-13T23:44:57.029+0000] {processor.py:925} INFO - DAG(s) 'example_branch_labels' retrieved from /home/airflow/.local/lib/python3.12/site-packages/airflow/example_dags/example_branch_labels.py
[2024-11-13T23:44:57.037+0000] {logging_mixin.py:190} INFO - [2024-11-13T23:44:57.037+0000] {dag.py:3239} INFO - Sync 1 DAGs
[2024-11-13T23:44:57.048+0000] {logging_mixin.py:190} INFO - [2024-11-13T23:44:57.048+0000] {dag.py:4180} INFO - Setting next_dagrun for example_branch_labels to 2024-11-12 00:00:00+00:00, run_after=2024-11-13 00:00:00+00:00
[2024-11-13T23:44:57.056+0000] {processor.py:208} INFO - Processing /home/airflow/.local/lib/python3.12/site-packages/airflow/example_dags/example_branch_labels.py took 0.037 seconds
[2024-11-13T23:45:28.241+0000] {processor.py:186} INFO - Started process (PID=681) to work on /home/airflow/.local/lib/python3.12/site-packages/airflow/example_dags/example_branch_labels.py
[2024-11-13T23:45:28.242+0000] {processor.py:914} INFO - Processing file /home/airflow/.local/lib/python3.12/site-packages/airflow/example_dags/example_branch_labels.py for tasks to queue
[2024-11-13T23:45:28.243+0000] {logging_mixin.py:190} INFO - [2024-11-13T23:45:28.243+0000] {dagbag.py:588} INFO - Filling up the DagBag from /home/airflow/.local/lib/python3.12/site-packages/airflow/example_dags/example_branch_labels.py
[2024-11-13T23:45:28.248+0000] {processor.py:925} INFO - DAG(s) 'example_branch_labels' retrieved from /home/airflow/.local/lib/python3.12/site-packages/airflow/example_dags/example_branch_labels.py
[2024-11-13T23:45:28.258+0000] {logging_mixin.py:190} INFO - [2024-11-13T23:45:28.258+0000] {dag.py:3239} INFO - Sync 1 DAGs
[2024-11-13T23:45:28.268+0000] {logging_mixin.py:190} INFO - [2024-11-13T23:45:28.268+0000] {dag.py:4180} INFO - Setting next_dagrun for example_branch_labels to 2024-11-12 00:00:00+00:00, run_after=2024-11-13 00:00:00+00:00
[2024-11-13T23:45:28.274+0000] {processor.py:208} INFO - Processing /home/airflow/.local/lib/python3.12/site-packages/airflow/example_dags/example_branch_labels.py took 0.036 seconds
[2024-11-13T23:45:59.407+0000] {processor.py:186} INFO - Started process (PID=744) to work on /home/airflow/.local/lib/python3.12/site-packages/airflow/example_dags/example_branch_labels.py
[2024-11-13T23:45:59.408+0000] {processor.py:914} INFO - Processing file /home/airflow/.local/lib/python3.12/site-packages/airflow/example_dags/example_branch_labels.py for tasks to queue
[2024-11-13T23:45:59.409+0000] {logging_mixin.py:190} INFO - [2024-11-13T23:45:59.409+0000] {dagbag.py:588} INFO - Filling up the DagBag from /home/airflow/.local/lib/python3.12/site-packages/airflow/example_dags/example_branch_labels.py
[2024-11-13T23:45:59.413+0000] {processor.py:925} INFO - DAG(s) 'example_branch_labels' retrieved from /home/airflow/.local/lib/python3.12/site-packages/airflow/example_dags/example_branch_labels.py
[2024-11-13T23:45:59.423+0000] {logging_mixin.py:190} INFO - [2024-11-13T23:45:59.423+0000] {dag.py:3239} INFO - Sync 1 DAGs
[2024-11-13T23:45:59.432+0000] {logging_mixin.py:190} INFO - [2024-11-13T23:45:59.432+0000] {dag.py:4180} INFO - Setting next_dagrun for example_branch_labels to 2024-11-12 00:00:00+00:00, run_after=2024-11-13 00:00:00+00:00
[2024-11-13T23:45:59.438+0000] {processor.py:208} INFO - Processing /home/airflow/.local/lib/python3.12/site-packages/airflow/example_dags/example_branch_labels.py took 0.034 seconds
[2024-11-13T23:46:30.646+0000] {processor.py:186} INFO - Started process (PID=807) to work on /home/airflow/.local/lib/python3.12/site-packages/airflow/example_dags/example_branch_labels.py
[2024-11-13T23:46:30.647+0000] {processor.py:914} INFO - Processing file /home/airflow/.local/lib/python3.12/site-packages/airflow/example_dags/example_branch_labels.py for tasks to queue
[2024-11-13T23:46:30.649+0000] {logging_mixin.py:190} INFO - [2024-11-13T23:46:30.649+0000] {dagbag.py:588} INFO - Filling up the DagBag from /home/airflow/.local/lib/python3.12/site-packages/airflow/example_dags/example_branch_labels.py
[2024-11-13T23:46:30.653+0000] {processor.py:925} INFO - DAG(s) 'example_branch_labels' retrieved from /home/airflow/.local/lib/python3.12/site-packages/airflow/example_dags/example_branch_labels.py
[2024-11-13T23:46:30.662+0000] {logging_mixin.py:190} INFO - [2024-11-13T23:46:30.662+0000] {dag.py:3239} INFO - Sync 1 DAGs
[2024-11-13T23:46:30.672+0000] {logging_mixin.py:190} INFO - [2024-11-13T23:46:30.672+0000] {dag.py:4180} INFO - Setting next_dagrun for example_branch_labels to 2024-11-12 00:00:00+00:00, run_after=2024-11-13 00:00:00+00:00
[2024-11-13T23:46:30.681+0000] {processor.py:208} INFO - Processing /home/airflow/.local/lib/python3.12/site-packages/airflow/example_dags/example_branch_labels.py took 0.036 seconds
[2024-11-13T23:47:01.997+0000] {processor.py:186} INFO - Started process (PID=870) to work on /home/airflow/.local/lib/python3.12/site-packages/airflow/example_dags/example_branch_labels.py
[2024-11-13T23:47:01.998+0000] {processor.py:914} INFO - Processing file /home/airflow/.local/lib/python3.12/site-packages/airflow/example_dags/example_branch_labels.py for tasks to queue
[2024-11-13T23:47:01.999+0000] {logging_mixin.py:190} INFO - [2024-11-13T23:47:01.999+0000] {dagbag.py:588} INFO - Filling up the DagBag from /home/airflow/.local/lib/python3.12/site-packages/airflow/example_dags/example_branch_labels.py
[2024-11-13T23:47:02.003+0000] {processor.py:925} INFO - DAG(s) 'example_branch_labels' retrieved from /home/airflow/.local/lib/python3.12/site-packages/airflow/example_dags/example_branch_labels.py
[2024-11-13T23:47:02.011+0000] {logging_mixin.py:190} INFO - [2024-11-13T23:47:02.011+0000] {dag.py:3239} INFO - Sync 1 DAGs
[2024-11-13T23:47:02.020+0000] {logging_mixin.py:190} INFO - [2024-11-13T23:47:02.020+0000] {dag.py:4180} INFO - Setting next_dagrun for example_branch_labels to 2024-11-12 00:00:00+00:00, run_after=2024-11-13 00:00:00+00:00
[2024-11-13T23:47:02.028+0000] {processor.py:208} INFO - Processing /home/airflow/.local/lib/python3.12/site-packages/airflow/example_dags/example_branch_labels.py took 0.034 seconds
[2024-11-13T23:47:33.250+0000] {processor.py:186} INFO - Started process (PID=933) to work on /home/airflow/.local/lib/python3.12/site-packages/airflow/example_dags/example_branch_labels.py
[2024-11-13T23:47:33.252+0000] {processor.py:914} INFO - Processing file /home/airflow/.local/lib/python3.12/site-packages/airflow/example_dags/example_branch_labels.py for tasks to queue
[2024-11-13T23:47:33.253+0000] {logging_mixin.py:190} INFO - [2024-11-13T23:47:33.253+0000] {dagbag.py:588} INFO - Filling up the DagBag from /home/airflow/.local/lib/python3.12/site-packages/airflow/example_dags/example_branch_labels.py
[2024-11-13T23:47:33.257+0000] {processor.py:925} INFO - DAG(s) 'example_branch_labels' retrieved from /home/airflow/.local/lib/python3.12/site-packages/airflow/example_dags/example_branch_labels.py
[2024-11-13T23:47:33.265+0000] {logging_mixin.py:190} INFO - [2024-11-13T23:47:33.265+0000] {dag.py:3239} INFO - Sync 1 DAGs
[2024-11-13T23:47:33.297+0000] {logging_mixin.py:190} INFO - [2024-11-13T23:47:33.297+0000] {dag.py:4180} INFO - Setting next_dagrun for example_branch_labels to 2024-11-12 00:00:00+00:00, run_after=2024-11-13 00:00:00+00:00
[2024-11-13T23:47:33.310+0000] {processor.py:208} INFO - Processing /home/airflow/.local/lib/python3.12/site-packages/airflow/example_dags/example_branch_labels.py took 0.063 seconds
