[2024-11-13T21:28:26.805+0000] {processor.py:186} INFO - Started process (PID=47) to work on /home/airflow/.local/lib/python3.12/site-packages/airflow/example_dags/example_task_group.py
[2024-11-13T21:28:26.805+0000] {processor.py:914} INFO - Processing file /home/airflow/.local/lib/python3.12/site-packages/airflow/example_dags/example_task_group.py for tasks to queue
[2024-11-13T21:28:26.806+0000] {logging_mixin.py:190} INFO - [2024-11-13T21:28:26.806+0000] {dagbag.py:588} INFO - Filling up the DagBag from /home/airflow/.local/lib/python3.12/site-packages/airflow/example_dags/example_task_group.py
[2024-11-13T21:28:26.814+0000] {processor.py:925} INFO - DAG(s) 'example_task_group' retrieved from /home/airflow/.local/lib/python3.12/site-packages/airflow/example_dags/example_task_group.py
[2024-11-13T21:28:26.864+0000] {logging_mixin.py:190} INFO - [2024-11-13T21:28:26.864+0000] {override.py:1911} INFO - Created Permission View: can edit on DAG:example_task_group
[2024-11-13T21:28:26.867+0000] {logging_mixin.py:190} INFO - [2024-11-13T21:28:26.867+0000] {override.py:1911} INFO - Created Permission View: can read on DAG:example_task_group
[2024-11-13T21:28:26.868+0000] {logging_mixin.py:190} INFO - [2024-11-13T21:28:26.868+0000] {override.py:1911} INFO - Created Permission View: can delete on DAG:example_task_group
[2024-11-13T21:28:26.870+0000] {logging_mixin.py:190} INFO - [2024-11-13T21:28:26.870+0000] {override.py:1911} INFO - Created Permission View: can delete on DAG Run:example_task_group
[2024-11-13T21:28:26.871+0000] {logging_mixin.py:190} INFO - [2024-11-13T21:28:26.871+0000] {override.py:1911} INFO - Created Permission View: can read on DAG Run:example_task_group
[2024-11-13T21:28:26.873+0000] {logging_mixin.py:190} INFO - [2024-11-13T21:28:26.873+0000] {override.py:1911} INFO - Created Permission View: menu access on DAG Run:example_task_group
[2024-11-13T21:28:26.874+0000] {logging_mixin.py:190} INFO - [2024-11-13T21:28:26.874+0000] {override.py:1911} INFO - Created Permission View: can create on DAG Run:example_task_group
[2024-11-13T21:28:26.874+0000] {logging_mixin.py:190} INFO - [2024-11-13T21:28:26.874+0000] {dag.py:3239} INFO - Sync 1 DAGs
[2024-11-13T21:28:26.879+0000] {logging_mixin.py:190} INFO - [2024-11-13T21:28:26.879+0000] {dag.py:3262} INFO - Creating ORM DAG for example_task_group
[2024-11-13T21:28:26.879+0000] {logging_mixin.py:190} INFO - [2024-11-13T21:28:26.879+0000] {dag.py:4180} INFO - Setting next_dagrun for example_task_group to None, run_after=None
[2024-11-13T21:28:26.885+0000] {processor.py:208} INFO - Processing /home/airflow/.local/lib/python3.12/site-packages/airflow/example_dags/example_task_group.py took 0.083 seconds
[2024-11-13T21:28:57.556+0000] {processor.py:186} INFO - Started process (PID=109) to work on /home/airflow/.local/lib/python3.12/site-packages/airflow/example_dags/example_task_group.py
[2024-11-13T21:28:57.557+0000] {processor.py:914} INFO - Processing file /home/airflow/.local/lib/python3.12/site-packages/airflow/example_dags/example_task_group.py for tasks to queue
[2024-11-13T21:28:57.558+0000] {logging_mixin.py:190} INFO - [2024-11-13T21:28:57.558+0000] {dagbag.py:588} INFO - Filling up the DagBag from /home/airflow/.local/lib/python3.12/site-packages/airflow/example_dags/example_task_group.py
[2024-11-13T21:28:57.565+0000] {processor.py:925} INFO - DAG(s) 'example_task_group' retrieved from /home/airflow/.local/lib/python3.12/site-packages/airflow/example_dags/example_task_group.py
[2024-11-13T21:28:57.576+0000] {logging_mixin.py:190} INFO - [2024-11-13T21:28:57.575+0000] {dag.py:3239} INFO - Sync 1 DAGs
[2024-11-13T21:28:57.584+0000] {logging_mixin.py:190} INFO - [2024-11-13T21:28:57.584+0000] {dag.py:4180} INFO - Setting next_dagrun for example_task_group to None, run_after=None
[2024-11-13T21:28:57.601+0000] {processor.py:208} INFO - Processing /home/airflow/.local/lib/python3.12/site-packages/airflow/example_dags/example_task_group.py took 0.048 seconds
[2024-11-13T21:29:28.135+0000] {processor.py:186} INFO - Started process (PID=172) to work on /home/airflow/.local/lib/python3.12/site-packages/airflow/example_dags/example_task_group.py
[2024-11-13T21:29:28.135+0000] {processor.py:914} INFO - Processing file /home/airflow/.local/lib/python3.12/site-packages/airflow/example_dags/example_task_group.py for tasks to queue
[2024-11-13T21:29:28.137+0000] {logging_mixin.py:190} INFO - [2024-11-13T21:29:28.136+0000] {dagbag.py:588} INFO - Filling up the DagBag from /home/airflow/.local/lib/python3.12/site-packages/airflow/example_dags/example_task_group.py
[2024-11-13T21:29:28.141+0000] {processor.py:925} INFO - DAG(s) 'example_task_group' retrieved from /home/airflow/.local/lib/python3.12/site-packages/airflow/example_dags/example_task_group.py
[2024-11-13T21:29:28.150+0000] {logging_mixin.py:190} INFO - [2024-11-13T21:29:28.150+0000] {dag.py:3239} INFO - Sync 1 DAGs
[2024-11-13T21:29:28.156+0000] {logging_mixin.py:190} INFO - [2024-11-13T21:29:28.156+0000] {dag.py:4180} INFO - Setting next_dagrun for example_task_group to None, run_after=None
[2024-11-13T21:29:28.162+0000] {processor.py:208} INFO - Processing /home/airflow/.local/lib/python3.12/site-packages/airflow/example_dags/example_task_group.py took 0.031 seconds
[2024-11-13T21:29:58.226+0000] {processor.py:186} INFO - Started process (PID=233) to work on /home/airflow/.local/lib/python3.12/site-packages/airflow/example_dags/example_task_group.py
[2024-11-13T21:29:58.226+0000] {processor.py:914} INFO - Processing file /home/airflow/.local/lib/python3.12/site-packages/airflow/example_dags/example_task_group.py for tasks to queue
[2024-11-13T21:29:58.230+0000] {logging_mixin.py:190} INFO - [2024-11-13T21:29:58.230+0000] {dagbag.py:588} INFO - Filling up the DagBag from /home/airflow/.local/lib/python3.12/site-packages/airflow/example_dags/example_task_group.py
[2024-11-13T21:29:58.236+0000] {processor.py:925} INFO - DAG(s) 'example_task_group' retrieved from /home/airflow/.local/lib/python3.12/site-packages/airflow/example_dags/example_task_group.py
[2024-11-13T21:29:58.248+0000] {logging_mixin.py:190} INFO - [2024-11-13T21:29:58.248+0000] {dag.py:3239} INFO - Sync 1 DAGs
[2024-11-13T21:29:58.255+0000] {logging_mixin.py:190} INFO - [2024-11-13T21:29:58.255+0000] {dag.py:4180} INFO - Setting next_dagrun for example_task_group to None, run_after=None
[2024-11-13T21:29:58.263+0000] {processor.py:208} INFO - Processing /home/airflow/.local/lib/python3.12/site-packages/airflow/example_dags/example_task_group.py took 0.042 seconds
[2024-11-13T21:30:28.449+0000] {processor.py:186} INFO - Started process (PID=296) to work on /home/airflow/.local/lib/python3.12/site-packages/airflow/example_dags/example_task_group.py
[2024-11-13T21:30:28.449+0000] {processor.py:914} INFO - Processing file /home/airflow/.local/lib/python3.12/site-packages/airflow/example_dags/example_task_group.py for tasks to queue
[2024-11-13T21:30:28.450+0000] {logging_mixin.py:190} INFO - [2024-11-13T21:30:28.450+0000] {dagbag.py:588} INFO - Filling up the DagBag from /home/airflow/.local/lib/python3.12/site-packages/airflow/example_dags/example_task_group.py
[2024-11-13T21:30:28.455+0000] {processor.py:925} INFO - DAG(s) 'example_task_group' retrieved from /home/airflow/.local/lib/python3.12/site-packages/airflow/example_dags/example_task_group.py
[2024-11-13T21:30:28.465+0000] {logging_mixin.py:190} INFO - [2024-11-13T21:30:28.465+0000] {dag.py:3239} INFO - Sync 1 DAGs
[2024-11-13T21:30:28.472+0000] {logging_mixin.py:190} INFO - [2024-11-13T21:30:28.472+0000] {dag.py:4180} INFO - Setting next_dagrun for example_task_group to None, run_after=None
[2024-11-13T21:30:28.479+0000] {processor.py:208} INFO - Processing /home/airflow/.local/lib/python3.12/site-packages/airflow/example_dags/example_task_group.py took 0.033 seconds
[2024-11-13T21:35:00.622+0000] {processor.py:186} INFO - Started process (PID=49) to work on /home/airflow/.local/lib/python3.12/site-packages/airflow/example_dags/example_task_group.py
[2024-11-13T21:35:00.623+0000] {processor.py:914} INFO - Processing file /home/airflow/.local/lib/python3.12/site-packages/airflow/example_dags/example_task_group.py for tasks to queue
[2024-11-13T21:35:00.624+0000] {logging_mixin.py:190} INFO - [2024-11-13T21:35:00.624+0000] {dagbag.py:588} INFO - Filling up the DagBag from /home/airflow/.local/lib/python3.12/site-packages/airflow/example_dags/example_task_group.py
[2024-11-13T21:35:00.633+0000] {processor.py:925} INFO - DAG(s) 'example_task_group' retrieved from /home/airflow/.local/lib/python3.12/site-packages/airflow/example_dags/example_task_group.py
[2024-11-13T21:35:00.724+0000] {logging_mixin.py:190} INFO - [2024-11-13T21:35:00.723+0000] {override.py:1911} INFO - Created Permission View: can edit on DAG:example_task_group
[2024-11-13T21:35:00.728+0000] {logging_mixin.py:190} INFO - [2024-11-13T21:35:00.728+0000] {override.py:1911} INFO - Created Permission View: can delete on DAG:example_task_group
[2024-11-13T21:35:00.739+0000] {logging_mixin.py:190} INFO - [2024-11-13T21:35:00.738+0000] {override.py:1911} INFO - Created Permission View: can read on DAG:example_task_group
[2024-11-13T21:35:00.746+0000] {logging_mixin.py:190} INFO - [2024-11-13T21:35:00.745+0000] {override.py:1911} INFO - Created Permission View: can create on DAG Run:example_task_group
[2024-11-13T21:35:00.750+0000] {logging_mixin.py:190} INFO - [2024-11-13T21:35:00.750+0000] {override.py:1911} INFO - Created Permission View: can delete on DAG Run:example_task_group
[2024-11-13T21:35:00.755+0000] {logging_mixin.py:190} INFO - [2024-11-13T21:35:00.755+0000] {override.py:1911} INFO - Created Permission View: menu access on DAG Run:example_task_group
[2024-11-13T21:35:00.760+0000] {logging_mixin.py:190} INFO - [2024-11-13T21:35:00.760+0000] {override.py:1911} INFO - Created Permission View: can read on DAG Run:example_task_group
[2024-11-13T21:35:00.761+0000] {logging_mixin.py:190} INFO - [2024-11-13T21:35:00.761+0000] {dag.py:3239} INFO - Sync 1 DAGs
[2024-11-13T21:35:00.771+0000] {logging_mixin.py:190} INFO - [2024-11-13T21:35:00.771+0000] {dag.py:3262} INFO - Creating ORM DAG for example_task_group
[2024-11-13T21:35:00.772+0000] {logging_mixin.py:190} INFO - [2024-11-13T21:35:00.772+0000] {dag.py:4180} INFO - Setting next_dagrun for example_task_group to None, run_after=None
[2024-11-13T21:35:00.785+0000] {processor.py:208} INFO - Processing /home/airflow/.local/lib/python3.12/site-packages/airflow/example_dags/example_task_group.py took 0.167 seconds
[2024-11-13T21:35:31.722+0000] {processor.py:186} INFO - Started process (PID=112) to work on /home/airflow/.local/lib/python3.12/site-packages/airflow/example_dags/example_task_group.py
[2024-11-13T21:35:31.724+0000] {processor.py:914} INFO - Processing file /home/airflow/.local/lib/python3.12/site-packages/airflow/example_dags/example_task_group.py for tasks to queue
[2024-11-13T21:35:31.726+0000] {logging_mixin.py:190} INFO - [2024-11-13T21:35:31.726+0000] {dagbag.py:588} INFO - Filling up the DagBag from /home/airflow/.local/lib/python3.12/site-packages/airflow/example_dags/example_task_group.py
[2024-11-13T21:35:31.736+0000] {processor.py:925} INFO - DAG(s) 'example_task_group' retrieved from /home/airflow/.local/lib/python3.12/site-packages/airflow/example_dags/example_task_group.py
[2024-11-13T21:35:31.750+0000] {logging_mixin.py:190} INFO - [2024-11-13T21:35:31.750+0000] {dag.py:3239} INFO - Sync 1 DAGs
[2024-11-13T21:35:31.763+0000] {logging_mixin.py:190} INFO - [2024-11-13T21:35:31.763+0000] {dag.py:4180} INFO - Setting next_dagrun for example_task_group to None, run_after=None
[2024-11-13T21:35:31.775+0000] {processor.py:208} INFO - Processing /home/airflow/.local/lib/python3.12/site-packages/airflow/example_dags/example_task_group.py took 0.058 seconds
[2024-11-13T21:36:02.422+0000] {processor.py:186} INFO - Started process (PID=179) to work on /home/airflow/.local/lib/python3.12/site-packages/airflow/example_dags/example_task_group.py
[2024-11-13T21:36:02.424+0000] {processor.py:914} INFO - Processing file /home/airflow/.local/lib/python3.12/site-packages/airflow/example_dags/example_task_group.py for tasks to queue
[2024-11-13T21:36:02.426+0000] {logging_mixin.py:190} INFO - [2024-11-13T21:36:02.426+0000] {dagbag.py:588} INFO - Filling up the DagBag from /home/airflow/.local/lib/python3.12/site-packages/airflow/example_dags/example_task_group.py
[2024-11-13T21:36:02.432+0000] {processor.py:925} INFO - DAG(s) 'example_task_group' retrieved from /home/airflow/.local/lib/python3.12/site-packages/airflow/example_dags/example_task_group.py
[2024-11-13T21:36:02.451+0000] {logging_mixin.py:190} INFO - [2024-11-13T21:36:02.451+0000] {dag.py:3239} INFO - Sync 1 DAGs
[2024-11-13T21:36:02.461+0000] {logging_mixin.py:190} INFO - [2024-11-13T21:36:02.461+0000] {dag.py:4180} INFO - Setting next_dagrun for example_task_group to None, run_after=None
[2024-11-13T21:36:02.472+0000] {processor.py:208} INFO - Processing /home/airflow/.local/lib/python3.12/site-packages/airflow/example_dags/example_task_group.py took 0.054 seconds
[2024-11-13T21:36:32.887+0000] {processor.py:186} INFO - Started process (PID=242) to work on /home/airflow/.local/lib/python3.12/site-packages/airflow/example_dags/example_task_group.py
[2024-11-13T21:36:32.891+0000] {processor.py:914} INFO - Processing file /home/airflow/.local/lib/python3.12/site-packages/airflow/example_dags/example_task_group.py for tasks to queue
[2024-11-13T21:36:32.893+0000] {logging_mixin.py:190} INFO - [2024-11-13T21:36:32.893+0000] {dagbag.py:588} INFO - Filling up the DagBag from /home/airflow/.local/lib/python3.12/site-packages/airflow/example_dags/example_task_group.py
[2024-11-13T21:36:32.900+0000] {processor.py:925} INFO - DAG(s) 'example_task_group' retrieved from /home/airflow/.local/lib/python3.12/site-packages/airflow/example_dags/example_task_group.py
[2024-11-13T21:36:32.915+0000] {logging_mixin.py:190} INFO - [2024-11-13T21:36:32.914+0000] {dag.py:3239} INFO - Sync 1 DAGs
[2024-11-13T21:36:32.923+0000] {logging_mixin.py:190} INFO - [2024-11-13T21:36:32.923+0000] {dag.py:4180} INFO - Setting next_dagrun for example_task_group to None, run_after=None
[2024-11-13T21:36:32.932+0000] {processor.py:208} INFO - Processing /home/airflow/.local/lib/python3.12/site-packages/airflow/example_dags/example_task_group.py took 0.050 seconds
[2024-11-13T21:37:03.382+0000] {processor.py:186} INFO - Started process (PID=305) to work on /home/airflow/.local/lib/python3.12/site-packages/airflow/example_dags/example_task_group.py
[2024-11-13T21:37:03.386+0000] {processor.py:914} INFO - Processing file /home/airflow/.local/lib/python3.12/site-packages/airflow/example_dags/example_task_group.py for tasks to queue
[2024-11-13T21:37:03.389+0000] {logging_mixin.py:190} INFO - [2024-11-13T21:37:03.389+0000] {dagbag.py:588} INFO - Filling up the DagBag from /home/airflow/.local/lib/python3.12/site-packages/airflow/example_dags/example_task_group.py
[2024-11-13T21:37:03.399+0000] {processor.py:925} INFO - DAG(s) 'example_task_group' retrieved from /home/airflow/.local/lib/python3.12/site-packages/airflow/example_dags/example_task_group.py
[2024-11-13T21:37:03.412+0000] {logging_mixin.py:190} INFO - [2024-11-13T21:37:03.412+0000] {dag.py:3239} INFO - Sync 1 DAGs
[2024-11-13T21:37:03.421+0000] {logging_mixin.py:190} INFO - [2024-11-13T21:37:03.421+0000] {dag.py:4180} INFO - Setting next_dagrun for example_task_group to None, run_after=None
[2024-11-13T21:37:03.430+0000] {processor.py:208} INFO - Processing /home/airflow/.local/lib/python3.12/site-packages/airflow/example_dags/example_task_group.py took 0.066 seconds
[2024-11-13T21:37:33.808+0000] {processor.py:186} INFO - Started process (PID=368) to work on /home/airflow/.local/lib/python3.12/site-packages/airflow/example_dags/example_task_group.py
[2024-11-13T21:37:33.809+0000] {processor.py:914} INFO - Processing file /home/airflow/.local/lib/python3.12/site-packages/airflow/example_dags/example_task_group.py for tasks to queue
[2024-11-13T21:37:33.813+0000] {logging_mixin.py:190} INFO - [2024-11-13T21:37:33.813+0000] {dagbag.py:588} INFO - Filling up the DagBag from /home/airflow/.local/lib/python3.12/site-packages/airflow/example_dags/example_task_group.py
[2024-11-13T21:37:33.820+0000] {processor.py:925} INFO - DAG(s) 'example_task_group' retrieved from /home/airflow/.local/lib/python3.12/site-packages/airflow/example_dags/example_task_group.py
[2024-11-13T21:37:33.836+0000] {logging_mixin.py:190} INFO - [2024-11-13T21:37:33.835+0000] {dag.py:3239} INFO - Sync 1 DAGs
[2024-11-13T21:37:33.847+0000] {logging_mixin.py:190} INFO - [2024-11-13T21:37:33.847+0000] {dag.py:4180} INFO - Setting next_dagrun for example_task_group to None, run_after=None
[2024-11-13T21:37:33.864+0000] {processor.py:208} INFO - Processing /home/airflow/.local/lib/python3.12/site-packages/airflow/example_dags/example_task_group.py took 0.062 seconds
[2024-11-13T21:38:04.267+0000] {processor.py:186} INFO - Started process (PID=431) to work on /home/airflow/.local/lib/python3.12/site-packages/airflow/example_dags/example_task_group.py
[2024-11-13T21:38:04.267+0000] {processor.py:914} INFO - Processing file /home/airflow/.local/lib/python3.12/site-packages/airflow/example_dags/example_task_group.py for tasks to queue
[2024-11-13T21:38:04.268+0000] {logging_mixin.py:190} INFO - [2024-11-13T21:38:04.268+0000] {dagbag.py:588} INFO - Filling up the DagBag from /home/airflow/.local/lib/python3.12/site-packages/airflow/example_dags/example_task_group.py
[2024-11-13T21:38:04.273+0000] {processor.py:925} INFO - DAG(s) 'example_task_group' retrieved from /home/airflow/.local/lib/python3.12/site-packages/airflow/example_dags/example_task_group.py
[2024-11-13T21:38:04.286+0000] {logging_mixin.py:190} INFO - [2024-11-13T21:38:04.286+0000] {dag.py:3239} INFO - Sync 1 DAGs
[2024-11-13T21:38:04.292+0000] {logging_mixin.py:190} INFO - [2024-11-13T21:38:04.292+0000] {dag.py:4180} INFO - Setting next_dagrun for example_task_group to None, run_after=None
[2024-11-13T21:38:04.299+0000] {processor.py:208} INFO - Processing /home/airflow/.local/lib/python3.12/site-packages/airflow/example_dags/example_task_group.py took 0.036 seconds
[2024-11-13T23:40:18.310+0000] {processor.py:186} INFO - Started process (PID=42) to work on /home/airflow/.local/lib/python3.12/site-packages/airflow/example_dags/example_task_group.py
[2024-11-13T23:40:18.310+0000] {processor.py:914} INFO - Processing file /home/airflow/.local/lib/python3.12/site-packages/airflow/example_dags/example_task_group.py for tasks to queue
[2024-11-13T23:40:18.311+0000] {logging_mixin.py:190} INFO - [2024-11-13T23:40:18.311+0000] {dagbag.py:588} INFO - Filling up the DagBag from /home/airflow/.local/lib/python3.12/site-packages/airflow/example_dags/example_task_group.py
[2024-11-13T23:40:18.315+0000] {processor.py:925} INFO - DAG(s) 'example_task_group' retrieved from /home/airflow/.local/lib/python3.12/site-packages/airflow/example_dags/example_task_group.py
[2024-11-13T23:40:18.362+0000] {logging_mixin.py:190} INFO - [2024-11-13T23:40:18.361+0000] {override.py:1911} INFO - Created Permission View: can edit on DAG:example_task_group
[2024-11-13T23:40:18.372+0000] {logging_mixin.py:190} INFO - [2024-11-13T23:40:18.372+0000] {override.py:1911} INFO - Created Permission View: can delete on DAG:example_task_group
[2024-11-13T23:40:18.378+0000] {logging_mixin.py:190} INFO - [2024-11-13T23:40:18.378+0000] {override.py:1911} INFO - Created Permission View: can read on DAG:example_task_group
[2024-11-13T23:40:18.381+0000] {logging_mixin.py:190} INFO - [2024-11-13T23:40:18.381+0000] {override.py:1911} INFO - Created Permission View: can delete on DAG Run:example_task_group
[2024-11-13T23:40:18.383+0000] {logging_mixin.py:190} INFO - [2024-11-13T23:40:18.383+0000] {override.py:1911} INFO - Created Permission View: menu access on DAG Run:example_task_group
[2024-11-13T23:40:18.389+0000] {logging_mixin.py:190} INFO - [2024-11-13T23:40:18.389+0000] {override.py:1911} INFO - Created Permission View: can read on DAG Run:example_task_group
[2024-11-13T23:40:18.391+0000] {logging_mixin.py:190} INFO - [2024-11-13T23:40:18.391+0000] {override.py:1911} INFO - Created Permission View: can create on DAG Run:example_task_group
[2024-11-13T23:40:18.391+0000] {logging_mixin.py:190} INFO - [2024-11-13T23:40:18.391+0000] {dag.py:3239} INFO - Sync 1 DAGs
[2024-11-13T23:40:18.397+0000] {logging_mixin.py:190} INFO - [2024-11-13T23:40:18.397+0000] {dag.py:3262} INFO - Creating ORM DAG for example_task_group
[2024-11-13T23:40:18.397+0000] {logging_mixin.py:190} INFO - [2024-11-13T23:40:18.397+0000] {dag.py:4180} INFO - Setting next_dagrun for example_task_group to None, run_after=None
[2024-11-13T23:40:18.403+0000] {processor.py:208} INFO - Processing /home/airflow/.local/lib/python3.12/site-packages/airflow/example_dags/example_task_group.py took 0.095 seconds
[2024-11-13T23:40:48.841+0000] {processor.py:186} INFO - Started process (PID=104) to work on /home/airflow/.local/lib/python3.12/site-packages/airflow/example_dags/example_task_group.py
[2024-11-13T23:40:48.842+0000] {processor.py:914} INFO - Processing file /home/airflow/.local/lib/python3.12/site-packages/airflow/example_dags/example_task_group.py for tasks to queue
[2024-11-13T23:40:48.844+0000] {logging_mixin.py:190} INFO - [2024-11-13T23:40:48.844+0000] {dagbag.py:588} INFO - Filling up the DagBag from /home/airflow/.local/lib/python3.12/site-packages/airflow/example_dags/example_task_group.py
[2024-11-13T23:40:48.850+0000] {processor.py:925} INFO - DAG(s) 'example_task_group' retrieved from /home/airflow/.local/lib/python3.12/site-packages/airflow/example_dags/example_task_group.py
[2024-11-13T23:40:48.863+0000] {logging_mixin.py:190} INFO - [2024-11-13T23:40:48.862+0000] {dag.py:3239} INFO - Sync 1 DAGs
[2024-11-13T23:40:48.869+0000] {logging_mixin.py:190} INFO - [2024-11-13T23:40:48.869+0000] {dag.py:4180} INFO - Setting next_dagrun for example_task_group to None, run_after=None
[2024-11-13T23:40:48.879+0000] {processor.py:208} INFO - Processing /home/airflow/.local/lib/python3.12/site-packages/airflow/example_dags/example_task_group.py took 0.040 seconds
[2024-11-13T23:41:19.180+0000] {processor.py:186} INFO - Started process (PID=166) to work on /home/airflow/.local/lib/python3.12/site-packages/airflow/example_dags/example_task_group.py
[2024-11-13T23:41:19.180+0000] {processor.py:914} INFO - Processing file /home/airflow/.local/lib/python3.12/site-packages/airflow/example_dags/example_task_group.py for tasks to queue
[2024-11-13T23:41:19.181+0000] {logging_mixin.py:190} INFO - [2024-11-13T23:41:19.181+0000] {dagbag.py:588} INFO - Filling up the DagBag from /home/airflow/.local/lib/python3.12/site-packages/airflow/example_dags/example_task_group.py
[2024-11-13T23:41:19.186+0000] {processor.py:925} INFO - DAG(s) 'example_task_group' retrieved from /home/airflow/.local/lib/python3.12/site-packages/airflow/example_dags/example_task_group.py
[2024-11-13T23:41:19.195+0000] {logging_mixin.py:190} INFO - [2024-11-13T23:41:19.194+0000] {dag.py:3239} INFO - Sync 1 DAGs
[2024-11-13T23:41:19.200+0000] {logging_mixin.py:190} INFO - [2024-11-13T23:41:19.200+0000] {dag.py:4180} INFO - Setting next_dagrun for example_task_group to None, run_after=None
[2024-11-13T23:41:19.206+0000] {processor.py:208} INFO - Processing /home/airflow/.local/lib/python3.12/site-packages/airflow/example_dags/example_task_group.py took 0.029 seconds
[2024-11-13T23:41:49.517+0000] {processor.py:186} INFO - Started process (PID=229) to work on /home/airflow/.local/lib/python3.12/site-packages/airflow/example_dags/example_task_group.py
[2024-11-13T23:41:49.517+0000] {processor.py:914} INFO - Processing file /home/airflow/.local/lib/python3.12/site-packages/airflow/example_dags/example_task_group.py for tasks to queue
[2024-11-13T23:41:49.518+0000] {logging_mixin.py:190} INFO - [2024-11-13T23:41:49.518+0000] {dagbag.py:588} INFO - Filling up the DagBag from /home/airflow/.local/lib/python3.12/site-packages/airflow/example_dags/example_task_group.py
[2024-11-13T23:41:49.523+0000] {processor.py:925} INFO - DAG(s) 'example_task_group' retrieved from /home/airflow/.local/lib/python3.12/site-packages/airflow/example_dags/example_task_group.py
[2024-11-13T23:41:49.532+0000] {logging_mixin.py:190} INFO - [2024-11-13T23:41:49.532+0000] {dag.py:3239} INFO - Sync 1 DAGs
[2024-11-13T23:41:49.538+0000] {logging_mixin.py:190} INFO - [2024-11-13T23:41:49.538+0000] {dag.py:4180} INFO - Setting next_dagrun for example_task_group to None, run_after=None
[2024-11-13T23:41:49.546+0000] {processor.py:208} INFO - Processing /home/airflow/.local/lib/python3.12/site-packages/airflow/example_dags/example_task_group.py took 0.032 seconds
[2024-11-13T23:42:19.969+0000] {processor.py:186} INFO - Started process (PID=292) to work on /home/airflow/.local/lib/python3.12/site-packages/airflow/example_dags/example_task_group.py
[2024-11-13T23:42:19.970+0000] {processor.py:914} INFO - Processing file /home/airflow/.local/lib/python3.12/site-packages/airflow/example_dags/example_task_group.py for tasks to queue
[2024-11-13T23:42:19.971+0000] {logging_mixin.py:190} INFO - [2024-11-13T23:42:19.971+0000] {dagbag.py:588} INFO - Filling up the DagBag from /home/airflow/.local/lib/python3.12/site-packages/airflow/example_dags/example_task_group.py
[2024-11-13T23:42:19.975+0000] {processor.py:925} INFO - DAG(s) 'example_task_group' retrieved from /home/airflow/.local/lib/python3.12/site-packages/airflow/example_dags/example_task_group.py
[2024-11-13T23:42:19.985+0000] {logging_mixin.py:190} INFO - [2024-11-13T23:42:19.985+0000] {dag.py:3239} INFO - Sync 1 DAGs
[2024-11-13T23:42:19.991+0000] {logging_mixin.py:190} INFO - [2024-11-13T23:42:19.991+0000] {dag.py:4180} INFO - Setting next_dagrun for example_task_group to None, run_after=None
[2024-11-13T23:42:19.997+0000] {processor.py:208} INFO - Processing /home/airflow/.local/lib/python3.12/site-packages/airflow/example_dags/example_task_group.py took 0.031 seconds
[2024-11-13T23:42:50.423+0000] {processor.py:186} INFO - Started process (PID=355) to work on /home/airflow/.local/lib/python3.12/site-packages/airflow/example_dags/example_task_group.py
[2024-11-13T23:42:50.423+0000] {processor.py:914} INFO - Processing file /home/airflow/.local/lib/python3.12/site-packages/airflow/example_dags/example_task_group.py for tasks to queue
[2024-11-13T23:42:50.424+0000] {logging_mixin.py:190} INFO - [2024-11-13T23:42:50.424+0000] {dagbag.py:588} INFO - Filling up the DagBag from /home/airflow/.local/lib/python3.12/site-packages/airflow/example_dags/example_task_group.py
[2024-11-13T23:42:50.428+0000] {processor.py:925} INFO - DAG(s) 'example_task_group' retrieved from /home/airflow/.local/lib/python3.12/site-packages/airflow/example_dags/example_task_group.py
[2024-11-13T23:42:50.439+0000] {logging_mixin.py:190} INFO - [2024-11-13T23:42:50.439+0000] {dag.py:3239} INFO - Sync 1 DAGs
[2024-11-13T23:42:50.445+0000] {logging_mixin.py:190} INFO - [2024-11-13T23:42:50.444+0000] {dag.py:4180} INFO - Setting next_dagrun for example_task_group to None, run_after=None
[2024-11-13T23:42:50.451+0000] {processor.py:208} INFO - Processing /home/airflow/.local/lib/python3.12/site-packages/airflow/example_dags/example_task_group.py took 0.031 seconds
[2024-11-13T23:43:20.783+0000] {processor.py:186} INFO - Started process (PID=418) to work on /home/airflow/.local/lib/python3.12/site-packages/airflow/example_dags/example_task_group.py
[2024-11-13T23:43:20.783+0000] {processor.py:914} INFO - Processing file /home/airflow/.local/lib/python3.12/site-packages/airflow/example_dags/example_task_group.py for tasks to queue
[2024-11-13T23:43:20.784+0000] {logging_mixin.py:190} INFO - [2024-11-13T23:43:20.784+0000] {dagbag.py:588} INFO - Filling up the DagBag from /home/airflow/.local/lib/python3.12/site-packages/airflow/example_dags/example_task_group.py
[2024-11-13T23:43:20.789+0000] {processor.py:925} INFO - DAG(s) 'example_task_group' retrieved from /home/airflow/.local/lib/python3.12/site-packages/airflow/example_dags/example_task_group.py
[2024-11-13T23:43:20.799+0000] {logging_mixin.py:190} INFO - [2024-11-13T23:43:20.798+0000] {dag.py:3239} INFO - Sync 1 DAGs
[2024-11-13T23:43:20.804+0000] {logging_mixin.py:190} INFO - [2024-11-13T23:43:20.804+0000] {dag.py:4180} INFO - Setting next_dagrun for example_task_group to None, run_after=None
[2024-11-13T23:43:20.810+0000] {processor.py:208} INFO - Processing /home/airflow/.local/lib/python3.12/site-packages/airflow/example_dags/example_task_group.py took 0.030 seconds
[2024-11-13T23:43:50.994+0000] {processor.py:186} INFO - Started process (PID=481) to work on /home/airflow/.local/lib/python3.12/site-packages/airflow/example_dags/example_task_group.py
[2024-11-13T23:43:50.995+0000] {processor.py:914} INFO - Processing file /home/airflow/.local/lib/python3.12/site-packages/airflow/example_dags/example_task_group.py for tasks to queue
[2024-11-13T23:43:50.996+0000] {logging_mixin.py:190} INFO - [2024-11-13T23:43:50.996+0000] {dagbag.py:588} INFO - Filling up the DagBag from /home/airflow/.local/lib/python3.12/site-packages/airflow/example_dags/example_task_group.py
[2024-11-13T23:43:51.001+0000] {processor.py:925} INFO - DAG(s) 'example_task_group' retrieved from /home/airflow/.local/lib/python3.12/site-packages/airflow/example_dags/example_task_group.py
[2024-11-13T23:43:51.010+0000] {logging_mixin.py:190} INFO - [2024-11-13T23:43:51.010+0000] {dag.py:3239} INFO - Sync 1 DAGs
[2024-11-13T23:43:51.015+0000] {logging_mixin.py:190} INFO - [2024-11-13T23:43:51.015+0000] {dag.py:4180} INFO - Setting next_dagrun for example_task_group to None, run_after=None
[2024-11-13T23:43:51.022+0000] {processor.py:208} INFO - Processing /home/airflow/.local/lib/python3.12/site-packages/airflow/example_dags/example_task_group.py took 0.030 seconds
[2024-11-13T23:44:21.279+0000] {processor.py:186} INFO - Started process (PID=544) to work on /home/airflow/.local/lib/python3.12/site-packages/airflow/example_dags/example_task_group.py
[2024-11-13T23:44:21.279+0000] {processor.py:914} INFO - Processing file /home/airflow/.local/lib/python3.12/site-packages/airflow/example_dags/example_task_group.py for tasks to queue
[2024-11-13T23:44:21.280+0000] {logging_mixin.py:190} INFO - [2024-11-13T23:44:21.280+0000] {dagbag.py:588} INFO - Filling up the DagBag from /home/airflow/.local/lib/python3.12/site-packages/airflow/example_dags/example_task_group.py
[2024-11-13T23:44:21.285+0000] {processor.py:925} INFO - DAG(s) 'example_task_group' retrieved from /home/airflow/.local/lib/python3.12/site-packages/airflow/example_dags/example_task_group.py
[2024-11-13T23:44:21.294+0000] {logging_mixin.py:190} INFO - [2024-11-13T23:44:21.294+0000] {dag.py:3239} INFO - Sync 1 DAGs
[2024-11-13T23:44:21.299+0000] {logging_mixin.py:190} INFO - [2024-11-13T23:44:21.299+0000] {dag.py:4180} INFO - Setting next_dagrun for example_task_group to None, run_after=None
[2024-11-13T23:44:21.305+0000] {processor.py:208} INFO - Processing /home/airflow/.local/lib/python3.12/site-packages/airflow/example_dags/example_task_group.py took 0.029 seconds
[2024-11-13T23:44:51.564+0000] {processor.py:186} INFO - Started process (PID=613) to work on /home/airflow/.local/lib/python3.12/site-packages/airflow/example_dags/example_task_group.py
[2024-11-13T23:44:51.565+0000] {processor.py:914} INFO - Processing file /home/airflow/.local/lib/python3.12/site-packages/airflow/example_dags/example_task_group.py for tasks to queue
[2024-11-13T23:44:51.566+0000] {logging_mixin.py:190} INFO - [2024-11-13T23:44:51.566+0000] {dagbag.py:588} INFO - Filling up the DagBag from /home/airflow/.local/lib/python3.12/site-packages/airflow/example_dags/example_task_group.py
[2024-11-13T23:44:51.571+0000] {processor.py:925} INFO - DAG(s) 'example_task_group' retrieved from /home/airflow/.local/lib/python3.12/site-packages/airflow/example_dags/example_task_group.py
[2024-11-13T23:44:51.580+0000] {logging_mixin.py:190} INFO - [2024-11-13T23:44:51.580+0000] {dag.py:3239} INFO - Sync 1 DAGs
[2024-11-13T23:44:51.586+0000] {logging_mixin.py:190} INFO - [2024-11-13T23:44:51.586+0000] {dag.py:4180} INFO - Setting next_dagrun for example_task_group to None, run_after=None
[2024-11-13T23:44:51.592+0000] {processor.py:208} INFO - Processing /home/airflow/.local/lib/python3.12/site-packages/airflow/example_dags/example_task_group.py took 0.031 seconds
[2024-11-13T23:45:21.793+0000] {processor.py:186} INFO - Started process (PID=676) to work on /home/airflow/.local/lib/python3.12/site-packages/airflow/example_dags/example_task_group.py
[2024-11-13T23:45:21.793+0000] {processor.py:914} INFO - Processing file /home/airflow/.local/lib/python3.12/site-packages/airflow/example_dags/example_task_group.py for tasks to queue
[2024-11-13T23:45:21.794+0000] {logging_mixin.py:190} INFO - [2024-11-13T23:45:21.794+0000] {dagbag.py:588} INFO - Filling up the DagBag from /home/airflow/.local/lib/python3.12/site-packages/airflow/example_dags/example_task_group.py
[2024-11-13T23:45:21.799+0000] {processor.py:925} INFO - DAG(s) 'example_task_group' retrieved from /home/airflow/.local/lib/python3.12/site-packages/airflow/example_dags/example_task_group.py
[2024-11-13T23:45:21.808+0000] {logging_mixin.py:190} INFO - [2024-11-13T23:45:21.808+0000] {dag.py:3239} INFO - Sync 1 DAGs
[2024-11-13T23:45:21.814+0000] {logging_mixin.py:190} INFO - [2024-11-13T23:45:21.814+0000] {dag.py:4180} INFO - Setting next_dagrun for example_task_group to None, run_after=None
[2024-11-13T23:45:21.820+0000] {processor.py:208} INFO - Processing /home/airflow/.local/lib/python3.12/site-packages/airflow/example_dags/example_task_group.py took 0.030 seconds
[2024-11-13T23:45:51.956+0000] {processor.py:186} INFO - Started process (PID=739) to work on /home/airflow/.local/lib/python3.12/site-packages/airflow/example_dags/example_task_group.py
[2024-11-13T23:45:51.956+0000] {processor.py:914} INFO - Processing file /home/airflow/.local/lib/python3.12/site-packages/airflow/example_dags/example_task_group.py for tasks to queue
[2024-11-13T23:45:51.957+0000] {logging_mixin.py:190} INFO - [2024-11-13T23:45:51.957+0000] {dagbag.py:588} INFO - Filling up the DagBag from /home/airflow/.local/lib/python3.12/site-packages/airflow/example_dags/example_task_group.py
[2024-11-13T23:45:51.961+0000] {processor.py:925} INFO - DAG(s) 'example_task_group' retrieved from /home/airflow/.local/lib/python3.12/site-packages/airflow/example_dags/example_task_group.py
[2024-11-13T23:45:51.968+0000] {logging_mixin.py:190} INFO - [2024-11-13T23:45:51.968+0000] {dag.py:3239} INFO - Sync 1 DAGs
[2024-11-13T23:45:51.973+0000] {logging_mixin.py:190} INFO - [2024-11-13T23:45:51.973+0000] {dag.py:4180} INFO - Setting next_dagrun for example_task_group to None, run_after=None
[2024-11-13T23:45:51.978+0000] {processor.py:208} INFO - Processing /home/airflow/.local/lib/python3.12/site-packages/airflow/example_dags/example_task_group.py took 0.024 seconds
[2024-11-13T23:46:22.186+0000] {processor.py:186} INFO - Started process (PID=802) to work on /home/airflow/.local/lib/python3.12/site-packages/airflow/example_dags/example_task_group.py
[2024-11-13T23:46:22.187+0000] {processor.py:914} INFO - Processing file /home/airflow/.local/lib/python3.12/site-packages/airflow/example_dags/example_task_group.py for tasks to queue
[2024-11-13T23:46:22.188+0000] {logging_mixin.py:190} INFO - [2024-11-13T23:46:22.188+0000] {dagbag.py:588} INFO - Filling up the DagBag from /home/airflow/.local/lib/python3.12/site-packages/airflow/example_dags/example_task_group.py
[2024-11-13T23:46:22.192+0000] {processor.py:925} INFO - DAG(s) 'example_task_group' retrieved from /home/airflow/.local/lib/python3.12/site-packages/airflow/example_dags/example_task_group.py
[2024-11-13T23:46:22.202+0000] {logging_mixin.py:190} INFO - [2024-11-13T23:46:22.202+0000] {dag.py:3239} INFO - Sync 1 DAGs
[2024-11-13T23:46:22.208+0000] {logging_mixin.py:190} INFO - [2024-11-13T23:46:22.208+0000] {dag.py:4180} INFO - Setting next_dagrun for example_task_group to None, run_after=None
[2024-11-13T23:46:22.215+0000] {processor.py:208} INFO - Processing /home/airflow/.local/lib/python3.12/site-packages/airflow/example_dags/example_task_group.py took 0.032 seconds
[2024-11-13T23:46:52.497+0000] {processor.py:186} INFO - Started process (PID=865) to work on /home/airflow/.local/lib/python3.12/site-packages/airflow/example_dags/example_task_group.py
[2024-11-13T23:46:52.497+0000] {processor.py:914} INFO - Processing file /home/airflow/.local/lib/python3.12/site-packages/airflow/example_dags/example_task_group.py for tasks to queue
[2024-11-13T23:46:52.498+0000] {logging_mixin.py:190} INFO - [2024-11-13T23:46:52.498+0000] {dagbag.py:588} INFO - Filling up the DagBag from /home/airflow/.local/lib/python3.12/site-packages/airflow/example_dags/example_task_group.py
[2024-11-13T23:46:52.501+0000] {processor.py:925} INFO - DAG(s) 'example_task_group' retrieved from /home/airflow/.local/lib/python3.12/site-packages/airflow/example_dags/example_task_group.py
[2024-11-13T23:46:52.509+0000] {logging_mixin.py:190} INFO - [2024-11-13T23:46:52.509+0000] {dag.py:3239} INFO - Sync 1 DAGs
[2024-11-13T23:46:52.514+0000] {logging_mixin.py:190} INFO - [2024-11-13T23:46:52.514+0000] {dag.py:4180} INFO - Setting next_dagrun for example_task_group to None, run_after=None
[2024-11-13T23:46:52.520+0000] {processor.py:208} INFO - Processing /home/airflow/.local/lib/python3.12/site-packages/airflow/example_dags/example_task_group.py took 0.026 seconds
[2024-11-13T23:47:22.762+0000] {processor.py:186} INFO - Started process (PID=928) to work on /home/airflow/.local/lib/python3.12/site-packages/airflow/example_dags/example_task_group.py
[2024-11-13T23:47:22.762+0000] {processor.py:914} INFO - Processing file /home/airflow/.local/lib/python3.12/site-packages/airflow/example_dags/example_task_group.py for tasks to queue
[2024-11-13T23:47:22.763+0000] {logging_mixin.py:190} INFO - [2024-11-13T23:47:22.763+0000] {dagbag.py:588} INFO - Filling up the DagBag from /home/airflow/.local/lib/python3.12/site-packages/airflow/example_dags/example_task_group.py
[2024-11-13T23:47:22.767+0000] {processor.py:925} INFO - DAG(s) 'example_task_group' retrieved from /home/airflow/.local/lib/python3.12/site-packages/airflow/example_dags/example_task_group.py
[2024-11-13T23:47:22.776+0000] {logging_mixin.py:190} INFO - [2024-11-13T23:47:22.776+0000] {dag.py:3239} INFO - Sync 1 DAGs
[2024-11-13T23:47:22.782+0000] {logging_mixin.py:190} INFO - [2024-11-13T23:47:22.781+0000] {dag.py:4180} INFO - Setting next_dagrun for example_task_group to None, run_after=None
[2024-11-13T23:47:22.788+0000] {processor.py:208} INFO - Processing /home/airflow/.local/lib/python3.12/site-packages/airflow/example_dags/example_task_group.py took 0.029 seconds
