[2024-11-13T21:28:27.296+0000] {processor.py:186} INFO - Started process (PID=52) to work on /home/airflow/.local/lib/python3.12/site-packages/airflow/example_dags/example_task_group_decorator.py
[2024-11-13T21:28:27.297+0000] {processor.py:914} INFO - Processing file /home/airflow/.local/lib/python3.12/site-packages/airflow/example_dags/example_task_group_decorator.py for tasks to queue
[2024-11-13T21:28:27.298+0000] {logging_mixin.py:190} INFO - [2024-11-13T21:28:27.298+0000] {dagbag.py:588} INFO - Filling up the DagBag from /home/airflow/.local/lib/python3.12/site-packages/airflow/example_dags/example_task_group_decorator.py
[2024-11-13T21:28:27.306+0000] {processor.py:925} INFO - DAG(s) 'example_task_group_decorator' retrieved from /home/airflow/.local/lib/python3.12/site-packages/airflow/example_dags/example_task_group_decorator.py
[2024-11-13T21:28:27.363+0000] {logging_mixin.py:190} INFO - [2024-11-13T21:28:27.363+0000] {override.py:1911} INFO - Created Permission View: can edit on DAG:example_task_group_decorator
[2024-11-13T21:28:27.368+0000] {logging_mixin.py:190} INFO - [2024-11-13T21:28:27.368+0000] {override.py:1911} INFO - Created Permission View: can read on DAG:example_task_group_decorator
[2024-11-13T21:28:27.372+0000] {logging_mixin.py:190} INFO - [2024-11-13T21:28:27.372+0000] {override.py:1911} INFO - Created Permission View: can delete on DAG:example_task_group_decorator
[2024-11-13T21:28:27.378+0000] {logging_mixin.py:190} INFO - [2024-11-13T21:28:27.378+0000] {override.py:1911} INFO - Created Permission View: can delete on DAG Run:example_task_group_decorator
[2024-11-13T21:28:27.382+0000] {logging_mixin.py:190} INFO - [2024-11-13T21:28:27.382+0000] {override.py:1911} INFO - Created Permission View: can read on DAG Run:example_task_group_decorator
[2024-11-13T21:28:27.386+0000] {logging_mixin.py:190} INFO - [2024-11-13T21:28:27.386+0000] {override.py:1911} INFO - Created Permission View: menu access on DAG Run:example_task_group_decorator
[2024-11-13T21:28:27.389+0000] {logging_mixin.py:190} INFO - [2024-11-13T21:28:27.389+0000] {override.py:1911} INFO - Created Permission View: can create on DAG Run:example_task_group_decorator
[2024-11-13T21:28:27.392+0000] {logging_mixin.py:190} INFO - [2024-11-13T21:28:27.392+0000] {dag.py:3239} INFO - Sync 1 DAGs
[2024-11-13T21:28:27.397+0000] {logging_mixin.py:190} INFO - [2024-11-13T21:28:27.397+0000] {dag.py:3262} INFO - Creating ORM DAG for example_task_group_decorator
[2024-11-13T21:28:27.397+0000] {logging_mixin.py:190} INFO - [2024-11-13T21:28:27.397+0000] {dag.py:4180} INFO - Setting next_dagrun for example_task_group_decorator to None, run_after=None
[2024-11-13T21:28:27.402+0000] {processor.py:208} INFO - Processing /home/airflow/.local/lib/python3.12/site-packages/airflow/example_dags/example_task_group_decorator.py took 0.109 seconds
[2024-11-13T21:28:57.757+0000] {processor.py:186} INFO - Started process (PID=114) to work on /home/airflow/.local/lib/python3.12/site-packages/airflow/example_dags/example_task_group_decorator.py
[2024-11-13T21:28:57.758+0000] {processor.py:914} INFO - Processing file /home/airflow/.local/lib/python3.12/site-packages/airflow/example_dags/example_task_group_decorator.py for tasks to queue
[2024-11-13T21:28:57.758+0000] {logging_mixin.py:190} INFO - [2024-11-13T21:28:57.758+0000] {dagbag.py:588} INFO - Filling up the DagBag from /home/airflow/.local/lib/python3.12/site-packages/airflow/example_dags/example_task_group_decorator.py
[2024-11-13T21:28:57.765+0000] {processor.py:925} INFO - DAG(s) 'example_task_group_decorator' retrieved from /home/airflow/.local/lib/python3.12/site-packages/airflow/example_dags/example_task_group_decorator.py
[2024-11-13T21:28:57.774+0000] {logging_mixin.py:190} INFO - [2024-11-13T21:28:57.774+0000] {dag.py:3239} INFO - Sync 1 DAGs
[2024-11-13T21:28:57.780+0000] {logging_mixin.py:190} INFO - [2024-11-13T21:28:57.779+0000] {dag.py:4180} INFO - Setting next_dagrun for example_task_group_decorator to None, run_after=None
[2024-11-13T21:28:57.785+0000] {processor.py:208} INFO - Processing /home/airflow/.local/lib/python3.12/site-packages/airflow/example_dags/example_task_group_decorator.py took 0.031 seconds
[2024-11-13T21:29:28.271+0000] {processor.py:186} INFO - Started process (PID=176) to work on /home/airflow/.local/lib/python3.12/site-packages/airflow/example_dags/example_task_group_decorator.py
[2024-11-13T21:29:28.271+0000] {processor.py:914} INFO - Processing file /home/airflow/.local/lib/python3.12/site-packages/airflow/example_dags/example_task_group_decorator.py for tasks to queue
[2024-11-13T21:29:28.272+0000] {logging_mixin.py:190} INFO - [2024-11-13T21:29:28.272+0000] {dagbag.py:588} INFO - Filling up the DagBag from /home/airflow/.local/lib/python3.12/site-packages/airflow/example_dags/example_task_group_decorator.py
[2024-11-13T21:29:28.278+0000] {processor.py:925} INFO - DAG(s) 'example_task_group_decorator' retrieved from /home/airflow/.local/lib/python3.12/site-packages/airflow/example_dags/example_task_group_decorator.py
[2024-11-13T21:29:28.288+0000] {logging_mixin.py:190} INFO - [2024-11-13T21:29:28.288+0000] {dag.py:3239} INFO - Sync 1 DAGs
[2024-11-13T21:29:28.294+0000] {logging_mixin.py:190} INFO - [2024-11-13T21:29:28.294+0000] {dag.py:4180} INFO - Setting next_dagrun for example_task_group_decorator to None, run_after=None
[2024-11-13T21:29:28.300+0000] {processor.py:208} INFO - Processing /home/airflow/.local/lib/python3.12/site-packages/airflow/example_dags/example_task_group_decorator.py took 0.032 seconds
[2024-11-13T21:29:58.386+0000] {processor.py:186} INFO - Started process (PID=238) to work on /home/airflow/.local/lib/python3.12/site-packages/airflow/example_dags/example_task_group_decorator.py
[2024-11-13T21:29:58.387+0000] {processor.py:914} INFO - Processing file /home/airflow/.local/lib/python3.12/site-packages/airflow/example_dags/example_task_group_decorator.py for tasks to queue
[2024-11-13T21:29:58.388+0000] {logging_mixin.py:190} INFO - [2024-11-13T21:29:58.388+0000] {dagbag.py:588} INFO - Filling up the DagBag from /home/airflow/.local/lib/python3.12/site-packages/airflow/example_dags/example_task_group_decorator.py
[2024-11-13T21:29:58.396+0000] {processor.py:925} INFO - DAG(s) 'example_task_group_decorator' retrieved from /home/airflow/.local/lib/python3.12/site-packages/airflow/example_dags/example_task_group_decorator.py
[2024-11-13T21:29:58.407+0000] {logging_mixin.py:190} INFO - [2024-11-13T21:29:58.407+0000] {dag.py:3239} INFO - Sync 1 DAGs
[2024-11-13T21:29:58.414+0000] {logging_mixin.py:190} INFO - [2024-11-13T21:29:58.414+0000] {dag.py:4180} INFO - Setting next_dagrun for example_task_group_decorator to None, run_after=None
[2024-11-13T21:29:58.422+0000] {processor.py:208} INFO - Processing /home/airflow/.local/lib/python3.12/site-packages/airflow/example_dags/example_task_group_decorator.py took 0.038 seconds
[2024-11-13T21:30:28.540+0000] {processor.py:186} INFO - Started process (PID=300) to work on /home/airflow/.local/lib/python3.12/site-packages/airflow/example_dags/example_task_group_decorator.py
[2024-11-13T21:30:28.541+0000] {processor.py:914} INFO - Processing file /home/airflow/.local/lib/python3.12/site-packages/airflow/example_dags/example_task_group_decorator.py for tasks to queue
[2024-11-13T21:30:28.543+0000] {logging_mixin.py:190} INFO - [2024-11-13T21:30:28.542+0000] {dagbag.py:588} INFO - Filling up the DagBag from /home/airflow/.local/lib/python3.12/site-packages/airflow/example_dags/example_task_group_decorator.py
[2024-11-13T21:30:28.550+0000] {processor.py:925} INFO - DAG(s) 'example_task_group_decorator' retrieved from /home/airflow/.local/lib/python3.12/site-packages/airflow/example_dags/example_task_group_decorator.py
[2024-11-13T21:30:28.563+0000] {logging_mixin.py:190} INFO - [2024-11-13T21:30:28.563+0000] {dag.py:3239} INFO - Sync 1 DAGs
[2024-11-13T21:30:28.568+0000] {logging_mixin.py:190} INFO - [2024-11-13T21:30:28.568+0000] {dag.py:4180} INFO - Setting next_dagrun for example_task_group_decorator to None, run_after=None
[2024-11-13T21:30:28.576+0000] {processor.py:208} INFO - Processing /home/airflow/.local/lib/python3.12/site-packages/airflow/example_dags/example_task_group_decorator.py took 0.039 seconds
[2024-11-13T21:35:01.281+0000] {processor.py:186} INFO - Started process (PID=54) to work on /home/airflow/.local/lib/python3.12/site-packages/airflow/example_dags/example_task_group_decorator.py
[2024-11-13T21:35:01.282+0000] {processor.py:914} INFO - Processing file /home/airflow/.local/lib/python3.12/site-packages/airflow/example_dags/example_task_group_decorator.py for tasks to queue
[2024-11-13T21:35:01.284+0000] {logging_mixin.py:190} INFO - [2024-11-13T21:35:01.284+0000] {dagbag.py:588} INFO - Filling up the DagBag from /home/airflow/.local/lib/python3.12/site-packages/airflow/example_dags/example_task_group_decorator.py
[2024-11-13T21:35:01.292+0000] {processor.py:925} INFO - DAG(s) 'example_task_group_decorator' retrieved from /home/airflow/.local/lib/python3.12/site-packages/airflow/example_dags/example_task_group_decorator.py
[2024-11-13T21:35:01.351+0000] {logging_mixin.py:190} INFO - [2024-11-13T21:35:01.351+0000] {override.py:1911} INFO - Created Permission View: can edit on DAG:example_task_group_decorator
[2024-11-13T21:35:01.359+0000] {logging_mixin.py:190} INFO - [2024-11-13T21:35:01.358+0000] {override.py:1911} INFO - Created Permission View: can delete on DAG:example_task_group_decorator
[2024-11-13T21:35:01.363+0000] {logging_mixin.py:190} INFO - [2024-11-13T21:35:01.362+0000] {override.py:1911} INFO - Created Permission View: can read on DAG:example_task_group_decorator
[2024-11-13T21:35:01.369+0000] {logging_mixin.py:190} INFO - [2024-11-13T21:35:01.368+0000] {override.py:1911} INFO - Created Permission View: can create on DAG Run:example_task_group_decorator
[2024-11-13T21:35:01.374+0000] {logging_mixin.py:190} INFO - [2024-11-13T21:35:01.374+0000] {override.py:1911} INFO - Created Permission View: can delete on DAG Run:example_task_group_decorator
[2024-11-13T21:35:01.377+0000] {logging_mixin.py:190} INFO - [2024-11-13T21:35:01.377+0000] {override.py:1911} INFO - Created Permission View: menu access on DAG Run:example_task_group_decorator
[2024-11-13T21:35:01.381+0000] {logging_mixin.py:190} INFO - [2024-11-13T21:35:01.381+0000] {override.py:1911} INFO - Created Permission View: can read on DAG Run:example_task_group_decorator
[2024-11-13T21:35:01.381+0000] {logging_mixin.py:190} INFO - [2024-11-13T21:35:01.381+0000] {dag.py:3239} INFO - Sync 1 DAGs
[2024-11-13T21:35:01.387+0000] {logging_mixin.py:190} INFO - [2024-11-13T21:35:01.387+0000] {dag.py:3262} INFO - Creating ORM DAG for example_task_group_decorator
[2024-11-13T21:35:01.387+0000] {logging_mixin.py:190} INFO - [2024-11-13T21:35:01.387+0000] {dag.py:4180} INFO - Setting next_dagrun for example_task_group_decorator to None, run_after=None
[2024-11-13T21:35:01.397+0000] {processor.py:208} INFO - Processing /home/airflow/.local/lib/python3.12/site-packages/airflow/example_dags/example_task_group_decorator.py took 0.118 seconds
[2024-11-13T21:35:32.236+0000] {processor.py:186} INFO - Started process (PID=117) to work on /home/airflow/.local/lib/python3.12/site-packages/airflow/example_dags/example_task_group_decorator.py
[2024-11-13T21:35:32.237+0000] {processor.py:914} INFO - Processing file /home/airflow/.local/lib/python3.12/site-packages/airflow/example_dags/example_task_group_decorator.py for tasks to queue
[2024-11-13T21:35:32.239+0000] {logging_mixin.py:190} INFO - [2024-11-13T21:35:32.238+0000] {dagbag.py:588} INFO - Filling up the DagBag from /home/airflow/.local/lib/python3.12/site-packages/airflow/example_dags/example_task_group_decorator.py
[2024-11-13T21:35:32.245+0000] {processor.py:925} INFO - DAG(s) 'example_task_group_decorator' retrieved from /home/airflow/.local/lib/python3.12/site-packages/airflow/example_dags/example_task_group_decorator.py
[2024-11-13T21:35:32.257+0000] {logging_mixin.py:190} INFO - [2024-11-13T21:35:32.257+0000] {dag.py:3239} INFO - Sync 1 DAGs
[2024-11-13T21:35:32.264+0000] {logging_mixin.py:190} INFO - [2024-11-13T21:35:32.264+0000] {dag.py:4180} INFO - Setting next_dagrun for example_task_group_decorator to None, run_after=None
[2024-11-13T21:35:32.272+0000] {processor.py:208} INFO - Processing /home/airflow/.local/lib/python3.12/site-packages/airflow/example_dags/example_task_group_decorator.py took 0.039 seconds
[2024-11-13T21:36:02.874+0000] {processor.py:186} INFO - Started process (PID=184) to work on /home/airflow/.local/lib/python3.12/site-packages/airflow/example_dags/example_task_group_decorator.py
[2024-11-13T21:36:02.875+0000] {processor.py:914} INFO - Processing file /home/airflow/.local/lib/python3.12/site-packages/airflow/example_dags/example_task_group_decorator.py for tasks to queue
[2024-11-13T21:36:02.876+0000] {logging_mixin.py:190} INFO - [2024-11-13T21:36:02.876+0000] {dagbag.py:588} INFO - Filling up the DagBag from /home/airflow/.local/lib/python3.12/site-packages/airflow/example_dags/example_task_group_decorator.py
[2024-11-13T21:36:02.882+0000] {processor.py:925} INFO - DAG(s) 'example_task_group_decorator' retrieved from /home/airflow/.local/lib/python3.12/site-packages/airflow/example_dags/example_task_group_decorator.py
[2024-11-13T21:36:02.894+0000] {logging_mixin.py:190} INFO - [2024-11-13T21:36:02.894+0000] {dag.py:3239} INFO - Sync 1 DAGs
[2024-11-13T21:36:02.902+0000] {logging_mixin.py:190} INFO - [2024-11-13T21:36:02.902+0000] {dag.py:4180} INFO - Setting next_dagrun for example_task_group_decorator to None, run_after=None
[2024-11-13T21:36:02.911+0000] {processor.py:208} INFO - Processing /home/airflow/.local/lib/python3.12/site-packages/airflow/example_dags/example_task_group_decorator.py took 0.039 seconds
[2024-11-13T21:36:33.343+0000] {processor.py:186} INFO - Started process (PID=247) to work on /home/airflow/.local/lib/python3.12/site-packages/airflow/example_dags/example_task_group_decorator.py
[2024-11-13T21:36:33.344+0000] {processor.py:914} INFO - Processing file /home/airflow/.local/lib/python3.12/site-packages/airflow/example_dags/example_task_group_decorator.py for tasks to queue
[2024-11-13T21:36:33.345+0000] {logging_mixin.py:190} INFO - [2024-11-13T21:36:33.345+0000] {dagbag.py:588} INFO - Filling up the DagBag from /home/airflow/.local/lib/python3.12/site-packages/airflow/example_dags/example_task_group_decorator.py
[2024-11-13T21:36:33.351+0000] {processor.py:925} INFO - DAG(s) 'example_task_group_decorator' retrieved from /home/airflow/.local/lib/python3.12/site-packages/airflow/example_dags/example_task_group_decorator.py
[2024-11-13T21:36:33.364+0000] {logging_mixin.py:190} INFO - [2024-11-13T21:36:33.364+0000] {dag.py:3239} INFO - Sync 1 DAGs
[2024-11-13T21:36:33.370+0000] {logging_mixin.py:190} INFO - [2024-11-13T21:36:33.369+0000] {dag.py:4180} INFO - Setting next_dagrun for example_task_group_decorator to None, run_after=None
[2024-11-13T21:36:33.379+0000] {processor.py:208} INFO - Processing /home/airflow/.local/lib/python3.12/site-packages/airflow/example_dags/example_task_group_decorator.py took 0.039 seconds
[2024-11-13T21:37:03.850+0000] {processor.py:186} INFO - Started process (PID=310) to work on /home/airflow/.local/lib/python3.12/site-packages/airflow/example_dags/example_task_group_decorator.py
[2024-11-13T21:37:03.850+0000] {processor.py:914} INFO - Processing file /home/airflow/.local/lib/python3.12/site-packages/airflow/example_dags/example_task_group_decorator.py for tasks to queue
[2024-11-13T21:37:03.851+0000] {logging_mixin.py:190} INFO - [2024-11-13T21:37:03.851+0000] {dagbag.py:588} INFO - Filling up the DagBag from /home/airflow/.local/lib/python3.12/site-packages/airflow/example_dags/example_task_group_decorator.py
[2024-11-13T21:37:03.858+0000] {processor.py:925} INFO - DAG(s) 'example_task_group_decorator' retrieved from /home/airflow/.local/lib/python3.12/site-packages/airflow/example_dags/example_task_group_decorator.py
[2024-11-13T21:37:03.869+0000] {logging_mixin.py:190} INFO - [2024-11-13T21:37:03.869+0000] {dag.py:3239} INFO - Sync 1 DAGs
[2024-11-13T21:37:03.876+0000] {logging_mixin.py:190} INFO - [2024-11-13T21:37:03.876+0000] {dag.py:4180} INFO - Setting next_dagrun for example_task_group_decorator to None, run_after=None
[2024-11-13T21:37:03.886+0000] {processor.py:208} INFO - Processing /home/airflow/.local/lib/python3.12/site-packages/airflow/example_dags/example_task_group_decorator.py took 0.039 seconds
[2024-11-13T21:37:34.252+0000] {processor.py:186} INFO - Started process (PID=379) to work on /home/airflow/.local/lib/python3.12/site-packages/airflow/example_dags/example_task_group_decorator.py
[2024-11-13T21:37:34.253+0000] {processor.py:914} INFO - Processing file /home/airflow/.local/lib/python3.12/site-packages/airflow/example_dags/example_task_group_decorator.py for tasks to queue
[2024-11-13T21:37:34.255+0000] {logging_mixin.py:190} INFO - [2024-11-13T21:37:34.254+0000] {dagbag.py:588} INFO - Filling up the DagBag from /home/airflow/.local/lib/python3.12/site-packages/airflow/example_dags/example_task_group_decorator.py
[2024-11-13T21:37:34.263+0000] {processor.py:925} INFO - DAG(s) 'example_task_group_decorator' retrieved from /home/airflow/.local/lib/python3.12/site-packages/airflow/example_dags/example_task_group_decorator.py
[2024-11-13T21:37:34.278+0000] {logging_mixin.py:190} INFO - [2024-11-13T21:37:34.278+0000] {dag.py:3239} INFO - Sync 1 DAGs
[2024-11-13T21:37:34.285+0000] {logging_mixin.py:190} INFO - [2024-11-13T21:37:34.285+0000] {dag.py:4180} INFO - Setting next_dagrun for example_task_group_decorator to None, run_after=None
[2024-11-13T21:37:34.292+0000] {processor.py:208} INFO - Processing /home/airflow/.local/lib/python3.12/site-packages/airflow/example_dags/example_task_group_decorator.py took 0.043 seconds
[2024-11-13T21:38:04.709+0000] {processor.py:186} INFO - Started process (PID=442) to work on /home/airflow/.local/lib/python3.12/site-packages/airflow/example_dags/example_task_group_decorator.py
[2024-11-13T21:38:04.710+0000] {processor.py:914} INFO - Processing file /home/airflow/.local/lib/python3.12/site-packages/airflow/example_dags/example_task_group_decorator.py for tasks to queue
[2024-11-13T21:38:04.711+0000] {logging_mixin.py:190} INFO - [2024-11-13T21:38:04.711+0000] {dagbag.py:588} INFO - Filling up the DagBag from /home/airflow/.local/lib/python3.12/site-packages/airflow/example_dags/example_task_group_decorator.py
[2024-11-13T21:38:04.718+0000] {processor.py:925} INFO - DAG(s) 'example_task_group_decorator' retrieved from /home/airflow/.local/lib/python3.12/site-packages/airflow/example_dags/example_task_group_decorator.py
[2024-11-13T21:38:04.728+0000] {logging_mixin.py:190} INFO - [2024-11-13T21:38:04.728+0000] {dag.py:3239} INFO - Sync 1 DAGs
[2024-11-13T21:38:04.733+0000] {logging_mixin.py:190} INFO - [2024-11-13T21:38:04.733+0000] {dag.py:4180} INFO - Setting next_dagrun for example_task_group_decorator to None, run_after=None
[2024-11-13T21:38:04.739+0000] {processor.py:208} INFO - Processing /home/airflow/.local/lib/python3.12/site-packages/airflow/example_dags/example_task_group_decorator.py took 0.033 seconds
[2024-11-13T23:40:18.948+0000] {processor.py:186} INFO - Started process (PID=47) to work on /home/airflow/.local/lib/python3.12/site-packages/airflow/example_dags/example_task_group_decorator.py
[2024-11-13T23:40:18.949+0000] {processor.py:914} INFO - Processing file /home/airflow/.local/lib/python3.12/site-packages/airflow/example_dags/example_task_group_decorator.py for tasks to queue
[2024-11-13T23:40:18.951+0000] {logging_mixin.py:190} INFO - [2024-11-13T23:40:18.950+0000] {dagbag.py:588} INFO - Filling up the DagBag from /home/airflow/.local/lib/python3.12/site-packages/airflow/example_dags/example_task_group_decorator.py
[2024-11-13T23:40:18.958+0000] {processor.py:925} INFO - DAG(s) 'example_task_group_decorator' retrieved from /home/airflow/.local/lib/python3.12/site-packages/airflow/example_dags/example_task_group_decorator.py
[2024-11-13T23:40:19.002+0000] {logging_mixin.py:190} INFO - [2024-11-13T23:40:19.001+0000] {override.py:1911} INFO - Created Permission View: can edit on DAG:example_task_group_decorator
[2024-11-13T23:40:19.005+0000] {logging_mixin.py:190} INFO - [2024-11-13T23:40:19.005+0000] {override.py:1911} INFO - Created Permission View: can delete on DAG:example_task_group_decorator
[2024-11-13T23:40:19.007+0000] {logging_mixin.py:190} INFO - [2024-11-13T23:40:19.007+0000] {override.py:1911} INFO - Created Permission View: can read on DAG:example_task_group_decorator
[2024-11-13T23:40:19.009+0000] {logging_mixin.py:190} INFO - [2024-11-13T23:40:19.009+0000] {override.py:1911} INFO - Created Permission View: can delete on DAG Run:example_task_group_decorator
[2024-11-13T23:40:19.010+0000] {logging_mixin.py:190} INFO - [2024-11-13T23:40:19.010+0000] {override.py:1911} INFO - Created Permission View: menu access on DAG Run:example_task_group_decorator
[2024-11-13T23:40:19.012+0000] {logging_mixin.py:190} INFO - [2024-11-13T23:40:19.012+0000] {override.py:1911} INFO - Created Permission View: can read on DAG Run:example_task_group_decorator
[2024-11-13T23:40:19.014+0000] {logging_mixin.py:190} INFO - [2024-11-13T23:40:19.013+0000] {override.py:1911} INFO - Created Permission View: can create on DAG Run:example_task_group_decorator
[2024-11-13T23:40:19.014+0000] {logging_mixin.py:190} INFO - [2024-11-13T23:40:19.014+0000] {dag.py:3239} INFO - Sync 1 DAGs
[2024-11-13T23:40:19.018+0000] {logging_mixin.py:190} INFO - [2024-11-13T23:40:19.017+0000] {dag.py:3262} INFO - Creating ORM DAG for example_task_group_decorator
[2024-11-13T23:40:19.018+0000] {logging_mixin.py:190} INFO - [2024-11-13T23:40:19.018+0000] {dag.py:4180} INFO - Setting next_dagrun for example_task_group_decorator to None, run_after=None
[2024-11-13T23:40:19.023+0000] {processor.py:208} INFO - Processing /home/airflow/.local/lib/python3.12/site-packages/airflow/example_dags/example_task_group_decorator.py took 0.077 seconds
[2024-11-13T23:40:49.309+0000] {processor.py:186} INFO - Started process (PID=110) to work on /home/airflow/.local/lib/python3.12/site-packages/airflow/example_dags/example_task_group_decorator.py
[2024-11-13T23:40:49.310+0000] {processor.py:914} INFO - Processing file /home/airflow/.local/lib/python3.12/site-packages/airflow/example_dags/example_task_group_decorator.py for tasks to queue
[2024-11-13T23:40:49.310+0000] {logging_mixin.py:190} INFO - [2024-11-13T23:40:49.310+0000] {dagbag.py:588} INFO - Filling up the DagBag from /home/airflow/.local/lib/python3.12/site-packages/airflow/example_dags/example_task_group_decorator.py
[2024-11-13T23:40:49.317+0000] {processor.py:925} INFO - DAG(s) 'example_task_group_decorator' retrieved from /home/airflow/.local/lib/python3.12/site-packages/airflow/example_dags/example_task_group_decorator.py
[2024-11-13T23:40:49.330+0000] {logging_mixin.py:190} INFO - [2024-11-13T23:40:49.329+0000] {dag.py:3239} INFO - Sync 1 DAGs
[2024-11-13T23:40:49.335+0000] {logging_mixin.py:190} INFO - [2024-11-13T23:40:49.335+0000] {dag.py:4180} INFO - Setting next_dagrun for example_task_group_decorator to None, run_after=None
[2024-11-13T23:40:49.342+0000] {processor.py:208} INFO - Processing /home/airflow/.local/lib/python3.12/site-packages/airflow/example_dags/example_task_group_decorator.py took 0.035 seconds
[2024-11-13T23:41:20.613+0000] {processor.py:186} INFO - Started process (PID=172) to work on /home/airflow/.local/lib/python3.12/site-packages/airflow/example_dags/example_task_group_decorator.py
[2024-11-13T23:41:20.614+0000] {processor.py:914} INFO - Processing file /home/airflow/.local/lib/python3.12/site-packages/airflow/example_dags/example_task_group_decorator.py for tasks to queue
[2024-11-13T23:41:20.615+0000] {logging_mixin.py:190} INFO - [2024-11-13T23:41:20.615+0000] {dagbag.py:588} INFO - Filling up the DagBag from /home/airflow/.local/lib/python3.12/site-packages/airflow/example_dags/example_task_group_decorator.py
[2024-11-13T23:41:20.621+0000] {processor.py:925} INFO - DAG(s) 'example_task_group_decorator' retrieved from /home/airflow/.local/lib/python3.12/site-packages/airflow/example_dags/example_task_group_decorator.py
[2024-11-13T23:41:20.631+0000] {logging_mixin.py:190} INFO - [2024-11-13T23:41:20.631+0000] {dag.py:3239} INFO - Sync 1 DAGs
[2024-11-13T23:41:20.639+0000] {logging_mixin.py:190} INFO - [2024-11-13T23:41:20.638+0000] {dag.py:4180} INFO - Setting next_dagrun for example_task_group_decorator to None, run_after=None
[2024-11-13T23:41:20.647+0000] {processor.py:208} INFO - Processing /home/airflow/.local/lib/python3.12/site-packages/airflow/example_dags/example_task_group_decorator.py took 0.036 seconds
[2024-11-13T23:41:51.041+0000] {processor.py:186} INFO - Started process (PID=235) to work on /home/airflow/.local/lib/python3.12/site-packages/airflow/example_dags/example_task_group_decorator.py
[2024-11-13T23:41:51.042+0000] {processor.py:914} INFO - Processing file /home/airflow/.local/lib/python3.12/site-packages/airflow/example_dags/example_task_group_decorator.py for tasks to queue
[2024-11-13T23:41:51.043+0000] {logging_mixin.py:190} INFO - [2024-11-13T23:41:51.043+0000] {dagbag.py:588} INFO - Filling up the DagBag from /home/airflow/.local/lib/python3.12/site-packages/airflow/example_dags/example_task_group_decorator.py
[2024-11-13T23:41:51.049+0000] {processor.py:925} INFO - DAG(s) 'example_task_group_decorator' retrieved from /home/airflow/.local/lib/python3.12/site-packages/airflow/example_dags/example_task_group_decorator.py
[2024-11-13T23:41:51.058+0000] {logging_mixin.py:190} INFO - [2024-11-13T23:41:51.058+0000] {dag.py:3239} INFO - Sync 1 DAGs
[2024-11-13T23:41:51.063+0000] {logging_mixin.py:190} INFO - [2024-11-13T23:41:51.063+0000] {dag.py:4180} INFO - Setting next_dagrun for example_task_group_decorator to None, run_after=None
[2024-11-13T23:41:51.068+0000] {processor.py:208} INFO - Processing /home/airflow/.local/lib/python3.12/site-packages/airflow/example_dags/example_task_group_decorator.py took 0.029 seconds
[2024-11-13T23:42:21.500+0000] {processor.py:186} INFO - Started process (PID=304) to work on /home/airflow/.local/lib/python3.12/site-packages/airflow/example_dags/example_task_group_decorator.py
[2024-11-13T23:42:21.500+0000] {processor.py:914} INFO - Processing file /home/airflow/.local/lib/python3.12/site-packages/airflow/example_dags/example_task_group_decorator.py for tasks to queue
[2024-11-13T23:42:21.502+0000] {logging_mixin.py:190} INFO - [2024-11-13T23:42:21.502+0000] {dagbag.py:588} INFO - Filling up the DagBag from /home/airflow/.local/lib/python3.12/site-packages/airflow/example_dags/example_task_group_decorator.py
[2024-11-13T23:42:21.512+0000] {processor.py:925} INFO - DAG(s) 'example_task_group_decorator' retrieved from /home/airflow/.local/lib/python3.12/site-packages/airflow/example_dags/example_task_group_decorator.py
[2024-11-13T23:42:21.528+0000] {logging_mixin.py:190} INFO - [2024-11-13T23:42:21.528+0000] {dag.py:3239} INFO - Sync 1 DAGs
[2024-11-13T23:42:21.535+0000] {logging_mixin.py:190} INFO - [2024-11-13T23:42:21.535+0000] {dag.py:4180} INFO - Setting next_dagrun for example_task_group_decorator to None, run_after=None
[2024-11-13T23:42:21.544+0000] {processor.py:208} INFO - Processing /home/airflow/.local/lib/python3.12/site-packages/airflow/example_dags/example_task_group_decorator.py took 0.047 seconds
[2024-11-13T23:42:51.888+0000] {processor.py:186} INFO - Started process (PID=367) to work on /home/airflow/.local/lib/python3.12/site-packages/airflow/example_dags/example_task_group_decorator.py
[2024-11-13T23:42:51.889+0000] {processor.py:914} INFO - Processing file /home/airflow/.local/lib/python3.12/site-packages/airflow/example_dags/example_task_group_decorator.py for tasks to queue
[2024-11-13T23:42:51.890+0000] {logging_mixin.py:190} INFO - [2024-11-13T23:42:51.890+0000] {dagbag.py:588} INFO - Filling up the DagBag from /home/airflow/.local/lib/python3.12/site-packages/airflow/example_dags/example_task_group_decorator.py
[2024-11-13T23:42:51.895+0000] {processor.py:925} INFO - DAG(s) 'example_task_group_decorator' retrieved from /home/airflow/.local/lib/python3.12/site-packages/airflow/example_dags/example_task_group_decorator.py
[2024-11-13T23:42:51.909+0000] {logging_mixin.py:190} INFO - [2024-11-13T23:42:51.909+0000] {dag.py:3239} INFO - Sync 1 DAGs
[2024-11-13T23:42:51.914+0000] {logging_mixin.py:190} INFO - [2024-11-13T23:42:51.914+0000] {dag.py:4180} INFO - Setting next_dagrun for example_task_group_decorator to None, run_after=None
[2024-11-13T23:42:51.922+0000] {processor.py:208} INFO - Processing /home/airflow/.local/lib/python3.12/site-packages/airflow/example_dags/example_task_group_decorator.py took 0.037 seconds
[2024-11-13T23:43:23.226+0000] {processor.py:186} INFO - Started process (PID=430) to work on /home/airflow/.local/lib/python3.12/site-packages/airflow/example_dags/example_task_group_decorator.py
[2024-11-13T23:43:23.227+0000] {processor.py:914} INFO - Processing file /home/airflow/.local/lib/python3.12/site-packages/airflow/example_dags/example_task_group_decorator.py for tasks to queue
[2024-11-13T23:43:23.228+0000] {logging_mixin.py:190} INFO - [2024-11-13T23:43:23.228+0000] {dagbag.py:588} INFO - Filling up the DagBag from /home/airflow/.local/lib/python3.12/site-packages/airflow/example_dags/example_task_group_decorator.py
[2024-11-13T23:43:23.233+0000] {processor.py:925} INFO - DAG(s) 'example_task_group_decorator' retrieved from /home/airflow/.local/lib/python3.12/site-packages/airflow/example_dags/example_task_group_decorator.py
[2024-11-13T23:43:23.244+0000] {logging_mixin.py:190} INFO - [2024-11-13T23:43:23.244+0000] {dag.py:3239} INFO - Sync 1 DAGs
[2024-11-13T23:43:23.250+0000] {logging_mixin.py:190} INFO - [2024-11-13T23:43:23.250+0000] {dag.py:4180} INFO - Setting next_dagrun for example_task_group_decorator to None, run_after=None
[2024-11-13T23:43:23.259+0000] {processor.py:208} INFO - Processing /home/airflow/.local/lib/python3.12/site-packages/airflow/example_dags/example_task_group_decorator.py took 0.035 seconds
[2024-11-13T23:43:54.444+0000] {processor.py:186} INFO - Started process (PID=493) to work on /home/airflow/.local/lib/python3.12/site-packages/airflow/example_dags/example_task_group_decorator.py
[2024-11-13T23:43:54.446+0000] {processor.py:914} INFO - Processing file /home/airflow/.local/lib/python3.12/site-packages/airflow/example_dags/example_task_group_decorator.py for tasks to queue
[2024-11-13T23:43:54.447+0000] {logging_mixin.py:190} INFO - [2024-11-13T23:43:54.447+0000] {dagbag.py:588} INFO - Filling up the DagBag from /home/airflow/.local/lib/python3.12/site-packages/airflow/example_dags/example_task_group_decorator.py
[2024-11-13T23:43:54.452+0000] {processor.py:925} INFO - DAG(s) 'example_task_group_decorator' retrieved from /home/airflow/.local/lib/python3.12/site-packages/airflow/example_dags/example_task_group_decorator.py
[2024-11-13T23:43:54.463+0000] {logging_mixin.py:190} INFO - [2024-11-13T23:43:54.463+0000] {dag.py:3239} INFO - Sync 1 DAGs
[2024-11-13T23:43:54.469+0000] {logging_mixin.py:190} INFO - [2024-11-13T23:43:54.469+0000] {dag.py:4180} INFO - Setting next_dagrun for example_task_group_decorator to None, run_after=None
[2024-11-13T23:43:54.475+0000] {processor.py:208} INFO - Processing /home/airflow/.local/lib/python3.12/site-packages/airflow/example_dags/example_task_group_decorator.py took 0.034 seconds
[2024-11-13T23:44:25.778+0000] {processor.py:186} INFO - Started process (PID=556) to work on /home/airflow/.local/lib/python3.12/site-packages/airflow/example_dags/example_task_group_decorator.py
[2024-11-13T23:44:25.778+0000] {processor.py:914} INFO - Processing file /home/airflow/.local/lib/python3.12/site-packages/airflow/example_dags/example_task_group_decorator.py for tasks to queue
[2024-11-13T23:44:25.779+0000] {logging_mixin.py:190} INFO - [2024-11-13T23:44:25.779+0000] {dagbag.py:588} INFO - Filling up the DagBag from /home/airflow/.local/lib/python3.12/site-packages/airflow/example_dags/example_task_group_decorator.py
[2024-11-13T23:44:25.785+0000] {processor.py:925} INFO - DAG(s) 'example_task_group_decorator' retrieved from /home/airflow/.local/lib/python3.12/site-packages/airflow/example_dags/example_task_group_decorator.py
[2024-11-13T23:44:25.796+0000] {logging_mixin.py:190} INFO - [2024-11-13T23:44:25.796+0000] {dag.py:3239} INFO - Sync 1 DAGs
[2024-11-13T23:44:25.804+0000] {logging_mixin.py:190} INFO - [2024-11-13T23:44:25.803+0000] {dag.py:4180} INFO - Setting next_dagrun for example_task_group_decorator to None, run_after=None
[2024-11-13T23:44:25.812+0000] {processor.py:208} INFO - Processing /home/airflow/.local/lib/python3.12/site-packages/airflow/example_dags/example_task_group_decorator.py took 0.036 seconds
[2024-11-13T23:44:57.031+0000] {processor.py:186} INFO - Started process (PID=619) to work on /home/airflow/.local/lib/python3.12/site-packages/airflow/example_dags/example_task_group_decorator.py
[2024-11-13T23:44:57.032+0000] {processor.py:914} INFO - Processing file /home/airflow/.local/lib/python3.12/site-packages/airflow/example_dags/example_task_group_decorator.py for tasks to queue
[2024-11-13T23:44:57.033+0000] {logging_mixin.py:190} INFO - [2024-11-13T23:44:57.033+0000] {dagbag.py:588} INFO - Filling up the DagBag from /home/airflow/.local/lib/python3.12/site-packages/airflow/example_dags/example_task_group_decorator.py
[2024-11-13T23:44:57.039+0000] {processor.py:925} INFO - DAG(s) 'example_task_group_decorator' retrieved from /home/airflow/.local/lib/python3.12/site-packages/airflow/example_dags/example_task_group_decorator.py
[2024-11-13T23:44:57.050+0000] {logging_mixin.py:190} INFO - [2024-11-13T23:44:57.049+0000] {dag.py:3239} INFO - Sync 1 DAGs
[2024-11-13T23:44:57.055+0000] {logging_mixin.py:190} INFO - [2024-11-13T23:44:57.055+0000] {dag.py:4180} INFO - Setting next_dagrun for example_task_group_decorator to None, run_after=None
[2024-11-13T23:44:57.063+0000] {processor.py:208} INFO - Processing /home/airflow/.local/lib/python3.12/site-packages/airflow/example_dags/example_task_group_decorator.py took 0.034 seconds
[2024-11-13T23:45:28.260+0000] {processor.py:186} INFO - Started process (PID=682) to work on /home/airflow/.local/lib/python3.12/site-packages/airflow/example_dags/example_task_group_decorator.py
[2024-11-13T23:45:28.261+0000] {processor.py:914} INFO - Processing file /home/airflow/.local/lib/python3.12/site-packages/airflow/example_dags/example_task_group_decorator.py for tasks to queue
[2024-11-13T23:45:28.263+0000] {logging_mixin.py:190} INFO - [2024-11-13T23:45:28.263+0000] {dagbag.py:588} INFO - Filling up the DagBag from /home/airflow/.local/lib/python3.12/site-packages/airflow/example_dags/example_task_group_decorator.py
[2024-11-13T23:45:28.269+0000] {processor.py:925} INFO - DAG(s) 'example_task_group_decorator' retrieved from /home/airflow/.local/lib/python3.12/site-packages/airflow/example_dags/example_task_group_decorator.py
[2024-11-13T23:45:28.280+0000] {logging_mixin.py:190} INFO - [2024-11-13T23:45:28.280+0000] {dag.py:3239} INFO - Sync 1 DAGs
[2024-11-13T23:45:28.286+0000] {logging_mixin.py:190} INFO - [2024-11-13T23:45:28.286+0000] {dag.py:4180} INFO - Setting next_dagrun for example_task_group_decorator to None, run_after=None
[2024-11-13T23:45:28.293+0000] {processor.py:208} INFO - Processing /home/airflow/.local/lib/python3.12/site-packages/airflow/example_dags/example_task_group_decorator.py took 0.036 seconds
[2024-11-13T23:45:59.424+0000] {processor.py:186} INFO - Started process (PID=745) to work on /home/airflow/.local/lib/python3.12/site-packages/airflow/example_dags/example_task_group_decorator.py
[2024-11-13T23:45:59.425+0000] {processor.py:914} INFO - Processing file /home/airflow/.local/lib/python3.12/site-packages/airflow/example_dags/example_task_group_decorator.py for tasks to queue
[2024-11-13T23:45:59.426+0000] {logging_mixin.py:190} INFO - [2024-11-13T23:45:59.426+0000] {dagbag.py:588} INFO - Filling up the DagBag from /home/airflow/.local/lib/python3.12/site-packages/airflow/example_dags/example_task_group_decorator.py
[2024-11-13T23:45:59.432+0000] {processor.py:925} INFO - DAG(s) 'example_task_group_decorator' retrieved from /home/airflow/.local/lib/python3.12/site-packages/airflow/example_dags/example_task_group_decorator.py
[2024-11-13T23:45:59.442+0000] {logging_mixin.py:190} INFO - [2024-11-13T23:45:59.442+0000] {dag.py:3239} INFO - Sync 1 DAGs
[2024-11-13T23:45:59.447+0000] {logging_mixin.py:190} INFO - [2024-11-13T23:45:59.447+0000] {dag.py:4180} INFO - Setting next_dagrun for example_task_group_decorator to None, run_after=None
[2024-11-13T23:45:59.454+0000] {processor.py:208} INFO - Processing /home/airflow/.local/lib/python3.12/site-packages/airflow/example_dags/example_task_group_decorator.py took 0.033 seconds
[2024-11-13T23:46:30.687+0000] {processor.py:186} INFO - Started process (PID=808) to work on /home/airflow/.local/lib/python3.12/site-packages/airflow/example_dags/example_task_group_decorator.py
[2024-11-13T23:46:30.687+0000] {processor.py:914} INFO - Processing file /home/airflow/.local/lib/python3.12/site-packages/airflow/example_dags/example_task_group_decorator.py for tasks to queue
[2024-11-13T23:46:30.688+0000] {logging_mixin.py:190} INFO - [2024-11-13T23:46:30.688+0000] {dagbag.py:588} INFO - Filling up the DagBag from /home/airflow/.local/lib/python3.12/site-packages/airflow/example_dags/example_task_group_decorator.py
[2024-11-13T23:46:30.694+0000] {processor.py:925} INFO - DAG(s) 'example_task_group_decorator' retrieved from /home/airflow/.local/lib/python3.12/site-packages/airflow/example_dags/example_task_group_decorator.py
[2024-11-13T23:46:30.703+0000] {logging_mixin.py:190} INFO - [2024-11-13T23:46:30.703+0000] {dag.py:3239} INFO - Sync 1 DAGs
[2024-11-13T23:46:30.708+0000] {logging_mixin.py:190} INFO - [2024-11-13T23:46:30.708+0000] {dag.py:4180} INFO - Setting next_dagrun for example_task_group_decorator to None, run_after=None
[2024-11-13T23:46:30.714+0000] {processor.py:208} INFO - Processing /home/airflow/.local/lib/python3.12/site-packages/airflow/example_dags/example_task_group_decorator.py took 0.029 seconds
[2024-11-13T23:47:02.013+0000] {processor.py:186} INFO - Started process (PID=871) to work on /home/airflow/.local/lib/python3.12/site-packages/airflow/example_dags/example_task_group_decorator.py
[2024-11-13T23:47:02.014+0000] {processor.py:914} INFO - Processing file /home/airflow/.local/lib/python3.12/site-packages/airflow/example_dags/example_task_group_decorator.py for tasks to queue
[2024-11-13T23:47:02.016+0000] {logging_mixin.py:190} INFO - [2024-11-13T23:47:02.016+0000] {dagbag.py:588} INFO - Filling up the DagBag from /home/airflow/.local/lib/python3.12/site-packages/airflow/example_dags/example_task_group_decorator.py
[2024-11-13T23:47:02.021+0000] {processor.py:925} INFO - DAG(s) 'example_task_group_decorator' retrieved from /home/airflow/.local/lib/python3.12/site-packages/airflow/example_dags/example_task_group_decorator.py
[2024-11-13T23:47:02.033+0000] {logging_mixin.py:190} INFO - [2024-11-13T23:47:02.033+0000] {dag.py:3239} INFO - Sync 1 DAGs
[2024-11-13T23:47:02.039+0000] {logging_mixin.py:190} INFO - [2024-11-13T23:47:02.039+0000] {dag.py:4180} INFO - Setting next_dagrun for example_task_group_decorator to None, run_after=None
[2024-11-13T23:47:02.047+0000] {processor.py:208} INFO - Processing /home/airflow/.local/lib/python3.12/site-packages/airflow/example_dags/example_task_group_decorator.py took 0.037 seconds
[2024-11-13T23:47:33.261+0000] {processor.py:186} INFO - Started process (PID=934) to work on /home/airflow/.local/lib/python3.12/site-packages/airflow/example_dags/example_task_group_decorator.py
[2024-11-13T23:47:33.261+0000] {processor.py:914} INFO - Processing file /home/airflow/.local/lib/python3.12/site-packages/airflow/example_dags/example_task_group_decorator.py for tasks to queue
[2024-11-13T23:47:33.262+0000] {logging_mixin.py:190} INFO - [2024-11-13T23:47:33.262+0000] {dagbag.py:588} INFO - Filling up the DagBag from /home/airflow/.local/lib/python3.12/site-packages/airflow/example_dags/example_task_group_decorator.py
[2024-11-13T23:47:33.269+0000] {processor.py:925} INFO - DAG(s) 'example_task_group_decorator' retrieved from /home/airflow/.local/lib/python3.12/site-packages/airflow/example_dags/example_task_group_decorator.py
[2024-11-13T23:47:33.298+0000] {logging_mixin.py:190} INFO - [2024-11-13T23:47:33.298+0000] {dag.py:3239} INFO - Sync 1 DAGs
[2024-11-13T23:47:33.309+0000] {logging_mixin.py:190} INFO - [2024-11-13T23:47:33.309+0000] {dag.py:4180} INFO - Setting next_dagrun for example_task_group_decorator to None, run_after=None
[2024-11-13T23:47:33.316+0000] {processor.py:208} INFO - Processing /home/airflow/.local/lib/python3.12/site-packages/airflow/example_dags/example_task_group_decorator.py took 0.058 seconds
