[2024-11-13T21:28:27.497+0000] {processor.py:186} INFO - Started process (PID=56) to work on /home/airflow/.local/lib/python3.12/site-packages/airflow/example_dags/example_bash_decorator.py
[2024-11-13T21:28:27.498+0000] {processor.py:914} INFO - Processing file /home/airflow/.local/lib/python3.12/site-packages/airflow/example_dags/example_bash_decorator.py for tasks to queue
[2024-11-13T21:28:27.499+0000] {logging_mixin.py:190} INFO - [2024-11-13T21:28:27.499+0000] {dagbag.py:588} INFO - Filling up the DagBag from /home/airflow/.local/lib/python3.12/site-packages/airflow/example_dags/example_bash_decorator.py
[2024-11-13T21:28:27.506+0000] {processor.py:925} INFO - DAG(s) 'example_bash_decorator' retrieved from /home/airflow/.local/lib/python3.12/site-packages/airflow/example_dags/example_bash_decorator.py
[2024-11-13T21:28:27.547+0000] {logging_mixin.py:190} INFO - [2024-11-13T21:28:27.547+0000] {override.py:1911} INFO - Created Permission View: can edit on DAG:example_bash_decorator
[2024-11-13T21:28:27.550+0000] {logging_mixin.py:190} INFO - [2024-11-13T21:28:27.550+0000] {override.py:1911} INFO - Created Permission View: can read on DAG:example_bash_decorator
[2024-11-13T21:28:27.552+0000] {logging_mixin.py:190} INFO - [2024-11-13T21:28:27.552+0000] {override.py:1911} INFO - Created Permission View: can delete on DAG:example_bash_decorator
[2024-11-13T21:28:27.554+0000] {logging_mixin.py:190} INFO - [2024-11-13T21:28:27.554+0000] {override.py:1911} INFO - Created Permission View: can delete on DAG Run:example_bash_decorator
[2024-11-13T21:28:27.555+0000] {logging_mixin.py:190} INFO - [2024-11-13T21:28:27.555+0000] {override.py:1911} INFO - Created Permission View: can read on DAG Run:example_bash_decorator
[2024-11-13T21:28:27.560+0000] {logging_mixin.py:190} INFO - [2024-11-13T21:28:27.559+0000] {override.py:1911} INFO - Created Permission View: menu access on DAG Run:example_bash_decorator
[2024-11-13T21:28:27.561+0000] {logging_mixin.py:190} INFO - [2024-11-13T21:28:27.561+0000] {override.py:1911} INFO - Created Permission View: can create on DAG Run:example_bash_decorator
[2024-11-13T21:28:27.561+0000] {logging_mixin.py:190} INFO - [2024-11-13T21:28:27.561+0000] {dag.py:3239} INFO - Sync 1 DAGs
[2024-11-13T21:28:27.566+0000] {logging_mixin.py:190} INFO - [2024-11-13T21:28:27.566+0000] {dag.py:3262} INFO - Creating ORM DAG for example_bash_decorator
[2024-11-13T21:28:27.566+0000] {logging_mixin.py:190} INFO - [2024-11-13T21:28:27.566+0000] {dag.py:4180} INFO - Setting next_dagrun for example_bash_decorator to None, run_after=None
[2024-11-13T21:28:27.572+0000] {processor.py:208} INFO - Processing /home/airflow/.local/lib/python3.12/site-packages/airflow/example_dags/example_bash_decorator.py took 0.077 seconds
[2024-11-13T21:28:57.915+0000] {processor.py:186} INFO - Started process (PID=118) to work on /home/airflow/.local/lib/python3.12/site-packages/airflow/example_dags/example_bash_decorator.py
[2024-11-13T21:28:57.916+0000] {processor.py:914} INFO - Processing file /home/airflow/.local/lib/python3.12/site-packages/airflow/example_dags/example_bash_decorator.py for tasks to queue
[2024-11-13T21:28:57.917+0000] {logging_mixin.py:190} INFO - [2024-11-13T21:28:57.916+0000] {dagbag.py:588} INFO - Filling up the DagBag from /home/airflow/.local/lib/python3.12/site-packages/airflow/example_dags/example_bash_decorator.py
[2024-11-13T21:28:57.923+0000] {processor.py:925} INFO - DAG(s) 'example_bash_decorator' retrieved from /home/airflow/.local/lib/python3.12/site-packages/airflow/example_dags/example_bash_decorator.py
[2024-11-13T21:28:57.931+0000] {logging_mixin.py:190} INFO - [2024-11-13T21:28:57.931+0000] {dag.py:3239} INFO - Sync 1 DAGs
[2024-11-13T21:28:57.936+0000] {logging_mixin.py:190} INFO - [2024-11-13T21:28:57.936+0000] {dag.py:4180} INFO - Setting next_dagrun for example_bash_decorator to None, run_after=None
[2024-11-13T21:28:57.943+0000] {processor.py:208} INFO - Processing /home/airflow/.local/lib/python3.12/site-packages/airflow/example_dags/example_bash_decorator.py took 0.030 seconds
[2024-11-13T21:29:28.407+0000] {processor.py:186} INFO - Started process (PID=181) to work on /home/airflow/.local/lib/python3.12/site-packages/airflow/example_dags/example_bash_decorator.py
[2024-11-13T21:29:28.407+0000] {processor.py:914} INFO - Processing file /home/airflow/.local/lib/python3.12/site-packages/airflow/example_dags/example_bash_decorator.py for tasks to queue
[2024-11-13T21:29:28.408+0000] {logging_mixin.py:190} INFO - [2024-11-13T21:29:28.408+0000] {dagbag.py:588} INFO - Filling up the DagBag from /home/airflow/.local/lib/python3.12/site-packages/airflow/example_dags/example_bash_decorator.py
[2024-11-13T21:29:28.414+0000] {processor.py:925} INFO - DAG(s) 'example_bash_decorator' retrieved from /home/airflow/.local/lib/python3.12/site-packages/airflow/example_dags/example_bash_decorator.py
[2024-11-13T21:29:28.427+0000] {logging_mixin.py:190} INFO - [2024-11-13T21:29:28.427+0000] {dag.py:3239} INFO - Sync 1 DAGs
[2024-11-13T21:29:28.432+0000] {logging_mixin.py:190} INFO - [2024-11-13T21:29:28.432+0000] {dag.py:4180} INFO - Setting next_dagrun for example_bash_decorator to None, run_after=None
[2024-11-13T21:29:28.438+0000] {processor.py:208} INFO - Processing /home/airflow/.local/lib/python3.12/site-packages/airflow/example_dags/example_bash_decorator.py took 0.034 seconds
[2024-11-13T21:29:58.560+0000] {processor.py:186} INFO - Started process (PID=242) to work on /home/airflow/.local/lib/python3.12/site-packages/airflow/example_dags/example_bash_decorator.py
[2024-11-13T21:29:58.561+0000] {processor.py:914} INFO - Processing file /home/airflow/.local/lib/python3.12/site-packages/airflow/example_dags/example_bash_decorator.py for tasks to queue
[2024-11-13T21:29:58.562+0000] {logging_mixin.py:190} INFO - [2024-11-13T21:29:58.562+0000] {dagbag.py:588} INFO - Filling up the DagBag from /home/airflow/.local/lib/python3.12/site-packages/airflow/example_dags/example_bash_decorator.py
[2024-11-13T21:29:58.571+0000] {processor.py:925} INFO - DAG(s) 'example_bash_decorator' retrieved from /home/airflow/.local/lib/python3.12/site-packages/airflow/example_dags/example_bash_decorator.py
[2024-11-13T21:29:58.581+0000] {logging_mixin.py:190} INFO - [2024-11-13T21:29:58.581+0000] {dag.py:3239} INFO - Sync 1 DAGs
[2024-11-13T21:29:58.586+0000] {logging_mixin.py:190} INFO - [2024-11-13T21:29:58.586+0000] {dag.py:4180} INFO - Setting next_dagrun for example_bash_decorator to None, run_after=None
[2024-11-13T21:29:58.593+0000] {processor.py:208} INFO - Processing /home/airflow/.local/lib/python3.12/site-packages/airflow/example_dags/example_bash_decorator.py took 0.036 seconds
[2024-11-13T21:30:28.685+0000] {processor.py:186} INFO - Started process (PID=305) to work on /home/airflow/.local/lib/python3.12/site-packages/airflow/example_dags/example_bash_decorator.py
[2024-11-13T21:30:28.685+0000] {processor.py:914} INFO - Processing file /home/airflow/.local/lib/python3.12/site-packages/airflow/example_dags/example_bash_decorator.py for tasks to queue
[2024-11-13T21:30:28.686+0000] {logging_mixin.py:190} INFO - [2024-11-13T21:30:28.686+0000] {dagbag.py:588} INFO - Filling up the DagBag from /home/airflow/.local/lib/python3.12/site-packages/airflow/example_dags/example_bash_decorator.py
[2024-11-13T21:30:28.693+0000] {processor.py:925} INFO - DAG(s) 'example_bash_decorator' retrieved from /home/airflow/.local/lib/python3.12/site-packages/airflow/example_dags/example_bash_decorator.py
[2024-11-13T21:30:28.703+0000] {logging_mixin.py:190} INFO - [2024-11-13T21:30:28.703+0000] {dag.py:3239} INFO - Sync 1 DAGs
[2024-11-13T21:30:28.709+0000] {logging_mixin.py:190} INFO - [2024-11-13T21:30:28.709+0000] {dag.py:4180} INFO - Setting next_dagrun for example_bash_decorator to None, run_after=None
[2024-11-13T21:30:28.716+0000] {processor.py:208} INFO - Processing /home/airflow/.local/lib/python3.12/site-packages/airflow/example_dags/example_bash_decorator.py took 0.034 seconds
[2024-11-13T21:35:01.555+0000] {processor.py:186} INFO - Started process (PID=58) to work on /home/airflow/.local/lib/python3.12/site-packages/airflow/example_dags/example_bash_decorator.py
[2024-11-13T21:35:01.556+0000] {processor.py:914} INFO - Processing file /home/airflow/.local/lib/python3.12/site-packages/airflow/example_dags/example_bash_decorator.py for tasks to queue
[2024-11-13T21:35:01.558+0000] {logging_mixin.py:190} INFO - [2024-11-13T21:35:01.557+0000] {dagbag.py:588} INFO - Filling up the DagBag from /home/airflow/.local/lib/python3.12/site-packages/airflow/example_dags/example_bash_decorator.py
[2024-11-13T21:35:01.565+0000] {processor.py:925} INFO - DAG(s) 'example_bash_decorator' retrieved from /home/airflow/.local/lib/python3.12/site-packages/airflow/example_dags/example_bash_decorator.py
[2024-11-13T21:35:01.614+0000] {logging_mixin.py:190} INFO - [2024-11-13T21:35:01.614+0000] {override.py:1911} INFO - Created Permission View: can edit on DAG:example_bash_decorator
[2024-11-13T21:35:01.618+0000] {logging_mixin.py:190} INFO - [2024-11-13T21:35:01.618+0000] {override.py:1911} INFO - Created Permission View: can delete on DAG:example_bash_decorator
[2024-11-13T21:35:01.622+0000] {logging_mixin.py:190} INFO - [2024-11-13T21:35:01.622+0000] {override.py:1911} INFO - Created Permission View: can read on DAG:example_bash_decorator
[2024-11-13T21:35:01.624+0000] {logging_mixin.py:190} INFO - [2024-11-13T21:35:01.624+0000] {override.py:1911} INFO - Created Permission View: can create on DAG Run:example_bash_decorator
[2024-11-13T21:35:01.628+0000] {logging_mixin.py:190} INFO - [2024-11-13T21:35:01.628+0000] {override.py:1911} INFO - Created Permission View: can delete on DAG Run:example_bash_decorator
[2024-11-13T21:35:01.632+0000] {logging_mixin.py:190} INFO - [2024-11-13T21:35:01.632+0000] {override.py:1911} INFO - Created Permission View: menu access on DAG Run:example_bash_decorator
[2024-11-13T21:35:01.633+0000] {logging_mixin.py:190} INFO - [2024-11-13T21:35:01.633+0000] {override.py:1911} INFO - Created Permission View: can read on DAG Run:example_bash_decorator
[2024-11-13T21:35:01.634+0000] {logging_mixin.py:190} INFO - [2024-11-13T21:35:01.634+0000] {dag.py:3239} INFO - Sync 1 DAGs
[2024-11-13T21:35:01.641+0000] {logging_mixin.py:190} INFO - [2024-11-13T21:35:01.640+0000] {dag.py:3262} INFO - Creating ORM DAG for example_bash_decorator
[2024-11-13T21:35:01.641+0000] {logging_mixin.py:190} INFO - [2024-11-13T21:35:01.641+0000] {dag.py:4180} INFO - Setting next_dagrun for example_bash_decorator to None, run_after=None
[2024-11-13T21:35:01.647+0000] {processor.py:208} INFO - Processing /home/airflow/.local/lib/python3.12/site-packages/airflow/example_dags/example_bash_decorator.py took 0.094 seconds
[2024-11-13T21:35:32.355+0000] {processor.py:186} INFO - Started process (PID=121) to work on /home/airflow/.local/lib/python3.12/site-packages/airflow/example_dags/example_bash_decorator.py
[2024-11-13T21:35:32.355+0000] {processor.py:914} INFO - Processing file /home/airflow/.local/lib/python3.12/site-packages/airflow/example_dags/example_bash_decorator.py for tasks to queue
[2024-11-13T21:35:32.356+0000] {logging_mixin.py:190} INFO - [2024-11-13T21:35:32.356+0000] {dagbag.py:588} INFO - Filling up the DagBag from /home/airflow/.local/lib/python3.12/site-packages/airflow/example_dags/example_bash_decorator.py
[2024-11-13T21:35:32.362+0000] {processor.py:925} INFO - DAG(s) 'example_bash_decorator' retrieved from /home/airflow/.local/lib/python3.12/site-packages/airflow/example_dags/example_bash_decorator.py
[2024-11-13T21:35:32.374+0000] {logging_mixin.py:190} INFO - [2024-11-13T21:35:32.374+0000] {dag.py:3239} INFO - Sync 1 DAGs
[2024-11-13T21:35:32.379+0000] {logging_mixin.py:190} INFO - [2024-11-13T21:35:32.379+0000] {dag.py:4180} INFO - Setting next_dagrun for example_bash_decorator to None, run_after=None
[2024-11-13T21:35:32.389+0000] {processor.py:208} INFO - Processing /home/airflow/.local/lib/python3.12/site-packages/airflow/example_dags/example_bash_decorator.py took 0.036 seconds
[2024-11-13T21:36:02.964+0000] {processor.py:186} INFO - Started process (PID=188) to work on /home/airflow/.local/lib/python3.12/site-packages/airflow/example_dags/example_bash_decorator.py
[2024-11-13T21:36:02.965+0000] {processor.py:914} INFO - Processing file /home/airflow/.local/lib/python3.12/site-packages/airflow/example_dags/example_bash_decorator.py for tasks to queue
[2024-11-13T21:36:02.966+0000] {logging_mixin.py:190} INFO - [2024-11-13T21:36:02.966+0000] {dagbag.py:588} INFO - Filling up the DagBag from /home/airflow/.local/lib/python3.12/site-packages/airflow/example_dags/example_bash_decorator.py
[2024-11-13T21:36:02.972+0000] {processor.py:925} INFO - DAG(s) 'example_bash_decorator' retrieved from /home/airflow/.local/lib/python3.12/site-packages/airflow/example_dags/example_bash_decorator.py
[2024-11-13T21:36:02.985+0000] {logging_mixin.py:190} INFO - [2024-11-13T21:36:02.985+0000] {dag.py:3239} INFO - Sync 1 DAGs
[2024-11-13T21:36:02.991+0000] {logging_mixin.py:190} INFO - [2024-11-13T21:36:02.991+0000] {dag.py:4180} INFO - Setting next_dagrun for example_bash_decorator to None, run_after=None
[2024-11-13T21:36:02.999+0000] {processor.py:208} INFO - Processing /home/airflow/.local/lib/python3.12/site-packages/airflow/example_dags/example_bash_decorator.py took 0.038 seconds
[2024-11-13T21:36:33.437+0000] {processor.py:186} INFO - Started process (PID=251) to work on /home/airflow/.local/lib/python3.12/site-packages/airflow/example_dags/example_bash_decorator.py
[2024-11-13T21:36:33.438+0000] {processor.py:914} INFO - Processing file /home/airflow/.local/lib/python3.12/site-packages/airflow/example_dags/example_bash_decorator.py for tasks to queue
[2024-11-13T21:36:33.440+0000] {logging_mixin.py:190} INFO - [2024-11-13T21:36:33.440+0000] {dagbag.py:588} INFO - Filling up the DagBag from /home/airflow/.local/lib/python3.12/site-packages/airflow/example_dags/example_bash_decorator.py
[2024-11-13T21:36:33.446+0000] {processor.py:925} INFO - DAG(s) 'example_bash_decorator' retrieved from /home/airflow/.local/lib/python3.12/site-packages/airflow/example_dags/example_bash_decorator.py
[2024-11-13T21:36:33.455+0000] {logging_mixin.py:190} INFO - [2024-11-13T21:36:33.455+0000] {dag.py:3239} INFO - Sync 1 DAGs
[2024-11-13T21:36:33.461+0000] {logging_mixin.py:190} INFO - [2024-11-13T21:36:33.461+0000] {dag.py:4180} INFO - Setting next_dagrun for example_bash_decorator to None, run_after=None
[2024-11-13T21:36:33.470+0000] {processor.py:208} INFO - Processing /home/airflow/.local/lib/python3.12/site-packages/airflow/example_dags/example_bash_decorator.py took 0.035 seconds
[2024-11-13T21:37:03.933+0000] {processor.py:186} INFO - Started process (PID=314) to work on /home/airflow/.local/lib/python3.12/site-packages/airflow/example_dags/example_bash_decorator.py
[2024-11-13T21:37:03.934+0000] {processor.py:914} INFO - Processing file /home/airflow/.local/lib/python3.12/site-packages/airflow/example_dags/example_bash_decorator.py for tasks to queue
[2024-11-13T21:37:03.935+0000] {logging_mixin.py:190} INFO - [2024-11-13T21:37:03.935+0000] {dagbag.py:588} INFO - Filling up the DagBag from /home/airflow/.local/lib/python3.12/site-packages/airflow/example_dags/example_bash_decorator.py
[2024-11-13T21:37:03.941+0000] {processor.py:925} INFO - DAG(s) 'example_bash_decorator' retrieved from /home/airflow/.local/lib/python3.12/site-packages/airflow/example_dags/example_bash_decorator.py
[2024-11-13T21:37:03.950+0000] {logging_mixin.py:190} INFO - [2024-11-13T21:37:03.950+0000] {dag.py:3239} INFO - Sync 1 DAGs
[2024-11-13T21:37:03.958+0000] {logging_mixin.py:190} INFO - [2024-11-13T21:37:03.958+0000] {dag.py:4180} INFO - Setting next_dagrun for example_bash_decorator to None, run_after=None
[2024-11-13T21:37:03.967+0000] {processor.py:208} INFO - Processing /home/airflow/.local/lib/python3.12/site-packages/airflow/example_dags/example_bash_decorator.py took 0.037 seconds
[2024-11-13T21:37:34.352+0000] {processor.py:186} INFO - Started process (PID=383) to work on /home/airflow/.local/lib/python3.12/site-packages/airflow/example_dags/example_bash_decorator.py
[2024-11-13T21:37:34.353+0000] {processor.py:914} INFO - Processing file /home/airflow/.local/lib/python3.12/site-packages/airflow/example_dags/example_bash_decorator.py for tasks to queue
[2024-11-13T21:37:34.354+0000] {logging_mixin.py:190} INFO - [2024-11-13T21:37:34.354+0000] {dagbag.py:588} INFO - Filling up the DagBag from /home/airflow/.local/lib/python3.12/site-packages/airflow/example_dags/example_bash_decorator.py
[2024-11-13T21:37:34.360+0000] {processor.py:925} INFO - DAG(s) 'example_bash_decorator' retrieved from /home/airflow/.local/lib/python3.12/site-packages/airflow/example_dags/example_bash_decorator.py
[2024-11-13T21:37:34.369+0000] {logging_mixin.py:190} INFO - [2024-11-13T21:37:34.369+0000] {dag.py:3239} INFO - Sync 1 DAGs
[2024-11-13T21:37:34.374+0000] {logging_mixin.py:190} INFO - [2024-11-13T21:37:34.374+0000] {dag.py:4180} INFO - Setting next_dagrun for example_bash_decorator to None, run_after=None
[2024-11-13T21:37:34.382+0000] {processor.py:208} INFO - Processing /home/airflow/.local/lib/python3.12/site-packages/airflow/example_dags/example_bash_decorator.py took 0.032 seconds
[2024-11-13T21:38:04.790+0000] {processor.py:186} INFO - Started process (PID=446) to work on /home/airflow/.local/lib/python3.12/site-packages/airflow/example_dags/example_bash_decorator.py
[2024-11-13T21:38:04.791+0000] {processor.py:914} INFO - Processing file /home/airflow/.local/lib/python3.12/site-packages/airflow/example_dags/example_bash_decorator.py for tasks to queue
[2024-11-13T21:38:04.792+0000] {logging_mixin.py:190} INFO - [2024-11-13T21:38:04.792+0000] {dagbag.py:588} INFO - Filling up the DagBag from /home/airflow/.local/lib/python3.12/site-packages/airflow/example_dags/example_bash_decorator.py
[2024-11-13T21:38:04.798+0000] {processor.py:925} INFO - DAG(s) 'example_bash_decorator' retrieved from /home/airflow/.local/lib/python3.12/site-packages/airflow/example_dags/example_bash_decorator.py
[2024-11-13T21:38:04.809+0000] {logging_mixin.py:190} INFO - [2024-11-13T21:38:04.809+0000] {dag.py:3239} INFO - Sync 1 DAGs
[2024-11-13T21:38:04.814+0000] {logging_mixin.py:190} INFO - [2024-11-13T21:38:04.814+0000] {dag.py:4180} INFO - Setting next_dagrun for example_bash_decorator to None, run_after=None
[2024-11-13T21:38:04.825+0000] {processor.py:208} INFO - Processing /home/airflow/.local/lib/python3.12/site-packages/airflow/example_dags/example_bash_decorator.py took 0.037 seconds
[2024-11-13T23:40:19.103+0000] {processor.py:186} INFO - Started process (PID=51) to work on /home/airflow/.local/lib/python3.12/site-packages/airflow/example_dags/example_bash_decorator.py
[2024-11-13T23:40:19.103+0000] {processor.py:914} INFO - Processing file /home/airflow/.local/lib/python3.12/site-packages/airflow/example_dags/example_bash_decorator.py for tasks to queue
[2024-11-13T23:40:19.104+0000] {logging_mixin.py:190} INFO - [2024-11-13T23:40:19.104+0000] {dagbag.py:588} INFO - Filling up the DagBag from /home/airflow/.local/lib/python3.12/site-packages/airflow/example_dags/example_bash_decorator.py
[2024-11-13T23:40:19.111+0000] {processor.py:925} INFO - DAG(s) 'example_bash_decorator' retrieved from /home/airflow/.local/lib/python3.12/site-packages/airflow/example_dags/example_bash_decorator.py
[2024-11-13T23:40:19.149+0000] {logging_mixin.py:190} INFO - [2024-11-13T23:40:19.149+0000] {override.py:1911} INFO - Created Permission View: can edit on DAG:example_bash_decorator
[2024-11-13T23:40:19.152+0000] {logging_mixin.py:190} INFO - [2024-11-13T23:40:19.152+0000] {override.py:1911} INFO - Created Permission View: can delete on DAG:example_bash_decorator
[2024-11-13T23:40:19.154+0000] {logging_mixin.py:190} INFO - [2024-11-13T23:40:19.154+0000] {override.py:1911} INFO - Created Permission View: can read on DAG:example_bash_decorator
[2024-11-13T23:40:19.156+0000] {logging_mixin.py:190} INFO - [2024-11-13T23:40:19.156+0000] {override.py:1911} INFO - Created Permission View: can delete on DAG Run:example_bash_decorator
[2024-11-13T23:40:19.158+0000] {logging_mixin.py:190} INFO - [2024-11-13T23:40:19.158+0000] {override.py:1911} INFO - Created Permission View: menu access on DAG Run:example_bash_decorator
[2024-11-13T23:40:19.159+0000] {logging_mixin.py:190} INFO - [2024-11-13T23:40:19.159+0000] {override.py:1911} INFO - Created Permission View: can read on DAG Run:example_bash_decorator
[2024-11-13T23:40:19.161+0000] {logging_mixin.py:190} INFO - [2024-11-13T23:40:19.161+0000] {override.py:1911} INFO - Created Permission View: can create on DAG Run:example_bash_decorator
[2024-11-13T23:40:19.161+0000] {logging_mixin.py:190} INFO - [2024-11-13T23:40:19.161+0000] {dag.py:3239} INFO - Sync 1 DAGs
[2024-11-13T23:40:19.165+0000] {logging_mixin.py:190} INFO - [2024-11-13T23:40:19.165+0000] {dag.py:3262} INFO - Creating ORM DAG for example_bash_decorator
[2024-11-13T23:40:19.167+0000] {logging_mixin.py:190} INFO - [2024-11-13T23:40:19.167+0000] {dag.py:4180} INFO - Setting next_dagrun for example_bash_decorator to None, run_after=None
[2024-11-13T23:40:19.171+0000] {processor.py:208} INFO - Processing /home/airflow/.local/lib/python3.12/site-packages/airflow/example_dags/example_bash_decorator.py took 0.070 seconds
[2024-11-13T23:40:49.394+0000] {processor.py:186} INFO - Started process (PID=114) to work on /home/airflow/.local/lib/python3.12/site-packages/airflow/example_dags/example_bash_decorator.py
[2024-11-13T23:40:49.395+0000] {processor.py:914} INFO - Processing file /home/airflow/.local/lib/python3.12/site-packages/airflow/example_dags/example_bash_decorator.py for tasks to queue
[2024-11-13T23:40:49.395+0000] {logging_mixin.py:190} INFO - [2024-11-13T23:40:49.395+0000] {dagbag.py:588} INFO - Filling up the DagBag from /home/airflow/.local/lib/python3.12/site-packages/airflow/example_dags/example_bash_decorator.py
[2024-11-13T23:40:49.402+0000] {processor.py:925} INFO - DAG(s) 'example_bash_decorator' retrieved from /home/airflow/.local/lib/python3.12/site-packages/airflow/example_dags/example_bash_decorator.py
[2024-11-13T23:40:49.412+0000] {logging_mixin.py:190} INFO - [2024-11-13T23:40:49.412+0000] {dag.py:3239} INFO - Sync 1 DAGs
[2024-11-13T23:40:49.418+0000] {logging_mixin.py:190} INFO - [2024-11-13T23:40:49.417+0000] {dag.py:4180} INFO - Setting next_dagrun for example_bash_decorator to None, run_after=None
[2024-11-13T23:40:49.427+0000] {processor.py:208} INFO - Processing /home/airflow/.local/lib/python3.12/site-packages/airflow/example_dags/example_bash_decorator.py took 0.035 seconds
[2024-11-13T23:41:20.697+0000] {processor.py:186} INFO - Started process (PID=176) to work on /home/airflow/.local/lib/python3.12/site-packages/airflow/example_dags/example_bash_decorator.py
[2024-11-13T23:41:20.699+0000] {processor.py:914} INFO - Processing file /home/airflow/.local/lib/python3.12/site-packages/airflow/example_dags/example_bash_decorator.py for tasks to queue
[2024-11-13T23:41:20.700+0000] {logging_mixin.py:190} INFO - [2024-11-13T23:41:20.700+0000] {dagbag.py:588} INFO - Filling up the DagBag from /home/airflow/.local/lib/python3.12/site-packages/airflow/example_dags/example_bash_decorator.py
[2024-11-13T23:41:20.706+0000] {processor.py:925} INFO - DAG(s) 'example_bash_decorator' retrieved from /home/airflow/.local/lib/python3.12/site-packages/airflow/example_dags/example_bash_decorator.py
[2024-11-13T23:41:20.715+0000] {logging_mixin.py:190} INFO - [2024-11-13T23:41:20.715+0000] {dag.py:3239} INFO - Sync 1 DAGs
[2024-11-13T23:41:20.721+0000] {logging_mixin.py:190} INFO - [2024-11-13T23:41:20.721+0000] {dag.py:4180} INFO - Setting next_dagrun for example_bash_decorator to None, run_after=None
[2024-11-13T23:41:20.729+0000] {processor.py:208} INFO - Processing /home/airflow/.local/lib/python3.12/site-packages/airflow/example_dags/example_bash_decorator.py took 0.034 seconds
[2024-11-13T23:41:51.121+0000] {processor.py:186} INFO - Started process (PID=239) to work on /home/airflow/.local/lib/python3.12/site-packages/airflow/example_dags/example_bash_decorator.py
[2024-11-13T23:41:51.123+0000] {processor.py:914} INFO - Processing file /home/airflow/.local/lib/python3.12/site-packages/airflow/example_dags/example_bash_decorator.py for tasks to queue
[2024-11-13T23:41:51.124+0000] {logging_mixin.py:190} INFO - [2024-11-13T23:41:51.124+0000] {dagbag.py:588} INFO - Filling up the DagBag from /home/airflow/.local/lib/python3.12/site-packages/airflow/example_dags/example_bash_decorator.py
[2024-11-13T23:41:51.130+0000] {processor.py:925} INFO - DAG(s) 'example_bash_decorator' retrieved from /home/airflow/.local/lib/python3.12/site-packages/airflow/example_dags/example_bash_decorator.py
[2024-11-13T23:41:51.138+0000] {logging_mixin.py:190} INFO - [2024-11-13T23:41:51.138+0000] {dag.py:3239} INFO - Sync 1 DAGs
[2024-11-13T23:41:51.144+0000] {logging_mixin.py:190} INFO - [2024-11-13T23:41:51.144+0000] {dag.py:4180} INFO - Setting next_dagrun for example_bash_decorator to None, run_after=None
[2024-11-13T23:41:51.152+0000] {processor.py:208} INFO - Processing /home/airflow/.local/lib/python3.12/site-packages/airflow/example_dags/example_bash_decorator.py took 0.033 seconds
[2024-11-13T23:42:21.618+0000] {processor.py:186} INFO - Started process (PID=308) to work on /home/airflow/.local/lib/python3.12/site-packages/airflow/example_dags/example_bash_decorator.py
[2024-11-13T23:42:21.621+0000] {processor.py:914} INFO - Processing file /home/airflow/.local/lib/python3.12/site-packages/airflow/example_dags/example_bash_decorator.py for tasks to queue
[2024-11-13T23:42:21.623+0000] {logging_mixin.py:190} INFO - [2024-11-13T23:42:21.623+0000] {dagbag.py:588} INFO - Filling up the DagBag from /home/airflow/.local/lib/python3.12/site-packages/airflow/example_dags/example_bash_decorator.py
[2024-11-13T23:42:21.632+0000] {processor.py:925} INFO - DAG(s) 'example_bash_decorator' retrieved from /home/airflow/.local/lib/python3.12/site-packages/airflow/example_dags/example_bash_decorator.py
[2024-11-13T23:42:21.643+0000] {logging_mixin.py:190} INFO - [2024-11-13T23:42:21.643+0000] {dag.py:3239} INFO - Sync 1 DAGs
[2024-11-13T23:42:21.652+0000] {logging_mixin.py:190} INFO - [2024-11-13T23:42:21.651+0000] {dag.py:4180} INFO - Setting next_dagrun for example_bash_decorator to None, run_after=None
[2024-11-13T23:42:21.662+0000] {processor.py:208} INFO - Processing /home/airflow/.local/lib/python3.12/site-packages/airflow/example_dags/example_bash_decorator.py took 0.049 seconds
[2024-11-13T23:42:51.977+0000] {processor.py:186} INFO - Started process (PID=371) to work on /home/airflow/.local/lib/python3.12/site-packages/airflow/example_dags/example_bash_decorator.py
[2024-11-13T23:42:51.977+0000] {processor.py:914} INFO - Processing file /home/airflow/.local/lib/python3.12/site-packages/airflow/example_dags/example_bash_decorator.py for tasks to queue
[2024-11-13T23:42:51.978+0000] {logging_mixin.py:190} INFO - [2024-11-13T23:42:51.978+0000] {dagbag.py:588} INFO - Filling up the DagBag from /home/airflow/.local/lib/python3.12/site-packages/airflow/example_dags/example_bash_decorator.py
[2024-11-13T23:42:51.984+0000] {processor.py:925} INFO - DAG(s) 'example_bash_decorator' retrieved from /home/airflow/.local/lib/python3.12/site-packages/airflow/example_dags/example_bash_decorator.py
[2024-11-13T23:42:51.994+0000] {logging_mixin.py:190} INFO - [2024-11-13T23:42:51.994+0000] {dag.py:3239} INFO - Sync 1 DAGs
[2024-11-13T23:42:52.000+0000] {logging_mixin.py:190} INFO - [2024-11-13T23:42:52.000+0000] {dag.py:4180} INFO - Setting next_dagrun for example_bash_decorator to None, run_after=None
[2024-11-13T23:42:52.008+0000] {processor.py:208} INFO - Processing /home/airflow/.local/lib/python3.12/site-packages/airflow/example_dags/example_bash_decorator.py took 0.034 seconds
[2024-11-13T23:43:23.310+0000] {processor.py:186} INFO - Started process (PID=434) to work on /home/airflow/.local/lib/python3.12/site-packages/airflow/example_dags/example_bash_decorator.py
[2024-11-13T23:43:23.311+0000] {processor.py:914} INFO - Processing file /home/airflow/.local/lib/python3.12/site-packages/airflow/example_dags/example_bash_decorator.py for tasks to queue
[2024-11-13T23:43:23.312+0000] {logging_mixin.py:190} INFO - [2024-11-13T23:43:23.312+0000] {dagbag.py:588} INFO - Filling up the DagBag from /home/airflow/.local/lib/python3.12/site-packages/airflow/example_dags/example_bash_decorator.py
[2024-11-13T23:43:23.319+0000] {processor.py:925} INFO - DAG(s) 'example_bash_decorator' retrieved from /home/airflow/.local/lib/python3.12/site-packages/airflow/example_dags/example_bash_decorator.py
[2024-11-13T23:43:23.327+0000] {logging_mixin.py:190} INFO - [2024-11-13T23:43:23.327+0000] {dag.py:3239} INFO - Sync 1 DAGs
[2024-11-13T23:43:23.332+0000] {logging_mixin.py:190} INFO - [2024-11-13T23:43:23.332+0000] {dag.py:4180} INFO - Setting next_dagrun for example_bash_decorator to None, run_after=None
[2024-11-13T23:43:23.341+0000] {processor.py:208} INFO - Processing /home/airflow/.local/lib/python3.12/site-packages/airflow/example_dags/example_bash_decorator.py took 0.033 seconds
[2024-11-13T23:43:54.529+0000] {processor.py:186} INFO - Started process (PID=497) to work on /home/airflow/.local/lib/python3.12/site-packages/airflow/example_dags/example_bash_decorator.py
[2024-11-13T23:43:54.532+0000] {processor.py:914} INFO - Processing file /home/airflow/.local/lib/python3.12/site-packages/airflow/example_dags/example_bash_decorator.py for tasks to queue
[2024-11-13T23:43:54.533+0000] {logging_mixin.py:190} INFO - [2024-11-13T23:43:54.533+0000] {dagbag.py:588} INFO - Filling up the DagBag from /home/airflow/.local/lib/python3.12/site-packages/airflow/example_dags/example_bash_decorator.py
[2024-11-13T23:43:54.539+0000] {processor.py:925} INFO - DAG(s) 'example_bash_decorator' retrieved from /home/airflow/.local/lib/python3.12/site-packages/airflow/example_dags/example_bash_decorator.py
[2024-11-13T23:43:54.551+0000] {logging_mixin.py:190} INFO - [2024-11-13T23:43:54.551+0000] {dag.py:3239} INFO - Sync 1 DAGs
[2024-11-13T23:43:54.556+0000] {logging_mixin.py:190} INFO - [2024-11-13T23:43:54.556+0000] {dag.py:4180} INFO - Setting next_dagrun for example_bash_decorator to None, run_after=None
[2024-11-13T23:43:54.562+0000] {processor.py:208} INFO - Processing /home/airflow/.local/lib/python3.12/site-packages/airflow/example_dags/example_bash_decorator.py took 0.036 seconds
[2024-11-13T23:44:25.867+0000] {processor.py:186} INFO - Started process (PID=560) to work on /home/airflow/.local/lib/python3.12/site-packages/airflow/example_dags/example_bash_decorator.py
[2024-11-13T23:44:25.867+0000] {processor.py:914} INFO - Processing file /home/airflow/.local/lib/python3.12/site-packages/airflow/example_dags/example_bash_decorator.py for tasks to queue
[2024-11-13T23:44:25.868+0000] {logging_mixin.py:190} INFO - [2024-11-13T23:44:25.868+0000] {dagbag.py:588} INFO - Filling up the DagBag from /home/airflow/.local/lib/python3.12/site-packages/airflow/example_dags/example_bash_decorator.py
[2024-11-13T23:44:25.874+0000] {processor.py:925} INFO - DAG(s) 'example_bash_decorator' retrieved from /home/airflow/.local/lib/python3.12/site-packages/airflow/example_dags/example_bash_decorator.py
[2024-11-13T23:44:25.884+0000] {logging_mixin.py:190} INFO - [2024-11-13T23:44:25.884+0000] {dag.py:3239} INFO - Sync 1 DAGs
[2024-11-13T23:44:25.889+0000] {logging_mixin.py:190} INFO - [2024-11-13T23:44:25.889+0000] {dag.py:4180} INFO - Setting next_dagrun for example_bash_decorator to None, run_after=None
[2024-11-13T23:44:25.897+0000] {processor.py:208} INFO - Processing /home/airflow/.local/lib/python3.12/site-packages/airflow/example_dags/example_bash_decorator.py took 0.033 seconds
[2024-11-13T23:44:57.118+0000] {processor.py:186} INFO - Started process (PID=623) to work on /home/airflow/.local/lib/python3.12/site-packages/airflow/example_dags/example_bash_decorator.py
[2024-11-13T23:44:57.118+0000] {processor.py:914} INFO - Processing file /home/airflow/.local/lib/python3.12/site-packages/airflow/example_dags/example_bash_decorator.py for tasks to queue
[2024-11-13T23:44:57.120+0000] {logging_mixin.py:190} INFO - [2024-11-13T23:44:57.120+0000] {dagbag.py:588} INFO - Filling up the DagBag from /home/airflow/.local/lib/python3.12/site-packages/airflow/example_dags/example_bash_decorator.py
[2024-11-13T23:44:57.126+0000] {processor.py:925} INFO - DAG(s) 'example_bash_decorator' retrieved from /home/airflow/.local/lib/python3.12/site-packages/airflow/example_dags/example_bash_decorator.py
[2024-11-13T23:44:57.137+0000] {logging_mixin.py:190} INFO - [2024-11-13T23:44:57.137+0000] {dag.py:3239} INFO - Sync 1 DAGs
[2024-11-13T23:44:57.142+0000] {logging_mixin.py:190} INFO - [2024-11-13T23:44:57.142+0000] {dag.py:4180} INFO - Setting next_dagrun for example_bash_decorator to None, run_after=None
[2024-11-13T23:44:57.150+0000] {processor.py:208} INFO - Processing /home/airflow/.local/lib/python3.12/site-packages/airflow/example_dags/example_bash_decorator.py took 0.035 seconds
[2024-11-13T23:45:28.346+0000] {processor.py:186} INFO - Started process (PID=686) to work on /home/airflow/.local/lib/python3.12/site-packages/airflow/example_dags/example_bash_decorator.py
[2024-11-13T23:45:28.348+0000] {processor.py:914} INFO - Processing file /home/airflow/.local/lib/python3.12/site-packages/airflow/example_dags/example_bash_decorator.py for tasks to queue
[2024-11-13T23:45:28.350+0000] {logging_mixin.py:190} INFO - [2024-11-13T23:45:28.349+0000] {dagbag.py:588} INFO - Filling up the DagBag from /home/airflow/.local/lib/python3.12/site-packages/airflow/example_dags/example_bash_decorator.py
[2024-11-13T23:45:28.356+0000] {processor.py:925} INFO - DAG(s) 'example_bash_decorator' retrieved from /home/airflow/.local/lib/python3.12/site-packages/airflow/example_dags/example_bash_decorator.py
[2024-11-13T23:45:28.365+0000] {logging_mixin.py:190} INFO - [2024-11-13T23:45:28.365+0000] {dag.py:3239} INFO - Sync 1 DAGs
[2024-11-13T23:45:28.372+0000] {logging_mixin.py:190} INFO - [2024-11-13T23:45:28.372+0000] {dag.py:4180} INFO - Setting next_dagrun for example_bash_decorator to None, run_after=None
[2024-11-13T23:45:28.378+0000] {processor.py:208} INFO - Processing /home/airflow/.local/lib/python3.12/site-packages/airflow/example_dags/example_bash_decorator.py took 0.035 seconds
[2024-11-13T23:45:59.503+0000] {processor.py:186} INFO - Started process (PID=749) to work on /home/airflow/.local/lib/python3.12/site-packages/airflow/example_dags/example_bash_decorator.py
[2024-11-13T23:45:59.504+0000] {processor.py:914} INFO - Processing file /home/airflow/.local/lib/python3.12/site-packages/airflow/example_dags/example_bash_decorator.py for tasks to queue
[2024-11-13T23:45:59.505+0000] {logging_mixin.py:190} INFO - [2024-11-13T23:45:59.505+0000] {dagbag.py:588} INFO - Filling up the DagBag from /home/airflow/.local/lib/python3.12/site-packages/airflow/example_dags/example_bash_decorator.py
[2024-11-13T23:45:59.511+0000] {processor.py:925} INFO - DAG(s) 'example_bash_decorator' retrieved from /home/airflow/.local/lib/python3.12/site-packages/airflow/example_dags/example_bash_decorator.py
[2024-11-13T23:45:59.520+0000] {logging_mixin.py:190} INFO - [2024-11-13T23:45:59.519+0000] {dag.py:3239} INFO - Sync 1 DAGs
[2024-11-13T23:45:59.525+0000] {logging_mixin.py:190} INFO - [2024-11-13T23:45:59.525+0000] {dag.py:4180} INFO - Setting next_dagrun for example_bash_decorator to None, run_after=None
[2024-11-13T23:45:59.533+0000] {processor.py:208} INFO - Processing /home/airflow/.local/lib/python3.12/site-packages/airflow/example_dags/example_bash_decorator.py took 0.032 seconds
[2024-11-13T23:46:30.767+0000] {processor.py:186} INFO - Started process (PID=812) to work on /home/airflow/.local/lib/python3.12/site-packages/airflow/example_dags/example_bash_decorator.py
[2024-11-13T23:46:30.768+0000] {processor.py:914} INFO - Processing file /home/airflow/.local/lib/python3.12/site-packages/airflow/example_dags/example_bash_decorator.py for tasks to queue
[2024-11-13T23:46:30.769+0000] {logging_mixin.py:190} INFO - [2024-11-13T23:46:30.769+0000] {dagbag.py:588} INFO - Filling up the DagBag from /home/airflow/.local/lib/python3.12/site-packages/airflow/example_dags/example_bash_decorator.py
[2024-11-13T23:46:30.776+0000] {processor.py:925} INFO - DAG(s) 'example_bash_decorator' retrieved from /home/airflow/.local/lib/python3.12/site-packages/airflow/example_dags/example_bash_decorator.py
[2024-11-13T23:46:30.784+0000] {logging_mixin.py:190} INFO - [2024-11-13T23:46:30.784+0000] {dag.py:3239} INFO - Sync 1 DAGs
[2024-11-13T23:46:30.789+0000] {logging_mixin.py:190} INFO - [2024-11-13T23:46:30.789+0000] {dag.py:4180} INFO - Setting next_dagrun for example_bash_decorator to None, run_after=None
[2024-11-13T23:46:30.797+0000] {processor.py:208} INFO - Processing /home/airflow/.local/lib/python3.12/site-packages/airflow/example_dags/example_bash_decorator.py took 0.032 seconds
[2024-11-13T23:47:02.100+0000] {processor.py:186} INFO - Started process (PID=875) to work on /home/airflow/.local/lib/python3.12/site-packages/airflow/example_dags/example_bash_decorator.py
[2024-11-13T23:47:02.103+0000] {processor.py:914} INFO - Processing file /home/airflow/.local/lib/python3.12/site-packages/airflow/example_dags/example_bash_decorator.py for tasks to queue
[2024-11-13T23:47:02.105+0000] {logging_mixin.py:190} INFO - [2024-11-13T23:47:02.104+0000] {dagbag.py:588} INFO - Filling up the DagBag from /home/airflow/.local/lib/python3.12/site-packages/airflow/example_dags/example_bash_decorator.py
[2024-11-13T23:47:02.112+0000] {processor.py:925} INFO - DAG(s) 'example_bash_decorator' retrieved from /home/airflow/.local/lib/python3.12/site-packages/airflow/example_dags/example_bash_decorator.py
[2024-11-13T23:47:02.127+0000] {logging_mixin.py:190} INFO - [2024-11-13T23:47:02.126+0000] {dag.py:3239} INFO - Sync 1 DAGs
[2024-11-13T23:47:02.134+0000] {logging_mixin.py:190} INFO - [2024-11-13T23:47:02.134+0000] {dag.py:4180} INFO - Setting next_dagrun for example_bash_decorator to None, run_after=None
[2024-11-13T23:47:02.144+0000] {processor.py:208} INFO - Processing /home/airflow/.local/lib/python3.12/site-packages/airflow/example_dags/example_bash_decorator.py took 0.047 seconds
[2024-11-13T23:47:33.374+0000] {processor.py:186} INFO - Started process (PID=938) to work on /home/airflow/.local/lib/python3.12/site-packages/airflow/example_dags/example_bash_decorator.py
[2024-11-13T23:47:33.375+0000] {processor.py:914} INFO - Processing file /home/airflow/.local/lib/python3.12/site-packages/airflow/example_dags/example_bash_decorator.py for tasks to queue
[2024-11-13T23:47:33.376+0000] {logging_mixin.py:190} INFO - [2024-11-13T23:47:33.375+0000] {dagbag.py:588} INFO - Filling up the DagBag from /home/airflow/.local/lib/python3.12/site-packages/airflow/example_dags/example_bash_decorator.py
[2024-11-13T23:47:33.382+0000] {processor.py:925} INFO - DAG(s) 'example_bash_decorator' retrieved from /home/airflow/.local/lib/python3.12/site-packages/airflow/example_dags/example_bash_decorator.py
[2024-11-13T23:47:33.392+0000] {logging_mixin.py:190} INFO - [2024-11-13T23:47:33.391+0000] {dag.py:3239} INFO - Sync 1 DAGs
[2024-11-13T23:47:33.396+0000] {logging_mixin.py:190} INFO - [2024-11-13T23:47:33.396+0000] {dag.py:4180} INFO - Setting next_dagrun for example_bash_decorator to None, run_after=None
[2024-11-13T23:47:33.406+0000] {processor.py:208} INFO - Processing /home/airflow/.local/lib/python3.12/site-packages/airflow/example_dags/example_bash_decorator.py took 0.035 seconds
