[2024-11-14T00:02:18.950+0000] {processor.py:186} INFO - Started process (PID=68) to work on /home/airflow/.local/lib/python3.12/site-packages/airflow/example_dags/example_branch_operator.py
[2024-11-14T00:02:18.951+0000] {processor.py:914} INFO - Processing file /home/airflow/.local/lib/python3.12/site-packages/airflow/example_dags/example_branch_operator.py for tasks to queue
[2024-11-14T00:02:18.952+0000] {logging_mixin.py:190} INFO - [2024-11-14T00:02:18.952+0000] {dagbag.py:588} INFO - Filling up the DagBag from /home/airflow/.local/lib/python3.12/site-packages/airflow/example_dags/example_branch_operator.py
[2024-11-14T00:02:18.961+0000] {processor.py:925} INFO - DAG(s) 'example_branch_operator' retrieved from /home/airflow/.local/lib/python3.12/site-packages/airflow/example_dags/example_branch_operator.py
[2024-11-14T00:02:19.004+0000] {logging_mixin.py:190} INFO - [2024-11-14T00:02:19.003+0000] {override.py:1911} INFO - Created Permission View: can delete on DAG:example_branch_operator
[2024-11-14T00:02:19.009+0000] {logging_mixin.py:190} INFO - [2024-11-14T00:02:19.009+0000] {override.py:1911} INFO - Created Permission View: can read on DAG:example_branch_operator
[2024-11-14T00:02:19.012+0000] {logging_mixin.py:190} INFO - [2024-11-14T00:02:19.012+0000] {override.py:1911} INFO - Created Permission View: can edit on DAG:example_branch_operator
[2024-11-14T00:02:19.016+0000] {logging_mixin.py:190} INFO - [2024-11-14T00:02:19.016+0000] {override.py:1911} INFO - Created Permission View: can create on DAG Run:example_branch_operator
[2024-11-14T00:02:19.019+0000] {logging_mixin.py:190} INFO - [2024-11-14T00:02:19.019+0000] {override.py:1911} INFO - Created Permission View: can delete on DAG Run:example_branch_operator
[2024-11-14T00:02:19.022+0000] {logging_mixin.py:190} INFO - [2024-11-14T00:02:19.022+0000] {override.py:1911} INFO - Created Permission View: menu access on DAG Run:example_branch_operator
[2024-11-14T00:02:19.024+0000] {logging_mixin.py:190} INFO - [2024-11-14T00:02:19.023+0000] {override.py:1911} INFO - Created Permission View: can read on DAG Run:example_branch_operator
[2024-11-14T00:02:19.024+0000] {logging_mixin.py:190} INFO - [2024-11-14T00:02:19.024+0000] {dag.py:3239} INFO - Sync 1 DAGs
[2024-11-14T00:02:19.028+0000] {logging_mixin.py:190} INFO - [2024-11-14T00:02:19.028+0000] {dag.py:3262} INFO - Creating ORM DAG for example_branch_operator
[2024-11-14T00:02:19.032+0000] {logging_mixin.py:190} INFO - [2024-11-14T00:02:19.032+0000] {dag.py:4180} INFO - Setting next_dagrun for example_branch_operator to 2024-11-13 00:00:00+00:00, run_after=2024-11-14 00:00:00+00:00
[2024-11-14T00:02:19.042+0000] {processor.py:208} INFO - Processing /home/airflow/.local/lib/python3.12/site-packages/airflow/example_dags/example_branch_operator.py took 0.095 seconds
[2024-11-14T00:02:49.274+0000] {processor.py:186} INFO - Started process (PID=130) to work on /home/airflow/.local/lib/python3.12/site-packages/airflow/example_dags/example_branch_operator.py
[2024-11-14T00:02:49.277+0000] {processor.py:914} INFO - Processing file /home/airflow/.local/lib/python3.12/site-packages/airflow/example_dags/example_branch_operator.py for tasks to queue
[2024-11-14T00:02:49.278+0000] {logging_mixin.py:190} INFO - [2024-11-14T00:02:49.278+0000] {dagbag.py:588} INFO - Filling up the DagBag from /home/airflow/.local/lib/python3.12/site-packages/airflow/example_dags/example_branch_operator.py
[2024-11-14T00:02:49.286+0000] {processor.py:925} INFO - DAG(s) 'example_branch_operator' retrieved from /home/airflow/.local/lib/python3.12/site-packages/airflow/example_dags/example_branch_operator.py
[2024-11-14T00:02:49.300+0000] {logging_mixin.py:190} INFO - [2024-11-14T00:02:49.300+0000] {dag.py:3239} INFO - Sync 1 DAGs
[2024-11-14T00:02:49.309+0000] {logging_mixin.py:190} INFO - [2024-11-14T00:02:49.309+0000] {dag.py:4180} INFO - Setting next_dagrun for example_branch_operator to 2024-11-13 00:00:00+00:00, run_after=2024-11-14 00:00:00+00:00
[2024-11-14T00:02:49.318+0000] {processor.py:208} INFO - Processing /home/airflow/.local/lib/python3.12/site-packages/airflow/example_dags/example_branch_operator.py took 0.047 seconds
[2024-11-14T00:03:19.726+0000] {processor.py:186} INFO - Started process (PID=192) to work on /home/airflow/.local/lib/python3.12/site-packages/airflow/example_dags/example_branch_operator.py
[2024-11-14T00:03:19.729+0000] {processor.py:914} INFO - Processing file /home/airflow/.local/lib/python3.12/site-packages/airflow/example_dags/example_branch_operator.py for tasks to queue
[2024-11-14T00:03:19.730+0000] {logging_mixin.py:190} INFO - [2024-11-14T00:03:19.730+0000] {dagbag.py:588} INFO - Filling up the DagBag from /home/airflow/.local/lib/python3.12/site-packages/airflow/example_dags/example_branch_operator.py
[2024-11-14T00:03:19.737+0000] {processor.py:925} INFO - DAG(s) 'example_branch_operator' retrieved from /home/airflow/.local/lib/python3.12/site-packages/airflow/example_dags/example_branch_operator.py
[2024-11-14T00:03:19.749+0000] {logging_mixin.py:190} INFO - [2024-11-14T00:03:19.748+0000] {dag.py:3239} INFO - Sync 1 DAGs
[2024-11-14T00:03:19.757+0000] {logging_mixin.py:190} INFO - [2024-11-14T00:03:19.757+0000] {dag.py:4180} INFO - Setting next_dagrun for example_branch_operator to 2024-11-13 00:00:00+00:00, run_after=2024-11-14 00:00:00+00:00
[2024-11-14T00:03:19.765+0000] {processor.py:208} INFO - Processing /home/airflow/.local/lib/python3.12/site-packages/airflow/example_dags/example_branch_operator.py took 0.041 seconds
[2024-11-14T00:03:50.118+0000] {processor.py:186} INFO - Started process (PID=254) to work on /home/airflow/.local/lib/python3.12/site-packages/airflow/example_dags/example_branch_operator.py
[2024-11-14T00:03:50.120+0000] {processor.py:914} INFO - Processing file /home/airflow/.local/lib/python3.12/site-packages/airflow/example_dags/example_branch_operator.py for tasks to queue
[2024-11-14T00:03:50.121+0000] {logging_mixin.py:190} INFO - [2024-11-14T00:03:50.121+0000] {dagbag.py:588} INFO - Filling up the DagBag from /home/airflow/.local/lib/python3.12/site-packages/airflow/example_dags/example_branch_operator.py
[2024-11-14T00:03:50.128+0000] {processor.py:925} INFO - DAG(s) 'example_branch_operator' retrieved from /home/airflow/.local/lib/python3.12/site-packages/airflow/example_dags/example_branch_operator.py
[2024-11-14T00:03:50.139+0000] {logging_mixin.py:190} INFO - [2024-11-14T00:03:50.139+0000] {dag.py:3239} INFO - Sync 1 DAGs
[2024-11-14T00:03:50.148+0000] {logging_mixin.py:190} INFO - [2024-11-14T00:03:50.148+0000] {dag.py:4180} INFO - Setting next_dagrun for example_branch_operator to 2024-11-13 00:00:00+00:00, run_after=2024-11-14 00:00:00+00:00
[2024-11-14T00:03:50.156+0000] {processor.py:208} INFO - Processing /home/airflow/.local/lib/python3.12/site-packages/airflow/example_dags/example_branch_operator.py took 0.041 seconds
[2024-11-14T00:04:21.502+0000] {processor.py:186} INFO - Started process (PID=323) to work on /home/airflow/.local/lib/python3.12/site-packages/airflow/example_dags/example_branch_operator.py
[2024-11-14T00:04:21.502+0000] {processor.py:914} INFO - Processing file /home/airflow/.local/lib/python3.12/site-packages/airflow/example_dags/example_branch_operator.py for tasks to queue
[2024-11-14T00:04:21.503+0000] {logging_mixin.py:190} INFO - [2024-11-14T00:04:21.503+0000] {dagbag.py:588} INFO - Filling up the DagBag from /home/airflow/.local/lib/python3.12/site-packages/airflow/example_dags/example_branch_operator.py
[2024-11-14T00:04:21.510+0000] {processor.py:925} INFO - DAG(s) 'example_branch_operator' retrieved from /home/airflow/.local/lib/python3.12/site-packages/airflow/example_dags/example_branch_operator.py
[2024-11-14T00:04:21.520+0000] {logging_mixin.py:190} INFO - [2024-11-14T00:04:21.520+0000] {dag.py:3239} INFO - Sync 1 DAGs
[2024-11-14T00:04:21.529+0000] {logging_mixin.py:190} INFO - [2024-11-14T00:04:21.529+0000] {dag.py:4180} INFO - Setting next_dagrun for example_branch_operator to 2024-11-13 00:00:00+00:00, run_after=2024-11-14 00:00:00+00:00
[2024-11-14T00:04:21.535+0000] {processor.py:208} INFO - Processing /home/airflow/.local/lib/python3.12/site-packages/airflow/example_dags/example_branch_operator.py took 0.035 seconds
[2024-11-14T00:04:52.782+0000] {processor.py:186} INFO - Started process (PID=386) to work on /home/airflow/.local/lib/python3.12/site-packages/airflow/example_dags/example_branch_operator.py
[2024-11-14T00:04:52.783+0000] {processor.py:914} INFO - Processing file /home/airflow/.local/lib/python3.12/site-packages/airflow/example_dags/example_branch_operator.py for tasks to queue
[2024-11-14T00:04:52.784+0000] {logging_mixin.py:190} INFO - [2024-11-14T00:04:52.783+0000] {dagbag.py:588} INFO - Filling up the DagBag from /home/airflow/.local/lib/python3.12/site-packages/airflow/example_dags/example_branch_operator.py
[2024-11-14T00:04:52.791+0000] {processor.py:925} INFO - DAG(s) 'example_branch_operator' retrieved from /home/airflow/.local/lib/python3.12/site-packages/airflow/example_dags/example_branch_operator.py
[2024-11-14T00:04:52.802+0000] {logging_mixin.py:190} INFO - [2024-11-14T00:04:52.802+0000] {dag.py:3239} INFO - Sync 1 DAGs
[2024-11-14T00:04:52.810+0000] {logging_mixin.py:190} INFO - [2024-11-14T00:04:52.810+0000] {dag.py:4180} INFO - Setting next_dagrun for example_branch_operator to 2024-11-13 00:00:00+00:00, run_after=2024-11-14 00:00:00+00:00
[2024-11-14T00:04:52.818+0000] {processor.py:208} INFO - Processing /home/airflow/.local/lib/python3.12/site-packages/airflow/example_dags/example_branch_operator.py took 0.038 seconds
[2024-11-14T00:05:24.049+0000] {processor.py:186} INFO - Started process (PID=449) to work on /home/airflow/.local/lib/python3.12/site-packages/airflow/example_dags/example_branch_operator.py
[2024-11-14T00:05:24.050+0000] {processor.py:914} INFO - Processing file /home/airflow/.local/lib/python3.12/site-packages/airflow/example_dags/example_branch_operator.py for tasks to queue
[2024-11-14T00:05:24.052+0000] {logging_mixin.py:190} INFO - [2024-11-14T00:05:24.051+0000] {dagbag.py:588} INFO - Filling up the DagBag from /home/airflow/.local/lib/python3.12/site-packages/airflow/example_dags/example_branch_operator.py
[2024-11-14T00:05:24.059+0000] {processor.py:925} INFO - DAG(s) 'example_branch_operator' retrieved from /home/airflow/.local/lib/python3.12/site-packages/airflow/example_dags/example_branch_operator.py
[2024-11-14T00:05:24.072+0000] {logging_mixin.py:190} INFO - [2024-11-14T00:05:24.072+0000] {dag.py:3239} INFO - Sync 1 DAGs
[2024-11-14T00:05:24.083+0000] {logging_mixin.py:190} INFO - [2024-11-14T00:05:24.083+0000] {dag.py:4180} INFO - Setting next_dagrun for example_branch_operator to 2024-11-13 00:00:00+00:00, run_after=2024-11-14 00:00:00+00:00
[2024-11-14T00:05:24.093+0000] {processor.py:208} INFO - Processing /home/airflow/.local/lib/python3.12/site-packages/airflow/example_dags/example_branch_operator.py took 0.046 seconds
[2024-11-14T00:05:55.543+0000] {processor.py:186} INFO - Started process (PID=512) to work on /home/airflow/.local/lib/python3.12/site-packages/airflow/example_dags/example_branch_operator.py
[2024-11-14T00:05:55.544+0000] {processor.py:914} INFO - Processing file /home/airflow/.local/lib/python3.12/site-packages/airflow/example_dags/example_branch_operator.py for tasks to queue
[2024-11-14T00:05:55.545+0000] {logging_mixin.py:190} INFO - [2024-11-14T00:05:55.544+0000] {dagbag.py:588} INFO - Filling up the DagBag from /home/airflow/.local/lib/python3.12/site-packages/airflow/example_dags/example_branch_operator.py
[2024-11-14T00:05:55.552+0000] {processor.py:925} INFO - DAG(s) 'example_branch_operator' retrieved from /home/airflow/.local/lib/python3.12/site-packages/airflow/example_dags/example_branch_operator.py
[2024-11-14T00:05:55.568+0000] {logging_mixin.py:190} INFO - [2024-11-14T00:05:55.568+0000] {dag.py:3239} INFO - Sync 1 DAGs
[2024-11-14T00:05:55.578+0000] {logging_mixin.py:190} INFO - [2024-11-14T00:05:55.578+0000] {dag.py:4180} INFO - Setting next_dagrun for example_branch_operator to 2024-11-13 00:00:00+00:00, run_after=2024-11-14 00:00:00+00:00
[2024-11-14T00:05:55.588+0000] {processor.py:208} INFO - Processing /home/airflow/.local/lib/python3.12/site-packages/airflow/example_dags/example_branch_operator.py took 0.047 seconds
[2024-11-14T00:06:25.880+0000] {processor.py:186} INFO - Started process (PID=575) to work on /home/airflow/.local/lib/python3.12/site-packages/airflow/example_dags/example_branch_operator.py
[2024-11-14T00:06:25.880+0000] {processor.py:914} INFO - Processing file /home/airflow/.local/lib/python3.12/site-packages/airflow/example_dags/example_branch_operator.py for tasks to queue
[2024-11-14T00:06:25.882+0000] {logging_mixin.py:190} INFO - [2024-11-14T00:06:25.882+0000] {dagbag.py:588} INFO - Filling up the DagBag from /home/airflow/.local/lib/python3.12/site-packages/airflow/example_dags/example_branch_operator.py
[2024-11-14T00:06:25.889+0000] {processor.py:925} INFO - DAG(s) 'example_branch_operator' retrieved from /home/airflow/.local/lib/python3.12/site-packages/airflow/example_dags/example_branch_operator.py
[2024-11-14T00:06:25.903+0000] {logging_mixin.py:190} INFO - [2024-11-14T00:06:25.903+0000] {dag.py:3239} INFO - Sync 1 DAGs
[2024-11-14T00:06:25.913+0000] {logging_mixin.py:190} INFO - [2024-11-14T00:06:25.912+0000] {dag.py:4180} INFO - Setting next_dagrun for example_branch_operator to 2024-11-13 00:00:00+00:00, run_after=2024-11-14 00:00:00+00:00
[2024-11-14T00:06:25.923+0000] {processor.py:208} INFO - Processing /home/airflow/.local/lib/python3.12/site-packages/airflow/example_dags/example_branch_operator.py took 0.045 seconds
[2024-11-14T00:06:57.083+0000] {processor.py:186} INFO - Started process (PID=637) to work on /home/airflow/.local/lib/python3.12/site-packages/airflow/example_dags/example_branch_operator.py
[2024-11-14T00:06:57.083+0000] {processor.py:914} INFO - Processing file /home/airflow/.local/lib/python3.12/site-packages/airflow/example_dags/example_branch_operator.py for tasks to queue
[2024-11-14T00:06:57.084+0000] {logging_mixin.py:190} INFO - [2024-11-14T00:06:57.084+0000] {dagbag.py:588} INFO - Filling up the DagBag from /home/airflow/.local/lib/python3.12/site-packages/airflow/example_dags/example_branch_operator.py
[2024-11-14T00:06:57.092+0000] {processor.py:925} INFO - DAG(s) 'example_branch_operator' retrieved from /home/airflow/.local/lib/python3.12/site-packages/airflow/example_dags/example_branch_operator.py
[2024-11-14T00:06:57.103+0000] {logging_mixin.py:190} INFO - [2024-11-14T00:06:57.103+0000] {dag.py:3239} INFO - Sync 1 DAGs
[2024-11-14T00:06:57.112+0000] {logging_mixin.py:190} INFO - [2024-11-14T00:06:57.112+0000] {dag.py:4180} INFO - Setting next_dagrun for example_branch_operator to 2024-11-13 00:00:00+00:00, run_after=2024-11-14 00:00:00+00:00
[2024-11-14T00:06:57.118+0000] {processor.py:208} INFO - Processing /home/airflow/.local/lib/python3.12/site-packages/airflow/example_dags/example_branch_operator.py took 0.037 seconds
[2024-11-14T00:07:28.392+0000] {processor.py:186} INFO - Started process (PID=700) to work on /home/airflow/.local/lib/python3.12/site-packages/airflow/example_dags/example_branch_operator.py
[2024-11-14T00:07:28.392+0000] {processor.py:914} INFO - Processing file /home/airflow/.local/lib/python3.12/site-packages/airflow/example_dags/example_branch_operator.py for tasks to queue
[2024-11-14T00:07:28.393+0000] {logging_mixin.py:190} INFO - [2024-11-14T00:07:28.393+0000] {dagbag.py:588} INFO - Filling up the DagBag from /home/airflow/.local/lib/python3.12/site-packages/airflow/example_dags/example_branch_operator.py
[2024-11-14T00:07:28.400+0000] {processor.py:925} INFO - DAG(s) 'example_branch_operator' retrieved from /home/airflow/.local/lib/python3.12/site-packages/airflow/example_dags/example_branch_operator.py
[2024-11-14T00:07:28.409+0000] {logging_mixin.py:190} INFO - [2024-11-14T00:07:28.409+0000] {dag.py:3239} INFO - Sync 1 DAGs
[2024-11-14T00:07:28.418+0000] {logging_mixin.py:190} INFO - [2024-11-14T00:07:28.418+0000] {dag.py:4180} INFO - Setting next_dagrun for example_branch_operator to 2024-11-13 00:00:00+00:00, run_after=2024-11-14 00:00:00+00:00
[2024-11-14T00:07:28.424+0000] {processor.py:208} INFO - Processing /home/airflow/.local/lib/python3.12/site-packages/airflow/example_dags/example_branch_operator.py took 0.034 seconds
[2024-11-14T00:07:58.861+0000] {processor.py:186} INFO - Started process (PID=763) to work on /home/airflow/.local/lib/python3.12/site-packages/airflow/example_dags/example_branch_operator.py
[2024-11-14T00:07:58.864+0000] {processor.py:914} INFO - Processing file /home/airflow/.local/lib/python3.12/site-packages/airflow/example_dags/example_branch_operator.py for tasks to queue
[2024-11-14T00:07:58.865+0000] {logging_mixin.py:190} INFO - [2024-11-14T00:07:58.865+0000] {dagbag.py:588} INFO - Filling up the DagBag from /home/airflow/.local/lib/python3.12/site-packages/airflow/example_dags/example_branch_operator.py
[2024-11-14T00:07:58.873+0000] {processor.py:925} INFO - DAG(s) 'example_branch_operator' retrieved from /home/airflow/.local/lib/python3.12/site-packages/airflow/example_dags/example_branch_operator.py
[2024-11-14T00:07:58.886+0000] {logging_mixin.py:190} INFO - [2024-11-14T00:07:58.885+0000] {dag.py:3239} INFO - Sync 1 DAGs
[2024-11-14T00:07:58.896+0000] {logging_mixin.py:190} INFO - [2024-11-14T00:07:58.896+0000] {dag.py:4180} INFO - Setting next_dagrun for example_branch_operator to 2024-11-13 00:00:00+00:00, run_after=2024-11-14 00:00:00+00:00
[2024-11-14T00:07:58.903+0000] {processor.py:208} INFO - Processing /home/airflow/.local/lib/python3.12/site-packages/airflow/example_dags/example_branch_operator.py took 0.044 seconds
[2024-11-14T00:08:30.182+0000] {processor.py:186} INFO - Started process (PID=826) to work on /home/airflow/.local/lib/python3.12/site-packages/airflow/example_dags/example_branch_operator.py
[2024-11-14T00:08:30.183+0000] {processor.py:914} INFO - Processing file /home/airflow/.local/lib/python3.12/site-packages/airflow/example_dags/example_branch_operator.py for tasks to queue
[2024-11-14T00:08:30.184+0000] {logging_mixin.py:190} INFO - [2024-11-14T00:08:30.184+0000] {dagbag.py:588} INFO - Filling up the DagBag from /home/airflow/.local/lib/python3.12/site-packages/airflow/example_dags/example_branch_operator.py
[2024-11-14T00:08:30.192+0000] {processor.py:925} INFO - DAG(s) 'example_branch_operator' retrieved from /home/airflow/.local/lib/python3.12/site-packages/airflow/example_dags/example_branch_operator.py
[2024-11-14T00:08:30.204+0000] {logging_mixin.py:190} INFO - [2024-11-14T00:08:30.204+0000] {dag.py:3239} INFO - Sync 1 DAGs
[2024-11-14T00:08:30.215+0000] {logging_mixin.py:190} INFO - [2024-11-14T00:08:30.214+0000] {dag.py:4180} INFO - Setting next_dagrun for example_branch_operator to 2024-11-13 00:00:00+00:00, run_after=2024-11-14 00:00:00+00:00
[2024-11-14T00:08:30.223+0000] {processor.py:208} INFO - Processing /home/airflow/.local/lib/python3.12/site-packages/airflow/example_dags/example_branch_operator.py took 0.044 seconds
[2024-11-14T00:09:01.483+0000] {processor.py:186} INFO - Started process (PID=889) to work on /home/airflow/.local/lib/python3.12/site-packages/airflow/example_dags/example_branch_operator.py
[2024-11-14T00:09:01.484+0000] {processor.py:914} INFO - Processing file /home/airflow/.local/lib/python3.12/site-packages/airflow/example_dags/example_branch_operator.py for tasks to queue
[2024-11-14T00:09:01.485+0000] {logging_mixin.py:190} INFO - [2024-11-14T00:09:01.485+0000] {dagbag.py:588} INFO - Filling up the DagBag from /home/airflow/.local/lib/python3.12/site-packages/airflow/example_dags/example_branch_operator.py
[2024-11-14T00:09:01.493+0000] {processor.py:925} INFO - DAG(s) 'example_branch_operator' retrieved from /home/airflow/.local/lib/python3.12/site-packages/airflow/example_dags/example_branch_operator.py
[2024-11-14T00:09:01.505+0000] {logging_mixin.py:190} INFO - [2024-11-14T00:09:01.505+0000] {dag.py:3239} INFO - Sync 1 DAGs
[2024-11-14T00:09:01.515+0000] {logging_mixin.py:190} INFO - [2024-11-14T00:09:01.515+0000] {dag.py:4180} INFO - Setting next_dagrun for example_branch_operator to 2024-11-13 00:00:00+00:00, run_after=2024-11-14 00:00:00+00:00
[2024-11-14T00:09:01.525+0000] {processor.py:208} INFO - Processing /home/airflow/.local/lib/python3.12/site-packages/airflow/example_dags/example_branch_operator.py took 0.044 seconds
[2024-11-14T00:09:32.663+0000] {processor.py:186} INFO - Started process (PID=952) to work on /home/airflow/.local/lib/python3.12/site-packages/airflow/example_dags/example_branch_operator.py
[2024-11-14T00:09:32.666+0000] {processor.py:914} INFO - Processing file /home/airflow/.local/lib/python3.12/site-packages/airflow/example_dags/example_branch_operator.py for tasks to queue
[2024-11-14T00:09:32.667+0000] {logging_mixin.py:190} INFO - [2024-11-14T00:09:32.667+0000] {dagbag.py:588} INFO - Filling up the DagBag from /home/airflow/.local/lib/python3.12/site-packages/airflow/example_dags/example_branch_operator.py
[2024-11-14T00:09:32.674+0000] {processor.py:925} INFO - DAG(s) 'example_branch_operator' retrieved from /home/airflow/.local/lib/python3.12/site-packages/airflow/example_dags/example_branch_operator.py
[2024-11-14T00:09:32.686+0000] {logging_mixin.py:190} INFO - [2024-11-14T00:09:32.686+0000] {dag.py:3239} INFO - Sync 1 DAGs
[2024-11-14T00:09:32.697+0000] {logging_mixin.py:190} INFO - [2024-11-14T00:09:32.697+0000] {dag.py:4180} INFO - Setting next_dagrun for example_branch_operator to 2024-11-13 00:00:00+00:00, run_after=2024-11-14 00:00:00+00:00
[2024-11-14T00:09:32.709+0000] {processor.py:208} INFO - Processing /home/airflow/.local/lib/python3.12/site-packages/airflow/example_dags/example_branch_operator.py took 0.048 seconds
[2024-11-14T00:12:56.353+0000] {processor.py:186} INFO - Started process (PID=68) to work on /home/airflow/.local/lib/python3.12/site-packages/airflow/example_dags/example_branch_operator.py
[2024-11-14T00:12:56.353+0000] {processor.py:914} INFO - Processing file /home/airflow/.local/lib/python3.12/site-packages/airflow/example_dags/example_branch_operator.py for tasks to queue
[2024-11-14T00:12:56.355+0000] {logging_mixin.py:190} INFO - [2024-11-14T00:12:56.354+0000] {dagbag.py:588} INFO - Filling up the DagBag from /home/airflow/.local/lib/python3.12/site-packages/airflow/example_dags/example_branch_operator.py
[2024-11-14T00:12:56.365+0000] {processor.py:925} INFO - DAG(s) 'example_branch_operator' retrieved from /home/airflow/.local/lib/python3.12/site-packages/airflow/example_dags/example_branch_operator.py
[2024-11-14T00:12:56.416+0000] {logging_mixin.py:190} INFO - [2024-11-14T00:12:56.416+0000] {override.py:1911} INFO - Created Permission View: can delete on DAG:example_branch_operator
[2024-11-14T00:12:56.422+0000] {logging_mixin.py:190} INFO - [2024-11-14T00:12:56.422+0000] {override.py:1911} INFO - Created Permission View: can read on DAG:example_branch_operator
[2024-11-14T00:12:56.425+0000] {logging_mixin.py:190} INFO - [2024-11-14T00:12:56.425+0000] {override.py:1911} INFO - Created Permission View: can edit on DAG:example_branch_operator
[2024-11-14T00:12:56.429+0000] {logging_mixin.py:190} INFO - [2024-11-14T00:12:56.429+0000] {override.py:1911} INFO - Created Permission View: can delete on DAG Run:example_branch_operator
[2024-11-14T00:12:56.433+0000] {logging_mixin.py:190} INFO - [2024-11-14T00:12:56.432+0000] {override.py:1911} INFO - Created Permission View: can read on DAG Run:example_branch_operator
[2024-11-14T00:12:56.435+0000] {logging_mixin.py:190} INFO - [2024-11-14T00:12:56.435+0000] {override.py:1911} INFO - Created Permission View: can create on DAG Run:example_branch_operator
[2024-11-14T00:12:56.438+0000] {logging_mixin.py:190} INFO - [2024-11-14T00:12:56.437+0000] {override.py:1911} INFO - Created Permission View: menu access on DAG Run:example_branch_operator
[2024-11-14T00:12:56.439+0000] {logging_mixin.py:190} INFO - [2024-11-14T00:12:56.439+0000] {dag.py:3239} INFO - Sync 1 DAGs
[2024-11-14T00:12:56.444+0000] {logging_mixin.py:190} INFO - [2024-11-14T00:12:56.444+0000] {dag.py:3262} INFO - Creating ORM DAG for example_branch_operator
[2024-11-14T00:12:56.450+0000] {logging_mixin.py:190} INFO - [2024-11-14T00:12:56.450+0000] {dag.py:4180} INFO - Setting next_dagrun for example_branch_operator to 2024-11-13 00:00:00+00:00, run_after=2024-11-14 00:00:00+00:00
[2024-11-14T00:12:56.461+0000] {processor.py:208} INFO - Processing /home/airflow/.local/lib/python3.12/site-packages/airflow/example_dags/example_branch_operator.py took 0.110 seconds
[2024-11-14T00:13:27.082+0000] {processor.py:186} INFO - Started process (PID=132) to work on /home/airflow/.local/lib/python3.12/site-packages/airflow/example_dags/example_branch_operator.py
[2024-11-14T00:13:27.083+0000] {processor.py:914} INFO - Processing file /home/airflow/.local/lib/python3.12/site-packages/airflow/example_dags/example_branch_operator.py for tasks to queue
[2024-11-14T00:13:27.085+0000] {logging_mixin.py:190} INFO - [2024-11-14T00:13:27.085+0000] {dagbag.py:588} INFO - Filling up the DagBag from /home/airflow/.local/lib/python3.12/site-packages/airflow/example_dags/example_branch_operator.py
[2024-11-14T00:13:27.094+0000] {processor.py:925} INFO - DAG(s) 'example_branch_operator' retrieved from /home/airflow/.local/lib/python3.12/site-packages/airflow/example_dags/example_branch_operator.py
[2024-11-14T00:13:27.105+0000] {logging_mixin.py:190} INFO - [2024-11-14T00:13:27.105+0000] {dag.py:3239} INFO - Sync 1 DAGs
[2024-11-14T00:13:27.113+0000] {logging_mixin.py:190} INFO - [2024-11-14T00:13:27.113+0000] {dag.py:4180} INFO - Setting next_dagrun for example_branch_operator to 2024-11-13 00:00:00+00:00, run_after=2024-11-14 00:00:00+00:00
[2024-11-14T00:13:27.121+0000] {processor.py:208} INFO - Processing /home/airflow/.local/lib/python3.12/site-packages/airflow/example_dags/example_branch_operator.py took 0.041 seconds
[2024-11-14T00:13:57.591+0000] {processor.py:186} INFO - Started process (PID=196) to work on /home/airflow/.local/lib/python3.12/site-packages/airflow/example_dags/example_branch_operator.py
[2024-11-14T00:13:57.591+0000] {processor.py:914} INFO - Processing file /home/airflow/.local/lib/python3.12/site-packages/airflow/example_dags/example_branch_operator.py for tasks to queue
[2024-11-14T00:13:57.593+0000] {logging_mixin.py:190} INFO - [2024-11-14T00:13:57.592+0000] {dagbag.py:588} INFO - Filling up the DagBag from /home/airflow/.local/lib/python3.12/site-packages/airflow/example_dags/example_branch_operator.py
[2024-11-14T00:13:57.600+0000] {processor.py:925} INFO - DAG(s) 'example_branch_operator' retrieved from /home/airflow/.local/lib/python3.12/site-packages/airflow/example_dags/example_branch_operator.py
[2024-11-14T00:13:57.611+0000] {logging_mixin.py:190} INFO - [2024-11-14T00:13:57.611+0000] {dag.py:3239} INFO - Sync 1 DAGs
[2024-11-14T00:13:57.622+0000] {logging_mixin.py:190} INFO - [2024-11-14T00:13:57.622+0000] {dag.py:4180} INFO - Setting next_dagrun for example_branch_operator to 2024-11-13 00:00:00+00:00, run_after=2024-11-14 00:00:00+00:00
[2024-11-14T00:13:57.633+0000] {processor.py:208} INFO - Processing /home/airflow/.local/lib/python3.12/site-packages/airflow/example_dags/example_branch_operator.py took 0.044 seconds
[2024-11-14T00:14:28.050+0000] {processor.py:186} INFO - Started process (PID=260) to work on /home/airflow/.local/lib/python3.12/site-packages/airflow/example_dags/example_branch_operator.py
[2024-11-14T00:14:28.050+0000] {processor.py:914} INFO - Processing file /home/airflow/.local/lib/python3.12/site-packages/airflow/example_dags/example_branch_operator.py for tasks to queue
[2024-11-14T00:14:28.051+0000] {logging_mixin.py:190} INFO - [2024-11-14T00:14:28.051+0000] {dagbag.py:588} INFO - Filling up the DagBag from /home/airflow/.local/lib/python3.12/site-packages/airflow/example_dags/example_branch_operator.py
[2024-11-14T00:14:28.058+0000] {processor.py:925} INFO - DAG(s) 'example_branch_operator' retrieved from /home/airflow/.local/lib/python3.12/site-packages/airflow/example_dags/example_branch_operator.py
[2024-11-14T00:14:28.068+0000] {logging_mixin.py:190} INFO - [2024-11-14T00:14:28.068+0000] {dag.py:3239} INFO - Sync 1 DAGs
[2024-11-14T00:14:28.076+0000] {logging_mixin.py:190} INFO - [2024-11-14T00:14:28.076+0000] {dag.py:4180} INFO - Setting next_dagrun for example_branch_operator to 2024-11-13 00:00:00+00:00, run_after=2024-11-14 00:00:00+00:00
[2024-11-14T00:14:28.081+0000] {processor.py:208} INFO - Processing /home/airflow/.local/lib/python3.12/site-packages/airflow/example_dags/example_branch_operator.py took 0.033 seconds
[2024-11-14T00:14:58.417+0000] {processor.py:186} INFO - Started process (PID=324) to work on /home/airflow/.local/lib/python3.12/site-packages/airflow/example_dags/example_branch_operator.py
[2024-11-14T00:14:58.419+0000] {processor.py:914} INFO - Processing file /home/airflow/.local/lib/python3.12/site-packages/airflow/example_dags/example_branch_operator.py for tasks to queue
[2024-11-14T00:14:58.420+0000] {logging_mixin.py:190} INFO - [2024-11-14T00:14:58.419+0000] {dagbag.py:588} INFO - Filling up the DagBag from /home/airflow/.local/lib/python3.12/site-packages/airflow/example_dags/example_branch_operator.py
[2024-11-14T00:14:58.427+0000] {processor.py:925} INFO - DAG(s) 'example_branch_operator' retrieved from /home/airflow/.local/lib/python3.12/site-packages/airflow/example_dags/example_branch_operator.py
[2024-11-14T00:14:58.441+0000] {logging_mixin.py:190} INFO - [2024-11-14T00:14:58.441+0000] {dag.py:3239} INFO - Sync 1 DAGs
[2024-11-14T00:14:58.451+0000] {logging_mixin.py:190} INFO - [2024-11-14T00:14:58.451+0000] {dag.py:4180} INFO - Setting next_dagrun for example_branch_operator to 2024-11-13 00:00:00+00:00, run_after=2024-11-14 00:00:00+00:00
[2024-11-14T00:14:58.459+0000] {processor.py:208} INFO - Processing /home/airflow/.local/lib/python3.12/site-packages/airflow/example_dags/example_branch_operator.py took 0.045 seconds
[2024-11-14T00:15:28.812+0000] {processor.py:186} INFO - Started process (PID=394) to work on /home/airflow/.local/lib/python3.12/site-packages/airflow/example_dags/example_branch_operator.py
[2024-11-14T00:15:28.813+0000] {processor.py:914} INFO - Processing file /home/airflow/.local/lib/python3.12/site-packages/airflow/example_dags/example_branch_operator.py for tasks to queue
[2024-11-14T00:15:28.814+0000] {logging_mixin.py:190} INFO - [2024-11-14T00:15:28.814+0000] {dagbag.py:588} INFO - Filling up the DagBag from /home/airflow/.local/lib/python3.12/site-packages/airflow/example_dags/example_branch_operator.py
[2024-11-14T00:15:28.824+0000] {processor.py:925} INFO - DAG(s) 'example_branch_operator' retrieved from /home/airflow/.local/lib/python3.12/site-packages/airflow/example_dags/example_branch_operator.py
[2024-11-14T00:15:28.837+0000] {logging_mixin.py:190} INFO - [2024-11-14T00:15:28.836+0000] {dag.py:3239} INFO - Sync 1 DAGs
[2024-11-14T00:15:28.846+0000] {logging_mixin.py:190} INFO - [2024-11-14T00:15:28.846+0000] {dag.py:4180} INFO - Setting next_dagrun for example_branch_operator to 2024-11-13 00:00:00+00:00, run_after=2024-11-14 00:00:00+00:00
[2024-11-14T00:15:28.854+0000] {processor.py:208} INFO - Processing /home/airflow/.local/lib/python3.12/site-packages/airflow/example_dags/example_branch_operator.py took 0.044 seconds
[2024-11-14T00:15:59.448+0000] {processor.py:186} INFO - Started process (PID=458) to work on /home/airflow/.local/lib/python3.12/site-packages/airflow/example_dags/example_branch_operator.py
[2024-11-14T00:15:59.450+0000] {processor.py:914} INFO - Processing file /home/airflow/.local/lib/python3.12/site-packages/airflow/example_dags/example_branch_operator.py for tasks to queue
[2024-11-14T00:15:59.451+0000] {logging_mixin.py:190} INFO - [2024-11-14T00:15:59.451+0000] {dagbag.py:588} INFO - Filling up the DagBag from /home/airflow/.local/lib/python3.12/site-packages/airflow/example_dags/example_branch_operator.py
[2024-11-14T00:15:59.458+0000] {processor.py:925} INFO - DAG(s) 'example_branch_operator' retrieved from /home/airflow/.local/lib/python3.12/site-packages/airflow/example_dags/example_branch_operator.py
[2024-11-14T00:15:59.472+0000] {logging_mixin.py:190} INFO - [2024-11-14T00:15:59.472+0000] {dag.py:3239} INFO - Sync 1 DAGs
[2024-11-14T00:15:59.483+0000] {logging_mixin.py:190} INFO - [2024-11-14T00:15:59.483+0000] {dag.py:4180} INFO - Setting next_dagrun for example_branch_operator to 2024-11-13 00:00:00+00:00, run_after=2024-11-14 00:00:00+00:00
[2024-11-14T00:15:59.493+0000] {processor.py:208} INFO - Processing /home/airflow/.local/lib/python3.12/site-packages/airflow/example_dags/example_branch_operator.py took 0.049 seconds
[2024-11-14T00:16:29.958+0000] {processor.py:186} INFO - Started process (PID=522) to work on /home/airflow/.local/lib/python3.12/site-packages/airflow/example_dags/example_branch_operator.py
[2024-11-14T00:16:29.958+0000] {processor.py:914} INFO - Processing file /home/airflow/.local/lib/python3.12/site-packages/airflow/example_dags/example_branch_operator.py for tasks to queue
[2024-11-14T00:16:29.959+0000] {logging_mixin.py:190} INFO - [2024-11-14T00:16:29.959+0000] {dagbag.py:588} INFO - Filling up the DagBag from /home/airflow/.local/lib/python3.12/site-packages/airflow/example_dags/example_branch_operator.py
[2024-11-14T00:16:29.967+0000] {processor.py:925} INFO - DAG(s) 'example_branch_operator' retrieved from /home/airflow/.local/lib/python3.12/site-packages/airflow/example_dags/example_branch_operator.py
[2024-11-14T00:16:29.977+0000] {logging_mixin.py:190} INFO - [2024-11-14T00:16:29.977+0000] {dag.py:3239} INFO - Sync 1 DAGs
[2024-11-14T00:16:29.986+0000] {logging_mixin.py:190} INFO - [2024-11-14T00:16:29.986+0000] {dag.py:4180} INFO - Setting next_dagrun for example_branch_operator to 2024-11-13 00:00:00+00:00, run_after=2024-11-14 00:00:00+00:00
[2024-11-14T00:16:29.991+0000] {processor.py:208} INFO - Processing /home/airflow/.local/lib/python3.12/site-packages/airflow/example_dags/example_branch_operator.py took 0.036 seconds
[2024-11-14T00:17:00.401+0000] {processor.py:186} INFO - Started process (PID=586) to work on /home/airflow/.local/lib/python3.12/site-packages/airflow/example_dags/example_branch_operator.py
[2024-11-14T00:17:00.401+0000] {processor.py:914} INFO - Processing file /home/airflow/.local/lib/python3.12/site-packages/airflow/example_dags/example_branch_operator.py for tasks to queue
[2024-11-14T00:17:00.402+0000] {logging_mixin.py:190} INFO - [2024-11-14T00:17:00.402+0000] {dagbag.py:588} INFO - Filling up the DagBag from /home/airflow/.local/lib/python3.12/site-packages/airflow/example_dags/example_branch_operator.py
[2024-11-14T00:17:00.409+0000] {processor.py:925} INFO - DAG(s) 'example_branch_operator' retrieved from /home/airflow/.local/lib/python3.12/site-packages/airflow/example_dags/example_branch_operator.py
[2024-11-14T00:17:00.422+0000] {logging_mixin.py:190} INFO - [2024-11-14T00:17:00.422+0000] {dag.py:3239} INFO - Sync 1 DAGs
[2024-11-14T00:17:00.432+0000] {logging_mixin.py:190} INFO - [2024-11-14T00:17:00.431+0000] {dag.py:4180} INFO - Setting next_dagrun for example_branch_operator to 2024-11-13 00:00:00+00:00, run_after=2024-11-14 00:00:00+00:00
[2024-11-14T00:17:00.439+0000] {processor.py:208} INFO - Processing /home/airflow/.local/lib/python3.12/site-packages/airflow/example_dags/example_branch_operator.py took 0.040 seconds
[2024-11-14T00:17:31.806+0000] {processor.py:186} INFO - Started process (PID=650) to work on /home/airflow/.local/lib/python3.12/site-packages/airflow/example_dags/example_branch_operator.py
[2024-11-14T00:17:31.806+0000] {processor.py:914} INFO - Processing file /home/airflow/.local/lib/python3.12/site-packages/airflow/example_dags/example_branch_operator.py for tasks to queue
[2024-11-14T00:17:31.807+0000] {logging_mixin.py:190} INFO - [2024-11-14T00:17:31.807+0000] {dagbag.py:588} INFO - Filling up the DagBag from /home/airflow/.local/lib/python3.12/site-packages/airflow/example_dags/example_branch_operator.py
[2024-11-14T00:17:31.816+0000] {processor.py:925} INFO - DAG(s) 'example_branch_operator' retrieved from /home/airflow/.local/lib/python3.12/site-packages/airflow/example_dags/example_branch_operator.py
[2024-11-14T00:17:31.828+0000] {logging_mixin.py:190} INFO - [2024-11-14T00:17:31.828+0000] {dag.py:3239} INFO - Sync 1 DAGs
[2024-11-14T00:17:31.839+0000] {logging_mixin.py:190} INFO - [2024-11-14T00:17:31.839+0000] {dag.py:4180} INFO - Setting next_dagrun for example_branch_operator to 2024-11-13 00:00:00+00:00, run_after=2024-11-14 00:00:00+00:00
[2024-11-14T00:17:31.848+0000] {processor.py:208} INFO - Processing /home/airflow/.local/lib/python3.12/site-packages/airflow/example_dags/example_branch_operator.py took 0.045 seconds
[2024-11-14T00:18:02.260+0000] {processor.py:186} INFO - Started process (PID=715) to work on /home/airflow/.local/lib/python3.12/site-packages/airflow/example_dags/example_branch_operator.py
[2024-11-14T00:18:02.262+0000] {processor.py:914} INFO - Processing file /home/airflow/.local/lib/python3.12/site-packages/airflow/example_dags/example_branch_operator.py for tasks to queue
[2024-11-14T00:18:02.264+0000] {logging_mixin.py:190} INFO - [2024-11-14T00:18:02.263+0000] {dagbag.py:588} INFO - Filling up the DagBag from /home/airflow/.local/lib/python3.12/site-packages/airflow/example_dags/example_branch_operator.py
[2024-11-14T00:18:02.273+0000] {processor.py:925} INFO - DAG(s) 'example_branch_operator' retrieved from /home/airflow/.local/lib/python3.12/site-packages/airflow/example_dags/example_branch_operator.py
[2024-11-14T00:18:02.284+0000] {logging_mixin.py:190} INFO - [2024-11-14T00:18:02.284+0000] {dag.py:3239} INFO - Sync 1 DAGs
[2024-11-14T00:18:02.293+0000] {logging_mixin.py:190} INFO - [2024-11-14T00:18:02.293+0000] {dag.py:4180} INFO - Setting next_dagrun for example_branch_operator to 2024-11-13 00:00:00+00:00, run_after=2024-11-14 00:00:00+00:00
[2024-11-14T00:18:02.302+0000] {processor.py:208} INFO - Processing /home/airflow/.local/lib/python3.12/site-packages/airflow/example_dags/example_branch_operator.py took 0.044 seconds
[2024-11-14T00:18:33.587+0000] {processor.py:186} INFO - Started process (PID=781) to work on /home/airflow/.local/lib/python3.12/site-packages/airflow/example_dags/example_branch_operator.py
[2024-11-14T00:18:33.588+0000] {processor.py:914} INFO - Processing file /home/airflow/.local/lib/python3.12/site-packages/airflow/example_dags/example_branch_operator.py for tasks to queue
[2024-11-14T00:18:33.589+0000] {logging_mixin.py:190} INFO - [2024-11-14T00:18:33.589+0000] {dagbag.py:588} INFO - Filling up the DagBag from /home/airflow/.local/lib/python3.12/site-packages/airflow/example_dags/example_branch_operator.py
[2024-11-14T00:18:33.595+0000] {processor.py:925} INFO - DAG(s) 'example_branch_operator' retrieved from /home/airflow/.local/lib/python3.12/site-packages/airflow/example_dags/example_branch_operator.py
[2024-11-14T00:18:33.605+0000] {logging_mixin.py:190} INFO - [2024-11-14T00:18:33.605+0000] {dag.py:3239} INFO - Sync 1 DAGs
[2024-11-14T00:18:33.614+0000] {logging_mixin.py:190} INFO - [2024-11-14T00:18:33.613+0000] {dag.py:4180} INFO - Setting next_dagrun for example_branch_operator to 2024-11-13 00:00:00+00:00, run_after=2024-11-14 00:00:00+00:00
[2024-11-14T00:18:33.619+0000] {processor.py:208} INFO - Processing /home/airflow/.local/lib/python3.12/site-packages/airflow/example_dags/example_branch_operator.py took 0.034 seconds
[2024-11-14T00:19:04.020+0000] {processor.py:186} INFO - Started process (PID=846) to work on /home/airflow/.local/lib/python3.12/site-packages/airflow/example_dags/example_branch_operator.py
[2024-11-14T00:19:04.020+0000] {processor.py:914} INFO - Processing file /home/airflow/.local/lib/python3.12/site-packages/airflow/example_dags/example_branch_operator.py for tasks to queue
[2024-11-14T00:19:04.022+0000] {logging_mixin.py:190} INFO - [2024-11-14T00:19:04.022+0000] {dagbag.py:588} INFO - Filling up the DagBag from /home/airflow/.local/lib/python3.12/site-packages/airflow/example_dags/example_branch_operator.py
[2024-11-14T00:19:04.029+0000] {processor.py:925} INFO - DAG(s) 'example_branch_operator' retrieved from /home/airflow/.local/lib/python3.12/site-packages/airflow/example_dags/example_branch_operator.py
[2024-11-14T00:19:04.040+0000] {logging_mixin.py:190} INFO - [2024-11-14T00:19:04.040+0000] {dag.py:3239} INFO - Sync 1 DAGs
[2024-11-14T00:19:04.049+0000] {logging_mixin.py:190} INFO - [2024-11-14T00:19:04.049+0000] {dag.py:4180} INFO - Setting next_dagrun for example_branch_operator to 2024-11-13 00:00:00+00:00, run_after=2024-11-14 00:00:00+00:00
[2024-11-14T00:19:04.055+0000] {processor.py:208} INFO - Processing /home/airflow/.local/lib/python3.12/site-packages/airflow/example_dags/example_branch_operator.py took 0.038 seconds
[2024-11-14T00:23:11.175+0000] {processor.py:186} INFO - Started process (PID=61) to work on /home/airflow/.local/lib/python3.12/site-packages/airflow/example_dags/example_branch_operator.py
[2024-11-14T00:23:11.178+0000] {processor.py:914} INFO - Processing file /home/airflow/.local/lib/python3.12/site-packages/airflow/example_dags/example_branch_operator.py for tasks to queue
[2024-11-14T00:23:11.179+0000] {logging_mixin.py:190} INFO - [2024-11-14T00:23:11.179+0000] {dagbag.py:588} INFO - Filling up the DagBag from /home/airflow/.local/lib/python3.12/site-packages/airflow/example_dags/example_branch_operator.py
[2024-11-14T00:23:11.189+0000] {processor.py:925} INFO - DAG(s) 'example_branch_operator' retrieved from /home/airflow/.local/lib/python3.12/site-packages/airflow/example_dags/example_branch_operator.py
[2024-11-14T00:23:11.237+0000] {logging_mixin.py:190} INFO - [2024-11-14T00:23:11.237+0000] {dag.py:3239} INFO - Sync 1 DAGs
[2024-11-14T00:23:11.248+0000] {logging_mixin.py:190} INFO - [2024-11-14T00:23:11.247+0000] {dag.py:4180} INFO - Setting next_dagrun for example_branch_operator to 2024-11-13 00:00:00+00:00, run_after=2024-11-14 00:00:00+00:00
[2024-11-14T00:23:11.258+0000] {processor.py:208} INFO - Processing /home/airflow/.local/lib/python3.12/site-packages/airflow/example_dags/example_branch_operator.py took 0.086 seconds
[2024-11-14T00:23:41.622+0000] {processor.py:186} INFO - Started process (PID=126) to work on /home/airflow/.local/lib/python3.12/site-packages/airflow/example_dags/example_branch_operator.py
[2024-11-14T00:23:41.622+0000] {processor.py:914} INFO - Processing file /home/airflow/.local/lib/python3.12/site-packages/airflow/example_dags/example_branch_operator.py for tasks to queue
[2024-11-14T00:23:41.623+0000] {logging_mixin.py:190} INFO - [2024-11-14T00:23:41.623+0000] {dagbag.py:588} INFO - Filling up the DagBag from /home/airflow/.local/lib/python3.12/site-packages/airflow/example_dags/example_branch_operator.py
[2024-11-14T00:23:41.633+0000] {processor.py:925} INFO - DAG(s) 'example_branch_operator' retrieved from /home/airflow/.local/lib/python3.12/site-packages/airflow/example_dags/example_branch_operator.py
[2024-11-14T00:23:41.645+0000] {logging_mixin.py:190} INFO - [2024-11-14T00:23:41.645+0000] {dag.py:3239} INFO - Sync 1 DAGs
[2024-11-14T00:23:41.653+0000] {logging_mixin.py:190} INFO - [2024-11-14T00:23:41.653+0000] {dag.py:4180} INFO - Setting next_dagrun for example_branch_operator to 2024-11-13 00:00:00+00:00, run_after=2024-11-14 00:00:00+00:00
[2024-11-14T00:23:41.661+0000] {processor.py:208} INFO - Processing /home/airflow/.local/lib/python3.12/site-packages/airflow/example_dags/example_branch_operator.py took 0.042 seconds
[2024-11-14T00:24:11.795+0000] {processor.py:186} INFO - Started process (PID=197) to work on /home/airflow/.local/lib/python3.12/site-packages/airflow/example_dags/example_branch_operator.py
[2024-11-14T00:24:11.795+0000] {processor.py:914} INFO - Processing file /home/airflow/.local/lib/python3.12/site-packages/airflow/example_dags/example_branch_operator.py for tasks to queue
[2024-11-14T00:24:11.796+0000] {logging_mixin.py:190} INFO - [2024-11-14T00:24:11.796+0000] {dagbag.py:588} INFO - Filling up the DagBag from /home/airflow/.local/lib/python3.12/site-packages/airflow/example_dags/example_branch_operator.py
[2024-11-14T00:24:11.804+0000] {processor.py:925} INFO - DAG(s) 'example_branch_operator' retrieved from /home/airflow/.local/lib/python3.12/site-packages/airflow/example_dags/example_branch_operator.py
[2024-11-14T00:24:11.814+0000] {logging_mixin.py:190} INFO - [2024-11-14T00:24:11.814+0000] {dag.py:3239} INFO - Sync 1 DAGs
[2024-11-14T00:24:11.823+0000] {logging_mixin.py:190} INFO - [2024-11-14T00:24:11.823+0000] {dag.py:4180} INFO - Setting next_dagrun for example_branch_operator to 2024-11-13 00:00:00+00:00, run_after=2024-11-14 00:00:00+00:00
[2024-11-14T00:24:11.831+0000] {processor.py:208} INFO - Processing /home/airflow/.local/lib/python3.12/site-packages/airflow/example_dags/example_branch_operator.py took 0.038 seconds
[2024-11-14T00:24:42.247+0000] {processor.py:186} INFO - Started process (PID=262) to work on /home/airflow/.local/lib/python3.12/site-packages/airflow/example_dags/example_branch_operator.py
[2024-11-14T00:24:42.248+0000] {processor.py:914} INFO - Processing file /home/airflow/.local/lib/python3.12/site-packages/airflow/example_dags/example_branch_operator.py for tasks to queue
[2024-11-14T00:24:42.249+0000] {logging_mixin.py:190} INFO - [2024-11-14T00:24:42.249+0000] {dagbag.py:588} INFO - Filling up the DagBag from /home/airflow/.local/lib/python3.12/site-packages/airflow/example_dags/example_branch_operator.py
[2024-11-14T00:24:42.256+0000] {processor.py:925} INFO - DAG(s) 'example_branch_operator' retrieved from /home/airflow/.local/lib/python3.12/site-packages/airflow/example_dags/example_branch_operator.py
[2024-11-14T00:24:42.268+0000] {logging_mixin.py:190} INFO - [2024-11-14T00:24:42.267+0000] {dag.py:3239} INFO - Sync 1 DAGs
[2024-11-14T00:24:42.277+0000] {logging_mixin.py:190} INFO - [2024-11-14T00:24:42.276+0000] {dag.py:4180} INFO - Setting next_dagrun for example_branch_operator to 2024-11-13 00:00:00+00:00, run_after=2024-11-14 00:00:00+00:00
[2024-11-14T00:24:42.283+0000] {processor.py:208} INFO - Processing /home/airflow/.local/lib/python3.12/site-packages/airflow/example_dags/example_branch_operator.py took 0.038 seconds
[2024-11-14T00:25:12.955+0000] {processor.py:186} INFO - Started process (PID=327) to work on /home/airflow/.local/lib/python3.12/site-packages/airflow/example_dags/example_branch_operator.py
[2024-11-14T00:25:12.956+0000] {processor.py:914} INFO - Processing file /home/airflow/.local/lib/python3.12/site-packages/airflow/example_dags/example_branch_operator.py for tasks to queue
[2024-11-14T00:25:12.958+0000] {logging_mixin.py:190} INFO - [2024-11-14T00:25:12.958+0000] {dagbag.py:588} INFO - Filling up the DagBag from /home/airflow/.local/lib/python3.12/site-packages/airflow/example_dags/example_branch_operator.py
[2024-11-14T00:25:12.970+0000] {processor.py:925} INFO - DAG(s) 'example_branch_operator' retrieved from /home/airflow/.local/lib/python3.12/site-packages/airflow/example_dags/example_branch_operator.py
[2024-11-14T00:25:12.986+0000] {logging_mixin.py:190} INFO - [2024-11-14T00:25:12.985+0000] {dag.py:3239} INFO - Sync 1 DAGs
[2024-11-14T00:25:12.999+0000] {logging_mixin.py:190} INFO - [2024-11-14T00:25:12.999+0000] {dag.py:4180} INFO - Setting next_dagrun for example_branch_operator to 2024-11-13 00:00:00+00:00, run_after=2024-11-14 00:00:00+00:00
[2024-11-14T00:25:13.009+0000] {processor.py:208} INFO - Processing /home/airflow/.local/lib/python3.12/site-packages/airflow/example_dags/example_branch_operator.py took 0.059 seconds
[2024-11-14T00:25:43.167+0000] {processor.py:186} INFO - Started process (PID=392) to work on /home/airflow/.local/lib/python3.12/site-packages/airflow/example_dags/example_branch_operator.py
[2024-11-14T00:25:43.171+0000] {processor.py:914} INFO - Processing file /home/airflow/.local/lib/python3.12/site-packages/airflow/example_dags/example_branch_operator.py for tasks to queue
[2024-11-14T00:25:43.172+0000] {logging_mixin.py:190} INFO - [2024-11-14T00:25:43.172+0000] {dagbag.py:588} INFO - Filling up the DagBag from /home/airflow/.local/lib/python3.12/site-packages/airflow/example_dags/example_branch_operator.py
[2024-11-14T00:25:43.183+0000] {processor.py:925} INFO - DAG(s) 'example_branch_operator' retrieved from /home/airflow/.local/lib/python3.12/site-packages/airflow/example_dags/example_branch_operator.py
[2024-11-14T00:25:43.200+0000] {logging_mixin.py:190} INFO - [2024-11-14T00:25:43.199+0000] {dag.py:3239} INFO - Sync 1 DAGs
[2024-11-14T00:25:43.212+0000] {logging_mixin.py:190} INFO - [2024-11-14T00:25:43.211+0000] {dag.py:4180} INFO - Setting next_dagrun for example_branch_operator to 2024-11-13 00:00:00+00:00, run_after=2024-11-14 00:00:00+00:00
[2024-11-14T00:25:43.218+0000] {processor.py:208} INFO - Processing /home/airflow/.local/lib/python3.12/site-packages/airflow/example_dags/example_branch_operator.py took 0.054 seconds
[2024-11-14T00:26:13.533+0000] {processor.py:186} INFO - Started process (PID=457) to work on /home/airflow/.local/lib/python3.12/site-packages/airflow/example_dags/example_branch_operator.py
[2024-11-14T00:26:13.536+0000] {processor.py:914} INFO - Processing file /home/airflow/.local/lib/python3.12/site-packages/airflow/example_dags/example_branch_operator.py for tasks to queue
[2024-11-14T00:26:13.537+0000] {logging_mixin.py:190} INFO - [2024-11-14T00:26:13.537+0000] {dagbag.py:588} INFO - Filling up the DagBag from /home/airflow/.local/lib/python3.12/site-packages/airflow/example_dags/example_branch_operator.py
[2024-11-14T00:26:13.544+0000] {processor.py:925} INFO - DAG(s) 'example_branch_operator' retrieved from /home/airflow/.local/lib/python3.12/site-packages/airflow/example_dags/example_branch_operator.py
[2024-11-14T00:26:13.561+0000] {logging_mixin.py:190} INFO - [2024-11-14T00:26:13.561+0000] {dag.py:3239} INFO - Sync 1 DAGs
[2024-11-14T00:26:13.571+0000] {logging_mixin.py:190} INFO - [2024-11-14T00:26:13.571+0000] {dag.py:4180} INFO - Setting next_dagrun for example_branch_operator to 2024-11-13 00:00:00+00:00, run_after=2024-11-14 00:00:00+00:00
[2024-11-14T00:26:13.583+0000] {processor.py:208} INFO - Processing /home/airflow/.local/lib/python3.12/site-packages/airflow/example_dags/example_branch_operator.py took 0.052 seconds
[2024-11-14T00:32:43.474+0000] {processor.py:186} INFO - Started process (PID=68) to work on /home/airflow/.local/lib/python3.12/site-packages/airflow/example_dags/example_branch_operator.py
[2024-11-14T00:32:43.475+0000] {processor.py:914} INFO - Processing file /home/airflow/.local/lib/python3.12/site-packages/airflow/example_dags/example_branch_operator.py for tasks to queue
[2024-11-14T00:32:43.476+0000] {logging_mixin.py:190} INFO - [2024-11-14T00:32:43.475+0000] {dagbag.py:588} INFO - Filling up the DagBag from /home/airflow/.local/lib/python3.12/site-packages/airflow/example_dags/example_branch_operator.py
[2024-11-14T00:32:43.485+0000] {processor.py:925} INFO - DAG(s) 'example_branch_operator' retrieved from /home/airflow/.local/lib/python3.12/site-packages/airflow/example_dags/example_branch_operator.py
[2024-11-14T00:32:43.528+0000] {logging_mixin.py:190} INFO - [2024-11-14T00:32:43.527+0000] {override.py:1911} INFO - Created Permission View: can read on DAG:example_branch_operator
[2024-11-14T00:32:43.533+0000] {logging_mixin.py:190} INFO - [2024-11-14T00:32:43.533+0000] {override.py:1911} INFO - Created Permission View: can edit on DAG:example_branch_operator
[2024-11-14T00:32:43.535+0000] {logging_mixin.py:190} INFO - [2024-11-14T00:32:43.535+0000] {override.py:1911} INFO - Created Permission View: can delete on DAG:example_branch_operator
[2024-11-14T00:32:43.539+0000] {logging_mixin.py:190} INFO - [2024-11-14T00:32:43.539+0000] {override.py:1911} INFO - Created Permission View: can read on DAG Run:example_branch_operator
[2024-11-14T00:32:43.542+0000] {logging_mixin.py:190} INFO - [2024-11-14T00:32:43.542+0000] {override.py:1911} INFO - Created Permission View: can create on DAG Run:example_branch_operator
[2024-11-14T00:32:43.545+0000] {logging_mixin.py:190} INFO - [2024-11-14T00:32:43.545+0000] {override.py:1911} INFO - Created Permission View: menu access on DAG Run:example_branch_operator
[2024-11-14T00:32:43.548+0000] {logging_mixin.py:190} INFO - [2024-11-14T00:32:43.548+0000] {override.py:1911} INFO - Created Permission View: can delete on DAG Run:example_branch_operator
[2024-11-14T00:32:43.548+0000] {logging_mixin.py:190} INFO - [2024-11-14T00:32:43.548+0000] {dag.py:3239} INFO - Sync 1 DAGs
[2024-11-14T00:32:43.554+0000] {logging_mixin.py:190} INFO - [2024-11-14T00:32:43.554+0000] {dag.py:3262} INFO - Creating ORM DAG for example_branch_operator
[2024-11-14T00:32:43.558+0000] {logging_mixin.py:190} INFO - [2024-11-14T00:32:43.558+0000] {dag.py:4180} INFO - Setting next_dagrun for example_branch_operator to 2024-11-13 00:00:00+00:00, run_after=2024-11-14 00:00:00+00:00
[2024-11-14T00:32:43.565+0000] {processor.py:208} INFO - Processing /home/airflow/.local/lib/python3.12/site-packages/airflow/example_dags/example_branch_operator.py took 0.094 seconds
[2024-11-14T00:33:13.988+0000] {processor.py:186} INFO - Started process (PID=133) to work on /home/airflow/.local/lib/python3.12/site-packages/airflow/example_dags/example_branch_operator.py
[2024-11-14T00:33:13.991+0000] {processor.py:914} INFO - Processing file /home/airflow/.local/lib/python3.12/site-packages/airflow/example_dags/example_branch_operator.py for tasks to queue
[2024-11-14T00:33:13.993+0000] {logging_mixin.py:190} INFO - [2024-11-14T00:33:13.993+0000] {dagbag.py:588} INFO - Filling up the DagBag from /home/airflow/.local/lib/python3.12/site-packages/airflow/example_dags/example_branch_operator.py
[2024-11-14T00:33:14.001+0000] {processor.py:925} INFO - DAG(s) 'example_branch_operator' retrieved from /home/airflow/.local/lib/python3.12/site-packages/airflow/example_dags/example_branch_operator.py
[2024-11-14T00:33:14.014+0000] {logging_mixin.py:190} INFO - [2024-11-14T00:33:14.013+0000] {dag.py:3239} INFO - Sync 1 DAGs
[2024-11-14T00:33:14.025+0000] {logging_mixin.py:190} INFO - [2024-11-14T00:33:14.025+0000] {dag.py:4180} INFO - Setting next_dagrun for example_branch_operator to 2024-11-13 00:00:00+00:00, run_after=2024-11-14 00:00:00+00:00
[2024-11-14T00:33:14.032+0000] {processor.py:208} INFO - Processing /home/airflow/.local/lib/python3.12/site-packages/airflow/example_dags/example_branch_operator.py took 0.046 seconds
