[2024-11-14T00:02:17.305+0000] {processor.py:186} INFO - Started process (PID=49) to work on /home/airflow/.local/lib/python3.12/site-packages/airflow/example_dags/example_complex.py
[2024-11-14T00:02:17.306+0000] {processor.py:914} INFO - Processing file /home/airflow/.local/lib/python3.12/site-packages/airflow/example_dags/example_complex.py for tasks to queue
[2024-11-14T00:02:17.308+0000] {logging_mixin.py:190} INFO - [2024-11-14T00:02:17.307+0000] {dagbag.py:588} INFO - Filling up the DagBag from /home/airflow/.local/lib/python3.12/site-packages/airflow/example_dags/example_complex.py
[2024-11-14T00:02:17.315+0000] {processor.py:925} INFO - DAG(s) 'example_complex' retrieved from /home/airflow/.local/lib/python3.12/site-packages/airflow/example_dags/example_complex.py
[2024-11-14T00:02:17.382+0000] {logging_mixin.py:190} INFO - [2024-11-14T00:02:17.381+0000] {override.py:1911} INFO - Created Permission View: can delete on DAG:example_complex
[2024-11-14T00:02:17.387+0000] {logging_mixin.py:190} INFO - [2024-11-14T00:02:17.387+0000] {override.py:1911} INFO - Created Permission View: can read on DAG:example_complex
[2024-11-14T00:02:17.391+0000] {logging_mixin.py:190} INFO - [2024-11-14T00:02:17.391+0000] {override.py:1911} INFO - Created Permission View: can edit on DAG:example_complex
[2024-11-14T00:02:17.395+0000] {logging_mixin.py:190} INFO - [2024-11-14T00:02:17.395+0000] {override.py:1911} INFO - Created Permission View: can create on DAG Run:example_complex
[2024-11-14T00:02:17.399+0000] {logging_mixin.py:190} INFO - [2024-11-14T00:02:17.398+0000] {override.py:1911} INFO - Created Permission View: can delete on DAG Run:example_complex
[2024-11-14T00:02:17.401+0000] {logging_mixin.py:190} INFO - [2024-11-14T00:02:17.401+0000] {override.py:1911} INFO - Created Permission View: menu access on DAG Run:example_complex
[2024-11-14T00:02:17.405+0000] {logging_mixin.py:190} INFO - [2024-11-14T00:02:17.405+0000] {override.py:1911} INFO - Created Permission View: can read on DAG Run:example_complex
[2024-11-14T00:02:17.405+0000] {logging_mixin.py:190} INFO - [2024-11-14T00:02:17.405+0000] {dag.py:3239} INFO - Sync 1 DAGs
[2024-11-14T00:02:17.412+0000] {logging_mixin.py:190} INFO - [2024-11-14T00:02:17.412+0000] {dag.py:3262} INFO - Creating ORM DAG for example_complex
[2024-11-14T00:02:17.414+0000] {logging_mixin.py:190} INFO - [2024-11-14T00:02:17.414+0000] {dag.py:4180} INFO - Setting next_dagrun for example_complex to None, run_after=None
[2024-11-14T00:02:17.443+0000] {processor.py:208} INFO - Processing /home/airflow/.local/lib/python3.12/site-packages/airflow/example_dags/example_complex.py took 0.142 seconds
[2024-11-14T00:02:48.407+0000] {processor.py:186} INFO - Started process (PID=111) to work on /home/airflow/.local/lib/python3.12/site-packages/airflow/example_dags/example_complex.py
[2024-11-14T00:02:48.409+0000] {processor.py:914} INFO - Processing file /home/airflow/.local/lib/python3.12/site-packages/airflow/example_dags/example_complex.py for tasks to queue
[2024-11-14T00:02:48.412+0000] {logging_mixin.py:190} INFO - [2024-11-14T00:02:48.411+0000] {dagbag.py:588} INFO - Filling up the DagBag from /home/airflow/.local/lib/python3.12/site-packages/airflow/example_dags/example_complex.py
[2024-11-14T00:02:48.422+0000] {processor.py:925} INFO - DAG(s) 'example_complex' retrieved from /home/airflow/.local/lib/python3.12/site-packages/airflow/example_dags/example_complex.py
[2024-11-14T00:02:48.442+0000] {logging_mixin.py:190} INFO - [2024-11-14T00:02:48.441+0000] {dag.py:3239} INFO - Sync 1 DAGs
[2024-11-14T00:02:48.451+0000] {logging_mixin.py:190} INFO - [2024-11-14T00:02:48.450+0000] {dag.py:4180} INFO - Setting next_dagrun for example_complex to None, run_after=None
[2024-11-14T00:02:48.463+0000] {processor.py:208} INFO - Processing /home/airflow/.local/lib/python3.12/site-packages/airflow/example_dags/example_complex.py took 0.060 seconds
[2024-11-14T00:03:18.927+0000] {processor.py:186} INFO - Started process (PID=173) to work on /home/airflow/.local/lib/python3.12/site-packages/airflow/example_dags/example_complex.py
[2024-11-14T00:03:18.933+0000] {processor.py:914} INFO - Processing file /home/airflow/.local/lib/python3.12/site-packages/airflow/example_dags/example_complex.py for tasks to queue
[2024-11-14T00:03:18.935+0000] {logging_mixin.py:190} INFO - [2024-11-14T00:03:18.935+0000] {dagbag.py:588} INFO - Filling up the DagBag from /home/airflow/.local/lib/python3.12/site-packages/airflow/example_dags/example_complex.py
[2024-11-14T00:03:18.945+0000] {processor.py:925} INFO - DAG(s) 'example_complex' retrieved from /home/airflow/.local/lib/python3.12/site-packages/airflow/example_dags/example_complex.py
[2024-11-14T00:03:18.965+0000] {logging_mixin.py:190} INFO - [2024-11-14T00:03:18.965+0000] {dag.py:3239} INFO - Sync 1 DAGs
[2024-11-14T00:03:18.974+0000] {logging_mixin.py:190} INFO - [2024-11-14T00:03:18.973+0000] {dag.py:4180} INFO - Setting next_dagrun for example_complex to None, run_after=None
[2024-11-14T00:03:18.983+0000] {processor.py:208} INFO - Processing /home/airflow/.local/lib/python3.12/site-packages/airflow/example_dags/example_complex.py took 0.063 seconds
[2024-11-14T00:03:49.347+0000] {processor.py:186} INFO - Started process (PID=235) to work on /home/airflow/.local/lib/python3.12/site-packages/airflow/example_dags/example_complex.py
[2024-11-14T00:03:49.352+0000] {processor.py:914} INFO - Processing file /home/airflow/.local/lib/python3.12/site-packages/airflow/example_dags/example_complex.py for tasks to queue
[2024-11-14T00:03:49.354+0000] {logging_mixin.py:190} INFO - [2024-11-14T00:03:49.354+0000] {dagbag.py:588} INFO - Filling up the DagBag from /home/airflow/.local/lib/python3.12/site-packages/airflow/example_dags/example_complex.py
[2024-11-14T00:03:49.365+0000] {processor.py:925} INFO - DAG(s) 'example_complex' retrieved from /home/airflow/.local/lib/python3.12/site-packages/airflow/example_dags/example_complex.py
[2024-11-14T00:03:49.385+0000] {logging_mixin.py:190} INFO - [2024-11-14T00:03:49.385+0000] {dag.py:3239} INFO - Sync 1 DAGs
[2024-11-14T00:03:49.393+0000] {logging_mixin.py:190} INFO - [2024-11-14T00:03:49.393+0000] {dag.py:4180} INFO - Setting next_dagrun for example_complex to None, run_after=None
[2024-11-14T00:03:49.404+0000] {processor.py:208} INFO - Processing /home/airflow/.local/lib/python3.12/site-packages/airflow/example_dags/example_complex.py took 0.061 seconds
[2024-11-14T00:04:19.657+0000] {processor.py:186} INFO - Started process (PID=297) to work on /home/airflow/.local/lib/python3.12/site-packages/airflow/example_dags/example_complex.py
[2024-11-14T00:04:19.658+0000] {processor.py:914} INFO - Processing file /home/airflow/.local/lib/python3.12/site-packages/airflow/example_dags/example_complex.py for tasks to queue
[2024-11-14T00:04:19.660+0000] {logging_mixin.py:190} INFO - [2024-11-14T00:04:19.660+0000] {dagbag.py:588} INFO - Filling up the DagBag from /home/airflow/.local/lib/python3.12/site-packages/airflow/example_dags/example_complex.py
[2024-11-14T00:04:19.669+0000] {processor.py:925} INFO - DAG(s) 'example_complex' retrieved from /home/airflow/.local/lib/python3.12/site-packages/airflow/example_dags/example_complex.py
[2024-11-14T00:04:19.687+0000] {logging_mixin.py:190} INFO - [2024-11-14T00:04:19.687+0000] {dag.py:3239} INFO - Sync 1 DAGs
[2024-11-14T00:04:19.696+0000] {logging_mixin.py:190} INFO - [2024-11-14T00:04:19.696+0000] {dag.py:4180} INFO - Setting next_dagrun for example_complex to None, run_after=None
[2024-11-14T00:04:19.708+0000] {processor.py:208} INFO - Processing /home/airflow/.local/lib/python3.12/site-packages/airflow/example_dags/example_complex.py took 0.055 seconds
[2024-11-14T00:04:49.928+0000] {processor.py:186} INFO - Started process (PID=360) to work on /home/airflow/.local/lib/python3.12/site-packages/airflow/example_dags/example_complex.py
[2024-11-14T00:04:49.928+0000] {processor.py:914} INFO - Processing file /home/airflow/.local/lib/python3.12/site-packages/airflow/example_dags/example_complex.py for tasks to queue
[2024-11-14T00:04:49.930+0000] {logging_mixin.py:190} INFO - [2024-11-14T00:04:49.930+0000] {dagbag.py:588} INFO - Filling up the DagBag from /home/airflow/.local/lib/python3.12/site-packages/airflow/example_dags/example_complex.py
[2024-11-14T00:04:49.938+0000] {processor.py:925} INFO - DAG(s) 'example_complex' retrieved from /home/airflow/.local/lib/python3.12/site-packages/airflow/example_dags/example_complex.py
[2024-11-14T00:04:49.953+0000] {logging_mixin.py:190} INFO - [2024-11-14T00:04:49.952+0000] {dag.py:3239} INFO - Sync 1 DAGs
[2024-11-14T00:04:49.958+0000] {logging_mixin.py:190} INFO - [2024-11-14T00:04:49.958+0000] {dag.py:4180} INFO - Setting next_dagrun for example_complex to None, run_after=None
[2024-11-14T00:04:49.968+0000] {processor.py:208} INFO - Processing /home/airflow/.local/lib/python3.12/site-packages/airflow/example_dags/example_complex.py took 0.043 seconds
[2024-11-14T00:05:20.251+0000] {processor.py:186} INFO - Started process (PID=423) to work on /home/airflow/.local/lib/python3.12/site-packages/airflow/example_dags/example_complex.py
[2024-11-14T00:05:20.251+0000] {processor.py:914} INFO - Processing file /home/airflow/.local/lib/python3.12/site-packages/airflow/example_dags/example_complex.py for tasks to queue
[2024-11-14T00:05:20.253+0000] {logging_mixin.py:190} INFO - [2024-11-14T00:05:20.253+0000] {dagbag.py:588} INFO - Filling up the DagBag from /home/airflow/.local/lib/python3.12/site-packages/airflow/example_dags/example_complex.py
[2024-11-14T00:05:20.260+0000] {processor.py:925} INFO - DAG(s) 'example_complex' retrieved from /home/airflow/.local/lib/python3.12/site-packages/airflow/example_dags/example_complex.py
[2024-11-14T00:05:20.275+0000] {logging_mixin.py:190} INFO - [2024-11-14T00:05:20.275+0000] {dag.py:3239} INFO - Sync 1 DAGs
[2024-11-14T00:05:20.284+0000] {logging_mixin.py:190} INFO - [2024-11-14T00:05:20.284+0000] {dag.py:4180} INFO - Setting next_dagrun for example_complex to None, run_after=None
[2024-11-14T00:05:20.296+0000] {processor.py:208} INFO - Processing /home/airflow/.local/lib/python3.12/site-packages/airflow/example_dags/example_complex.py took 0.048 seconds
[2024-11-14T00:05:50.528+0000] {processor.py:186} INFO - Started process (PID=486) to work on /home/airflow/.local/lib/python3.12/site-packages/airflow/example_dags/example_complex.py
[2024-11-14T00:05:50.529+0000] {processor.py:914} INFO - Processing file /home/airflow/.local/lib/python3.12/site-packages/airflow/example_dags/example_complex.py for tasks to queue
[2024-11-14T00:05:50.532+0000] {logging_mixin.py:190} INFO - [2024-11-14T00:05:50.532+0000] {dagbag.py:588} INFO - Filling up the DagBag from /home/airflow/.local/lib/python3.12/site-packages/airflow/example_dags/example_complex.py
[2024-11-14T00:05:50.544+0000] {processor.py:925} INFO - DAG(s) 'example_complex' retrieved from /home/airflow/.local/lib/python3.12/site-packages/airflow/example_dags/example_complex.py
[2024-11-14T00:05:50.564+0000] {logging_mixin.py:190} INFO - [2024-11-14T00:05:50.564+0000] {dag.py:3239} INFO - Sync 1 DAGs
[2024-11-14T00:05:50.571+0000] {logging_mixin.py:190} INFO - [2024-11-14T00:05:50.571+0000] {dag.py:4180} INFO - Setting next_dagrun for example_complex to None, run_after=None
[2024-11-14T00:05:50.581+0000] {processor.py:208} INFO - Processing /home/airflow/.local/lib/python3.12/site-packages/airflow/example_dags/example_complex.py took 0.060 seconds
[2024-11-14T00:06:21.016+0000] {processor.py:186} INFO - Started process (PID=549) to work on /home/airflow/.local/lib/python3.12/site-packages/airflow/example_dags/example_complex.py
[2024-11-14T00:06:21.017+0000] {processor.py:914} INFO - Processing file /home/airflow/.local/lib/python3.12/site-packages/airflow/example_dags/example_complex.py for tasks to queue
[2024-11-14T00:06:21.019+0000] {logging_mixin.py:190} INFO - [2024-11-14T00:06:21.019+0000] {dagbag.py:588} INFO - Filling up the DagBag from /home/airflow/.local/lib/python3.12/site-packages/airflow/example_dags/example_complex.py
[2024-11-14T00:06:21.029+0000] {processor.py:925} INFO - DAG(s) 'example_complex' retrieved from /home/airflow/.local/lib/python3.12/site-packages/airflow/example_dags/example_complex.py
[2024-11-14T00:06:21.046+0000] {logging_mixin.py:190} INFO - [2024-11-14T00:06:21.046+0000] {dag.py:3239} INFO - Sync 1 DAGs
[2024-11-14T00:06:21.053+0000] {logging_mixin.py:190} INFO - [2024-11-14T00:06:21.053+0000] {dag.py:4180} INFO - Setting next_dagrun for example_complex to None, run_after=None
[2024-11-14T00:06:21.062+0000] {processor.py:208} INFO - Processing /home/airflow/.local/lib/python3.12/site-packages/airflow/example_dags/example_complex.py took 0.052 seconds
[2024-11-14T00:06:51.324+0000] {processor.py:186} INFO - Started process (PID=612) to work on /home/airflow/.local/lib/python3.12/site-packages/airflow/example_dags/example_complex.py
[2024-11-14T00:06:51.325+0000] {processor.py:914} INFO - Processing file /home/airflow/.local/lib/python3.12/site-packages/airflow/example_dags/example_complex.py for tasks to queue
[2024-11-14T00:06:51.328+0000] {logging_mixin.py:190} INFO - [2024-11-14T00:06:51.327+0000] {dagbag.py:588} INFO - Filling up the DagBag from /home/airflow/.local/lib/python3.12/site-packages/airflow/example_dags/example_complex.py
[2024-11-14T00:06:51.337+0000] {processor.py:925} INFO - DAG(s) 'example_complex' retrieved from /home/airflow/.local/lib/python3.12/site-packages/airflow/example_dags/example_complex.py
[2024-11-14T00:06:51.360+0000] {logging_mixin.py:190} INFO - [2024-11-14T00:06:51.360+0000] {dag.py:3239} INFO - Sync 1 DAGs
[2024-11-14T00:06:51.372+0000] {logging_mixin.py:190} INFO - [2024-11-14T00:06:51.372+0000] {dag.py:4180} INFO - Setting next_dagrun for example_complex to None, run_after=None
[2024-11-14T00:06:51.383+0000] {processor.py:208} INFO - Processing /home/airflow/.local/lib/python3.12/site-packages/airflow/example_dags/example_complex.py took 0.066 seconds
[2024-11-14T00:07:21.479+0000] {processor.py:186} INFO - Started process (PID=680) to work on /home/airflow/.local/lib/python3.12/site-packages/airflow/example_dags/example_complex.py
[2024-11-14T00:07:21.481+0000] {processor.py:914} INFO - Processing file /home/airflow/.local/lib/python3.12/site-packages/airflow/example_dags/example_complex.py for tasks to queue
[2024-11-14T00:07:21.486+0000] {logging_mixin.py:190} INFO - [2024-11-14T00:07:21.486+0000] {dagbag.py:588} INFO - Filling up the DagBag from /home/airflow/.local/lib/python3.12/site-packages/airflow/example_dags/example_complex.py
[2024-11-14T00:07:21.492+0000] {processor.py:925} INFO - DAG(s) 'example_complex' retrieved from /home/airflow/.local/lib/python3.12/site-packages/airflow/example_dags/example_complex.py
[2024-11-14T00:07:21.508+0000] {logging_mixin.py:190} INFO - [2024-11-14T00:07:21.507+0000] {dag.py:3239} INFO - Sync 1 DAGs
[2024-11-14T00:07:21.514+0000] {logging_mixin.py:190} INFO - [2024-11-14T00:07:21.514+0000] {dag.py:4180} INFO - Setting next_dagrun for example_complex to None, run_after=None
[2024-11-14T00:07:21.523+0000] {processor.py:208} INFO - Processing /home/airflow/.local/lib/python3.12/site-packages/airflow/example_dags/example_complex.py took 0.049 seconds
[2024-11-14T00:07:51.984+0000] {processor.py:186} INFO - Started process (PID=743) to work on /home/airflow/.local/lib/python3.12/site-packages/airflow/example_dags/example_complex.py
[2024-11-14T00:07:51.985+0000] {processor.py:914} INFO - Processing file /home/airflow/.local/lib/python3.12/site-packages/airflow/example_dags/example_complex.py for tasks to queue
[2024-11-14T00:07:51.988+0000] {logging_mixin.py:190} INFO - [2024-11-14T00:07:51.988+0000] {dagbag.py:588} INFO - Filling up the DagBag from /home/airflow/.local/lib/python3.12/site-packages/airflow/example_dags/example_complex.py
[2024-11-14T00:07:51.998+0000] {processor.py:925} INFO - DAG(s) 'example_complex' retrieved from /home/airflow/.local/lib/python3.12/site-packages/airflow/example_dags/example_complex.py
[2024-11-14T00:07:52.022+0000] {logging_mixin.py:190} INFO - [2024-11-14T00:07:52.022+0000] {dag.py:3239} INFO - Sync 1 DAGs
[2024-11-14T00:07:52.036+0000] {logging_mixin.py:190} INFO - [2024-11-14T00:07:52.036+0000] {dag.py:4180} INFO - Setting next_dagrun for example_complex to None, run_after=None
[2024-11-14T00:07:52.049+0000] {processor.py:208} INFO - Processing /home/airflow/.local/lib/python3.12/site-packages/airflow/example_dags/example_complex.py took 0.071 seconds
[2024-11-14T00:08:22.297+0000] {processor.py:186} INFO - Started process (PID=806) to work on /home/airflow/.local/lib/python3.12/site-packages/airflow/example_dags/example_complex.py
[2024-11-14T00:08:22.302+0000] {processor.py:914} INFO - Processing file /home/airflow/.local/lib/python3.12/site-packages/airflow/example_dags/example_complex.py for tasks to queue
[2024-11-14T00:08:22.304+0000] {logging_mixin.py:190} INFO - [2024-11-14T00:08:22.304+0000] {dagbag.py:588} INFO - Filling up the DagBag from /home/airflow/.local/lib/python3.12/site-packages/airflow/example_dags/example_complex.py
[2024-11-14T00:08:22.315+0000] {processor.py:925} INFO - DAG(s) 'example_complex' retrieved from /home/airflow/.local/lib/python3.12/site-packages/airflow/example_dags/example_complex.py
[2024-11-14T00:08:22.336+0000] {logging_mixin.py:190} INFO - [2024-11-14T00:08:22.336+0000] {dag.py:3239} INFO - Sync 1 DAGs
[2024-11-14T00:08:22.345+0000] {logging_mixin.py:190} INFO - [2024-11-14T00:08:22.345+0000] {dag.py:4180} INFO - Setting next_dagrun for example_complex to None, run_after=None
[2024-11-14T00:08:22.355+0000] {processor.py:208} INFO - Processing /home/airflow/.local/lib/python3.12/site-packages/airflow/example_dags/example_complex.py took 0.064 seconds
[2024-11-14T00:08:52.625+0000] {processor.py:186} INFO - Started process (PID=869) to work on /home/airflow/.local/lib/python3.12/site-packages/airflow/example_dags/example_complex.py
[2024-11-14T00:08:52.626+0000] {processor.py:914} INFO - Processing file /home/airflow/.local/lib/python3.12/site-packages/airflow/example_dags/example_complex.py for tasks to queue
[2024-11-14T00:08:52.628+0000] {logging_mixin.py:190} INFO - [2024-11-14T00:08:52.628+0000] {dagbag.py:588} INFO - Filling up the DagBag from /home/airflow/.local/lib/python3.12/site-packages/airflow/example_dags/example_complex.py
[2024-11-14T00:08:52.637+0000] {processor.py:925} INFO - DAG(s) 'example_complex' retrieved from /home/airflow/.local/lib/python3.12/site-packages/airflow/example_dags/example_complex.py
[2024-11-14T00:08:52.658+0000] {logging_mixin.py:190} INFO - [2024-11-14T00:08:52.657+0000] {dag.py:3239} INFO - Sync 1 DAGs
[2024-11-14T00:08:52.665+0000] {logging_mixin.py:190} INFO - [2024-11-14T00:08:52.665+0000] {dag.py:4180} INFO - Setting next_dagrun for example_complex to None, run_after=None
[2024-11-14T00:08:52.674+0000] {processor.py:208} INFO - Processing /home/airflow/.local/lib/python3.12/site-packages/airflow/example_dags/example_complex.py took 0.055 seconds
[2024-11-14T00:09:22.816+0000] {processor.py:186} INFO - Started process (PID=932) to work on /home/airflow/.local/lib/python3.12/site-packages/airflow/example_dags/example_complex.py
[2024-11-14T00:09:22.817+0000] {processor.py:914} INFO - Processing file /home/airflow/.local/lib/python3.12/site-packages/airflow/example_dags/example_complex.py for tasks to queue
[2024-11-14T00:09:22.819+0000] {logging_mixin.py:190} INFO - [2024-11-14T00:09:22.818+0000] {dagbag.py:588} INFO - Filling up the DagBag from /home/airflow/.local/lib/python3.12/site-packages/airflow/example_dags/example_complex.py
[2024-11-14T00:09:22.827+0000] {processor.py:925} INFO - DAG(s) 'example_complex' retrieved from /home/airflow/.local/lib/python3.12/site-packages/airflow/example_dags/example_complex.py
[2024-11-14T00:09:22.847+0000] {logging_mixin.py:190} INFO - [2024-11-14T00:09:22.846+0000] {dag.py:3239} INFO - Sync 1 DAGs
[2024-11-14T00:09:22.855+0000] {logging_mixin.py:190} INFO - [2024-11-14T00:09:22.855+0000] {dag.py:4180} INFO - Setting next_dagrun for example_complex to None, run_after=None
[2024-11-14T00:09:22.868+0000] {processor.py:208} INFO - Processing /home/airflow/.local/lib/python3.12/site-packages/airflow/example_dags/example_complex.py took 0.057 seconds
[2024-11-14T00:12:54.790+0000] {processor.py:186} INFO - Started process (PID=49) to work on /home/airflow/.local/lib/python3.12/site-packages/airflow/example_dags/example_complex.py
[2024-11-14T00:12:54.791+0000] {processor.py:914} INFO - Processing file /home/airflow/.local/lib/python3.12/site-packages/airflow/example_dags/example_complex.py for tasks to queue
[2024-11-14T00:12:54.792+0000] {logging_mixin.py:190} INFO - [2024-11-14T00:12:54.792+0000] {dagbag.py:588} INFO - Filling up the DagBag from /home/airflow/.local/lib/python3.12/site-packages/airflow/example_dags/example_complex.py
[2024-11-14T00:12:54.802+0000] {processor.py:925} INFO - DAG(s) 'example_complex' retrieved from /home/airflow/.local/lib/python3.12/site-packages/airflow/example_dags/example_complex.py
[2024-11-14T00:12:54.880+0000] {logging_mixin.py:190} INFO - [2024-11-14T00:12:54.879+0000] {override.py:1911} INFO - Created Permission View: can delete on DAG:example_complex
[2024-11-14T00:12:54.884+0000] {logging_mixin.py:190} INFO - [2024-11-14T00:12:54.883+0000] {override.py:1911} INFO - Created Permission View: can read on DAG:example_complex
[2024-11-14T00:12:54.888+0000] {logging_mixin.py:190} INFO - [2024-11-14T00:12:54.888+0000] {override.py:1911} INFO - Created Permission View: can edit on DAG:example_complex
[2024-11-14T00:12:54.891+0000] {logging_mixin.py:190} INFO - [2024-11-14T00:12:54.891+0000] {override.py:1911} INFO - Created Permission View: can delete on DAG Run:example_complex
[2024-11-14T00:12:54.894+0000] {logging_mixin.py:190} INFO - [2024-11-14T00:12:54.893+0000] {override.py:1911} INFO - Created Permission View: can read on DAG Run:example_complex
[2024-11-14T00:12:54.898+0000] {logging_mixin.py:190} INFO - [2024-11-14T00:12:54.897+0000] {override.py:1911} INFO - Created Permission View: can create on DAG Run:example_complex
[2024-11-14T00:12:54.899+0000] {logging_mixin.py:190} INFO - [2024-11-14T00:12:54.899+0000] {override.py:1911} INFO - Created Permission View: menu access on DAG Run:example_complex
[2024-11-14T00:12:54.900+0000] {logging_mixin.py:190} INFO - [2024-11-14T00:12:54.900+0000] {dag.py:3239} INFO - Sync 1 DAGs
[2024-11-14T00:12:54.906+0000] {logging_mixin.py:190} INFO - [2024-11-14T00:12:54.906+0000] {dag.py:3262} INFO - Creating ORM DAG for example_complex
[2024-11-14T00:12:54.908+0000] {logging_mixin.py:190} INFO - [2024-11-14T00:12:54.907+0000] {dag.py:4180} INFO - Setting next_dagrun for example_complex to None, run_after=None
[2024-11-14T00:12:54.919+0000] {processor.py:208} INFO - Processing /home/airflow/.local/lib/python3.12/site-packages/airflow/example_dags/example_complex.py took 0.132 seconds
[2024-11-14T00:13:25.076+0000] {processor.py:186} INFO - Started process (PID=112) to work on /home/airflow/.local/lib/python3.12/site-packages/airflow/example_dags/example_complex.py
[2024-11-14T00:13:25.077+0000] {processor.py:914} INFO - Processing file /home/airflow/.local/lib/python3.12/site-packages/airflow/example_dags/example_complex.py for tasks to queue
[2024-11-14T00:13:25.078+0000] {logging_mixin.py:190} INFO - [2024-11-14T00:13:25.078+0000] {dagbag.py:588} INFO - Filling up the DagBag from /home/airflow/.local/lib/python3.12/site-packages/airflow/example_dags/example_complex.py
[2024-11-14T00:13:25.085+0000] {processor.py:925} INFO - DAG(s) 'example_complex' retrieved from /home/airflow/.local/lib/python3.12/site-packages/airflow/example_dags/example_complex.py
[2024-11-14T00:13:25.100+0000] {logging_mixin.py:190} INFO - [2024-11-14T00:13:25.100+0000] {dag.py:3239} INFO - Sync 1 DAGs
[2024-11-14T00:13:25.106+0000] {logging_mixin.py:190} INFO - [2024-11-14T00:13:25.106+0000] {dag.py:4180} INFO - Setting next_dagrun for example_complex to None, run_after=None
[2024-11-14T00:13:25.114+0000] {processor.py:208} INFO - Processing /home/airflow/.local/lib/python3.12/site-packages/airflow/example_dags/example_complex.py took 0.041 seconds
[2024-11-14T00:13:55.756+0000] {processor.py:186} INFO - Started process (PID=176) to work on /home/airflow/.local/lib/python3.12/site-packages/airflow/example_dags/example_complex.py
[2024-11-14T00:13:55.756+0000] {processor.py:914} INFO - Processing file /home/airflow/.local/lib/python3.12/site-packages/airflow/example_dags/example_complex.py for tasks to queue
[2024-11-14T00:13:55.759+0000] {logging_mixin.py:190} INFO - [2024-11-14T00:13:55.759+0000] {dagbag.py:588} INFO - Filling up the DagBag from /home/airflow/.local/lib/python3.12/site-packages/airflow/example_dags/example_complex.py
[2024-11-14T00:13:55.766+0000] {processor.py:925} INFO - DAG(s) 'example_complex' retrieved from /home/airflow/.local/lib/python3.12/site-packages/airflow/example_dags/example_complex.py
[2024-11-14T00:13:55.780+0000] {logging_mixin.py:190} INFO - [2024-11-14T00:13:55.780+0000] {dag.py:3239} INFO - Sync 1 DAGs
[2024-11-14T00:13:55.786+0000] {logging_mixin.py:190} INFO - [2024-11-14T00:13:55.786+0000] {dag.py:4180} INFO - Setting next_dagrun for example_complex to None, run_after=None
[2024-11-14T00:13:55.794+0000] {processor.py:208} INFO - Processing /home/airflow/.local/lib/python3.12/site-packages/airflow/example_dags/example_complex.py took 0.040 seconds
[2024-11-14T00:14:26.219+0000] {processor.py:186} INFO - Started process (PID=240) to work on /home/airflow/.local/lib/python3.12/site-packages/airflow/example_dags/example_complex.py
[2024-11-14T00:14:26.220+0000] {processor.py:914} INFO - Processing file /home/airflow/.local/lib/python3.12/site-packages/airflow/example_dags/example_complex.py for tasks to queue
[2024-11-14T00:14:26.221+0000] {logging_mixin.py:190} INFO - [2024-11-14T00:14:26.221+0000] {dagbag.py:588} INFO - Filling up the DagBag from /home/airflow/.local/lib/python3.12/site-packages/airflow/example_dags/example_complex.py
[2024-11-14T00:14:26.227+0000] {processor.py:925} INFO - DAG(s) 'example_complex' retrieved from /home/airflow/.local/lib/python3.12/site-packages/airflow/example_dags/example_complex.py
[2024-11-14T00:14:26.241+0000] {logging_mixin.py:190} INFO - [2024-11-14T00:14:26.241+0000] {dag.py:3239} INFO - Sync 1 DAGs
[2024-11-14T00:14:26.247+0000] {logging_mixin.py:190} INFO - [2024-11-14T00:14:26.247+0000] {dag.py:4180} INFO - Setting next_dagrun for example_complex to None, run_after=None
[2024-11-14T00:14:26.254+0000] {processor.py:208} INFO - Processing /home/airflow/.local/lib/python3.12/site-packages/airflow/example_dags/example_complex.py took 0.038 seconds
[2024-11-14T00:14:56.621+0000] {processor.py:186} INFO - Started process (PID=304) to work on /home/airflow/.local/lib/python3.12/site-packages/airflow/example_dags/example_complex.py
[2024-11-14T00:14:56.622+0000] {processor.py:914} INFO - Processing file /home/airflow/.local/lib/python3.12/site-packages/airflow/example_dags/example_complex.py for tasks to queue
[2024-11-14T00:14:56.623+0000] {logging_mixin.py:190} INFO - [2024-11-14T00:14:56.623+0000] {dagbag.py:588} INFO - Filling up the DagBag from /home/airflow/.local/lib/python3.12/site-packages/airflow/example_dags/example_complex.py
[2024-11-14T00:14:56.627+0000] {processor.py:925} INFO - DAG(s) 'example_complex' retrieved from /home/airflow/.local/lib/python3.12/site-packages/airflow/example_dags/example_complex.py
[2024-11-14T00:14:56.639+0000] {logging_mixin.py:190} INFO - [2024-11-14T00:14:56.639+0000] {dag.py:3239} INFO - Sync 1 DAGs
[2024-11-14T00:14:56.644+0000] {logging_mixin.py:190} INFO - [2024-11-14T00:14:56.644+0000] {dag.py:4180} INFO - Setting next_dagrun for example_complex to None, run_after=None
[2024-11-14T00:14:56.649+0000] {processor.py:208} INFO - Processing /home/airflow/.local/lib/python3.12/site-packages/airflow/example_dags/example_complex.py took 0.030 seconds
[2024-11-14T00:15:26.955+0000] {processor.py:186} INFO - Started process (PID=368) to work on /home/airflow/.local/lib/python3.12/site-packages/airflow/example_dags/example_complex.py
[2024-11-14T00:15:26.958+0000] {processor.py:914} INFO - Processing file /home/airflow/.local/lib/python3.12/site-packages/airflow/example_dags/example_complex.py for tasks to queue
[2024-11-14T00:15:26.960+0000] {logging_mixin.py:190} INFO - [2024-11-14T00:15:26.960+0000] {dagbag.py:588} INFO - Filling up the DagBag from /home/airflow/.local/lib/python3.12/site-packages/airflow/example_dags/example_complex.py
[2024-11-14T00:15:26.965+0000] {processor.py:925} INFO - DAG(s) 'example_complex' retrieved from /home/airflow/.local/lib/python3.12/site-packages/airflow/example_dags/example_complex.py
[2024-11-14T00:15:26.978+0000] {logging_mixin.py:190} INFO - [2024-11-14T00:15:26.978+0000] {dag.py:3239} INFO - Sync 1 DAGs
[2024-11-14T00:15:26.985+0000] {logging_mixin.py:190} INFO - [2024-11-14T00:15:26.985+0000] {dag.py:4180} INFO - Setting next_dagrun for example_complex to None, run_after=None
[2024-11-14T00:15:26.994+0000] {processor.py:208} INFO - Processing /home/airflow/.local/lib/python3.12/site-packages/airflow/example_dags/example_complex.py took 0.042 seconds
[2024-11-14T00:15:57.531+0000] {processor.py:186} INFO - Started process (PID=432) to work on /home/airflow/.local/lib/python3.12/site-packages/airflow/example_dags/example_complex.py
[2024-11-14T00:15:57.535+0000] {processor.py:914} INFO - Processing file /home/airflow/.local/lib/python3.12/site-packages/airflow/example_dags/example_complex.py for tasks to queue
[2024-11-14T00:15:57.537+0000] {logging_mixin.py:190} INFO - [2024-11-14T00:15:57.537+0000] {dagbag.py:588} INFO - Filling up the DagBag from /home/airflow/.local/lib/python3.12/site-packages/airflow/example_dags/example_complex.py
[2024-11-14T00:15:57.543+0000] {processor.py:925} INFO - DAG(s) 'example_complex' retrieved from /home/airflow/.local/lib/python3.12/site-packages/airflow/example_dags/example_complex.py
[2024-11-14T00:15:57.559+0000] {logging_mixin.py:190} INFO - [2024-11-14T00:15:57.559+0000] {dag.py:3239} INFO - Sync 1 DAGs
[2024-11-14T00:15:57.565+0000] {logging_mixin.py:190} INFO - [2024-11-14T00:15:57.565+0000] {dag.py:4180} INFO - Setting next_dagrun for example_complex to None, run_after=None
[2024-11-14T00:15:57.575+0000] {processor.py:208} INFO - Processing /home/airflow/.local/lib/python3.12/site-packages/airflow/example_dags/example_complex.py took 0.048 seconds
[2024-11-14T00:16:28.048+0000] {processor.py:186} INFO - Started process (PID=496) to work on /home/airflow/.local/lib/python3.12/site-packages/airflow/example_dags/example_complex.py
[2024-11-14T00:16:28.049+0000] {processor.py:914} INFO - Processing file /home/airflow/.local/lib/python3.12/site-packages/airflow/example_dags/example_complex.py for tasks to queue
[2024-11-14T00:16:28.051+0000] {logging_mixin.py:190} INFO - [2024-11-14T00:16:28.051+0000] {dagbag.py:588} INFO - Filling up the DagBag from /home/airflow/.local/lib/python3.12/site-packages/airflow/example_dags/example_complex.py
[2024-11-14T00:16:28.057+0000] {processor.py:925} INFO - DAG(s) 'example_complex' retrieved from /home/airflow/.local/lib/python3.12/site-packages/airflow/example_dags/example_complex.py
[2024-11-14T00:16:28.077+0000] {logging_mixin.py:190} INFO - [2024-11-14T00:16:28.077+0000] {dag.py:3239} INFO - Sync 1 DAGs
[2024-11-14T00:16:28.085+0000] {logging_mixin.py:190} INFO - [2024-11-14T00:16:28.085+0000] {dag.py:4180} INFO - Setting next_dagrun for example_complex to None, run_after=None
[2024-11-14T00:16:28.094+0000] {processor.py:208} INFO - Processing /home/airflow/.local/lib/python3.12/site-packages/airflow/example_dags/example_complex.py took 0.050 seconds
[2024-11-14T00:16:58.535+0000] {processor.py:186} INFO - Started process (PID=560) to work on /home/airflow/.local/lib/python3.12/site-packages/airflow/example_dags/example_complex.py
[2024-11-14T00:16:58.538+0000] {processor.py:914} INFO - Processing file /home/airflow/.local/lib/python3.12/site-packages/airflow/example_dags/example_complex.py for tasks to queue
[2024-11-14T00:16:58.540+0000] {logging_mixin.py:190} INFO - [2024-11-14T00:16:58.540+0000] {dagbag.py:588} INFO - Filling up the DagBag from /home/airflow/.local/lib/python3.12/site-packages/airflow/example_dags/example_complex.py
[2024-11-14T00:16:58.547+0000] {processor.py:925} INFO - DAG(s) 'example_complex' retrieved from /home/airflow/.local/lib/python3.12/site-packages/airflow/example_dags/example_complex.py
[2024-11-14T00:16:58.564+0000] {logging_mixin.py:190} INFO - [2024-11-14T00:16:58.563+0000] {dag.py:3239} INFO - Sync 1 DAGs
[2024-11-14T00:16:58.570+0000] {logging_mixin.py:190} INFO - [2024-11-14T00:16:58.570+0000] {dag.py:4180} INFO - Setting next_dagrun for example_complex to None, run_after=None
[2024-11-14T00:16:58.582+0000] {processor.py:208} INFO - Processing /home/airflow/.local/lib/python3.12/site-packages/airflow/example_dags/example_complex.py took 0.049 seconds
[2024-11-14T00:17:28.815+0000] {processor.py:186} INFO - Started process (PID=630) to work on /home/airflow/.local/lib/python3.12/site-packages/airflow/example_dags/example_complex.py
[2024-11-14T00:17:28.816+0000] {processor.py:914} INFO - Processing file /home/airflow/.local/lib/python3.12/site-packages/airflow/example_dags/example_complex.py for tasks to queue
[2024-11-14T00:17:28.818+0000] {logging_mixin.py:190} INFO - [2024-11-14T00:17:28.818+0000] {dagbag.py:588} INFO - Filling up the DagBag from /home/airflow/.local/lib/python3.12/site-packages/airflow/example_dags/example_complex.py
[2024-11-14T00:17:28.825+0000] {processor.py:925} INFO - DAG(s) 'example_complex' retrieved from /home/airflow/.local/lib/python3.12/site-packages/airflow/example_dags/example_complex.py
[2024-11-14T00:17:28.844+0000] {logging_mixin.py:190} INFO - [2024-11-14T00:17:28.844+0000] {dag.py:3239} INFO - Sync 1 DAGs
[2024-11-14T00:17:28.855+0000] {logging_mixin.py:190} INFO - [2024-11-14T00:17:28.855+0000] {dag.py:4180} INFO - Setting next_dagrun for example_complex to None, run_after=None
[2024-11-14T00:17:28.874+0000] {processor.py:208} INFO - Processing /home/airflow/.local/lib/python3.12/site-packages/airflow/example_dags/example_complex.py took 0.062 seconds
[2024-11-14T00:17:59.486+0000] {processor.py:186} INFO - Started process (PID=695) to work on /home/airflow/.local/lib/python3.12/site-packages/airflow/example_dags/example_complex.py
[2024-11-14T00:17:59.487+0000] {processor.py:914} INFO - Processing file /home/airflow/.local/lib/python3.12/site-packages/airflow/example_dags/example_complex.py for tasks to queue
[2024-11-14T00:17:59.488+0000] {logging_mixin.py:190} INFO - [2024-11-14T00:17:59.488+0000] {dagbag.py:588} INFO - Filling up the DagBag from /home/airflow/.local/lib/python3.12/site-packages/airflow/example_dags/example_complex.py
[2024-11-14T00:17:59.494+0000] {processor.py:925} INFO - DAG(s) 'example_complex' retrieved from /home/airflow/.local/lib/python3.12/site-packages/airflow/example_dags/example_complex.py
[2024-11-14T00:17:59.509+0000] {logging_mixin.py:190} INFO - [2024-11-14T00:17:59.509+0000] {dag.py:3239} INFO - Sync 1 DAGs
[2024-11-14T00:17:59.516+0000] {logging_mixin.py:190} INFO - [2024-11-14T00:17:59.516+0000] {dag.py:4180} INFO - Setting next_dagrun for example_complex to None, run_after=None
[2024-11-14T00:17:59.525+0000] {processor.py:208} INFO - Processing /home/airflow/.local/lib/python3.12/site-packages/airflow/example_dags/example_complex.py took 0.044 seconds
[2024-11-14T00:18:29.784+0000] {processor.py:186} INFO - Started process (PID=761) to work on /home/airflow/.local/lib/python3.12/site-packages/airflow/example_dags/example_complex.py
[2024-11-14T00:18:29.785+0000] {processor.py:914} INFO - Processing file /home/airflow/.local/lib/python3.12/site-packages/airflow/example_dags/example_complex.py for tasks to queue
[2024-11-14T00:18:29.787+0000] {logging_mixin.py:190} INFO - [2024-11-14T00:18:29.787+0000] {dagbag.py:588} INFO - Filling up the DagBag from /home/airflow/.local/lib/python3.12/site-packages/airflow/example_dags/example_complex.py
[2024-11-14T00:18:29.792+0000] {processor.py:925} INFO - DAG(s) 'example_complex' retrieved from /home/airflow/.local/lib/python3.12/site-packages/airflow/example_dags/example_complex.py
[2024-11-14T00:18:29.806+0000] {logging_mixin.py:190} INFO - [2024-11-14T00:18:29.805+0000] {dag.py:3239} INFO - Sync 1 DAGs
[2024-11-14T00:18:29.813+0000] {logging_mixin.py:190} INFO - [2024-11-14T00:18:29.813+0000] {dag.py:4180} INFO - Setting next_dagrun for example_complex to None, run_after=None
[2024-11-14T00:18:29.822+0000] {processor.py:208} INFO - Processing /home/airflow/.local/lib/python3.12/site-packages/airflow/example_dags/example_complex.py took 0.040 seconds
[2024-11-14T00:19:00.219+0000] {processor.py:186} INFO - Started process (PID=826) to work on /home/airflow/.local/lib/python3.12/site-packages/airflow/example_dags/example_complex.py
[2024-11-14T00:19:00.220+0000] {processor.py:914} INFO - Processing file /home/airflow/.local/lib/python3.12/site-packages/airflow/example_dags/example_complex.py for tasks to queue
[2024-11-14T00:19:00.224+0000] {logging_mixin.py:190} INFO - [2024-11-14T00:19:00.223+0000] {dagbag.py:588} INFO - Filling up the DagBag from /home/airflow/.local/lib/python3.12/site-packages/airflow/example_dags/example_complex.py
[2024-11-14T00:19:00.230+0000] {processor.py:925} INFO - DAG(s) 'example_complex' retrieved from /home/airflow/.local/lib/python3.12/site-packages/airflow/example_dags/example_complex.py
[2024-11-14T00:19:00.249+0000] {logging_mixin.py:190} INFO - [2024-11-14T00:19:00.249+0000] {dag.py:3239} INFO - Sync 1 DAGs
[2024-11-14T00:19:00.256+0000] {logging_mixin.py:190} INFO - [2024-11-14T00:19:00.256+0000] {dag.py:4180} INFO - Setting next_dagrun for example_complex to None, run_after=None
[2024-11-14T00:19:00.265+0000] {processor.py:208} INFO - Processing /home/airflow/.local/lib/python3.12/site-packages/airflow/example_dags/example_complex.py took 0.050 seconds
[2024-11-14T00:23:10.157+0000] {processor.py:186} INFO - Started process (PID=42) to work on /home/airflow/.local/lib/python3.12/site-packages/airflow/example_dags/example_complex.py
[2024-11-14T00:23:10.158+0000] {processor.py:914} INFO - Processing file /home/airflow/.local/lib/python3.12/site-packages/airflow/example_dags/example_complex.py for tasks to queue
[2024-11-14T00:23:10.160+0000] {logging_mixin.py:190} INFO - [2024-11-14T00:23:10.160+0000] {dagbag.py:588} INFO - Filling up the DagBag from /home/airflow/.local/lib/python3.12/site-packages/airflow/example_dags/example_complex.py
[2024-11-14T00:23:10.172+0000] {processor.py:925} INFO - DAG(s) 'example_complex' retrieved from /home/airflow/.local/lib/python3.12/site-packages/airflow/example_dags/example_complex.py
[2024-11-14T00:23:10.197+0000] {logging_mixin.py:190} INFO - [2024-11-14T00:23:10.197+0000] {dag.py:3239} INFO - Sync 1 DAGs
[2024-11-14T00:23:10.207+0000] {logging_mixin.py:190} INFO - [2024-11-14T00:23:10.207+0000] {dag.py:4180} INFO - Setting next_dagrun for example_complex to None, run_after=None
[2024-11-14T00:23:10.229+0000] {processor.py:208} INFO - Processing /home/airflow/.local/lib/python3.12/site-packages/airflow/example_dags/example_complex.py took 0.078 seconds
[2024-11-14T00:23:40.818+0000] {processor.py:186} INFO - Started process (PID=107) to work on /home/airflow/.local/lib/python3.12/site-packages/airflow/example_dags/example_complex.py
[2024-11-14T00:23:40.818+0000] {processor.py:914} INFO - Processing file /home/airflow/.local/lib/python3.12/site-packages/airflow/example_dags/example_complex.py for tasks to queue
[2024-11-14T00:23:40.820+0000] {logging_mixin.py:190} INFO - [2024-11-14T00:23:40.820+0000] {dagbag.py:588} INFO - Filling up the DagBag from /home/airflow/.local/lib/python3.12/site-packages/airflow/example_dags/example_complex.py
[2024-11-14T00:23:40.826+0000] {processor.py:925} INFO - DAG(s) 'example_complex' retrieved from /home/airflow/.local/lib/python3.12/site-packages/airflow/example_dags/example_complex.py
[2024-11-14T00:23:40.840+0000] {logging_mixin.py:190} INFO - [2024-11-14T00:23:40.840+0000] {dag.py:3239} INFO - Sync 1 DAGs
[2024-11-14T00:23:40.847+0000] {logging_mixin.py:190} INFO - [2024-11-14T00:23:40.847+0000] {dag.py:4180} INFO - Setting next_dagrun for example_complex to None, run_after=None
[2024-11-14T00:23:40.855+0000] {processor.py:208} INFO - Processing /home/airflow/.local/lib/python3.12/site-packages/airflow/example_dags/example_complex.py took 0.041 seconds
[2024-11-14T00:24:11.194+0000] {processor.py:186} INFO - Started process (PID=172) to work on /home/airflow/.local/lib/python3.12/site-packages/airflow/example_dags/example_complex.py
[2024-11-14T00:24:11.195+0000] {processor.py:914} INFO - Processing file /home/airflow/.local/lib/python3.12/site-packages/airflow/example_dags/example_complex.py for tasks to queue
[2024-11-14T00:24:11.196+0000] {logging_mixin.py:190} INFO - [2024-11-14T00:24:11.196+0000] {dagbag.py:588} INFO - Filling up the DagBag from /home/airflow/.local/lib/python3.12/site-packages/airflow/example_dags/example_complex.py
[2024-11-14T00:24:11.204+0000] {processor.py:925} INFO - DAG(s) 'example_complex' retrieved from /home/airflow/.local/lib/python3.12/site-packages/airflow/example_dags/example_complex.py
[2024-11-14T00:24:11.219+0000] {logging_mixin.py:190} INFO - [2024-11-14T00:24:11.219+0000] {dag.py:3239} INFO - Sync 1 DAGs
[2024-11-14T00:24:11.227+0000] {logging_mixin.py:190} INFO - [2024-11-14T00:24:11.227+0000] {dag.py:4180} INFO - Setting next_dagrun for example_complex to None, run_after=None
[2024-11-14T00:24:11.233+0000] {processor.py:208} INFO - Processing /home/airflow/.local/lib/python3.12/site-packages/airflow/example_dags/example_complex.py took 0.042 seconds
[2024-11-14T00:24:41.329+0000] {processor.py:186} INFO - Started process (PID=236) to work on /home/airflow/.local/lib/python3.12/site-packages/airflow/example_dags/example_complex.py
[2024-11-14T00:24:41.331+0000] {processor.py:914} INFO - Processing file /home/airflow/.local/lib/python3.12/site-packages/airflow/example_dags/example_complex.py for tasks to queue
[2024-11-14T00:24:41.332+0000] {logging_mixin.py:190} INFO - [2024-11-14T00:24:41.332+0000] {dagbag.py:588} INFO - Filling up the DagBag from /home/airflow/.local/lib/python3.12/site-packages/airflow/example_dags/example_complex.py
[2024-11-14T00:24:41.337+0000] {processor.py:925} INFO - DAG(s) 'example_complex' retrieved from /home/airflow/.local/lib/python3.12/site-packages/airflow/example_dags/example_complex.py
[2024-11-14T00:24:41.350+0000] {logging_mixin.py:190} INFO - [2024-11-14T00:24:41.350+0000] {dag.py:3239} INFO - Sync 1 DAGs
[2024-11-14T00:24:41.357+0000] {logging_mixin.py:190} INFO - [2024-11-14T00:24:41.357+0000] {dag.py:4180} INFO - Setting next_dagrun for example_complex to None, run_after=None
[2024-11-14T00:24:41.367+0000] {processor.py:208} INFO - Processing /home/airflow/.local/lib/python3.12/site-packages/airflow/example_dags/example_complex.py took 0.041 seconds
[2024-11-14T00:25:11.933+0000] {processor.py:186} INFO - Started process (PID=308) to work on /home/airflow/.local/lib/python3.12/site-packages/airflow/example_dags/example_complex.py
[2024-11-14T00:25:11.934+0000] {processor.py:914} INFO - Processing file /home/airflow/.local/lib/python3.12/site-packages/airflow/example_dags/example_complex.py for tasks to queue
[2024-11-14T00:25:11.935+0000] {logging_mixin.py:190} INFO - [2024-11-14T00:25:11.935+0000] {dagbag.py:588} INFO - Filling up the DagBag from /home/airflow/.local/lib/python3.12/site-packages/airflow/example_dags/example_complex.py
[2024-11-14T00:25:11.940+0000] {processor.py:925} INFO - DAG(s) 'example_complex' retrieved from /home/airflow/.local/lib/python3.12/site-packages/airflow/example_dags/example_complex.py
[2024-11-14T00:25:11.953+0000] {logging_mixin.py:190} INFO - [2024-11-14T00:25:11.953+0000] {dag.py:3239} INFO - Sync 1 DAGs
[2024-11-14T00:25:11.959+0000] {logging_mixin.py:190} INFO - [2024-11-14T00:25:11.959+0000] {dag.py:4180} INFO - Setting next_dagrun for example_complex to None, run_after=None
[2024-11-14T00:25:11.966+0000] {processor.py:208} INFO - Processing /home/airflow/.local/lib/python3.12/site-packages/airflow/example_dags/example_complex.py took 0.036 seconds
[2024-11-14T00:25:42.479+0000] {processor.py:186} INFO - Started process (PID=373) to work on /home/airflow/.local/lib/python3.12/site-packages/airflow/example_dags/example_complex.py
[2024-11-14T00:25:42.479+0000] {processor.py:914} INFO - Processing file /home/airflow/.local/lib/python3.12/site-packages/airflow/example_dags/example_complex.py for tasks to queue
[2024-11-14T00:25:42.481+0000] {logging_mixin.py:190} INFO - [2024-11-14T00:25:42.480+0000] {dagbag.py:588} INFO - Filling up the DagBag from /home/airflow/.local/lib/python3.12/site-packages/airflow/example_dags/example_complex.py
[2024-11-14T00:25:42.488+0000] {processor.py:925} INFO - DAG(s) 'example_complex' retrieved from /home/airflow/.local/lib/python3.12/site-packages/airflow/example_dags/example_complex.py
[2024-11-14T00:25:42.505+0000] {logging_mixin.py:190} INFO - [2024-11-14T00:25:42.505+0000] {dag.py:3239} INFO - Sync 1 DAGs
[2024-11-14T00:25:42.511+0000] {logging_mixin.py:190} INFO - [2024-11-14T00:25:42.511+0000] {dag.py:4180} INFO - Setting next_dagrun for example_complex to None, run_after=None
[2024-11-14T00:25:42.520+0000] {processor.py:208} INFO - Processing /home/airflow/.local/lib/python3.12/site-packages/airflow/example_dags/example_complex.py took 0.045 seconds
[2024-11-14T00:26:12.769+0000] {processor.py:186} INFO - Started process (PID=437) to work on /home/airflow/.local/lib/python3.12/site-packages/airflow/example_dags/example_complex.py
[2024-11-14T00:26:12.771+0000] {processor.py:914} INFO - Processing file /home/airflow/.local/lib/python3.12/site-packages/airflow/example_dags/example_complex.py for tasks to queue
[2024-11-14T00:26:12.773+0000] {logging_mixin.py:190} INFO - [2024-11-14T00:26:12.773+0000] {dagbag.py:588} INFO - Filling up the DagBag from /home/airflow/.local/lib/python3.12/site-packages/airflow/example_dags/example_complex.py
[2024-11-14T00:26:12.779+0000] {processor.py:925} INFO - DAG(s) 'example_complex' retrieved from /home/airflow/.local/lib/python3.12/site-packages/airflow/example_dags/example_complex.py
[2024-11-14T00:26:12.796+0000] {logging_mixin.py:190} INFO - [2024-11-14T00:26:12.795+0000] {dag.py:3239} INFO - Sync 1 DAGs
[2024-11-14T00:26:12.804+0000] {logging_mixin.py:190} INFO - [2024-11-14T00:26:12.804+0000] {dag.py:4180} INFO - Setting next_dagrun for example_complex to None, run_after=None
[2024-11-14T00:26:12.823+0000] {processor.py:208} INFO - Processing /home/airflow/.local/lib/python3.12/site-packages/airflow/example_dags/example_complex.py took 0.057 seconds
[2024-11-14T00:32:41.881+0000] {processor.py:186} INFO - Started process (PID=49) to work on /home/airflow/.local/lib/python3.12/site-packages/airflow/example_dags/example_complex.py
[2024-11-14T00:32:41.881+0000] {processor.py:914} INFO - Processing file /home/airflow/.local/lib/python3.12/site-packages/airflow/example_dags/example_complex.py for tasks to queue
[2024-11-14T00:32:41.883+0000] {logging_mixin.py:190} INFO - [2024-11-14T00:32:41.883+0000] {dagbag.py:588} INFO - Filling up the DagBag from /home/airflow/.local/lib/python3.12/site-packages/airflow/example_dags/example_complex.py
[2024-11-14T00:32:41.890+0000] {processor.py:925} INFO - DAG(s) 'example_complex' retrieved from /home/airflow/.local/lib/python3.12/site-packages/airflow/example_dags/example_complex.py
[2024-11-14T00:32:41.943+0000] {logging_mixin.py:190} INFO - [2024-11-14T00:32:41.943+0000] {override.py:1911} INFO - Created Permission View: can read on DAG:example_complex
[2024-11-14T00:32:41.949+0000] {logging_mixin.py:190} INFO - [2024-11-14T00:32:41.949+0000] {override.py:1911} INFO - Created Permission View: can edit on DAG:example_complex
[2024-11-14T00:32:41.952+0000] {logging_mixin.py:190} INFO - [2024-11-14T00:32:41.952+0000] {override.py:1911} INFO - Created Permission View: can delete on DAG:example_complex
[2024-11-14T00:32:41.956+0000] {logging_mixin.py:190} INFO - [2024-11-14T00:32:41.956+0000] {override.py:1911} INFO - Created Permission View: can read on DAG Run:example_complex
[2024-11-14T00:32:41.960+0000] {logging_mixin.py:190} INFO - [2024-11-14T00:32:41.960+0000] {override.py:1911} INFO - Created Permission View: can create on DAG Run:example_complex
[2024-11-14T00:32:41.963+0000] {logging_mixin.py:190} INFO - [2024-11-14T00:32:41.963+0000] {override.py:1911} INFO - Created Permission View: menu access on DAG Run:example_complex
[2024-11-14T00:32:41.965+0000] {logging_mixin.py:190} INFO - [2024-11-14T00:32:41.965+0000] {override.py:1911} INFO - Created Permission View: can delete on DAG Run:example_complex
[2024-11-14T00:32:41.965+0000] {logging_mixin.py:190} INFO - [2024-11-14T00:32:41.965+0000] {dag.py:3239} INFO - Sync 1 DAGs
[2024-11-14T00:32:41.972+0000] {logging_mixin.py:190} INFO - [2024-11-14T00:32:41.972+0000] {dag.py:3262} INFO - Creating ORM DAG for example_complex
[2024-11-14T00:32:41.972+0000] {logging_mixin.py:190} INFO - [2024-11-14T00:32:41.972+0000] {dag.py:4180} INFO - Setting next_dagrun for example_complex to None, run_after=None
[2024-11-14T00:32:41.979+0000] {processor.py:208} INFO - Processing /home/airflow/.local/lib/python3.12/site-packages/airflow/example_dags/example_complex.py took 0.101 seconds
[2024-11-14T00:33:12.211+0000] {processor.py:186} INFO - Started process (PID=113) to work on /home/airflow/.local/lib/python3.12/site-packages/airflow/example_dags/example_complex.py
[2024-11-14T00:33:12.214+0000] {processor.py:914} INFO - Processing file /home/airflow/.local/lib/python3.12/site-packages/airflow/example_dags/example_complex.py for tasks to queue
[2024-11-14T00:33:12.215+0000] {logging_mixin.py:190} INFO - [2024-11-14T00:33:12.215+0000] {dagbag.py:588} INFO - Filling up the DagBag from /home/airflow/.local/lib/python3.12/site-packages/airflow/example_dags/example_complex.py
[2024-11-14T00:33:12.221+0000] {processor.py:925} INFO - DAG(s) 'example_complex' retrieved from /home/airflow/.local/lib/python3.12/site-packages/airflow/example_dags/example_complex.py
[2024-11-14T00:33:12.238+0000] {logging_mixin.py:190} INFO - [2024-11-14T00:33:12.237+0000] {dag.py:3239} INFO - Sync 1 DAGs
[2024-11-14T00:33:12.244+0000] {logging_mixin.py:190} INFO - [2024-11-14T00:33:12.243+0000] {dag.py:4180} INFO - Setting next_dagrun for example_complex to None, run_after=None
[2024-11-14T00:33:12.253+0000] {processor.py:208} INFO - Processing /home/airflow/.local/lib/python3.12/site-packages/airflow/example_dags/example_complex.py took 0.045 seconds
[2024-11-14T00:33:43.134+0000] {processor.py:186} INFO - Started process (PID=178) to work on /home/airflow/.local/lib/python3.12/site-packages/airflow/example_dags/example_complex.py
[2024-11-14T00:33:43.139+0000] {processor.py:914} INFO - Processing file /home/airflow/.local/lib/python3.12/site-packages/airflow/example_dags/example_complex.py for tasks to queue
[2024-11-14T00:33:43.141+0000] {logging_mixin.py:190} INFO - [2024-11-14T00:33:43.141+0000] {dagbag.py:588} INFO - Filling up the DagBag from /home/airflow/.local/lib/python3.12/site-packages/airflow/example_dags/example_complex.py
[2024-11-14T00:33:43.154+0000] {processor.py:925} INFO - DAG(s) 'example_complex' retrieved from /home/airflow/.local/lib/python3.12/site-packages/airflow/example_dags/example_complex.py
[2024-11-14T00:33:43.203+0000] {logging_mixin.py:190} INFO - [2024-11-14T00:33:43.203+0000] {dag.py:3239} INFO - Sync 1 DAGs
[2024-11-14T00:33:43.219+0000] {logging_mixin.py:190} INFO - [2024-11-14T00:33:43.219+0000] {dag.py:4180} INFO - Setting next_dagrun for example_complex to None, run_after=None
[2024-11-14T00:33:43.237+0000] {processor.py:208} INFO - Processing /home/airflow/.local/lib/python3.12/site-packages/airflow/example_dags/example_complex.py took 0.110 seconds
