[2024-11-14T00:02:19.521+0000] {processor.py:186} INFO - Started process (PID=77) to work on /home/airflow/.local/lib/python3.12/site-packages/airflow/example_dags/example_python_operator.py
[2024-11-14T00:02:19.522+0000] {processor.py:914} INFO - Processing file /home/airflow/.local/lib/python3.12/site-packages/airflow/example_dags/example_python_operator.py for tasks to queue
[2024-11-14T00:02:19.523+0000] {logging_mixin.py:190} INFO - [2024-11-14T00:02:19.523+0000] {dagbag.py:588} INFO - Filling up the DagBag from /home/airflow/.local/lib/python3.12/site-packages/airflow/example_dags/example_python_operator.py
[2024-11-14T00:02:19.530+0000] {processor.py:925} INFO - DAG(s) 'example_python_operator' retrieved from /home/airflow/.local/lib/python3.12/site-packages/airflow/example_dags/example_python_operator.py
[2024-11-14T00:02:19.571+0000] {logging_mixin.py:190} INFO - [2024-11-14T00:02:19.571+0000] {override.py:1911} INFO - Created Permission View: can delete on DAG:example_python_operator
[2024-11-14T00:02:19.576+0000] {logging_mixin.py:190} INFO - [2024-11-14T00:02:19.575+0000] {override.py:1911} INFO - Created Permission View: can read on DAG:example_python_operator
[2024-11-14T00:02:19.579+0000] {logging_mixin.py:190} INFO - [2024-11-14T00:02:19.579+0000] {override.py:1911} INFO - Created Permission View: can edit on DAG:example_python_operator
[2024-11-14T00:02:19.581+0000] {logging_mixin.py:190} INFO - [2024-11-14T00:02:19.581+0000] {override.py:1911} INFO - Created Permission View: can create on DAG Run:example_python_operator
[2024-11-14T00:02:19.584+0000] {logging_mixin.py:190} INFO - [2024-11-14T00:02:19.584+0000] {override.py:1911} INFO - Created Permission View: can delete on DAG Run:example_python_operator
[2024-11-14T00:02:19.586+0000] {logging_mixin.py:190} INFO - [2024-11-14T00:02:19.586+0000] {override.py:1911} INFO - Created Permission View: menu access on DAG Run:example_python_operator
[2024-11-14T00:02:19.588+0000] {logging_mixin.py:190} INFO - [2024-11-14T00:02:19.588+0000] {override.py:1911} INFO - Created Permission View: can read on DAG Run:example_python_operator
[2024-11-14T00:02:19.588+0000] {logging_mixin.py:190} INFO - [2024-11-14T00:02:19.588+0000] {dag.py:3239} INFO - Sync 1 DAGs
[2024-11-14T00:02:19.594+0000] {logging_mixin.py:190} INFO - [2024-11-14T00:02:19.593+0000] {dag.py:3262} INFO - Creating ORM DAG for example_python_operator
[2024-11-14T00:02:19.595+0000] {logging_mixin.py:190} INFO - [2024-11-14T00:02:19.595+0000] {dag.py:4180} INFO - Setting next_dagrun for example_python_operator to None, run_after=None
[2024-11-14T00:02:19.600+0000] {processor.py:208} INFO - Processing /home/airflow/.local/lib/python3.12/site-packages/airflow/example_dags/example_python_operator.py took 0.082 seconds
[2024-11-14T00:02:50.850+0000] {processor.py:186} INFO - Started process (PID=139) to work on /home/airflow/.local/lib/python3.12/site-packages/airflow/example_dags/example_python_operator.py
[2024-11-14T00:02:50.854+0000] {processor.py:914} INFO - Processing file /home/airflow/.local/lib/python3.12/site-packages/airflow/example_dags/example_python_operator.py for tasks to queue
[2024-11-14T00:02:50.856+0000] {logging_mixin.py:190} INFO - [2024-11-14T00:02:50.855+0000] {dagbag.py:588} INFO - Filling up the DagBag from /home/airflow/.local/lib/python3.12/site-packages/airflow/example_dags/example_python_operator.py
[2024-11-14T00:02:50.868+0000] {processor.py:925} INFO - DAG(s) 'example_python_operator' retrieved from /home/airflow/.local/lib/python3.12/site-packages/airflow/example_dags/example_python_operator.py
[2024-11-14T00:02:50.881+0000] {logging_mixin.py:190} INFO - [2024-11-14T00:02:50.880+0000] {dag.py:3239} INFO - Sync 1 DAGs
[2024-11-14T00:02:50.887+0000] {logging_mixin.py:190} INFO - [2024-11-14T00:02:50.887+0000] {dag.py:4180} INFO - Setting next_dagrun for example_python_operator to None, run_after=None
[2024-11-14T00:02:50.896+0000] {processor.py:208} INFO - Processing /home/airflow/.local/lib/python3.12/site-packages/airflow/example_dags/example_python_operator.py took 0.048 seconds
[2024-11-14T00:03:21.253+0000] {processor.py:186} INFO - Started process (PID=206) to work on /home/airflow/.local/lib/python3.12/site-packages/airflow/example_dags/example_python_operator.py
[2024-11-14T00:03:21.254+0000] {processor.py:914} INFO - Processing file /home/airflow/.local/lib/python3.12/site-packages/airflow/example_dags/example_python_operator.py for tasks to queue
[2024-11-14T00:03:21.255+0000] {logging_mixin.py:190} INFO - [2024-11-14T00:03:21.255+0000] {dagbag.py:588} INFO - Filling up the DagBag from /home/airflow/.local/lib/python3.12/site-packages/airflow/example_dags/example_python_operator.py
[2024-11-14T00:03:21.261+0000] {processor.py:925} INFO - DAG(s) 'example_python_operator' retrieved from /home/airflow/.local/lib/python3.12/site-packages/airflow/example_dags/example_python_operator.py
[2024-11-14T00:03:21.271+0000] {logging_mixin.py:190} INFO - [2024-11-14T00:03:21.271+0000] {dag.py:3239} INFO - Sync 1 DAGs
[2024-11-14T00:03:21.278+0000] {logging_mixin.py:190} INFO - [2024-11-14T00:03:21.278+0000] {dag.py:4180} INFO - Setting next_dagrun for example_python_operator to None, run_after=None
[2024-11-14T00:03:21.287+0000] {processor.py:208} INFO - Processing /home/airflow/.local/lib/python3.12/site-packages/airflow/example_dags/example_python_operator.py took 0.036 seconds
[2024-11-14T00:03:51.642+0000] {processor.py:186} INFO - Started process (PID=269) to work on /home/airflow/.local/lib/python3.12/site-packages/airflow/example_dags/example_python_operator.py
[2024-11-14T00:03:51.643+0000] {processor.py:914} INFO - Processing file /home/airflow/.local/lib/python3.12/site-packages/airflow/example_dags/example_python_operator.py for tasks to queue
[2024-11-14T00:03:51.644+0000] {logging_mixin.py:190} INFO - [2024-11-14T00:03:51.644+0000] {dagbag.py:588} INFO - Filling up the DagBag from /home/airflow/.local/lib/python3.12/site-packages/airflow/example_dags/example_python_operator.py
[2024-11-14T00:03:51.650+0000] {processor.py:925} INFO - DAG(s) 'example_python_operator' retrieved from /home/airflow/.local/lib/python3.12/site-packages/airflow/example_dags/example_python_operator.py
[2024-11-14T00:03:51.662+0000] {logging_mixin.py:190} INFO - [2024-11-14T00:03:51.662+0000] {dag.py:3239} INFO - Sync 1 DAGs
[2024-11-14T00:03:51.668+0000] {logging_mixin.py:190} INFO - [2024-11-14T00:03:51.668+0000] {dag.py:4180} INFO - Setting next_dagrun for example_python_operator to None, run_after=None
[2024-11-14T00:03:51.675+0000] {processor.py:208} INFO - Processing /home/airflow/.local/lib/python3.12/site-packages/airflow/example_dags/example_python_operator.py took 0.035 seconds
[2024-11-14T00:04:21.930+0000] {processor.py:186} INFO - Started process (PID=332) to work on /home/airflow/.local/lib/python3.12/site-packages/airflow/example_dags/example_python_operator.py
[2024-11-14T00:04:21.931+0000] {processor.py:914} INFO - Processing file /home/airflow/.local/lib/python3.12/site-packages/airflow/example_dags/example_python_operator.py for tasks to queue
[2024-11-14T00:04:21.932+0000] {logging_mixin.py:190} INFO - [2024-11-14T00:04:21.932+0000] {dagbag.py:588} INFO - Filling up the DagBag from /home/airflow/.local/lib/python3.12/site-packages/airflow/example_dags/example_python_operator.py
[2024-11-14T00:04:21.939+0000] {processor.py:925} INFO - DAG(s) 'example_python_operator' retrieved from /home/airflow/.local/lib/python3.12/site-packages/airflow/example_dags/example_python_operator.py
[2024-11-14T00:04:21.948+0000] {logging_mixin.py:190} INFO - [2024-11-14T00:04:21.948+0000] {dag.py:3239} INFO - Sync 1 DAGs
[2024-11-14T00:04:21.955+0000] {logging_mixin.py:190} INFO - [2024-11-14T00:04:21.955+0000] {dag.py:4180} INFO - Setting next_dagrun for example_python_operator to None, run_after=None
[2024-11-14T00:04:21.963+0000] {processor.py:208} INFO - Processing /home/airflow/.local/lib/python3.12/site-packages/airflow/example_dags/example_python_operator.py took 0.035 seconds
[2024-11-14T00:04:53.028+0000] {processor.py:186} INFO - Started process (PID=394) to work on /home/airflow/.local/lib/python3.12/site-packages/airflow/example_dags/example_python_operator.py
[2024-11-14T00:04:53.029+0000] {processor.py:914} INFO - Processing file /home/airflow/.local/lib/python3.12/site-packages/airflow/example_dags/example_python_operator.py for tasks to queue
[2024-11-14T00:04:53.030+0000] {logging_mixin.py:190} INFO - [2024-11-14T00:04:53.029+0000] {dagbag.py:588} INFO - Filling up the DagBag from /home/airflow/.local/lib/python3.12/site-packages/airflow/example_dags/example_python_operator.py
[2024-11-14T00:04:53.035+0000] {processor.py:925} INFO - DAG(s) 'example_python_operator' retrieved from /home/airflow/.local/lib/python3.12/site-packages/airflow/example_dags/example_python_operator.py
[2024-11-14T00:04:53.044+0000] {logging_mixin.py:190} INFO - [2024-11-14T00:04:53.044+0000] {dag.py:3239} INFO - Sync 1 DAGs
[2024-11-14T00:04:53.049+0000] {logging_mixin.py:190} INFO - [2024-11-14T00:04:53.049+0000] {dag.py:4180} INFO - Setting next_dagrun for example_python_operator to None, run_after=None
[2024-11-14T00:04:53.055+0000] {processor.py:208} INFO - Processing /home/airflow/.local/lib/python3.12/site-packages/airflow/example_dags/example_python_operator.py took 0.030 seconds
[2024-11-14T00:05:24.310+0000] {processor.py:186} INFO - Started process (PID=457) to work on /home/airflow/.local/lib/python3.12/site-packages/airflow/example_dags/example_python_operator.py
[2024-11-14T00:05:24.311+0000] {processor.py:914} INFO - Processing file /home/airflow/.local/lib/python3.12/site-packages/airflow/example_dags/example_python_operator.py for tasks to queue
[2024-11-14T00:05:24.312+0000] {logging_mixin.py:190} INFO - [2024-11-14T00:05:24.312+0000] {dagbag.py:588} INFO - Filling up the DagBag from /home/airflow/.local/lib/python3.12/site-packages/airflow/example_dags/example_python_operator.py
[2024-11-14T00:05:24.317+0000] {processor.py:925} INFO - DAG(s) 'example_python_operator' retrieved from /home/airflow/.local/lib/python3.12/site-packages/airflow/example_dags/example_python_operator.py
[2024-11-14T00:05:24.326+0000] {logging_mixin.py:190} INFO - [2024-11-14T00:05:24.326+0000] {dag.py:3239} INFO - Sync 1 DAGs
[2024-11-14T00:05:24.331+0000] {logging_mixin.py:190} INFO - [2024-11-14T00:05:24.331+0000] {dag.py:4180} INFO - Setting next_dagrun for example_python_operator to None, run_after=None
[2024-11-14T00:05:24.339+0000] {processor.py:208} INFO - Processing /home/airflow/.local/lib/python3.12/site-packages/airflow/example_dags/example_python_operator.py took 0.030 seconds
[2024-11-14T00:05:55.807+0000] {processor.py:186} INFO - Started process (PID=520) to work on /home/airflow/.local/lib/python3.12/site-packages/airflow/example_dags/example_python_operator.py
[2024-11-14T00:05:55.808+0000] {processor.py:914} INFO - Processing file /home/airflow/.local/lib/python3.12/site-packages/airflow/example_dags/example_python_operator.py for tasks to queue
[2024-11-14T00:05:55.809+0000] {logging_mixin.py:190} INFO - [2024-11-14T00:05:55.808+0000] {dagbag.py:588} INFO - Filling up the DagBag from /home/airflow/.local/lib/python3.12/site-packages/airflow/example_dags/example_python_operator.py
[2024-11-14T00:05:55.815+0000] {processor.py:925} INFO - DAG(s) 'example_python_operator' retrieved from /home/airflow/.local/lib/python3.12/site-packages/airflow/example_dags/example_python_operator.py
[2024-11-14T00:05:55.823+0000] {logging_mixin.py:190} INFO - [2024-11-14T00:05:55.823+0000] {dag.py:3239} INFO - Sync 1 DAGs
[2024-11-14T00:05:55.830+0000] {logging_mixin.py:190} INFO - [2024-11-14T00:05:55.830+0000] {dag.py:4180} INFO - Setting next_dagrun for example_python_operator to None, run_after=None
[2024-11-14T00:05:55.836+0000] {processor.py:208} INFO - Processing /home/airflow/.local/lib/python3.12/site-packages/airflow/example_dags/example_python_operator.py took 0.031 seconds
[2024-11-14T00:06:26.092+0000] {processor.py:186} INFO - Started process (PID=583) to work on /home/airflow/.local/lib/python3.12/site-packages/airflow/example_dags/example_python_operator.py
[2024-11-14T00:06:26.092+0000] {processor.py:914} INFO - Processing file /home/airflow/.local/lib/python3.12/site-packages/airflow/example_dags/example_python_operator.py for tasks to queue
[2024-11-14T00:06:26.095+0000] {logging_mixin.py:190} INFO - [2024-11-14T00:06:26.095+0000] {dagbag.py:588} INFO - Filling up the DagBag from /home/airflow/.local/lib/python3.12/site-packages/airflow/example_dags/example_python_operator.py
[2024-11-14T00:06:26.100+0000] {processor.py:925} INFO - DAG(s) 'example_python_operator' retrieved from /home/airflow/.local/lib/python3.12/site-packages/airflow/example_dags/example_python_operator.py
[2024-11-14T00:06:26.108+0000] {logging_mixin.py:190} INFO - [2024-11-14T00:06:26.108+0000] {dag.py:3239} INFO - Sync 1 DAGs
[2024-11-14T00:06:26.113+0000] {logging_mixin.py:190} INFO - [2024-11-14T00:06:26.113+0000] {dag.py:4180} INFO - Setting next_dagrun for example_python_operator to None, run_after=None
[2024-11-14T00:06:26.119+0000] {processor.py:208} INFO - Processing /home/airflow/.local/lib/python3.12/site-packages/airflow/example_dags/example_python_operator.py took 0.029 seconds
[2024-11-14T00:06:57.337+0000] {processor.py:186} INFO - Started process (PID=645) to work on /home/airflow/.local/lib/python3.12/site-packages/airflow/example_dags/example_python_operator.py
[2024-11-14T00:06:57.338+0000] {processor.py:914} INFO - Processing file /home/airflow/.local/lib/python3.12/site-packages/airflow/example_dags/example_python_operator.py for tasks to queue
[2024-11-14T00:06:57.339+0000] {logging_mixin.py:190} INFO - [2024-11-14T00:06:57.339+0000] {dagbag.py:588} INFO - Filling up the DagBag from /home/airflow/.local/lib/python3.12/site-packages/airflow/example_dags/example_python_operator.py
[2024-11-14T00:06:57.344+0000] {processor.py:925} INFO - DAG(s) 'example_python_operator' retrieved from /home/airflow/.local/lib/python3.12/site-packages/airflow/example_dags/example_python_operator.py
[2024-11-14T00:06:57.353+0000] {logging_mixin.py:190} INFO - [2024-11-14T00:06:57.353+0000] {dag.py:3239} INFO - Sync 1 DAGs
[2024-11-14T00:06:57.359+0000] {logging_mixin.py:190} INFO - [2024-11-14T00:06:57.359+0000] {dag.py:4180} INFO - Setting next_dagrun for example_python_operator to None, run_after=None
[2024-11-14T00:06:57.365+0000] {processor.py:208} INFO - Processing /home/airflow/.local/lib/python3.12/site-packages/airflow/example_dags/example_python_operator.py took 0.031 seconds
[2024-11-14T00:07:28.634+0000] {processor.py:186} INFO - Started process (PID=708) to work on /home/airflow/.local/lib/python3.12/site-packages/airflow/example_dags/example_python_operator.py
[2024-11-14T00:07:28.635+0000] {processor.py:914} INFO - Processing file /home/airflow/.local/lib/python3.12/site-packages/airflow/example_dags/example_python_operator.py for tasks to queue
[2024-11-14T00:07:28.636+0000] {logging_mixin.py:190} INFO - [2024-11-14T00:07:28.636+0000] {dagbag.py:588} INFO - Filling up the DagBag from /home/airflow/.local/lib/python3.12/site-packages/airflow/example_dags/example_python_operator.py
[2024-11-14T00:07:28.641+0000] {processor.py:925} INFO - DAG(s) 'example_python_operator' retrieved from /home/airflow/.local/lib/python3.12/site-packages/airflow/example_dags/example_python_operator.py
[2024-11-14T00:07:28.649+0000] {logging_mixin.py:190} INFO - [2024-11-14T00:07:28.649+0000] {dag.py:3239} INFO - Sync 1 DAGs
[2024-11-14T00:07:28.655+0000] {logging_mixin.py:190} INFO - [2024-11-14T00:07:28.655+0000] {dag.py:4180} INFO - Setting next_dagrun for example_python_operator to None, run_after=None
[2024-11-14T00:07:28.661+0000] {processor.py:208} INFO - Processing /home/airflow/.local/lib/python3.12/site-packages/airflow/example_dags/example_python_operator.py took 0.029 seconds
[2024-11-14T00:07:59.091+0000] {processor.py:186} INFO - Started process (PID=771) to work on /home/airflow/.local/lib/python3.12/site-packages/airflow/example_dags/example_python_operator.py
[2024-11-14T00:07:59.091+0000] {processor.py:914} INFO - Processing file /home/airflow/.local/lib/python3.12/site-packages/airflow/example_dags/example_python_operator.py for tasks to queue
[2024-11-14T00:07:59.092+0000] {logging_mixin.py:190} INFO - [2024-11-14T00:07:59.092+0000] {dagbag.py:588} INFO - Filling up the DagBag from /home/airflow/.local/lib/python3.12/site-packages/airflow/example_dags/example_python_operator.py
[2024-11-14T00:07:59.097+0000] {processor.py:925} INFO - DAG(s) 'example_python_operator' retrieved from /home/airflow/.local/lib/python3.12/site-packages/airflow/example_dags/example_python_operator.py
[2024-11-14T00:07:59.106+0000] {logging_mixin.py:190} INFO - [2024-11-14T00:07:59.106+0000] {dag.py:3239} INFO - Sync 1 DAGs
[2024-11-14T00:07:59.112+0000] {logging_mixin.py:190} INFO - [2024-11-14T00:07:59.112+0000] {dag.py:4180} INFO - Setting next_dagrun for example_python_operator to None, run_after=None
[2024-11-14T00:07:59.118+0000] {processor.py:208} INFO - Processing /home/airflow/.local/lib/python3.12/site-packages/airflow/example_dags/example_python_operator.py took 0.030 seconds
[2024-11-14T00:08:30.433+0000] {processor.py:186} INFO - Started process (PID=834) to work on /home/airflow/.local/lib/python3.12/site-packages/airflow/example_dags/example_python_operator.py
[2024-11-14T00:08:30.433+0000] {processor.py:914} INFO - Processing file /home/airflow/.local/lib/python3.12/site-packages/airflow/example_dags/example_python_operator.py for tasks to queue
[2024-11-14T00:08:30.435+0000] {logging_mixin.py:190} INFO - [2024-11-14T00:08:30.435+0000] {dagbag.py:588} INFO - Filling up the DagBag from /home/airflow/.local/lib/python3.12/site-packages/airflow/example_dags/example_python_operator.py
[2024-11-14T00:08:30.441+0000] {processor.py:925} INFO - DAG(s) 'example_python_operator' retrieved from /home/airflow/.local/lib/python3.12/site-packages/airflow/example_dags/example_python_operator.py
[2024-11-14T00:08:30.450+0000] {logging_mixin.py:190} INFO - [2024-11-14T00:08:30.450+0000] {dag.py:3239} INFO - Sync 1 DAGs
[2024-11-14T00:08:30.456+0000] {logging_mixin.py:190} INFO - [2024-11-14T00:08:30.456+0000] {dag.py:4180} INFO - Setting next_dagrun for example_python_operator to None, run_after=None
[2024-11-14T00:08:30.462+0000] {processor.py:208} INFO - Processing /home/airflow/.local/lib/python3.12/site-packages/airflow/example_dags/example_python_operator.py took 0.032 seconds
[2024-11-14T00:09:01.730+0000] {processor.py:186} INFO - Started process (PID=897) to work on /home/airflow/.local/lib/python3.12/site-packages/airflow/example_dags/example_python_operator.py
[2024-11-14T00:09:01.731+0000] {processor.py:914} INFO - Processing file /home/airflow/.local/lib/python3.12/site-packages/airflow/example_dags/example_python_operator.py for tasks to queue
[2024-11-14T00:09:01.732+0000] {logging_mixin.py:190} INFO - [2024-11-14T00:09:01.732+0000] {dagbag.py:588} INFO - Filling up the DagBag from /home/airflow/.local/lib/python3.12/site-packages/airflow/example_dags/example_python_operator.py
[2024-11-14T00:09:01.737+0000] {processor.py:925} INFO - DAG(s) 'example_python_operator' retrieved from /home/airflow/.local/lib/python3.12/site-packages/airflow/example_dags/example_python_operator.py
[2024-11-14T00:09:01.745+0000] {logging_mixin.py:190} INFO - [2024-11-14T00:09:01.745+0000] {dag.py:3239} INFO - Sync 1 DAGs
[2024-11-14T00:09:01.751+0000] {logging_mixin.py:190} INFO - [2024-11-14T00:09:01.751+0000] {dag.py:4180} INFO - Setting next_dagrun for example_python_operator to None, run_after=None
[2024-11-14T00:09:01.757+0000] {processor.py:208} INFO - Processing /home/airflow/.local/lib/python3.12/site-packages/airflow/example_dags/example_python_operator.py took 0.029 seconds
[2024-11-14T00:09:32.957+0000] {processor.py:186} INFO - Started process (PID=960) to work on /home/airflow/.local/lib/python3.12/site-packages/airflow/example_dags/example_python_operator.py
[2024-11-14T00:09:32.957+0000] {processor.py:914} INFO - Processing file /home/airflow/.local/lib/python3.12/site-packages/airflow/example_dags/example_python_operator.py for tasks to queue
[2024-11-14T00:09:32.958+0000] {logging_mixin.py:190} INFO - [2024-11-14T00:09:32.958+0000] {dagbag.py:588} INFO - Filling up the DagBag from /home/airflow/.local/lib/python3.12/site-packages/airflow/example_dags/example_python_operator.py
[2024-11-14T00:09:32.963+0000] {processor.py:925} INFO - DAG(s) 'example_python_operator' retrieved from /home/airflow/.local/lib/python3.12/site-packages/airflow/example_dags/example_python_operator.py
[2024-11-14T00:09:32.972+0000] {logging_mixin.py:190} INFO - [2024-11-14T00:09:32.972+0000] {dag.py:3239} INFO - Sync 1 DAGs
[2024-11-14T00:09:32.978+0000] {logging_mixin.py:190} INFO - [2024-11-14T00:09:32.978+0000] {dag.py:4180} INFO - Setting next_dagrun for example_python_operator to None, run_after=None
[2024-11-14T00:09:32.985+0000] {processor.py:208} INFO - Processing /home/airflow/.local/lib/python3.12/site-packages/airflow/example_dags/example_python_operator.py took 0.031 seconds
[2024-11-14T00:12:57.018+0000] {processor.py:186} INFO - Started process (PID=77) to work on /home/airflow/.local/lib/python3.12/site-packages/airflow/example_dags/example_python_operator.py
[2024-11-14T00:12:57.018+0000] {processor.py:914} INFO - Processing file /home/airflow/.local/lib/python3.12/site-packages/airflow/example_dags/example_python_operator.py for tasks to queue
[2024-11-14T00:12:57.019+0000] {logging_mixin.py:190} INFO - [2024-11-14T00:12:57.019+0000] {dagbag.py:588} INFO - Filling up the DagBag from /home/airflow/.local/lib/python3.12/site-packages/airflow/example_dags/example_python_operator.py
[2024-11-14T00:12:57.026+0000] {processor.py:925} INFO - DAG(s) 'example_python_operator' retrieved from /home/airflow/.local/lib/python3.12/site-packages/airflow/example_dags/example_python_operator.py
[2024-11-14T00:12:57.078+0000] {logging_mixin.py:190} INFO - [2024-11-14T00:12:57.078+0000] {override.py:1911} INFO - Created Permission View: can delete on DAG:example_python_operator
[2024-11-14T00:12:57.084+0000] {logging_mixin.py:190} INFO - [2024-11-14T00:12:57.084+0000] {override.py:1911} INFO - Created Permission View: can read on DAG:example_python_operator
[2024-11-14T00:12:57.089+0000] {logging_mixin.py:190} INFO - [2024-11-14T00:12:57.089+0000] {override.py:1911} INFO - Created Permission View: can edit on DAG:example_python_operator
[2024-11-14T00:12:57.093+0000] {logging_mixin.py:190} INFO - [2024-11-14T00:12:57.093+0000] {override.py:1911} INFO - Created Permission View: can delete on DAG Run:example_python_operator
[2024-11-14T00:12:57.096+0000] {logging_mixin.py:190} INFO - [2024-11-14T00:12:57.096+0000] {override.py:1911} INFO - Created Permission View: can read on DAG Run:example_python_operator
[2024-11-14T00:12:57.100+0000] {logging_mixin.py:190} INFO - [2024-11-14T00:12:57.100+0000] {override.py:1911} INFO - Created Permission View: can create on DAG Run:example_python_operator
[2024-11-14T00:12:57.105+0000] {logging_mixin.py:190} INFO - [2024-11-14T00:12:57.104+0000] {override.py:1911} INFO - Created Permission View: menu access on DAG Run:example_python_operator
[2024-11-14T00:12:57.105+0000] {logging_mixin.py:190} INFO - [2024-11-14T00:12:57.105+0000] {dag.py:3239} INFO - Sync 1 DAGs
[2024-11-14T00:12:57.110+0000] {logging_mixin.py:190} INFO - [2024-11-14T00:12:57.110+0000] {dag.py:3262} INFO - Creating ORM DAG for example_python_operator
[2024-11-14T00:12:57.112+0000] {logging_mixin.py:190} INFO - [2024-11-14T00:12:57.112+0000] {dag.py:4180} INFO - Setting next_dagrun for example_python_operator to None, run_after=None
[2024-11-14T00:12:57.120+0000] {processor.py:208} INFO - Processing /home/airflow/.local/lib/python3.12/site-packages/airflow/example_dags/example_python_operator.py took 0.104 seconds
[2024-11-14T00:13:27.289+0000] {processor.py:186} INFO - Started process (PID=140) to work on /home/airflow/.local/lib/python3.12/site-packages/airflow/example_dags/example_python_operator.py
[2024-11-14T00:13:27.289+0000] {processor.py:914} INFO - Processing file /home/airflow/.local/lib/python3.12/site-packages/airflow/example_dags/example_python_operator.py for tasks to queue
[2024-11-14T00:13:27.291+0000] {logging_mixin.py:190} INFO - [2024-11-14T00:13:27.291+0000] {dagbag.py:588} INFO - Filling up the DagBag from /home/airflow/.local/lib/python3.12/site-packages/airflow/example_dags/example_python_operator.py
[2024-11-14T00:13:27.298+0000] {processor.py:925} INFO - DAG(s) 'example_python_operator' retrieved from /home/airflow/.local/lib/python3.12/site-packages/airflow/example_dags/example_python_operator.py
[2024-11-14T00:13:27.309+0000] {logging_mixin.py:190} INFO - [2024-11-14T00:13:27.309+0000] {dag.py:3239} INFO - Sync 1 DAGs
[2024-11-14T00:13:27.315+0000] {logging_mixin.py:190} INFO - [2024-11-14T00:13:27.315+0000] {dag.py:4180} INFO - Setting next_dagrun for example_python_operator to None, run_after=None
[2024-11-14T00:13:27.324+0000] {processor.py:208} INFO - Processing /home/airflow/.local/lib/python3.12/site-packages/airflow/example_dags/example_python_operator.py took 0.037 seconds
[2024-11-14T00:13:57.764+0000] {processor.py:186} INFO - Started process (PID=203) to work on /home/airflow/.local/lib/python3.12/site-packages/airflow/example_dags/example_python_operator.py
[2024-11-14T00:13:57.764+0000] {processor.py:914} INFO - Processing file /home/airflow/.local/lib/python3.12/site-packages/airflow/example_dags/example_python_operator.py for tasks to queue
[2024-11-14T00:13:57.765+0000] {logging_mixin.py:190} INFO - [2024-11-14T00:13:57.765+0000] {dagbag.py:588} INFO - Filling up the DagBag from /home/airflow/.local/lib/python3.12/site-packages/airflow/example_dags/example_python_operator.py
[2024-11-14T00:13:57.770+0000] {processor.py:925} INFO - DAG(s) 'example_python_operator' retrieved from /home/airflow/.local/lib/python3.12/site-packages/airflow/example_dags/example_python_operator.py
[2024-11-14T00:13:57.778+0000] {logging_mixin.py:190} INFO - [2024-11-14T00:13:57.778+0000] {dag.py:3239} INFO - Sync 1 DAGs
[2024-11-14T00:13:57.783+0000] {logging_mixin.py:190} INFO - [2024-11-14T00:13:57.783+0000] {dag.py:4180} INFO - Setting next_dagrun for example_python_operator to None, run_after=None
[2024-11-14T00:13:57.788+0000] {processor.py:208} INFO - Processing /home/airflow/.local/lib/python3.12/site-packages/airflow/example_dags/example_python_operator.py took 0.027 seconds
[2024-11-14T00:14:28.420+0000] {processor.py:186} INFO - Started process (PID=269) to work on /home/airflow/.local/lib/python3.12/site-packages/airflow/example_dags/example_python_operator.py
[2024-11-14T00:14:28.420+0000] {processor.py:914} INFO - Processing file /home/airflow/.local/lib/python3.12/site-packages/airflow/example_dags/example_python_operator.py for tasks to queue
[2024-11-14T00:14:28.421+0000] {logging_mixin.py:190} INFO - [2024-11-14T00:14:28.421+0000] {dagbag.py:588} INFO - Filling up the DagBag from /home/airflow/.local/lib/python3.12/site-packages/airflow/example_dags/example_python_operator.py
[2024-11-14T00:14:28.427+0000] {processor.py:925} INFO - DAG(s) 'example_python_operator' retrieved from /home/airflow/.local/lib/python3.12/site-packages/airflow/example_dags/example_python_operator.py
[2024-11-14T00:14:28.436+0000] {logging_mixin.py:190} INFO - [2024-11-14T00:14:28.436+0000] {dag.py:3239} INFO - Sync 1 DAGs
[2024-11-14T00:14:28.442+0000] {logging_mixin.py:190} INFO - [2024-11-14T00:14:28.442+0000] {dag.py:4180} INFO - Setting next_dagrun for example_python_operator to None, run_after=None
[2024-11-14T00:14:28.449+0000] {processor.py:208} INFO - Processing /home/airflow/.local/lib/python3.12/site-packages/airflow/example_dags/example_python_operator.py took 0.031 seconds
[2024-11-14T00:14:58.883+0000] {processor.py:186} INFO - Started process (PID=339) to work on /home/airflow/.local/lib/python3.12/site-packages/airflow/example_dags/example_python_operator.py
[2024-11-14T00:14:58.884+0000] {processor.py:914} INFO - Processing file /home/airflow/.local/lib/python3.12/site-packages/airflow/example_dags/example_python_operator.py for tasks to queue
[2024-11-14T00:14:58.885+0000] {logging_mixin.py:190} INFO - [2024-11-14T00:14:58.885+0000] {dagbag.py:588} INFO - Filling up the DagBag from /home/airflow/.local/lib/python3.12/site-packages/airflow/example_dags/example_python_operator.py
[2024-11-14T00:14:58.890+0000] {processor.py:925} INFO - DAG(s) 'example_python_operator' retrieved from /home/airflow/.local/lib/python3.12/site-packages/airflow/example_dags/example_python_operator.py
[2024-11-14T00:14:58.900+0000] {logging_mixin.py:190} INFO - [2024-11-14T00:14:58.900+0000] {dag.py:3239} INFO - Sync 1 DAGs
[2024-11-14T00:14:58.908+0000] {logging_mixin.py:190} INFO - [2024-11-14T00:14:58.908+0000] {dag.py:4180} INFO - Setting next_dagrun for example_python_operator to None, run_after=None
[2024-11-14T00:14:58.917+0000] {processor.py:208} INFO - Processing /home/airflow/.local/lib/python3.12/site-packages/airflow/example_dags/example_python_operator.py took 0.036 seconds
[2024-11-14T00:15:29.247+0000] {processor.py:186} INFO - Started process (PID=403) to work on /home/airflow/.local/lib/python3.12/site-packages/airflow/example_dags/example_python_operator.py
[2024-11-14T00:15:29.248+0000] {processor.py:914} INFO - Processing file /home/airflow/.local/lib/python3.12/site-packages/airflow/example_dags/example_python_operator.py for tasks to queue
[2024-11-14T00:15:29.249+0000] {logging_mixin.py:190} INFO - [2024-11-14T00:15:29.248+0000] {dagbag.py:588} INFO - Filling up the DagBag from /home/airflow/.local/lib/python3.12/site-packages/airflow/example_dags/example_python_operator.py
[2024-11-14T00:15:29.254+0000] {processor.py:925} INFO - DAG(s) 'example_python_operator' retrieved from /home/airflow/.local/lib/python3.12/site-packages/airflow/example_dags/example_python_operator.py
[2024-11-14T00:15:29.264+0000] {logging_mixin.py:190} INFO - [2024-11-14T00:15:29.264+0000] {dag.py:3239} INFO - Sync 1 DAGs
[2024-11-14T00:15:29.270+0000] {logging_mixin.py:190} INFO - [2024-11-14T00:15:29.270+0000] {dag.py:4180} INFO - Setting next_dagrun for example_python_operator to None, run_after=None
[2024-11-14T00:15:29.280+0000] {processor.py:208} INFO - Processing /home/airflow/.local/lib/python3.12/site-packages/airflow/example_dags/example_python_operator.py took 0.035 seconds
[2024-11-14T00:15:59.977+0000] {processor.py:186} INFO - Started process (PID=467) to work on /home/airflow/.local/lib/python3.12/site-packages/airflow/example_dags/example_python_operator.py
[2024-11-14T00:15:59.979+0000] {processor.py:914} INFO - Processing file /home/airflow/.local/lib/python3.12/site-packages/airflow/example_dags/example_python_operator.py for tasks to queue
[2024-11-14T00:15:59.980+0000] {logging_mixin.py:190} INFO - [2024-11-14T00:15:59.980+0000] {dagbag.py:588} INFO - Filling up the DagBag from /home/airflow/.local/lib/python3.12/site-packages/airflow/example_dags/example_python_operator.py
[2024-11-14T00:15:59.986+0000] {processor.py:925} INFO - DAG(s) 'example_python_operator' retrieved from /home/airflow/.local/lib/python3.12/site-packages/airflow/example_dags/example_python_operator.py
[2024-11-14T00:15:59.997+0000] {logging_mixin.py:190} INFO - [2024-11-14T00:15:59.996+0000] {dag.py:3239} INFO - Sync 1 DAGs
[2024-11-14T00:16:00.005+0000] {logging_mixin.py:190} INFO - [2024-11-14T00:16:00.005+0000] {dag.py:4180} INFO - Setting next_dagrun for example_python_operator to None, run_after=None
[2024-11-14T00:16:00.014+0000] {processor.py:208} INFO - Processing /home/airflow/.local/lib/python3.12/site-packages/airflow/example_dags/example_python_operator.py took 0.039 seconds
[2024-11-14T00:16:30.383+0000] {processor.py:186} INFO - Started process (PID=531) to work on /home/airflow/.local/lib/python3.12/site-packages/airflow/example_dags/example_python_operator.py
[2024-11-14T00:16:30.384+0000] {processor.py:914} INFO - Processing file /home/airflow/.local/lib/python3.12/site-packages/airflow/example_dags/example_python_operator.py for tasks to queue
[2024-11-14T00:16:30.385+0000] {logging_mixin.py:190} INFO - [2024-11-14T00:16:30.385+0000] {dagbag.py:588} INFO - Filling up the DagBag from /home/airflow/.local/lib/python3.12/site-packages/airflow/example_dags/example_python_operator.py
[2024-11-14T00:16:30.392+0000] {processor.py:925} INFO - DAG(s) 'example_python_operator' retrieved from /home/airflow/.local/lib/python3.12/site-packages/airflow/example_dags/example_python_operator.py
[2024-11-14T00:16:30.404+0000] {logging_mixin.py:190} INFO - [2024-11-14T00:16:30.404+0000] {dag.py:3239} INFO - Sync 1 DAGs
[2024-11-14T00:16:30.413+0000] {logging_mixin.py:190} INFO - [2024-11-14T00:16:30.413+0000] {dag.py:4180} INFO - Setting next_dagrun for example_python_operator to None, run_after=None
[2024-11-14T00:16:30.422+0000] {processor.py:208} INFO - Processing /home/airflow/.local/lib/python3.12/site-packages/airflow/example_dags/example_python_operator.py took 0.043 seconds
[2024-11-14T00:17:00.638+0000] {processor.py:186} INFO - Started process (PID=594) to work on /home/airflow/.local/lib/python3.12/site-packages/airflow/example_dags/example_python_operator.py
[2024-11-14T00:17:00.639+0000] {processor.py:914} INFO - Processing file /home/airflow/.local/lib/python3.12/site-packages/airflow/example_dags/example_python_operator.py for tasks to queue
[2024-11-14T00:17:00.640+0000] {logging_mixin.py:190} INFO - [2024-11-14T00:17:00.640+0000] {dagbag.py:588} INFO - Filling up the DagBag from /home/airflow/.local/lib/python3.12/site-packages/airflow/example_dags/example_python_operator.py
[2024-11-14T00:17:00.646+0000] {processor.py:925} INFO - DAG(s) 'example_python_operator' retrieved from /home/airflow/.local/lib/python3.12/site-packages/airflow/example_dags/example_python_operator.py
[2024-11-14T00:17:00.657+0000] {logging_mixin.py:190} INFO - [2024-11-14T00:17:00.657+0000] {dag.py:3239} INFO - Sync 1 DAGs
[2024-11-14T00:17:00.664+0000] {logging_mixin.py:190} INFO - [2024-11-14T00:17:00.664+0000] {dag.py:4180} INFO - Setting next_dagrun for example_python_operator to None, run_after=None
[2024-11-14T00:17:00.671+0000] {processor.py:208} INFO - Processing /home/airflow/.local/lib/python3.12/site-packages/airflow/example_dags/example_python_operator.py took 0.036 seconds
[2024-11-14T00:17:32.069+0000] {processor.py:186} INFO - Started process (PID=658) to work on /home/airflow/.local/lib/python3.12/site-packages/airflow/example_dags/example_python_operator.py
[2024-11-14T00:17:32.069+0000] {processor.py:914} INFO - Processing file /home/airflow/.local/lib/python3.12/site-packages/airflow/example_dags/example_python_operator.py for tasks to queue
[2024-11-14T00:17:32.070+0000] {logging_mixin.py:190} INFO - [2024-11-14T00:17:32.070+0000] {dagbag.py:588} INFO - Filling up the DagBag from /home/airflow/.local/lib/python3.12/site-packages/airflow/example_dags/example_python_operator.py
[2024-11-14T00:17:32.076+0000] {processor.py:925} INFO - DAG(s) 'example_python_operator' retrieved from /home/airflow/.local/lib/python3.12/site-packages/airflow/example_dags/example_python_operator.py
[2024-11-14T00:17:32.086+0000] {logging_mixin.py:190} INFO - [2024-11-14T00:17:32.085+0000] {dag.py:3239} INFO - Sync 1 DAGs
[2024-11-14T00:17:32.092+0000] {logging_mixin.py:190} INFO - [2024-11-14T00:17:32.092+0000] {dag.py:4180} INFO - Setting next_dagrun for example_python_operator to None, run_after=None
[2024-11-14T00:17:32.098+0000] {processor.py:208} INFO - Processing /home/airflow/.local/lib/python3.12/site-packages/airflow/example_dags/example_python_operator.py took 0.032 seconds
[2024-11-14T00:18:02.477+0000] {processor.py:186} INFO - Started process (PID=723) to work on /home/airflow/.local/lib/python3.12/site-packages/airflow/example_dags/example_python_operator.py
[2024-11-14T00:18:02.477+0000] {processor.py:914} INFO - Processing file /home/airflow/.local/lib/python3.12/site-packages/airflow/example_dags/example_python_operator.py for tasks to queue
[2024-11-14T00:18:02.478+0000] {logging_mixin.py:190} INFO - [2024-11-14T00:18:02.478+0000] {dagbag.py:588} INFO - Filling up the DagBag from /home/airflow/.local/lib/python3.12/site-packages/airflow/example_dags/example_python_operator.py
[2024-11-14T00:18:02.483+0000] {processor.py:925} INFO - DAG(s) 'example_python_operator' retrieved from /home/airflow/.local/lib/python3.12/site-packages/airflow/example_dags/example_python_operator.py
[2024-11-14T00:18:02.492+0000] {logging_mixin.py:190} INFO - [2024-11-14T00:18:02.492+0000] {dag.py:3239} INFO - Sync 1 DAGs
[2024-11-14T00:18:02.497+0000] {logging_mixin.py:190} INFO - [2024-11-14T00:18:02.497+0000] {dag.py:4180} INFO - Setting next_dagrun for example_python_operator to None, run_after=None
[2024-11-14T00:18:02.503+0000] {processor.py:208} INFO - Processing /home/airflow/.local/lib/python3.12/site-packages/airflow/example_dags/example_python_operator.py took 0.029 seconds
[2024-11-14T00:18:33.827+0000] {processor.py:186} INFO - Started process (PID=789) to work on /home/airflow/.local/lib/python3.12/site-packages/airflow/example_dags/example_python_operator.py
[2024-11-14T00:18:33.827+0000] {processor.py:914} INFO - Processing file /home/airflow/.local/lib/python3.12/site-packages/airflow/example_dags/example_python_operator.py for tasks to queue
[2024-11-14T00:18:33.828+0000] {logging_mixin.py:190} INFO - [2024-11-14T00:18:33.828+0000] {dagbag.py:588} INFO - Filling up the DagBag from /home/airflow/.local/lib/python3.12/site-packages/airflow/example_dags/example_python_operator.py
[2024-11-14T00:18:33.833+0000] {processor.py:925} INFO - DAG(s) 'example_python_operator' retrieved from /home/airflow/.local/lib/python3.12/site-packages/airflow/example_dags/example_python_operator.py
[2024-11-14T00:18:33.842+0000] {logging_mixin.py:190} INFO - [2024-11-14T00:18:33.842+0000] {dag.py:3239} INFO - Sync 1 DAGs
[2024-11-14T00:18:33.847+0000] {logging_mixin.py:190} INFO - [2024-11-14T00:18:33.847+0000] {dag.py:4180} INFO - Setting next_dagrun for example_python_operator to None, run_after=None
[2024-11-14T00:18:33.853+0000] {processor.py:208} INFO - Processing /home/airflow/.local/lib/python3.12/site-packages/airflow/example_dags/example_python_operator.py took 0.029 seconds
[2024-11-14T00:19:04.249+0000] {processor.py:186} INFO - Started process (PID=854) to work on /home/airflow/.local/lib/python3.12/site-packages/airflow/example_dags/example_python_operator.py
[2024-11-14T00:19:04.249+0000] {processor.py:914} INFO - Processing file /home/airflow/.local/lib/python3.12/site-packages/airflow/example_dags/example_python_operator.py for tasks to queue
[2024-11-14T00:19:04.250+0000] {logging_mixin.py:190} INFO - [2024-11-14T00:19:04.250+0000] {dagbag.py:588} INFO - Filling up the DagBag from /home/airflow/.local/lib/python3.12/site-packages/airflow/example_dags/example_python_operator.py
[2024-11-14T00:19:04.256+0000] {processor.py:925} INFO - DAG(s) 'example_python_operator' retrieved from /home/airflow/.local/lib/python3.12/site-packages/airflow/example_dags/example_python_operator.py
[2024-11-14T00:19:04.265+0000] {logging_mixin.py:190} INFO - [2024-11-14T00:19:04.265+0000] {dag.py:3239} INFO - Sync 1 DAGs
[2024-11-14T00:19:04.270+0000] {logging_mixin.py:190} INFO - [2024-11-14T00:19:04.270+0000] {dag.py:4180} INFO - Setting next_dagrun for example_python_operator to None, run_after=None
[2024-11-14T00:19:04.276+0000] {processor.py:208} INFO - Processing /home/airflow/.local/lib/python3.12/site-packages/airflow/example_dags/example_python_operator.py took 0.030 seconds
[2024-11-14T00:23:11.571+0000] {processor.py:186} INFO - Started process (PID=70) to work on /home/airflow/.local/lib/python3.12/site-packages/airflow/example_dags/example_python_operator.py
[2024-11-14T00:23:11.572+0000] {processor.py:914} INFO - Processing file /home/airflow/.local/lib/python3.12/site-packages/airflow/example_dags/example_python_operator.py for tasks to queue
[2024-11-14T00:23:11.573+0000] {logging_mixin.py:190} INFO - [2024-11-14T00:23:11.573+0000] {dagbag.py:588} INFO - Filling up the DagBag from /home/airflow/.local/lib/python3.12/site-packages/airflow/example_dags/example_python_operator.py
[2024-11-14T00:23:11.579+0000] {processor.py:925} INFO - DAG(s) 'example_python_operator' retrieved from /home/airflow/.local/lib/python3.12/site-packages/airflow/example_dags/example_python_operator.py
[2024-11-14T00:23:11.620+0000] {logging_mixin.py:190} INFO - [2024-11-14T00:23:11.620+0000] {dag.py:3239} INFO - Sync 1 DAGs
[2024-11-14T00:23:11.625+0000] {logging_mixin.py:190} INFO - [2024-11-14T00:23:11.625+0000] {dag.py:4180} INFO - Setting next_dagrun for example_python_operator to None, run_after=None
[2024-11-14T00:23:11.636+0000] {processor.py:208} INFO - Processing /home/airflow/.local/lib/python3.12/site-packages/airflow/example_dags/example_python_operator.py took 0.066 seconds
[2024-11-14T00:23:42.075+0000] {processor.py:186} INFO - Started process (PID=141) to work on /home/airflow/.local/lib/python3.12/site-packages/airflow/example_dags/example_python_operator.py
[2024-11-14T00:23:42.075+0000] {processor.py:914} INFO - Processing file /home/airflow/.local/lib/python3.12/site-packages/airflow/example_dags/example_python_operator.py for tasks to queue
[2024-11-14T00:23:42.077+0000] {logging_mixin.py:190} INFO - [2024-11-14T00:23:42.077+0000] {dagbag.py:588} INFO - Filling up the DagBag from /home/airflow/.local/lib/python3.12/site-packages/airflow/example_dags/example_python_operator.py
[2024-11-14T00:23:42.083+0000] {processor.py:925} INFO - DAG(s) 'example_python_operator' retrieved from /home/airflow/.local/lib/python3.12/site-packages/airflow/example_dags/example_python_operator.py
[2024-11-14T00:23:42.093+0000] {logging_mixin.py:190} INFO - [2024-11-14T00:23:42.092+0000] {dag.py:3239} INFO - Sync 1 DAGs
[2024-11-14T00:23:42.100+0000] {logging_mixin.py:190} INFO - [2024-11-14T00:23:42.100+0000] {dag.py:4180} INFO - Setting next_dagrun for example_python_operator to None, run_after=None
[2024-11-14T00:23:42.109+0000] {processor.py:208} INFO - Processing /home/airflow/.local/lib/python3.12/site-packages/airflow/example_dags/example_python_operator.py took 0.037 seconds
[2024-11-14T00:24:13.326+0000] {processor.py:186} INFO - Started process (PID=206) to work on /home/airflow/.local/lib/python3.12/site-packages/airflow/example_dags/example_python_operator.py
[2024-11-14T00:24:13.328+0000] {processor.py:914} INFO - Processing file /home/airflow/.local/lib/python3.12/site-packages/airflow/example_dags/example_python_operator.py for tasks to queue
[2024-11-14T00:24:13.329+0000] {logging_mixin.py:190} INFO - [2024-11-14T00:24:13.329+0000] {dagbag.py:588} INFO - Filling up the DagBag from /home/airflow/.local/lib/python3.12/site-packages/airflow/example_dags/example_python_operator.py
[2024-11-14T00:24:13.335+0000] {processor.py:925} INFO - DAG(s) 'example_python_operator' retrieved from /home/airflow/.local/lib/python3.12/site-packages/airflow/example_dags/example_python_operator.py
[2024-11-14T00:24:13.344+0000] {logging_mixin.py:190} INFO - [2024-11-14T00:24:13.344+0000] {dag.py:3239} INFO - Sync 1 DAGs
[2024-11-14T00:24:13.351+0000] {logging_mixin.py:190} INFO - [2024-11-14T00:24:13.351+0000] {dag.py:4180} INFO - Setting next_dagrun for example_python_operator to None, run_after=None
[2024-11-14T00:24:13.359+0000] {processor.py:208} INFO - Processing /home/airflow/.local/lib/python3.12/site-packages/airflow/example_dags/example_python_operator.py took 0.035 seconds
[2024-11-14T00:24:43.770+0000] {processor.py:186} INFO - Started process (PID=271) to work on /home/airflow/.local/lib/python3.12/site-packages/airflow/example_dags/example_python_operator.py
[2024-11-14T00:24:43.772+0000] {processor.py:914} INFO - Processing file /home/airflow/.local/lib/python3.12/site-packages/airflow/example_dags/example_python_operator.py for tasks to queue
[2024-11-14T00:24:43.773+0000] {logging_mixin.py:190} INFO - [2024-11-14T00:24:43.773+0000] {dagbag.py:588} INFO - Filling up the DagBag from /home/airflow/.local/lib/python3.12/site-packages/airflow/example_dags/example_python_operator.py
[2024-11-14T00:24:43.782+0000] {processor.py:925} INFO - DAG(s) 'example_python_operator' retrieved from /home/airflow/.local/lib/python3.12/site-packages/airflow/example_dags/example_python_operator.py
[2024-11-14T00:24:43.792+0000] {logging_mixin.py:190} INFO - [2024-11-14T00:24:43.792+0000] {dag.py:3239} INFO - Sync 1 DAGs
[2024-11-14T00:24:43.798+0000] {logging_mixin.py:190} INFO - [2024-11-14T00:24:43.798+0000] {dag.py:4180} INFO - Setting next_dagrun for example_python_operator to None, run_after=None
[2024-11-14T00:24:43.805+0000] {processor.py:208} INFO - Processing /home/airflow/.local/lib/python3.12/site-packages/airflow/example_dags/example_python_operator.py took 0.038 seconds
[2024-11-14T00:25:14.423+0000] {processor.py:186} INFO - Started process (PID=336) to work on /home/airflow/.local/lib/python3.12/site-packages/airflow/example_dags/example_python_operator.py
[2024-11-14T00:25:14.423+0000] {processor.py:914} INFO - Processing file /home/airflow/.local/lib/python3.12/site-packages/airflow/example_dags/example_python_operator.py for tasks to queue
[2024-11-14T00:25:14.424+0000] {logging_mixin.py:190} INFO - [2024-11-14T00:25:14.424+0000] {dagbag.py:588} INFO - Filling up the DagBag from /home/airflow/.local/lib/python3.12/site-packages/airflow/example_dags/example_python_operator.py
[2024-11-14T00:25:14.429+0000] {processor.py:925} INFO - DAG(s) 'example_python_operator' retrieved from /home/airflow/.local/lib/python3.12/site-packages/airflow/example_dags/example_python_operator.py
[2024-11-14T00:25:14.439+0000] {logging_mixin.py:190} INFO - [2024-11-14T00:25:14.438+0000] {dag.py:3239} INFO - Sync 1 DAGs
[2024-11-14T00:25:14.443+0000] {logging_mixin.py:190} INFO - [2024-11-14T00:25:14.443+0000] {dag.py:4180} INFO - Setting next_dagrun for example_python_operator to None, run_after=None
[2024-11-14T00:25:14.450+0000] {processor.py:208} INFO - Processing /home/airflow/.local/lib/python3.12/site-packages/airflow/example_dags/example_python_operator.py took 0.030 seconds
[2024-11-14T00:25:45.635+0000] {processor.py:186} INFO - Started process (PID=401) to work on /home/airflow/.local/lib/python3.12/site-packages/airflow/example_dags/example_python_operator.py
[2024-11-14T00:25:45.636+0000] {processor.py:914} INFO - Processing file /home/airflow/.local/lib/python3.12/site-packages/airflow/example_dags/example_python_operator.py for tasks to queue
[2024-11-14T00:25:45.637+0000] {logging_mixin.py:190} INFO - [2024-11-14T00:25:45.636+0000] {dagbag.py:588} INFO - Filling up the DagBag from /home/airflow/.local/lib/python3.12/site-packages/airflow/example_dags/example_python_operator.py
[2024-11-14T00:25:45.641+0000] {processor.py:925} INFO - DAG(s) 'example_python_operator' retrieved from /home/airflow/.local/lib/python3.12/site-packages/airflow/example_dags/example_python_operator.py
[2024-11-14T00:25:45.650+0000] {logging_mixin.py:190} INFO - [2024-11-14T00:25:45.649+0000] {dag.py:3239} INFO - Sync 1 DAGs
[2024-11-14T00:25:45.655+0000] {logging_mixin.py:190} INFO - [2024-11-14T00:25:45.655+0000] {dag.py:4180} INFO - Setting next_dagrun for example_python_operator to None, run_after=None
[2024-11-14T00:25:45.660+0000] {processor.py:208} INFO - Processing /home/airflow/.local/lib/python3.12/site-packages/airflow/example_dags/example_python_operator.py took 0.027 seconds
[2024-11-14T00:26:16.013+0000] {processor.py:186} INFO - Started process (PID=466) to work on /home/airflow/.local/lib/python3.12/site-packages/airflow/example_dags/example_python_operator.py
[2024-11-14T00:26:16.014+0000] {processor.py:914} INFO - Processing file /home/airflow/.local/lib/python3.12/site-packages/airflow/example_dags/example_python_operator.py for tasks to queue
[2024-11-14T00:26:16.016+0000] {logging_mixin.py:190} INFO - [2024-11-14T00:26:16.016+0000] {dagbag.py:588} INFO - Filling up the DagBag from /home/airflow/.local/lib/python3.12/site-packages/airflow/example_dags/example_python_operator.py
[2024-11-14T00:26:16.022+0000] {processor.py:925} INFO - DAG(s) 'example_python_operator' retrieved from /home/airflow/.local/lib/python3.12/site-packages/airflow/example_dags/example_python_operator.py
[2024-11-14T00:26:16.031+0000] {logging_mixin.py:190} INFO - [2024-11-14T00:26:16.031+0000] {dag.py:3239} INFO - Sync 1 DAGs
[2024-11-14T00:26:16.037+0000] {logging_mixin.py:190} INFO - [2024-11-14T00:26:16.037+0000] {dag.py:4180} INFO - Setting next_dagrun for example_python_operator to None, run_after=None
[2024-11-14T00:26:16.051+0000] {processor.py:208} INFO - Processing /home/airflow/.local/lib/python3.12/site-packages/airflow/example_dags/example_python_operator.py took 0.040 seconds
[2024-11-14T00:32:44.052+0000] {processor.py:186} INFO - Started process (PID=77) to work on /home/airflow/.local/lib/python3.12/site-packages/airflow/example_dags/example_python_operator.py
[2024-11-14T00:32:44.054+0000] {processor.py:914} INFO - Processing file /home/airflow/.local/lib/python3.12/site-packages/airflow/example_dags/example_python_operator.py for tasks to queue
[2024-11-14T00:32:44.055+0000] {logging_mixin.py:190} INFO - [2024-11-14T00:32:44.055+0000] {dagbag.py:588} INFO - Filling up the DagBag from /home/airflow/.local/lib/python3.12/site-packages/airflow/example_dags/example_python_operator.py
[2024-11-14T00:32:44.062+0000] {processor.py:925} INFO - DAG(s) 'example_python_operator' retrieved from /home/airflow/.local/lib/python3.12/site-packages/airflow/example_dags/example_python_operator.py
[2024-11-14T00:32:44.103+0000] {logging_mixin.py:190} INFO - [2024-11-14T00:32:44.102+0000] {override.py:1911} INFO - Created Permission View: can read on DAG:example_python_operator
[2024-11-14T00:32:44.108+0000] {logging_mixin.py:190} INFO - [2024-11-14T00:32:44.108+0000] {override.py:1911} INFO - Created Permission View: can edit on DAG:example_python_operator
[2024-11-14T00:32:44.111+0000] {logging_mixin.py:190} INFO - [2024-11-14T00:32:44.111+0000] {override.py:1911} INFO - Created Permission View: can delete on DAG:example_python_operator
[2024-11-14T00:32:44.113+0000] {logging_mixin.py:190} INFO - [2024-11-14T00:32:44.113+0000] {override.py:1911} INFO - Created Permission View: can read on DAG Run:example_python_operator
[2024-11-14T00:32:44.114+0000] {logging_mixin.py:190} INFO - [2024-11-14T00:32:44.114+0000] {override.py:1911} INFO - Created Permission View: can create on DAG Run:example_python_operator
[2024-11-14T00:32:44.116+0000] {logging_mixin.py:190} INFO - [2024-11-14T00:32:44.116+0000] {override.py:1911} INFO - Created Permission View: menu access on DAG Run:example_python_operator
[2024-11-14T00:32:44.118+0000] {logging_mixin.py:190} INFO - [2024-11-14T00:32:44.118+0000] {override.py:1911} INFO - Created Permission View: can delete on DAG Run:example_python_operator
[2024-11-14T00:32:44.118+0000] {logging_mixin.py:190} INFO - [2024-11-14T00:32:44.118+0000] {dag.py:3239} INFO - Sync 1 DAGs
[2024-11-14T00:32:44.122+0000] {logging_mixin.py:190} INFO - [2024-11-14T00:32:44.122+0000] {dag.py:3262} INFO - Creating ORM DAG for example_python_operator
[2024-11-14T00:32:44.123+0000] {logging_mixin.py:190} INFO - [2024-11-14T00:32:44.123+0000] {dag.py:4180} INFO - Setting next_dagrun for example_python_operator to None, run_after=None
[2024-11-14T00:32:44.128+0000] {processor.py:208} INFO - Processing /home/airflow/.local/lib/python3.12/site-packages/airflow/example_dags/example_python_operator.py took 0.078 seconds
[2024-11-14T00:33:14.233+0000] {processor.py:186} INFO - Started process (PID=141) to work on /home/airflow/.local/lib/python3.12/site-packages/airflow/example_dags/example_python_operator.py
[2024-11-14T00:33:14.234+0000] {processor.py:914} INFO - Processing file /home/airflow/.local/lib/python3.12/site-packages/airflow/example_dags/example_python_operator.py for tasks to queue
[2024-11-14T00:33:14.235+0000] {logging_mixin.py:190} INFO - [2024-11-14T00:33:14.235+0000] {dagbag.py:588} INFO - Filling up the DagBag from /home/airflow/.local/lib/python3.12/site-packages/airflow/example_dags/example_python_operator.py
[2024-11-14T00:33:14.243+0000] {processor.py:925} INFO - DAG(s) 'example_python_operator' retrieved from /home/airflow/.local/lib/python3.12/site-packages/airflow/example_dags/example_python_operator.py
[2024-11-14T00:33:14.254+0000] {logging_mixin.py:190} INFO - [2024-11-14T00:33:14.254+0000] {dag.py:3239} INFO - Sync 1 DAGs
[2024-11-14T00:33:14.261+0000] {logging_mixin.py:190} INFO - [2024-11-14T00:33:14.260+0000] {dag.py:4180} INFO - Setting next_dagrun for example_python_operator to None, run_after=None
[2024-11-14T00:33:14.268+0000] {processor.py:208} INFO - Processing /home/airflow/.local/lib/python3.12/site-packages/airflow/example_dags/example_python_operator.py took 0.038 seconds
