[2024-11-14T00:02:19.831+0000] {processor.py:186} INFO - Started process (PID=80) to work on /home/airflow/.local/lib/python3.12/site-packages/airflow/example_dags/example_bash_operator.py
[2024-11-14T00:02:19.832+0000] {processor.py:914} INFO - Processing file /home/airflow/.local/lib/python3.12/site-packages/airflow/example_dags/example_bash_operator.py for tasks to queue
[2024-11-14T00:02:19.833+0000] {logging_mixin.py:190} INFO - [2024-11-14T00:02:19.833+0000] {dagbag.py:588} INFO - Filling up the DagBag from /home/airflow/.local/lib/python3.12/site-packages/airflow/example_dags/example_bash_operator.py
[2024-11-14T00:02:19.840+0000] {processor.py:925} INFO - DAG(s) 'example_bash_operator' retrieved from /home/airflow/.local/lib/python3.12/site-packages/airflow/example_dags/example_bash_operator.py
[2024-11-14T00:02:19.891+0000] {logging_mixin.py:190} INFO - [2024-11-14T00:02:19.891+0000] {override.py:1911} INFO - Created Permission View: can delete on DAG:example_bash_operator
[2024-11-14T00:02:19.896+0000] {logging_mixin.py:190} INFO - [2024-11-14T00:02:19.896+0000] {override.py:1911} INFO - Created Permission View: can read on DAG:example_bash_operator
[2024-11-14T00:02:19.899+0000] {logging_mixin.py:190} INFO - [2024-11-14T00:02:19.899+0000] {override.py:1911} INFO - Created Permission View: can edit on DAG:example_bash_operator
[2024-11-14T00:02:19.901+0000] {logging_mixin.py:190} INFO - [2024-11-14T00:02:19.901+0000] {override.py:1911} INFO - Created Permission View: can create on DAG Run:example_bash_operator
[2024-11-14T00:02:19.904+0000] {logging_mixin.py:190} INFO - [2024-11-14T00:02:19.904+0000] {override.py:1911} INFO - Created Permission View: can delete on DAG Run:example_bash_operator
[2024-11-14T00:02:19.906+0000] {logging_mixin.py:190} INFO - [2024-11-14T00:02:19.906+0000] {override.py:1911} INFO - Created Permission View: menu access on DAG Run:example_bash_operator
[2024-11-14T00:02:19.909+0000] {logging_mixin.py:190} INFO - [2024-11-14T00:02:19.908+0000] {override.py:1911} INFO - Created Permission View: can read on DAG Run:example_bash_operator
[2024-11-14T00:02:19.909+0000] {logging_mixin.py:190} INFO - [2024-11-14T00:02:19.909+0000] {dag.py:3239} INFO - Sync 1 DAGs
[2024-11-14T00:02:19.916+0000] {logging_mixin.py:190} INFO - [2024-11-14T00:02:19.915+0000] {dag.py:3262} INFO - Creating ORM DAG for example_bash_operator
[2024-11-14T00:02:19.919+0000] {logging_mixin.py:190} INFO - [2024-11-14T00:02:19.919+0000] {dag.py:4180} INFO - Setting next_dagrun for example_bash_operator to 2024-11-13 00:00:00+00:00, run_after=2024-11-14 00:00:00+00:00
[2024-11-14T00:02:19.929+0000] {processor.py:208} INFO - Processing /home/airflow/.local/lib/python3.12/site-packages/airflow/example_dags/example_bash_operator.py took 0.100 seconds
[2024-11-14T00:02:50.939+0000] {processor.py:186} INFO - Started process (PID=142) to work on /home/airflow/.local/lib/python3.12/site-packages/airflow/example_dags/example_bash_operator.py
[2024-11-14T00:02:50.940+0000] {processor.py:914} INFO - Processing file /home/airflow/.local/lib/python3.12/site-packages/airflow/example_dags/example_bash_operator.py for tasks to queue
[2024-11-14T00:02:50.943+0000] {logging_mixin.py:190} INFO - [2024-11-14T00:02:50.942+0000] {dagbag.py:588} INFO - Filling up the DagBag from /home/airflow/.local/lib/python3.12/site-packages/airflow/example_dags/example_bash_operator.py
[2024-11-14T00:02:50.949+0000] {processor.py:925} INFO - DAG(s) 'example_bash_operator' retrieved from /home/airflow/.local/lib/python3.12/site-packages/airflow/example_dags/example_bash_operator.py
[2024-11-14T00:02:50.961+0000] {logging_mixin.py:190} INFO - [2024-11-14T00:02:50.961+0000] {dag.py:3239} INFO - Sync 1 DAGs
[2024-11-14T00:02:50.972+0000] {logging_mixin.py:190} INFO - [2024-11-14T00:02:50.972+0000] {dag.py:4180} INFO - Setting next_dagrun for example_bash_operator to 2024-11-13 00:00:00+00:00, run_after=2024-11-14 00:00:00+00:00
[2024-11-14T00:02:50.981+0000] {processor.py:208} INFO - Processing /home/airflow/.local/lib/python3.12/site-packages/airflow/example_dags/example_bash_operator.py took 0.045 seconds
[2024-11-14T00:03:21.339+0000] {processor.py:186} INFO - Started process (PID=209) to work on /home/airflow/.local/lib/python3.12/site-packages/airflow/example_dags/example_bash_operator.py
[2024-11-14T00:03:21.340+0000] {processor.py:914} INFO - Processing file /home/airflow/.local/lib/python3.12/site-packages/airflow/example_dags/example_bash_operator.py for tasks to queue
[2024-11-14T00:03:21.341+0000] {logging_mixin.py:190} INFO - [2024-11-14T00:03:21.341+0000] {dagbag.py:588} INFO - Filling up the DagBag from /home/airflow/.local/lib/python3.12/site-packages/airflow/example_dags/example_bash_operator.py
[2024-11-14T00:03:21.348+0000] {processor.py:925} INFO - DAG(s) 'example_bash_operator' retrieved from /home/airflow/.local/lib/python3.12/site-packages/airflow/example_dags/example_bash_operator.py
[2024-11-14T00:03:21.359+0000] {logging_mixin.py:190} INFO - [2024-11-14T00:03:21.358+0000] {dag.py:3239} INFO - Sync 1 DAGs
[2024-11-14T00:03:21.367+0000] {logging_mixin.py:190} INFO - [2024-11-14T00:03:21.367+0000] {dag.py:4180} INFO - Setting next_dagrun for example_bash_operator to 2024-11-13 00:00:00+00:00, run_after=2024-11-14 00:00:00+00:00
[2024-11-14T00:03:21.376+0000] {processor.py:208} INFO - Processing /home/airflow/.local/lib/python3.12/site-packages/airflow/example_dags/example_bash_operator.py took 0.039 seconds
[2024-11-14T00:03:51.724+0000] {processor.py:186} INFO - Started process (PID=272) to work on /home/airflow/.local/lib/python3.12/site-packages/airflow/example_dags/example_bash_operator.py
[2024-11-14T00:03:51.724+0000] {processor.py:914} INFO - Processing file /home/airflow/.local/lib/python3.12/site-packages/airflow/example_dags/example_bash_operator.py for tasks to queue
[2024-11-14T00:03:51.726+0000] {logging_mixin.py:190} INFO - [2024-11-14T00:03:51.726+0000] {dagbag.py:588} INFO - Filling up the DagBag from /home/airflow/.local/lib/python3.12/site-packages/airflow/example_dags/example_bash_operator.py
[2024-11-14T00:03:51.733+0000] {processor.py:925} INFO - DAG(s) 'example_bash_operator' retrieved from /home/airflow/.local/lib/python3.12/site-packages/airflow/example_dags/example_bash_operator.py
[2024-11-14T00:03:51.745+0000] {logging_mixin.py:190} INFO - [2024-11-14T00:03:51.745+0000] {dag.py:3239} INFO - Sync 1 DAGs
[2024-11-14T00:03:51.755+0000] {logging_mixin.py:190} INFO - [2024-11-14T00:03:51.755+0000] {dag.py:4180} INFO - Setting next_dagrun for example_bash_operator to 2024-11-13 00:00:00+00:00, run_after=2024-11-14 00:00:00+00:00
[2024-11-14T00:03:51.764+0000] {processor.py:208} INFO - Processing /home/airflow/.local/lib/python3.12/site-packages/airflow/example_dags/example_bash_operator.py took 0.042 seconds
[2024-11-14T00:04:22.032+0000] {processor.py:186} INFO - Started process (PID=335) to work on /home/airflow/.local/lib/python3.12/site-packages/airflow/example_dags/example_bash_operator.py
[2024-11-14T00:04:22.033+0000] {processor.py:914} INFO - Processing file /home/airflow/.local/lib/python3.12/site-packages/airflow/example_dags/example_bash_operator.py for tasks to queue
[2024-11-14T00:04:22.034+0000] {logging_mixin.py:190} INFO - [2024-11-14T00:04:22.034+0000] {dagbag.py:588} INFO - Filling up the DagBag from /home/airflow/.local/lib/python3.12/site-packages/airflow/example_dags/example_bash_operator.py
[2024-11-14T00:04:22.041+0000] {processor.py:925} INFO - DAG(s) 'example_bash_operator' retrieved from /home/airflow/.local/lib/python3.12/site-packages/airflow/example_dags/example_bash_operator.py
[2024-11-14T00:04:22.052+0000] {logging_mixin.py:190} INFO - [2024-11-14T00:04:22.051+0000] {dag.py:3239} INFO - Sync 1 DAGs
[2024-11-14T00:04:22.061+0000] {logging_mixin.py:190} INFO - [2024-11-14T00:04:22.061+0000] {dag.py:4180} INFO - Setting next_dagrun for example_bash_operator to 2024-11-13 00:00:00+00:00, run_after=2024-11-14 00:00:00+00:00
[2024-11-14T00:04:22.069+0000] {processor.py:208} INFO - Processing /home/airflow/.local/lib/python3.12/site-packages/airflow/example_dags/example_bash_operator.py took 0.039 seconds
[2024-11-14T00:04:53.232+0000] {processor.py:186} INFO - Started process (PID=398) to work on /home/airflow/.local/lib/python3.12/site-packages/airflow/example_dags/example_bash_operator.py
[2024-11-14T00:04:53.232+0000] {processor.py:914} INFO - Processing file /home/airflow/.local/lib/python3.12/site-packages/airflow/example_dags/example_bash_operator.py for tasks to queue
[2024-11-14T00:04:53.233+0000] {logging_mixin.py:190} INFO - [2024-11-14T00:04:53.233+0000] {dagbag.py:588} INFO - Filling up the DagBag from /home/airflow/.local/lib/python3.12/site-packages/airflow/example_dags/example_bash_operator.py
[2024-11-14T00:04:53.239+0000] {processor.py:925} INFO - DAG(s) 'example_bash_operator' retrieved from /home/airflow/.local/lib/python3.12/site-packages/airflow/example_dags/example_bash_operator.py
[2024-11-14T00:04:53.248+0000] {logging_mixin.py:190} INFO - [2024-11-14T00:04:53.248+0000] {dag.py:3239} INFO - Sync 1 DAGs
[2024-11-14T00:04:53.257+0000] {logging_mixin.py:190} INFO - [2024-11-14T00:04:53.256+0000] {dag.py:4180} INFO - Setting next_dagrun for example_bash_operator to 2024-11-13 00:00:00+00:00, run_after=2024-11-14 00:00:00+00:00
[2024-11-14T00:04:53.263+0000] {processor.py:208} INFO - Processing /home/airflow/.local/lib/python3.12/site-packages/airflow/example_dags/example_bash_operator.py took 0.033 seconds
[2024-11-14T00:05:24.409+0000] {processor.py:186} INFO - Started process (PID=460) to work on /home/airflow/.local/lib/python3.12/site-packages/airflow/example_dags/example_bash_operator.py
[2024-11-14T00:05:24.410+0000] {processor.py:914} INFO - Processing file /home/airflow/.local/lib/python3.12/site-packages/airflow/example_dags/example_bash_operator.py for tasks to queue
[2024-11-14T00:05:24.410+0000] {logging_mixin.py:190} INFO - [2024-11-14T00:05:24.410+0000] {dagbag.py:588} INFO - Filling up the DagBag from /home/airflow/.local/lib/python3.12/site-packages/airflow/example_dags/example_bash_operator.py
[2024-11-14T00:05:24.417+0000] {processor.py:925} INFO - DAG(s) 'example_bash_operator' retrieved from /home/airflow/.local/lib/python3.12/site-packages/airflow/example_dags/example_bash_operator.py
[2024-11-14T00:05:24.428+0000] {logging_mixin.py:190} INFO - [2024-11-14T00:05:24.428+0000] {dag.py:3239} INFO - Sync 1 DAGs
[2024-11-14T00:05:24.437+0000] {logging_mixin.py:190} INFO - [2024-11-14T00:05:24.437+0000] {dag.py:4180} INFO - Setting next_dagrun for example_bash_operator to 2024-11-13 00:00:00+00:00, run_after=2024-11-14 00:00:00+00:00
[2024-11-14T00:05:24.443+0000] {processor.py:208} INFO - Processing /home/airflow/.local/lib/python3.12/site-packages/airflow/example_dags/example_bash_operator.py took 0.037 seconds
[2024-11-14T00:05:55.909+0000] {processor.py:186} INFO - Started process (PID=523) to work on /home/airflow/.local/lib/python3.12/site-packages/airflow/example_dags/example_bash_operator.py
[2024-11-14T00:05:55.910+0000] {processor.py:914} INFO - Processing file /home/airflow/.local/lib/python3.12/site-packages/airflow/example_dags/example_bash_operator.py for tasks to queue
[2024-11-14T00:05:55.912+0000] {logging_mixin.py:190} INFO - [2024-11-14T00:05:55.911+0000] {dagbag.py:588} INFO - Filling up the DagBag from /home/airflow/.local/lib/python3.12/site-packages/airflow/example_dags/example_bash_operator.py
[2024-11-14T00:05:55.917+0000] {processor.py:925} INFO - DAG(s) 'example_bash_operator' retrieved from /home/airflow/.local/lib/python3.12/site-packages/airflow/example_dags/example_bash_operator.py
[2024-11-14T00:05:55.928+0000] {logging_mixin.py:190} INFO - [2024-11-14T00:05:55.928+0000] {dag.py:3239} INFO - Sync 1 DAGs
[2024-11-14T00:05:55.937+0000] {logging_mixin.py:190} INFO - [2024-11-14T00:05:55.937+0000] {dag.py:4180} INFO - Setting next_dagrun for example_bash_operator to 2024-11-13 00:00:00+00:00, run_after=2024-11-14 00:00:00+00:00
[2024-11-14T00:05:55.948+0000] {processor.py:208} INFO - Processing /home/airflow/.local/lib/python3.12/site-packages/airflow/example_dags/example_bash_operator.py took 0.041 seconds
[2024-11-14T00:06:26.222+0000] {processor.py:186} INFO - Started process (PID=586) to work on /home/airflow/.local/lib/python3.12/site-packages/airflow/example_dags/example_bash_operator.py
[2024-11-14T00:06:26.223+0000] {processor.py:914} INFO - Processing file /home/airflow/.local/lib/python3.12/site-packages/airflow/example_dags/example_bash_operator.py for tasks to queue
[2024-11-14T00:06:26.224+0000] {logging_mixin.py:190} INFO - [2024-11-14T00:06:26.223+0000] {dagbag.py:588} INFO - Filling up the DagBag from /home/airflow/.local/lib/python3.12/site-packages/airflow/example_dags/example_bash_operator.py
[2024-11-14T00:06:26.229+0000] {processor.py:925} INFO - DAG(s) 'example_bash_operator' retrieved from /home/airflow/.local/lib/python3.12/site-packages/airflow/example_dags/example_bash_operator.py
[2024-11-14T00:06:26.239+0000] {logging_mixin.py:190} INFO - [2024-11-14T00:06:26.239+0000] {dag.py:3239} INFO - Sync 1 DAGs
[2024-11-14T00:06:26.248+0000] {logging_mixin.py:190} INFO - [2024-11-14T00:06:26.248+0000] {dag.py:4180} INFO - Setting next_dagrun for example_bash_operator to 2024-11-13 00:00:00+00:00, run_after=2024-11-14 00:00:00+00:00
[2024-11-14T00:06:26.254+0000] {processor.py:208} INFO - Processing /home/airflow/.local/lib/python3.12/site-packages/airflow/example_dags/example_bash_operator.py took 0.035 seconds
[2024-11-14T00:06:57.447+0000] {processor.py:186} INFO - Started process (PID=648) to work on /home/airflow/.local/lib/python3.12/site-packages/airflow/example_dags/example_bash_operator.py
[2024-11-14T00:06:57.449+0000] {processor.py:914} INFO - Processing file /home/airflow/.local/lib/python3.12/site-packages/airflow/example_dags/example_bash_operator.py for tasks to queue
[2024-11-14T00:06:57.451+0000] {logging_mixin.py:190} INFO - [2024-11-14T00:06:57.451+0000] {dagbag.py:588} INFO - Filling up the DagBag from /home/airflow/.local/lib/python3.12/site-packages/airflow/example_dags/example_bash_operator.py
[2024-11-14T00:06:57.458+0000] {processor.py:925} INFO - DAG(s) 'example_bash_operator' retrieved from /home/airflow/.local/lib/python3.12/site-packages/airflow/example_dags/example_bash_operator.py
[2024-11-14T00:06:57.470+0000] {logging_mixin.py:190} INFO - [2024-11-14T00:06:57.469+0000] {dag.py:3239} INFO - Sync 1 DAGs
[2024-11-14T00:06:57.480+0000] {logging_mixin.py:190} INFO - [2024-11-14T00:06:57.480+0000] {dag.py:4180} INFO - Setting next_dagrun for example_bash_operator to 2024-11-13 00:00:00+00:00, run_after=2024-11-14 00:00:00+00:00
[2024-11-14T00:06:57.488+0000] {processor.py:208} INFO - Processing /home/airflow/.local/lib/python3.12/site-packages/airflow/example_dags/example_bash_operator.py took 0.043 seconds
[2024-11-14T00:07:28.761+0000] {processor.py:186} INFO - Started process (PID=711) to work on /home/airflow/.local/lib/python3.12/site-packages/airflow/example_dags/example_bash_operator.py
[2024-11-14T00:07:28.761+0000] {processor.py:914} INFO - Processing file /home/airflow/.local/lib/python3.12/site-packages/airflow/example_dags/example_bash_operator.py for tasks to queue
[2024-11-14T00:07:28.762+0000] {logging_mixin.py:190} INFO - [2024-11-14T00:07:28.762+0000] {dagbag.py:588} INFO - Filling up the DagBag from /home/airflow/.local/lib/python3.12/site-packages/airflow/example_dags/example_bash_operator.py
[2024-11-14T00:07:28.770+0000] {processor.py:925} INFO - DAG(s) 'example_bash_operator' retrieved from /home/airflow/.local/lib/python3.12/site-packages/airflow/example_dags/example_bash_operator.py
[2024-11-14T00:07:28.789+0000] {logging_mixin.py:190} INFO - [2024-11-14T00:07:28.788+0000] {dag.py:3239} INFO - Sync 1 DAGs
[2024-11-14T00:07:28.799+0000] {logging_mixin.py:190} INFO - [2024-11-14T00:07:28.799+0000] {dag.py:4180} INFO - Setting next_dagrun for example_bash_operator to 2024-11-13 00:00:00+00:00, run_after=2024-11-14 00:00:00+00:00
[2024-11-14T00:07:28.807+0000] {processor.py:208} INFO - Processing /home/airflow/.local/lib/python3.12/site-packages/airflow/example_dags/example_bash_operator.py took 0.049 seconds
[2024-11-14T00:07:59.223+0000] {processor.py:186} INFO - Started process (PID=774) to work on /home/airflow/.local/lib/python3.12/site-packages/airflow/example_dags/example_bash_operator.py
[2024-11-14T00:07:59.224+0000] {processor.py:914} INFO - Processing file /home/airflow/.local/lib/python3.12/site-packages/airflow/example_dags/example_bash_operator.py for tasks to queue
[2024-11-14T00:07:59.225+0000] {logging_mixin.py:190} INFO - [2024-11-14T00:07:59.225+0000] {dagbag.py:588} INFO - Filling up the DagBag from /home/airflow/.local/lib/python3.12/site-packages/airflow/example_dags/example_bash_operator.py
[2024-11-14T00:07:59.231+0000] {processor.py:925} INFO - DAG(s) 'example_bash_operator' retrieved from /home/airflow/.local/lib/python3.12/site-packages/airflow/example_dags/example_bash_operator.py
[2024-11-14T00:07:59.243+0000] {logging_mixin.py:190} INFO - [2024-11-14T00:07:59.243+0000] {dag.py:3239} INFO - Sync 1 DAGs
[2024-11-14T00:07:59.253+0000] {logging_mixin.py:190} INFO - [2024-11-14T00:07:59.253+0000] {dag.py:4180} INFO - Setting next_dagrun for example_bash_operator to 2024-11-13 00:00:00+00:00, run_after=2024-11-14 00:00:00+00:00
[2024-11-14T00:07:59.260+0000] {processor.py:208} INFO - Processing /home/airflow/.local/lib/python3.12/site-packages/airflow/example_dags/example_bash_operator.py took 0.040 seconds
[2024-11-14T00:08:30.566+0000] {processor.py:186} INFO - Started process (PID=837) to work on /home/airflow/.local/lib/python3.12/site-packages/airflow/example_dags/example_bash_operator.py
[2024-11-14T00:08:30.566+0000] {processor.py:914} INFO - Processing file /home/airflow/.local/lib/python3.12/site-packages/airflow/example_dags/example_bash_operator.py for tasks to queue
[2024-11-14T00:08:30.567+0000] {logging_mixin.py:190} INFO - [2024-11-14T00:08:30.567+0000] {dagbag.py:588} INFO - Filling up the DagBag from /home/airflow/.local/lib/python3.12/site-packages/airflow/example_dags/example_bash_operator.py
[2024-11-14T00:08:30.573+0000] {processor.py:925} INFO - DAG(s) 'example_bash_operator' retrieved from /home/airflow/.local/lib/python3.12/site-packages/airflow/example_dags/example_bash_operator.py
[2024-11-14T00:08:30.584+0000] {logging_mixin.py:190} INFO - [2024-11-14T00:08:30.584+0000] {dag.py:3239} INFO - Sync 1 DAGs
[2024-11-14T00:08:30.592+0000] {logging_mixin.py:190} INFO - [2024-11-14T00:08:30.592+0000] {dag.py:4180} INFO - Setting next_dagrun for example_bash_operator to 2024-11-13 00:00:00+00:00, run_after=2024-11-14 00:00:00+00:00
[2024-11-14T00:08:30.600+0000] {processor.py:208} INFO - Processing /home/airflow/.local/lib/python3.12/site-packages/airflow/example_dags/example_bash_operator.py took 0.037 seconds
[2024-11-14T00:09:01.831+0000] {processor.py:186} INFO - Started process (PID=900) to work on /home/airflow/.local/lib/python3.12/site-packages/airflow/example_dags/example_bash_operator.py
[2024-11-14T00:09:01.832+0000] {processor.py:914} INFO - Processing file /home/airflow/.local/lib/python3.12/site-packages/airflow/example_dags/example_bash_operator.py for tasks to queue
[2024-11-14T00:09:01.833+0000] {logging_mixin.py:190} INFO - [2024-11-14T00:09:01.833+0000] {dagbag.py:588} INFO - Filling up the DagBag from /home/airflow/.local/lib/python3.12/site-packages/airflow/example_dags/example_bash_operator.py
[2024-11-14T00:09:01.838+0000] {processor.py:925} INFO - DAG(s) 'example_bash_operator' retrieved from /home/airflow/.local/lib/python3.12/site-packages/airflow/example_dags/example_bash_operator.py
[2024-11-14T00:09:01.850+0000] {logging_mixin.py:190} INFO - [2024-11-14T00:09:01.850+0000] {dag.py:3239} INFO - Sync 1 DAGs
[2024-11-14T00:09:01.861+0000] {logging_mixin.py:190} INFO - [2024-11-14T00:09:01.861+0000] {dag.py:4180} INFO - Setting next_dagrun for example_bash_operator to 2024-11-13 00:00:00+00:00, run_after=2024-11-14 00:00:00+00:00
[2024-11-14T00:09:01.867+0000] {processor.py:208} INFO - Processing /home/airflow/.local/lib/python3.12/site-packages/airflow/example_dags/example_bash_operator.py took 0.038 seconds
[2024-11-14T00:09:33.058+0000] {processor.py:186} INFO - Started process (PID=963) to work on /home/airflow/.local/lib/python3.12/site-packages/airflow/example_dags/example_bash_operator.py
[2024-11-14T00:09:33.058+0000] {processor.py:914} INFO - Processing file /home/airflow/.local/lib/python3.12/site-packages/airflow/example_dags/example_bash_operator.py for tasks to queue
[2024-11-14T00:09:33.062+0000] {logging_mixin.py:190} INFO - [2024-11-14T00:09:33.062+0000] {dagbag.py:588} INFO - Filling up the DagBag from /home/airflow/.local/lib/python3.12/site-packages/airflow/example_dags/example_bash_operator.py
[2024-11-14T00:09:33.067+0000] {processor.py:925} INFO - DAG(s) 'example_bash_operator' retrieved from /home/airflow/.local/lib/python3.12/site-packages/airflow/example_dags/example_bash_operator.py
[2024-11-14T00:09:33.078+0000] {logging_mixin.py:190} INFO - [2024-11-14T00:09:33.078+0000] {dag.py:3239} INFO - Sync 1 DAGs
[2024-11-14T00:09:33.088+0000] {logging_mixin.py:190} INFO - [2024-11-14T00:09:33.088+0000] {dag.py:4180} INFO - Setting next_dagrun for example_bash_operator to 2024-11-13 00:00:00+00:00, run_after=2024-11-14 00:00:00+00:00
[2024-11-14T00:09:33.094+0000] {processor.py:208} INFO - Processing /home/airflow/.local/lib/python3.12/site-packages/airflow/example_dags/example_bash_operator.py took 0.040 seconds
[2024-11-14T00:12:57.395+0000] {processor.py:186} INFO - Started process (PID=80) to work on /home/airflow/.local/lib/python3.12/site-packages/airflow/example_dags/example_bash_operator.py
[2024-11-14T00:12:57.396+0000] {processor.py:914} INFO - Processing file /home/airflow/.local/lib/python3.12/site-packages/airflow/example_dags/example_bash_operator.py for tasks to queue
[2024-11-14T00:12:57.396+0000] {logging_mixin.py:190} INFO - [2024-11-14T00:12:57.396+0000] {dagbag.py:588} INFO - Filling up the DagBag from /home/airflow/.local/lib/python3.12/site-packages/airflow/example_dags/example_bash_operator.py
[2024-11-14T00:12:57.403+0000] {processor.py:925} INFO - DAG(s) 'example_bash_operator' retrieved from /home/airflow/.local/lib/python3.12/site-packages/airflow/example_dags/example_bash_operator.py
[2024-11-14T00:12:57.454+0000] {logging_mixin.py:190} INFO - [2024-11-14T00:12:57.454+0000] {override.py:1911} INFO - Created Permission View: can delete on DAG:example_bash_operator
[2024-11-14T00:12:57.465+0000] {logging_mixin.py:190} INFO - [2024-11-14T00:12:57.465+0000] {override.py:1911} INFO - Created Permission View: can read on DAG:example_bash_operator
[2024-11-14T00:12:57.468+0000] {logging_mixin.py:190} INFO - [2024-11-14T00:12:57.468+0000] {override.py:1911} INFO - Created Permission View: can edit on DAG:example_bash_operator
[2024-11-14T00:12:57.473+0000] {logging_mixin.py:190} INFO - [2024-11-14T00:12:57.473+0000] {override.py:1911} INFO - Created Permission View: can delete on DAG Run:example_bash_operator
[2024-11-14T00:12:57.476+0000] {logging_mixin.py:190} INFO - [2024-11-14T00:12:57.476+0000] {override.py:1911} INFO - Created Permission View: can read on DAG Run:example_bash_operator
[2024-11-14T00:12:57.480+0000] {logging_mixin.py:190} INFO - [2024-11-14T00:12:57.480+0000] {override.py:1911} INFO - Created Permission View: can create on DAG Run:example_bash_operator
[2024-11-14T00:12:57.484+0000] {logging_mixin.py:190} INFO - [2024-11-14T00:12:57.483+0000] {override.py:1911} INFO - Created Permission View: menu access on DAG Run:example_bash_operator
[2024-11-14T00:12:57.484+0000] {logging_mixin.py:190} INFO - [2024-11-14T00:12:57.484+0000] {dag.py:3239} INFO - Sync 1 DAGs
[2024-11-14T00:12:57.490+0000] {logging_mixin.py:190} INFO - [2024-11-14T00:12:57.489+0000] {dag.py:3262} INFO - Creating ORM DAG for example_bash_operator
[2024-11-14T00:12:57.494+0000] {logging_mixin.py:190} INFO - [2024-11-14T00:12:57.494+0000] {dag.py:4180} INFO - Setting next_dagrun for example_bash_operator to 2024-11-13 00:00:00+00:00, run_after=2024-11-14 00:00:00+00:00
[2024-11-14T00:12:57.502+0000] {processor.py:208} INFO - Processing /home/airflow/.local/lib/python3.12/site-packages/airflow/example_dags/example_bash_operator.py took 0.109 seconds
[2024-11-14T00:13:27.582+0000] {processor.py:186} INFO - Started process (PID=144) to work on /home/airflow/.local/lib/python3.12/site-packages/airflow/example_dags/example_bash_operator.py
[2024-11-14T00:13:27.582+0000] {processor.py:914} INFO - Processing file /home/airflow/.local/lib/python3.12/site-packages/airflow/example_dags/example_bash_operator.py for tasks to queue
[2024-11-14T00:13:27.583+0000] {logging_mixin.py:190} INFO - [2024-11-14T00:13:27.583+0000] {dagbag.py:588} INFO - Filling up the DagBag from /home/airflow/.local/lib/python3.12/site-packages/airflow/example_dags/example_bash_operator.py
[2024-11-14T00:13:27.589+0000] {processor.py:925} INFO - DAG(s) 'example_bash_operator' retrieved from /home/airflow/.local/lib/python3.12/site-packages/airflow/example_dags/example_bash_operator.py
[2024-11-14T00:13:27.599+0000] {logging_mixin.py:190} INFO - [2024-11-14T00:13:27.599+0000] {dag.py:3239} INFO - Sync 1 DAGs
[2024-11-14T00:13:27.608+0000] {logging_mixin.py:190} INFO - [2024-11-14T00:13:27.608+0000] {dag.py:4180} INFO - Setting next_dagrun for example_bash_operator to 2024-11-13 00:00:00+00:00, run_after=2024-11-14 00:00:00+00:00
[2024-11-14T00:13:27.617+0000] {processor.py:208} INFO - Processing /home/airflow/.local/lib/python3.12/site-packages/airflow/example_dags/example_bash_operator.py took 0.037 seconds
[2024-11-14T00:13:58.131+0000] {processor.py:186} INFO - Started process (PID=208) to work on /home/airflow/.local/lib/python3.12/site-packages/airflow/example_dags/example_bash_operator.py
[2024-11-14T00:13:58.133+0000] {processor.py:914} INFO - Processing file /home/airflow/.local/lib/python3.12/site-packages/airflow/example_dags/example_bash_operator.py for tasks to queue
[2024-11-14T00:13:58.134+0000] {logging_mixin.py:190} INFO - [2024-11-14T00:13:58.134+0000] {dagbag.py:588} INFO - Filling up the DagBag from /home/airflow/.local/lib/python3.12/site-packages/airflow/example_dags/example_bash_operator.py
[2024-11-14T00:13:58.139+0000] {processor.py:925} INFO - DAG(s) 'example_bash_operator' retrieved from /home/airflow/.local/lib/python3.12/site-packages/airflow/example_dags/example_bash_operator.py
[2024-11-14T00:13:58.149+0000] {logging_mixin.py:190} INFO - [2024-11-14T00:13:58.149+0000] {dag.py:3239} INFO - Sync 1 DAGs
[2024-11-14T00:13:58.158+0000] {logging_mixin.py:190} INFO - [2024-11-14T00:13:58.158+0000] {dag.py:4180} INFO - Setting next_dagrun for example_bash_operator to 2024-11-13 00:00:00+00:00, run_after=2024-11-14 00:00:00+00:00
[2024-11-14T00:13:58.167+0000] {processor.py:208} INFO - Processing /home/airflow/.local/lib/python3.12/site-packages/airflow/example_dags/example_bash_operator.py took 0.039 seconds
[2024-11-14T00:14:28.562+0000] {processor.py:186} INFO - Started process (PID=278) to work on /home/airflow/.local/lib/python3.12/site-packages/airflow/example_dags/example_bash_operator.py
[2024-11-14T00:14:28.564+0000] {processor.py:914} INFO - Processing file /home/airflow/.local/lib/python3.12/site-packages/airflow/example_dags/example_bash_operator.py for tasks to queue
[2024-11-14T00:14:28.565+0000] {logging_mixin.py:190} INFO - [2024-11-14T00:14:28.565+0000] {dagbag.py:588} INFO - Filling up the DagBag from /home/airflow/.local/lib/python3.12/site-packages/airflow/example_dags/example_bash_operator.py
[2024-11-14T00:14:28.572+0000] {processor.py:925} INFO - DAG(s) 'example_bash_operator' retrieved from /home/airflow/.local/lib/python3.12/site-packages/airflow/example_dags/example_bash_operator.py
[2024-11-14T00:14:28.589+0000] {logging_mixin.py:190} INFO - [2024-11-14T00:14:28.588+0000] {dag.py:3239} INFO - Sync 1 DAGs
[2024-11-14T00:14:28.597+0000] {logging_mixin.py:190} INFO - [2024-11-14T00:14:28.597+0000] {dag.py:4180} INFO - Setting next_dagrun for example_bash_operator to 2024-11-13 00:00:00+00:00, run_after=2024-11-14 00:00:00+00:00
[2024-11-14T00:14:28.606+0000] {processor.py:208} INFO - Processing /home/airflow/.local/lib/python3.12/site-packages/airflow/example_dags/example_bash_operator.py took 0.046 seconds
[2024-11-14T00:14:58.961+0000] {processor.py:186} INFO - Started process (PID=342) to work on /home/airflow/.local/lib/python3.12/site-packages/airflow/example_dags/example_bash_operator.py
[2024-11-14T00:14:58.962+0000] {processor.py:914} INFO - Processing file /home/airflow/.local/lib/python3.12/site-packages/airflow/example_dags/example_bash_operator.py for tasks to queue
[2024-11-14T00:14:58.964+0000] {logging_mixin.py:190} INFO - [2024-11-14T00:14:58.963+0000] {dagbag.py:588} INFO - Filling up the DagBag from /home/airflow/.local/lib/python3.12/site-packages/airflow/example_dags/example_bash_operator.py
[2024-11-14T00:14:58.970+0000] {processor.py:925} INFO - DAG(s) 'example_bash_operator' retrieved from /home/airflow/.local/lib/python3.12/site-packages/airflow/example_dags/example_bash_operator.py
[2024-11-14T00:14:58.980+0000] {logging_mixin.py:190} INFO - [2024-11-14T00:14:58.979+0000] {dag.py:3239} INFO - Sync 1 DAGs
[2024-11-14T00:14:58.990+0000] {logging_mixin.py:190} INFO - [2024-11-14T00:14:58.990+0000] {dag.py:4180} INFO - Setting next_dagrun for example_bash_operator to 2024-11-13 00:00:00+00:00, run_after=2024-11-14 00:00:00+00:00
[2024-11-14T00:14:59.000+0000] {processor.py:208} INFO - Processing /home/airflow/.local/lib/python3.12/site-packages/airflow/example_dags/example_bash_operator.py took 0.041 seconds
[2024-11-14T00:15:29.394+0000] {processor.py:186} INFO - Started process (PID=406) to work on /home/airflow/.local/lib/python3.12/site-packages/airflow/example_dags/example_bash_operator.py
[2024-11-14T00:15:29.394+0000] {processor.py:914} INFO - Processing file /home/airflow/.local/lib/python3.12/site-packages/airflow/example_dags/example_bash_operator.py for tasks to queue
[2024-11-14T00:15:29.395+0000] {logging_mixin.py:190} INFO - [2024-11-14T00:15:29.395+0000] {dagbag.py:588} INFO - Filling up the DagBag from /home/airflow/.local/lib/python3.12/site-packages/airflow/example_dags/example_bash_operator.py
[2024-11-14T00:15:29.401+0000] {processor.py:925} INFO - DAG(s) 'example_bash_operator' retrieved from /home/airflow/.local/lib/python3.12/site-packages/airflow/example_dags/example_bash_operator.py
[2024-11-14T00:15:29.412+0000] {logging_mixin.py:190} INFO - [2024-11-14T00:15:29.412+0000] {dag.py:3239} INFO - Sync 1 DAGs
[2024-11-14T00:15:29.421+0000] {logging_mixin.py:190} INFO - [2024-11-14T00:15:29.420+0000] {dag.py:4180} INFO - Setting next_dagrun for example_bash_operator to 2024-11-13 00:00:00+00:00, run_after=2024-11-14 00:00:00+00:00
[2024-11-14T00:15:29.427+0000] {processor.py:208} INFO - Processing /home/airflow/.local/lib/python3.12/site-packages/airflow/example_dags/example_bash_operator.py took 0.035 seconds
[2024-11-14T00:16:00.046+0000] {processor.py:186} INFO - Started process (PID=470) to work on /home/airflow/.local/lib/python3.12/site-packages/airflow/example_dags/example_bash_operator.py
[2024-11-14T00:16:00.048+0000] {processor.py:914} INFO - Processing file /home/airflow/.local/lib/python3.12/site-packages/airflow/example_dags/example_bash_operator.py for tasks to queue
[2024-11-14T00:16:00.049+0000] {logging_mixin.py:190} INFO - [2024-11-14T00:16:00.049+0000] {dagbag.py:588} INFO - Filling up the DagBag from /home/airflow/.local/lib/python3.12/site-packages/airflow/example_dags/example_bash_operator.py
[2024-11-14T00:16:00.054+0000] {processor.py:925} INFO - DAG(s) 'example_bash_operator' retrieved from /home/airflow/.local/lib/python3.12/site-packages/airflow/example_dags/example_bash_operator.py
[2024-11-14T00:16:00.066+0000] {logging_mixin.py:190} INFO - [2024-11-14T00:16:00.066+0000] {dag.py:3239} INFO - Sync 1 DAGs
[2024-11-14T00:16:00.076+0000] {logging_mixin.py:190} INFO - [2024-11-14T00:16:00.076+0000] {dag.py:4180} INFO - Setting next_dagrun for example_bash_operator to 2024-11-13 00:00:00+00:00, run_after=2024-11-14 00:00:00+00:00
[2024-11-14T00:16:00.084+0000] {processor.py:208} INFO - Processing /home/airflow/.local/lib/python3.12/site-packages/airflow/example_dags/example_bash_operator.py took 0.040 seconds
[2024-11-14T00:16:30.517+0000] {processor.py:186} INFO - Started process (PID=534) to work on /home/airflow/.local/lib/python3.12/site-packages/airflow/example_dags/example_bash_operator.py
[2024-11-14T00:16:30.517+0000] {processor.py:914} INFO - Processing file /home/airflow/.local/lib/python3.12/site-packages/airflow/example_dags/example_bash_operator.py for tasks to queue
[2024-11-14T00:16:30.518+0000] {logging_mixin.py:190} INFO - [2024-11-14T00:16:30.518+0000] {dagbag.py:588} INFO - Filling up the DagBag from /home/airflow/.local/lib/python3.12/site-packages/airflow/example_dags/example_bash_operator.py
[2024-11-14T00:16:30.525+0000] {processor.py:925} INFO - DAG(s) 'example_bash_operator' retrieved from /home/airflow/.local/lib/python3.12/site-packages/airflow/example_dags/example_bash_operator.py
[2024-11-14T00:16:30.540+0000] {logging_mixin.py:190} INFO - [2024-11-14T00:16:30.540+0000] {dag.py:3239} INFO - Sync 1 DAGs
[2024-11-14T00:16:30.554+0000] {logging_mixin.py:190} INFO - [2024-11-14T00:16:30.553+0000] {dag.py:4180} INFO - Setting next_dagrun for example_bash_operator to 2024-11-13 00:00:00+00:00, run_after=2024-11-14 00:00:00+00:00
[2024-11-14T00:16:30.565+0000] {processor.py:208} INFO - Processing /home/airflow/.local/lib/python3.12/site-packages/airflow/example_dags/example_bash_operator.py took 0.051 seconds
[2024-11-14T00:17:00.851+0000] {processor.py:186} INFO - Started process (PID=598) to work on /home/airflow/.local/lib/python3.12/site-packages/airflow/example_dags/example_bash_operator.py
[2024-11-14T00:17:00.852+0000] {processor.py:914} INFO - Processing file /home/airflow/.local/lib/python3.12/site-packages/airflow/example_dags/example_bash_operator.py for tasks to queue
[2024-11-14T00:17:00.853+0000] {logging_mixin.py:190} INFO - [2024-11-14T00:17:00.852+0000] {dagbag.py:588} INFO - Filling up the DagBag from /home/airflow/.local/lib/python3.12/site-packages/airflow/example_dags/example_bash_operator.py
[2024-11-14T00:17:00.859+0000] {processor.py:925} INFO - DAG(s) 'example_bash_operator' retrieved from /home/airflow/.local/lib/python3.12/site-packages/airflow/example_dags/example_bash_operator.py
[2024-11-14T00:17:00.871+0000] {logging_mixin.py:190} INFO - [2024-11-14T00:17:00.871+0000] {dag.py:3239} INFO - Sync 1 DAGs
[2024-11-14T00:17:00.880+0000] {logging_mixin.py:190} INFO - [2024-11-14T00:17:00.880+0000] {dag.py:4180} INFO - Setting next_dagrun for example_bash_operator to 2024-11-13 00:00:00+00:00, run_after=2024-11-14 00:00:00+00:00
[2024-11-14T00:17:00.887+0000] {processor.py:208} INFO - Processing /home/airflow/.local/lib/python3.12/site-packages/airflow/example_dags/example_bash_operator.py took 0.039 seconds
[2024-11-14T00:17:32.208+0000] {processor.py:186} INFO - Started process (PID=661) to work on /home/airflow/.local/lib/python3.12/site-packages/airflow/example_dags/example_bash_operator.py
[2024-11-14T00:17:32.208+0000] {processor.py:914} INFO - Processing file /home/airflow/.local/lib/python3.12/site-packages/airflow/example_dags/example_bash_operator.py for tasks to queue
[2024-11-14T00:17:32.209+0000] {logging_mixin.py:190} INFO - [2024-11-14T00:17:32.209+0000] {dagbag.py:588} INFO - Filling up the DagBag from /home/airflow/.local/lib/python3.12/site-packages/airflow/example_dags/example_bash_operator.py
[2024-11-14T00:17:32.215+0000] {processor.py:925} INFO - DAG(s) 'example_bash_operator' retrieved from /home/airflow/.local/lib/python3.12/site-packages/airflow/example_dags/example_bash_operator.py
[2024-11-14T00:17:32.225+0000] {logging_mixin.py:190} INFO - [2024-11-14T00:17:32.225+0000] {dag.py:3239} INFO - Sync 1 DAGs
[2024-11-14T00:17:32.234+0000] {logging_mixin.py:190} INFO - [2024-11-14T00:17:32.234+0000] {dag.py:4180} INFO - Setting next_dagrun for example_bash_operator to 2024-11-13 00:00:00+00:00, run_after=2024-11-14 00:00:00+00:00
[2024-11-14T00:17:32.240+0000] {processor.py:208} INFO - Processing /home/airflow/.local/lib/python3.12/site-packages/airflow/example_dags/example_bash_operator.py took 0.034 seconds
[2024-11-14T00:18:02.600+0000] {processor.py:186} INFO - Started process (PID=726) to work on /home/airflow/.local/lib/python3.12/site-packages/airflow/example_dags/example_bash_operator.py
[2024-11-14T00:18:02.600+0000] {processor.py:914} INFO - Processing file /home/airflow/.local/lib/python3.12/site-packages/airflow/example_dags/example_bash_operator.py for tasks to queue
[2024-11-14T00:18:02.601+0000] {logging_mixin.py:190} INFO - [2024-11-14T00:18:02.601+0000] {dagbag.py:588} INFO - Filling up the DagBag from /home/airflow/.local/lib/python3.12/site-packages/airflow/example_dags/example_bash_operator.py
[2024-11-14T00:18:02.607+0000] {processor.py:925} INFO - DAG(s) 'example_bash_operator' retrieved from /home/airflow/.local/lib/python3.12/site-packages/airflow/example_dags/example_bash_operator.py
[2024-11-14T00:18:02.616+0000] {logging_mixin.py:190} INFO - [2024-11-14T00:18:02.616+0000] {dag.py:3239} INFO - Sync 1 DAGs
[2024-11-14T00:18:02.624+0000] {logging_mixin.py:190} INFO - [2024-11-14T00:18:02.624+0000] {dag.py:4180} INFO - Setting next_dagrun for example_bash_operator to 2024-11-13 00:00:00+00:00, run_after=2024-11-14 00:00:00+00:00
[2024-11-14T00:18:02.630+0000] {processor.py:208} INFO - Processing /home/airflow/.local/lib/python3.12/site-packages/airflow/example_dags/example_bash_operator.py took 0.033 seconds
[2024-11-14T00:18:33.955+0000] {processor.py:186} INFO - Started process (PID=792) to work on /home/airflow/.local/lib/python3.12/site-packages/airflow/example_dags/example_bash_operator.py
[2024-11-14T00:18:33.955+0000] {processor.py:914} INFO - Processing file /home/airflow/.local/lib/python3.12/site-packages/airflow/example_dags/example_bash_operator.py for tasks to queue
[2024-11-14T00:18:33.956+0000] {logging_mixin.py:190} INFO - [2024-11-14T00:18:33.956+0000] {dagbag.py:588} INFO - Filling up the DagBag from /home/airflow/.local/lib/python3.12/site-packages/airflow/example_dags/example_bash_operator.py
[2024-11-14T00:18:33.962+0000] {processor.py:925} INFO - DAG(s) 'example_bash_operator' retrieved from /home/airflow/.local/lib/python3.12/site-packages/airflow/example_dags/example_bash_operator.py
[2024-11-14T00:18:33.971+0000] {logging_mixin.py:190} INFO - [2024-11-14T00:18:33.971+0000] {dag.py:3239} INFO - Sync 1 DAGs
[2024-11-14T00:18:33.979+0000] {logging_mixin.py:190} INFO - [2024-11-14T00:18:33.979+0000] {dag.py:4180} INFO - Setting next_dagrun for example_bash_operator to 2024-11-13 00:00:00+00:00, run_after=2024-11-14 00:00:00+00:00
[2024-11-14T00:18:33.985+0000] {processor.py:208} INFO - Processing /home/airflow/.local/lib/python3.12/site-packages/airflow/example_dags/example_bash_operator.py took 0.032 seconds
[2024-11-14T00:19:04.373+0000] {processor.py:186} INFO - Started process (PID=857) to work on /home/airflow/.local/lib/python3.12/site-packages/airflow/example_dags/example_bash_operator.py
[2024-11-14T00:19:04.374+0000] {processor.py:914} INFO - Processing file /home/airflow/.local/lib/python3.12/site-packages/airflow/example_dags/example_bash_operator.py for tasks to queue
[2024-11-14T00:19:04.375+0000] {logging_mixin.py:190} INFO - [2024-11-14T00:19:04.375+0000] {dagbag.py:588} INFO - Filling up the DagBag from /home/airflow/.local/lib/python3.12/site-packages/airflow/example_dags/example_bash_operator.py
[2024-11-14T00:19:04.380+0000] {processor.py:925} INFO - DAG(s) 'example_bash_operator' retrieved from /home/airflow/.local/lib/python3.12/site-packages/airflow/example_dags/example_bash_operator.py
[2024-11-14T00:19:04.392+0000] {logging_mixin.py:190} INFO - [2024-11-14T00:19:04.392+0000] {dag.py:3239} INFO - Sync 1 DAGs
[2024-11-14T00:19:04.401+0000] {logging_mixin.py:190} INFO - [2024-11-14T00:19:04.401+0000] {dag.py:4180} INFO - Setting next_dagrun for example_bash_operator to 2024-11-13 00:00:00+00:00, run_after=2024-11-14 00:00:00+00:00
[2024-11-14T00:19:04.409+0000] {processor.py:208} INFO - Processing /home/airflow/.local/lib/python3.12/site-packages/airflow/example_dags/example_bash_operator.py took 0.038 seconds
[2024-11-14T00:23:11.753+0000] {processor.py:186} INFO - Started process (PID=79) to work on /home/airflow/.local/lib/python3.12/site-packages/airflow/example_dags/example_bash_operator.py
[2024-11-14T00:23:11.754+0000] {processor.py:914} INFO - Processing file /home/airflow/.local/lib/python3.12/site-packages/airflow/example_dags/example_bash_operator.py for tasks to queue
[2024-11-14T00:23:11.755+0000] {logging_mixin.py:190} INFO - [2024-11-14T00:23:11.755+0000] {dagbag.py:588} INFO - Filling up the DagBag from /home/airflow/.local/lib/python3.12/site-packages/airflow/example_dags/example_bash_operator.py
[2024-11-14T00:23:11.762+0000] {processor.py:925} INFO - DAG(s) 'example_bash_operator' retrieved from /home/airflow/.local/lib/python3.12/site-packages/airflow/example_dags/example_bash_operator.py
[2024-11-14T00:23:11.773+0000] {logging_mixin.py:190} INFO - [2024-11-14T00:23:11.773+0000] {dag.py:3239} INFO - Sync 1 DAGs
[2024-11-14T00:23:11.782+0000] {logging_mixin.py:190} INFO - [2024-11-14T00:23:11.782+0000] {dag.py:4180} INFO - Setting next_dagrun for example_bash_operator to 2024-11-13 00:00:00+00:00, run_after=2024-11-14 00:00:00+00:00
[2024-11-14T00:23:11.788+0000] {processor.py:208} INFO - Processing /home/airflow/.local/lib/python3.12/site-packages/airflow/example_dags/example_bash_operator.py took 0.037 seconds
[2024-11-14T00:23:42.172+0000] {processor.py:186} INFO - Started process (PID=144) to work on /home/airflow/.local/lib/python3.12/site-packages/airflow/example_dags/example_bash_operator.py
[2024-11-14T00:23:42.172+0000] {processor.py:914} INFO - Processing file /home/airflow/.local/lib/python3.12/site-packages/airflow/example_dags/example_bash_operator.py for tasks to queue
[2024-11-14T00:23:42.173+0000] {logging_mixin.py:190} INFO - [2024-11-14T00:23:42.173+0000] {dagbag.py:588} INFO - Filling up the DagBag from /home/airflow/.local/lib/python3.12/site-packages/airflow/example_dags/example_bash_operator.py
[2024-11-14T00:23:42.179+0000] {processor.py:925} INFO - DAG(s) 'example_bash_operator' retrieved from /home/airflow/.local/lib/python3.12/site-packages/airflow/example_dags/example_bash_operator.py
[2024-11-14T00:23:42.189+0000] {logging_mixin.py:190} INFO - [2024-11-14T00:23:42.189+0000] {dag.py:3239} INFO - Sync 1 DAGs
[2024-11-14T00:23:42.198+0000] {logging_mixin.py:190} INFO - [2024-11-14T00:23:42.198+0000] {dag.py:4180} INFO - Setting next_dagrun for example_bash_operator to 2024-11-13 00:00:00+00:00, run_after=2024-11-14 00:00:00+00:00
[2024-11-14T00:23:42.205+0000] {processor.py:208} INFO - Processing /home/airflow/.local/lib/python3.12/site-packages/airflow/example_dags/example_bash_operator.py took 0.036 seconds
[2024-11-14T00:24:13.393+0000] {processor.py:186} INFO - Started process (PID=209) to work on /home/airflow/.local/lib/python3.12/site-packages/airflow/example_dags/example_bash_operator.py
[2024-11-14T00:24:13.397+0000] {processor.py:914} INFO - Processing file /home/airflow/.local/lib/python3.12/site-packages/airflow/example_dags/example_bash_operator.py for tasks to queue
[2024-11-14T00:24:13.398+0000] {logging_mixin.py:190} INFO - [2024-11-14T00:24:13.398+0000] {dagbag.py:588} INFO - Filling up the DagBag from /home/airflow/.local/lib/python3.12/site-packages/airflow/example_dags/example_bash_operator.py
[2024-11-14T00:24:13.403+0000] {processor.py:925} INFO - DAG(s) 'example_bash_operator' retrieved from /home/airflow/.local/lib/python3.12/site-packages/airflow/example_dags/example_bash_operator.py
[2024-11-14T00:24:13.414+0000] {logging_mixin.py:190} INFO - [2024-11-14T00:24:13.414+0000] {dag.py:3239} INFO - Sync 1 DAGs
[2024-11-14T00:24:13.424+0000] {logging_mixin.py:190} INFO - [2024-11-14T00:24:13.424+0000] {dag.py:4180} INFO - Setting next_dagrun for example_bash_operator to 2024-11-13 00:00:00+00:00, run_after=2024-11-14 00:00:00+00:00
[2024-11-14T00:24:13.432+0000] {processor.py:208} INFO - Processing /home/airflow/.local/lib/python3.12/site-packages/airflow/example_dags/example_bash_operator.py took 0.041 seconds
[2024-11-14T00:24:43.836+0000] {processor.py:186} INFO - Started process (PID=274) to work on /home/airflow/.local/lib/python3.12/site-packages/airflow/example_dags/example_bash_operator.py
[2024-11-14T00:24:43.836+0000] {processor.py:914} INFO - Processing file /home/airflow/.local/lib/python3.12/site-packages/airflow/example_dags/example_bash_operator.py for tasks to queue
[2024-11-14T00:24:43.839+0000] {logging_mixin.py:190} INFO - [2024-11-14T00:24:43.838+0000] {dagbag.py:588} INFO - Filling up the DagBag from /home/airflow/.local/lib/python3.12/site-packages/airflow/example_dags/example_bash_operator.py
[2024-11-14T00:24:43.845+0000] {processor.py:925} INFO - DAG(s) 'example_bash_operator' retrieved from /home/airflow/.local/lib/python3.12/site-packages/airflow/example_dags/example_bash_operator.py
[2024-11-14T00:24:43.858+0000] {logging_mixin.py:190} INFO - [2024-11-14T00:24:43.858+0000] {dag.py:3239} INFO - Sync 1 DAGs
[2024-11-14T00:24:43.867+0000] {logging_mixin.py:190} INFO - [2024-11-14T00:24:43.866+0000] {dag.py:4180} INFO - Setting next_dagrun for example_bash_operator to 2024-11-13 00:00:00+00:00, run_after=2024-11-14 00:00:00+00:00
[2024-11-14T00:24:43.876+0000] {processor.py:208} INFO - Processing /home/airflow/.local/lib/python3.12/site-packages/airflow/example_dags/example_bash_operator.py took 0.043 seconds
[2024-11-14T00:25:14.477+0000] {processor.py:186} INFO - Started process (PID=339) to work on /home/airflow/.local/lib/python3.12/site-packages/airflow/example_dags/example_bash_operator.py
[2024-11-14T00:25:14.478+0000] {processor.py:914} INFO - Processing file /home/airflow/.local/lib/python3.12/site-packages/airflow/example_dags/example_bash_operator.py for tasks to queue
[2024-11-14T00:25:14.479+0000] {logging_mixin.py:190} INFO - [2024-11-14T00:25:14.479+0000] {dagbag.py:588} INFO - Filling up the DagBag from /home/airflow/.local/lib/python3.12/site-packages/airflow/example_dags/example_bash_operator.py
[2024-11-14T00:25:14.485+0000] {processor.py:925} INFO - DAG(s) 'example_bash_operator' retrieved from /home/airflow/.local/lib/python3.12/site-packages/airflow/example_dags/example_bash_operator.py
[2024-11-14T00:25:14.496+0000] {logging_mixin.py:190} INFO - [2024-11-14T00:25:14.496+0000] {dag.py:3239} INFO - Sync 1 DAGs
[2024-11-14T00:25:14.505+0000] {logging_mixin.py:190} INFO - [2024-11-14T00:25:14.505+0000] {dag.py:4180} INFO - Setting next_dagrun for example_bash_operator to 2024-11-13 00:00:00+00:00, run_after=2024-11-14 00:00:00+00:00
[2024-11-14T00:25:14.511+0000] {processor.py:208} INFO - Processing /home/airflow/.local/lib/python3.12/site-packages/airflow/example_dags/example_bash_operator.py took 0.036 seconds
[2024-11-14T00:25:45.720+0000] {processor.py:186} INFO - Started process (PID=404) to work on /home/airflow/.local/lib/python3.12/site-packages/airflow/example_dags/example_bash_operator.py
[2024-11-14T00:25:45.721+0000] {processor.py:914} INFO - Processing file /home/airflow/.local/lib/python3.12/site-packages/airflow/example_dags/example_bash_operator.py for tasks to queue
[2024-11-14T00:25:45.722+0000] {logging_mixin.py:190} INFO - [2024-11-14T00:25:45.721+0000] {dagbag.py:588} INFO - Filling up the DagBag from /home/airflow/.local/lib/python3.12/site-packages/airflow/example_dags/example_bash_operator.py
[2024-11-14T00:25:45.727+0000] {processor.py:925} INFO - DAG(s) 'example_bash_operator' retrieved from /home/airflow/.local/lib/python3.12/site-packages/airflow/example_dags/example_bash_operator.py
[2024-11-14T00:25:45.740+0000] {logging_mixin.py:190} INFO - [2024-11-14T00:25:45.740+0000] {dag.py:3239} INFO - Sync 1 DAGs
[2024-11-14T00:25:45.748+0000] {logging_mixin.py:190} INFO - [2024-11-14T00:25:45.748+0000] {dag.py:4180} INFO - Setting next_dagrun for example_bash_operator to 2024-11-13 00:00:00+00:00, run_after=2024-11-14 00:00:00+00:00
[2024-11-14T00:25:45.755+0000] {processor.py:208} INFO - Processing /home/airflow/.local/lib/python3.12/site-packages/airflow/example_dags/example_bash_operator.py took 0.037 seconds
[2024-11-14T00:26:16.097+0000] {processor.py:186} INFO - Started process (PID=469) to work on /home/airflow/.local/lib/python3.12/site-packages/airflow/example_dags/example_bash_operator.py
[2024-11-14T00:26:16.099+0000] {processor.py:914} INFO - Processing file /home/airflow/.local/lib/python3.12/site-packages/airflow/example_dags/example_bash_operator.py for tasks to queue
[2024-11-14T00:26:16.100+0000] {logging_mixin.py:190} INFO - [2024-11-14T00:26:16.100+0000] {dagbag.py:588} INFO - Filling up the DagBag from /home/airflow/.local/lib/python3.12/site-packages/airflow/example_dags/example_bash_operator.py
[2024-11-14T00:26:16.107+0000] {processor.py:925} INFO - DAG(s) 'example_bash_operator' retrieved from /home/airflow/.local/lib/python3.12/site-packages/airflow/example_dags/example_bash_operator.py
[2024-11-14T00:26:16.117+0000] {logging_mixin.py:190} INFO - [2024-11-14T00:26:16.117+0000] {dag.py:3239} INFO - Sync 1 DAGs
[2024-11-14T00:26:16.127+0000] {logging_mixin.py:190} INFO - [2024-11-14T00:26:16.127+0000] {dag.py:4180} INFO - Setting next_dagrun for example_bash_operator to 2024-11-13 00:00:00+00:00, run_after=2024-11-14 00:00:00+00:00
[2024-11-14T00:26:16.137+0000] {processor.py:208} INFO - Processing /home/airflow/.local/lib/python3.12/site-packages/airflow/example_dags/example_bash_operator.py took 0.042 seconds
[2024-11-14T00:32:44.349+0000] {processor.py:186} INFO - Started process (PID=80) to work on /home/airflow/.local/lib/python3.12/site-packages/airflow/example_dags/example_bash_operator.py
[2024-11-14T00:32:44.349+0000] {processor.py:914} INFO - Processing file /home/airflow/.local/lib/python3.12/site-packages/airflow/example_dags/example_bash_operator.py for tasks to queue
[2024-11-14T00:32:44.351+0000] {logging_mixin.py:190} INFO - [2024-11-14T00:32:44.351+0000] {dagbag.py:588} INFO - Filling up the DagBag from /home/airflow/.local/lib/python3.12/site-packages/airflow/example_dags/example_bash_operator.py
[2024-11-14T00:32:44.358+0000] {processor.py:925} INFO - DAG(s) 'example_bash_operator' retrieved from /home/airflow/.local/lib/python3.12/site-packages/airflow/example_dags/example_bash_operator.py
[2024-11-14T00:32:44.403+0000] {logging_mixin.py:190} INFO - [2024-11-14T00:32:44.403+0000] {override.py:1911} INFO - Created Permission View: can read on DAG:example_bash_operator
[2024-11-14T00:32:44.408+0000] {logging_mixin.py:190} INFO - [2024-11-14T00:32:44.408+0000] {override.py:1911} INFO - Created Permission View: can edit on DAG:example_bash_operator
[2024-11-14T00:32:44.411+0000] {logging_mixin.py:190} INFO - [2024-11-14T00:32:44.410+0000] {override.py:1911} INFO - Created Permission View: can delete on DAG:example_bash_operator
[2024-11-14T00:32:44.414+0000] {logging_mixin.py:190} INFO - [2024-11-14T00:32:44.414+0000] {override.py:1911} INFO - Created Permission View: can read on DAG Run:example_bash_operator
[2024-11-14T00:32:44.417+0000] {logging_mixin.py:190} INFO - [2024-11-14T00:32:44.416+0000] {override.py:1911} INFO - Created Permission View: can create on DAG Run:example_bash_operator
[2024-11-14T00:32:44.421+0000] {logging_mixin.py:190} INFO - [2024-11-14T00:32:44.421+0000] {override.py:1911} INFO - Created Permission View: menu access on DAG Run:example_bash_operator
[2024-11-14T00:32:44.425+0000] {logging_mixin.py:190} INFO - [2024-11-14T00:32:44.425+0000] {override.py:1911} INFO - Created Permission View: can delete on DAG Run:example_bash_operator
[2024-11-14T00:32:44.425+0000] {logging_mixin.py:190} INFO - [2024-11-14T00:32:44.425+0000] {dag.py:3239} INFO - Sync 1 DAGs
[2024-11-14T00:32:44.431+0000] {logging_mixin.py:190} INFO - [2024-11-14T00:32:44.431+0000] {dag.py:3262} INFO - Creating ORM DAG for example_bash_operator
[2024-11-14T00:32:44.435+0000] {logging_mixin.py:190} INFO - [2024-11-14T00:32:44.435+0000] {dag.py:4180} INFO - Setting next_dagrun for example_bash_operator to 2024-11-13 00:00:00+00:00, run_after=2024-11-14 00:00:00+00:00
[2024-11-14T00:32:44.441+0000] {processor.py:208} INFO - Processing /home/airflow/.local/lib/python3.12/site-packages/airflow/example_dags/example_bash_operator.py took 0.095 seconds
[2024-11-14T00:33:14.732+0000] {processor.py:186} INFO - Started process (PID=145) to work on /home/airflow/.local/lib/python3.12/site-packages/airflow/example_dags/example_bash_operator.py
[2024-11-14T00:33:14.733+0000] {processor.py:914} INFO - Processing file /home/airflow/.local/lib/python3.12/site-packages/airflow/example_dags/example_bash_operator.py for tasks to queue
[2024-11-14T00:33:14.734+0000] {logging_mixin.py:190} INFO - [2024-11-14T00:33:14.734+0000] {dagbag.py:588} INFO - Filling up the DagBag from /home/airflow/.local/lib/python3.12/site-packages/airflow/example_dags/example_bash_operator.py
[2024-11-14T00:33:14.743+0000] {processor.py:925} INFO - DAG(s) 'example_bash_operator' retrieved from /home/airflow/.local/lib/python3.12/site-packages/airflow/example_dags/example_bash_operator.py
[2024-11-14T00:33:14.756+0000] {logging_mixin.py:190} INFO - [2024-11-14T00:33:14.756+0000] {dag.py:3239} INFO - Sync 1 DAGs
[2024-11-14T00:33:14.767+0000] {logging_mixin.py:190} INFO - [2024-11-14T00:33:14.767+0000] {dag.py:4180} INFO - Setting next_dagrun for example_bash_operator to 2024-11-13 00:00:00+00:00, run_after=2024-11-14 00:00:00+00:00
[2024-11-14T00:33:14.776+0000] {processor.py:208} INFO - Processing /home/airflow/.local/lib/python3.12/site-packages/airflow/example_dags/example_bash_operator.py took 0.047 seconds
