[2024-11-14T00:02:18.416+0000] {processor.py:186} INFO - Started process (PID=59) to work on /home/airflow/.local/lib/python3.12/site-packages/airflow/example_dags/example_bash_decorator.py
[2024-11-14T00:02:18.418+0000] {processor.py:914} INFO - Processing file /home/airflow/.local/lib/python3.12/site-packages/airflow/example_dags/example_bash_decorator.py for tasks to queue
[2024-11-14T00:02:18.419+0000] {logging_mixin.py:190} INFO - [2024-11-14T00:02:18.419+0000] {dagbag.py:588} INFO - Filling up the DagBag from /home/airflow/.local/lib/python3.12/site-packages/airflow/example_dags/example_bash_decorator.py
[2024-11-14T00:02:18.428+0000] {processor.py:925} INFO - DAG(s) 'example_bash_decorator' retrieved from /home/airflow/.local/lib/python3.12/site-packages/airflow/example_dags/example_bash_decorator.py
[2024-11-14T00:02:18.474+0000] {logging_mixin.py:190} INFO - [2024-11-14T00:02:18.474+0000] {override.py:1911} INFO - Created Permission View: can delete on DAG:example_bash_decorator
[2024-11-14T00:02:18.479+0000] {logging_mixin.py:190} INFO - [2024-11-14T00:02:18.479+0000] {override.py:1911} INFO - Created Permission View: can read on DAG:example_bash_decorator
[2024-11-14T00:02:18.481+0000] {logging_mixin.py:190} INFO - [2024-11-14T00:02:18.481+0000] {override.py:1911} INFO - Created Permission View: can edit on DAG:example_bash_decorator
[2024-11-14T00:02:18.484+0000] {logging_mixin.py:190} INFO - [2024-11-14T00:02:18.484+0000] {override.py:1911} INFO - Created Permission View: can create on DAG Run:example_bash_decorator
[2024-11-14T00:02:18.487+0000] {logging_mixin.py:190} INFO - [2024-11-14T00:02:18.487+0000] {override.py:1911} INFO - Created Permission View: can delete on DAG Run:example_bash_decorator
[2024-11-14T00:02:18.489+0000] {logging_mixin.py:190} INFO - [2024-11-14T00:02:18.489+0000] {override.py:1911} INFO - Created Permission View: menu access on DAG Run:example_bash_decorator
[2024-11-14T00:02:18.494+0000] {logging_mixin.py:190} INFO - [2024-11-14T00:02:18.494+0000] {override.py:1911} INFO - Created Permission View: can read on DAG Run:example_bash_decorator
[2024-11-14T00:02:18.494+0000] {logging_mixin.py:190} INFO - [2024-11-14T00:02:18.494+0000] {dag.py:3239} INFO - Sync 1 DAGs
[2024-11-14T00:02:18.499+0000] {logging_mixin.py:190} INFO - [2024-11-14T00:02:18.499+0000] {dag.py:3262} INFO - Creating ORM DAG for example_bash_decorator
[2024-11-14T00:02:18.499+0000] {logging_mixin.py:190} INFO - [2024-11-14T00:02:18.499+0000] {dag.py:4180} INFO - Setting next_dagrun for example_bash_decorator to None, run_after=None
[2024-11-14T00:02:18.507+0000] {processor.py:208} INFO - Processing /home/airflow/.local/lib/python3.12/site-packages/airflow/example_dags/example_bash_decorator.py took 0.093 seconds
[2024-11-14T00:02:49.059+0000] {processor.py:186} INFO - Started process (PID=121) to work on /home/airflow/.local/lib/python3.12/site-packages/airflow/example_dags/example_bash_decorator.py
[2024-11-14T00:02:49.061+0000] {processor.py:914} INFO - Processing file /home/airflow/.local/lib/python3.12/site-packages/airflow/example_dags/example_bash_decorator.py for tasks to queue
[2024-11-14T00:02:49.063+0000] {logging_mixin.py:190} INFO - [2024-11-14T00:02:49.062+0000] {dagbag.py:588} INFO - Filling up the DagBag from /home/airflow/.local/lib/python3.12/site-packages/airflow/example_dags/example_bash_decorator.py
[2024-11-14T00:02:49.070+0000] {processor.py:925} INFO - DAG(s) 'example_bash_decorator' retrieved from /home/airflow/.local/lib/python3.12/site-packages/airflow/example_dags/example_bash_decorator.py
[2024-11-14T00:02:49.080+0000] {logging_mixin.py:190} INFO - [2024-11-14T00:02:49.080+0000] {dag.py:3239} INFO - Sync 1 DAGs
[2024-11-14T00:02:49.085+0000] {logging_mixin.py:190} INFO - [2024-11-14T00:02:49.085+0000] {dag.py:4180} INFO - Setting next_dagrun for example_bash_decorator to None, run_after=None
[2024-11-14T00:02:49.093+0000] {processor.py:208} INFO - Processing /home/airflow/.local/lib/python3.12/site-packages/airflow/example_dags/example_bash_decorator.py took 0.036 seconds
[2024-11-14T00:03:19.492+0000] {processor.py:186} INFO - Started process (PID=183) to work on /home/airflow/.local/lib/python3.12/site-packages/airflow/example_dags/example_bash_decorator.py
[2024-11-14T00:03:19.494+0000] {processor.py:914} INFO - Processing file /home/airflow/.local/lib/python3.12/site-packages/airflow/example_dags/example_bash_decorator.py for tasks to queue
[2024-11-14T00:03:19.495+0000] {logging_mixin.py:190} INFO - [2024-11-14T00:03:19.495+0000] {dagbag.py:588} INFO - Filling up the DagBag from /home/airflow/.local/lib/python3.12/site-packages/airflow/example_dags/example_bash_decorator.py
[2024-11-14T00:03:19.502+0000] {processor.py:925} INFO - DAG(s) 'example_bash_decorator' retrieved from /home/airflow/.local/lib/python3.12/site-packages/airflow/example_dags/example_bash_decorator.py
[2024-11-14T00:03:19.511+0000] {logging_mixin.py:190} INFO - [2024-11-14T00:03:19.511+0000] {dag.py:3239} INFO - Sync 1 DAGs
[2024-11-14T00:03:19.518+0000] {logging_mixin.py:190} INFO - [2024-11-14T00:03:19.518+0000] {dag.py:4180} INFO - Setting next_dagrun for example_bash_decorator to None, run_after=None
[2024-11-14T00:03:19.527+0000] {processor.py:208} INFO - Processing /home/airflow/.local/lib/python3.12/site-packages/airflow/example_dags/example_bash_decorator.py took 0.037 seconds
[2024-11-14T00:03:49.927+0000] {processor.py:186} INFO - Started process (PID=245) to work on /home/airflow/.local/lib/python3.12/site-packages/airflow/example_dags/example_bash_decorator.py
[2024-11-14T00:03:49.929+0000] {processor.py:914} INFO - Processing file /home/airflow/.local/lib/python3.12/site-packages/airflow/example_dags/example_bash_decorator.py for tasks to queue
[2024-11-14T00:03:49.930+0000] {logging_mixin.py:190} INFO - [2024-11-14T00:03:49.930+0000] {dagbag.py:588} INFO - Filling up the DagBag from /home/airflow/.local/lib/python3.12/site-packages/airflow/example_dags/example_bash_decorator.py
[2024-11-14T00:03:49.936+0000] {processor.py:925} INFO - DAG(s) 'example_bash_decorator' retrieved from /home/airflow/.local/lib/python3.12/site-packages/airflow/example_dags/example_bash_decorator.py
[2024-11-14T00:03:49.946+0000] {logging_mixin.py:190} INFO - [2024-11-14T00:03:49.946+0000] {dag.py:3239} INFO - Sync 1 DAGs
[2024-11-14T00:03:49.952+0000] {logging_mixin.py:190} INFO - [2024-11-14T00:03:49.952+0000] {dag.py:4180} INFO - Setting next_dagrun for example_bash_decorator to None, run_after=None
[2024-11-14T00:03:49.958+0000] {processor.py:208} INFO - Processing /home/airflow/.local/lib/python3.12/site-packages/airflow/example_dags/example_bash_decorator.py took 0.033 seconds
[2024-11-14T00:04:21.282+0000] {processor.py:186} INFO - Started process (PID=314) to work on /home/airflow/.local/lib/python3.12/site-packages/airflow/example_dags/example_bash_decorator.py
[2024-11-14T00:04:21.283+0000] {processor.py:914} INFO - Processing file /home/airflow/.local/lib/python3.12/site-packages/airflow/example_dags/example_bash_decorator.py for tasks to queue
[2024-11-14T00:04:21.284+0000] {logging_mixin.py:190} INFO - [2024-11-14T00:04:21.284+0000] {dagbag.py:588} INFO - Filling up the DagBag from /home/airflow/.local/lib/python3.12/site-packages/airflow/example_dags/example_bash_decorator.py
[2024-11-14T00:04:21.290+0000] {processor.py:925} INFO - DAG(s) 'example_bash_decorator' retrieved from /home/airflow/.local/lib/python3.12/site-packages/airflow/example_dags/example_bash_decorator.py
[2024-11-14T00:04:21.300+0000] {logging_mixin.py:190} INFO - [2024-11-14T00:04:21.300+0000] {dag.py:3239} INFO - Sync 1 DAGs
[2024-11-14T00:04:21.306+0000] {logging_mixin.py:190} INFO - [2024-11-14T00:04:21.305+0000] {dag.py:4180} INFO - Setting next_dagrun for example_bash_decorator to None, run_after=None
[2024-11-14T00:04:21.313+0000] {processor.py:208} INFO - Processing /home/airflow/.local/lib/python3.12/site-packages/airflow/example_dags/example_bash_decorator.py took 0.034 seconds
[2024-11-14T00:04:52.570+0000] {processor.py:186} INFO - Started process (PID=377) to work on /home/airflow/.local/lib/python3.12/site-packages/airflow/example_dags/example_bash_decorator.py
[2024-11-14T00:04:52.571+0000] {processor.py:914} INFO - Processing file /home/airflow/.local/lib/python3.12/site-packages/airflow/example_dags/example_bash_decorator.py for tasks to queue
[2024-11-14T00:04:52.572+0000] {logging_mixin.py:190} INFO - [2024-11-14T00:04:52.571+0000] {dagbag.py:588} INFO - Filling up the DagBag from /home/airflow/.local/lib/python3.12/site-packages/airflow/example_dags/example_bash_decorator.py
[2024-11-14T00:04:52.578+0000] {processor.py:925} INFO - DAG(s) 'example_bash_decorator' retrieved from /home/airflow/.local/lib/python3.12/site-packages/airflow/example_dags/example_bash_decorator.py
[2024-11-14T00:04:52.590+0000] {logging_mixin.py:190} INFO - [2024-11-14T00:04:52.589+0000] {dag.py:3239} INFO - Sync 1 DAGs
[2024-11-14T00:04:52.594+0000] {logging_mixin.py:190} INFO - [2024-11-14T00:04:52.594+0000] {dag.py:4180} INFO - Setting next_dagrun for example_bash_decorator to None, run_after=None
[2024-11-14T00:04:52.604+0000] {processor.py:208} INFO - Processing /home/airflow/.local/lib/python3.12/site-packages/airflow/example_dags/example_bash_decorator.py took 0.036 seconds
[2024-11-14T00:05:23.848+0000] {processor.py:186} INFO - Started process (PID=440) to work on /home/airflow/.local/lib/python3.12/site-packages/airflow/example_dags/example_bash_decorator.py
[2024-11-14T00:05:23.851+0000] {processor.py:914} INFO - Processing file /home/airflow/.local/lib/python3.12/site-packages/airflow/example_dags/example_bash_decorator.py for tasks to queue
[2024-11-14T00:05:23.852+0000] {logging_mixin.py:190} INFO - [2024-11-14T00:05:23.852+0000] {dagbag.py:588} INFO - Filling up the DagBag from /home/airflow/.local/lib/python3.12/site-packages/airflow/example_dags/example_bash_decorator.py
[2024-11-14T00:05:23.859+0000] {processor.py:925} INFO - DAG(s) 'example_bash_decorator' retrieved from /home/airflow/.local/lib/python3.12/site-packages/airflow/example_dags/example_bash_decorator.py
[2024-11-14T00:05:23.868+0000] {logging_mixin.py:190} INFO - [2024-11-14T00:05:23.868+0000] {dag.py:3239} INFO - Sync 1 DAGs
[2024-11-14T00:05:23.873+0000] {logging_mixin.py:190} INFO - [2024-11-14T00:05:23.873+0000] {dag.py:4180} INFO - Setting next_dagrun for example_bash_decorator to None, run_after=None
[2024-11-14T00:05:23.881+0000] {processor.py:208} INFO - Processing /home/airflow/.local/lib/python3.12/site-packages/airflow/example_dags/example_bash_decorator.py took 0.035 seconds
[2024-11-14T00:05:55.331+0000] {processor.py:186} INFO - Started process (PID=503) to work on /home/airflow/.local/lib/python3.12/site-packages/airflow/example_dags/example_bash_decorator.py
[2024-11-14T00:05:55.331+0000] {processor.py:914} INFO - Processing file /home/airflow/.local/lib/python3.12/site-packages/airflow/example_dags/example_bash_decorator.py for tasks to queue
[2024-11-14T00:05:55.335+0000] {logging_mixin.py:190} INFO - [2024-11-14T00:05:55.334+0000] {dagbag.py:588} INFO - Filling up the DagBag from /home/airflow/.local/lib/python3.12/site-packages/airflow/example_dags/example_bash_decorator.py
[2024-11-14T00:05:55.343+0000] {processor.py:925} INFO - DAG(s) 'example_bash_decorator' retrieved from /home/airflow/.local/lib/python3.12/site-packages/airflow/example_dags/example_bash_decorator.py
[2024-11-14T00:05:55.357+0000] {logging_mixin.py:190} INFO - [2024-11-14T00:05:55.357+0000] {dag.py:3239} INFO - Sync 1 DAGs
[2024-11-14T00:05:55.365+0000] {logging_mixin.py:190} INFO - [2024-11-14T00:05:55.365+0000] {dag.py:4180} INFO - Setting next_dagrun for example_bash_decorator to None, run_after=None
[2024-11-14T00:05:55.377+0000] {processor.py:208} INFO - Processing /home/airflow/.local/lib/python3.12/site-packages/airflow/example_dags/example_bash_decorator.py took 0.052 seconds
[2024-11-14T00:06:25.665+0000] {processor.py:186} INFO - Started process (PID=566) to work on /home/airflow/.local/lib/python3.12/site-packages/airflow/example_dags/example_bash_decorator.py
[2024-11-14T00:06:25.666+0000] {processor.py:914} INFO - Processing file /home/airflow/.local/lib/python3.12/site-packages/airflow/example_dags/example_bash_decorator.py for tasks to queue
[2024-11-14T00:06:25.667+0000] {logging_mixin.py:190} INFO - [2024-11-14T00:06:25.667+0000] {dagbag.py:588} INFO - Filling up the DagBag from /home/airflow/.local/lib/python3.12/site-packages/airflow/example_dags/example_bash_decorator.py
[2024-11-14T00:06:25.674+0000] {processor.py:925} INFO - DAG(s) 'example_bash_decorator' retrieved from /home/airflow/.local/lib/python3.12/site-packages/airflow/example_dags/example_bash_decorator.py
[2024-11-14T00:06:25.683+0000] {logging_mixin.py:190} INFO - [2024-11-14T00:06:25.683+0000] {dag.py:3239} INFO - Sync 1 DAGs
[2024-11-14T00:06:25.689+0000] {logging_mixin.py:190} INFO - [2024-11-14T00:06:25.689+0000] {dag.py:4180} INFO - Setting next_dagrun for example_bash_decorator to None, run_after=None
[2024-11-14T00:06:25.697+0000] {processor.py:208} INFO - Processing /home/airflow/.local/lib/python3.12/site-packages/airflow/example_dags/example_bash_decorator.py took 0.034 seconds
[2024-11-14T00:06:56.886+0000] {processor.py:186} INFO - Started process (PID=628) to work on /home/airflow/.local/lib/python3.12/site-packages/airflow/example_dags/example_bash_decorator.py
[2024-11-14T00:06:56.887+0000] {processor.py:914} INFO - Processing file /home/airflow/.local/lib/python3.12/site-packages/airflow/example_dags/example_bash_decorator.py for tasks to queue
[2024-11-14T00:06:56.889+0000] {logging_mixin.py:190} INFO - [2024-11-14T00:06:56.889+0000] {dagbag.py:588} INFO - Filling up the DagBag from /home/airflow/.local/lib/python3.12/site-packages/airflow/example_dags/example_bash_decorator.py
[2024-11-14T00:06:56.895+0000] {processor.py:925} INFO - DAG(s) 'example_bash_decorator' retrieved from /home/airflow/.local/lib/python3.12/site-packages/airflow/example_dags/example_bash_decorator.py
[2024-11-14T00:06:56.907+0000] {logging_mixin.py:190} INFO - [2024-11-14T00:06:56.907+0000] {dag.py:3239} INFO - Sync 1 DAGs
[2024-11-14T00:06:56.912+0000] {logging_mixin.py:190} INFO - [2024-11-14T00:06:56.912+0000] {dag.py:4180} INFO - Setting next_dagrun for example_bash_decorator to None, run_after=None
[2024-11-14T00:06:56.918+0000] {processor.py:208} INFO - Processing /home/airflow/.local/lib/python3.12/site-packages/airflow/example_dags/example_bash_decorator.py took 0.035 seconds
[2024-11-14T00:07:28.127+0000] {processor.py:186} INFO - Started process (PID=691) to work on /home/airflow/.local/lib/python3.12/site-packages/airflow/example_dags/example_bash_decorator.py
[2024-11-14T00:07:28.127+0000] {processor.py:914} INFO - Processing file /home/airflow/.local/lib/python3.12/site-packages/airflow/example_dags/example_bash_decorator.py for tasks to queue
[2024-11-14T00:07:28.128+0000] {logging_mixin.py:190} INFO - [2024-11-14T00:07:28.128+0000] {dagbag.py:588} INFO - Filling up the DagBag from /home/airflow/.local/lib/python3.12/site-packages/airflow/example_dags/example_bash_decorator.py
[2024-11-14T00:07:28.135+0000] {processor.py:925} INFO - DAG(s) 'example_bash_decorator' retrieved from /home/airflow/.local/lib/python3.12/site-packages/airflow/example_dags/example_bash_decorator.py
[2024-11-14T00:07:28.144+0000] {logging_mixin.py:190} INFO - [2024-11-14T00:07:28.144+0000] {dag.py:3239} INFO - Sync 1 DAGs
[2024-11-14T00:07:28.150+0000] {logging_mixin.py:190} INFO - [2024-11-14T00:07:28.150+0000] {dag.py:4180} INFO - Setting next_dagrun for example_bash_decorator to None, run_after=None
[2024-11-14T00:07:28.158+0000] {processor.py:208} INFO - Processing /home/airflow/.local/lib/python3.12/site-packages/airflow/example_dags/example_bash_decorator.py took 0.034 seconds
[2024-11-14T00:07:58.656+0000] {processor.py:186} INFO - Started process (PID=754) to work on /home/airflow/.local/lib/python3.12/site-packages/airflow/example_dags/example_bash_decorator.py
[2024-11-14T00:07:58.658+0000] {processor.py:914} INFO - Processing file /home/airflow/.local/lib/python3.12/site-packages/airflow/example_dags/example_bash_decorator.py for tasks to queue
[2024-11-14T00:07:58.659+0000] {logging_mixin.py:190} INFO - [2024-11-14T00:07:58.659+0000] {dagbag.py:588} INFO - Filling up the DagBag from /home/airflow/.local/lib/python3.12/site-packages/airflow/example_dags/example_bash_decorator.py
[2024-11-14T00:07:58.666+0000] {processor.py:925} INFO - DAG(s) 'example_bash_decorator' retrieved from /home/airflow/.local/lib/python3.12/site-packages/airflow/example_dags/example_bash_decorator.py
[2024-11-14T00:07:58.675+0000] {logging_mixin.py:190} INFO - [2024-11-14T00:07:58.675+0000] {dag.py:3239} INFO - Sync 1 DAGs
[2024-11-14T00:07:58.680+0000] {logging_mixin.py:190} INFO - [2024-11-14T00:07:58.680+0000] {dag.py:4180} INFO - Setting next_dagrun for example_bash_decorator to None, run_after=None
[2024-11-14T00:07:58.689+0000] {processor.py:208} INFO - Processing /home/airflow/.local/lib/python3.12/site-packages/airflow/example_dags/example_bash_decorator.py took 0.036 seconds
[2024-11-14T00:08:29.942+0000] {processor.py:186} INFO - Started process (PID=817) to work on /home/airflow/.local/lib/python3.12/site-packages/airflow/example_dags/example_bash_decorator.py
[2024-11-14T00:08:29.943+0000] {processor.py:914} INFO - Processing file /home/airflow/.local/lib/python3.12/site-packages/airflow/example_dags/example_bash_decorator.py for tasks to queue
[2024-11-14T00:08:29.944+0000] {logging_mixin.py:190} INFO - [2024-11-14T00:08:29.944+0000] {dagbag.py:588} INFO - Filling up the DagBag from /home/airflow/.local/lib/python3.12/site-packages/airflow/example_dags/example_bash_decorator.py
[2024-11-14T00:08:29.953+0000] {processor.py:925} INFO - DAG(s) 'example_bash_decorator' retrieved from /home/airflow/.local/lib/python3.12/site-packages/airflow/example_dags/example_bash_decorator.py
[2024-11-14T00:08:29.964+0000] {logging_mixin.py:190} INFO - [2024-11-14T00:08:29.964+0000] {dag.py:3239} INFO - Sync 1 DAGs
[2024-11-14T00:08:29.969+0000] {logging_mixin.py:190} INFO - [2024-11-14T00:08:29.969+0000] {dag.py:4180} INFO - Setting next_dagrun for example_bash_decorator to None, run_after=None
[2024-11-14T00:08:29.977+0000] {processor.py:208} INFO - Processing /home/airflow/.local/lib/python3.12/site-packages/airflow/example_dags/example_bash_decorator.py took 0.037 seconds
[2024-11-14T00:09:01.273+0000] {processor.py:186} INFO - Started process (PID=880) to work on /home/airflow/.local/lib/python3.12/site-packages/airflow/example_dags/example_bash_decorator.py
[2024-11-14T00:09:01.275+0000] {processor.py:914} INFO - Processing file /home/airflow/.local/lib/python3.12/site-packages/airflow/example_dags/example_bash_decorator.py for tasks to queue
[2024-11-14T00:09:01.276+0000] {logging_mixin.py:190} INFO - [2024-11-14T00:09:01.276+0000] {dagbag.py:588} INFO - Filling up the DagBag from /home/airflow/.local/lib/python3.12/site-packages/airflow/example_dags/example_bash_decorator.py
[2024-11-14T00:09:01.282+0000] {processor.py:925} INFO - DAG(s) 'example_bash_decorator' retrieved from /home/airflow/.local/lib/python3.12/site-packages/airflow/example_dags/example_bash_decorator.py
[2024-11-14T00:09:01.292+0000] {logging_mixin.py:190} INFO - [2024-11-14T00:09:01.292+0000] {dag.py:3239} INFO - Sync 1 DAGs
[2024-11-14T00:09:01.298+0000] {logging_mixin.py:190} INFO - [2024-11-14T00:09:01.298+0000] {dag.py:4180} INFO - Setting next_dagrun for example_bash_decorator to None, run_after=None
[2024-11-14T00:09:01.307+0000] {processor.py:208} INFO - Processing /home/airflow/.local/lib/python3.12/site-packages/airflow/example_dags/example_bash_decorator.py took 0.036 seconds
[2024-11-14T00:09:32.445+0000] {processor.py:186} INFO - Started process (PID=943) to work on /home/airflow/.local/lib/python3.12/site-packages/airflow/example_dags/example_bash_decorator.py
[2024-11-14T00:09:32.447+0000] {processor.py:914} INFO - Processing file /home/airflow/.local/lib/python3.12/site-packages/airflow/example_dags/example_bash_decorator.py for tasks to queue
[2024-11-14T00:09:32.448+0000] {logging_mixin.py:190} INFO - [2024-11-14T00:09:32.447+0000] {dagbag.py:588} INFO - Filling up the DagBag from /home/airflow/.local/lib/python3.12/site-packages/airflow/example_dags/example_bash_decorator.py
[2024-11-14T00:09:32.455+0000] {processor.py:925} INFO - DAG(s) 'example_bash_decorator' retrieved from /home/airflow/.local/lib/python3.12/site-packages/airflow/example_dags/example_bash_decorator.py
[2024-11-14T00:09:32.465+0000] {logging_mixin.py:190} INFO - [2024-11-14T00:09:32.465+0000] {dag.py:3239} INFO - Sync 1 DAGs
[2024-11-14T00:09:32.472+0000] {logging_mixin.py:190} INFO - [2024-11-14T00:09:32.472+0000] {dag.py:4180} INFO - Setting next_dagrun for example_bash_decorator to None, run_after=None
[2024-11-14T00:09:32.480+0000] {processor.py:208} INFO - Processing /home/airflow/.local/lib/python3.12/site-packages/airflow/example_dags/example_bash_decorator.py took 0.037 seconds
[2024-11-14T00:12:55.816+0000] {processor.py:186} INFO - Started process (PID=59) to work on /home/airflow/.local/lib/python3.12/site-packages/airflow/example_dags/example_bash_decorator.py
[2024-11-14T00:12:55.817+0000] {processor.py:914} INFO - Processing file /home/airflow/.local/lib/python3.12/site-packages/airflow/example_dags/example_bash_decorator.py for tasks to queue
[2024-11-14T00:12:55.818+0000] {logging_mixin.py:190} INFO - [2024-11-14T00:12:55.818+0000] {dagbag.py:588} INFO - Filling up the DagBag from /home/airflow/.local/lib/python3.12/site-packages/airflow/example_dags/example_bash_decorator.py
[2024-11-14T00:12:55.830+0000] {processor.py:925} INFO - DAG(s) 'example_bash_decorator' retrieved from /home/airflow/.local/lib/python3.12/site-packages/airflow/example_dags/example_bash_decorator.py
[2024-11-14T00:12:55.894+0000] {logging_mixin.py:190} INFO - [2024-11-14T00:12:55.894+0000] {override.py:1911} INFO - Created Permission View: can delete on DAG:example_bash_decorator
[2024-11-14T00:12:55.903+0000] {logging_mixin.py:190} INFO - [2024-11-14T00:12:55.903+0000] {override.py:1911} INFO - Created Permission View: can read on DAG:example_bash_decorator
[2024-11-14T00:12:55.906+0000] {logging_mixin.py:190} INFO - [2024-11-14T00:12:55.906+0000] {override.py:1911} INFO - Created Permission View: can edit on DAG:example_bash_decorator
[2024-11-14T00:12:55.911+0000] {logging_mixin.py:190} INFO - [2024-11-14T00:12:55.911+0000] {override.py:1911} INFO - Created Permission View: can delete on DAG Run:example_bash_decorator
[2024-11-14T00:12:55.914+0000] {logging_mixin.py:190} INFO - [2024-11-14T00:12:55.914+0000] {override.py:1911} INFO - Created Permission View: can read on DAG Run:example_bash_decorator
[2024-11-14T00:12:55.917+0000] {logging_mixin.py:190} INFO - [2024-11-14T00:12:55.917+0000] {override.py:1911} INFO - Created Permission View: can create on DAG Run:example_bash_decorator
[2024-11-14T00:12:55.919+0000] {logging_mixin.py:190} INFO - [2024-11-14T00:12:55.919+0000] {override.py:1911} INFO - Created Permission View: menu access on DAG Run:example_bash_decorator
[2024-11-14T00:12:55.920+0000] {logging_mixin.py:190} INFO - [2024-11-14T00:12:55.920+0000] {dag.py:3239} INFO - Sync 1 DAGs
[2024-11-14T00:12:55.926+0000] {logging_mixin.py:190} INFO - [2024-11-14T00:12:55.926+0000] {dag.py:3262} INFO - Creating ORM DAG for example_bash_decorator
[2024-11-14T00:12:55.927+0000] {logging_mixin.py:190} INFO - [2024-11-14T00:12:55.926+0000] {dag.py:4180} INFO - Setting next_dagrun for example_bash_decorator to None, run_after=None
[2024-11-14T00:12:55.932+0000] {processor.py:208} INFO - Processing /home/airflow/.local/lib/python3.12/site-packages/airflow/example_dags/example_bash_decorator.py took 0.119 seconds
[2024-11-14T00:13:26.808+0000] {processor.py:186} INFO - Started process (PID=123) to work on /home/airflow/.local/lib/python3.12/site-packages/airflow/example_dags/example_bash_decorator.py
[2024-11-14T00:13:26.810+0000] {processor.py:914} INFO - Processing file /home/airflow/.local/lib/python3.12/site-packages/airflow/example_dags/example_bash_decorator.py for tasks to queue
[2024-11-14T00:13:26.811+0000] {logging_mixin.py:190} INFO - [2024-11-14T00:13:26.811+0000] {dagbag.py:588} INFO - Filling up the DagBag from /home/airflow/.local/lib/python3.12/site-packages/airflow/example_dags/example_bash_decorator.py
[2024-11-14T00:13:26.821+0000] {processor.py:925} INFO - DAG(s) 'example_bash_decorator' retrieved from /home/airflow/.local/lib/python3.12/site-packages/airflow/example_dags/example_bash_decorator.py
[2024-11-14T00:13:26.831+0000] {logging_mixin.py:190} INFO - [2024-11-14T00:13:26.831+0000] {dag.py:3239} INFO - Sync 1 DAGs
[2024-11-14T00:13:26.837+0000] {logging_mixin.py:190} INFO - [2024-11-14T00:13:26.837+0000] {dag.py:4180} INFO - Setting next_dagrun for example_bash_decorator to None, run_after=None
[2024-11-14T00:13:26.847+0000] {processor.py:208} INFO - Processing /home/airflow/.local/lib/python3.12/site-packages/airflow/example_dags/example_bash_decorator.py took 0.041 seconds
[2024-11-14T00:13:57.345+0000] {processor.py:186} INFO - Started process (PID=187) to work on /home/airflow/.local/lib/python3.12/site-packages/airflow/example_dags/example_bash_decorator.py
[2024-11-14T00:13:57.345+0000] {processor.py:914} INFO - Processing file /home/airflow/.local/lib/python3.12/site-packages/airflow/example_dags/example_bash_decorator.py for tasks to queue
[2024-11-14T00:13:57.346+0000] {logging_mixin.py:190} INFO - [2024-11-14T00:13:57.346+0000] {dagbag.py:588} INFO - Filling up the DagBag from /home/airflow/.local/lib/python3.12/site-packages/airflow/example_dags/example_bash_decorator.py
[2024-11-14T00:13:57.353+0000] {processor.py:925} INFO - DAG(s) 'example_bash_decorator' retrieved from /home/airflow/.local/lib/python3.12/site-packages/airflow/example_dags/example_bash_decorator.py
[2024-11-14T00:13:57.361+0000] {logging_mixin.py:190} INFO - [2024-11-14T00:13:57.361+0000] {dag.py:3239} INFO - Sync 1 DAGs
[2024-11-14T00:13:57.366+0000] {logging_mixin.py:190} INFO - [2024-11-14T00:13:57.366+0000] {dag.py:4180} INFO - Setting next_dagrun for example_bash_decorator to None, run_after=None
[2024-11-14T00:13:57.376+0000] {processor.py:208} INFO - Processing /home/airflow/.local/lib/python3.12/site-packages/airflow/example_dags/example_bash_decorator.py took 0.033 seconds
[2024-11-14T00:14:27.833+0000] {processor.py:186} INFO - Started process (PID=251) to work on /home/airflow/.local/lib/python3.12/site-packages/airflow/example_dags/example_bash_decorator.py
[2024-11-14T00:14:27.833+0000] {processor.py:914} INFO - Processing file /home/airflow/.local/lib/python3.12/site-packages/airflow/example_dags/example_bash_decorator.py for tasks to queue
[2024-11-14T00:14:27.834+0000] {logging_mixin.py:190} INFO - [2024-11-14T00:14:27.834+0000] {dagbag.py:588} INFO - Filling up the DagBag from /home/airflow/.local/lib/python3.12/site-packages/airflow/example_dags/example_bash_decorator.py
[2024-11-14T00:14:27.841+0000] {processor.py:925} INFO - DAG(s) 'example_bash_decorator' retrieved from /home/airflow/.local/lib/python3.12/site-packages/airflow/example_dags/example_bash_decorator.py
[2024-11-14T00:14:27.853+0000] {logging_mixin.py:190} INFO - [2024-11-14T00:14:27.853+0000] {dag.py:3239} INFO - Sync 1 DAGs
[2024-11-14T00:14:27.859+0000] {logging_mixin.py:190} INFO - [2024-11-14T00:14:27.859+0000] {dag.py:4180} INFO - Setting next_dagrun for example_bash_decorator to None, run_after=None
[2024-11-14T00:14:27.868+0000] {processor.py:208} INFO - Processing /home/airflow/.local/lib/python3.12/site-packages/airflow/example_dags/example_bash_decorator.py took 0.038 seconds
[2024-11-14T00:14:58.178+0000] {processor.py:186} INFO - Started process (PID=315) to work on /home/airflow/.local/lib/python3.12/site-packages/airflow/example_dags/example_bash_decorator.py
[2024-11-14T00:14:58.179+0000] {processor.py:914} INFO - Processing file /home/airflow/.local/lib/python3.12/site-packages/airflow/example_dags/example_bash_decorator.py for tasks to queue
[2024-11-14T00:14:58.180+0000] {logging_mixin.py:190} INFO - [2024-11-14T00:14:58.180+0000] {dagbag.py:588} INFO - Filling up the DagBag from /home/airflow/.local/lib/python3.12/site-packages/airflow/example_dags/example_bash_decorator.py
[2024-11-14T00:14:58.187+0000] {processor.py:925} INFO - DAG(s) 'example_bash_decorator' retrieved from /home/airflow/.local/lib/python3.12/site-packages/airflow/example_dags/example_bash_decorator.py
[2024-11-14T00:14:58.196+0000] {logging_mixin.py:190} INFO - [2024-11-14T00:14:58.196+0000] {dag.py:3239} INFO - Sync 1 DAGs
[2024-11-14T00:14:58.202+0000] {logging_mixin.py:190} INFO - [2024-11-14T00:14:58.202+0000] {dag.py:4180} INFO - Setting next_dagrun for example_bash_decorator to None, run_after=None
[2024-11-14T00:14:58.211+0000] {processor.py:208} INFO - Processing /home/airflow/.local/lib/python3.12/site-packages/airflow/example_dags/example_bash_decorator.py took 0.035 seconds
[2024-11-14T00:15:28.559+0000] {processor.py:186} INFO - Started process (PID=385) to work on /home/airflow/.local/lib/python3.12/site-packages/airflow/example_dags/example_bash_decorator.py
[2024-11-14T00:15:28.560+0000] {processor.py:914} INFO - Processing file /home/airflow/.local/lib/python3.12/site-packages/airflow/example_dags/example_bash_decorator.py for tasks to queue
[2024-11-14T00:15:28.561+0000] {logging_mixin.py:190} INFO - [2024-11-14T00:15:28.561+0000] {dagbag.py:588} INFO - Filling up the DagBag from /home/airflow/.local/lib/python3.12/site-packages/airflow/example_dags/example_bash_decorator.py
[2024-11-14T00:15:28.567+0000] {processor.py:925} INFO - DAG(s) 'example_bash_decorator' retrieved from /home/airflow/.local/lib/python3.12/site-packages/airflow/example_dags/example_bash_decorator.py
[2024-11-14T00:15:28.578+0000] {logging_mixin.py:190} INFO - [2024-11-14T00:15:28.578+0000] {dag.py:3239} INFO - Sync 1 DAGs
[2024-11-14T00:15:28.583+0000] {logging_mixin.py:190} INFO - [2024-11-14T00:15:28.583+0000] {dag.py:4180} INFO - Setting next_dagrun for example_bash_decorator to None, run_after=None
[2024-11-14T00:15:28.592+0000] {processor.py:208} INFO - Processing /home/airflow/.local/lib/python3.12/site-packages/airflow/example_dags/example_bash_decorator.py took 0.036 seconds
[2024-11-14T00:15:59.197+0000] {processor.py:186} INFO - Started process (PID=449) to work on /home/airflow/.local/lib/python3.12/site-packages/airflow/example_dags/example_bash_decorator.py
[2024-11-14T00:15:59.200+0000] {processor.py:914} INFO - Processing file /home/airflow/.local/lib/python3.12/site-packages/airflow/example_dags/example_bash_decorator.py for tasks to queue
[2024-11-14T00:15:59.202+0000] {logging_mixin.py:190} INFO - [2024-11-14T00:15:59.202+0000] {dagbag.py:588} INFO - Filling up the DagBag from /home/airflow/.local/lib/python3.12/site-packages/airflow/example_dags/example_bash_decorator.py
[2024-11-14T00:15:59.210+0000] {processor.py:925} INFO - DAG(s) 'example_bash_decorator' retrieved from /home/airflow/.local/lib/python3.12/site-packages/airflow/example_dags/example_bash_decorator.py
[2024-11-14T00:15:59.224+0000] {logging_mixin.py:190} INFO - [2024-11-14T00:15:59.224+0000] {dag.py:3239} INFO - Sync 1 DAGs
[2024-11-14T00:15:59.233+0000] {logging_mixin.py:190} INFO - [2024-11-14T00:15:59.233+0000] {dag.py:4180} INFO - Setting next_dagrun for example_bash_decorator to None, run_after=None
[2024-11-14T00:15:59.243+0000] {processor.py:208} INFO - Processing /home/airflow/.local/lib/python3.12/site-packages/airflow/example_dags/example_bash_decorator.py took 0.049 seconds
[2024-11-14T00:16:29.682+0000] {processor.py:186} INFO - Started process (PID=513) to work on /home/airflow/.local/lib/python3.12/site-packages/airflow/example_dags/example_bash_decorator.py
[2024-11-14T00:16:29.683+0000] {processor.py:914} INFO - Processing file /home/airflow/.local/lib/python3.12/site-packages/airflow/example_dags/example_bash_decorator.py for tasks to queue
[2024-11-14T00:16:29.684+0000] {logging_mixin.py:190} INFO - [2024-11-14T00:16:29.683+0000] {dagbag.py:588} INFO - Filling up the DagBag from /home/airflow/.local/lib/python3.12/site-packages/airflow/example_dags/example_bash_decorator.py
[2024-11-14T00:16:29.692+0000] {processor.py:925} INFO - DAG(s) 'example_bash_decorator' retrieved from /home/airflow/.local/lib/python3.12/site-packages/airflow/example_dags/example_bash_decorator.py
[2024-11-14T00:16:29.705+0000] {logging_mixin.py:190} INFO - [2024-11-14T00:16:29.705+0000] {dag.py:3239} INFO - Sync 1 DAGs
[2024-11-14T00:16:29.713+0000] {logging_mixin.py:190} INFO - [2024-11-14T00:16:29.712+0000] {dag.py:4180} INFO - Setting next_dagrun for example_bash_decorator to None, run_after=None
[2024-11-14T00:16:29.722+0000] {processor.py:208} INFO - Processing /home/airflow/.local/lib/python3.12/site-packages/airflow/example_dags/example_bash_decorator.py took 0.042 seconds
[2024-11-14T00:17:00.187+0000] {processor.py:186} INFO - Started process (PID=577) to work on /home/airflow/.local/lib/python3.12/site-packages/airflow/example_dags/example_bash_decorator.py
[2024-11-14T00:17:00.188+0000] {processor.py:914} INFO - Processing file /home/airflow/.local/lib/python3.12/site-packages/airflow/example_dags/example_bash_decorator.py for tasks to queue
[2024-11-14T00:17:00.190+0000] {logging_mixin.py:190} INFO - [2024-11-14T00:17:00.189+0000] {dagbag.py:588} INFO - Filling up the DagBag from /home/airflow/.local/lib/python3.12/site-packages/airflow/example_dags/example_bash_decorator.py
[2024-11-14T00:17:00.196+0000] {processor.py:925} INFO - DAG(s) 'example_bash_decorator' retrieved from /home/airflow/.local/lib/python3.12/site-packages/airflow/example_dags/example_bash_decorator.py
[2024-11-14T00:17:00.205+0000] {logging_mixin.py:190} INFO - [2024-11-14T00:17:00.204+0000] {dag.py:3239} INFO - Sync 1 DAGs
[2024-11-14T00:17:00.210+0000] {logging_mixin.py:190} INFO - [2024-11-14T00:17:00.210+0000] {dag.py:4180} INFO - Setting next_dagrun for example_bash_decorator to None, run_after=None
[2024-11-14T00:17:00.219+0000] {processor.py:208} INFO - Processing /home/airflow/.local/lib/python3.12/site-packages/airflow/example_dags/example_bash_decorator.py took 0.034 seconds
[2024-11-14T00:17:31.512+0000] {processor.py:186} INFO - Started process (PID=641) to work on /home/airflow/.local/lib/python3.12/site-packages/airflow/example_dags/example_bash_decorator.py
[2024-11-14T00:17:31.513+0000] {processor.py:914} INFO - Processing file /home/airflow/.local/lib/python3.12/site-packages/airflow/example_dags/example_bash_decorator.py for tasks to queue
[2024-11-14T00:17:31.514+0000] {logging_mixin.py:190} INFO - [2024-11-14T00:17:31.514+0000] {dagbag.py:588} INFO - Filling up the DagBag from /home/airflow/.local/lib/python3.12/site-packages/airflow/example_dags/example_bash_decorator.py
[2024-11-14T00:17:31.521+0000] {processor.py:925} INFO - DAG(s) 'example_bash_decorator' retrieved from /home/airflow/.local/lib/python3.12/site-packages/airflow/example_dags/example_bash_decorator.py
[2024-11-14T00:17:31.539+0000] {logging_mixin.py:190} INFO - [2024-11-14T00:17:31.539+0000] {dag.py:3239} INFO - Sync 1 DAGs
[2024-11-14T00:17:31.548+0000] {logging_mixin.py:190} INFO - [2024-11-14T00:17:31.548+0000] {dag.py:4180} INFO - Setting next_dagrun for example_bash_decorator to None, run_after=None
[2024-11-14T00:17:31.558+0000] {processor.py:208} INFO - Processing /home/airflow/.local/lib/python3.12/site-packages/airflow/example_dags/example_bash_decorator.py took 0.049 seconds
[2024-11-14T00:18:02.058+0000] {processor.py:186} INFO - Started process (PID=706) to work on /home/airflow/.local/lib/python3.12/site-packages/airflow/example_dags/example_bash_decorator.py
[2024-11-14T00:18:02.061+0000] {processor.py:914} INFO - Processing file /home/airflow/.local/lib/python3.12/site-packages/airflow/example_dags/example_bash_decorator.py for tasks to queue
[2024-11-14T00:18:02.062+0000] {logging_mixin.py:190} INFO - [2024-11-14T00:18:02.062+0000] {dagbag.py:588} INFO - Filling up the DagBag from /home/airflow/.local/lib/python3.12/site-packages/airflow/example_dags/example_bash_decorator.py
[2024-11-14T00:18:02.069+0000] {processor.py:925} INFO - DAG(s) 'example_bash_decorator' retrieved from /home/airflow/.local/lib/python3.12/site-packages/airflow/example_dags/example_bash_decorator.py
[2024-11-14T00:18:02.083+0000] {logging_mixin.py:190} INFO - [2024-11-14T00:18:02.083+0000] {dag.py:3239} INFO - Sync 1 DAGs
[2024-11-14T00:18:02.089+0000] {logging_mixin.py:190} INFO - [2024-11-14T00:18:02.088+0000] {dag.py:4180} INFO - Setting next_dagrun for example_bash_decorator to None, run_after=None
[2024-11-14T00:18:02.094+0000] {processor.py:208} INFO - Processing /home/airflow/.local/lib/python3.12/site-packages/airflow/example_dags/example_bash_decorator.py took 0.039 seconds
[2024-11-14T00:18:33.376+0000] {processor.py:186} INFO - Started process (PID=772) to work on /home/airflow/.local/lib/python3.12/site-packages/airflow/example_dags/example_bash_decorator.py
[2024-11-14T00:18:33.376+0000] {processor.py:914} INFO - Processing file /home/airflow/.local/lib/python3.12/site-packages/airflow/example_dags/example_bash_decorator.py for tasks to queue
[2024-11-14T00:18:33.377+0000] {logging_mixin.py:190} INFO - [2024-11-14T00:18:33.377+0000] {dagbag.py:588} INFO - Filling up the DagBag from /home/airflow/.local/lib/python3.12/site-packages/airflow/example_dags/example_bash_decorator.py
[2024-11-14T00:18:33.385+0000] {processor.py:925} INFO - DAG(s) 'example_bash_decorator' retrieved from /home/airflow/.local/lib/python3.12/site-packages/airflow/example_dags/example_bash_decorator.py
[2024-11-14T00:18:33.394+0000] {logging_mixin.py:190} INFO - [2024-11-14T00:18:33.394+0000] {dag.py:3239} INFO - Sync 1 DAGs
[2024-11-14T00:18:33.399+0000] {logging_mixin.py:190} INFO - [2024-11-14T00:18:33.399+0000] {dag.py:4180} INFO - Setting next_dagrun for example_bash_decorator to None, run_after=None
[2024-11-14T00:18:33.405+0000] {processor.py:208} INFO - Processing /home/airflow/.local/lib/python3.12/site-packages/airflow/example_dags/example_bash_decorator.py took 0.032 seconds
[2024-11-14T00:19:03.829+0000] {processor.py:186} INFO - Started process (PID=837) to work on /home/airflow/.local/lib/python3.12/site-packages/airflow/example_dags/example_bash_decorator.py
[2024-11-14T00:19:03.830+0000] {processor.py:914} INFO - Processing file /home/airflow/.local/lib/python3.12/site-packages/airflow/example_dags/example_bash_decorator.py for tasks to queue
[2024-11-14T00:19:03.831+0000] {logging_mixin.py:190} INFO - [2024-11-14T00:19:03.830+0000] {dagbag.py:588} INFO - Filling up the DagBag from /home/airflow/.local/lib/python3.12/site-packages/airflow/example_dags/example_bash_decorator.py
[2024-11-14T00:19:03.837+0000] {processor.py:925} INFO - DAG(s) 'example_bash_decorator' retrieved from /home/airflow/.local/lib/python3.12/site-packages/airflow/example_dags/example_bash_decorator.py
[2024-11-14T00:19:03.846+0000] {logging_mixin.py:190} INFO - [2024-11-14T00:19:03.846+0000] {dag.py:3239} INFO - Sync 1 DAGs
[2024-11-14T00:19:03.851+0000] {logging_mixin.py:190} INFO - [2024-11-14T00:19:03.851+0000] {dag.py:4180} INFO - Setting next_dagrun for example_bash_decorator to None, run_after=None
[2024-11-14T00:19:03.860+0000] {processor.py:208} INFO - Processing /home/airflow/.local/lib/python3.12/site-packages/airflow/example_dags/example_bash_decorator.py took 0.033 seconds
[2024-11-14T00:23:10.896+0000] {processor.py:186} INFO - Started process (PID=52) to work on /home/airflow/.local/lib/python3.12/site-packages/airflow/example_dags/example_bash_decorator.py
[2024-11-14T00:23:10.897+0000] {processor.py:914} INFO - Processing file /home/airflow/.local/lib/python3.12/site-packages/airflow/example_dags/example_bash_decorator.py for tasks to queue
[2024-11-14T00:23:10.898+0000] {logging_mixin.py:190} INFO - [2024-11-14T00:23:10.898+0000] {dagbag.py:588} INFO - Filling up the DagBag from /home/airflow/.local/lib/python3.12/site-packages/airflow/example_dags/example_bash_decorator.py
[2024-11-14T00:23:10.907+0000] {processor.py:925} INFO - DAG(s) 'example_bash_decorator' retrieved from /home/airflow/.local/lib/python3.12/site-packages/airflow/example_dags/example_bash_decorator.py
[2024-11-14T00:23:10.961+0000] {logging_mixin.py:190} INFO - [2024-11-14T00:23:10.960+0000] {dag.py:3239} INFO - Sync 1 DAGs
[2024-11-14T00:23:10.967+0000] {logging_mixin.py:190} INFO - [2024-11-14T00:23:10.967+0000] {dag.py:4180} INFO - Setting next_dagrun for example_bash_decorator to None, run_after=None
[2024-11-14T00:23:10.978+0000] {processor.py:208} INFO - Processing /home/airflow/.local/lib/python3.12/site-packages/airflow/example_dags/example_bash_decorator.py took 0.085 seconds
[2024-11-14T00:23:41.405+0000] {processor.py:186} INFO - Started process (PID=117) to work on /home/airflow/.local/lib/python3.12/site-packages/airflow/example_dags/example_bash_decorator.py
[2024-11-14T00:23:41.406+0000] {processor.py:914} INFO - Processing file /home/airflow/.local/lib/python3.12/site-packages/airflow/example_dags/example_bash_decorator.py for tasks to queue
[2024-11-14T00:23:41.408+0000] {logging_mixin.py:190} INFO - [2024-11-14T00:23:41.408+0000] {dagbag.py:588} INFO - Filling up the DagBag from /home/airflow/.local/lib/python3.12/site-packages/airflow/example_dags/example_bash_decorator.py
[2024-11-14T00:23:41.414+0000] {processor.py:925} INFO - DAG(s) 'example_bash_decorator' retrieved from /home/airflow/.local/lib/python3.12/site-packages/airflow/example_dags/example_bash_decorator.py
[2024-11-14T00:23:41.425+0000] {logging_mixin.py:190} INFO - [2024-11-14T00:23:41.424+0000] {dag.py:3239} INFO - Sync 1 DAGs
[2024-11-14T00:23:41.431+0000] {logging_mixin.py:190} INFO - [2024-11-14T00:23:41.431+0000] {dag.py:4180} INFO - Setting next_dagrun for example_bash_decorator to None, run_after=None
[2024-11-14T00:23:41.437+0000] {processor.py:208} INFO - Processing /home/airflow/.local/lib/python3.12/site-packages/airflow/example_dags/example_bash_decorator.py took 0.035 seconds
[2024-11-14T00:24:11.559+0000] {processor.py:186} INFO - Started process (PID=182) to work on /home/airflow/.local/lib/python3.12/site-packages/airflow/example_dags/example_bash_decorator.py
[2024-11-14T00:24:11.559+0000] {processor.py:914} INFO - Processing file /home/airflow/.local/lib/python3.12/site-packages/airflow/example_dags/example_bash_decorator.py for tasks to queue
[2024-11-14T00:24:11.560+0000] {logging_mixin.py:190} INFO - [2024-11-14T00:24:11.560+0000] {dagbag.py:588} INFO - Filling up the DagBag from /home/airflow/.local/lib/python3.12/site-packages/airflow/example_dags/example_bash_decorator.py
[2024-11-14T00:24:11.566+0000] {processor.py:925} INFO - DAG(s) 'example_bash_decorator' retrieved from /home/airflow/.local/lib/python3.12/site-packages/airflow/example_dags/example_bash_decorator.py
[2024-11-14T00:24:11.575+0000] {logging_mixin.py:190} INFO - [2024-11-14T00:24:11.575+0000] {dag.py:3239} INFO - Sync 1 DAGs
[2024-11-14T00:24:11.580+0000] {logging_mixin.py:190} INFO - [2024-11-14T00:24:11.580+0000] {dag.py:4180} INFO - Setting next_dagrun for example_bash_decorator to None, run_after=None
[2024-11-14T00:24:11.588+0000] {processor.py:208} INFO - Processing /home/airflow/.local/lib/python3.12/site-packages/airflow/example_dags/example_bash_decorator.py took 0.031 seconds
[2024-11-14T00:24:41.957+0000] {processor.py:186} INFO - Started process (PID=253) to work on /home/airflow/.local/lib/python3.12/site-packages/airflow/example_dags/example_bash_decorator.py
[2024-11-14T00:24:41.957+0000] {processor.py:914} INFO - Processing file /home/airflow/.local/lib/python3.12/site-packages/airflow/example_dags/example_bash_decorator.py for tasks to queue
[2024-11-14T00:24:41.959+0000] {logging_mixin.py:190} INFO - [2024-11-14T00:24:41.958+0000] {dagbag.py:588} INFO - Filling up the DagBag from /home/airflow/.local/lib/python3.12/site-packages/airflow/example_dags/example_bash_decorator.py
[2024-11-14T00:24:41.970+0000] {processor.py:925} INFO - DAG(s) 'example_bash_decorator' retrieved from /home/airflow/.local/lib/python3.12/site-packages/airflow/example_dags/example_bash_decorator.py
[2024-11-14T00:24:41.983+0000] {logging_mixin.py:190} INFO - [2024-11-14T00:24:41.983+0000] {dag.py:3239} INFO - Sync 1 DAGs
[2024-11-14T00:24:41.991+0000] {logging_mixin.py:190} INFO - [2024-11-14T00:24:41.991+0000] {dag.py:4180} INFO - Setting next_dagrun for example_bash_decorator to None, run_after=None
[2024-11-14T00:24:41.997+0000] {processor.py:208} INFO - Processing /home/airflow/.local/lib/python3.12/site-packages/airflow/example_dags/example_bash_decorator.py took 0.044 seconds
[2024-11-14T00:25:12.657+0000] {processor.py:186} INFO - Started process (PID=318) to work on /home/airflow/.local/lib/python3.12/site-packages/airflow/example_dags/example_bash_decorator.py
[2024-11-14T00:25:12.658+0000] {processor.py:914} INFO - Processing file /home/airflow/.local/lib/python3.12/site-packages/airflow/example_dags/example_bash_decorator.py for tasks to queue
[2024-11-14T00:25:12.660+0000] {logging_mixin.py:190} INFO - [2024-11-14T00:25:12.660+0000] {dagbag.py:588} INFO - Filling up the DagBag from /home/airflow/.local/lib/python3.12/site-packages/airflow/example_dags/example_bash_decorator.py
[2024-11-14T00:25:12.669+0000] {processor.py:925} INFO - DAG(s) 'example_bash_decorator' retrieved from /home/airflow/.local/lib/python3.12/site-packages/airflow/example_dags/example_bash_decorator.py
[2024-11-14T00:25:12.681+0000] {logging_mixin.py:190} INFO - [2024-11-14T00:25:12.681+0000] {dag.py:3239} INFO - Sync 1 DAGs
[2024-11-14T00:25:12.690+0000] {logging_mixin.py:190} INFO - [2024-11-14T00:25:12.690+0000] {dag.py:4180} INFO - Setting next_dagrun for example_bash_decorator to None, run_after=None
[2024-11-14T00:25:12.704+0000] {processor.py:208} INFO - Processing /home/airflow/.local/lib/python3.12/site-packages/airflow/example_dags/example_bash_decorator.py took 0.052 seconds
[2024-11-14T00:25:42.927+0000] {processor.py:186} INFO - Started process (PID=383) to work on /home/airflow/.local/lib/python3.12/site-packages/airflow/example_dags/example_bash_decorator.py
[2024-11-14T00:25:42.928+0000] {processor.py:914} INFO - Processing file /home/airflow/.local/lib/python3.12/site-packages/airflow/example_dags/example_bash_decorator.py for tasks to queue
[2024-11-14T00:25:42.929+0000] {logging_mixin.py:190} INFO - [2024-11-14T00:25:42.929+0000] {dagbag.py:588} INFO - Filling up the DagBag from /home/airflow/.local/lib/python3.12/site-packages/airflow/example_dags/example_bash_decorator.py
[2024-11-14T00:25:42.935+0000] {processor.py:925} INFO - DAG(s) 'example_bash_decorator' retrieved from /home/airflow/.local/lib/python3.12/site-packages/airflow/example_dags/example_bash_decorator.py
[2024-11-14T00:25:42.945+0000] {logging_mixin.py:190} INFO - [2024-11-14T00:25:42.945+0000] {dag.py:3239} INFO - Sync 1 DAGs
[2024-11-14T00:25:42.953+0000] {logging_mixin.py:190} INFO - [2024-11-14T00:25:42.953+0000] {dag.py:4180} INFO - Setting next_dagrun for example_bash_decorator to None, run_after=None
[2024-11-14T00:25:42.964+0000] {processor.py:208} INFO - Processing /home/airflow/.local/lib/python3.12/site-packages/airflow/example_dags/example_bash_decorator.py took 0.039 seconds
[2024-11-14T00:26:13.271+0000] {processor.py:186} INFO - Started process (PID=448) to work on /home/airflow/.local/lib/python3.12/site-packages/airflow/example_dags/example_bash_decorator.py
[2024-11-14T00:26:13.272+0000] {processor.py:914} INFO - Processing file /home/airflow/.local/lib/python3.12/site-packages/airflow/example_dags/example_bash_decorator.py for tasks to queue
[2024-11-14T00:26:13.273+0000] {logging_mixin.py:190} INFO - [2024-11-14T00:26:13.272+0000] {dagbag.py:588} INFO - Filling up the DagBag from /home/airflow/.local/lib/python3.12/site-packages/airflow/example_dags/example_bash_decorator.py
[2024-11-14T00:26:13.279+0000] {processor.py:925} INFO - DAG(s) 'example_bash_decorator' retrieved from /home/airflow/.local/lib/python3.12/site-packages/airflow/example_dags/example_bash_decorator.py
[2024-11-14T00:26:13.290+0000] {logging_mixin.py:190} INFO - [2024-11-14T00:26:13.290+0000] {dag.py:3239} INFO - Sync 1 DAGs
[2024-11-14T00:26:13.295+0000] {logging_mixin.py:190} INFO - [2024-11-14T00:26:13.295+0000] {dag.py:4180} INFO - Setting next_dagrun for example_bash_decorator to None, run_after=None
[2024-11-14T00:26:13.301+0000] {processor.py:208} INFO - Processing /home/airflow/.local/lib/python3.12/site-packages/airflow/example_dags/example_bash_decorator.py took 0.032 seconds
[2024-11-14T00:32:43.066+0000] {processor.py:186} INFO - Started process (PID=59) to work on /home/airflow/.local/lib/python3.12/site-packages/airflow/example_dags/example_bash_decorator.py
[2024-11-14T00:32:43.066+0000] {processor.py:914} INFO - Processing file /home/airflow/.local/lib/python3.12/site-packages/airflow/example_dags/example_bash_decorator.py for tasks to queue
[2024-11-14T00:32:43.067+0000] {logging_mixin.py:190} INFO - [2024-11-14T00:32:43.067+0000] {dagbag.py:588} INFO - Filling up the DagBag from /home/airflow/.local/lib/python3.12/site-packages/airflow/example_dags/example_bash_decorator.py
[2024-11-14T00:32:43.075+0000] {processor.py:925} INFO - DAG(s) 'example_bash_decorator' retrieved from /home/airflow/.local/lib/python3.12/site-packages/airflow/example_dags/example_bash_decorator.py
[2024-11-14T00:32:43.116+0000] {logging_mixin.py:190} INFO - [2024-11-14T00:32:43.116+0000] {override.py:1911} INFO - Created Permission View: can read on DAG:example_bash_decorator
[2024-11-14T00:32:43.121+0000] {logging_mixin.py:190} INFO - [2024-11-14T00:32:43.121+0000] {override.py:1911} INFO - Created Permission View: can edit on DAG:example_bash_decorator
[2024-11-14T00:32:43.124+0000] {logging_mixin.py:190} INFO - [2024-11-14T00:32:43.123+0000] {override.py:1911} INFO - Created Permission View: can delete on DAG:example_bash_decorator
[2024-11-14T00:32:43.126+0000] {logging_mixin.py:190} INFO - [2024-11-14T00:32:43.126+0000] {override.py:1911} INFO - Created Permission View: can read on DAG Run:example_bash_decorator
[2024-11-14T00:32:43.128+0000] {logging_mixin.py:190} INFO - [2024-11-14T00:32:43.128+0000] {override.py:1911} INFO - Created Permission View: can create on DAG Run:example_bash_decorator
[2024-11-14T00:32:43.130+0000] {logging_mixin.py:190} INFO - [2024-11-14T00:32:43.130+0000] {override.py:1911} INFO - Created Permission View: menu access on DAG Run:example_bash_decorator
[2024-11-14T00:32:43.133+0000] {logging_mixin.py:190} INFO - [2024-11-14T00:32:43.133+0000] {override.py:1911} INFO - Created Permission View: can delete on DAG Run:example_bash_decorator
[2024-11-14T00:32:43.133+0000] {logging_mixin.py:190} INFO - [2024-11-14T00:32:43.133+0000] {dag.py:3239} INFO - Sync 1 DAGs
[2024-11-14T00:32:43.139+0000] {logging_mixin.py:190} INFO - [2024-11-14T00:32:43.139+0000] {dag.py:3262} INFO - Creating ORM DAG for example_bash_decorator
[2024-11-14T00:32:43.140+0000] {logging_mixin.py:190} INFO - [2024-11-14T00:32:43.140+0000] {dag.py:4180} INFO - Setting next_dagrun for example_bash_decorator to None, run_after=None
[2024-11-14T00:32:43.145+0000] {processor.py:208} INFO - Processing /home/airflow/.local/lib/python3.12/site-packages/airflow/example_dags/example_bash_decorator.py took 0.081 seconds
[2024-11-14T00:33:13.790+0000] {processor.py:186} INFO - Started process (PID=124) to work on /home/airflow/.local/lib/python3.12/site-packages/airflow/example_dags/example_bash_decorator.py
[2024-11-14T00:33:13.792+0000] {processor.py:914} INFO - Processing file /home/airflow/.local/lib/python3.12/site-packages/airflow/example_dags/example_bash_decorator.py for tasks to queue
[2024-11-14T00:33:13.793+0000] {logging_mixin.py:190} INFO - [2024-11-14T00:33:13.793+0000] {dagbag.py:588} INFO - Filling up the DagBag from /home/airflow/.local/lib/python3.12/site-packages/airflow/example_dags/example_bash_decorator.py
[2024-11-14T00:33:13.800+0000] {processor.py:925} INFO - DAG(s) 'example_bash_decorator' retrieved from /home/airflow/.local/lib/python3.12/site-packages/airflow/example_dags/example_bash_decorator.py
[2024-11-14T00:33:13.810+0000] {logging_mixin.py:190} INFO - [2024-11-14T00:33:13.810+0000] {dag.py:3239} INFO - Sync 1 DAGs
[2024-11-14T00:33:13.817+0000] {logging_mixin.py:190} INFO - [2024-11-14T00:33:13.817+0000] {dag.py:4180} INFO - Setting next_dagrun for example_bash_decorator to None, run_after=None
[2024-11-14T00:33:13.825+0000] {processor.py:208} INFO - Processing /home/airflow/.local/lib/python3.12/site-packages/airflow/example_dags/example_bash_decorator.py took 0.037 seconds
