[2024-11-14T00:02:17.853+0000] {processor.py:186} INFO - Started process (PID=52) to work on /home/airflow/.local/lib/python3.12/site-packages/airflow/example_dags/example_time_delta_sensor_async.py
[2024-11-14T00:02:17.855+0000] {processor.py:914} INFO - Processing file /home/airflow/.local/lib/python3.12/site-packages/airflow/example_dags/example_time_delta_sensor_async.py for tasks to queue
[2024-11-14T00:02:17.856+0000] {logging_mixin.py:190} INFO - [2024-11-14T00:02:17.856+0000] {dagbag.py:588} INFO - Filling up the DagBag from /home/airflow/.local/lib/python3.12/site-packages/airflow/example_dags/example_time_delta_sensor_async.py
[2024-11-14T00:02:17.865+0000] {processor.py:925} INFO - DAG(s) 'example_time_delta_sensor_async' retrieved from /home/airflow/.local/lib/python3.12/site-packages/airflow/example_dags/example_time_delta_sensor_async.py
[2024-11-14T00:02:17.952+0000] {logging_mixin.py:190} INFO - [2024-11-14T00:02:17.952+0000] {override.py:1911} INFO - Created Permission View: can delete on DAG:example_time_delta_sensor_async
[2024-11-14T00:02:17.957+0000] {logging_mixin.py:190} INFO - [2024-11-14T00:02:17.956+0000] {override.py:1911} INFO - Created Permission View: can read on DAG:example_time_delta_sensor_async
[2024-11-14T00:02:17.960+0000] {logging_mixin.py:190} INFO - [2024-11-14T00:02:17.960+0000] {override.py:1911} INFO - Created Permission View: can edit on DAG:example_time_delta_sensor_async
[2024-11-14T00:02:17.963+0000] {logging_mixin.py:190} INFO - [2024-11-14T00:02:17.963+0000] {override.py:1911} INFO - Created Permission View: can create on DAG Run:example_time_delta_sensor_async
[2024-11-14T00:02:17.965+0000] {logging_mixin.py:190} INFO - [2024-11-14T00:02:17.965+0000] {override.py:1911} INFO - Created Permission View: can delete on DAG Run:example_time_delta_sensor_async
[2024-11-14T00:02:17.968+0000] {logging_mixin.py:190} INFO - [2024-11-14T00:02:17.968+0000] {override.py:1911} INFO - Created Permission View: menu access on DAG Run:example_time_delta_sensor_async
[2024-11-14T00:02:17.971+0000] {logging_mixin.py:190} INFO - [2024-11-14T00:02:17.971+0000] {override.py:1911} INFO - Created Permission View: can read on DAG Run:example_time_delta_sensor_async
[2024-11-14T00:02:17.971+0000] {logging_mixin.py:190} INFO - [2024-11-14T00:02:17.971+0000] {dag.py:3239} INFO - Sync 1 DAGs
[2024-11-14T00:02:17.978+0000] {logging_mixin.py:190} INFO - [2024-11-14T00:02:17.978+0000] {dag.py:3262} INFO - Creating ORM DAG for example_time_delta_sensor_async
[2024-11-14T00:02:17.978+0000] {logging_mixin.py:190} INFO - [2024-11-14T00:02:17.978+0000] {dag.py:4180} INFO - Setting next_dagrun for example_time_delta_sensor_async to None, run_after=None
[2024-11-14T00:02:17.986+0000] {processor.py:208} INFO - Processing /home/airflow/.local/lib/python3.12/site-packages/airflow/example_dags/example_time_delta_sensor_async.py took 0.136 seconds
[2024-11-14T00:02:48.906+0000] {processor.py:186} INFO - Started process (PID=114) to work on /home/airflow/.local/lib/python3.12/site-packages/airflow/example_dags/example_time_delta_sensor_async.py
[2024-11-14T00:02:48.909+0000] {processor.py:914} INFO - Processing file /home/airflow/.local/lib/python3.12/site-packages/airflow/example_dags/example_time_delta_sensor_async.py for tasks to queue
[2024-11-14T00:02:48.910+0000] {logging_mixin.py:190} INFO - [2024-11-14T00:02:48.910+0000] {dagbag.py:588} INFO - Filling up the DagBag from /home/airflow/.local/lib/python3.12/site-packages/airflow/example_dags/example_time_delta_sensor_async.py
[2024-11-14T00:02:48.916+0000] {processor.py:925} INFO - DAG(s) 'example_time_delta_sensor_async' retrieved from /home/airflow/.local/lib/python3.12/site-packages/airflow/example_dags/example_time_delta_sensor_async.py
[2024-11-14T00:02:48.924+0000] {logging_mixin.py:190} INFO - [2024-11-14T00:02:48.924+0000] {dag.py:3239} INFO - Sync 1 DAGs
[2024-11-14T00:02:48.930+0000] {logging_mixin.py:190} INFO - [2024-11-14T00:02:48.930+0000] {dag.py:4180} INFO - Setting next_dagrun for example_time_delta_sensor_async to None, run_after=None
[2024-11-14T00:02:48.938+0000] {processor.py:208} INFO - Processing /home/airflow/.local/lib/python3.12/site-packages/airflow/example_dags/example_time_delta_sensor_async.py took 0.041 seconds
[2024-11-14T00:03:19.298+0000] {processor.py:186} INFO - Started process (PID=176) to work on /home/airflow/.local/lib/python3.12/site-packages/airflow/example_dags/example_time_delta_sensor_async.py
[2024-11-14T00:03:19.299+0000] {processor.py:914} INFO - Processing file /home/airflow/.local/lib/python3.12/site-packages/airflow/example_dags/example_time_delta_sensor_async.py for tasks to queue
[2024-11-14T00:03:19.301+0000] {logging_mixin.py:190} INFO - [2024-11-14T00:03:19.301+0000] {dagbag.py:588} INFO - Filling up the DagBag from /home/airflow/.local/lib/python3.12/site-packages/airflow/example_dags/example_time_delta_sensor_async.py
[2024-11-14T00:03:19.304+0000] {processor.py:925} INFO - DAG(s) 'example_time_delta_sensor_async' retrieved from /home/airflow/.local/lib/python3.12/site-packages/airflow/example_dags/example_time_delta_sensor_async.py
[2024-11-14T00:03:19.312+0000] {logging_mixin.py:190} INFO - [2024-11-14T00:03:19.312+0000] {dag.py:3239} INFO - Sync 1 DAGs
[2024-11-14T00:03:19.318+0000] {logging_mixin.py:190} INFO - [2024-11-14T00:03:19.318+0000] {dag.py:4180} INFO - Setting next_dagrun for example_time_delta_sensor_async to None, run_after=None
[2024-11-14T00:03:19.325+0000] {processor.py:208} INFO - Processing /home/airflow/.local/lib/python3.12/site-packages/airflow/example_dags/example_time_delta_sensor_async.py took 0.029 seconds
[2024-11-14T00:03:49.747+0000] {processor.py:186} INFO - Started process (PID=238) to work on /home/airflow/.local/lib/python3.12/site-packages/airflow/example_dags/example_time_delta_sensor_async.py
[2024-11-14T00:03:49.748+0000] {processor.py:914} INFO - Processing file /home/airflow/.local/lib/python3.12/site-packages/airflow/example_dags/example_time_delta_sensor_async.py for tasks to queue
[2024-11-14T00:03:49.749+0000] {logging_mixin.py:190} INFO - [2024-11-14T00:03:49.749+0000] {dagbag.py:588} INFO - Filling up the DagBag from /home/airflow/.local/lib/python3.12/site-packages/airflow/example_dags/example_time_delta_sensor_async.py
[2024-11-14T00:03:49.752+0000] {processor.py:925} INFO - DAG(s) 'example_time_delta_sensor_async' retrieved from /home/airflow/.local/lib/python3.12/site-packages/airflow/example_dags/example_time_delta_sensor_async.py
[2024-11-14T00:03:49.761+0000] {logging_mixin.py:190} INFO - [2024-11-14T00:03:49.761+0000] {dag.py:3239} INFO - Sync 1 DAGs
[2024-11-14T00:03:49.768+0000] {logging_mixin.py:190} INFO - [2024-11-14T00:03:49.768+0000] {dag.py:4180} INFO - Setting next_dagrun for example_time_delta_sensor_async to None, run_after=None
[2024-11-14T00:03:49.776+0000] {processor.py:208} INFO - Processing /home/airflow/.local/lib/python3.12/site-packages/airflow/example_dags/example_time_delta_sensor_async.py took 0.032 seconds
[2024-11-14T00:04:21.073+0000] {processor.py:186} INFO - Started process (PID=301) to work on /home/airflow/.local/lib/python3.12/site-packages/airflow/example_dags/example_time_delta_sensor_async.py
[2024-11-14T00:04:21.073+0000] {processor.py:914} INFO - Processing file /home/airflow/.local/lib/python3.12/site-packages/airflow/example_dags/example_time_delta_sensor_async.py for tasks to queue
[2024-11-14T00:04:21.074+0000] {logging_mixin.py:190} INFO - [2024-11-14T00:04:21.074+0000] {dagbag.py:588} INFO - Filling up the DagBag from /home/airflow/.local/lib/python3.12/site-packages/airflow/example_dags/example_time_delta_sensor_async.py
[2024-11-14T00:04:21.077+0000] {processor.py:925} INFO - DAG(s) 'example_time_delta_sensor_async' retrieved from /home/airflow/.local/lib/python3.12/site-packages/airflow/example_dags/example_time_delta_sensor_async.py
[2024-11-14T00:04:21.086+0000] {logging_mixin.py:190} INFO - [2024-11-14T00:04:21.086+0000] {dag.py:3239} INFO - Sync 1 DAGs
[2024-11-14T00:04:21.091+0000] {logging_mixin.py:190} INFO - [2024-11-14T00:04:21.091+0000] {dag.py:4180} INFO - Setting next_dagrun for example_time_delta_sensor_async to None, run_after=None
[2024-11-14T00:04:21.097+0000] {processor.py:208} INFO - Processing /home/airflow/.local/lib/python3.12/site-packages/airflow/example_dags/example_time_delta_sensor_async.py took 0.027 seconds
[2024-11-14T00:04:52.374+0000] {processor.py:186} INFO - Started process (PID=370) to work on /home/airflow/.local/lib/python3.12/site-packages/airflow/example_dags/example_time_delta_sensor_async.py
[2024-11-14T00:04:52.375+0000] {processor.py:914} INFO - Processing file /home/airflow/.local/lib/python3.12/site-packages/airflow/example_dags/example_time_delta_sensor_async.py for tasks to queue
[2024-11-14T00:04:52.376+0000] {logging_mixin.py:190} INFO - [2024-11-14T00:04:52.376+0000] {dagbag.py:588} INFO - Filling up the DagBag from /home/airflow/.local/lib/python3.12/site-packages/airflow/example_dags/example_time_delta_sensor_async.py
[2024-11-14T00:04:52.379+0000] {processor.py:925} INFO - DAG(s) 'example_time_delta_sensor_async' retrieved from /home/airflow/.local/lib/python3.12/site-packages/airflow/example_dags/example_time_delta_sensor_async.py
[2024-11-14T00:04:52.387+0000] {logging_mixin.py:190} INFO - [2024-11-14T00:04:52.387+0000] {dag.py:3239} INFO - Sync 1 DAGs
[2024-11-14T00:04:52.392+0000] {logging_mixin.py:190} INFO - [2024-11-14T00:04:52.392+0000] {dag.py:4180} INFO - Setting next_dagrun for example_time_delta_sensor_async to None, run_after=None
[2024-11-14T00:04:52.397+0000] {processor.py:208} INFO - Processing /home/airflow/.local/lib/python3.12/site-packages/airflow/example_dags/example_time_delta_sensor_async.py took 0.025 seconds
[2024-11-14T00:05:23.707+0000] {processor.py:186} INFO - Started process (PID=433) to work on /home/airflow/.local/lib/python3.12/site-packages/airflow/example_dags/example_time_delta_sensor_async.py
[2024-11-14T00:05:23.708+0000] {processor.py:914} INFO - Processing file /home/airflow/.local/lib/python3.12/site-packages/airflow/example_dags/example_time_delta_sensor_async.py for tasks to queue
[2024-11-14T00:05:23.709+0000] {logging_mixin.py:190} INFO - [2024-11-14T00:05:23.709+0000] {dagbag.py:588} INFO - Filling up the DagBag from /home/airflow/.local/lib/python3.12/site-packages/airflow/example_dags/example_time_delta_sensor_async.py
[2024-11-14T00:05:23.712+0000] {processor.py:925} INFO - DAG(s) 'example_time_delta_sensor_async' retrieved from /home/airflow/.local/lib/python3.12/site-packages/airflow/example_dags/example_time_delta_sensor_async.py
[2024-11-14T00:05:23.720+0000] {logging_mixin.py:190} INFO - [2024-11-14T00:05:23.720+0000] {dag.py:3239} INFO - Sync 1 DAGs
[2024-11-14T00:05:23.725+0000] {logging_mixin.py:190} INFO - [2024-11-14T00:05:23.725+0000] {dag.py:4180} INFO - Setting next_dagrun for example_time_delta_sensor_async to None, run_after=None
[2024-11-14T00:05:23.733+0000] {processor.py:208} INFO - Processing /home/airflow/.local/lib/python3.12/site-packages/airflow/example_dags/example_time_delta_sensor_async.py took 0.028 seconds
[2024-11-14T00:05:54.993+0000] {processor.py:186} INFO - Started process (PID=496) to work on /home/airflow/.local/lib/python3.12/site-packages/airflow/example_dags/example_time_delta_sensor_async.py
[2024-11-14T00:05:54.993+0000] {processor.py:914} INFO - Processing file /home/airflow/.local/lib/python3.12/site-packages/airflow/example_dags/example_time_delta_sensor_async.py for tasks to queue
[2024-11-14T00:05:54.995+0000] {logging_mixin.py:190} INFO - [2024-11-14T00:05:54.995+0000] {dagbag.py:588} INFO - Filling up the DagBag from /home/airflow/.local/lib/python3.12/site-packages/airflow/example_dags/example_time_delta_sensor_async.py
[2024-11-14T00:05:54.998+0000] {processor.py:925} INFO - DAG(s) 'example_time_delta_sensor_async' retrieved from /home/airflow/.local/lib/python3.12/site-packages/airflow/example_dags/example_time_delta_sensor_async.py
[2024-11-14T00:05:55.006+0000] {logging_mixin.py:190} INFO - [2024-11-14T00:05:55.006+0000] {dag.py:3239} INFO - Sync 1 DAGs
[2024-11-14T00:05:55.012+0000] {logging_mixin.py:190} INFO - [2024-11-14T00:05:55.012+0000] {dag.py:4180} INFO - Setting next_dagrun for example_time_delta_sensor_async to None, run_after=None
[2024-11-14T00:05:55.028+0000] {processor.py:208} INFO - Processing /home/airflow/.local/lib/python3.12/site-packages/airflow/example_dags/example_time_delta_sensor_async.py took 0.038 seconds
[2024-11-14T00:06:25.488+0000] {processor.py:186} INFO - Started process (PID=559) to work on /home/airflow/.local/lib/python3.12/site-packages/airflow/example_dags/example_time_delta_sensor_async.py
[2024-11-14T00:06:25.489+0000] {processor.py:914} INFO - Processing file /home/airflow/.local/lib/python3.12/site-packages/airflow/example_dags/example_time_delta_sensor_async.py for tasks to queue
[2024-11-14T00:06:25.490+0000] {logging_mixin.py:190} INFO - [2024-11-14T00:06:25.490+0000] {dagbag.py:588} INFO - Filling up the DagBag from /home/airflow/.local/lib/python3.12/site-packages/airflow/example_dags/example_time_delta_sensor_async.py
[2024-11-14T00:06:25.493+0000] {processor.py:925} INFO - DAG(s) 'example_time_delta_sensor_async' retrieved from /home/airflow/.local/lib/python3.12/site-packages/airflow/example_dags/example_time_delta_sensor_async.py
[2024-11-14T00:06:25.501+0000] {logging_mixin.py:190} INFO - [2024-11-14T00:06:25.500+0000] {dag.py:3239} INFO - Sync 1 DAGs
[2024-11-14T00:06:25.506+0000] {logging_mixin.py:190} INFO - [2024-11-14T00:06:25.506+0000] {dag.py:4180} INFO - Setting next_dagrun for example_time_delta_sensor_async to None, run_after=None
[2024-11-14T00:06:25.512+0000] {processor.py:208} INFO - Processing /home/airflow/.local/lib/python3.12/site-packages/airflow/example_dags/example_time_delta_sensor_async.py took 0.026 seconds
[2024-11-14T00:06:56.746+0000] {processor.py:186} INFO - Started process (PID=621) to work on /home/airflow/.local/lib/python3.12/site-packages/airflow/example_dags/example_time_delta_sensor_async.py
[2024-11-14T00:06:56.746+0000] {processor.py:914} INFO - Processing file /home/airflow/.local/lib/python3.12/site-packages/airflow/example_dags/example_time_delta_sensor_async.py for tasks to queue
[2024-11-14T00:06:56.748+0000] {logging_mixin.py:190} INFO - [2024-11-14T00:06:56.748+0000] {dagbag.py:588} INFO - Filling up the DagBag from /home/airflow/.local/lib/python3.12/site-packages/airflow/example_dags/example_time_delta_sensor_async.py
[2024-11-14T00:06:56.751+0000] {processor.py:925} INFO - DAG(s) 'example_time_delta_sensor_async' retrieved from /home/airflow/.local/lib/python3.12/site-packages/airflow/example_dags/example_time_delta_sensor_async.py
[2024-11-14T00:06:56.759+0000] {logging_mixin.py:190} INFO - [2024-11-14T00:06:56.759+0000] {dag.py:3239} INFO - Sync 1 DAGs
[2024-11-14T00:06:56.764+0000] {logging_mixin.py:190} INFO - [2024-11-14T00:06:56.764+0000] {dag.py:4180} INFO - Setting next_dagrun for example_time_delta_sensor_async to None, run_after=None
[2024-11-14T00:06:56.772+0000] {processor.py:208} INFO - Processing /home/airflow/.local/lib/python3.12/site-packages/airflow/example_dags/example_time_delta_sensor_async.py took 0.028 seconds
[2024-11-14T00:07:27.967+0000] {processor.py:186} INFO - Started process (PID=684) to work on /home/airflow/.local/lib/python3.12/site-packages/airflow/example_dags/example_time_delta_sensor_async.py
[2024-11-14T00:07:27.967+0000] {processor.py:914} INFO - Processing file /home/airflow/.local/lib/python3.12/site-packages/airflow/example_dags/example_time_delta_sensor_async.py for tasks to queue
[2024-11-14T00:07:27.968+0000] {logging_mixin.py:190} INFO - [2024-11-14T00:07:27.968+0000] {dagbag.py:588} INFO - Filling up the DagBag from /home/airflow/.local/lib/python3.12/site-packages/airflow/example_dags/example_time_delta_sensor_async.py
[2024-11-14T00:07:27.971+0000] {processor.py:925} INFO - DAG(s) 'example_time_delta_sensor_async' retrieved from /home/airflow/.local/lib/python3.12/site-packages/airflow/example_dags/example_time_delta_sensor_async.py
[2024-11-14T00:07:27.979+0000] {logging_mixin.py:190} INFO - [2024-11-14T00:07:27.979+0000] {dag.py:3239} INFO - Sync 1 DAGs
[2024-11-14T00:07:27.984+0000] {logging_mixin.py:190} INFO - [2024-11-14T00:07:27.984+0000] {dag.py:4180} INFO - Setting next_dagrun for example_time_delta_sensor_async to None, run_after=None
[2024-11-14T00:07:27.990+0000] {processor.py:208} INFO - Processing /home/airflow/.local/lib/python3.12/site-packages/airflow/example_dags/example_time_delta_sensor_async.py took 0.025 seconds
[2024-11-14T00:07:58.461+0000] {processor.py:186} INFO - Started process (PID=747) to work on /home/airflow/.local/lib/python3.12/site-packages/airflow/example_dags/example_time_delta_sensor_async.py
[2024-11-14T00:07:58.462+0000] {processor.py:914} INFO - Processing file /home/airflow/.local/lib/python3.12/site-packages/airflow/example_dags/example_time_delta_sensor_async.py for tasks to queue
[2024-11-14T00:07:58.463+0000] {logging_mixin.py:190} INFO - [2024-11-14T00:07:58.463+0000] {dagbag.py:588} INFO - Filling up the DagBag from /home/airflow/.local/lib/python3.12/site-packages/airflow/example_dags/example_time_delta_sensor_async.py
[2024-11-14T00:07:58.466+0000] {processor.py:925} INFO - DAG(s) 'example_time_delta_sensor_async' retrieved from /home/airflow/.local/lib/python3.12/site-packages/airflow/example_dags/example_time_delta_sensor_async.py
[2024-11-14T00:07:58.473+0000] {logging_mixin.py:190} INFO - [2024-11-14T00:07:58.473+0000] {dag.py:3239} INFO - Sync 1 DAGs
[2024-11-14T00:07:58.478+0000] {logging_mixin.py:190} INFO - [2024-11-14T00:07:58.478+0000] {dag.py:4180} INFO - Setting next_dagrun for example_time_delta_sensor_async to None, run_after=None
[2024-11-14T00:07:58.484+0000] {processor.py:208} INFO - Processing /home/airflow/.local/lib/python3.12/site-packages/airflow/example_dags/example_time_delta_sensor_async.py took 0.025 seconds
[2024-11-14T00:08:29.787+0000] {processor.py:186} INFO - Started process (PID=810) to work on /home/airflow/.local/lib/python3.12/site-packages/airflow/example_dags/example_time_delta_sensor_async.py
[2024-11-14T00:08:29.787+0000] {processor.py:914} INFO - Processing file /home/airflow/.local/lib/python3.12/site-packages/airflow/example_dags/example_time_delta_sensor_async.py for tasks to queue
[2024-11-14T00:08:29.788+0000] {logging_mixin.py:190} INFO - [2024-11-14T00:08:29.788+0000] {dagbag.py:588} INFO - Filling up the DagBag from /home/airflow/.local/lib/python3.12/site-packages/airflow/example_dags/example_time_delta_sensor_async.py
[2024-11-14T00:08:29.791+0000] {processor.py:925} INFO - DAG(s) 'example_time_delta_sensor_async' retrieved from /home/airflow/.local/lib/python3.12/site-packages/airflow/example_dags/example_time_delta_sensor_async.py
[2024-11-14T00:08:29.798+0000] {logging_mixin.py:190} INFO - [2024-11-14T00:08:29.798+0000] {dag.py:3239} INFO - Sync 1 DAGs
[2024-11-14T00:08:29.803+0000] {logging_mixin.py:190} INFO - [2024-11-14T00:08:29.803+0000] {dag.py:4180} INFO - Setting next_dagrun for example_time_delta_sensor_async to None, run_after=None
[2024-11-14T00:08:29.809+0000] {processor.py:208} INFO - Processing /home/airflow/.local/lib/python3.12/site-packages/airflow/example_dags/example_time_delta_sensor_async.py took 0.025 seconds
[2024-11-14T00:09:01.059+0000] {processor.py:186} INFO - Started process (PID=873) to work on /home/airflow/.local/lib/python3.12/site-packages/airflow/example_dags/example_time_delta_sensor_async.py
[2024-11-14T00:09:01.060+0000] {processor.py:914} INFO - Processing file /home/airflow/.local/lib/python3.12/site-packages/airflow/example_dags/example_time_delta_sensor_async.py for tasks to queue
[2024-11-14T00:09:01.061+0000] {logging_mixin.py:190} INFO - [2024-11-14T00:09:01.061+0000] {dagbag.py:588} INFO - Filling up the DagBag from /home/airflow/.local/lib/python3.12/site-packages/airflow/example_dags/example_time_delta_sensor_async.py
[2024-11-14T00:09:01.064+0000] {processor.py:925} INFO - DAG(s) 'example_time_delta_sensor_async' retrieved from /home/airflow/.local/lib/python3.12/site-packages/airflow/example_dags/example_time_delta_sensor_async.py
[2024-11-14T00:09:01.073+0000] {logging_mixin.py:190} INFO - [2024-11-14T00:09:01.073+0000] {dag.py:3239} INFO - Sync 1 DAGs
[2024-11-14T00:09:01.079+0000] {logging_mixin.py:190} INFO - [2024-11-14T00:09:01.079+0000] {dag.py:4180} INFO - Setting next_dagrun for example_time_delta_sensor_async to None, run_after=None
[2024-11-14T00:09:01.086+0000] {processor.py:208} INFO - Processing /home/airflow/.local/lib/python3.12/site-packages/airflow/example_dags/example_time_delta_sensor_async.py took 0.030 seconds
[2024-11-14T00:09:32.284+0000] {processor.py:186} INFO - Started process (PID=936) to work on /home/airflow/.local/lib/python3.12/site-packages/airflow/example_dags/example_time_delta_sensor_async.py
[2024-11-14T00:09:32.284+0000] {processor.py:914} INFO - Processing file /home/airflow/.local/lib/python3.12/site-packages/airflow/example_dags/example_time_delta_sensor_async.py for tasks to queue
[2024-11-14T00:09:32.285+0000] {logging_mixin.py:190} INFO - [2024-11-14T00:09:32.285+0000] {dagbag.py:588} INFO - Filling up the DagBag from /home/airflow/.local/lib/python3.12/site-packages/airflow/example_dags/example_time_delta_sensor_async.py
[2024-11-14T00:09:32.288+0000] {processor.py:925} INFO - DAG(s) 'example_time_delta_sensor_async' retrieved from /home/airflow/.local/lib/python3.12/site-packages/airflow/example_dags/example_time_delta_sensor_async.py
[2024-11-14T00:09:32.297+0000] {logging_mixin.py:190} INFO - [2024-11-14T00:09:32.297+0000] {dag.py:3239} INFO - Sync 1 DAGs
[2024-11-14T00:09:32.302+0000] {logging_mixin.py:190} INFO - [2024-11-14T00:09:32.302+0000] {dag.py:4180} INFO - Setting next_dagrun for example_time_delta_sensor_async to None, run_after=None
[2024-11-14T00:09:32.308+0000] {processor.py:208} INFO - Processing /home/airflow/.local/lib/python3.12/site-packages/airflow/example_dags/example_time_delta_sensor_async.py took 0.027 seconds
[2024-11-14T00:12:55.234+0000] {processor.py:186} INFO - Started process (PID=52) to work on /home/airflow/.local/lib/python3.12/site-packages/airflow/example_dags/example_time_delta_sensor_async.py
[2024-11-14T00:12:55.234+0000] {processor.py:914} INFO - Processing file /home/airflow/.local/lib/python3.12/site-packages/airflow/example_dags/example_time_delta_sensor_async.py for tasks to queue
[2024-11-14T00:12:55.235+0000] {logging_mixin.py:190} INFO - [2024-11-14T00:12:55.235+0000] {dagbag.py:588} INFO - Filling up the DagBag from /home/airflow/.local/lib/python3.12/site-packages/airflow/example_dags/example_time_delta_sensor_async.py
[2024-11-14T00:12:55.240+0000] {processor.py:925} INFO - DAG(s) 'example_time_delta_sensor_async' retrieved from /home/airflow/.local/lib/python3.12/site-packages/airflow/example_dags/example_time_delta_sensor_async.py
[2024-11-14T00:12:55.285+0000] {logging_mixin.py:190} INFO - [2024-11-14T00:12:55.285+0000] {override.py:1911} INFO - Created Permission View: can delete on DAG:example_time_delta_sensor_async
[2024-11-14T00:12:55.290+0000] {logging_mixin.py:190} INFO - [2024-11-14T00:12:55.290+0000] {override.py:1911} INFO - Created Permission View: can read on DAG:example_time_delta_sensor_async
[2024-11-14T00:12:55.293+0000] {logging_mixin.py:190} INFO - [2024-11-14T00:12:55.293+0000] {override.py:1911} INFO - Created Permission View: can edit on DAG:example_time_delta_sensor_async
[2024-11-14T00:12:55.296+0000] {logging_mixin.py:190} INFO - [2024-11-14T00:12:55.296+0000] {override.py:1911} INFO - Created Permission View: can delete on DAG Run:example_time_delta_sensor_async
[2024-11-14T00:12:55.298+0000] {logging_mixin.py:190} INFO - [2024-11-14T00:12:55.298+0000] {override.py:1911} INFO - Created Permission View: can read on DAG Run:example_time_delta_sensor_async
[2024-11-14T00:12:55.300+0000] {logging_mixin.py:190} INFO - [2024-11-14T00:12:55.300+0000] {override.py:1911} INFO - Created Permission View: can create on DAG Run:example_time_delta_sensor_async
[2024-11-14T00:12:55.302+0000] {logging_mixin.py:190} INFO - [2024-11-14T00:12:55.302+0000] {override.py:1911} INFO - Created Permission View: menu access on DAG Run:example_time_delta_sensor_async
[2024-11-14T00:12:55.302+0000] {logging_mixin.py:190} INFO - [2024-11-14T00:12:55.302+0000] {dag.py:3239} INFO - Sync 1 DAGs
[2024-11-14T00:12:55.308+0000] {logging_mixin.py:190} INFO - [2024-11-14T00:12:55.308+0000] {dag.py:3262} INFO - Creating ORM DAG for example_time_delta_sensor_async
[2024-11-14T00:12:55.308+0000] {logging_mixin.py:190} INFO - [2024-11-14T00:12:55.308+0000] {dag.py:4180} INFO - Setting next_dagrun for example_time_delta_sensor_async to None, run_after=None
[2024-11-14T00:12:55.314+0000] {processor.py:208} INFO - Processing /home/airflow/.local/lib/python3.12/site-packages/airflow/example_dags/example_time_delta_sensor_async.py took 0.083 seconds
[2024-11-14T00:13:26.634+0000] {processor.py:186} INFO - Started process (PID=116) to work on /home/airflow/.local/lib/python3.12/site-packages/airflow/example_dags/example_time_delta_sensor_async.py
[2024-11-14T00:13:26.634+0000] {processor.py:914} INFO - Processing file /home/airflow/.local/lib/python3.12/site-packages/airflow/example_dags/example_time_delta_sensor_async.py for tasks to queue
[2024-11-14T00:13:26.636+0000] {logging_mixin.py:190} INFO - [2024-11-14T00:13:26.636+0000] {dagbag.py:588} INFO - Filling up the DagBag from /home/airflow/.local/lib/python3.12/site-packages/airflow/example_dags/example_time_delta_sensor_async.py
[2024-11-14T00:13:26.651+0000] {processor.py:925} INFO - DAG(s) 'example_time_delta_sensor_async' retrieved from /home/airflow/.local/lib/python3.12/site-packages/airflow/example_dags/example_time_delta_sensor_async.py
[2024-11-14T00:13:26.662+0000] {logging_mixin.py:190} INFO - [2024-11-14T00:13:26.662+0000] {dag.py:3239} INFO - Sync 1 DAGs
[2024-11-14T00:13:26.669+0000] {logging_mixin.py:190} INFO - [2024-11-14T00:13:26.669+0000] {dag.py:4180} INFO - Setting next_dagrun for example_time_delta_sensor_async to None, run_after=None
[2024-11-14T00:13:26.676+0000] {processor.py:208} INFO - Processing /home/airflow/.local/lib/python3.12/site-packages/airflow/example_dags/example_time_delta_sensor_async.py took 0.045 seconds
[2024-11-14T00:13:57.198+0000] {processor.py:186} INFO - Started process (PID=180) to work on /home/airflow/.local/lib/python3.12/site-packages/airflow/example_dags/example_time_delta_sensor_async.py
[2024-11-14T00:13:57.199+0000] {processor.py:914} INFO - Processing file /home/airflow/.local/lib/python3.12/site-packages/airflow/example_dags/example_time_delta_sensor_async.py for tasks to queue
[2024-11-14T00:13:57.200+0000] {logging_mixin.py:190} INFO - [2024-11-14T00:13:57.200+0000] {dagbag.py:588} INFO - Filling up the DagBag from /home/airflow/.local/lib/python3.12/site-packages/airflow/example_dags/example_time_delta_sensor_async.py
[2024-11-14T00:13:57.203+0000] {processor.py:925} INFO - DAG(s) 'example_time_delta_sensor_async' retrieved from /home/airflow/.local/lib/python3.12/site-packages/airflow/example_dags/example_time_delta_sensor_async.py
[2024-11-14T00:13:57.213+0000] {logging_mixin.py:190} INFO - [2024-11-14T00:13:57.213+0000] {dag.py:3239} INFO - Sync 1 DAGs
[2024-11-14T00:13:57.219+0000] {logging_mixin.py:190} INFO - [2024-11-14T00:13:57.219+0000] {dag.py:4180} INFO - Setting next_dagrun for example_time_delta_sensor_async to None, run_after=None
[2024-11-14T00:13:57.231+0000] {processor.py:208} INFO - Processing /home/airflow/.local/lib/python3.12/site-packages/airflow/example_dags/example_time_delta_sensor_async.py took 0.035 seconds
[2024-11-14T00:14:27.647+0000] {processor.py:186} INFO - Started process (PID=244) to work on /home/airflow/.local/lib/python3.12/site-packages/airflow/example_dags/example_time_delta_sensor_async.py
[2024-11-14T00:14:27.648+0000] {processor.py:914} INFO - Processing file /home/airflow/.local/lib/python3.12/site-packages/airflow/example_dags/example_time_delta_sensor_async.py for tasks to queue
[2024-11-14T00:14:27.649+0000] {logging_mixin.py:190} INFO - [2024-11-14T00:14:27.648+0000] {dagbag.py:588} INFO - Filling up the DagBag from /home/airflow/.local/lib/python3.12/site-packages/airflow/example_dags/example_time_delta_sensor_async.py
[2024-11-14T00:14:27.652+0000] {processor.py:925} INFO - DAG(s) 'example_time_delta_sensor_async' retrieved from /home/airflow/.local/lib/python3.12/site-packages/airflow/example_dags/example_time_delta_sensor_async.py
[2024-11-14T00:14:27.660+0000] {logging_mixin.py:190} INFO - [2024-11-14T00:14:27.660+0000] {dag.py:3239} INFO - Sync 1 DAGs
[2024-11-14T00:14:27.665+0000] {logging_mixin.py:190} INFO - [2024-11-14T00:14:27.665+0000] {dag.py:4180} INFO - Setting next_dagrun for example_time_delta_sensor_async to None, run_after=None
[2024-11-14T00:14:27.671+0000] {processor.py:208} INFO - Processing /home/airflow/.local/lib/python3.12/site-packages/airflow/example_dags/example_time_delta_sensor_async.py took 0.026 seconds
[2024-11-14T00:14:58.035+0000] {processor.py:186} INFO - Started process (PID=308) to work on /home/airflow/.local/lib/python3.12/site-packages/airflow/example_dags/example_time_delta_sensor_async.py
[2024-11-14T00:14:58.036+0000] {processor.py:914} INFO - Processing file /home/airflow/.local/lib/python3.12/site-packages/airflow/example_dags/example_time_delta_sensor_async.py for tasks to queue
[2024-11-14T00:14:58.037+0000] {logging_mixin.py:190} INFO - [2024-11-14T00:14:58.037+0000] {dagbag.py:588} INFO - Filling up the DagBag from /home/airflow/.local/lib/python3.12/site-packages/airflow/example_dags/example_time_delta_sensor_async.py
[2024-11-14T00:14:58.041+0000] {processor.py:925} INFO - DAG(s) 'example_time_delta_sensor_async' retrieved from /home/airflow/.local/lib/python3.12/site-packages/airflow/example_dags/example_time_delta_sensor_async.py
[2024-11-14T00:14:58.051+0000] {logging_mixin.py:190} INFO - [2024-11-14T00:14:58.051+0000] {dag.py:3239} INFO - Sync 1 DAGs
[2024-11-14T00:14:58.058+0000] {logging_mixin.py:190} INFO - [2024-11-14T00:14:58.057+0000] {dag.py:4180} INFO - Setting next_dagrun for example_time_delta_sensor_async to None, run_after=None
[2024-11-14T00:14:58.066+0000] {processor.py:208} INFO - Processing /home/airflow/.local/lib/python3.12/site-packages/airflow/example_dags/example_time_delta_sensor_async.py took 0.033 seconds
[2024-11-14T00:15:28.384+0000] {processor.py:186} INFO - Started process (PID=372) to work on /home/airflow/.local/lib/python3.12/site-packages/airflow/example_dags/example_time_delta_sensor_async.py
[2024-11-14T00:15:28.385+0000] {processor.py:914} INFO - Processing file /home/airflow/.local/lib/python3.12/site-packages/airflow/example_dags/example_time_delta_sensor_async.py for tasks to queue
[2024-11-14T00:15:28.387+0000] {logging_mixin.py:190} INFO - [2024-11-14T00:15:28.386+0000] {dagbag.py:588} INFO - Filling up the DagBag from /home/airflow/.local/lib/python3.12/site-packages/airflow/example_dags/example_time_delta_sensor_async.py
[2024-11-14T00:15:28.390+0000] {processor.py:925} INFO - DAG(s) 'example_time_delta_sensor_async' retrieved from /home/airflow/.local/lib/python3.12/site-packages/airflow/example_dags/example_time_delta_sensor_async.py
[2024-11-14T00:15:28.405+0000] {logging_mixin.py:190} INFO - [2024-11-14T00:15:28.405+0000] {dag.py:3239} INFO - Sync 1 DAGs
[2024-11-14T00:15:28.420+0000] {logging_mixin.py:190} INFO - [2024-11-14T00:15:28.420+0000] {dag.py:4180} INFO - Setting next_dagrun for example_time_delta_sensor_async to None, run_after=None
[2024-11-14T00:15:28.430+0000] {processor.py:208} INFO - Processing /home/airflow/.local/lib/python3.12/site-packages/airflow/example_dags/example_time_delta_sensor_async.py took 0.048 seconds
[2024-11-14T00:15:58.972+0000] {processor.py:186} INFO - Started process (PID=442) to work on /home/airflow/.local/lib/python3.12/site-packages/airflow/example_dags/example_time_delta_sensor_async.py
[2024-11-14T00:15:58.972+0000] {processor.py:914} INFO - Processing file /home/airflow/.local/lib/python3.12/site-packages/airflow/example_dags/example_time_delta_sensor_async.py for tasks to queue
[2024-11-14T00:15:58.973+0000] {logging_mixin.py:190} INFO - [2024-11-14T00:15:58.973+0000] {dagbag.py:588} INFO - Filling up the DagBag from /home/airflow/.local/lib/python3.12/site-packages/airflow/example_dags/example_time_delta_sensor_async.py
[2024-11-14T00:15:58.977+0000] {processor.py:925} INFO - DAG(s) 'example_time_delta_sensor_async' retrieved from /home/airflow/.local/lib/python3.12/site-packages/airflow/example_dags/example_time_delta_sensor_async.py
[2024-11-14T00:15:58.987+0000] {logging_mixin.py:190} INFO - [2024-11-14T00:15:58.987+0000] {dag.py:3239} INFO - Sync 1 DAGs
[2024-11-14T00:15:58.999+0000] {logging_mixin.py:190} INFO - [2024-11-14T00:15:58.999+0000] {dag.py:4180} INFO - Setting next_dagrun for example_time_delta_sensor_async to None, run_after=None
[2024-11-14T00:15:59.006+0000] {processor.py:208} INFO - Processing /home/airflow/.local/lib/python3.12/site-packages/airflow/example_dags/example_time_delta_sensor_async.py took 0.037 seconds
[2024-11-14T00:16:29.518+0000] {processor.py:186} INFO - Started process (PID=506) to work on /home/airflow/.local/lib/python3.12/site-packages/airflow/example_dags/example_time_delta_sensor_async.py
[2024-11-14T00:16:29.518+0000] {processor.py:914} INFO - Processing file /home/airflow/.local/lib/python3.12/site-packages/airflow/example_dags/example_time_delta_sensor_async.py for tasks to queue
[2024-11-14T00:16:29.519+0000] {logging_mixin.py:190} INFO - [2024-11-14T00:16:29.519+0000] {dagbag.py:588} INFO - Filling up the DagBag from /home/airflow/.local/lib/python3.12/site-packages/airflow/example_dags/example_time_delta_sensor_async.py
[2024-11-14T00:16:29.522+0000] {processor.py:925} INFO - DAG(s) 'example_time_delta_sensor_async' retrieved from /home/airflow/.local/lib/python3.12/site-packages/airflow/example_dags/example_time_delta_sensor_async.py
[2024-11-14T00:16:29.530+0000] {logging_mixin.py:190} INFO - [2024-11-14T00:16:29.530+0000] {dag.py:3239} INFO - Sync 1 DAGs
[2024-11-14T00:16:29.536+0000] {logging_mixin.py:190} INFO - [2024-11-14T00:16:29.536+0000] {dag.py:4180} INFO - Setting next_dagrun for example_time_delta_sensor_async to None, run_after=None
[2024-11-14T00:16:29.542+0000] {processor.py:208} INFO - Processing /home/airflow/.local/lib/python3.12/site-packages/airflow/example_dags/example_time_delta_sensor_async.py took 0.027 seconds
[2024-11-14T00:17:00.019+0000] {processor.py:186} INFO - Started process (PID=570) to work on /home/airflow/.local/lib/python3.12/site-packages/airflow/example_dags/example_time_delta_sensor_async.py
[2024-11-14T00:17:00.019+0000] {processor.py:914} INFO - Processing file /home/airflow/.local/lib/python3.12/site-packages/airflow/example_dags/example_time_delta_sensor_async.py for tasks to queue
[2024-11-14T00:17:00.020+0000] {logging_mixin.py:190} INFO - [2024-11-14T00:17:00.020+0000] {dagbag.py:588} INFO - Filling up the DagBag from /home/airflow/.local/lib/python3.12/site-packages/airflow/example_dags/example_time_delta_sensor_async.py
[2024-11-14T00:17:00.024+0000] {processor.py:925} INFO - DAG(s) 'example_time_delta_sensor_async' retrieved from /home/airflow/.local/lib/python3.12/site-packages/airflow/example_dags/example_time_delta_sensor_async.py
[2024-11-14T00:17:00.032+0000] {logging_mixin.py:190} INFO - [2024-11-14T00:17:00.032+0000] {dag.py:3239} INFO - Sync 1 DAGs
[2024-11-14T00:17:00.038+0000] {logging_mixin.py:190} INFO - [2024-11-14T00:17:00.038+0000] {dag.py:4180} INFO - Setting next_dagrun for example_time_delta_sensor_async to None, run_after=None
[2024-11-14T00:17:00.044+0000] {processor.py:208} INFO - Processing /home/airflow/.local/lib/python3.12/site-packages/airflow/example_dags/example_time_delta_sensor_async.py took 0.028 seconds
[2024-11-14T00:17:31.343+0000] {processor.py:186} INFO - Started process (PID=634) to work on /home/airflow/.local/lib/python3.12/site-packages/airflow/example_dags/example_time_delta_sensor_async.py
[2024-11-14T00:17:31.344+0000] {processor.py:914} INFO - Processing file /home/airflow/.local/lib/python3.12/site-packages/airflow/example_dags/example_time_delta_sensor_async.py for tasks to queue
[2024-11-14T00:17:31.345+0000] {logging_mixin.py:190} INFO - [2024-11-14T00:17:31.345+0000] {dagbag.py:588} INFO - Filling up the DagBag from /home/airflow/.local/lib/python3.12/site-packages/airflow/example_dags/example_time_delta_sensor_async.py
[2024-11-14T00:17:31.348+0000] {processor.py:925} INFO - DAG(s) 'example_time_delta_sensor_async' retrieved from /home/airflow/.local/lib/python3.12/site-packages/airflow/example_dags/example_time_delta_sensor_async.py
[2024-11-14T00:17:31.358+0000] {logging_mixin.py:190} INFO - [2024-11-14T00:17:31.358+0000] {dag.py:3239} INFO - Sync 1 DAGs
[2024-11-14T00:17:31.364+0000] {logging_mixin.py:190} INFO - [2024-11-14T00:17:31.363+0000] {dag.py:4180} INFO - Setting next_dagrun for example_time_delta_sensor_async to None, run_after=None
[2024-11-14T00:17:31.373+0000] {processor.py:208} INFO - Processing /home/airflow/.local/lib/python3.12/site-packages/airflow/example_dags/example_time_delta_sensor_async.py took 0.034 seconds
[2024-11-14T00:18:01.912+0000] {processor.py:186} INFO - Started process (PID=699) to work on /home/airflow/.local/lib/python3.12/site-packages/airflow/example_dags/example_time_delta_sensor_async.py
[2024-11-14T00:18:01.913+0000] {processor.py:914} INFO - Processing file /home/airflow/.local/lib/python3.12/site-packages/airflow/example_dags/example_time_delta_sensor_async.py for tasks to queue
[2024-11-14T00:18:01.914+0000] {logging_mixin.py:190} INFO - [2024-11-14T00:18:01.914+0000] {dagbag.py:588} INFO - Filling up the DagBag from /home/airflow/.local/lib/python3.12/site-packages/airflow/example_dags/example_time_delta_sensor_async.py
[2024-11-14T00:18:01.918+0000] {processor.py:925} INFO - DAG(s) 'example_time_delta_sensor_async' retrieved from /home/airflow/.local/lib/python3.12/site-packages/airflow/example_dags/example_time_delta_sensor_async.py
[2024-11-14T00:18:01.925+0000] {logging_mixin.py:190} INFO - [2024-11-14T00:18:01.925+0000] {dag.py:3239} INFO - Sync 1 DAGs
[2024-11-14T00:18:01.931+0000] {logging_mixin.py:190} INFO - [2024-11-14T00:18:01.931+0000] {dag.py:4180} INFO - Setting next_dagrun for example_time_delta_sensor_async to None, run_after=None
[2024-11-14T00:18:01.939+0000] {processor.py:208} INFO - Processing /home/airflow/.local/lib/python3.12/site-packages/airflow/example_dags/example_time_delta_sensor_async.py took 0.030 seconds
[2024-11-14T00:18:33.187+0000] {processor.py:186} INFO - Started process (PID=765) to work on /home/airflow/.local/lib/python3.12/site-packages/airflow/example_dags/example_time_delta_sensor_async.py
[2024-11-14T00:18:33.187+0000] {processor.py:914} INFO - Processing file /home/airflow/.local/lib/python3.12/site-packages/airflow/example_dags/example_time_delta_sensor_async.py for tasks to queue
[2024-11-14T00:18:33.188+0000] {logging_mixin.py:190} INFO - [2024-11-14T00:18:33.188+0000] {dagbag.py:588} INFO - Filling up the DagBag from /home/airflow/.local/lib/python3.12/site-packages/airflow/example_dags/example_time_delta_sensor_async.py
[2024-11-14T00:18:33.191+0000] {processor.py:925} INFO - DAG(s) 'example_time_delta_sensor_async' retrieved from /home/airflow/.local/lib/python3.12/site-packages/airflow/example_dags/example_time_delta_sensor_async.py
[2024-11-14T00:18:33.198+0000] {logging_mixin.py:190} INFO - [2024-11-14T00:18:33.198+0000] {dag.py:3239} INFO - Sync 1 DAGs
[2024-11-14T00:18:33.203+0000] {logging_mixin.py:190} INFO - [2024-11-14T00:18:33.203+0000] {dag.py:4180} INFO - Setting next_dagrun for example_time_delta_sensor_async to None, run_after=None
[2024-11-14T00:18:33.209+0000] {processor.py:208} INFO - Processing /home/airflow/.local/lib/python3.12/site-packages/airflow/example_dags/example_time_delta_sensor_async.py took 0.024 seconds
[2024-11-14T00:19:03.661+0000] {processor.py:186} INFO - Started process (PID=830) to work on /home/airflow/.local/lib/python3.12/site-packages/airflow/example_dags/example_time_delta_sensor_async.py
[2024-11-14T00:19:03.661+0000] {processor.py:914} INFO - Processing file /home/airflow/.local/lib/python3.12/site-packages/airflow/example_dags/example_time_delta_sensor_async.py for tasks to queue
[2024-11-14T00:19:03.662+0000] {logging_mixin.py:190} INFO - [2024-11-14T00:19:03.662+0000] {dagbag.py:588} INFO - Filling up the DagBag from /home/airflow/.local/lib/python3.12/site-packages/airflow/example_dags/example_time_delta_sensor_async.py
[2024-11-14T00:19:03.665+0000] {processor.py:925} INFO - DAG(s) 'example_time_delta_sensor_async' retrieved from /home/airflow/.local/lib/python3.12/site-packages/airflow/example_dags/example_time_delta_sensor_async.py
[2024-11-14T00:19:03.674+0000] {logging_mixin.py:190} INFO - [2024-11-14T00:19:03.674+0000] {dag.py:3239} INFO - Sync 1 DAGs
[2024-11-14T00:19:03.681+0000] {logging_mixin.py:190} INFO - [2024-11-14T00:19:03.681+0000] {dag.py:4180} INFO - Setting next_dagrun for example_time_delta_sensor_async to None, run_after=None
[2024-11-14T00:19:03.691+0000] {processor.py:208} INFO - Processing /home/airflow/.local/lib/python3.12/site-packages/airflow/example_dags/example_time_delta_sensor_async.py took 0.033 seconds
[2024-11-14T00:23:10.355+0000] {processor.py:186} INFO - Started process (PID=45) to work on /home/airflow/.local/lib/python3.12/site-packages/airflow/example_dags/example_time_delta_sensor_async.py
[2024-11-14T00:23:10.357+0000] {processor.py:914} INFO - Processing file /home/airflow/.local/lib/python3.12/site-packages/airflow/example_dags/example_time_delta_sensor_async.py for tasks to queue
[2024-11-14T00:23:10.360+0000] {logging_mixin.py:190} INFO - [2024-11-14T00:23:10.360+0000] {dagbag.py:588} INFO - Filling up the DagBag from /home/airflow/.local/lib/python3.12/site-packages/airflow/example_dags/example_time_delta_sensor_async.py
[2024-11-14T00:23:10.369+0000] {processor.py:925} INFO - DAG(s) 'example_time_delta_sensor_async' retrieved from /home/airflow/.local/lib/python3.12/site-packages/airflow/example_dags/example_time_delta_sensor_async.py
[2024-11-14T00:23:10.400+0000] {logging_mixin.py:190} INFO - [2024-11-14T00:23:10.400+0000] {dag.py:3239} INFO - Sync 1 DAGs
[2024-11-14T00:23:10.410+0000] {logging_mixin.py:190} INFO - [2024-11-14T00:23:10.409+0000] {dag.py:4180} INFO - Setting next_dagrun for example_time_delta_sensor_async to None, run_after=None
[2024-11-14T00:23:10.428+0000] {processor.py:208} INFO - Processing /home/airflow/.local/lib/python3.12/site-packages/airflow/example_dags/example_time_delta_sensor_async.py took 0.080 seconds
[2024-11-14T00:23:40.946+0000] {processor.py:186} INFO - Started process (PID=109) to work on /home/airflow/.local/lib/python3.12/site-packages/airflow/example_dags/example_time_delta_sensor_async.py
[2024-11-14T00:23:40.946+0000] {processor.py:914} INFO - Processing file /home/airflow/.local/lib/python3.12/site-packages/airflow/example_dags/example_time_delta_sensor_async.py for tasks to queue
[2024-11-14T00:23:40.949+0000] {logging_mixin.py:190} INFO - [2024-11-14T00:23:40.948+0000] {dagbag.py:588} INFO - Filling up the DagBag from /home/airflow/.local/lib/python3.12/site-packages/airflow/example_dags/example_time_delta_sensor_async.py
[2024-11-14T00:23:40.952+0000] {processor.py:925} INFO - DAG(s) 'example_time_delta_sensor_async' retrieved from /home/airflow/.local/lib/python3.12/site-packages/airflow/example_dags/example_time_delta_sensor_async.py
[2024-11-14T00:23:40.962+0000] {logging_mixin.py:190} INFO - [2024-11-14T00:23:40.961+0000] {dag.py:3239} INFO - Sync 1 DAGs
[2024-11-14T00:23:40.967+0000] {logging_mixin.py:190} INFO - [2024-11-14T00:23:40.967+0000] {dag.py:4180} INFO - Setting next_dagrun for example_time_delta_sensor_async to None, run_after=None
[2024-11-14T00:23:40.975+0000] {processor.py:208} INFO - Processing /home/airflow/.local/lib/python3.12/site-packages/airflow/example_dags/example_time_delta_sensor_async.py took 0.033 seconds
[2024-11-14T00:24:11.277+0000] {processor.py:186} INFO - Started process (PID=174) to work on /home/airflow/.local/lib/python3.12/site-packages/airflow/example_dags/example_time_delta_sensor_async.py
[2024-11-14T00:24:11.277+0000] {processor.py:914} INFO - Processing file /home/airflow/.local/lib/python3.12/site-packages/airflow/example_dags/example_time_delta_sensor_async.py for tasks to queue
[2024-11-14T00:24:11.278+0000] {logging_mixin.py:190} INFO - [2024-11-14T00:24:11.278+0000] {dagbag.py:588} INFO - Filling up the DagBag from /home/airflow/.local/lib/python3.12/site-packages/airflow/example_dags/example_time_delta_sensor_async.py
[2024-11-14T00:24:11.281+0000] {processor.py:925} INFO - DAG(s) 'example_time_delta_sensor_async' retrieved from /home/airflow/.local/lib/python3.12/site-packages/airflow/example_dags/example_time_delta_sensor_async.py
[2024-11-14T00:24:11.288+0000] {logging_mixin.py:190} INFO - [2024-11-14T00:24:11.288+0000] {dag.py:3239} INFO - Sync 1 DAGs
[2024-11-14T00:24:11.293+0000] {logging_mixin.py:190} INFO - [2024-11-14T00:24:11.293+0000] {dag.py:4180} INFO - Setting next_dagrun for example_time_delta_sensor_async to None, run_after=None
[2024-11-14T00:24:11.299+0000] {processor.py:208} INFO - Processing /home/airflow/.local/lib/python3.12/site-packages/airflow/example_dags/example_time_delta_sensor_async.py took 0.025 seconds
[2024-11-14T00:24:41.650+0000] {processor.py:186} INFO - Started process (PID=239) to work on /home/airflow/.local/lib/python3.12/site-packages/airflow/example_dags/example_time_delta_sensor_async.py
[2024-11-14T00:24:41.651+0000] {processor.py:914} INFO - Processing file /home/airflow/.local/lib/python3.12/site-packages/airflow/example_dags/example_time_delta_sensor_async.py for tasks to queue
[2024-11-14T00:24:41.652+0000] {logging_mixin.py:190} INFO - [2024-11-14T00:24:41.652+0000] {dagbag.py:588} INFO - Filling up the DagBag from /home/airflow/.local/lib/python3.12/site-packages/airflow/example_dags/example_time_delta_sensor_async.py
[2024-11-14T00:24:41.656+0000] {processor.py:925} INFO - DAG(s) 'example_time_delta_sensor_async' retrieved from /home/airflow/.local/lib/python3.12/site-packages/airflow/example_dags/example_time_delta_sensor_async.py
[2024-11-14T00:24:41.670+0000] {logging_mixin.py:190} INFO - [2024-11-14T00:24:41.670+0000] {dag.py:3239} INFO - Sync 1 DAGs
[2024-11-14T00:24:41.680+0000] {logging_mixin.py:190} INFO - [2024-11-14T00:24:41.680+0000] {dag.py:4180} INFO - Setting next_dagrun for example_time_delta_sensor_async to None, run_after=None
[2024-11-14T00:24:41.689+0000] {processor.py:208} INFO - Processing /home/airflow/.local/lib/python3.12/site-packages/airflow/example_dags/example_time_delta_sensor_async.py took 0.041 seconds
[2024-11-14T00:25:12.014+0000] {processor.py:186} INFO - Started process (PID=310) to work on /home/airflow/.local/lib/python3.12/site-packages/airflow/example_dags/example_time_delta_sensor_async.py
[2024-11-14T00:25:12.016+0000] {processor.py:914} INFO - Processing file /home/airflow/.local/lib/python3.12/site-packages/airflow/example_dags/example_time_delta_sensor_async.py for tasks to queue
[2024-11-14T00:25:12.017+0000] {logging_mixin.py:190} INFO - [2024-11-14T00:25:12.017+0000] {dagbag.py:588} INFO - Filling up the DagBag from /home/airflow/.local/lib/python3.12/site-packages/airflow/example_dags/example_time_delta_sensor_async.py
[2024-11-14T00:25:12.021+0000] {processor.py:925} INFO - DAG(s) 'example_time_delta_sensor_async' retrieved from /home/airflow/.local/lib/python3.12/site-packages/airflow/example_dags/example_time_delta_sensor_async.py
[2024-11-14T00:25:12.032+0000] {logging_mixin.py:190} INFO - [2024-11-14T00:25:12.032+0000] {dag.py:3239} INFO - Sync 1 DAGs
[2024-11-14T00:25:12.039+0000] {logging_mixin.py:190} INFO - [2024-11-14T00:25:12.039+0000] {dag.py:4180} INFO - Setting next_dagrun for example_time_delta_sensor_async to None, run_after=None
[2024-11-14T00:25:12.047+0000] {processor.py:208} INFO - Processing /home/airflow/.local/lib/python3.12/site-packages/airflow/example_dags/example_time_delta_sensor_async.py took 0.035 seconds
[2024-11-14T00:25:42.573+0000] {processor.py:186} INFO - Started process (PID=375) to work on /home/airflow/.local/lib/python3.12/site-packages/airflow/example_dags/example_time_delta_sensor_async.py
[2024-11-14T00:25:42.573+0000] {processor.py:914} INFO - Processing file /home/airflow/.local/lib/python3.12/site-packages/airflow/example_dags/example_time_delta_sensor_async.py for tasks to queue
[2024-11-14T00:25:42.574+0000] {logging_mixin.py:190} INFO - [2024-11-14T00:25:42.574+0000] {dagbag.py:588} INFO - Filling up the DagBag from /home/airflow/.local/lib/python3.12/site-packages/airflow/example_dags/example_time_delta_sensor_async.py
[2024-11-14T00:25:42.580+0000] {processor.py:925} INFO - DAG(s) 'example_time_delta_sensor_async' retrieved from /home/airflow/.local/lib/python3.12/site-packages/airflow/example_dags/example_time_delta_sensor_async.py
[2024-11-14T00:25:42.590+0000] {logging_mixin.py:190} INFO - [2024-11-14T00:25:42.590+0000] {dag.py:3239} INFO - Sync 1 DAGs
[2024-11-14T00:25:42.596+0000] {logging_mixin.py:190} INFO - [2024-11-14T00:25:42.596+0000] {dag.py:4180} INFO - Setting next_dagrun for example_time_delta_sensor_async to None, run_after=None
[2024-11-14T00:25:42.603+0000] {processor.py:208} INFO - Processing /home/airflow/.local/lib/python3.12/site-packages/airflow/example_dags/example_time_delta_sensor_async.py took 0.033 seconds
[2024-11-14T00:26:12.832+0000] {processor.py:186} INFO - Started process (PID=439) to work on /home/airflow/.local/lib/python3.12/site-packages/airflow/example_dags/example_time_delta_sensor_async.py
[2024-11-14T00:26:12.833+0000] {processor.py:914} INFO - Processing file /home/airflow/.local/lib/python3.12/site-packages/airflow/example_dags/example_time_delta_sensor_async.py for tasks to queue
[2024-11-14T00:26:12.834+0000] {logging_mixin.py:190} INFO - [2024-11-14T00:26:12.834+0000] {dagbag.py:588} INFO - Filling up the DagBag from /home/airflow/.local/lib/python3.12/site-packages/airflow/example_dags/example_time_delta_sensor_async.py
[2024-11-14T00:26:12.838+0000] {processor.py:925} INFO - DAG(s) 'example_time_delta_sensor_async' retrieved from /home/airflow/.local/lib/python3.12/site-packages/airflow/example_dags/example_time_delta_sensor_async.py
[2024-11-14T00:26:12.848+0000] {logging_mixin.py:190} INFO - [2024-11-14T00:26:12.848+0000] {dag.py:3239} INFO - Sync 1 DAGs
[2024-11-14T00:26:12.856+0000] {logging_mixin.py:190} INFO - [2024-11-14T00:26:12.856+0000] {dag.py:4180} INFO - Setting next_dagrun for example_time_delta_sensor_async to None, run_after=None
[2024-11-14T00:26:12.864+0000] {processor.py:208} INFO - Processing /home/airflow/.local/lib/python3.12/site-packages/airflow/example_dags/example_time_delta_sensor_async.py took 0.035 seconds
[2024-11-14T00:32:42.640+0000] {processor.py:186} INFO - Started process (PID=52) to work on /home/airflow/.local/lib/python3.12/site-packages/airflow/example_dags/example_time_delta_sensor_async.py
[2024-11-14T00:32:42.640+0000] {processor.py:914} INFO - Processing file /home/airflow/.local/lib/python3.12/site-packages/airflow/example_dags/example_time_delta_sensor_async.py for tasks to queue
[2024-11-14T00:32:42.641+0000] {logging_mixin.py:190} INFO - [2024-11-14T00:32:42.641+0000] {dagbag.py:588} INFO - Filling up the DagBag from /home/airflow/.local/lib/python3.12/site-packages/airflow/example_dags/example_time_delta_sensor_async.py
[2024-11-14T00:32:42.645+0000] {processor.py:925} INFO - DAG(s) 'example_time_delta_sensor_async' retrieved from /home/airflow/.local/lib/python3.12/site-packages/airflow/example_dags/example_time_delta_sensor_async.py
[2024-11-14T00:32:42.683+0000] {logging_mixin.py:190} INFO - [2024-11-14T00:32:42.683+0000] {override.py:1911} INFO - Created Permission View: can read on DAG:example_time_delta_sensor_async
[2024-11-14T00:32:42.686+0000] {logging_mixin.py:190} INFO - [2024-11-14T00:32:42.686+0000] {override.py:1911} INFO - Created Permission View: can edit on DAG:example_time_delta_sensor_async
[2024-11-14T00:32:42.688+0000] {logging_mixin.py:190} INFO - [2024-11-14T00:32:42.688+0000] {override.py:1911} INFO - Created Permission View: can delete on DAG:example_time_delta_sensor_async
[2024-11-14T00:32:42.689+0000] {logging_mixin.py:190} INFO - [2024-11-14T00:32:42.689+0000] {override.py:1911} INFO - Created Permission View: can read on DAG Run:example_time_delta_sensor_async
[2024-11-14T00:32:42.691+0000] {logging_mixin.py:190} INFO - [2024-11-14T00:32:42.691+0000] {override.py:1911} INFO - Created Permission View: can create on DAG Run:example_time_delta_sensor_async
[2024-11-14T00:32:42.692+0000] {logging_mixin.py:190} INFO - [2024-11-14T00:32:42.692+0000] {override.py:1911} INFO - Created Permission View: menu access on DAG Run:example_time_delta_sensor_async
[2024-11-14T00:32:42.694+0000] {logging_mixin.py:190} INFO - [2024-11-14T00:32:42.694+0000] {override.py:1911} INFO - Created Permission View: can delete on DAG Run:example_time_delta_sensor_async
[2024-11-14T00:32:42.694+0000] {logging_mixin.py:190} INFO - [2024-11-14T00:32:42.694+0000] {dag.py:3239} INFO - Sync 1 DAGs
[2024-11-14T00:32:42.699+0000] {logging_mixin.py:190} INFO - [2024-11-14T00:32:42.699+0000] {dag.py:3262} INFO - Creating ORM DAG for example_time_delta_sensor_async
[2024-11-14T00:32:42.699+0000] {logging_mixin.py:190} INFO - [2024-11-14T00:32:42.699+0000] {dag.py:4180} INFO - Setting next_dagrun for example_time_delta_sensor_async to None, run_after=None
[2024-11-14T00:32:42.704+0000] {processor.py:208} INFO - Processing /home/airflow/.local/lib/python3.12/site-packages/airflow/example_dags/example_time_delta_sensor_async.py took 0.066 seconds
[2024-11-14T00:33:13.620+0000] {processor.py:186} INFO - Started process (PID=117) to work on /home/airflow/.local/lib/python3.12/site-packages/airflow/example_dags/example_time_delta_sensor_async.py
[2024-11-14T00:33:13.621+0000] {processor.py:914} INFO - Processing file /home/airflow/.local/lib/python3.12/site-packages/airflow/example_dags/example_time_delta_sensor_async.py for tasks to queue
[2024-11-14T00:33:13.622+0000] {logging_mixin.py:190} INFO - [2024-11-14T00:33:13.622+0000] {dagbag.py:588} INFO - Filling up the DagBag from /home/airflow/.local/lib/python3.12/site-packages/airflow/example_dags/example_time_delta_sensor_async.py
[2024-11-14T00:33:13.626+0000] {processor.py:925} INFO - DAG(s) 'example_time_delta_sensor_async' retrieved from /home/airflow/.local/lib/python3.12/site-packages/airflow/example_dags/example_time_delta_sensor_async.py
[2024-11-14T00:33:13.635+0000] {logging_mixin.py:190} INFO - [2024-11-14T00:33:13.635+0000] {dag.py:3239} INFO - Sync 1 DAGs
[2024-11-14T00:33:13.645+0000] {logging_mixin.py:190} INFO - [2024-11-14T00:33:13.645+0000] {dag.py:4180} INFO - Setting next_dagrun for example_time_delta_sensor_async to None, run_after=None
[2024-11-14T00:33:13.652+0000] {processor.py:208} INFO - Processing /home/airflow/.local/lib/python3.12/site-packages/airflow/example_dags/example_time_delta_sensor_async.py took 0.035 seconds
