[2024-11-20T06:54:47.077+0000] {local_task_job_runner.py:123} INFO - ::group::Pre task execution logs
[2024-11-20T06:54:47.087+0000] {taskinstance.py:2613} INFO - Dependencies all met for dep_context=non-requeueable deps ti=<TaskInstance: en_species_etl.load_code_description_data manual__2024-11-20T06:54:43.726196+00:00 [queued]>
[2024-11-20T06:54:47.092+0000] {taskinstance.py:2613} INFO - Dependencies all met for dep_context=requeueable deps ti=<TaskInstance: en_species_etl.load_code_description_data manual__2024-11-20T06:54:43.726196+00:00 [queued]>
[2024-11-20T06:54:47.092+0000] {taskinstance.py:2866} INFO - Starting attempt 1 of 1
[2024-11-20T06:54:47.099+0000] {taskinstance.py:2889} INFO - Executing <Task(PythonOperator): load_code_description_data> on 2024-11-20 06:54:43.726196+00:00
[2024-11-20T06:54:47.104+0000] {warnings.py:112} WARNING - /home/***/.local/lib/python3.12/site-packages/***/task/task_runner/standard_task_runner.py:70: DeprecationWarning: This process (pid=287) is multi-threaded, use of fork() may lead to deadlocks in the child.
  pid = os.fork()

[2024-11-20T06:54:47.105+0000] {standard_task_runner.py:72} INFO - Started process 288 to run task
[2024-11-20T06:54:47.105+0000] {standard_task_runner.py:104} INFO - Running: ['***', 'tasks', 'run', 'en_species_etl', 'load_code_description_data', 'manual__2024-11-20T06:54:43.726196+00:00', '--job-id', '30', '--raw', '--subdir', 'DAGS_FOLDER/en_species_dag.py', '--cfg-path', '/tmp/tmpvsq9i3k7']
[2024-11-20T06:54:47.108+0000] {standard_task_runner.py:105} INFO - Job 30: Subtask load_code_description_data
[2024-11-20T06:54:47.145+0000] {task_command.py:467} INFO - Running <TaskInstance: en_species_etl.load_code_description_data manual__2024-11-20T06:54:43.726196+00:00 [running]> on host e292f706ccf8
[2024-11-20T06:54:47.206+0000] {taskinstance.py:3132} INFO - Exporting env vars: AIRFLOW_CTX_DAG_OWNER='***' AIRFLOW_CTX_DAG_ID='en_species_etl' AIRFLOW_CTX_TASK_ID='load_code_description_data' AIRFLOW_CTX_EXECUTION_DATE='2024-11-20T06:54:43.726196+00:00' AIRFLOW_CTX_TRY_NUMBER='1' AIRFLOW_CTX_DAG_RUN_ID='manual__2024-11-20T06:54:43.726196+00:00'
[2024-11-20T06:54:47.207+0000] {taskinstance.py:731} INFO - ::endgroup::
[2024-11-20T06:54:47.226+0000] {base.py:84} INFO - Retrieving connection 's3_conn'
[2024-11-20T06:54:47.227+0000] {connection_wrapper.py:328} INFO - AWS Connection (conn_id='s3_conn', conn_type='aws') credentials retrieved from extra.
[2024-11-20T06:54:48.264+0000] {hook.py:208} WARNING - Data lineage tracking is disabled. Register a hook lineage reader to start tracking hook lineage.
[2024-11-20T06:54:48.417+0000] {hook.py:208} WARNING - Data lineage tracking is disabled. Register a hook lineage reader to start tracking hook lineage.
[2024-11-20T06:54:48.417+0000] {hook.py:208} WARNING - Data lineage tracking is disabled. Register a hook lineage reader to start tracking hook lineage.
[2024-11-20T06:54:48.752+0000] {hook.py:208} WARNING - Data lineage tracking is disabled. Register a hook lineage reader to start tracking hook lineage.
[2024-11-20T06:54:48.752+0000] {hook.py:208} WARNING - Data lineage tracking is disabled. Register a hook lineage reader to start tracking hook lineage.
[2024-11-20T06:54:48.754+0000] {python.py:240} INFO - Done. Returned value was: None
[2024-11-20T06:54:48.779+0000] {taskinstance.py:340} INFO - ::group::Post task execution logs
[2024-11-20T06:54:48.781+0000] {taskinstance.py:352} INFO - Marking task as SUCCESS. dag_id=en_species_etl, task_id=load_code_description_data, run_id=manual__2024-11-20T06:54:43.726196+00:00, execution_date=20241120T065443, start_date=20241120T065447, end_date=20241120T065448
[2024-11-20T06:54:48.806+0000] {local_task_job_runner.py:266} INFO - Task exited with return code 0
[2024-11-20T06:54:48.823+0000] {taskinstance.py:3895} INFO - 0 downstream tasks scheduled from follow-on schedule check
[2024-11-20T06:54:48.824+0000] {local_task_job_runner.py:245} INFO - ::endgroup::
