[2024-11-14T00:33:21.654+0000] {local_task_job_runner.py:123} INFO - ::group::Pre task execution logs
[2024-11-14T00:33:21.659+0000] {taskinstance.py:2613} INFO - Dependencies all met for dep_context=non-requeueable deps ti=<TaskInstance: sample_extract.extract_data scheduled__2024-01-06T00:00:00+00:00 [queued]>
[2024-11-14T00:33:21.661+0000] {taskinstance.py:2613} INFO - Dependencies all met for dep_context=requeueable deps ti=<TaskInstance: sample_extract.extract_data scheduled__2024-01-06T00:00:00+00:00 [queued]>
[2024-11-14T00:33:21.661+0000] {taskinstance.py:2866} INFO - Starting attempt 1 of 1
[2024-11-14T00:33:21.666+0000] {taskinstance.py:2889} INFO - Executing <Task(PythonOperator): extract_data> on 2024-01-06 00:00:00+00:00
[2024-11-14T00:33:21.668+0000] {warnings.py:112} WARNING - /home/***/.local/lib/python3.12/site-packages/***/task/task_runner/standard_task_runner.py:70: DeprecationWarning: This process (pid=101) is multi-threaded, use of fork() may lead to deadlocks in the child.
  pid = os.fork()

[2024-11-14T00:33:21.669+0000] {standard_task_runner.py:72} INFO - Started process 102 to run task
[2024-11-14T00:33:21.669+0000] {standard_task_runner.py:104} INFO - Running: ['***', 'tasks', 'run', 'sample_extract', 'extract_data', 'scheduled__2024-01-06T00:00:00+00:00', '--job-id', '13', '--raw', '--subdir', 'DAGS_FOLDER/collect_dag.py', '--cfg-path', '/tmp/tmptbslpptf']
[2024-11-14T00:33:21.670+0000] {standard_task_runner.py:105} INFO - Job 13: Subtask extract_data
[2024-11-14T00:33:21.685+0000] {task_command.py:467} INFO - Running <TaskInstance: sample_extract.extract_data scheduled__2024-01-06T00:00:00+00:00 [running]> on host 031994d39c47
[2024-11-14T00:33:21.709+0000] {taskinstance.py:3132} INFO - Exporting env vars: AIRFLOW_CTX_DAG_OWNER='***' AIRFLOW_CTX_DAG_ID='sample_extract' AIRFLOW_CTX_TASK_ID='extract_data' AIRFLOW_CTX_EXECUTION_DATE='2024-01-06T00:00:00+00:00' AIRFLOW_CTX_TRY_NUMBER='1' AIRFLOW_CTX_DAG_RUN_ID='scheduled__2024-01-06T00:00:00+00:00'
[2024-11-14T00:33:21.710+0000] {logging_mixin.py:190} INFO - Task instance is in running state
[2024-11-14T00:33:21.710+0000] {logging_mixin.py:190} INFO -  Previous state of the Task instance: queued
[2024-11-14T00:33:21.710+0000] {logging_mixin.py:190} INFO - Current task name:extract_data state:running start_date:2024-11-14 00:33:21.659527+00:00
[2024-11-14T00:33:21.710+0000] {logging_mixin.py:190} INFO - Dag name:sample_extract and current dag run status:running
[2024-11-14T00:33:21.710+0000] {taskinstance.py:731} INFO - ::endgroup::
[2024-11-14T00:33:21.711+0000] {python.py:240} INFO - Done. Returned value was: None
[2024-11-14T00:33:21.714+0000] {taskinstance.py:340} INFO - ::group::Post task execution logs
[2024-11-14T00:33:21.714+0000] {taskinstance.py:352} INFO - Marking task as SUCCESS. dag_id=sample_extract, task_id=extract_data, run_id=scheduled__2024-01-06T00:00:00+00:00, execution_date=20240106T000000, start_date=20241114T003321, end_date=20241114T003321
[2024-11-14T00:33:21.716+0000] {logging_mixin.py:190} INFO - Task instance in success state
[2024-11-14T00:33:21.717+0000] {logging_mixin.py:190} INFO -  Previous state of the Task instance: running
[2024-11-14T00:33:21.717+0000] {logging_mixin.py:190} INFO - Dag name:sample_extract queued_at:2024-11-14 00:33:21.051575+00:00
[2024-11-14T00:33:21.717+0000] {logging_mixin.py:190} INFO - Task hostname:031994d39c47 operator:PythonOperator
[2024-11-14T00:33:21.725+0000] {local_task_job_runner.py:266} INFO - Task exited with return code 0
[2024-11-14T00:33:21.732+0000] {taskinstance.py:3895} INFO - 1 downstream tasks scheduled from follow-on schedule check
[2024-11-14T00:33:21.733+0000] {local_task_job_runner.py:245} INFO - ::endgroup::
