[2024-11-20T06:54:44.729+0000] {local_task_job_runner.py:123} INFO - ::group::Pre task execution logs
[2024-11-20T06:54:44.746+0000] {taskinstance.py:2613} INFO - Dependencies all met for dep_context=non-requeueable deps ti=<TaskInstance: en_species_etl.extract_en_species_data manual__2024-11-20T06:54:43.726196+00:00 [queued]>
[2024-11-20T06:54:44.753+0000] {taskinstance.py:2613} INFO - Dependencies all met for dep_context=requeueable deps ti=<TaskInstance: en_species_etl.extract_en_species_data manual__2024-11-20T06:54:43.726196+00:00 [queued]>
[2024-11-20T06:54:44.754+0000] {taskinstance.py:2866} INFO - Starting attempt 1 of 1
[2024-11-20T06:54:44.764+0000] {taskinstance.py:2889} INFO - Executing <Task(PythonOperator): extract_en_species_data> on 2024-11-20 06:54:43.726196+00:00
[2024-11-20T06:54:44.769+0000] {warnings.py:112} WARNING - /home/***/.local/lib/python3.12/site-packages/***/task/task_runner/standard_task_runner.py:70: DeprecationWarning: This process (pid=282) is multi-threaded, use of fork() may lead to deadlocks in the child.
  pid = os.fork()

[2024-11-20T06:54:44.770+0000] {standard_task_runner.py:72} INFO - Started process 283 to run task
[2024-11-20T06:54:44.771+0000] {standard_task_runner.py:104} INFO - Running: ['***', 'tasks', 'run', 'en_species_etl', 'extract_en_species_data', 'manual__2024-11-20T06:54:43.726196+00:00', '--job-id', '29', '--raw', '--subdir', 'DAGS_FOLDER/en_species_dag.py', '--cfg-path', '/tmp/tmpirx9pw7m']
[2024-11-20T06:54:44.774+0000] {standard_task_runner.py:105} INFO - Job 29: Subtask extract_en_species_data
[2024-11-20T06:54:44.815+0000] {task_command.py:467} INFO - Running <TaskInstance: en_species_etl.extract_en_species_data manual__2024-11-20T06:54:43.726196+00:00 [running]> on host e292f706ccf8
[2024-11-20T06:54:44.874+0000] {taskinstance.py:3132} INFO - Exporting env vars: AIRFLOW_CTX_DAG_OWNER='***' AIRFLOW_CTX_DAG_ID='en_species_etl' AIRFLOW_CTX_TASK_ID='extract_en_species_data' AIRFLOW_CTX_EXECUTION_DATE='2024-11-20T06:54:43.726196+00:00' AIRFLOW_CTX_TRY_NUMBER='1' AIRFLOW_CTX_DAG_RUN_ID='manual__2024-11-20T06:54:43.726196+00:00'
[2024-11-20T06:54:44.874+0000] {taskinstance.py:731} INFO - ::endgroup::
[2024-11-20T06:55:51.475+0000] {logging_mixin.py:190} INFO - Page 1 data downloaded!
[2024-11-20T06:57:05.495+0000] {logging_mixin.py:190} INFO - Page 2 data downloaded!
[2024-11-20T06:58:11.019+0000] {logging_mixin.py:190} INFO - Page 3 data downloaded!
[2024-11-20T06:59:20.260+0000] {logging_mixin.py:190} INFO - Page 4 data downloaded!
[2024-11-20T07:01:01.295+0000] {logging_mixin.py:190} INFO - Page 5 data downloaded!
[2024-11-20T07:02:41.267+0000] {logging_mixin.py:190} INFO - Page 6 data downloaded!
[2024-11-20T07:03:43.673+0000] {logging_mixin.py:190} INFO - Page 7 data downloaded!
[2024-11-20T07:04:46.930+0000] {logging_mixin.py:190} INFO - Page 8 data downloaded!
[2024-11-20T07:05:51.413+0000] {logging_mixin.py:190} INFO - Page 9 data downloaded!
[2024-11-20T07:06:57.094+0000] {logging_mixin.py:190} INFO - Page 10 data downloaded!
[2024-11-20T07:08:02.650+0000] {logging_mixin.py:190} INFO - Page 11 data downloaded!
[2024-11-20T07:09:04.494+0000] {logging_mixin.py:190} INFO - Page 12 data downloaded!
[2024-11-20T07:10:04.831+0000] {logging_mixin.py:190} INFO - Page 13 data downloaded!
[2024-11-20T07:11:07.491+0000] {logging_mixin.py:190} INFO - Page 14 data downloaded!
[2024-11-20T07:12:08.270+0000] {logging_mixin.py:190} INFO - Page 15 data downloaded!
[2024-11-20T07:13:08.514+0000] {logging_mixin.py:190} INFO - Page 16 data downloaded!
[2024-11-20T07:14:14.077+0000] {logging_mixin.py:190} INFO - Page 17 data downloaded!
[2024-11-20T07:14:24.805+0000] {logging_mixin.py:190} INFO - 'NoneType' object is not subscriptable
[2024-11-20T07:14:24.806+0000] {logging_mixin.py:190} INFO - Assessment 254583273 download unsuccessful!
[2024-11-20T07:14:51.361+0000] {logging_mixin.py:190} INFO - Page 18 data downloaded!
[2024-11-20T07:14:51.362+0000] {python.py:240} INFO - Done. Returned value was: None
[2024-11-20T07:14:51.377+0000] {taskinstance.py:340} INFO - ::group::Post task execution logs
[2024-11-20T07:14:51.378+0000] {taskinstance.py:352} INFO - Marking task as SUCCESS. dag_id=en_species_etl, task_id=extract_en_species_data, run_id=manual__2024-11-20T06:54:43.726196+00:00, execution_date=20241120T065443, start_date=20241120T065444, end_date=20241120T071451
[2024-11-20T07:14:51.428+0000] {local_task_job_runner.py:266} INFO - Task exited with return code 0
[2024-11-20T07:14:51.445+0000] {taskinstance.py:3895} INFO - 1 downstream tasks scheduled from follow-on schedule check
[2024-11-20T07:14:51.446+0000] {local_task_job_runner.py:245} INFO - ::endgroup::
