[2024-11-14T06:58:33.244+0000] {local_task_job_runner.py:123} INFO - ::group::Pre task execution logs
[2024-11-14T06:58:33.250+0000] {taskinstance.py:2613} INFO - Dependencies all met for dep_context=non-requeueable deps ti=<TaskInstance: en_species_etl.extract_data manual__2024-11-14T06:58:32.579208+00:00 [queued]>
[2024-11-14T06:58:33.252+0000] {taskinstance.py:2613} INFO - Dependencies all met for dep_context=requeueable deps ti=<TaskInstance: en_species_etl.extract_data manual__2024-11-14T06:58:32.579208+00:00 [queued]>
[2024-11-14T06:58:33.253+0000] {taskinstance.py:2866} INFO - Starting attempt 1 of 1
[2024-11-14T06:58:33.257+0000] {taskinstance.py:2889} INFO - Executing <Task(PythonOperator): extract_data> on 2024-11-14 06:58:32.579208+00:00
[2024-11-14T06:58:33.260+0000] {warnings.py:112} WARNING - /home/***/.local/lib/python3.12/site-packages/***/task/task_runner/standard_task_runner.py:70: DeprecationWarning: This process (pid=111) is multi-threaded, use of fork() may lead to deadlocks in the child.
  pid = os.fork()

[2024-11-14T06:58:33.262+0000] {standard_task_runner.py:72} INFO - Started process 112 to run task
[2024-11-14T06:58:33.262+0000] {standard_task_runner.py:104} INFO - Running: ['***', 'tasks', 'run', 'en_species_etl', 'extract_data', 'manual__2024-11-14T06:58:32.579208+00:00', '--job-id', '3', '--raw', '--subdir', 'DAGS_FOLDER/en_species_dag.py', '--cfg-path', '/tmp/tmpf0im3r7q']
[2024-11-14T06:58:33.263+0000] {standard_task_runner.py:105} INFO - Job 3: Subtask extract_data
[2024-11-14T06:58:33.280+0000] {task_command.py:467} INFO - Running <TaskInstance: en_species_etl.extract_data manual__2024-11-14T06:58:32.579208+00:00 [running]> on host d3b77de1a4f1
[2024-11-14T06:58:33.304+0000] {taskinstance.py:3132} INFO - Exporting env vars: AIRFLOW_CTX_DAG_OWNER='***' AIRFLOW_CTX_DAG_ID='en_species_etl' AIRFLOW_CTX_TASK_ID='extract_data' AIRFLOW_CTX_EXECUTION_DATE='2024-11-14T06:58:32.579208+00:00' AIRFLOW_CTX_TRY_NUMBER='1' AIRFLOW_CTX_DAG_RUN_ID='manual__2024-11-14T06:58:32.579208+00:00'
[2024-11-14T06:58:33.305+0000] {taskinstance.py:731} INFO - ::endgroup::
[2024-11-14T06:59:47.938+0000] {logging_mixin.py:190} INFO - Page 1 data downloaded!
[2024-11-14T07:01:12.996+0000] {logging_mixin.py:190} INFO - Page 2 data downloaded!
[2024-11-14T07:02:28.350+0000] {logging_mixin.py:190} INFO - Page 3 data downloaded!
[2024-11-14T07:03:43.142+0000] {logging_mixin.py:190} INFO - Page 4 data downloaded!
[2024-11-14T07:05:25.399+0000] {logging_mixin.py:190} INFO - Page 5 data downloaded!
[2024-11-14T07:07:10.725+0000] {logging_mixin.py:190} INFO - Page 6 data downloaded!
[2024-11-14T07:08:23.074+0000] {logging_mixin.py:190} INFO - Page 7 data downloaded!
[2024-11-14T07:09:34.032+0000] {logging_mixin.py:190} INFO - Page 8 data downloaded!
[2024-11-14T07:10:46.443+0000] {logging_mixin.py:190} INFO - Page 9 data downloaded!
[2024-11-14T07:11:59.749+0000] {logging_mixin.py:190} INFO - Page 10 data downloaded!
[2024-11-14T07:13:14.456+0000] {logging_mixin.py:190} INFO - Page 11 data downloaded!
[2024-11-14T07:14:27.318+0000] {logging_mixin.py:190} INFO - Page 12 data downloaded!
[2024-11-14T07:15:34.530+0000] {logging_mixin.py:190} INFO - Page 13 data downloaded!
[2024-11-14T07:16:47.027+0000] {logging_mixin.py:190} INFO - Page 14 data downloaded!
[2024-11-14T07:17:55.327+0000] {logging_mixin.py:190} INFO - Page 15 data downloaded!
[2024-11-14T07:19:04.400+0000] {logging_mixin.py:190} INFO - Page 16 data downloaded!
[2024-11-14T07:20:16.466+0000] {logging_mixin.py:190} INFO - Page 17 data downloaded!
[2024-11-14T07:20:27.228+0000] {logging_mixin.py:190} INFO - 'NoneType' object is not subscriptable
[2024-11-14T07:20:27.230+0000] {logging_mixin.py:190} INFO - Assessment 254583273 download unsuccessful!
[2024-11-14T07:20:57.220+0000] {logging_mixin.py:190} INFO - Page 18 data downloaded!
[2024-11-14T07:20:57.223+0000] {python.py:240} INFO - Done. Returned value was: None
[2024-11-14T07:20:57.244+0000] {taskinstance.py:340} INFO - ::group::Post task execution logs
[2024-11-14T07:20:57.245+0000] {taskinstance.py:352} INFO - Marking task as SUCCESS. dag_id=en_species_etl, task_id=extract_data, run_id=manual__2024-11-14T06:58:32.579208+00:00, execution_date=20241114T065832, start_date=20241114T065833, end_date=20241114T072057
[2024-11-14T07:20:57.275+0000] {local_task_job_runner.py:266} INFO - Task exited with return code 0
[2024-11-14T07:20:57.295+0000] {taskinstance.py:3895} INFO - 1 downstream tasks scheduled from follow-on schedule check
[2024-11-14T07:20:57.296+0000] {local_task_job_runner.py:245} INFO - ::endgroup::
